[2025-03-23T19:34:30.906+0000] {local_task_job_runner.py:120} INFO - ::group::Pre task execution logs
[2025-03-23T19:34:30.938+0000] {taskinstance.py:2076} INFO - Dependencies all met for dep_context=non-requeueable deps ti=<TaskInstance: spotify_etl_pipeline.transformation scheduled__2025-03-22T00:00:00+00:00 [queued]>
[2025-03-23T19:34:30.947+0000] {taskinstance.py:2076} INFO - Dependencies all met for dep_context=requeueable deps ti=<TaskInstance: spotify_etl_pipeline.transformation scheduled__2025-03-22T00:00:00+00:00 [queued]>
[2025-03-23T19:34:30.948+0000] {taskinstance.py:2306} INFO - Starting attempt 15 of 16
[2025-03-23T19:34:30.984+0000] {taskinstance.py:2330} INFO - Executing <Task(PythonOperator): transformation> on 2025-03-22 00:00:00+00:00
[2025-03-23T19:34:30.990+0000] {standard_task_runner.py:63} INFO - Started process 1852 to run task
[2025-03-23T19:34:30.993+0000] {standard_task_runner.py:90} INFO - Running: ['***', 'tasks', 'run', 'spotify_etl_pipeline', 'transformation', 'scheduled__2025-03-22T00:00:00+00:00', '--job-id', '26', '--raw', '--subdir', 'DAGS_FOLDER/data_pipeline_dag.py', '--cfg-path', '/tmp/tmpauo0uoe1']
[2025-03-23T19:34:30.996+0000] {standard_task_runner.py:91} INFO - Job 26: Subtask transformation
[2025-03-23T19:34:31.075+0000] {task_command.py:426} INFO - Running <TaskInstance: spotify_etl_pipeline.transformation scheduled__2025-03-22T00:00:00+00:00 [running]> on host ffe4e0703eb1
[2025-03-23T19:34:31.211+0000] {taskinstance.py:2648} INFO - Exporting env vars: AIRFLOW_CTX_DAG_OWNER='lobobranco' AIRFLOW_CTX_DAG_ID='spotify_etl_pipeline' AIRFLOW_CTX_TASK_ID='transformation' AIRFLOW_CTX_EXECUTION_DATE='2025-03-22T00:00:00+00:00' AIRFLOW_CTX_TRY_NUMBER='15' AIRFLOW_CTX_DAG_RUN_ID='scheduled__2025-03-22T00:00:00+00:00'
[2025-03-23T19:34:31.213+0000] {taskinstance.py:430} INFO - ::endgroup::
[2025-03-23T19:34:31.237+0000] {data_pipeline_dag.py:77} INFO - Transforming data from file: s3://raw/playlist_20250323_190824.json
[2025-03-23T19:34:31.238+0000] {baseoperator.py:400} WARNING - SparkSubmitOperator.execute cannot be called outside TaskInstance!
[2025-03-23T19:34:31.249+0000] {base.py:84} INFO - Using connection ID 'spark_default' for task execution.
[2025-03-23T19:34:31.250+0000] {spark_submit.py:328} ERROR - Failed to decode base64 keytab: Incorrect padding
[2025-03-23T19:34:31.251+0000] {spark_submit.py:305} INFO - Could not load connection string spark_default, defaulting to spark://spark-master:7077:7077
[2025-03-23T19:34:31.252+0000] {spark_submit.py:474} INFO - Spark-Submit cmd: spark-submit --master spark://spark-master:7077:7077 --conf spark.executor.memory=2g --conf spark.executor.cores=2 --conf spark.hadoop.fs.s3a.connection.ssl.enabled=false --conf spark.hadoop.fs.s3a.impl=org.apache.hadoop.fs.s3a.S3AFileSystem --principal *** --name arrow-spark --verbose --deploy-mode client /spark_job/data_transformation.py s3://raw/playlist_20250323_190824.json
[2025-03-23T19:34:31.359+0000] {spark_submit.py:645} INFO - /home/***/.local/lib/python3.11/site-packages/pyspark/bin/load-spark-env.sh: line 68: ps: command not found
[2025-03-23T19:34:32.885+0000] {spark_submit.py:645} INFO - Using properties file: null
[2025-03-23T19:34:33.074+0000] {spark_submit.py:645} INFO - Parsed arguments:
[2025-03-23T19:34:33.074+0000] {spark_submit.py:645} INFO - master                  spark://spark-master:7077:7077
[2025-03-23T19:34:33.075+0000] {spark_submit.py:645} INFO - remote                  null
[2025-03-23T19:34:33.076+0000] {spark_submit.py:645} INFO - deployMode              client
[2025-03-23T19:34:33.077+0000] {spark_submit.py:645} INFO - executorMemory          2g
[2025-03-23T19:34:33.077+0000] {spark_submit.py:645} INFO - executorCores           2
[2025-03-23T19:34:33.078+0000] {spark_submit.py:645} INFO - totalExecutorCores      null
[2025-03-23T19:34:33.079+0000] {spark_submit.py:645} INFO - propertiesFile          null
[2025-03-23T19:34:33.079+0000] {spark_submit.py:645} INFO - driverMemory            null
[2025-03-23T19:34:33.080+0000] {spark_submit.py:645} INFO - driverCores             null
[2025-03-23T19:34:33.081+0000] {spark_submit.py:645} INFO - driverExtraClassPath    null
[2025-03-23T19:34:33.082+0000] {spark_submit.py:645} INFO - driverExtraLibraryPath  null
[2025-03-23T19:34:33.083+0000] {spark_submit.py:645} INFO - driverExtraJavaOptions  null
[2025-03-23T19:34:33.084+0000] {spark_submit.py:645} INFO - supervise               false
[2025-03-23T19:34:33.092+0000] {spark_submit.py:645} INFO - queue                   null
[2025-03-23T19:34:33.093+0000] {spark_submit.py:645} INFO - numExecutors            null
[2025-03-23T19:34:33.094+0000] {spark_submit.py:645} INFO - files                   null
[2025-03-23T19:34:33.095+0000] {spark_submit.py:645} INFO - pyFiles                 null
[2025-03-23T19:34:33.095+0000] {spark_submit.py:645} INFO - archives                null
[2025-03-23T19:34:33.096+0000] {spark_submit.py:645} INFO - mainClass               null
[2025-03-23T19:34:33.097+0000] {spark_submit.py:645} INFO - primaryResource         file:/spark_job/data_transformation.py
[2025-03-23T19:34:33.098+0000] {spark_submit.py:645} INFO - name                    arrow-spark
[2025-03-23T19:34:33.099+0000] {spark_submit.py:645} INFO - childArgs               [s3://raw/playlist_20250323_190824.json]
[2025-03-23T19:34:33.100+0000] {spark_submit.py:645} INFO - jars                    null
[2025-03-23T19:34:33.101+0000] {spark_submit.py:645} INFO - packages                null
[2025-03-23T19:34:33.101+0000] {spark_submit.py:645} INFO - packagesExclusions      null
[2025-03-23T19:34:33.102+0000] {spark_submit.py:645} INFO - repositories            null
[2025-03-23T19:34:33.102+0000] {spark_submit.py:645} INFO - verbose                 true
[2025-03-23T19:34:33.103+0000] {spark_submit.py:645} INFO - 
[2025-03-23T19:34:33.103+0000] {spark_submit.py:645} INFO - Spark properties used, including those specified through
[2025-03-23T19:34:33.104+0000] {spark_submit.py:645} INFO - --conf and those from the properties file null:
[2025-03-23T19:34:33.104+0000] {spark_submit.py:645} INFO - (spark.executor.cores,2)
[2025-03-23T19:34:33.105+0000] {spark_submit.py:645} INFO - (spark.executor.memory,2g)
[2025-03-23T19:34:33.105+0000] {spark_submit.py:645} INFO - (spark.hadoop.fs.s3a.connection.ssl.enabled,false)
[2025-03-23T19:34:33.106+0000] {spark_submit.py:645} INFO - (spark.hadoop.fs.s3a.impl,org.apache.hadoop.fs.s3a.S3AFileSystem)
[2025-03-23T19:34:33.106+0000] {spark_submit.py:645} INFO - 
[2025-03-23T19:34:33.106+0000] {spark_submit.py:645} INFO - 
[2025-03-23T19:34:33.432+0000] {spark_submit.py:645} INFO - Main class:
[2025-03-23T19:34:33.433+0000] {spark_submit.py:645} INFO - org.apache.spark.deploy.PythonRunner
[2025-03-23T19:34:33.433+0000] {spark_submit.py:645} INFO - Arguments:
[2025-03-23T19:34:33.434+0000] {spark_submit.py:645} INFO - file:/spark_job/data_transformation.py
[2025-03-23T19:34:33.434+0000] {spark_submit.py:645} INFO - null
[2025-03-23T19:34:33.434+0000] {spark_submit.py:645} INFO - s3://raw/playlist_20250323_190824.json
[2025-03-23T19:34:33.436+0000] {spark_submit.py:645} INFO - Spark config:
[2025-03-23T19:34:33.437+0000] {spark_submit.py:645} INFO - (spark.app.name,arrow-spark)
[2025-03-23T19:34:33.437+0000] {spark_submit.py:645} INFO - (spark.app.submitTime,1742758473412)
[2025-03-23T19:34:33.438+0000] {spark_submit.py:645} INFO - (spark.executor.cores,2)
[2025-03-23T19:34:33.438+0000] {spark_submit.py:645} INFO - (spark.executor.memory,2g)
[2025-03-23T19:34:33.438+0000] {spark_submit.py:645} INFO - (spark.hadoop.fs.s3a.connection.ssl.enabled,false)
[2025-03-23T19:34:33.439+0000] {spark_submit.py:645} INFO - (spark.hadoop.fs.s3a.impl,org.apache.hadoop.fs.s3a.S3AFileSystem)
[2025-03-23T19:34:33.439+0000] {spark_submit.py:645} INFO - (spark.kerberos.principal,***)
[2025-03-23T19:34:33.439+0000] {spark_submit.py:645} INFO - (spark.master,spark://spark-master:7077:7077)
[2025-03-23T19:34:33.440+0000] {spark_submit.py:645} INFO - (spark.submit.deployMode,client)
[2025-03-23T19:34:33.440+0000] {spark_submit.py:645} INFO - (spark.submit.pyFiles,)
[2025-03-23T19:34:33.440+0000] {spark_submit.py:645} INFO - Classpath elements:
[2025-03-23T19:34:33.441+0000] {spark_submit.py:645} INFO - 
[2025-03-23T19:34:33.441+0000] {spark_submit.py:645} INFO - 
[2025-03-23T19:34:33.441+0000] {spark_submit.py:645} INFO - 
[2025-03-23T19:34:34.952+0000] {spark_submit.py:645} INFO - 25/03/23 19:34:34 INFO SparkContext: Running Spark version 3.5.5
[2025-03-23T19:34:34.955+0000] {spark_submit.py:645} INFO - 25/03/23 19:34:34 INFO SparkContext: OS info Linux, 5.15.153.1-microsoft-standard-WSL2, amd64
[2025-03-23T19:34:34.955+0000] {spark_submit.py:645} INFO - 25/03/23 19:34:34 INFO SparkContext: Java version 17.0.14
[2025-03-23T19:34:35.022+0000] {spark_submit.py:645} INFO - 25/03/23 19:34:35 WARN NativeCodeLoader: Unable to load native-hadoop library for your platform... using builtin-java classes where applicable
[2025-03-23T19:34:35.113+0000] {spark_submit.py:645} INFO - 25/03/23 19:34:35 INFO ResourceUtils: ==============================================================
[2025-03-23T19:34:35.114+0000] {spark_submit.py:645} INFO - 25/03/23 19:34:35 INFO ResourceUtils: No custom resources configured for spark.driver.
[2025-03-23T19:34:35.114+0000] {spark_submit.py:645} INFO - 25/03/23 19:34:35 INFO ResourceUtils: ==============================================================
[2025-03-23T19:34:35.115+0000] {spark_submit.py:645} INFO - 25/03/23 19:34:35 INFO SparkContext: Submitted application: Minio Integration with PySpark
[2025-03-23T19:34:35.138+0000] {spark_submit.py:645} INFO - 25/03/23 19:34:35 INFO ResourceProfile: Default ResourceProfile created, executor resources: Map(cores -> name: cores, amount: 2, script: , vendor: , memory -> name: memory, amount: 2048, script: , vendor: , offHeap -> name: offHeap, amount: 0, script: , vendor: ), task resources: Map(cpus -> name: cpus, amount: 1.0)
[2025-03-23T19:34:35.150+0000] {spark_submit.py:645} INFO - 25/03/23 19:34:35 INFO ResourceProfile: Limiting resource is cpus at 2 tasks per executor
[2025-03-23T19:34:35.152+0000] {spark_submit.py:645} INFO - 25/03/23 19:34:35 INFO ResourceProfileManager: Added ResourceProfile id: 0
[2025-03-23T19:34:35.202+0000] {spark_submit.py:645} INFO - 25/03/23 19:34:35 INFO SecurityManager: Changing view acls to: ***
[2025-03-23T19:34:35.202+0000] {spark_submit.py:645} INFO - 25/03/23 19:34:35 INFO SecurityManager: Changing modify acls to: ***
[2025-03-23T19:34:35.203+0000] {spark_submit.py:645} INFO - 25/03/23 19:34:35 INFO SecurityManager: Changing view acls groups to:
[2025-03-23T19:34:35.203+0000] {spark_submit.py:645} INFO - 25/03/23 19:34:35 INFO SecurityManager: Changing modify acls groups to:
[2025-03-23T19:34:35.204+0000] {spark_submit.py:645} INFO - 25/03/23 19:34:35 INFO SecurityManager: SecurityManager: authentication disabled; ui acls disabled; users with view permissions: ***; groups with view permissions: EMPTY; users with modify permissions: ***; groups with modify permissions: EMPTY
[2025-03-23T19:34:35.443+0000] {spark_submit.py:645} INFO - 25/03/23 19:34:35 INFO Utils: Successfully started service 'sparkDriver' on port 33813.
[2025-03-23T19:34:35.496+0000] {spark_submit.py:645} INFO - 25/03/23 19:34:35 INFO SparkEnv: Registering MapOutputTracker
[2025-03-23T19:34:35.533+0000] {spark_submit.py:645} INFO - 25/03/23 19:34:35 INFO SparkEnv: Registering BlockManagerMaster
[2025-03-23T19:34:35.556+0000] {spark_submit.py:645} INFO - 25/03/23 19:34:35 INFO BlockManagerMasterEndpoint: Using org.apache.spark.storage.DefaultTopologyMapper for getting topology information
[2025-03-23T19:34:35.558+0000] {spark_submit.py:645} INFO - 25/03/23 19:34:35 INFO BlockManagerMasterEndpoint: BlockManagerMasterEndpoint up
[2025-03-23T19:34:35.563+0000] {spark_submit.py:645} INFO - 25/03/23 19:34:35 INFO SparkEnv: Registering BlockManagerMasterHeartbeat
[2025-03-23T19:34:35.587+0000] {spark_submit.py:645} INFO - 25/03/23 19:34:35 INFO DiskBlockManager: Created local directory at /tmp/blockmgr-e069f26a-cd08-4247-b091-627ab827edb8
[2025-03-23T19:34:35.605+0000] {spark_submit.py:645} INFO - 25/03/23 19:34:35 INFO MemoryStore: MemoryStore started with capacity 434.4 MiB
[2025-03-23T19:34:35.620+0000] {spark_submit.py:645} INFO - 25/03/23 19:34:35 INFO SparkEnv: Registering OutputCommitCoordinator
[2025-03-23T19:34:35.754+0000] {spark_submit.py:645} INFO - 25/03/23 19:34:35 INFO JettyUtils: Start Jetty 0.0.0.0:4040 for SparkUI
[2025-03-23T19:34:35.846+0000] {spark_submit.py:645} INFO - 25/03/23 19:34:35 INFO Utils: Successfully started service 'SparkUI' on port 4040.
[2025-03-23T19:34:36.031+0000] {spark_submit.py:645} INFO - 25/03/23 19:34:36 INFO StandaloneAppClient$ClientEndpoint: Connecting to master spark://spark-master:7077...
[2025-03-23T19:34:39.417+0000] {spark_submit.py:645} INFO - 25/03/23 19:34:39 WARN TransportClientFactory: DNS resolution failed for spark-master/<unresolved>:7077 took 3353 ms
[2025-03-23T19:34:39.474+0000] {spark_submit.py:645} INFO - 25/03/23 19:34:39 WARN StandaloneAppClient$ClientEndpoint: Failed to connect to master spark-master:7077
[2025-03-23T19:34:39.475+0000] {spark_submit.py:645} INFO - org.apache.spark.SparkException: Exception thrown in awaitResult:
[2025-03-23T19:34:39.476+0000] {spark_submit.py:645} INFO - at org.apache.spark.util.SparkThreadUtils$.awaitResult(SparkThreadUtils.scala:56)
[2025-03-23T19:34:39.476+0000] {spark_submit.py:645} INFO - at org.apache.spark.util.ThreadUtils$.awaitResult(ThreadUtils.scala:310)
[2025-03-23T19:34:39.476+0000] {spark_submit.py:645} INFO - at org.apache.spark.rpc.RpcTimeout.awaitResult(RpcTimeout.scala:75)
[2025-03-23T19:34:39.477+0000] {spark_submit.py:645} INFO - at org.apache.spark.rpc.RpcEnv.setupEndpointRefByURI(RpcEnv.scala:102)
[2025-03-23T19:34:39.477+0000] {spark_submit.py:645} INFO - at org.apache.spark.rpc.RpcEnv.setupEndpointRef(RpcEnv.scala:110)
[2025-03-23T19:34:39.477+0000] {spark_submit.py:645} INFO - at org.apache.spark.deploy.client.StandaloneAppClient$ClientEndpoint$$anon$1.run(StandaloneAppClient.scala:108)
[2025-03-23T19:34:39.478+0000] {spark_submit.py:645} INFO - at java.base/java.util.concurrent.Executors$RunnableAdapter.call(Executors.java:539)
[2025-03-23T19:34:39.478+0000] {spark_submit.py:645} INFO - at java.base/java.util.concurrent.FutureTask.run(FutureTask.java:264)
[2025-03-23T19:34:39.478+0000] {spark_submit.py:645} INFO - at java.base/java.util.concurrent.ThreadPoolExecutor.runWorker(ThreadPoolExecutor.java:1136)
[2025-03-23T19:34:39.479+0000] {spark_submit.py:645} INFO - at java.base/java.util.concurrent.ThreadPoolExecutor$Worker.run(ThreadPoolExecutor.java:635)
[2025-03-23T19:34:39.479+0000] {spark_submit.py:645} INFO - at java.base/java.lang.Thread.run(Thread.java:840)
[2025-03-23T19:34:39.479+0000] {spark_submit.py:645} INFO - Caused by: java.io.IOException: Failed to connect to spark-master/<unresolved>:7077
[2025-03-23T19:34:39.480+0000] {spark_submit.py:645} INFO - at org.apache.spark.network.client.TransportClientFactory.createClient(TransportClientFactory.java:294)
[2025-03-23T19:34:39.480+0000] {spark_submit.py:645} INFO - at org.apache.spark.network.client.TransportClientFactory.createClient(TransportClientFactory.java:214)
[2025-03-23T19:34:39.480+0000] {spark_submit.py:645} INFO - at org.apache.spark.network.client.TransportClientFactory.createClient(TransportClientFactory.java:226)
[2025-03-23T19:34:39.481+0000] {spark_submit.py:645} INFO - at org.apache.spark.rpc.netty.NettyRpcEnv.createClient(NettyRpcEnv.scala:204)
[2025-03-23T19:34:39.481+0000] {spark_submit.py:645} INFO - at org.apache.spark.rpc.netty.Outbox$$anon$1.call(Outbox.scala:202)
[2025-03-23T19:34:39.482+0000] {spark_submit.py:645} INFO - at org.apache.spark.rpc.netty.Outbox$$anon$1.call(Outbox.scala:198)
[2025-03-23T19:34:39.482+0000] {spark_submit.py:645} INFO - ... 4 more
[2025-03-23T19:34:39.482+0000] {spark_submit.py:645} INFO - Caused by: java.net.UnknownHostException: spark-master
[2025-03-23T19:34:39.483+0000] {spark_submit.py:645} INFO - at java.base/java.net.InetAddress$CachedAddresses.get(InetAddress.java:801)
[2025-03-23T19:34:39.483+0000] {spark_submit.py:645} INFO - at java.base/java.net.InetAddress.getAllByName0(InetAddress.java:1533)
[2025-03-23T19:34:39.484+0000] {spark_submit.py:645} INFO - at java.base/java.net.InetAddress.getAllByName(InetAddress.java:1385)
[2025-03-23T19:34:39.484+0000] {spark_submit.py:645} INFO - at java.base/java.net.InetAddress.getAllByName(InetAddress.java:1306)
[2025-03-23T19:34:39.485+0000] {spark_submit.py:645} INFO - at java.base/java.net.InetAddress.getByName(InetAddress.java:1256)
[2025-03-23T19:34:39.485+0000] {spark_submit.py:645} INFO - at io.netty.util.internal.SocketUtils$8.run(SocketUtils.java:156)
[2025-03-23T19:34:39.486+0000] {spark_submit.py:645} INFO - at io.netty.util.internal.SocketUtils$8.run(SocketUtils.java:153)
[2025-03-23T19:34:39.486+0000] {spark_submit.py:645} INFO - at java.base/java.security.AccessController.doPrivileged(AccessController.java:569)
[2025-03-23T19:34:39.492+0000] {spark_submit.py:645} INFO - at io.netty.util.internal.SocketUtils.addressByName(SocketUtils.java:153)
[2025-03-23T19:34:39.501+0000] {spark_submit.py:645} INFO - at io.netty.resolver.DefaultNameResolver.doResolve(DefaultNameResolver.java:41)
[2025-03-23T19:34:39.503+0000] {spark_submit.py:645} INFO - at io.netty.resolver.SimpleNameResolver.resolve(SimpleNameResolver.java:61)
[2025-03-23T19:34:39.504+0000] {spark_submit.py:645} INFO - at io.netty.resolver.SimpleNameResolver.resolve(SimpleNameResolver.java:53)
[2025-03-23T19:34:39.505+0000] {spark_submit.py:645} INFO - at io.netty.resolver.InetSocketAddressResolver.doResolve(InetSocketAddressResolver.java:55)
[2025-03-23T19:34:39.505+0000] {spark_submit.py:645} INFO - at io.netty.resolver.InetSocketAddressResolver.doResolve(InetSocketAddressResolver.java:31)
[2025-03-23T19:34:39.506+0000] {spark_submit.py:645} INFO - at io.netty.resolver.AbstractAddressResolver.resolve(AbstractAddressResolver.java:106)
[2025-03-23T19:34:39.506+0000] {spark_submit.py:645} INFO - at io.netty.bootstrap.Bootstrap.doResolveAndConnect0(Bootstrap.java:220)
[2025-03-23T19:34:39.506+0000] {spark_submit.py:645} INFO - at io.netty.bootstrap.Bootstrap.access$000(Bootstrap.java:46)
[2025-03-23T19:34:39.507+0000] {spark_submit.py:645} INFO - at io.netty.bootstrap.Bootstrap$1.operationComplete(Bootstrap.java:189)
[2025-03-23T19:34:39.507+0000] {spark_submit.py:645} INFO - at io.netty.bootstrap.Bootstrap$1.operationComplete(Bootstrap.java:175)
[2025-03-23T19:34:39.507+0000] {spark_submit.py:645} INFO - at io.netty.util.concurrent.DefaultPromise.notifyListener0(DefaultPromise.java:590)
[2025-03-23T19:34:39.508+0000] {spark_submit.py:645} INFO - at io.netty.util.concurrent.DefaultPromise.notifyListenersNow(DefaultPromise.java:557)
[2025-03-23T19:34:39.508+0000] {spark_submit.py:645} INFO - at io.netty.util.concurrent.DefaultPromise.notifyListeners(DefaultPromise.java:492)
[2025-03-23T19:34:39.509+0000] {spark_submit.py:645} INFO - at io.netty.util.concurrent.DefaultPromise.setValue0(DefaultPromise.java:636)
[2025-03-23T19:34:39.509+0000] {spark_submit.py:645} INFO - at io.netty.util.concurrent.DefaultPromise.setSuccess0(DefaultPromise.java:625)
[2025-03-23T19:34:39.511+0000] {spark_submit.py:645} INFO - at io.netty.util.concurrent.DefaultPromise.trySuccess(DefaultPromise.java:105)
[2025-03-23T19:34:39.511+0000] {spark_submit.py:645} INFO - at io.netty.channel.DefaultChannelPromise.trySuccess(DefaultChannelPromise.java:84)
[2025-03-23T19:34:39.512+0000] {spark_submit.py:645} INFO - at io.netty.channel.AbstractChannel$AbstractUnsafe.safeSetSuccess(AbstractChannel.java:990)
[2025-03-23T19:34:39.516+0000] {spark_submit.py:645} INFO - at io.netty.channel.AbstractChannel$AbstractUnsafe.register0(AbstractChannel.java:516)
[2025-03-23T19:34:39.517+0000] {spark_submit.py:645} INFO - at io.netty.channel.AbstractChannel$AbstractUnsafe.access$200(AbstractChannel.java:429)
[2025-03-23T19:34:39.518+0000] {spark_submit.py:645} INFO - at io.netty.channel.AbstractChannel$AbstractUnsafe$1.run(AbstractChannel.java:486)
[2025-03-23T19:34:39.519+0000] {spark_submit.py:645} INFO - at io.netty.util.concurrent.AbstractEventExecutor.runTask(AbstractEventExecutor.java:174)
[2025-03-23T19:34:39.519+0000] {spark_submit.py:645} INFO - at io.netty.util.concurrent.AbstractEventExecutor.safeExecute(AbstractEventExecutor.java:167)
[2025-03-23T19:34:39.520+0000] {spark_submit.py:645} INFO - at io.netty.util.concurrent.SingleThreadEventExecutor.runAllTasks(SingleThreadEventExecutor.java:470)
[2025-03-23T19:34:39.520+0000] {spark_submit.py:645} INFO - at io.netty.channel.nio.NioEventLoop.run(NioEventLoop.java:569)
[2025-03-23T19:34:39.521+0000] {spark_submit.py:645} INFO - at io.netty.util.concurrent.SingleThreadEventExecutor$4.run(SingleThreadEventExecutor.java:997)
[2025-03-23T19:34:39.521+0000] {spark_submit.py:645} INFO - at io.netty.util.internal.ThreadExecutorMap$2.run(ThreadExecutorMap.java:74)
[2025-03-23T19:34:39.522+0000] {spark_submit.py:645} INFO - at io.netty.util.concurrent.FastThreadLocalRunnable.run(FastThreadLocalRunnable.java:30)
[2025-03-23T19:34:39.523+0000] {spark_submit.py:645} INFO - ... 1 more
[2025-03-23T19:34:56.030+0000] {spark_submit.py:645} INFO - 25/03/23 19:34:56 INFO StandaloneAppClient$ClientEndpoint: Connecting to master spark://spark-master:7077...
[2025-03-23T19:34:59.355+0000] {spark_submit.py:645} INFO - 25/03/23 19:34:59 WARN TransportClientFactory: DNS resolution failed for spark-master/<unresolved>:7077 took 3323 ms
[2025-03-23T19:34:59.359+0000] {spark_submit.py:645} INFO - 25/03/23 19:34:59 WARN StandaloneAppClient$ClientEndpoint: Failed to connect to master spark-master:7077
[2025-03-23T19:34:59.360+0000] {spark_submit.py:645} INFO - org.apache.spark.SparkException: Exception thrown in awaitResult:
[2025-03-23T19:34:59.361+0000] {spark_submit.py:645} INFO - at org.apache.spark.util.SparkThreadUtils$.awaitResult(SparkThreadUtils.scala:56)
[2025-03-23T19:34:59.361+0000] {spark_submit.py:645} INFO - at org.apache.spark.util.ThreadUtils$.awaitResult(ThreadUtils.scala:310)
[2025-03-23T19:34:59.361+0000] {spark_submit.py:645} INFO - at org.apache.spark.rpc.RpcTimeout.awaitResult(RpcTimeout.scala:75)
[2025-03-23T19:34:59.362+0000] {spark_submit.py:645} INFO - at org.apache.spark.rpc.RpcEnv.setupEndpointRefByURI(RpcEnv.scala:102)
[2025-03-23T19:34:59.362+0000] {spark_submit.py:645} INFO - at org.apache.spark.rpc.RpcEnv.setupEndpointRef(RpcEnv.scala:110)
[2025-03-23T19:34:59.362+0000] {spark_submit.py:645} INFO - at org.apache.spark.deploy.client.StandaloneAppClient$ClientEndpoint$$anon$1.run(StandaloneAppClient.scala:108)
[2025-03-23T19:34:59.363+0000] {spark_submit.py:645} INFO - at java.base/java.util.concurrent.Executors$RunnableAdapter.call(Executors.java:539)
[2025-03-23T19:34:59.363+0000] {spark_submit.py:645} INFO - at java.base/java.util.concurrent.FutureTask.run(FutureTask.java:264)
[2025-03-23T19:34:59.363+0000] {spark_submit.py:645} INFO - at java.base/java.util.concurrent.ThreadPoolExecutor.runWorker(ThreadPoolExecutor.java:1136)
[2025-03-23T19:34:59.364+0000] {spark_submit.py:645} INFO - at java.base/java.util.concurrent.ThreadPoolExecutor$Worker.run(ThreadPoolExecutor.java:635)
[2025-03-23T19:34:59.364+0000] {spark_submit.py:645} INFO - at java.base/java.lang.Thread.run(Thread.java:840)
[2025-03-23T19:34:59.364+0000] {spark_submit.py:645} INFO - Caused by: java.io.IOException: Failed to connect to spark-master/<unresolved>:7077
[2025-03-23T19:34:59.365+0000] {spark_submit.py:645} INFO - at org.apache.spark.network.client.TransportClientFactory.createClient(TransportClientFactory.java:294)
[2025-03-23T19:34:59.365+0000] {spark_submit.py:645} INFO - at org.apache.spark.network.client.TransportClientFactory.createClient(TransportClientFactory.java:214)
[2025-03-23T19:34:59.366+0000] {spark_submit.py:645} INFO - at org.apache.spark.network.client.TransportClientFactory.createClient(TransportClientFactory.java:226)
[2025-03-23T19:34:59.366+0000] {spark_submit.py:645} INFO - at org.apache.spark.rpc.netty.NettyRpcEnv.createClient(NettyRpcEnv.scala:204)
[2025-03-23T19:34:59.366+0000] {spark_submit.py:645} INFO - at org.apache.spark.rpc.netty.Outbox$$anon$1.call(Outbox.scala:202)
[2025-03-23T19:34:59.367+0000] {spark_submit.py:645} INFO - at org.apache.spark.rpc.netty.Outbox$$anon$1.call(Outbox.scala:198)
[2025-03-23T19:34:59.367+0000] {spark_submit.py:645} INFO - ... 4 more
[2025-03-23T19:34:59.367+0000] {spark_submit.py:645} INFO - Caused by: java.net.UnknownHostException: spark-master
[2025-03-23T19:34:59.368+0000] {spark_submit.py:645} INFO - at java.base/java.net.InetAddress$CachedAddresses.get(InetAddress.java:801)
[2025-03-23T19:34:59.368+0000] {spark_submit.py:645} INFO - at java.base/java.net.InetAddress.getAllByName0(InetAddress.java:1533)
[2025-03-23T19:34:59.368+0000] {spark_submit.py:645} INFO - at java.base/java.net.InetAddress.getAllByName(InetAddress.java:1385)
[2025-03-23T19:34:59.369+0000] {spark_submit.py:645} INFO - at java.base/java.net.InetAddress.getAllByName(InetAddress.java:1306)
[2025-03-23T19:34:59.369+0000] {spark_submit.py:645} INFO - at java.base/java.net.InetAddress.getByName(InetAddress.java:1256)
[2025-03-23T19:34:59.369+0000] {spark_submit.py:645} INFO - at io.netty.util.internal.SocketUtils$8.run(SocketUtils.java:156)
[2025-03-23T19:34:59.370+0000] {spark_submit.py:645} INFO - at io.netty.util.internal.SocketUtils$8.run(SocketUtils.java:153)
[2025-03-23T19:34:59.370+0000] {spark_submit.py:645} INFO - at java.base/java.security.AccessController.doPrivileged(AccessController.java:569)
[2025-03-23T19:34:59.370+0000] {spark_submit.py:645} INFO - at io.netty.util.internal.SocketUtils.addressByName(SocketUtils.java:153)
[2025-03-23T19:34:59.371+0000] {spark_submit.py:645} INFO - at io.netty.resolver.DefaultNameResolver.doResolve(DefaultNameResolver.java:41)
[2025-03-23T19:34:59.371+0000] {spark_submit.py:645} INFO - at io.netty.resolver.SimpleNameResolver.resolve(SimpleNameResolver.java:61)
[2025-03-23T19:34:59.371+0000] {spark_submit.py:645} INFO - at io.netty.resolver.SimpleNameResolver.resolve(SimpleNameResolver.java:53)
[2025-03-23T19:34:59.372+0000] {spark_submit.py:645} INFO - at io.netty.resolver.InetSocketAddressResolver.doResolve(InetSocketAddressResolver.java:55)
[2025-03-23T19:34:59.372+0000] {spark_submit.py:645} INFO - at io.netty.resolver.InetSocketAddressResolver.doResolve(InetSocketAddressResolver.java:31)
[2025-03-23T19:34:59.372+0000] {spark_submit.py:645} INFO - at io.netty.resolver.AbstractAddressResolver.resolve(AbstractAddressResolver.java:106)
[2025-03-23T19:34:59.373+0000] {spark_submit.py:645} INFO - at io.netty.bootstrap.Bootstrap.doResolveAndConnect0(Bootstrap.java:220)
[2025-03-23T19:34:59.373+0000] {spark_submit.py:645} INFO - at io.netty.bootstrap.Bootstrap.access$000(Bootstrap.java:46)
[2025-03-23T19:34:59.374+0000] {spark_submit.py:645} INFO - at io.netty.bootstrap.Bootstrap$1.operationComplete(Bootstrap.java:189)
[2025-03-23T19:34:59.374+0000] {spark_submit.py:645} INFO - at io.netty.bootstrap.Bootstrap$1.operationComplete(Bootstrap.java:175)
[2025-03-23T19:34:59.374+0000] {spark_submit.py:645} INFO - at io.netty.util.concurrent.DefaultPromise.notifyListener0(DefaultPromise.java:590)
[2025-03-23T19:34:59.375+0000] {spark_submit.py:645} INFO - at io.netty.util.concurrent.DefaultPromise.notifyListenersNow(DefaultPromise.java:557)
[2025-03-23T19:34:59.375+0000] {spark_submit.py:645} INFO - at io.netty.util.concurrent.DefaultPromise.notifyListeners(DefaultPromise.java:492)
[2025-03-23T19:34:59.375+0000] {spark_submit.py:645} INFO - at io.netty.util.concurrent.DefaultPromise.setValue0(DefaultPromise.java:636)
[2025-03-23T19:34:59.376+0000] {spark_submit.py:645} INFO - at io.netty.util.concurrent.DefaultPromise.setSuccess0(DefaultPromise.java:625)
[2025-03-23T19:34:59.376+0000] {spark_submit.py:645} INFO - at io.netty.util.concurrent.DefaultPromise.trySuccess(DefaultPromise.java:105)
[2025-03-23T19:34:59.376+0000] {spark_submit.py:645} INFO - at io.netty.channel.DefaultChannelPromise.trySuccess(DefaultChannelPromise.java:84)
[2025-03-23T19:34:59.376+0000] {spark_submit.py:645} INFO - at io.netty.channel.AbstractChannel$AbstractUnsafe.safeSetSuccess(AbstractChannel.java:990)
[2025-03-23T19:34:59.377+0000] {spark_submit.py:645} INFO - at io.netty.channel.AbstractChannel$AbstractUnsafe.register0(AbstractChannel.java:516)
[2025-03-23T19:34:59.377+0000] {spark_submit.py:645} INFO - at io.netty.channel.AbstractChannel$AbstractUnsafe.access$200(AbstractChannel.java:429)
[2025-03-23T19:34:59.377+0000] {spark_submit.py:645} INFO - at io.netty.channel.AbstractChannel$AbstractUnsafe$1.run(AbstractChannel.java:486)
[2025-03-23T19:34:59.378+0000] {spark_submit.py:645} INFO - at io.netty.util.concurrent.AbstractEventExecutor.runTask(AbstractEventExecutor.java:174)
[2025-03-23T19:34:59.378+0000] {spark_submit.py:645} INFO - at io.netty.util.concurrent.AbstractEventExecutor.safeExecute(AbstractEventExecutor.java:167)
[2025-03-23T19:34:59.378+0000] {spark_submit.py:645} INFO - at io.netty.util.concurrent.SingleThreadEventExecutor.runAllTasks(SingleThreadEventExecutor.java:470)
[2025-03-23T19:34:59.379+0000] {spark_submit.py:645} INFO - at io.netty.channel.nio.NioEventLoop.run(NioEventLoop.java:569)
[2025-03-23T19:34:59.379+0000] {spark_submit.py:645} INFO - at io.netty.util.concurrent.SingleThreadEventExecutor$4.run(SingleThreadEventExecutor.java:997)
[2025-03-23T19:34:59.379+0000] {spark_submit.py:645} INFO - at io.netty.util.internal.ThreadExecutorMap$2.run(ThreadExecutorMap.java:74)
[2025-03-23T19:34:59.380+0000] {spark_submit.py:645} INFO - at io.netty.util.concurrent.FastThreadLocalRunnable.run(FastThreadLocalRunnable.java:30)
[2025-03-23T19:34:59.380+0000] {spark_submit.py:645} INFO - ... 1 more
[2025-03-23T19:35:16.029+0000] {spark_submit.py:645} INFO - 25/03/23 19:35:16 INFO StandaloneAppClient$ClientEndpoint: Connecting to master spark://spark-master:7077...
[2025-03-23T19:35:19.335+0000] {spark_submit.py:645} INFO - 25/03/23 19:35:19 WARN TransportClientFactory: DNS resolution failed for spark-master/<unresolved>:7077 took 3303 ms
[2025-03-23T19:35:19.339+0000] {spark_submit.py:645} INFO - 25/03/23 19:35:19 WARN StandaloneAppClient$ClientEndpoint: Failed to connect to master spark-master:7077
[2025-03-23T19:35:19.340+0000] {spark_submit.py:645} INFO - org.apache.spark.SparkException: Exception thrown in awaitResult:
[2025-03-23T19:35:19.341+0000] {spark_submit.py:645} INFO - at org.apache.spark.util.SparkThreadUtils$.awaitResult(SparkThreadUtils.scala:56)
[2025-03-23T19:35:19.341+0000] {spark_submit.py:645} INFO - at org.apache.spark.util.ThreadUtils$.awaitResult(ThreadUtils.scala:310)
[2025-03-23T19:35:19.342+0000] {spark_submit.py:645} INFO - at org.apache.spark.rpc.RpcTimeout.awaitResult(RpcTimeout.scala:75)
[2025-03-23T19:35:19.342+0000] {spark_submit.py:645} INFO - at org.apache.spark.rpc.RpcEnv.setupEndpointRefByURI(RpcEnv.scala:102)
[2025-03-23T19:35:19.343+0000] {spark_submit.py:645} INFO - at org.apache.spark.rpc.RpcEnv.setupEndpointRef(RpcEnv.scala:110)
[2025-03-23T19:35:19.343+0000] {spark_submit.py:645} INFO - at org.apache.spark.deploy.client.StandaloneAppClient$ClientEndpoint$$anon$1.run(StandaloneAppClient.scala:108)
[2025-03-23T19:35:19.344+0000] {spark_submit.py:645} INFO - at java.base/java.util.concurrent.Executors$RunnableAdapter.call(Executors.java:539)
[2025-03-23T19:35:19.344+0000] {spark_submit.py:645} INFO - at java.base/java.util.concurrent.FutureTask.run(FutureTask.java:264)
[2025-03-23T19:35:19.344+0000] {spark_submit.py:645} INFO - at java.base/java.util.concurrent.ThreadPoolExecutor.runWorker(ThreadPoolExecutor.java:1136)
[2025-03-23T19:35:19.345+0000] {spark_submit.py:645} INFO - at java.base/java.util.concurrent.ThreadPoolExecutor$Worker.run(ThreadPoolExecutor.java:635)
[2025-03-23T19:35:19.345+0000] {spark_submit.py:645} INFO - at java.base/java.lang.Thread.run(Thread.java:840)
[2025-03-23T19:35:19.346+0000] {spark_submit.py:645} INFO - Caused by: java.io.IOException: Failed to connect to spark-master/<unresolved>:7077
[2025-03-23T19:35:19.346+0000] {spark_submit.py:645} INFO - at org.apache.spark.network.client.TransportClientFactory.createClient(TransportClientFactory.java:294)
[2025-03-23T19:35:19.347+0000] {spark_submit.py:645} INFO - at org.apache.spark.network.client.TransportClientFactory.createClient(TransportClientFactory.java:214)
[2025-03-23T19:35:19.347+0000] {spark_submit.py:645} INFO - at org.apache.spark.network.client.TransportClientFactory.createClient(TransportClientFactory.java:226)
[2025-03-23T19:35:19.347+0000] {spark_submit.py:645} INFO - at org.apache.spark.rpc.netty.NettyRpcEnv.createClient(NettyRpcEnv.scala:204)
[2025-03-23T19:35:19.348+0000] {spark_submit.py:645} INFO - at org.apache.spark.rpc.netty.Outbox$$anon$1.call(Outbox.scala:202)
[2025-03-23T19:35:19.348+0000] {spark_submit.py:645} INFO - at org.apache.spark.rpc.netty.Outbox$$anon$1.call(Outbox.scala:198)
[2025-03-23T19:35:19.348+0000] {spark_submit.py:645} INFO - ... 4 more
[2025-03-23T19:35:19.349+0000] {spark_submit.py:645} INFO - Caused by: java.net.UnknownHostException: spark-master
[2025-03-23T19:35:19.349+0000] {spark_submit.py:645} INFO - at java.base/java.net.InetAddress$CachedAddresses.get(InetAddress.java:801)
[2025-03-23T19:35:19.350+0000] {spark_submit.py:645} INFO - at java.base/java.net.InetAddress.getAllByName0(InetAddress.java:1533)
[2025-03-23T19:35:19.350+0000] {spark_submit.py:645} INFO - at java.base/java.net.InetAddress.getAllByName(InetAddress.java:1385)
[2025-03-23T19:35:19.350+0000] {spark_submit.py:645} INFO - at java.base/java.net.InetAddress.getAllByName(InetAddress.java:1306)
[2025-03-23T19:35:19.351+0000] {spark_submit.py:645} INFO - at java.base/java.net.InetAddress.getByName(InetAddress.java:1256)
[2025-03-23T19:35:19.351+0000] {spark_submit.py:645} INFO - at io.netty.util.internal.SocketUtils$8.run(SocketUtils.java:156)
[2025-03-23T19:35:19.352+0000] {spark_submit.py:645} INFO - at io.netty.util.internal.SocketUtils$8.run(SocketUtils.java:153)
[2025-03-23T19:35:19.352+0000] {spark_submit.py:645} INFO - at java.base/java.security.AccessController.doPrivileged(AccessController.java:569)
[2025-03-23T19:35:19.352+0000] {spark_submit.py:645} INFO - at io.netty.util.internal.SocketUtils.addressByName(SocketUtils.java:153)
[2025-03-23T19:35:19.353+0000] {spark_submit.py:645} INFO - at io.netty.resolver.DefaultNameResolver.doResolve(DefaultNameResolver.java:41)
[2025-03-23T19:35:19.353+0000] {spark_submit.py:645} INFO - at io.netty.resolver.SimpleNameResolver.resolve(SimpleNameResolver.java:61)
[2025-03-23T19:35:19.353+0000] {spark_submit.py:645} INFO - at io.netty.resolver.SimpleNameResolver.resolve(SimpleNameResolver.java:53)
[2025-03-23T19:35:19.354+0000] {spark_submit.py:645} INFO - at io.netty.resolver.InetSocketAddressResolver.doResolve(InetSocketAddressResolver.java:55)
[2025-03-23T19:35:19.354+0000] {spark_submit.py:645} INFO - at io.netty.resolver.InetSocketAddressResolver.doResolve(InetSocketAddressResolver.java:31)
[2025-03-23T19:35:19.354+0000] {spark_submit.py:645} INFO - at io.netty.resolver.AbstractAddressResolver.resolve(AbstractAddressResolver.java:106)
[2025-03-23T19:35:19.355+0000] {spark_submit.py:645} INFO - at io.netty.bootstrap.Bootstrap.doResolveAndConnect0(Bootstrap.java:220)
[2025-03-23T19:35:19.355+0000] {spark_submit.py:645} INFO - at io.netty.bootstrap.Bootstrap.access$000(Bootstrap.java:46)
[2025-03-23T19:35:19.356+0000] {spark_submit.py:645} INFO - at io.netty.bootstrap.Bootstrap$1.operationComplete(Bootstrap.java:189)
[2025-03-23T19:35:19.356+0000] {spark_submit.py:645} INFO - at io.netty.bootstrap.Bootstrap$1.operationComplete(Bootstrap.java:175)
[2025-03-23T19:35:19.356+0000] {spark_submit.py:645} INFO - at io.netty.util.concurrent.DefaultPromise.notifyListener0(DefaultPromise.java:590)
[2025-03-23T19:35:19.357+0000] {spark_submit.py:645} INFO - at io.netty.util.concurrent.DefaultPromise.notifyListenersNow(DefaultPromise.java:557)
[2025-03-23T19:35:19.357+0000] {spark_submit.py:645} INFO - at io.netty.util.concurrent.DefaultPromise.notifyListeners(DefaultPromise.java:492)
[2025-03-23T19:35:19.358+0000] {spark_submit.py:645} INFO - at io.netty.util.concurrent.DefaultPromise.setValue0(DefaultPromise.java:636)
[2025-03-23T19:35:19.358+0000] {spark_submit.py:645} INFO - at io.netty.util.concurrent.DefaultPromise.setSuccess0(DefaultPromise.java:625)
[2025-03-23T19:35:19.358+0000] {spark_submit.py:645} INFO - at io.netty.util.concurrent.DefaultPromise.trySuccess(DefaultPromise.java:105)
[2025-03-23T19:35:19.359+0000] {spark_submit.py:645} INFO - at io.netty.channel.DefaultChannelPromise.trySuccess(DefaultChannelPromise.java:84)
[2025-03-23T19:35:19.359+0000] {spark_submit.py:645} INFO - at io.netty.channel.AbstractChannel$AbstractUnsafe.safeSetSuccess(AbstractChannel.java:990)
[2025-03-23T19:35:19.360+0000] {spark_submit.py:645} INFO - at io.netty.channel.AbstractChannel$AbstractUnsafe.register0(AbstractChannel.java:516)
[2025-03-23T19:35:19.360+0000] {spark_submit.py:645} INFO - at io.netty.channel.AbstractChannel$AbstractUnsafe.access$200(AbstractChannel.java:429)
[2025-03-23T19:35:19.360+0000] {spark_submit.py:645} INFO - at io.netty.channel.AbstractChannel$AbstractUnsafe$1.run(AbstractChannel.java:486)
[2025-03-23T19:35:19.361+0000] {spark_submit.py:645} INFO - at io.netty.util.concurrent.AbstractEventExecutor.runTask(AbstractEventExecutor.java:174)
[2025-03-23T19:35:19.361+0000] {spark_submit.py:645} INFO - at io.netty.util.concurrent.AbstractEventExecutor.safeExecute(AbstractEventExecutor.java:167)
[2025-03-23T19:35:19.362+0000] {spark_submit.py:645} INFO - at io.netty.util.concurrent.SingleThreadEventExecutor.runAllTasks(SingleThreadEventExecutor.java:470)
[2025-03-23T19:35:19.362+0000] {spark_submit.py:645} INFO - at io.netty.channel.nio.NioEventLoop.run(NioEventLoop.java:569)
[2025-03-23T19:35:19.363+0000] {spark_submit.py:645} INFO - at io.netty.util.concurrent.SingleThreadEventExecutor$4.run(SingleThreadEventExecutor.java:997)
[2025-03-23T19:35:19.363+0000] {spark_submit.py:645} INFO - at io.netty.util.internal.ThreadExecutorMap$2.run(ThreadExecutorMap.java:74)
[2025-03-23T19:35:19.363+0000] {spark_submit.py:645} INFO - at io.netty.util.concurrent.FastThreadLocalRunnable.run(FastThreadLocalRunnable.java:30)
[2025-03-23T19:35:19.364+0000] {spark_submit.py:645} INFO - ... 1 more
[2025-03-23T19:35:36.029+0000] {spark_submit.py:645} INFO - 25/03/23 19:35:36 WARN StandaloneSchedulerBackend: Application ID is not initialized yet.
[2025-03-23T19:35:36.030+0000] {spark_submit.py:645} INFO - 25/03/23 19:35:36 ERROR StandaloneSchedulerBackend: Application has been killed. Reason: All masters are unresponsive! Giving up.
[2025-03-23T19:35:36.038+0000] {spark_submit.py:645} INFO - 25/03/23 19:35:36 INFO Utils: Successfully started service 'org.apache.spark.network.netty.NettyBlockTransferService' on port 33615.
[2025-03-23T19:35:36.039+0000] {spark_submit.py:645} INFO - 25/03/23 19:35:36 INFO NettyBlockTransferService: Server created on ffe4e0703eb1:33615
[2025-03-23T19:35:36.039+0000] {spark_submit.py:645} INFO - 25/03/23 19:35:36 INFO BlockManager: Using org.apache.spark.storage.RandomBlockReplicationPolicy for block replication policy
[2025-03-23T19:35:36.046+0000] {spark_submit.py:645} INFO - 25/03/23 19:35:36 INFO BlockManagerMaster: Registering BlockManager BlockManagerId(driver, ffe4e0703eb1, 33615, None)
[2025-03-23T19:35:36.050+0000] {spark_submit.py:645} INFO - 25/03/23 19:35:36 INFO BlockManagerMasterEndpoint: Registering block manager ffe4e0703eb1:33615 with 434.4 MiB RAM, BlockManagerId(driver, ffe4e0703eb1, 33615, None)
[2025-03-23T19:35:36.052+0000] {spark_submit.py:645} INFO - 25/03/23 19:35:36 INFO BlockManagerMaster: Registered BlockManager BlockManagerId(driver, ffe4e0703eb1, 33615, None)
[2025-03-23T19:35:36.053+0000] {spark_submit.py:645} INFO - 25/03/23 19:35:36 INFO BlockManager: Initialized BlockManager: BlockManagerId(driver, ffe4e0703eb1, 33615, None)
[2025-03-23T19:35:36.345+0000] {spark_submit.py:645} INFO - 25/03/23 19:35:36 INFO StandaloneSchedulerBackend: SchedulerBackend is ready for scheduling beginning after reached minRegisteredResourcesRatio: 0.0
[2025-03-23T19:35:36.680+0000] {spark_submit.py:645} INFO - 25/03/23 19:35:36 INFO SharedState: Setting hive.metastore.warehouse.dir ('null') to the value of spark.sql.warehouse.dir.
[2025-03-23T19:35:36.699+0000] {spark_submit.py:645} INFO - 25/03/23 19:35:36 INFO SharedState: Warehouse path is 'file:/opt/spark-warehouse'.
[2025-03-23T19:35:36.699+0000] {spark_submit.py:645} INFO - 25/03/23 19:35:36 INFO SparkContext: SparkContext is stopping with exitCode 0.
[2025-03-23T19:35:36.727+0000] {spark_submit.py:645} INFO - 25/03/23 19:35:36 INFO SparkUI: Stopped Spark web UI at http://ffe4e0703eb1:4040
[2025-03-23T19:35:36.745+0000] {spark_submit.py:645} INFO - 25/03/23 19:35:36 INFO StandaloneSchedulerBackend: Shutting down all executors
[2025-03-23T19:35:36.750+0000] {spark_submit.py:645} INFO - 25/03/23 19:35:36 INFO StandaloneSchedulerBackend$StandaloneDriverEndpoint: Asking each executor to shut down
[2025-03-23T19:35:36.767+0000] {spark_submit.py:645} INFO - 25/03/23 19:35:36 WARN StandaloneAppClient$ClientEndpoint: Drop UnregisterApplication(null) because has not yet connected to master
[2025-03-23T19:35:36.782+0000] {spark_submit.py:645} INFO - 25/03/23 19:35:36 INFO MapOutputTrackerMasterEndpoint: MapOutputTrackerMasterEndpoint stopped!
[2025-03-23T19:35:36.832+0000] {spark_submit.py:645} INFO - 25/03/23 19:35:36 INFO MemoryStore: MemoryStore cleared
[2025-03-23T19:35:36.832+0000] {spark_submit.py:645} INFO - 25/03/23 19:35:36 INFO BlockManager: BlockManager stopped
[2025-03-23T19:35:36.839+0000] {spark_submit.py:645} INFO - 25/03/23 19:35:36 INFO BlockManagerMaster: BlockManagerMaster stopped
[2025-03-23T19:35:36.846+0000] {spark_submit.py:645} INFO - 25/03/23 19:35:36 INFO OutputCommitCoordinator$OutputCommitCoordinatorEndpoint: OutputCommitCoordinator stopped!
[2025-03-23T19:35:36.872+0000] {spark_submit.py:645} INFO - 25/03/23 19:35:36 INFO SparkContext: Successfully stopped SparkContext
[2025-03-23T19:35:37.621+0000] {spark_submit.py:645} INFO - 25/03/23 19:35:37 WARN FileStreamSink: Assume no metadata directory. Error while looking for metadata directory in the path: s3a://raw/playlist_20250323_190824.json.
[2025-03-23T19:35:37.622+0000] {spark_submit.py:645} INFO - java.lang.RuntimeException: java.lang.ClassNotFoundException: Class org.apache.hadoop.fs.s3a.S3AFileSystem not found
[2025-03-23T19:35:37.622+0000] {spark_submit.py:645} INFO - at org.apache.hadoop.conf.Configuration.getClass(Configuration.java:2688)
[2025-03-23T19:35:37.626+0000] {spark_submit.py:645} INFO - at org.apache.hadoop.fs.FileSystem.getFileSystemClass(FileSystem.java:3431)
[2025-03-23T19:35:37.627+0000] {spark_submit.py:645} INFO - at org.apache.hadoop.fs.FileSystem.createFileSystem(FileSystem.java:3466)
[2025-03-23T19:35:37.627+0000] {spark_submit.py:645} INFO - at org.apache.hadoop.fs.FileSystem.access$300(FileSystem.java:174)
[2025-03-23T19:35:37.628+0000] {spark_submit.py:645} INFO - at org.apache.hadoop.fs.FileSystem$Cache.getInternal(FileSystem.java:3574)
[2025-03-23T19:35:37.629+0000] {spark_submit.py:645} INFO - at org.apache.hadoop.fs.FileSystem$Cache.get(FileSystem.java:3521)
[2025-03-23T19:35:37.629+0000] {spark_submit.py:645} INFO - at org.apache.hadoop.fs.FileSystem.get(FileSystem.java:540)
[2025-03-23T19:35:37.630+0000] {spark_submit.py:645} INFO - at org.apache.hadoop.fs.Path.getFileSystem(Path.java:365)
[2025-03-23T19:35:37.630+0000] {spark_submit.py:645} INFO - at org.apache.spark.sql.execution.streaming.FileStreamSink$.hasMetadata(FileStreamSink.scala:53)
[2025-03-23T19:35:37.631+0000] {spark_submit.py:645} INFO - at org.apache.spark.sql.execution.datasources.DataSource.resolveRelation(DataSource.scala:366)
[2025-03-23T19:35:37.631+0000] {spark_submit.py:645} INFO - at org.apache.spark.sql.DataFrameReader.loadV1Source(DataFrameReader.scala:229)
[2025-03-23T19:35:37.632+0000] {spark_submit.py:645} INFO - at org.apache.spark.sql.DataFrameReader.$anonfun$load$2(DataFrameReader.scala:211)
[2025-03-23T19:35:37.632+0000] {spark_submit.py:645} INFO - at scala.Option.getOrElse(Option.scala:189)
[2025-03-23T19:35:37.632+0000] {spark_submit.py:645} INFO - at org.apache.spark.sql.DataFrameReader.load(DataFrameReader.scala:211)
[2025-03-23T19:35:37.633+0000] {spark_submit.py:645} INFO - at org.apache.spark.sql.DataFrameReader.json(DataFrameReader.scala:362)
[2025-03-23T19:35:37.633+0000] {spark_submit.py:645} INFO - at java.base/jdk.internal.reflect.NativeMethodAccessorImpl.invoke0(Native Method)
[2025-03-23T19:35:37.634+0000] {spark_submit.py:645} INFO - at java.base/jdk.internal.reflect.NativeMethodAccessorImpl.invoke(NativeMethodAccessorImpl.java:77)
[2025-03-23T19:35:37.634+0000] {spark_submit.py:645} INFO - at java.base/jdk.internal.reflect.DelegatingMethodAccessorImpl.invoke(DelegatingMethodAccessorImpl.java:43)
[2025-03-23T19:35:37.635+0000] {spark_submit.py:645} INFO - at java.base/java.lang.reflect.Method.invoke(Method.java:569)
[2025-03-23T19:35:37.635+0000] {spark_submit.py:645} INFO - at py4j.reflection.MethodInvoker.invoke(MethodInvoker.java:244)
[2025-03-23T19:35:37.636+0000] {spark_submit.py:645} INFO - at py4j.reflection.ReflectionEngine.invoke(ReflectionEngine.java:374)
[2025-03-23T19:35:37.636+0000] {spark_submit.py:645} INFO - at py4j.Gateway.invoke(Gateway.java:282)
[2025-03-23T19:35:37.636+0000] {spark_submit.py:645} INFO - at py4j.commands.AbstractCommand.invokeMethod(AbstractCommand.java:132)
[2025-03-23T19:35:37.637+0000] {spark_submit.py:645} INFO - at py4j.commands.CallCommand.execute(CallCommand.java:79)
[2025-03-23T19:35:37.637+0000] {spark_submit.py:645} INFO - at py4j.ClientServerConnection.waitForCommands(ClientServerConnection.java:182)
[2025-03-23T19:35:37.637+0000] {spark_submit.py:645} INFO - at py4j.ClientServerConnection.run(ClientServerConnection.java:106)
[2025-03-23T19:35:37.638+0000] {spark_submit.py:645} INFO - at java.base/java.lang.Thread.run(Thread.java:840)
[2025-03-23T19:35:37.638+0000] {spark_submit.py:645} INFO - Caused by: java.lang.ClassNotFoundException: Class org.apache.hadoop.fs.s3a.S3AFileSystem not found
[2025-03-23T19:35:37.639+0000] {spark_submit.py:645} INFO - at org.apache.hadoop.conf.Configuration.getClassByName(Configuration.java:2592)
[2025-03-23T19:35:37.639+0000] {spark_submit.py:645} INFO - at org.apache.hadoop.conf.Configuration.getClass(Configuration.java:2686)
[2025-03-23T19:35:37.639+0000] {spark_submit.py:645} INFO - ... 26 more
[2025-03-23T19:35:37.704+0000] {spark_submit.py:645} INFO - Traceback (most recent call last):
[2025-03-23T19:35:37.704+0000] {spark_submit.py:645} INFO - File "/spark_job/data_transformation.py", line 63, in <module>
[2025-03-23T19:35:37.707+0000] {spark_submit.py:645} INFO - data_transformation(spark)
[2025-03-23T19:35:37.707+0000] {spark_submit.py:645} INFO - File "/spark_job/data_transformation.py", line 44, in data_transformation
[2025-03-23T19:35:37.710+0000] {spark_submit.py:645} INFO - df_raw = spark.read.option("multiline", "true").json("s3a://raw/playlist_20250323_190824.json")
[2025-03-23T19:35:37.711+0000] {spark_submit.py:645} INFO - ^^^^^^^^^^^^^^^^^^^^^^^^^^^^^^^^^^^^^^^^^^^^^^^^^^^^^^^^^^^^^^^^^^^^^^^^^^^^^^^^^^^^^^
[2025-03-23T19:35:37.711+0000] {spark_submit.py:645} INFO - File "/home/***/.local/lib/python3.11/site-packages/pyspark/python/lib/pyspark.zip/pyspark/sql/readwriter.py", line 425, in json
[2025-03-23T19:35:37.712+0000] {spark_submit.py:645} INFO - File "/home/***/.local/lib/python3.11/site-packages/pyspark/python/lib/py4j-0.10.9.7-src.zip/py4j/java_gateway.py", line 1322, in __call__
[2025-03-23T19:35:37.712+0000] {spark_submit.py:645} INFO - File "/home/***/.local/lib/python3.11/site-packages/pyspark/python/lib/pyspark.zip/pyspark/errors/exceptions/captured.py", line 179, in deco
[2025-03-23T19:35:37.713+0000] {spark_submit.py:645} INFO - File "/home/***/.local/lib/python3.11/site-packages/pyspark/python/lib/py4j-0.10.9.7-src.zip/py4j/protocol.py", line 326, in get_return_value
[2025-03-23T19:35:37.713+0000] {spark_submit.py:645} INFO - py4j.protocol.Py4JJavaError: An error occurred while calling o42.json.
[2025-03-23T19:35:37.714+0000] {spark_submit.py:645} INFO - : java.lang.RuntimeException: java.lang.ClassNotFoundException: Class org.apache.hadoop.fs.s3a.S3AFileSystem not found
[2025-03-23T19:35:37.714+0000] {spark_submit.py:645} INFO - at org.apache.hadoop.conf.Configuration.getClass(Configuration.java:2688)
[2025-03-23T19:35:37.715+0000] {spark_submit.py:645} INFO - at org.apache.hadoop.fs.FileSystem.getFileSystemClass(FileSystem.java:3431)
[2025-03-23T19:35:37.715+0000] {spark_submit.py:645} INFO - at org.apache.hadoop.fs.FileSystem.createFileSystem(FileSystem.java:3466)
[2025-03-23T19:35:37.715+0000] {spark_submit.py:645} INFO - at org.apache.hadoop.fs.FileSystem.access$300(FileSystem.java:174)
[2025-03-23T19:35:37.716+0000] {spark_submit.py:645} INFO - at org.apache.hadoop.fs.FileSystem$Cache.getInternal(FileSystem.java:3574)
[2025-03-23T19:35:37.716+0000] {spark_submit.py:645} INFO - at org.apache.hadoop.fs.FileSystem$Cache.get(FileSystem.java:3521)
[2025-03-23T19:35:37.717+0000] {spark_submit.py:645} INFO - at org.apache.hadoop.fs.FileSystem.get(FileSystem.java:540)
[2025-03-23T19:35:37.717+0000] {spark_submit.py:645} INFO - at org.apache.hadoop.fs.Path.getFileSystem(Path.java:365)
[2025-03-23T19:35:37.717+0000] {spark_submit.py:645} INFO - at org.apache.spark.sql.execution.datasources.DataSource$.$anonfun$checkAndGlobPathIfNecessary$1(DataSource.scala:724)
[2025-03-23T19:35:37.718+0000] {spark_submit.py:645} INFO - at scala.collection.immutable.List.map(List.scala:293)
[2025-03-23T19:35:37.718+0000] {spark_submit.py:645} INFO - at org.apache.spark.sql.execution.datasources.DataSource$.checkAndGlobPathIfNecessary(DataSource.scala:722)
[2025-03-23T19:35:37.718+0000] {spark_submit.py:645} INFO - at org.apache.spark.sql.execution.datasources.DataSource.checkAndGlobPathIfNecessary(DataSource.scala:551)
[2025-03-23T19:35:37.719+0000] {spark_submit.py:645} INFO - at org.apache.spark.sql.execution.datasources.DataSource.resolveRelation(DataSource.scala:404)
[2025-03-23T19:35:37.719+0000] {spark_submit.py:645} INFO - at org.apache.spark.sql.DataFrameReader.loadV1Source(DataFrameReader.scala:229)
[2025-03-23T19:35:37.719+0000] {spark_submit.py:645} INFO - at org.apache.spark.sql.DataFrameReader.$anonfun$load$2(DataFrameReader.scala:211)
[2025-03-23T19:35:37.720+0000] {spark_submit.py:645} INFO - at scala.Option.getOrElse(Option.scala:189)
[2025-03-23T19:35:37.720+0000] {spark_submit.py:645} INFO - at org.apache.spark.sql.DataFrameReader.load(DataFrameReader.scala:211)
[2025-03-23T19:35:37.720+0000] {spark_submit.py:645} INFO - at org.apache.spark.sql.DataFrameReader.json(DataFrameReader.scala:362)
[2025-03-23T19:35:37.723+0000] {spark_submit.py:645} INFO - at java.base/jdk.internal.reflect.NativeMethodAccessorImpl.invoke0(Native Method)
[2025-03-23T19:35:37.724+0000] {spark_submit.py:645} INFO - at java.base/jdk.internal.reflect.NativeMethodAccessorImpl.invoke(NativeMethodAccessorImpl.java:77)
[2025-03-23T19:35:37.725+0000] {spark_submit.py:645} INFO - at java.base/jdk.internal.reflect.DelegatingMethodAccessorImpl.invoke(DelegatingMethodAccessorImpl.java:43)
[2025-03-23T19:35:37.726+0000] {spark_submit.py:645} INFO - at java.base/java.lang.reflect.Method.invoke(Method.java:569)
[2025-03-23T19:35:37.727+0000] {spark_submit.py:645} INFO - at py4j.reflection.MethodInvoker.invoke(MethodInvoker.java:244)
[2025-03-23T19:35:37.728+0000] {spark_submit.py:645} INFO - at py4j.reflection.ReflectionEngine.invoke(ReflectionEngine.java:374)
[2025-03-23T19:35:37.728+0000] {spark_submit.py:645} INFO - at py4j.Gateway.invoke(Gateway.java:282)
[2025-03-23T19:35:37.728+0000] {spark_submit.py:645} INFO - at py4j.commands.AbstractCommand.invokeMethod(AbstractCommand.java:132)
[2025-03-23T19:35:37.729+0000] {spark_submit.py:645} INFO - at py4j.commands.CallCommand.execute(CallCommand.java:79)
[2025-03-23T19:35:37.729+0000] {spark_submit.py:645} INFO - at py4j.ClientServerConnection.waitForCommands(ClientServerConnection.java:182)
[2025-03-23T19:35:37.730+0000] {spark_submit.py:645} INFO - at py4j.ClientServerConnection.run(ClientServerConnection.java:106)
[2025-03-23T19:35:37.731+0000] {spark_submit.py:645} INFO - at java.base/java.lang.Thread.run(Thread.java:840)
[2025-03-23T19:35:37.731+0000] {spark_submit.py:645} INFO - Caused by: java.lang.ClassNotFoundException: Class org.apache.hadoop.fs.s3a.S3AFileSystem not found
[2025-03-23T19:35:37.731+0000] {spark_submit.py:645} INFO - at org.apache.hadoop.conf.Configuration.getClassByName(Configuration.java:2592)
[2025-03-23T19:35:37.732+0000] {spark_submit.py:645} INFO - at org.apache.hadoop.conf.Configuration.getClass(Configuration.java:2686)
[2025-03-23T19:35:37.732+0000] {spark_submit.py:645} INFO - ... 29 more
[2025-03-23T19:35:37.732+0000] {spark_submit.py:645} INFO - 
[2025-03-23T19:35:37.792+0000] {spark_submit.py:645} INFO - 25/03/23 19:35:37 INFO ShutdownHookManager: Shutdown hook called
[2025-03-23T19:35:37.793+0000] {spark_submit.py:645} INFO - 25/03/23 19:35:37 INFO ShutdownHookManager: Deleting directory /tmp/spark-4f900531-378a-4bb7-91a2-e318af31f9fb/pyspark-f2044baa-9074-44ba-8509-40d2a8a427b5
[2025-03-23T19:35:37.798+0000] {spark_submit.py:645} INFO - 25/03/23 19:35:37 INFO ShutdownHookManager: Deleting directory /tmp/spark-4f900531-378a-4bb7-91a2-e318af31f9fb
[2025-03-23T19:35:37.807+0000] {spark_submit.py:645} INFO - 25/03/23 19:35:37 INFO ShutdownHookManager: Deleting directory /tmp/spark-0b4df17d-4ef8-4960-9330-ad758ca59bcd
[2025-03-23T19:35:37.886+0000] {taskinstance.py:441} INFO - ::group::Post task execution logs
[2025-03-23T19:35:37.906+0000] {taskinstance.py:2905} ERROR - Task failed with exception
Traceback (most recent call last):
  File "/home/airflow/.local/lib/python3.11/site-packages/airflow/models/taskinstance.py", line 465, in _execute_task
    result = _execute_callable(context=context, **execute_callable_kwargs)
             ^^^^^^^^^^^^^^^^^^^^^^^^^^^^^^^^^^^^^^^^^^^^^^^^^^^^^^^^^^^^^
  File "/home/airflow/.local/lib/python3.11/site-packages/airflow/models/taskinstance.py", line 432, in _execute_callable
    return execute_callable(context=context, **execute_callable_kwargs)
           ^^^^^^^^^^^^^^^^^^^^^^^^^^^^^^^^^^^^^^^^^^^^^^^^^^^^^^^^^^^^
  File "/home/airflow/.local/lib/python3.11/site-packages/airflow/models/baseoperator.py", line 401, in wrapper
    return func(self, *args, **kwargs)
           ^^^^^^^^^^^^^^^^^^^^^^^^^^^
  File "/home/airflow/.local/lib/python3.11/site-packages/airflow/operators/python.py", line 235, in execute
    return_value = self.execute_callable()
                   ^^^^^^^^^^^^^^^^^^^^^^^
  File "/home/airflow/.local/lib/python3.11/site-packages/airflow/operators/python.py", line 252, in execute_callable
    return self.python_callable(*self.op_args, **self.op_kwargs)
           ^^^^^^^^^^^^^^^^^^^^^^^^^^^^^^^^^^^^^^^^^^^^^^^^^^^^^
  File "/opt/airflow/dags/data_pipeline_dag.py", line 91, in spark_dtransformation
    ).execute(kwargs)
      ^^^^^^^^^^^^^^^
  File "/home/airflow/.local/lib/python3.11/site-packages/airflow/models/baseoperator.py", line 401, in wrapper
    return func(self, *args, **kwargs)
           ^^^^^^^^^^^^^^^^^^^^^^^^^^^
  File "/home/airflow/.local/lib/python3.11/site-packages/airflow/providers/apache/spark/operators/spark_submit.py", line 177, in execute
    self._hook.submit(self.application)
  File "/home/airflow/.local/lib/python3.11/site-packages/airflow/providers/apache/spark/hooks/spark_submit.py", line 567, in submit
    raise AirflowException(
airflow.exceptions.AirflowException: Cannot execute: spark-submit --master spark://spark-master:7077:7077 --conf spark.executor.memory=2g --conf spark.executor.cores=2 --conf spark.hadoop.fs.s3a.connection.ssl.enabled=false --conf spark.hadoop.fs.s3a.impl=org.apache.hadoop.fs.s3a.S3AFileSystem --principal *** --name arrow-spark --verbose --deploy-mode client /spark_job/data_transformation.py s3://raw/playlist_20250323_190824.json. Error code is: 1.
[2025-03-23T19:35:37.927+0000] {taskinstance.py:1206} INFO - Marking task as UP_FOR_RETRY. dag_id=spotify_etl_pipeline, task_id=transformation, run_id=scheduled__2025-03-22T00:00:00+00:00, execution_date=20250322T000000, start_date=20250323T193430, end_date=20250323T193537
[2025-03-23T19:35:37.996+0000] {standard_task_runner.py:110} ERROR - Failed to execute job 26 for task transformation (Cannot execute: spark-submit --master spark://spark-master:7077:7077 --conf spark.executor.memory=2g --conf spark.executor.cores=2 --conf spark.hadoop.fs.s3a.connection.ssl.enabled=false --conf spark.hadoop.fs.s3a.impl=org.apache.hadoop.fs.s3a.S3AFileSystem --principal *** --name arrow-spark --verbose --deploy-mode client /spark_job/data_transformation.py s3://raw/playlist_20250323_190824.json. Error code is: 1.; 1852)
[2025-03-23T19:35:38.021+0000] {local_task_job_runner.py:240} INFO - Task exited with return code 1
[2025-03-23T19:35:38.047+0000] {taskinstance.py:3503} INFO - 0 downstream tasks scheduled from follow-on schedule check
[2025-03-23T19:35:38.065+0000] {local_task_job_runner.py:222} INFO - ::endgroup::
