[2025-03-23T19:40:41.346+0000] {local_task_job_runner.py:120} INFO - ::group::Pre task execution logs
[2025-03-23T19:40:41.431+0000] {taskinstance.py:2076} INFO - Dependencies all met for dep_context=non-requeueable deps ti=<TaskInstance: spotify_etl_pipeline.transformation scheduled__2025-03-22T00:00:00+00:00 [queued]>
[2025-03-23T19:40:41.455+0000] {taskinstance.py:2076} INFO - Dependencies all met for dep_context=requeueable deps ti=<TaskInstance: spotify_etl_pipeline.transformation scheduled__2025-03-22T00:00:00+00:00 [queued]>
[2025-03-23T19:40:41.456+0000] {taskinstance.py:2306} INFO - Starting attempt 16 of 16
[2025-03-23T19:40:41.598+0000] {taskinstance.py:2330} INFO - Executing <Task(PythonOperator): transformation> on 2025-03-22 00:00:00+00:00
[2025-03-23T19:40:41.613+0000] {standard_task_runner.py:63} INFO - Started process 2056 to run task
[2025-03-23T19:40:41.616+0000] {standard_task_runner.py:90} INFO - Running: ['***', 'tasks', 'run', 'spotify_etl_pipeline', 'transformation', 'scheduled__2025-03-22T00:00:00+00:00', '--job-id', '27', '--raw', '--subdir', 'DAGS_FOLDER/data_pipeline_dag.py', '--cfg-path', '/tmp/tmpn_vslwu4']
[2025-03-23T19:40:41.628+0000] {standard_task_runner.py:91} INFO - Job 27: Subtask transformation
[2025-03-23T19:40:41.831+0000] {task_command.py:426} INFO - Running <TaskInstance: spotify_etl_pipeline.transformation scheduled__2025-03-22T00:00:00+00:00 [running]> on host ffe4e0703eb1
[2025-03-23T19:40:42.053+0000] {taskinstance.py:2648} INFO - Exporting env vars: AIRFLOW_CTX_DAG_OWNER='lobobranco' AIRFLOW_CTX_DAG_ID='spotify_etl_pipeline' AIRFLOW_CTX_TASK_ID='transformation' AIRFLOW_CTX_EXECUTION_DATE='2025-03-22T00:00:00+00:00' AIRFLOW_CTX_TRY_NUMBER='16' AIRFLOW_CTX_DAG_RUN_ID='scheduled__2025-03-22T00:00:00+00:00'
[2025-03-23T19:40:42.055+0000] {taskinstance.py:430} INFO - ::endgroup::
[2025-03-23T19:40:42.080+0000] {data_pipeline_dag.py:77} INFO - Transforming data from file: s3://raw/playlist_20250323_190824.json
[2025-03-23T19:40:42.082+0000] {baseoperator.py:400} WARNING - SparkSubmitOperator.execute cannot be called outside TaskInstance!
[2025-03-23T19:40:42.095+0000] {base.py:84} INFO - Using connection ID 'spark_default' for task execution.
[2025-03-23T19:40:42.096+0000] {spark_submit.py:328} ERROR - Failed to decode base64 keytab: Incorrect padding
[2025-03-23T19:40:42.096+0000] {spark_submit.py:305} INFO - Could not load connection string spark_default, defaulting to spark://spark-master:7077:7077
[2025-03-23T19:40:42.098+0000] {spark_submit.py:474} INFO - Spark-Submit cmd: spark-submit --master spark://spark-master:7077:7077 --conf spark.executor.memory=2g --conf spark.executor.cores=2 --conf spark.hadoop.fs.s3a.connection.ssl.enabled=false --conf spark.hadoop.fs.s3a.impl=org.apache.hadoop.fs.s3a.S3AFileSystem --principal *** --name arrow-spark --verbose --deploy-mode client /spark_job/data_transformation.py s3://raw/playlist_20250323_190824.json
[2025-03-23T19:40:42.212+0000] {spark_submit.py:645} INFO - /home/***/.local/lib/python3.11/site-packages/pyspark/bin/load-spark-env.sh: line 68: ps: command not found
[2025-03-23T19:40:48.272+0000] {spark_submit.py:645} INFO - Using properties file: null
[2025-03-23T19:40:48.415+0000] {spark_submit.py:645} INFO - Parsed arguments:
[2025-03-23T19:40:48.416+0000] {spark_submit.py:645} INFO - master                  spark://spark-master:7077:7077
[2025-03-23T19:40:48.416+0000] {spark_submit.py:645} INFO - remote                  null
[2025-03-23T19:40:48.417+0000] {spark_submit.py:645} INFO - deployMode              client
[2025-03-23T19:40:48.417+0000] {spark_submit.py:645} INFO - executorMemory          2g
[2025-03-23T19:40:48.417+0000] {spark_submit.py:645} INFO - executorCores           2
[2025-03-23T19:40:48.418+0000] {spark_submit.py:645} INFO - totalExecutorCores      null
[2025-03-23T19:40:48.418+0000] {spark_submit.py:645} INFO - propertiesFile          null
[2025-03-23T19:40:48.418+0000] {spark_submit.py:645} INFO - driverMemory            null
[2025-03-23T19:40:48.419+0000] {spark_submit.py:645} INFO - driverCores             null
[2025-03-23T19:40:48.419+0000] {spark_submit.py:645} INFO - driverExtraClassPath    null
[2025-03-23T19:40:48.420+0000] {spark_submit.py:645} INFO - driverExtraLibraryPath  null
[2025-03-23T19:40:48.420+0000] {spark_submit.py:645} INFO - driverExtraJavaOptions  null
[2025-03-23T19:40:48.420+0000] {spark_submit.py:645} INFO - supervise               false
[2025-03-23T19:40:48.421+0000] {spark_submit.py:645} INFO - queue                   null
[2025-03-23T19:40:48.421+0000] {spark_submit.py:645} INFO - numExecutors            null
[2025-03-23T19:40:48.422+0000] {spark_submit.py:645} INFO - files                   null
[2025-03-23T19:40:48.422+0000] {spark_submit.py:645} INFO - pyFiles                 null
[2025-03-23T19:40:48.422+0000] {spark_submit.py:645} INFO - archives                null
[2025-03-23T19:40:48.423+0000] {spark_submit.py:645} INFO - mainClass               null
[2025-03-23T19:40:48.423+0000] {spark_submit.py:645} INFO - primaryResource         file:/spark_job/data_transformation.py
[2025-03-23T19:40:48.424+0000] {spark_submit.py:645} INFO - name                    arrow-spark
[2025-03-23T19:40:48.424+0000] {spark_submit.py:645} INFO - childArgs               [s3://raw/playlist_20250323_190824.json]
[2025-03-23T19:40:48.425+0000] {spark_submit.py:645} INFO - jars                    null
[2025-03-23T19:40:48.425+0000] {spark_submit.py:645} INFO - packages                null
[2025-03-23T19:40:48.425+0000] {spark_submit.py:645} INFO - packagesExclusions      null
[2025-03-23T19:40:48.426+0000] {spark_submit.py:645} INFO - repositories            null
[2025-03-23T19:40:48.426+0000] {spark_submit.py:645} INFO - verbose                 true
[2025-03-23T19:40:48.426+0000] {spark_submit.py:645} INFO - 
[2025-03-23T19:40:48.427+0000] {spark_submit.py:645} INFO - Spark properties used, including those specified through
[2025-03-23T19:40:48.427+0000] {spark_submit.py:645} INFO - --conf and those from the properties file null:
[2025-03-23T19:40:48.428+0000] {spark_submit.py:645} INFO - (spark.executor.cores,2)
[2025-03-23T19:40:48.428+0000] {spark_submit.py:645} INFO - (spark.executor.memory,2g)
[2025-03-23T19:40:48.428+0000] {spark_submit.py:645} INFO - (spark.hadoop.fs.s3a.connection.ssl.enabled,false)
[2025-03-23T19:40:48.429+0000] {spark_submit.py:645} INFO - (spark.hadoop.fs.s3a.impl,org.apache.hadoop.fs.s3a.S3AFileSystem)
[2025-03-23T19:40:48.429+0000] {spark_submit.py:645} INFO - 
[2025-03-23T19:40:48.429+0000] {spark_submit.py:645} INFO - 
[2025-03-23T19:40:48.994+0000] {spark_submit.py:645} INFO - Main class:
[2025-03-23T19:40:48.995+0000] {spark_submit.py:645} INFO - org.apache.spark.deploy.PythonRunner
[2025-03-23T19:40:48.996+0000] {spark_submit.py:645} INFO - Arguments:
[2025-03-23T19:40:48.996+0000] {spark_submit.py:645} INFO - file:/spark_job/data_transformation.py
[2025-03-23T19:40:48.996+0000] {spark_submit.py:645} INFO - null
[2025-03-23T19:40:48.996+0000] {spark_submit.py:645} INFO - s3://raw/playlist_20250323_190824.json
[2025-03-23T19:40:48.999+0000] {spark_submit.py:645} INFO - Spark config:
[2025-03-23T19:40:49.009+0000] {spark_submit.py:645} INFO - (spark.app.name,arrow-spark)
[2025-03-23T19:40:49.009+0000] {spark_submit.py:645} INFO - (spark.app.submitTime,1742758848920)
[2025-03-23T19:40:49.010+0000] {spark_submit.py:645} INFO - (spark.executor.cores,2)
[2025-03-23T19:40:49.010+0000] {spark_submit.py:645} INFO - (spark.executor.memory,2g)
[2025-03-23T19:40:49.010+0000] {spark_submit.py:645} INFO - (spark.hadoop.fs.s3a.connection.ssl.enabled,false)
[2025-03-23T19:40:49.011+0000] {spark_submit.py:645} INFO - (spark.hadoop.fs.s3a.impl,org.apache.hadoop.fs.s3a.S3AFileSystem)
[2025-03-23T19:40:49.011+0000] {spark_submit.py:645} INFO - (spark.kerberos.principal,***)
[2025-03-23T19:40:49.012+0000] {spark_submit.py:645} INFO - (spark.master,spark://spark-master:7077:7077)
[2025-03-23T19:40:49.012+0000] {spark_submit.py:645} INFO - (spark.submit.deployMode,client)
[2025-03-23T19:40:49.013+0000] {spark_submit.py:645} INFO - (spark.submit.pyFiles,)
[2025-03-23T19:40:49.013+0000] {spark_submit.py:645} INFO - Classpath elements:
[2025-03-23T19:40:49.014+0000] {spark_submit.py:645} INFO - 
[2025-03-23T19:40:49.014+0000] {spark_submit.py:645} INFO - 
[2025-03-23T19:40:49.014+0000] {spark_submit.py:645} INFO - 
[2025-03-23T19:40:50.637+0000] {spark_submit.py:645} INFO - 25/03/23 19:40:50 INFO SparkContext: Running Spark version 3.5.5
[2025-03-23T19:40:50.641+0000] {spark_submit.py:645} INFO - 25/03/23 19:40:50 INFO SparkContext: OS info Linux, 5.15.153.1-microsoft-standard-WSL2, amd64
[2025-03-23T19:40:50.642+0000] {spark_submit.py:645} INFO - 25/03/23 19:40:50 INFO SparkContext: Java version 17.0.14
[2025-03-23T19:40:50.715+0000] {spark_submit.py:645} INFO - 25/03/23 19:40:50 WARN NativeCodeLoader: Unable to load native-hadoop library for your platform... using builtin-java classes where applicable
[2025-03-23T19:40:50.827+0000] {spark_submit.py:645} INFO - 25/03/23 19:40:50 INFO ResourceUtils: ==============================================================
[2025-03-23T19:40:50.828+0000] {spark_submit.py:645} INFO - 25/03/23 19:40:50 INFO ResourceUtils: No custom resources configured for spark.driver.
[2025-03-23T19:40:50.829+0000] {spark_submit.py:645} INFO - 25/03/23 19:40:50 INFO ResourceUtils: ==============================================================
[2025-03-23T19:40:50.829+0000] {spark_submit.py:645} INFO - 25/03/23 19:40:50 INFO SparkContext: Submitted application: Minio Integration with PySpark
[2025-03-23T19:40:50.932+0000] {spark_submit.py:645} INFO - 25/03/23 19:40:50 INFO ResourceProfile: Default ResourceProfile created, executor resources: Map(cores -> name: cores, amount: 2, script: , vendor: , memory -> name: memory, amount: 2048, script: , vendor: , offHeap -> name: offHeap, amount: 0, script: , vendor: ), task resources: Map(cpus -> name: cpus, amount: 1.0)
[2025-03-23T19:40:50.943+0000] {spark_submit.py:645} INFO - 25/03/23 19:40:50 INFO ResourceProfile: Limiting resource is cpus at 2 tasks per executor
[2025-03-23T19:40:50.946+0000] {spark_submit.py:645} INFO - 25/03/23 19:40:50 INFO ResourceProfileManager: Added ResourceProfile id: 0
[2025-03-23T19:40:51.028+0000] {spark_submit.py:645} INFO - 25/03/23 19:40:51 INFO SecurityManager: Changing view acls to: ***
[2025-03-23T19:40:51.029+0000] {spark_submit.py:645} INFO - 25/03/23 19:40:51 INFO SecurityManager: Changing modify acls to: ***
[2025-03-23T19:40:51.030+0000] {spark_submit.py:645} INFO - 25/03/23 19:40:51 INFO SecurityManager: Changing view acls groups to:
[2025-03-23T19:40:51.031+0000] {spark_submit.py:645} INFO - 25/03/23 19:40:51 INFO SecurityManager: Changing modify acls groups to:
[2025-03-23T19:40:51.032+0000] {spark_submit.py:645} INFO - 25/03/23 19:40:51 INFO SecurityManager: SecurityManager: authentication disabled; ui acls disabled; users with view permissions: ***; groups with view permissions: EMPTY; users with modify permissions: ***; groups with modify permissions: EMPTY
[2025-03-23T19:40:51.555+0000] {spark_submit.py:645} INFO - 25/03/23 19:40:51 INFO Utils: Successfully started service 'sparkDriver' on port 34657.
[2025-03-23T19:40:51.630+0000] {spark_submit.py:645} INFO - 25/03/23 19:40:51 INFO SparkEnv: Registering MapOutputTracker
[2025-03-23T19:40:51.703+0000] {spark_submit.py:645} INFO - 25/03/23 19:40:51 INFO SparkEnv: Registering BlockManagerMaster
[2025-03-23T19:40:51.730+0000] {spark_submit.py:645} INFO - 25/03/23 19:40:51 INFO BlockManagerMasterEndpoint: Using org.apache.spark.storage.DefaultTopologyMapper for getting topology information
[2025-03-23T19:40:51.732+0000] {spark_submit.py:645} INFO - 25/03/23 19:40:51 INFO BlockManagerMasterEndpoint: BlockManagerMasterEndpoint up
[2025-03-23T19:40:51.742+0000] {spark_submit.py:645} INFO - 25/03/23 19:40:51 INFO SparkEnv: Registering BlockManagerMasterHeartbeat
[2025-03-23T19:40:51.813+0000] {spark_submit.py:645} INFO - 25/03/23 19:40:51 INFO DiskBlockManager: Created local directory at /tmp/blockmgr-e0fa0dac-8615-456b-86dc-4b795b1721d7
[2025-03-23T19:40:51.869+0000] {spark_submit.py:645} INFO - 25/03/23 19:40:51 INFO MemoryStore: MemoryStore started with capacity 434.4 MiB
[2025-03-23T19:40:51.897+0000] {spark_submit.py:645} INFO - 25/03/23 19:40:51 INFO SparkEnv: Registering OutputCommitCoordinator
[2025-03-23T19:40:52.143+0000] {spark_submit.py:645} INFO - 25/03/23 19:40:52 INFO JettyUtils: Start Jetty 0.0.0.0:4040 for SparkUI
[2025-03-23T19:40:52.257+0000] {spark_submit.py:645} INFO - 25/03/23 19:40:52 INFO Utils: Successfully started service 'SparkUI' on port 4040.
[2025-03-23T19:40:54.219+0000] {spark_submit.py:645} INFO - 25/03/23 19:40:54 INFO StandaloneAppClient$ClientEndpoint: Connecting to master spark://spark-master:7077...
[2025-03-23T19:40:57.656+0000] {spark_submit.py:645} INFO - 25/03/23 19:40:57 WARN TransportClientFactory: DNS resolution failed for spark-master/<unresolved>:7077 took 3389 ms
[2025-03-23T19:40:57.702+0000] {spark_submit.py:645} INFO - 25/03/23 19:40:57 WARN StandaloneAppClient$ClientEndpoint: Failed to connect to master spark-master:7077
[2025-03-23T19:40:57.703+0000] {spark_submit.py:645} INFO - org.apache.spark.SparkException: Exception thrown in awaitResult:
[2025-03-23T19:40:57.704+0000] {spark_submit.py:645} INFO - at org.apache.spark.util.SparkThreadUtils$.awaitResult(SparkThreadUtils.scala:56)
[2025-03-23T19:40:57.704+0000] {spark_submit.py:645} INFO - at org.apache.spark.util.ThreadUtils$.awaitResult(ThreadUtils.scala:310)
[2025-03-23T19:40:57.705+0000] {spark_submit.py:645} INFO - at org.apache.spark.rpc.RpcTimeout.awaitResult(RpcTimeout.scala:75)
[2025-03-23T19:40:57.706+0000] {spark_submit.py:645} INFO - at org.apache.spark.rpc.RpcEnv.setupEndpointRefByURI(RpcEnv.scala:102)
[2025-03-23T19:40:57.707+0000] {spark_submit.py:645} INFO - at org.apache.spark.rpc.RpcEnv.setupEndpointRef(RpcEnv.scala:110)
[2025-03-23T19:40:57.708+0000] {spark_submit.py:645} INFO - at org.apache.spark.deploy.client.StandaloneAppClient$ClientEndpoint$$anon$1.run(StandaloneAppClient.scala:108)
[2025-03-23T19:40:57.708+0000] {spark_submit.py:645} INFO - at java.base/java.util.concurrent.Executors$RunnableAdapter.call(Executors.java:539)
[2025-03-23T19:40:57.709+0000] {spark_submit.py:645} INFO - at java.base/java.util.concurrent.FutureTask.run(FutureTask.java:264)
[2025-03-23T19:40:57.709+0000] {spark_submit.py:645} INFO - at java.base/java.util.concurrent.ThreadPoolExecutor.runWorker(ThreadPoolExecutor.java:1136)
[2025-03-23T19:40:57.709+0000] {spark_submit.py:645} INFO - at java.base/java.util.concurrent.ThreadPoolExecutor$Worker.run(ThreadPoolExecutor.java:635)
[2025-03-23T19:40:57.710+0000] {spark_submit.py:645} INFO - at java.base/java.lang.Thread.run(Thread.java:840)
[2025-03-23T19:40:57.710+0000] {spark_submit.py:645} INFO - Caused by: java.io.IOException: Failed to connect to spark-master/<unresolved>:7077
[2025-03-23T19:40:57.710+0000] {spark_submit.py:645} INFO - at org.apache.spark.network.client.TransportClientFactory.createClient(TransportClientFactory.java:294)
[2025-03-23T19:40:57.711+0000] {spark_submit.py:645} INFO - at org.apache.spark.network.client.TransportClientFactory.createClient(TransportClientFactory.java:214)
[2025-03-23T19:40:57.712+0000] {spark_submit.py:645} INFO - at org.apache.spark.network.client.TransportClientFactory.createClient(TransportClientFactory.java:226)
[2025-03-23T19:40:57.712+0000] {spark_submit.py:645} INFO - at org.apache.spark.rpc.netty.NettyRpcEnv.createClient(NettyRpcEnv.scala:204)
[2025-03-23T19:40:57.713+0000] {spark_submit.py:645} INFO - at org.apache.spark.rpc.netty.Outbox$$anon$1.call(Outbox.scala:202)
[2025-03-23T19:40:57.713+0000] {spark_submit.py:645} INFO - at org.apache.spark.rpc.netty.Outbox$$anon$1.call(Outbox.scala:198)
[2025-03-23T19:40:57.713+0000] {spark_submit.py:645} INFO - ... 4 more
[2025-03-23T19:40:57.714+0000] {spark_submit.py:645} INFO - Caused by: java.net.UnknownHostException: spark-master
[2025-03-23T19:40:57.714+0000] {spark_submit.py:645} INFO - at java.base/java.net.InetAddress$CachedAddresses.get(InetAddress.java:801)
[2025-03-23T19:40:57.714+0000] {spark_submit.py:645} INFO - at java.base/java.net.InetAddress.getAllByName0(InetAddress.java:1533)
[2025-03-23T19:40:57.715+0000] {spark_submit.py:645} INFO - at java.base/java.net.InetAddress.getAllByName(InetAddress.java:1385)
[2025-03-23T19:40:57.715+0000] {spark_submit.py:645} INFO - at java.base/java.net.InetAddress.getAllByName(InetAddress.java:1306)
[2025-03-23T19:40:57.715+0000] {spark_submit.py:645} INFO - at java.base/java.net.InetAddress.getByName(InetAddress.java:1256)
[2025-03-23T19:40:57.716+0000] {spark_submit.py:645} INFO - at io.netty.util.internal.SocketUtils$8.run(SocketUtils.java:156)
[2025-03-23T19:40:57.716+0000] {spark_submit.py:645} INFO - at io.netty.util.internal.SocketUtils$8.run(SocketUtils.java:153)
[2025-03-23T19:40:57.716+0000] {spark_submit.py:645} INFO - at java.base/java.security.AccessController.doPrivileged(AccessController.java:569)
[2025-03-23T19:40:57.717+0000] {spark_submit.py:645} INFO - at io.netty.util.internal.SocketUtils.addressByName(SocketUtils.java:153)
[2025-03-23T19:40:57.717+0000] {spark_submit.py:645} INFO - at io.netty.resolver.DefaultNameResolver.doResolve(DefaultNameResolver.java:41)
[2025-03-23T19:40:57.717+0000] {spark_submit.py:645} INFO - at io.netty.resolver.SimpleNameResolver.resolve(SimpleNameResolver.java:61)
[2025-03-23T19:40:57.718+0000] {spark_submit.py:645} INFO - at io.netty.resolver.SimpleNameResolver.resolve(SimpleNameResolver.java:53)
[2025-03-23T19:40:57.718+0000] {spark_submit.py:645} INFO - at io.netty.resolver.InetSocketAddressResolver.doResolve(InetSocketAddressResolver.java:55)
[2025-03-23T19:40:57.718+0000] {spark_submit.py:645} INFO - at io.netty.resolver.InetSocketAddressResolver.doResolve(InetSocketAddressResolver.java:31)
[2025-03-23T19:40:57.719+0000] {spark_submit.py:645} INFO - at io.netty.resolver.AbstractAddressResolver.resolve(AbstractAddressResolver.java:106)
[2025-03-23T19:40:57.719+0000] {spark_submit.py:645} INFO - at io.netty.bootstrap.Bootstrap.doResolveAndConnect0(Bootstrap.java:220)
[2025-03-23T19:40:57.719+0000] {spark_submit.py:645} INFO - at io.netty.bootstrap.Bootstrap.access$000(Bootstrap.java:46)
[2025-03-23T19:40:57.720+0000] {spark_submit.py:645} INFO - at io.netty.bootstrap.Bootstrap$1.operationComplete(Bootstrap.java:189)
[2025-03-23T19:40:57.720+0000] {spark_submit.py:645} INFO - at io.netty.bootstrap.Bootstrap$1.operationComplete(Bootstrap.java:175)
[2025-03-23T19:40:57.721+0000] {spark_submit.py:645} INFO - at io.netty.util.concurrent.DefaultPromise.notifyListener0(DefaultPromise.java:590)
[2025-03-23T19:40:57.721+0000] {spark_submit.py:645} INFO - at io.netty.util.concurrent.DefaultPromise.notifyListenersNow(DefaultPromise.java:557)
[2025-03-23T19:40:57.722+0000] {spark_submit.py:645} INFO - at io.netty.util.concurrent.DefaultPromise.notifyListeners(DefaultPromise.java:492)
[2025-03-23T19:40:57.722+0000] {spark_submit.py:645} INFO - at io.netty.util.concurrent.DefaultPromise.setValue0(DefaultPromise.java:636)
[2025-03-23T19:40:57.723+0000] {spark_submit.py:645} INFO - at io.netty.util.concurrent.DefaultPromise.setSuccess0(DefaultPromise.java:625)
[2025-03-23T19:40:57.733+0000] {spark_submit.py:645} INFO - at io.netty.util.concurrent.DefaultPromise.trySuccess(DefaultPromise.java:105)
[2025-03-23T19:40:57.734+0000] {spark_submit.py:645} INFO - at io.netty.channel.DefaultChannelPromise.trySuccess(DefaultChannelPromise.java:84)
[2025-03-23T19:40:57.735+0000] {spark_submit.py:645} INFO - at io.netty.channel.AbstractChannel$AbstractUnsafe.safeSetSuccess(AbstractChannel.java:990)
[2025-03-23T19:40:57.735+0000] {spark_submit.py:645} INFO - at io.netty.channel.AbstractChannel$AbstractUnsafe.register0(AbstractChannel.java:516)
[2025-03-23T19:40:57.736+0000] {spark_submit.py:645} INFO - at io.netty.channel.AbstractChannel$AbstractUnsafe.access$200(AbstractChannel.java:429)
[2025-03-23T19:40:57.736+0000] {spark_submit.py:645} INFO - at io.netty.channel.AbstractChannel$AbstractUnsafe$1.run(AbstractChannel.java:486)
[2025-03-23T19:40:57.737+0000] {spark_submit.py:645} INFO - at io.netty.util.concurrent.AbstractEventExecutor.runTask(AbstractEventExecutor.java:174)
[2025-03-23T19:40:57.738+0000] {spark_submit.py:645} INFO - at io.netty.util.concurrent.AbstractEventExecutor.safeExecute(AbstractEventExecutor.java:167)
[2025-03-23T19:40:57.739+0000] {spark_submit.py:645} INFO - at io.netty.util.concurrent.SingleThreadEventExecutor.runAllTasks(SingleThreadEventExecutor.java:470)
[2025-03-23T19:40:57.739+0000] {spark_submit.py:645} INFO - at io.netty.channel.nio.NioEventLoop.run(NioEventLoop.java:569)
[2025-03-23T19:40:57.740+0000] {spark_submit.py:645} INFO - at io.netty.util.concurrent.SingleThreadEventExecutor$4.run(SingleThreadEventExecutor.java:997)
[2025-03-23T19:40:57.740+0000] {spark_submit.py:645} INFO - at io.netty.util.internal.ThreadExecutorMap$2.run(ThreadExecutorMap.java:74)
[2025-03-23T19:40:57.741+0000] {spark_submit.py:645} INFO - at io.netty.util.concurrent.FastThreadLocalRunnable.run(FastThreadLocalRunnable.java:30)
[2025-03-23T19:40:57.741+0000] {spark_submit.py:645} INFO - ... 1 more
[2025-03-23T19:41:14.217+0000] {spark_submit.py:645} INFO - 25/03/23 19:41:14 INFO StandaloneAppClient$ClientEndpoint: Connecting to master spark://spark-master:7077...
[2025-03-23T19:41:17.764+0000] {spark_submit.py:645} INFO - 25/03/23 19:41:17 WARN TransportClientFactory: DNS resolution failed for spark-master/<unresolved>:7077 took 3544 ms
[2025-03-23T19:41:17.768+0000] {spark_submit.py:645} INFO - 25/03/23 19:41:17 WARN StandaloneAppClient$ClientEndpoint: Failed to connect to master spark-master:7077
[2025-03-23T19:41:17.769+0000] {spark_submit.py:645} INFO - org.apache.spark.SparkException: Exception thrown in awaitResult:
[2025-03-23T19:41:17.770+0000] {spark_submit.py:645} INFO - at org.apache.spark.util.SparkThreadUtils$.awaitResult(SparkThreadUtils.scala:56)
[2025-03-23T19:41:17.770+0000] {spark_submit.py:645} INFO - at org.apache.spark.util.ThreadUtils$.awaitResult(ThreadUtils.scala:310)
[2025-03-23T19:41:17.771+0000] {spark_submit.py:645} INFO - at org.apache.spark.rpc.RpcTimeout.awaitResult(RpcTimeout.scala:75)
[2025-03-23T19:41:17.771+0000] {spark_submit.py:645} INFO - at org.apache.spark.rpc.RpcEnv.setupEndpointRefByURI(RpcEnv.scala:102)
[2025-03-23T19:41:17.772+0000] {spark_submit.py:645} INFO - at org.apache.spark.rpc.RpcEnv.setupEndpointRef(RpcEnv.scala:110)
[2025-03-23T19:41:17.772+0000] {spark_submit.py:645} INFO - at org.apache.spark.deploy.client.StandaloneAppClient$ClientEndpoint$$anon$1.run(StandaloneAppClient.scala:108)
[2025-03-23T19:41:17.773+0000] {spark_submit.py:645} INFO - at java.base/java.util.concurrent.Executors$RunnableAdapter.call(Executors.java:539)
[2025-03-23T19:41:17.774+0000] {spark_submit.py:645} INFO - at java.base/java.util.concurrent.FutureTask.run(FutureTask.java:264)
[2025-03-23T19:41:17.774+0000] {spark_submit.py:645} INFO - at java.base/java.util.concurrent.ThreadPoolExecutor.runWorker(ThreadPoolExecutor.java:1136)
[2025-03-23T19:41:17.775+0000] {spark_submit.py:645} INFO - at java.base/java.util.concurrent.ThreadPoolExecutor$Worker.run(ThreadPoolExecutor.java:635)
[2025-03-23T19:41:17.775+0000] {spark_submit.py:645} INFO - at java.base/java.lang.Thread.run(Thread.java:840)
[2025-03-23T19:41:17.776+0000] {spark_submit.py:645} INFO - Caused by: java.io.IOException: Failed to connect to spark-master/<unresolved>:7077
[2025-03-23T19:41:17.776+0000] {spark_submit.py:645} INFO - at org.apache.spark.network.client.TransportClientFactory.createClient(TransportClientFactory.java:294)
[2025-03-23T19:41:17.776+0000] {spark_submit.py:645} INFO - at org.apache.spark.network.client.TransportClientFactory.createClient(TransportClientFactory.java:214)
[2025-03-23T19:41:17.777+0000] {spark_submit.py:645} INFO - at org.apache.spark.network.client.TransportClientFactory.createClient(TransportClientFactory.java:226)
[2025-03-23T19:41:17.777+0000] {spark_submit.py:645} INFO - at org.apache.spark.rpc.netty.NettyRpcEnv.createClient(NettyRpcEnv.scala:204)
[2025-03-23T19:41:17.778+0000] {spark_submit.py:645} INFO - at org.apache.spark.rpc.netty.Outbox$$anon$1.call(Outbox.scala:202)
[2025-03-23T19:41:17.778+0000] {spark_submit.py:645} INFO - at org.apache.spark.rpc.netty.Outbox$$anon$1.call(Outbox.scala:198)
[2025-03-23T19:41:17.778+0000] {spark_submit.py:645} INFO - ... 4 more
[2025-03-23T19:41:17.779+0000] {spark_submit.py:645} INFO - Caused by: java.net.UnknownHostException: spark-master
[2025-03-23T19:41:17.779+0000] {spark_submit.py:645} INFO - at java.base/java.net.InetAddress$CachedAddresses.get(InetAddress.java:801)
[2025-03-23T19:41:17.780+0000] {spark_submit.py:645} INFO - at java.base/java.net.InetAddress.getAllByName0(InetAddress.java:1533)
[2025-03-23T19:41:17.780+0000] {spark_submit.py:645} INFO - at java.base/java.net.InetAddress.getAllByName(InetAddress.java:1385)
[2025-03-23T19:41:17.780+0000] {spark_submit.py:645} INFO - at java.base/java.net.InetAddress.getAllByName(InetAddress.java:1306)
[2025-03-23T19:41:17.781+0000] {spark_submit.py:645} INFO - at java.base/java.net.InetAddress.getByName(InetAddress.java:1256)
[2025-03-23T19:41:17.781+0000] {spark_submit.py:645} INFO - at io.netty.util.internal.SocketUtils$8.run(SocketUtils.java:156)
[2025-03-23T19:41:17.782+0000] {spark_submit.py:645} INFO - at io.netty.util.internal.SocketUtils$8.run(SocketUtils.java:153)
[2025-03-23T19:41:17.782+0000] {spark_submit.py:645} INFO - at java.base/java.security.AccessController.doPrivileged(AccessController.java:569)
[2025-03-23T19:41:17.782+0000] {spark_submit.py:645} INFO - at io.netty.util.internal.SocketUtils.addressByName(SocketUtils.java:153)
[2025-03-23T19:41:17.783+0000] {spark_submit.py:645} INFO - at io.netty.resolver.DefaultNameResolver.doResolve(DefaultNameResolver.java:41)
[2025-03-23T19:41:17.783+0000] {spark_submit.py:645} INFO - at io.netty.resolver.SimpleNameResolver.resolve(SimpleNameResolver.java:61)
[2025-03-23T19:41:17.784+0000] {spark_submit.py:645} INFO - at io.netty.resolver.SimpleNameResolver.resolve(SimpleNameResolver.java:53)
[2025-03-23T19:41:17.784+0000] {spark_submit.py:645} INFO - at io.netty.resolver.InetSocketAddressResolver.doResolve(InetSocketAddressResolver.java:55)
[2025-03-23T19:41:17.785+0000] {spark_submit.py:645} INFO - at io.netty.resolver.InetSocketAddressResolver.doResolve(InetSocketAddressResolver.java:31)
[2025-03-23T19:41:17.785+0000] {spark_submit.py:645} INFO - at io.netty.resolver.AbstractAddressResolver.resolve(AbstractAddressResolver.java:106)
[2025-03-23T19:41:17.785+0000] {spark_submit.py:645} INFO - at io.netty.bootstrap.Bootstrap.doResolveAndConnect0(Bootstrap.java:220)
[2025-03-23T19:41:17.786+0000] {spark_submit.py:645} INFO - at io.netty.bootstrap.Bootstrap.access$000(Bootstrap.java:46)
[2025-03-23T19:41:17.786+0000] {spark_submit.py:645} INFO - at io.netty.bootstrap.Bootstrap$1.operationComplete(Bootstrap.java:189)
[2025-03-23T19:41:17.787+0000] {spark_submit.py:645} INFO - at io.netty.bootstrap.Bootstrap$1.operationComplete(Bootstrap.java:175)
[2025-03-23T19:41:17.787+0000] {spark_submit.py:645} INFO - at io.netty.util.concurrent.DefaultPromise.notifyListener0(DefaultPromise.java:590)
[2025-03-23T19:41:17.787+0000] {spark_submit.py:645} INFO - at io.netty.util.concurrent.DefaultPromise.notifyListenersNow(DefaultPromise.java:557)
[2025-03-23T19:41:17.788+0000] {spark_submit.py:645} INFO - at io.netty.util.concurrent.DefaultPromise.notifyListeners(DefaultPromise.java:492)
[2025-03-23T19:41:17.788+0000] {spark_submit.py:645} INFO - at io.netty.util.concurrent.DefaultPromise.setValue0(DefaultPromise.java:636)
[2025-03-23T19:41:17.788+0000] {spark_submit.py:645} INFO - at io.netty.util.concurrent.DefaultPromise.setSuccess0(DefaultPromise.java:625)
[2025-03-23T19:41:17.790+0000] {spark_submit.py:645} INFO - at io.netty.util.concurrent.DefaultPromise.trySuccess(DefaultPromise.java:105)
[2025-03-23T19:41:17.790+0000] {spark_submit.py:645} INFO - at io.netty.channel.DefaultChannelPromise.trySuccess(DefaultChannelPromise.java:84)
[2025-03-23T19:41:17.791+0000] {spark_submit.py:645} INFO - at io.netty.channel.AbstractChannel$AbstractUnsafe.safeSetSuccess(AbstractChannel.java:990)
[2025-03-23T19:41:17.792+0000] {spark_submit.py:645} INFO - at io.netty.channel.AbstractChannel$AbstractUnsafe.register0(AbstractChannel.java:516)
[2025-03-23T19:41:17.792+0000] {spark_submit.py:645} INFO - at io.netty.channel.AbstractChannel$AbstractUnsafe.access$200(AbstractChannel.java:429)
[2025-03-23T19:41:17.793+0000] {spark_submit.py:645} INFO - at io.netty.channel.AbstractChannel$AbstractUnsafe$1.run(AbstractChannel.java:486)
[2025-03-23T19:41:17.793+0000] {spark_submit.py:645} INFO - at io.netty.util.concurrent.AbstractEventExecutor.runTask(AbstractEventExecutor.java:174)
[2025-03-23T19:41:17.794+0000] {spark_submit.py:645} INFO - at io.netty.util.concurrent.AbstractEventExecutor.safeExecute(AbstractEventExecutor.java:167)
[2025-03-23T19:41:17.794+0000] {spark_submit.py:645} INFO - at io.netty.util.concurrent.SingleThreadEventExecutor.runAllTasks(SingleThreadEventExecutor.java:470)
[2025-03-23T19:41:17.795+0000] {spark_submit.py:645} INFO - at io.netty.channel.nio.NioEventLoop.run(NioEventLoop.java:569)
[2025-03-23T19:41:17.795+0000] {spark_submit.py:645} INFO - at io.netty.util.concurrent.SingleThreadEventExecutor$4.run(SingleThreadEventExecutor.java:997)
[2025-03-23T19:41:17.796+0000] {spark_submit.py:645} INFO - at io.netty.util.internal.ThreadExecutorMap$2.run(ThreadExecutorMap.java:74)
[2025-03-23T19:41:17.796+0000] {spark_submit.py:645} INFO - at io.netty.util.concurrent.FastThreadLocalRunnable.run(FastThreadLocalRunnable.java:30)
[2025-03-23T19:41:17.797+0000] {spark_submit.py:645} INFO - ... 1 more
[2025-03-23T19:41:22.372+0000] {local_task_job_runner.py:310} WARNING - State of this instance has been externally set to restarting. Terminating instance.
[2025-03-23T19:41:22.372+0000] {local_task_job_runner.py:222} INFO - ::endgroup::
[2025-03-23T19:41:22.375+0000] {process_utils.py:132} INFO - Sending 15 to group 2056. PIDs of all processes in the group: [2057, 2114, 2056]
[2025-03-23T19:41:22.375+0000] {process_utils.py:87} INFO - Sending the signal 15 to group 2056
[2025-03-23T19:41:22.376+0000] {taskinstance.py:2611} ERROR - Received SIGTERM. Terminating subprocesses.
[2025-03-23T19:41:22.377+0000] {taskinstance.py:441} INFO - ::group::Post task execution logs
[2025-03-23T19:41:22.392+0000] {taskinstance.py:2905} ERROR - Task failed with exception
Traceback (most recent call last):
  File "/home/airflow/.local/lib/python3.11/site-packages/airflow/models/taskinstance.py", line 465, in _execute_task
    result = _execute_callable(context=context, **execute_callable_kwargs)
             ^^^^^^^^^^^^^^^^^^^^^^^^^^^^^^^^^^^^^^^^^^^^^^^^^^^^^^^^^^^^^
  File "/home/airflow/.local/lib/python3.11/site-packages/airflow/models/taskinstance.py", line 432, in _execute_callable
    return execute_callable(context=context, **execute_callable_kwargs)
           ^^^^^^^^^^^^^^^^^^^^^^^^^^^^^^^^^^^^^^^^^^^^^^^^^^^^^^^^^^^^
  File "/home/airflow/.local/lib/python3.11/site-packages/airflow/models/baseoperator.py", line 401, in wrapper
    return func(self, *args, **kwargs)
           ^^^^^^^^^^^^^^^^^^^^^^^^^^^
  File "/home/airflow/.local/lib/python3.11/site-packages/airflow/operators/python.py", line 235, in execute
    return_value = self.execute_callable()
                   ^^^^^^^^^^^^^^^^^^^^^^^
  File "/home/airflow/.local/lib/python3.11/site-packages/airflow/operators/python.py", line 252, in execute_callable
    return self.python_callable(*self.op_args, **self.op_kwargs)
           ^^^^^^^^^^^^^^^^^^^^^^^^^^^^^^^^^^^^^^^^^^^^^^^^^^^^^
  File "/opt/airflow/dags/data_pipeline_dag.py", line 91, in spark_dtransformation
    application_args=[file_path],
      ^^^^^^^^^^^^^^^
  File "/home/airflow/.local/lib/python3.11/site-packages/airflow/models/baseoperator.py", line 401, in wrapper
    return func(self, *args, **kwargs)
           ^^^^^^^^^^^^^^^^^^^^^^^^^^^
  File "/home/airflow/.local/lib/python3.11/site-packages/airflow/providers/apache/spark/operators/spark_submit.py", line 177, in execute
    self._hook.submit(self.application)
  File "/home/airflow/.local/lib/python3.11/site-packages/airflow/providers/apache/spark/hooks/spark_submit.py", line 555, in submit
    self._process_spark_submit_log(iter(self._submit_sp.stdout))  # type: ignore
    ^^^^^^^^^^^^^^^^^^^^^^^^^^^^^^^^^^^^^^^^^^^^^^^^^^^^^^^^^^^^
  File "/home/airflow/.local/lib/python3.11/site-packages/airflow/providers/apache/spark/hooks/spark_submit.py", line 604, in _process_spark_submit_log
    for line in itr:
  File "/home/airflow/.local/lib/python3.11/site-packages/airflow/models/taskinstance.py", line 2613, in signal_handler
    raise AirflowTaskTerminated("Task received SIGTERM signal")
airflow.exceptions.AirflowTaskTerminated: Task received SIGTERM signal
[2025-03-23T19:41:22.409+0000] {taskinstance.py:1206} INFO - Marking task as UP_FOR_RETRY. dag_id=spotify_etl_pipeline, task_id=transformation, run_id=scheduled__2025-03-22T00:00:00+00:00, execution_date=20250322T000000, start_date=20250323T194041, end_date=20250323T194122
[2025-03-23T19:41:22.710+0000] {process_utils.py:80} INFO - Process psutil.Process(pid=2114, status='terminated', started='19:40:48') (2114) terminated with exit code None
[2025-03-23T19:41:22.712+0000] {process_utils.py:80} INFO - Process psutil.Process(pid=2056, status='terminated', exitcode=2, started='19:40:41') (2056) terminated with exit code 2
[2025-03-23T19:41:22.768+0000] {process_utils.py:80} INFO - Process psutil.Process(pid=2057, status='terminated', started='19:40:41') (2057) terminated with exit code None
