[2025-03-23T19:43:34.600+0000] {local_task_job_runner.py:120} INFO - ::group::Pre task execution logs
[2025-03-23T19:43:34.634+0000] {taskinstance.py:2076} INFO - Dependencies all met for dep_context=non-requeueable deps ti=<TaskInstance: spotify_etl_pipeline.transformation scheduled__2025-03-22T00:00:00+00:00 [queued]>
[2025-03-23T19:43:34.644+0000] {taskinstance.py:2076} INFO - Dependencies all met for dep_context=requeueable deps ti=<TaskInstance: spotify_etl_pipeline.transformation scheduled__2025-03-22T00:00:00+00:00 [queued]>
[2025-03-23T19:43:34.645+0000] {taskinstance.py:2306} INFO - Starting attempt 18 of 19
[2025-03-23T19:43:34.681+0000] {taskinstance.py:2330} INFO - Executing <Task(PythonOperator): transformation> on 2025-03-22 00:00:00+00:00
[2025-03-23T19:43:34.689+0000] {standard_task_runner.py:63} INFO - Started process 2350 to run task
[2025-03-23T19:43:34.692+0000] {standard_task_runner.py:90} INFO - Running: ['***', 'tasks', 'run', 'spotify_etl_pipeline', 'transformation', 'scheduled__2025-03-22T00:00:00+00:00', '--job-id', '29', '--raw', '--subdir', 'DAGS_FOLDER/data_pipeline_dag.py', '--cfg-path', '/tmp/tmp44dya089']
[2025-03-23T19:43:34.694+0000] {standard_task_runner.py:91} INFO - Job 29: Subtask transformation
[2025-03-23T19:43:34.782+0000] {task_command.py:426} INFO - Running <TaskInstance: spotify_etl_pipeline.transformation scheduled__2025-03-22T00:00:00+00:00 [running]> on host ffe4e0703eb1
[2025-03-23T19:43:34.945+0000] {taskinstance.py:2648} INFO - Exporting env vars: AIRFLOW_CTX_DAG_OWNER='lobobranco' AIRFLOW_CTX_DAG_ID='spotify_etl_pipeline' AIRFLOW_CTX_TASK_ID='transformation' AIRFLOW_CTX_EXECUTION_DATE='2025-03-22T00:00:00+00:00' AIRFLOW_CTX_TRY_NUMBER='18' AIRFLOW_CTX_DAG_RUN_ID='scheduled__2025-03-22T00:00:00+00:00'
[2025-03-23T19:43:34.946+0000] {taskinstance.py:430} INFO - ::endgroup::
[2025-03-23T19:43:34.986+0000] {data_pipeline_dag.py:77} INFO - Transforming data from file: s3://raw/playlist_20250323_190824.json
[2025-03-23T19:43:34.991+0000] {baseoperator.py:400} WARNING - SparkSubmitOperator.execute cannot be called outside TaskInstance!
[2025-03-23T19:43:35.008+0000] {base.py:84} INFO - Using connection ID 'spark_default' for task execution.
[2025-03-23T19:43:35.009+0000] {spark_submit.py:328} ERROR - Failed to decode base64 keytab: Incorrect padding
[2025-03-23T19:43:35.010+0000] {spark_submit.py:305} INFO - Could not load connection string spark_default, defaulting to spark://spark-master:7077
[2025-03-23T19:43:35.011+0000] {spark_submit.py:474} INFO - Spark-Submit cmd: spark-submit --master spark://spark-master:7077 --conf spark.executor.memory=2g --conf spark.executor.cores=2 --conf spark.jars=/opt/***/dags/jars/hadoop-aws-3.3.4 --conf spark.hadoop.fs.s3a.connection.ssl.enabled=false --conf spark.hadoop.fs.s3a.impl=org.apache.hadoop.fs.s3a.S3AFileSystem --principal *** --name arrow-spark --verbose --deploy-mode client /spark_job/data_transformation.py s3://raw/playlist_20250323_190824.json
[2025-03-23T19:43:35.156+0000] {spark_submit.py:645} INFO - /home/***/.local/lib/python3.11/site-packages/pyspark/bin/load-spark-env.sh: line 68: ps: command not found
[2025-03-23T19:43:36.730+0000] {spark_submit.py:645} INFO - Using properties file: null
[2025-03-23T19:43:36.848+0000] {spark_submit.py:645} INFO - Parsed arguments:
[2025-03-23T19:43:36.849+0000] {spark_submit.py:645} INFO - master                  spark://spark-master:7077
[2025-03-23T19:43:36.850+0000] {spark_submit.py:645} INFO - remote                  null
[2025-03-23T19:43:36.850+0000] {spark_submit.py:645} INFO - deployMode              client
[2025-03-23T19:43:36.851+0000] {spark_submit.py:645} INFO - executorMemory          2g
[2025-03-23T19:43:36.851+0000] {spark_submit.py:645} INFO - executorCores           2
[2025-03-23T19:43:36.851+0000] {spark_submit.py:645} INFO - totalExecutorCores      null
[2025-03-23T19:43:36.851+0000] {spark_submit.py:645} INFO - propertiesFile          null
[2025-03-23T19:43:36.852+0000] {spark_submit.py:645} INFO - driverMemory            null
[2025-03-23T19:43:36.852+0000] {spark_submit.py:645} INFO - driverCores             null
[2025-03-23T19:43:36.853+0000] {spark_submit.py:645} INFO - driverExtraClassPath    null
[2025-03-23T19:43:36.853+0000] {spark_submit.py:645} INFO - driverExtraLibraryPath  null
[2025-03-23T19:43:36.854+0000] {spark_submit.py:645} INFO - driverExtraJavaOptions  null
[2025-03-23T19:43:36.854+0000] {spark_submit.py:645} INFO - supervise               false
[2025-03-23T19:43:36.855+0000] {spark_submit.py:645} INFO - queue                   null
[2025-03-23T19:43:36.855+0000] {spark_submit.py:645} INFO - numExecutors            null
[2025-03-23T19:43:36.856+0000] {spark_submit.py:645} INFO - files                   null
[2025-03-23T19:43:36.856+0000] {spark_submit.py:645} INFO - pyFiles                 null
[2025-03-23T19:43:36.857+0000] {spark_submit.py:645} INFO - archives                null
[2025-03-23T19:43:36.857+0000] {spark_submit.py:645} INFO - mainClass               null
[2025-03-23T19:43:36.858+0000] {spark_submit.py:645} INFO - primaryResource         file:/spark_job/data_transformation.py
[2025-03-23T19:43:36.858+0000] {spark_submit.py:645} INFO - name                    arrow-spark
[2025-03-23T19:43:36.858+0000] {spark_submit.py:645} INFO - childArgs               [s3://raw/playlist_20250323_190824.json]
[2025-03-23T19:43:36.859+0000] {spark_submit.py:645} INFO - jars                    /opt/***/dags/jars/hadoop-aws-3.3.4
[2025-03-23T19:43:36.859+0000] {spark_submit.py:645} INFO - packages                null
[2025-03-23T19:43:36.859+0000] {spark_submit.py:645} INFO - packagesExclusions      null
[2025-03-23T19:43:36.860+0000] {spark_submit.py:645} INFO - repositories            null
[2025-03-23T19:43:36.860+0000] {spark_submit.py:645} INFO - verbose                 true
[2025-03-23T19:43:36.860+0000] {spark_submit.py:645} INFO - 
[2025-03-23T19:43:36.861+0000] {spark_submit.py:645} INFO - Spark properties used, including those specified through
[2025-03-23T19:43:36.861+0000] {spark_submit.py:645} INFO - --conf and those from the properties file null:
[2025-03-23T19:43:36.861+0000] {spark_submit.py:645} INFO - (spark.executor.cores,2)
[2025-03-23T19:43:36.861+0000] {spark_submit.py:645} INFO - (spark.executor.memory,2g)
[2025-03-23T19:43:36.862+0000] {spark_submit.py:645} INFO - (spark.hadoop.fs.s3a.connection.ssl.enabled,false)
[2025-03-23T19:43:36.862+0000] {spark_submit.py:645} INFO - (spark.hadoop.fs.s3a.impl,org.apache.hadoop.fs.s3a.S3AFileSystem)
[2025-03-23T19:43:36.862+0000] {spark_submit.py:645} INFO - (spark.jars,/opt/***/dags/jars/hadoop-aws-3.3.4)
[2025-03-23T19:43:36.863+0000] {spark_submit.py:645} INFO - 
[2025-03-23T19:43:36.863+0000] {spark_submit.py:645} INFO - 
[2025-03-23T19:43:37.232+0000] {spark_submit.py:645} INFO - 25/03/23 19:43:37 WARN NativeCodeLoader: Unable to load native-hadoop library for your platform... using builtin-java classes where applicable
[2025-03-23T19:43:37.491+0000] {spark_submit.py:645} INFO - Main class:
[2025-03-23T19:43:37.492+0000] {spark_submit.py:645} INFO - org.apache.spark.deploy.PythonRunner
[2025-03-23T19:43:37.493+0000] {spark_submit.py:645} INFO - Arguments:
[2025-03-23T19:43:37.494+0000] {spark_submit.py:645} INFO - file:/spark_job/data_transformation.py
[2025-03-23T19:43:37.494+0000] {spark_submit.py:645} INFO - null
[2025-03-23T19:43:37.494+0000] {spark_submit.py:645} INFO - s3://raw/playlist_20250323_190824.json
[2025-03-23T19:43:37.495+0000] {spark_submit.py:645} INFO - Spark config:
[2025-03-23T19:43:37.495+0000] {spark_submit.py:645} INFO - (spark.app.name,arrow-spark)
[2025-03-23T19:43:37.495+0000] {spark_submit.py:645} INFO - (spark.app.submitTime,1742759017467)
[2025-03-23T19:43:37.496+0000] {spark_submit.py:645} INFO - (spark.executor.cores,2)
[2025-03-23T19:43:37.496+0000] {spark_submit.py:645} INFO - (spark.executor.memory,2g)
[2025-03-23T19:43:37.496+0000] {spark_submit.py:645} INFO - (spark.hadoop.fs.s3a.connection.ssl.enabled,false)
[2025-03-23T19:43:37.497+0000] {spark_submit.py:645} INFO - (spark.hadoop.fs.s3a.impl,org.apache.hadoop.fs.s3a.S3AFileSystem)
[2025-03-23T19:43:37.500+0000] {spark_submit.py:645} INFO - (spark.jars,file:/opt/***/dags/jars/hadoop-aws-3.3.4)
[2025-03-23T19:43:37.505+0000] {spark_submit.py:645} INFO - (spark.kerberos.principal,***)
[2025-03-23T19:43:37.506+0000] {spark_submit.py:645} INFO - (spark.master,spark://spark-master:7077)
[2025-03-23T19:43:37.507+0000] {spark_submit.py:645} INFO - (spark.repl.local.jars,file:/opt/***/dags/jars/hadoop-aws-3.3.4)
[2025-03-23T19:43:37.509+0000] {spark_submit.py:645} INFO - (spark.submit.deployMode,client)
[2025-03-23T19:43:37.510+0000] {spark_submit.py:645} INFO - (spark.submit.pyFiles,)
[2025-03-23T19:43:37.510+0000] {spark_submit.py:645} INFO - Classpath elements:
[2025-03-23T19:43:37.511+0000] {spark_submit.py:645} INFO - file:/opt/***/dags/jars/hadoop-aws-3.3.4
[2025-03-23T19:43:37.511+0000] {spark_submit.py:645} INFO - 
[2025-03-23T19:43:37.512+0000] {spark_submit.py:645} INFO - 
[2025-03-23T19:43:37.512+0000] {spark_submit.py:645} INFO - 25/03/23 19:43:37 WARN DependencyUtils: Local jar /opt/***/dags/jars/hadoop-aws-3.3.4 does not exist, skipping.
[2025-03-23T19:43:38.986+0000] {spark_submit.py:645} INFO - 25/03/23 19:43:38 INFO SparkContext: Running Spark version 3.5.5
[2025-03-23T19:43:38.987+0000] {spark_submit.py:645} INFO - 25/03/23 19:43:38 INFO SparkContext: OS info Linux, 5.15.153.1-microsoft-standard-WSL2, amd64
[2025-03-23T19:43:38.987+0000] {spark_submit.py:645} INFO - 25/03/23 19:43:38 INFO SparkContext: Java version 17.0.14
[2025-03-23T19:43:39.018+0000] {spark_submit.py:645} INFO - 25/03/23 19:43:39 INFO ResourceUtils: ==============================================================
[2025-03-23T19:43:39.019+0000] {spark_submit.py:645} INFO - 25/03/23 19:43:39 INFO ResourceUtils: No custom resources configured for spark.driver.
[2025-03-23T19:43:39.019+0000] {spark_submit.py:645} INFO - 25/03/23 19:43:39 INFO ResourceUtils: ==============================================================
[2025-03-23T19:43:39.020+0000] {spark_submit.py:645} INFO - 25/03/23 19:43:39 INFO SparkContext: Submitted application: Minio Integration with PySpark
[2025-03-23T19:43:39.044+0000] {spark_submit.py:645} INFO - 25/03/23 19:43:39 INFO ResourceProfile: Default ResourceProfile created, executor resources: Map(cores -> name: cores, amount: 2, script: , vendor: , memory -> name: memory, amount: 2048, script: , vendor: , offHeap -> name: offHeap, amount: 0, script: , vendor: ), task resources: Map(cpus -> name: cpus, amount: 1.0)
[2025-03-23T19:43:39.056+0000] {spark_submit.py:645} INFO - 25/03/23 19:43:39 INFO ResourceProfile: Limiting resource is cpus at 2 tasks per executor
[2025-03-23T19:43:39.058+0000] {spark_submit.py:645} INFO - 25/03/23 19:43:39 INFO ResourceProfileManager: Added ResourceProfile id: 0
[2025-03-23T19:43:39.116+0000] {spark_submit.py:645} INFO - 25/03/23 19:43:39 INFO SecurityManager: Changing view acls to: ***
[2025-03-23T19:43:39.117+0000] {spark_submit.py:645} INFO - 25/03/23 19:43:39 INFO SecurityManager: Changing modify acls to: ***
[2025-03-23T19:43:39.118+0000] {spark_submit.py:645} INFO - 25/03/23 19:43:39 INFO SecurityManager: Changing view acls groups to:
[2025-03-23T19:43:39.119+0000] {spark_submit.py:645} INFO - 25/03/23 19:43:39 INFO SecurityManager: Changing modify acls groups to:
[2025-03-23T19:43:39.120+0000] {spark_submit.py:645} INFO - 25/03/23 19:43:39 INFO SecurityManager: SecurityManager: authentication disabled; ui acls disabled; users with view permissions: ***; groups with view permissions: EMPTY; users with modify permissions: ***; groups with modify permissions: EMPTY
[2025-03-23T19:43:39.404+0000] {spark_submit.py:645} INFO - 25/03/23 19:43:39 INFO Utils: Successfully started service 'sparkDriver' on port 40277.
[2025-03-23T19:43:39.434+0000] {spark_submit.py:645} INFO - 25/03/23 19:43:39 INFO SparkEnv: Registering MapOutputTracker
[2025-03-23T19:43:39.476+0000] {spark_submit.py:645} INFO - 25/03/23 19:43:39 INFO SparkEnv: Registering BlockManagerMaster
[2025-03-23T19:43:39.499+0000] {spark_submit.py:645} INFO - 25/03/23 19:43:39 INFO BlockManagerMasterEndpoint: Using org.apache.spark.storage.DefaultTopologyMapper for getting topology information
[2025-03-23T19:43:39.500+0000] {spark_submit.py:645} INFO - 25/03/23 19:43:39 INFO BlockManagerMasterEndpoint: BlockManagerMasterEndpoint up
[2025-03-23T19:43:39.505+0000] {spark_submit.py:645} INFO - 25/03/23 19:43:39 INFO SparkEnv: Registering BlockManagerMasterHeartbeat
[2025-03-23T19:43:39.532+0000] {spark_submit.py:645} INFO - 25/03/23 19:43:39 INFO DiskBlockManager: Created local directory at /tmp/blockmgr-46ac66f1-184e-4191-9252-0b64d912ddea
[2025-03-23T19:43:39.551+0000] {spark_submit.py:645} INFO - 25/03/23 19:43:39 INFO MemoryStore: MemoryStore started with capacity 434.4 MiB
[2025-03-23T19:43:39.569+0000] {spark_submit.py:645} INFO - 25/03/23 19:43:39 INFO SparkEnv: Registering OutputCommitCoordinator
[2025-03-23T19:43:39.702+0000] {spark_submit.py:645} INFO - 25/03/23 19:43:39 INFO JettyUtils: Start Jetty 0.0.0.0:4040 for SparkUI
[2025-03-23T19:43:39.869+0000] {spark_submit.py:645} INFO - 25/03/23 19:43:39 INFO Utils: Successfully started service 'SparkUI' on port 4040.
[2025-03-23T19:43:39.923+0000] {spark_submit.py:645} INFO - 25/03/23 19:43:39 ERROR SparkContext: Failed to add file:/opt/***/dags/jars/hadoop-aws-3.3.4 to Spark environment
[2025-03-23T19:43:39.924+0000] {spark_submit.py:645} INFO - java.io.FileNotFoundException: Jar /opt/***/dags/jars/hadoop-aws-3.3.4 not found
[2025-03-23T19:43:39.925+0000] {spark_submit.py:645} INFO - at org.apache.spark.SparkContext.addLocalJarFile$1(SparkContext.scala:2095)
[2025-03-23T19:43:39.925+0000] {spark_submit.py:645} INFO - at org.apache.spark.SparkContext.addJar(SparkContext.scala:2151)
[2025-03-23T19:43:39.925+0000] {spark_submit.py:645} INFO - at org.apache.spark.SparkContext.$anonfun$new$15(SparkContext.scala:521)
[2025-03-23T19:43:39.926+0000] {spark_submit.py:645} INFO - at org.apache.spark.SparkContext.$anonfun$new$15$adapted(SparkContext.scala:521)
[2025-03-23T19:43:39.926+0000] {spark_submit.py:645} INFO - at scala.collection.mutable.ResizableArray.foreach(ResizableArray.scala:62)
[2025-03-23T19:43:39.927+0000] {spark_submit.py:645} INFO - at scala.collection.mutable.ResizableArray.foreach$(ResizableArray.scala:55)
[2025-03-23T19:43:39.927+0000] {spark_submit.py:645} INFO - at scala.collection.mutable.ArrayBuffer.foreach(ArrayBuffer.scala:49)
[2025-03-23T19:43:39.928+0000] {spark_submit.py:645} INFO - at org.apache.spark.SparkContext.<init>(SparkContext.scala:521)
[2025-03-23T19:43:39.929+0000] {spark_submit.py:645} INFO - at org.apache.spark.api.java.JavaSparkContext.<init>(JavaSparkContext.scala:58)
[2025-03-23T19:43:39.929+0000] {spark_submit.py:645} INFO - at java.base/jdk.internal.reflect.NativeConstructorAccessorImpl.newInstance0(Native Method)
[2025-03-23T19:43:39.930+0000] {spark_submit.py:645} INFO - at java.base/jdk.internal.reflect.NativeConstructorAccessorImpl.newInstance(NativeConstructorAccessorImpl.java:77)
[2025-03-23T19:43:39.930+0000] {spark_submit.py:645} INFO - at java.base/jdk.internal.reflect.DelegatingConstructorAccessorImpl.newInstance(DelegatingConstructorAccessorImpl.java:45)
[2025-03-23T19:43:39.931+0000] {spark_submit.py:645} INFO - at java.base/java.lang.reflect.Constructor.newInstanceWithCaller(Constructor.java:500)
[2025-03-23T19:43:39.931+0000] {spark_submit.py:645} INFO - at java.base/java.lang.reflect.Constructor.newInstance(Constructor.java:481)
[2025-03-23T19:43:39.931+0000] {spark_submit.py:645} INFO - at py4j.reflection.MethodInvoker.invoke(MethodInvoker.java:247)
[2025-03-23T19:43:39.932+0000] {spark_submit.py:645} INFO - at py4j.reflection.ReflectionEngine.invoke(ReflectionEngine.java:374)
[2025-03-23T19:43:39.932+0000] {spark_submit.py:645} INFO - at py4j.Gateway.invoke(Gateway.java:238)
[2025-03-23T19:43:39.933+0000] {spark_submit.py:645} INFO - at py4j.commands.ConstructorCommand.invokeConstructor(ConstructorCommand.java:80)
[2025-03-23T19:43:39.933+0000] {spark_submit.py:645} INFO - at py4j.commands.ConstructorCommand.execute(ConstructorCommand.java:69)
[2025-03-23T19:43:39.933+0000] {spark_submit.py:645} INFO - at py4j.ClientServerConnection.waitForCommands(ClientServerConnection.java:182)
[2025-03-23T19:43:39.934+0000] {spark_submit.py:645} INFO - at py4j.ClientServerConnection.run(ClientServerConnection.java:106)
[2025-03-23T19:43:39.934+0000] {spark_submit.py:645} INFO - at java.base/java.lang.Thread.run(Thread.java:840)
[2025-03-23T19:43:40.139+0000] {spark_submit.py:645} INFO - 25/03/23 19:43:40 INFO StandaloneAppClient$ClientEndpoint: Connecting to master spark://spark-master:7077...
[2025-03-23T19:43:43.517+0000] {spark_submit.py:645} INFO - 25/03/23 19:43:43 WARN TransportClientFactory: DNS resolution failed for spark-master/<unresolved>:7077 took 3331 ms
[2025-03-23T19:43:43.594+0000] {spark_submit.py:645} INFO - 25/03/23 19:43:43 WARN StandaloneAppClient$ClientEndpoint: Failed to connect to master spark-master:7077
[2025-03-23T19:43:43.596+0000] {spark_submit.py:645} INFO - org.apache.spark.SparkException: Exception thrown in awaitResult:
[2025-03-23T19:43:43.597+0000] {spark_submit.py:645} INFO - at org.apache.spark.util.SparkThreadUtils$.awaitResult(SparkThreadUtils.scala:56)
[2025-03-23T19:43:43.597+0000] {spark_submit.py:645} INFO - at org.apache.spark.util.ThreadUtils$.awaitResult(ThreadUtils.scala:310)
[2025-03-23T19:43:43.599+0000] {spark_submit.py:645} INFO - at org.apache.spark.rpc.RpcTimeout.awaitResult(RpcTimeout.scala:75)
[2025-03-23T19:43:43.599+0000] {spark_submit.py:645} INFO - at org.apache.spark.rpc.RpcEnv.setupEndpointRefByURI(RpcEnv.scala:102)
[2025-03-23T19:43:43.606+0000] {spark_submit.py:645} INFO - at org.apache.spark.rpc.RpcEnv.setupEndpointRef(RpcEnv.scala:110)
[2025-03-23T19:43:43.609+0000] {spark_submit.py:645} INFO - at org.apache.spark.deploy.client.StandaloneAppClient$ClientEndpoint$$anon$1.run(StandaloneAppClient.scala:108)
[2025-03-23T19:43:43.610+0000] {spark_submit.py:645} INFO - at java.base/java.util.concurrent.Executors$RunnableAdapter.call(Executors.java:539)
[2025-03-23T19:43:43.610+0000] {spark_submit.py:645} INFO - at java.base/java.util.concurrent.FutureTask.run(FutureTask.java:264)
[2025-03-23T19:43:43.611+0000] {spark_submit.py:645} INFO - at java.base/java.util.concurrent.ThreadPoolExecutor.runWorker(ThreadPoolExecutor.java:1136)
[2025-03-23T19:43:43.619+0000] {spark_submit.py:645} INFO - at java.base/java.util.concurrent.ThreadPoolExecutor$Worker.run(ThreadPoolExecutor.java:635)
[2025-03-23T19:43:43.620+0000] {spark_submit.py:645} INFO - at java.base/java.lang.Thread.run(Thread.java:840)
[2025-03-23T19:43:43.629+0000] {spark_submit.py:645} INFO - Caused by: java.io.IOException: Failed to connect to spark-master/<unresolved>:7077
[2025-03-23T19:43:43.630+0000] {spark_submit.py:645} INFO - at org.apache.spark.network.client.TransportClientFactory.createClient(TransportClientFactory.java:294)
[2025-03-23T19:43:43.630+0000] {spark_submit.py:645} INFO - at org.apache.spark.network.client.TransportClientFactory.createClient(TransportClientFactory.java:214)
[2025-03-23T19:43:43.631+0000] {spark_submit.py:645} INFO - at org.apache.spark.network.client.TransportClientFactory.createClient(TransportClientFactory.java:226)
[2025-03-23T19:43:43.631+0000] {spark_submit.py:645} INFO - at org.apache.spark.rpc.netty.NettyRpcEnv.createClient(NettyRpcEnv.scala:204)
[2025-03-23T19:43:43.632+0000] {spark_submit.py:645} INFO - at org.apache.spark.rpc.netty.Outbox$$anon$1.call(Outbox.scala:202)
[2025-03-23T19:43:43.632+0000] {spark_submit.py:645} INFO - at org.apache.spark.rpc.netty.Outbox$$anon$1.call(Outbox.scala:198)
[2025-03-23T19:43:43.633+0000] {spark_submit.py:645} INFO - ... 4 more
[2025-03-23T19:43:43.633+0000] {spark_submit.py:645} INFO - Caused by: java.net.UnknownHostException: spark-master
[2025-03-23T19:43:43.634+0000] {spark_submit.py:645} INFO - at java.base/java.net.InetAddress$CachedAddresses.get(InetAddress.java:801)
[2025-03-23T19:43:43.637+0000] {spark_submit.py:645} INFO - at java.base/java.net.InetAddress.getAllByName0(InetAddress.java:1533)
[2025-03-23T19:43:43.639+0000] {spark_submit.py:645} INFO - at java.base/java.net.InetAddress.getAllByName(InetAddress.java:1385)
[2025-03-23T19:43:43.640+0000] {spark_submit.py:645} INFO - at java.base/java.net.InetAddress.getAllByName(InetAddress.java:1306)
[2025-03-23T19:43:43.640+0000] {spark_submit.py:645} INFO - at java.base/java.net.InetAddress.getByName(InetAddress.java:1256)
[2025-03-23T19:43:43.641+0000] {spark_submit.py:645} INFO - at io.netty.util.internal.SocketUtils$8.run(SocketUtils.java:156)
[2025-03-23T19:43:43.641+0000] {spark_submit.py:645} INFO - at io.netty.util.internal.SocketUtils$8.run(SocketUtils.java:153)
[2025-03-23T19:43:43.641+0000] {spark_submit.py:645} INFO - at java.base/java.security.AccessController.doPrivileged(AccessController.java:569)
[2025-03-23T19:43:43.642+0000] {spark_submit.py:645} INFO - at io.netty.util.internal.SocketUtils.addressByName(SocketUtils.java:153)
[2025-03-23T19:43:43.642+0000] {spark_submit.py:645} INFO - at io.netty.resolver.DefaultNameResolver.doResolve(DefaultNameResolver.java:41)
[2025-03-23T19:43:43.644+0000] {spark_submit.py:645} INFO - at io.netty.resolver.SimpleNameResolver.resolve(SimpleNameResolver.java:61)
[2025-03-23T19:43:43.644+0000] {spark_submit.py:645} INFO - at io.netty.resolver.SimpleNameResolver.resolve(SimpleNameResolver.java:53)
[2025-03-23T19:43:43.645+0000] {spark_submit.py:645} INFO - at io.netty.resolver.InetSocketAddressResolver.doResolve(InetSocketAddressResolver.java:55)
[2025-03-23T19:43:43.645+0000] {spark_submit.py:645} INFO - at io.netty.resolver.InetSocketAddressResolver.doResolve(InetSocketAddressResolver.java:31)
[2025-03-23T19:43:43.645+0000] {spark_submit.py:645} INFO - at io.netty.resolver.AbstractAddressResolver.resolve(AbstractAddressResolver.java:106)
[2025-03-23T19:43:43.646+0000] {spark_submit.py:645} INFO - at io.netty.bootstrap.Bootstrap.doResolveAndConnect0(Bootstrap.java:220)
[2025-03-23T19:43:43.646+0000] {spark_submit.py:645} INFO - at io.netty.bootstrap.Bootstrap.access$000(Bootstrap.java:46)
[2025-03-23T19:43:43.647+0000] {spark_submit.py:645} INFO - at io.netty.bootstrap.Bootstrap$1.operationComplete(Bootstrap.java:189)
[2025-03-23T19:43:43.647+0000] {spark_submit.py:645} INFO - at io.netty.bootstrap.Bootstrap$1.operationComplete(Bootstrap.java:175)
[2025-03-23T19:43:43.648+0000] {spark_submit.py:645} INFO - at io.netty.util.concurrent.DefaultPromise.notifyListener0(DefaultPromise.java:590)
[2025-03-23T19:43:43.648+0000] {spark_submit.py:645} INFO - at io.netty.util.concurrent.DefaultPromise.notifyListenersNow(DefaultPromise.java:557)
[2025-03-23T19:43:43.649+0000] {spark_submit.py:645} INFO - at io.netty.util.concurrent.DefaultPromise.notifyListeners(DefaultPromise.java:492)
[2025-03-23T19:43:43.658+0000] {spark_submit.py:645} INFO - at io.netty.util.concurrent.DefaultPromise.setValue0(DefaultPromise.java:636)
[2025-03-23T19:43:43.659+0000] {spark_submit.py:645} INFO - at io.netty.util.concurrent.DefaultPromise.setSuccess0(DefaultPromise.java:625)
[2025-03-23T19:43:43.660+0000] {spark_submit.py:645} INFO - at io.netty.util.concurrent.DefaultPromise.trySuccess(DefaultPromise.java:105)
[2025-03-23T19:43:43.660+0000] {spark_submit.py:645} INFO - at io.netty.channel.DefaultChannelPromise.trySuccess(DefaultChannelPromise.java:84)
[2025-03-23T19:43:43.660+0000] {spark_submit.py:645} INFO - at io.netty.channel.AbstractChannel$AbstractUnsafe.safeSetSuccess(AbstractChannel.java:990)
[2025-03-23T19:43:43.661+0000] {spark_submit.py:645} INFO - at io.netty.channel.AbstractChannel$AbstractUnsafe.register0(AbstractChannel.java:516)
[2025-03-23T19:43:43.661+0000] {spark_submit.py:645} INFO - at io.netty.channel.AbstractChannel$AbstractUnsafe.access$200(AbstractChannel.java:429)
[2025-03-23T19:43:43.661+0000] {spark_submit.py:645} INFO - at io.netty.channel.AbstractChannel$AbstractUnsafe$1.run(AbstractChannel.java:486)
[2025-03-23T19:43:43.662+0000] {spark_submit.py:645} INFO - at io.netty.util.concurrent.AbstractEventExecutor.runTask(AbstractEventExecutor.java:174)
[2025-03-23T19:43:43.662+0000] {spark_submit.py:645} INFO - at io.netty.util.concurrent.AbstractEventExecutor.safeExecute(AbstractEventExecutor.java:167)
[2025-03-23T19:43:43.662+0000] {spark_submit.py:645} INFO - at io.netty.util.concurrent.SingleThreadEventExecutor.runAllTasks(SingleThreadEventExecutor.java:470)
[2025-03-23T19:43:43.662+0000] {spark_submit.py:645} INFO - at io.netty.channel.nio.NioEventLoop.run(NioEventLoop.java:569)
[2025-03-23T19:43:43.663+0000] {spark_submit.py:645} INFO - at io.netty.util.concurrent.SingleThreadEventExecutor$4.run(SingleThreadEventExecutor.java:997)
[2025-03-23T19:43:43.663+0000] {spark_submit.py:645} INFO - at io.netty.util.internal.ThreadExecutorMap$2.run(ThreadExecutorMap.java:74)
[2025-03-23T19:43:43.664+0000] {spark_submit.py:645} INFO - at io.netty.util.concurrent.FastThreadLocalRunnable.run(FastThreadLocalRunnable.java:30)
[2025-03-23T19:43:43.664+0000] {spark_submit.py:645} INFO - ... 1 more
[2025-03-23T19:44:00.138+0000] {spark_submit.py:645} INFO - 25/03/23 19:44:00 INFO StandaloneAppClient$ClientEndpoint: Connecting to master spark://spark-master:7077...
[2025-03-23T19:44:03.435+0000] {spark_submit.py:645} INFO - 25/03/23 19:44:03 WARN TransportClientFactory: DNS resolution failed for spark-master/<unresolved>:7077 took 3297 ms
[2025-03-23T19:44:03.439+0000] {spark_submit.py:645} INFO - 25/03/23 19:44:03 WARN StandaloneAppClient$ClientEndpoint: Failed to connect to master spark-master:7077
[2025-03-23T19:44:03.440+0000] {spark_submit.py:645} INFO - org.apache.spark.SparkException: Exception thrown in awaitResult:
[2025-03-23T19:44:03.440+0000] {spark_submit.py:645} INFO - at org.apache.spark.util.SparkThreadUtils$.awaitResult(SparkThreadUtils.scala:56)
[2025-03-23T19:44:03.441+0000] {spark_submit.py:645} INFO - at org.apache.spark.util.ThreadUtils$.awaitResult(ThreadUtils.scala:310)
[2025-03-23T19:44:03.441+0000] {spark_submit.py:645} INFO - at org.apache.spark.rpc.RpcTimeout.awaitResult(RpcTimeout.scala:75)
[2025-03-23T19:44:03.442+0000] {spark_submit.py:645} INFO - at org.apache.spark.rpc.RpcEnv.setupEndpointRefByURI(RpcEnv.scala:102)
[2025-03-23T19:44:03.443+0000] {spark_submit.py:645} INFO - at org.apache.spark.rpc.RpcEnv.setupEndpointRef(RpcEnv.scala:110)
[2025-03-23T19:44:03.443+0000] {spark_submit.py:645} INFO - at org.apache.spark.deploy.client.StandaloneAppClient$ClientEndpoint$$anon$1.run(StandaloneAppClient.scala:108)
[2025-03-23T19:44:03.444+0000] {spark_submit.py:645} INFO - at java.base/java.util.concurrent.Executors$RunnableAdapter.call(Executors.java:539)
[2025-03-23T19:44:03.444+0000] {spark_submit.py:645} INFO - at java.base/java.util.concurrent.FutureTask.run(FutureTask.java:264)
[2025-03-23T19:44:03.445+0000] {spark_submit.py:645} INFO - at java.base/java.util.concurrent.ThreadPoolExecutor.runWorker(ThreadPoolExecutor.java:1136)
[2025-03-23T19:44:03.445+0000] {spark_submit.py:645} INFO - at java.base/java.util.concurrent.ThreadPoolExecutor$Worker.run(ThreadPoolExecutor.java:635)
[2025-03-23T19:44:03.446+0000] {spark_submit.py:645} INFO - at java.base/java.lang.Thread.run(Thread.java:840)
[2025-03-23T19:44:03.446+0000] {spark_submit.py:645} INFO - Caused by: java.io.IOException: Failed to connect to spark-master/<unresolved>:7077
[2025-03-23T19:44:03.447+0000] {spark_submit.py:645} INFO - at org.apache.spark.network.client.TransportClientFactory.createClient(TransportClientFactory.java:294)
[2025-03-23T19:44:03.448+0000] {spark_submit.py:645} INFO - at org.apache.spark.network.client.TransportClientFactory.createClient(TransportClientFactory.java:214)
[2025-03-23T19:44:03.448+0000] {spark_submit.py:645} INFO - at org.apache.spark.network.client.TransportClientFactory.createClient(TransportClientFactory.java:226)
[2025-03-23T19:44:03.449+0000] {spark_submit.py:645} INFO - at org.apache.spark.rpc.netty.NettyRpcEnv.createClient(NettyRpcEnv.scala:204)
[2025-03-23T19:44:03.449+0000] {spark_submit.py:645} INFO - at org.apache.spark.rpc.netty.Outbox$$anon$1.call(Outbox.scala:202)
[2025-03-23T19:44:03.450+0000] {spark_submit.py:645} INFO - at org.apache.spark.rpc.netty.Outbox$$anon$1.call(Outbox.scala:198)
[2025-03-23T19:44:03.450+0000] {spark_submit.py:645} INFO - ... 4 more
[2025-03-23T19:44:03.451+0000] {spark_submit.py:645} INFO - Caused by: java.net.UnknownHostException: spark-master
[2025-03-23T19:44:03.451+0000] {spark_submit.py:645} INFO - at java.base/java.net.InetAddress$CachedAddresses.get(InetAddress.java:801)
[2025-03-23T19:44:03.452+0000] {spark_submit.py:645} INFO - at java.base/java.net.InetAddress.getAllByName0(InetAddress.java:1533)
[2025-03-23T19:44:03.453+0000] {spark_submit.py:645} INFO - at java.base/java.net.InetAddress.getAllByName(InetAddress.java:1385)
[2025-03-23T19:44:03.453+0000] {spark_submit.py:645} INFO - at java.base/java.net.InetAddress.getAllByName(InetAddress.java:1306)
[2025-03-23T19:44:03.454+0000] {spark_submit.py:645} INFO - at java.base/java.net.InetAddress.getByName(InetAddress.java:1256)
[2025-03-23T19:44:03.454+0000] {spark_submit.py:645} INFO - at io.netty.util.internal.SocketUtils$8.run(SocketUtils.java:156)
[2025-03-23T19:44:03.455+0000] {spark_submit.py:645} INFO - at io.netty.util.internal.SocketUtils$8.run(SocketUtils.java:153)
[2025-03-23T19:44:03.455+0000] {spark_submit.py:645} INFO - at java.base/java.security.AccessController.doPrivileged(AccessController.java:569)
[2025-03-23T19:44:03.456+0000] {spark_submit.py:645} INFO - at io.netty.util.internal.SocketUtils.addressByName(SocketUtils.java:153)
[2025-03-23T19:44:03.456+0000] {spark_submit.py:645} INFO - at io.netty.resolver.DefaultNameResolver.doResolve(DefaultNameResolver.java:41)
[2025-03-23T19:44:03.457+0000] {spark_submit.py:645} INFO - at io.netty.resolver.SimpleNameResolver.resolve(SimpleNameResolver.java:61)
[2025-03-23T19:44:03.457+0000] {spark_submit.py:645} INFO - at io.netty.resolver.SimpleNameResolver.resolve(SimpleNameResolver.java:53)
[2025-03-23T19:44:03.458+0000] {spark_submit.py:645} INFO - at io.netty.resolver.InetSocketAddressResolver.doResolve(InetSocketAddressResolver.java:55)
[2025-03-23T19:44:03.458+0000] {spark_submit.py:645} INFO - at io.netty.resolver.InetSocketAddressResolver.doResolve(InetSocketAddressResolver.java:31)
[2025-03-23T19:44:03.459+0000] {spark_submit.py:645} INFO - at io.netty.resolver.AbstractAddressResolver.resolve(AbstractAddressResolver.java:106)
[2025-03-23T19:44:03.459+0000] {spark_submit.py:645} INFO - at io.netty.bootstrap.Bootstrap.doResolveAndConnect0(Bootstrap.java:220)
[2025-03-23T19:44:03.460+0000] {spark_submit.py:645} INFO - at io.netty.bootstrap.Bootstrap.access$000(Bootstrap.java:46)
[2025-03-23T19:44:03.460+0000] {spark_submit.py:645} INFO - at io.netty.bootstrap.Bootstrap$1.operationComplete(Bootstrap.java:189)
[2025-03-23T19:44:03.461+0000] {spark_submit.py:645} INFO - at io.netty.bootstrap.Bootstrap$1.operationComplete(Bootstrap.java:175)
[2025-03-23T19:44:03.461+0000] {spark_submit.py:645} INFO - at io.netty.util.concurrent.DefaultPromise.notifyListener0(DefaultPromise.java:590)
[2025-03-23T19:44:03.462+0000] {spark_submit.py:645} INFO - at io.netty.util.concurrent.DefaultPromise.notifyListenersNow(DefaultPromise.java:557)
[2025-03-23T19:44:03.462+0000] {spark_submit.py:645} INFO - at io.netty.util.concurrent.DefaultPromise.notifyListeners(DefaultPromise.java:492)
[2025-03-23T19:44:03.463+0000] {spark_submit.py:645} INFO - at io.netty.util.concurrent.DefaultPromise.setValue0(DefaultPromise.java:636)
[2025-03-23T19:44:03.463+0000] {spark_submit.py:645} INFO - at io.netty.util.concurrent.DefaultPromise.setSuccess0(DefaultPromise.java:625)
[2025-03-23T19:44:03.464+0000] {spark_submit.py:645} INFO - at io.netty.util.concurrent.DefaultPromise.trySuccess(DefaultPromise.java:105)
[2025-03-23T19:44:03.464+0000] {spark_submit.py:645} INFO - at io.netty.channel.DefaultChannelPromise.trySuccess(DefaultChannelPromise.java:84)
[2025-03-23T19:44:03.465+0000] {spark_submit.py:645} INFO - at io.netty.channel.AbstractChannel$AbstractUnsafe.safeSetSuccess(AbstractChannel.java:990)
[2025-03-23T19:44:03.465+0000] {spark_submit.py:645} INFO - at io.netty.channel.AbstractChannel$AbstractUnsafe.register0(AbstractChannel.java:516)
[2025-03-23T19:44:03.466+0000] {spark_submit.py:645} INFO - at io.netty.channel.AbstractChannel$AbstractUnsafe.access$200(AbstractChannel.java:429)
[2025-03-23T19:44:03.467+0000] {spark_submit.py:645} INFO - at io.netty.channel.AbstractChannel$AbstractUnsafe$1.run(AbstractChannel.java:486)
[2025-03-23T19:44:03.467+0000] {spark_submit.py:645} INFO - at io.netty.util.concurrent.AbstractEventExecutor.runTask(AbstractEventExecutor.java:174)
[2025-03-23T19:44:03.468+0000] {spark_submit.py:645} INFO - at io.netty.util.concurrent.AbstractEventExecutor.safeExecute(AbstractEventExecutor.java:167)
[2025-03-23T19:44:03.469+0000] {spark_submit.py:645} INFO - at io.netty.util.concurrent.SingleThreadEventExecutor.runAllTasks(SingleThreadEventExecutor.java:470)
[2025-03-23T19:44:03.469+0000] {spark_submit.py:645} INFO - at io.netty.channel.nio.NioEventLoop.run(NioEventLoop.java:569)
[2025-03-23T19:44:03.470+0000] {spark_submit.py:645} INFO - at io.netty.util.concurrent.SingleThreadEventExecutor$4.run(SingleThreadEventExecutor.java:997)
[2025-03-23T19:44:03.470+0000] {spark_submit.py:645} INFO - at io.netty.util.internal.ThreadExecutorMap$2.run(ThreadExecutorMap.java:74)
[2025-03-23T19:44:03.471+0000] {spark_submit.py:645} INFO - at io.netty.util.concurrent.FastThreadLocalRunnable.run(FastThreadLocalRunnable.java:30)
[2025-03-23T19:44:03.472+0000] {spark_submit.py:645} INFO - ... 1 more
[2025-03-23T19:44:20.137+0000] {spark_submit.py:645} INFO - 25/03/23 19:44:20 INFO StandaloneAppClient$ClientEndpoint: Connecting to master spark://spark-master:7077...
[2025-03-23T19:44:23.497+0000] {spark_submit.py:645} INFO - 25/03/23 19:44:23 WARN TransportClientFactory: DNS resolution failed for spark-master/<unresolved>:7077 took 3358 ms
[2025-03-23T19:44:23.502+0000] {spark_submit.py:645} INFO - 25/03/23 19:44:23 WARN StandaloneAppClient$ClientEndpoint: Failed to connect to master spark-master:7077
[2025-03-23T19:44:23.503+0000] {spark_submit.py:645} INFO - org.apache.spark.SparkException: Exception thrown in awaitResult:
[2025-03-23T19:44:23.504+0000] {spark_submit.py:645} INFO - at org.apache.spark.util.SparkThreadUtils$.awaitResult(SparkThreadUtils.scala:56)
[2025-03-23T19:44:23.505+0000] {spark_submit.py:645} INFO - at org.apache.spark.util.ThreadUtils$.awaitResult(ThreadUtils.scala:310)
[2025-03-23T19:44:23.505+0000] {spark_submit.py:645} INFO - at org.apache.spark.rpc.RpcTimeout.awaitResult(RpcTimeout.scala:75)
[2025-03-23T19:44:23.506+0000] {spark_submit.py:645} INFO - at org.apache.spark.rpc.RpcEnv.setupEndpointRefByURI(RpcEnv.scala:102)
[2025-03-23T19:44:23.506+0000] {spark_submit.py:645} INFO - at org.apache.spark.rpc.RpcEnv.setupEndpointRef(RpcEnv.scala:110)
[2025-03-23T19:44:23.507+0000] {spark_submit.py:645} INFO - at org.apache.spark.deploy.client.StandaloneAppClient$ClientEndpoint$$anon$1.run(StandaloneAppClient.scala:108)
[2025-03-23T19:44:23.507+0000] {spark_submit.py:645} INFO - at java.base/java.util.concurrent.Executors$RunnableAdapter.call(Executors.java:539)
[2025-03-23T19:44:23.508+0000] {spark_submit.py:645} INFO - at java.base/java.util.concurrent.FutureTask.run(FutureTask.java:264)
[2025-03-23T19:44:23.508+0000] {spark_submit.py:645} INFO - at java.base/java.util.concurrent.ThreadPoolExecutor.runWorker(ThreadPoolExecutor.java:1136)
[2025-03-23T19:44:23.508+0000] {spark_submit.py:645} INFO - at java.base/java.util.concurrent.ThreadPoolExecutor$Worker.run(ThreadPoolExecutor.java:635)
[2025-03-23T19:44:23.509+0000] {spark_submit.py:645} INFO - at java.base/java.lang.Thread.run(Thread.java:840)
[2025-03-23T19:44:23.509+0000] {spark_submit.py:645} INFO - Caused by: java.io.IOException: Failed to connect to spark-master/<unresolved>:7077
[2025-03-23T19:44:23.510+0000] {spark_submit.py:645} INFO - at org.apache.spark.network.client.TransportClientFactory.createClient(TransportClientFactory.java:294)
[2025-03-23T19:44:23.510+0000] {spark_submit.py:645} INFO - at org.apache.spark.network.client.TransportClientFactory.createClient(TransportClientFactory.java:214)
[2025-03-23T19:44:23.511+0000] {spark_submit.py:645} INFO - at org.apache.spark.network.client.TransportClientFactory.createClient(TransportClientFactory.java:226)
[2025-03-23T19:44:23.511+0000] {spark_submit.py:645} INFO - at org.apache.spark.rpc.netty.NettyRpcEnv.createClient(NettyRpcEnv.scala:204)
[2025-03-23T19:44:23.511+0000] {spark_submit.py:645} INFO - at org.apache.spark.rpc.netty.Outbox$$anon$1.call(Outbox.scala:202)
[2025-03-23T19:44:23.512+0000] {spark_submit.py:645} INFO - at org.apache.spark.rpc.netty.Outbox$$anon$1.call(Outbox.scala:198)
[2025-03-23T19:44:23.512+0000] {spark_submit.py:645} INFO - ... 4 more
[2025-03-23T19:44:23.513+0000] {spark_submit.py:645} INFO - Caused by: java.net.UnknownHostException: spark-master
[2025-03-23T19:44:23.513+0000] {spark_submit.py:645} INFO - at java.base/java.net.InetAddress$CachedAddresses.get(InetAddress.java:801)
[2025-03-23T19:44:23.514+0000] {spark_submit.py:645} INFO - at java.base/java.net.InetAddress.getAllByName0(InetAddress.java:1533)
[2025-03-23T19:44:23.514+0000] {spark_submit.py:645} INFO - at java.base/java.net.InetAddress.getAllByName(InetAddress.java:1385)
[2025-03-23T19:44:23.514+0000] {spark_submit.py:645} INFO - at java.base/java.net.InetAddress.getAllByName(InetAddress.java:1306)
[2025-03-23T19:44:23.515+0000] {spark_submit.py:645} INFO - at java.base/java.net.InetAddress.getByName(InetAddress.java:1256)
[2025-03-23T19:44:23.515+0000] {spark_submit.py:645} INFO - at io.netty.util.internal.SocketUtils$8.run(SocketUtils.java:156)
[2025-03-23T19:44:23.516+0000] {spark_submit.py:645} INFO - at io.netty.util.internal.SocketUtils$8.run(SocketUtils.java:153)
[2025-03-23T19:44:23.516+0000] {spark_submit.py:645} INFO - at java.base/java.security.AccessController.doPrivileged(AccessController.java:569)
[2025-03-23T19:44:23.516+0000] {spark_submit.py:645} INFO - at io.netty.util.internal.SocketUtils.addressByName(SocketUtils.java:153)
[2025-03-23T19:44:23.517+0000] {spark_submit.py:645} INFO - at io.netty.resolver.DefaultNameResolver.doResolve(DefaultNameResolver.java:41)
[2025-03-23T19:44:23.517+0000] {spark_submit.py:645} INFO - at io.netty.resolver.SimpleNameResolver.resolve(SimpleNameResolver.java:61)
[2025-03-23T19:44:23.517+0000] {spark_submit.py:645} INFO - at io.netty.resolver.SimpleNameResolver.resolve(SimpleNameResolver.java:53)
[2025-03-23T19:44:23.518+0000] {spark_submit.py:645} INFO - at io.netty.resolver.InetSocketAddressResolver.doResolve(InetSocketAddressResolver.java:55)
[2025-03-23T19:44:23.518+0000] {spark_submit.py:645} INFO - at io.netty.resolver.InetSocketAddressResolver.doResolve(InetSocketAddressResolver.java:31)
[2025-03-23T19:44:23.519+0000] {spark_submit.py:645} INFO - at io.netty.resolver.AbstractAddressResolver.resolve(AbstractAddressResolver.java:106)
[2025-03-23T19:44:23.520+0000] {spark_submit.py:645} INFO - at io.netty.bootstrap.Bootstrap.doResolveAndConnect0(Bootstrap.java:220)
[2025-03-23T19:44:23.521+0000] {spark_submit.py:645} INFO - at io.netty.bootstrap.Bootstrap.access$000(Bootstrap.java:46)
[2025-03-23T19:44:23.521+0000] {spark_submit.py:645} INFO - at io.netty.bootstrap.Bootstrap$1.operationComplete(Bootstrap.java:189)
[2025-03-23T19:44:23.522+0000] {spark_submit.py:645} INFO - at io.netty.bootstrap.Bootstrap$1.operationComplete(Bootstrap.java:175)
[2025-03-23T19:44:23.522+0000] {spark_submit.py:645} INFO - at io.netty.util.concurrent.DefaultPromise.notifyListener0(DefaultPromise.java:590)
[2025-03-23T19:44:23.523+0000] {spark_submit.py:645} INFO - at io.netty.util.concurrent.DefaultPromise.notifyListenersNow(DefaultPromise.java:557)
[2025-03-23T19:44:23.523+0000] {spark_submit.py:645} INFO - at io.netty.util.concurrent.DefaultPromise.notifyListeners(DefaultPromise.java:492)
[2025-03-23T19:44:23.523+0000] {spark_submit.py:645} INFO - at io.netty.util.concurrent.DefaultPromise.setValue0(DefaultPromise.java:636)
[2025-03-23T19:44:23.524+0000] {spark_submit.py:645} INFO - at io.netty.util.concurrent.DefaultPromise.setSuccess0(DefaultPromise.java:625)
[2025-03-23T19:44:23.524+0000] {spark_submit.py:645} INFO - at io.netty.util.concurrent.DefaultPromise.trySuccess(DefaultPromise.java:105)
[2025-03-23T19:44:23.525+0000] {spark_submit.py:645} INFO - at io.netty.channel.DefaultChannelPromise.trySuccess(DefaultChannelPromise.java:84)
[2025-03-23T19:44:23.525+0000] {spark_submit.py:645} INFO - at io.netty.channel.AbstractChannel$AbstractUnsafe.safeSetSuccess(AbstractChannel.java:990)
[2025-03-23T19:44:23.525+0000] {spark_submit.py:645} INFO - at io.netty.channel.AbstractChannel$AbstractUnsafe.register0(AbstractChannel.java:516)
[2025-03-23T19:44:23.526+0000] {spark_submit.py:645} INFO - at io.netty.channel.AbstractChannel$AbstractUnsafe.access$200(AbstractChannel.java:429)
[2025-03-23T19:44:23.526+0000] {spark_submit.py:645} INFO - at io.netty.channel.AbstractChannel$AbstractUnsafe$1.run(AbstractChannel.java:486)
[2025-03-23T19:44:23.527+0000] {spark_submit.py:645} INFO - at io.netty.util.concurrent.AbstractEventExecutor.runTask(AbstractEventExecutor.java:174)
[2025-03-23T19:44:23.527+0000] {spark_submit.py:645} INFO - at io.netty.util.concurrent.AbstractEventExecutor.safeExecute(AbstractEventExecutor.java:167)
[2025-03-23T19:44:23.528+0000] {spark_submit.py:645} INFO - at io.netty.util.concurrent.SingleThreadEventExecutor.runAllTasks(SingleThreadEventExecutor.java:470)
[2025-03-23T19:44:23.528+0000] {spark_submit.py:645} INFO - at io.netty.channel.nio.NioEventLoop.run(NioEventLoop.java:569)
[2025-03-23T19:44:23.529+0000] {spark_submit.py:645} INFO - at io.netty.util.concurrent.SingleThreadEventExecutor$4.run(SingleThreadEventExecutor.java:997)
[2025-03-23T19:44:23.531+0000] {spark_submit.py:645} INFO - at io.netty.util.internal.ThreadExecutorMap$2.run(ThreadExecutorMap.java:74)
[2025-03-23T19:44:23.531+0000] {spark_submit.py:645} INFO - at io.netty.util.concurrent.FastThreadLocalRunnable.run(FastThreadLocalRunnable.java:30)
[2025-03-23T19:44:23.532+0000] {spark_submit.py:645} INFO - ... 1 more
[2025-03-23T19:44:40.136+0000] {spark_submit.py:645} INFO - 25/03/23 19:44:40 WARN StandaloneSchedulerBackend: Application ID is not initialized yet.
[2025-03-23T19:44:40.434+0000] {spark_submit.py:645} INFO - 25/03/23 19:44:40 ERROR StandaloneSchedulerBackend: Application has been killed. Reason: All masters are unresponsive! Giving up.
[2025-03-23T19:44:40.444+0000] {spark_submit.py:645} INFO - 25/03/23 19:44:40 INFO Utils: Successfully started service 'org.apache.spark.network.netty.NettyBlockTransferService' on port 46823.
[2025-03-23T19:44:40.445+0000] {spark_submit.py:645} INFO - 25/03/23 19:44:40 INFO NettyBlockTransferService: Server created on ffe4e0703eb1:46823
[2025-03-23T19:44:40.445+0000] {spark_submit.py:645} INFO - 25/03/23 19:44:40 INFO BlockManager: Using org.apache.spark.storage.RandomBlockReplicationPolicy for block replication policy
[2025-03-23T19:44:40.450+0000] {spark_submit.py:645} INFO - 25/03/23 19:44:40 INFO BlockManagerMaster: Registering BlockManager BlockManagerId(driver, ffe4e0703eb1, 46823, None)
[2025-03-23T19:44:40.455+0000] {spark_submit.py:645} INFO - 25/03/23 19:44:40 INFO BlockManagerMasterEndpoint: Registering block manager ffe4e0703eb1:46823 with 434.4 MiB RAM, BlockManagerId(driver, ffe4e0703eb1, 46823, None)
[2025-03-23T19:44:40.459+0000] {spark_submit.py:645} INFO - 25/03/23 19:44:40 INFO BlockManagerMaster: Registered BlockManager BlockManagerId(driver, ffe4e0703eb1, 46823, None)
[2025-03-23T19:44:40.460+0000] {spark_submit.py:645} INFO - 25/03/23 19:44:40 INFO BlockManager: Initialized BlockManager: BlockManagerId(driver, ffe4e0703eb1, 46823, None)
[2025-03-23T19:44:40.710+0000] {spark_submit.py:645} INFO - 25/03/23 19:44:40 INFO StandaloneSchedulerBackend: SchedulerBackend is ready for scheduling beginning after reached minRegisteredResourcesRatio: 0.0
[2025-03-23T19:44:41.054+0000] {spark_submit.py:645} INFO - 25/03/23 19:44:41 INFO SharedState: Setting hive.metastore.warehouse.dir ('null') to the value of spark.sql.warehouse.dir.
[2025-03-23T19:44:41.064+0000] {spark_submit.py:645} INFO - 25/03/23 19:44:41 INFO SharedState: Warehouse path is 'file:/opt/spark-warehouse'.
[2025-03-23T19:44:41.121+0000] {spark_submit.py:645} INFO - 25/03/23 19:44:41 INFO SparkContext: SparkContext is stopping with exitCode 0.
[2025-03-23T19:44:41.145+0000] {spark_submit.py:645} INFO - 25/03/23 19:44:41 INFO SparkUI: Stopped Spark web UI at http://ffe4e0703eb1:4040
[2025-03-23T19:44:41.150+0000] {spark_submit.py:645} INFO - 25/03/23 19:44:41 INFO StandaloneSchedulerBackend: Shutting down all executors
[2025-03-23T19:44:41.153+0000] {spark_submit.py:645} INFO - 25/03/23 19:44:41 INFO StandaloneSchedulerBackend$StandaloneDriverEndpoint: Asking each executor to shut down
[2025-03-23T19:44:41.159+0000] {spark_submit.py:645} INFO - 25/03/23 19:44:41 WARN StandaloneAppClient$ClientEndpoint: Drop UnregisterApplication(null) because has not yet connected to master
[2025-03-23T19:44:41.184+0000] {spark_submit.py:645} INFO - 25/03/23 19:44:41 INFO MapOutputTrackerMasterEndpoint: MapOutputTrackerMasterEndpoint stopped!
[2025-03-23T19:44:41.218+0000] {spark_submit.py:645} INFO - 25/03/23 19:44:41 INFO MemoryStore: MemoryStore cleared
[2025-03-23T19:44:41.219+0000] {spark_submit.py:645} INFO - 25/03/23 19:44:41 INFO BlockManager: BlockManager stopped
[2025-03-23T19:44:41.227+0000] {spark_submit.py:645} INFO - 25/03/23 19:44:41 INFO BlockManagerMaster: BlockManagerMaster stopped
[2025-03-23T19:44:41.231+0000] {spark_submit.py:645} INFO - 25/03/23 19:44:41 INFO OutputCommitCoordinator$OutputCommitCoordinatorEndpoint: OutputCommitCoordinator stopped!
[2025-03-23T19:44:41.278+0000] {spark_submit.py:645} INFO - 25/03/23 19:44:41 INFO SparkContext: Successfully stopped SparkContext
[2025-03-23T19:44:42.389+0000] {spark_submit.py:645} INFO - 25/03/23 19:44:42 WARN FileStreamSink: Assume no metadata directory. Error while looking for metadata directory in the path: s3a://raw/playlist_20250323_190824.json.
[2025-03-23T19:44:42.390+0000] {spark_submit.py:645} INFO - java.lang.RuntimeException: java.lang.ClassNotFoundException: Class org.apache.hadoop.fs.s3a.S3AFileSystem not found
[2025-03-23T19:44:42.390+0000] {spark_submit.py:645} INFO - at org.apache.hadoop.conf.Configuration.getClass(Configuration.java:2688)
[2025-03-23T19:44:42.391+0000] {spark_submit.py:645} INFO - at org.apache.hadoop.fs.FileSystem.getFileSystemClass(FileSystem.java:3431)
[2025-03-23T19:44:42.391+0000] {spark_submit.py:645} INFO - at org.apache.hadoop.fs.FileSystem.createFileSystem(FileSystem.java:3466)
[2025-03-23T19:44:42.392+0000] {spark_submit.py:645} INFO - at org.apache.hadoop.fs.FileSystem.access$300(FileSystem.java:174)
[2025-03-23T19:44:42.393+0000] {spark_submit.py:645} INFO - at org.apache.hadoop.fs.FileSystem$Cache.getInternal(FileSystem.java:3574)
[2025-03-23T19:44:42.393+0000] {spark_submit.py:645} INFO - at org.apache.hadoop.fs.FileSystem$Cache.get(FileSystem.java:3521)
[2025-03-23T19:44:42.394+0000] {spark_submit.py:645} INFO - at org.apache.hadoop.fs.FileSystem.get(FileSystem.java:540)
[2025-03-23T19:44:42.394+0000] {spark_submit.py:645} INFO - at org.apache.hadoop.fs.Path.getFileSystem(Path.java:365)
[2025-03-23T19:44:42.395+0000] {spark_submit.py:645} INFO - at org.apache.spark.sql.execution.streaming.FileStreamSink$.hasMetadata(FileStreamSink.scala:53)
[2025-03-23T19:44:42.396+0000] {spark_submit.py:645} INFO - at org.apache.spark.sql.execution.datasources.DataSource.resolveRelation(DataSource.scala:366)
[2025-03-23T19:44:42.396+0000] {spark_submit.py:645} INFO - at org.apache.spark.sql.DataFrameReader.loadV1Source(DataFrameReader.scala:229)
[2025-03-23T19:44:42.397+0000] {spark_submit.py:645} INFO - at org.apache.spark.sql.DataFrameReader.$anonfun$load$2(DataFrameReader.scala:211)
[2025-03-23T19:44:42.398+0000] {spark_submit.py:645} INFO - at scala.Option.getOrElse(Option.scala:189)
[2025-03-23T19:44:42.398+0000] {spark_submit.py:645} INFO - at org.apache.spark.sql.DataFrameReader.load(DataFrameReader.scala:211)
[2025-03-23T19:44:42.399+0000] {spark_submit.py:645} INFO - at org.apache.spark.sql.DataFrameReader.json(DataFrameReader.scala:362)
[2025-03-23T19:44:42.400+0000] {spark_submit.py:645} INFO - at java.base/jdk.internal.reflect.NativeMethodAccessorImpl.invoke0(Native Method)
[2025-03-23T19:44:42.400+0000] {spark_submit.py:645} INFO - at java.base/jdk.internal.reflect.NativeMethodAccessorImpl.invoke(NativeMethodAccessorImpl.java:77)
[2025-03-23T19:44:42.401+0000] {spark_submit.py:645} INFO - at java.base/jdk.internal.reflect.DelegatingMethodAccessorImpl.invoke(DelegatingMethodAccessorImpl.java:43)
[2025-03-23T19:44:42.401+0000] {spark_submit.py:645} INFO - at java.base/java.lang.reflect.Method.invoke(Method.java:569)
[2025-03-23T19:44:42.402+0000] {spark_submit.py:645} INFO - at py4j.reflection.MethodInvoker.invoke(MethodInvoker.java:244)
[2025-03-23T19:44:42.403+0000] {spark_submit.py:645} INFO - at py4j.reflection.ReflectionEngine.invoke(ReflectionEngine.java:374)
[2025-03-23T19:44:42.404+0000] {spark_submit.py:645} INFO - at py4j.Gateway.invoke(Gateway.java:282)
[2025-03-23T19:44:42.404+0000] {spark_submit.py:645} INFO - at py4j.commands.AbstractCommand.invokeMethod(AbstractCommand.java:132)
[2025-03-23T19:44:42.405+0000] {spark_submit.py:645} INFO - at py4j.commands.CallCommand.execute(CallCommand.java:79)
[2025-03-23T19:44:42.405+0000] {spark_submit.py:645} INFO - at py4j.ClientServerConnection.waitForCommands(ClientServerConnection.java:182)
[2025-03-23T19:44:42.405+0000] {spark_submit.py:645} INFO - at py4j.ClientServerConnection.run(ClientServerConnection.java:106)
[2025-03-23T19:44:42.406+0000] {spark_submit.py:645} INFO - at java.base/java.lang.Thread.run(Thread.java:840)
[2025-03-23T19:44:42.407+0000] {spark_submit.py:645} INFO - Caused by: java.lang.ClassNotFoundException: Class org.apache.hadoop.fs.s3a.S3AFileSystem not found
[2025-03-23T19:44:42.407+0000] {spark_submit.py:645} INFO - at org.apache.hadoop.conf.Configuration.getClassByName(Configuration.java:2592)
[2025-03-23T19:44:42.408+0000] {spark_submit.py:645} INFO - at org.apache.hadoop.conf.Configuration.getClass(Configuration.java:2686)
[2025-03-23T19:44:42.408+0000] {spark_submit.py:645} INFO - ... 26 more
[2025-03-23T19:44:42.494+0000] {spark_submit.py:645} INFO - Traceback (most recent call last):
[2025-03-23T19:44:42.494+0000] {spark_submit.py:645} INFO - File "/spark_job/data_transformation.py", line 63, in <module>
[2025-03-23T19:44:42.497+0000] {spark_submit.py:645} INFO - data_transformation(spark)
[2025-03-23T19:44:42.498+0000] {spark_submit.py:645} INFO - File "/spark_job/data_transformation.py", line 44, in data_transformation
[2025-03-23T19:44:42.501+0000] {spark_submit.py:645} INFO - df_raw = spark.read.option("multiline", "true").json("s3a://raw/playlist_20250323_190824.json")
[2025-03-23T19:44:42.501+0000] {spark_submit.py:645} INFO - ^^^^^^^^^^^^^^^^^^^^^^^^^^^^^^^^^^^^^^^^^^^^^^^^^^^^^^^^^^^^^^^^^^^^^^^^^^^^^^^^^^^^^^
[2025-03-23T19:44:42.502+0000] {spark_submit.py:645} INFO - File "/home/***/.local/lib/python3.11/site-packages/pyspark/python/lib/pyspark.zip/pyspark/sql/readwriter.py", line 425, in json
[2025-03-23T19:44:42.504+0000] {spark_submit.py:645} INFO - File "/home/***/.local/lib/python3.11/site-packages/pyspark/python/lib/py4j-0.10.9.7-src.zip/py4j/java_gateway.py", line 1322, in __call__
[2025-03-23T19:44:42.505+0000] {spark_submit.py:645} INFO - File "/home/***/.local/lib/python3.11/site-packages/pyspark/python/lib/pyspark.zip/pyspark/errors/exceptions/captured.py", line 179, in deco
[2025-03-23T19:44:42.506+0000] {spark_submit.py:645} INFO - File "/home/***/.local/lib/python3.11/site-packages/pyspark/python/lib/py4j-0.10.9.7-src.zip/py4j/protocol.py", line 326, in get_return_value
[2025-03-23T19:44:42.507+0000] {spark_submit.py:645} INFO - py4j.protocol.Py4JJavaError: An error occurred while calling o44.json.
[2025-03-23T19:44:42.507+0000] {spark_submit.py:645} INFO - : java.lang.RuntimeException: java.lang.ClassNotFoundException: Class org.apache.hadoop.fs.s3a.S3AFileSystem not found
[2025-03-23T19:44:42.508+0000] {spark_submit.py:645} INFO - at org.apache.hadoop.conf.Configuration.getClass(Configuration.java:2688)
[2025-03-23T19:44:42.508+0000] {spark_submit.py:645} INFO - at org.apache.hadoop.fs.FileSystem.getFileSystemClass(FileSystem.java:3431)
[2025-03-23T19:44:42.509+0000] {spark_submit.py:645} INFO - at org.apache.hadoop.fs.FileSystem.createFileSystem(FileSystem.java:3466)
[2025-03-23T19:44:42.509+0000] {spark_submit.py:645} INFO - at org.apache.hadoop.fs.FileSystem.access$300(FileSystem.java:174)
[2025-03-23T19:44:42.509+0000] {spark_submit.py:645} INFO - at org.apache.hadoop.fs.FileSystem$Cache.getInternal(FileSystem.java:3574)
[2025-03-23T19:44:42.510+0000] {spark_submit.py:645} INFO - at org.apache.hadoop.fs.FileSystem$Cache.get(FileSystem.java:3521)
[2025-03-23T19:44:42.510+0000] {spark_submit.py:645} INFO - at org.apache.hadoop.fs.FileSystem.get(FileSystem.java:540)
[2025-03-23T19:44:42.511+0000] {spark_submit.py:645} INFO - at org.apache.hadoop.fs.Path.getFileSystem(Path.java:365)
[2025-03-23T19:44:42.511+0000] {spark_submit.py:645} INFO - at org.apache.spark.sql.execution.datasources.DataSource$.$anonfun$checkAndGlobPathIfNecessary$1(DataSource.scala:724)
[2025-03-23T19:44:42.511+0000] {spark_submit.py:645} INFO - at scala.collection.immutable.List.map(List.scala:293)
[2025-03-23T19:44:42.512+0000] {spark_submit.py:645} INFO - at org.apache.spark.sql.execution.datasources.DataSource$.checkAndGlobPathIfNecessary(DataSource.scala:722)
[2025-03-23T19:44:42.513+0000] {spark_submit.py:645} INFO - at org.apache.spark.sql.execution.datasources.DataSource.checkAndGlobPathIfNecessary(DataSource.scala:551)
[2025-03-23T19:44:42.513+0000] {spark_submit.py:645} INFO - at org.apache.spark.sql.execution.datasources.DataSource.resolveRelation(DataSource.scala:404)
[2025-03-23T19:44:42.514+0000] {spark_submit.py:645} INFO - at org.apache.spark.sql.DataFrameReader.loadV1Source(DataFrameReader.scala:229)
[2025-03-23T19:44:42.514+0000] {spark_submit.py:645} INFO - at org.apache.spark.sql.DataFrameReader.$anonfun$load$2(DataFrameReader.scala:211)
[2025-03-23T19:44:42.515+0000] {spark_submit.py:645} INFO - at scala.Option.getOrElse(Option.scala:189)
[2025-03-23T19:44:42.515+0000] {spark_submit.py:645} INFO - at org.apache.spark.sql.DataFrameReader.load(DataFrameReader.scala:211)
[2025-03-23T19:44:42.516+0000] {spark_submit.py:645} INFO - at org.apache.spark.sql.DataFrameReader.json(DataFrameReader.scala:362)
[2025-03-23T19:44:42.516+0000] {spark_submit.py:645} INFO - at java.base/jdk.internal.reflect.NativeMethodAccessorImpl.invoke0(Native Method)
[2025-03-23T19:44:42.517+0000] {spark_submit.py:645} INFO - at java.base/jdk.internal.reflect.NativeMethodAccessorImpl.invoke(NativeMethodAccessorImpl.java:77)
[2025-03-23T19:44:42.517+0000] {spark_submit.py:645} INFO - at java.base/jdk.internal.reflect.DelegatingMethodAccessorImpl.invoke(DelegatingMethodAccessorImpl.java:43)
[2025-03-23T19:44:42.518+0000] {spark_submit.py:645} INFO - at java.base/java.lang.reflect.Method.invoke(Method.java:569)
[2025-03-23T19:44:42.519+0000] {spark_submit.py:645} INFO - at py4j.reflection.MethodInvoker.invoke(MethodInvoker.java:244)
[2025-03-23T19:44:42.520+0000] {spark_submit.py:645} INFO - at py4j.reflection.ReflectionEngine.invoke(ReflectionEngine.java:374)
[2025-03-23T19:44:42.521+0000] {spark_submit.py:645} INFO - at py4j.Gateway.invoke(Gateway.java:282)
[2025-03-23T19:44:42.522+0000] {spark_submit.py:645} INFO - at py4j.commands.AbstractCommand.invokeMethod(AbstractCommand.java:132)
[2025-03-23T19:44:42.522+0000] {spark_submit.py:645} INFO - at py4j.commands.CallCommand.execute(CallCommand.java:79)
[2025-03-23T19:44:42.522+0000] {spark_submit.py:645} INFO - at py4j.ClientServerConnection.waitForCommands(ClientServerConnection.java:182)
[2025-03-23T19:44:42.523+0000] {spark_submit.py:645} INFO - at py4j.ClientServerConnection.run(ClientServerConnection.java:106)
[2025-03-23T19:44:42.523+0000] {spark_submit.py:645} INFO - at java.base/java.lang.Thread.run(Thread.java:840)
[2025-03-23T19:44:42.524+0000] {spark_submit.py:645} INFO - Caused by: java.lang.ClassNotFoundException: Class org.apache.hadoop.fs.s3a.S3AFileSystem not found
[2025-03-23T19:44:42.524+0000] {spark_submit.py:645} INFO - at org.apache.hadoop.conf.Configuration.getClassByName(Configuration.java:2592)
[2025-03-23T19:44:42.525+0000] {spark_submit.py:645} INFO - at org.apache.hadoop.conf.Configuration.getClass(Configuration.java:2686)
[2025-03-23T19:44:42.525+0000] {spark_submit.py:645} INFO - ... 29 more
[2025-03-23T19:44:42.526+0000] {spark_submit.py:645} INFO - 
[2025-03-23T19:44:42.593+0000] {spark_submit.py:645} INFO - 25/03/23 19:44:42 INFO ShutdownHookManager: Shutdown hook called
[2025-03-23T19:44:42.594+0000] {spark_submit.py:645} INFO - 25/03/23 19:44:42 INFO ShutdownHookManager: Deleting directory /tmp/spark-1964406b-4a1c-4d65-818c-75b59efc3681
[2025-03-23T19:44:42.601+0000] {spark_submit.py:645} INFO - 25/03/23 19:44:42 INFO ShutdownHookManager: Deleting directory /tmp/spark-1a147480-0799-43a0-bd78-bbdc116c2adc/pyspark-fdcb3c8f-21aa-43c3-8f0d-bb95e6490aed
[2025-03-23T19:44:42.608+0000] {spark_submit.py:645} INFO - 25/03/23 19:44:42 INFO ShutdownHookManager: Deleting directory /tmp/spark-1a147480-0799-43a0-bd78-bbdc116c2adc
[2025-03-23T19:44:42.671+0000] {taskinstance.py:441} INFO - ::group::Post task execution logs
[2025-03-23T19:44:42.687+0000] {taskinstance.py:2905} ERROR - Task failed with exception
Traceback (most recent call last):
  File "/home/airflow/.local/lib/python3.11/site-packages/airflow/models/taskinstance.py", line 465, in _execute_task
    result = _execute_callable(context=context, **execute_callable_kwargs)
             ^^^^^^^^^^^^^^^^^^^^^^^^^^^^^^^^^^^^^^^^^^^^^^^^^^^^^^^^^^^^^
  File "/home/airflow/.local/lib/python3.11/site-packages/airflow/models/taskinstance.py", line 432, in _execute_callable
    return execute_callable(context=context, **execute_callable_kwargs)
           ^^^^^^^^^^^^^^^^^^^^^^^^^^^^^^^^^^^^^^^^^^^^^^^^^^^^^^^^^^^^
  File "/home/airflow/.local/lib/python3.11/site-packages/airflow/models/baseoperator.py", line 401, in wrapper
    return func(self, *args, **kwargs)
           ^^^^^^^^^^^^^^^^^^^^^^^^^^^
  File "/home/airflow/.local/lib/python3.11/site-packages/airflow/operators/python.py", line 235, in execute
    return_value = self.execute_callable()
                   ^^^^^^^^^^^^^^^^^^^^^^^
  File "/home/airflow/.local/lib/python3.11/site-packages/airflow/operators/python.py", line 252, in execute_callable
    return self.python_callable(*self.op_args, **self.op_kwargs)
           ^^^^^^^^^^^^^^^^^^^^^^^^^^^^^^^^^^^^^^^^^^^^^^^^^^^^^
  File "/opt/airflow/dags/data_pipeline_dag.py", line 93, in spark_dtransformation
  File "/home/airflow/.local/lib/python3.11/site-packages/airflow/models/baseoperator.py", line 401, in wrapper
    return func(self, *args, **kwargs)
           ^^^^^^^^^^^^^^^^^^^^^^^^^^^
  File "/home/airflow/.local/lib/python3.11/site-packages/airflow/providers/apache/spark/operators/spark_submit.py", line 177, in execute
    self._hook.submit(self.application)
  File "/home/airflow/.local/lib/python3.11/site-packages/airflow/providers/apache/spark/hooks/spark_submit.py", line 567, in submit
    raise AirflowException(
airflow.exceptions.AirflowException: Cannot execute: spark-submit --master spark://spark-master:7077 --conf spark.executor.memory=2g --conf spark.executor.cores=2 --conf spark.jars=/opt/***/dags/jars/hadoop-aws-3.3.4 --conf spark.hadoop.fs.s3a.connection.ssl.enabled=false --conf spark.hadoop.fs.s3a.impl=org.apache.hadoop.fs.s3a.S3AFileSystem --principal *** --name arrow-spark --verbose --deploy-mode client /spark_job/data_transformation.py s3://raw/playlist_20250323_190824.json. Error code is: 1.
[2025-03-23T19:44:42.697+0000] {taskinstance.py:1206} INFO - Marking task as UP_FOR_RETRY. dag_id=spotify_etl_pipeline, task_id=transformation, run_id=scheduled__2025-03-22T00:00:00+00:00, execution_date=20250322T000000, start_date=20250323T194334, end_date=20250323T194442
[2025-03-23T19:44:42.767+0000] {standard_task_runner.py:110} ERROR - Failed to execute job 29 for task transformation (Cannot execute: spark-submit --master spark://spark-master:7077 --conf spark.executor.memory=2g --conf spark.executor.cores=2 --conf spark.jars=/opt/***/dags/jars/hadoop-aws-3.3.4 --conf spark.hadoop.fs.s3a.connection.ssl.enabled=false --conf spark.hadoop.fs.s3a.impl=org.apache.hadoop.fs.s3a.S3AFileSystem --principal *** --name arrow-spark --verbose --deploy-mode client /spark_job/data_transformation.py s3://raw/playlist_20250323_190824.json. Error code is: 1.; 2350)
[2025-03-23T19:44:42.815+0000] {local_task_job_runner.py:240} INFO - Task exited with return code 1
[2025-03-23T19:44:42.863+0000] {taskinstance.py:3503} INFO - 0 downstream tasks scheduled from follow-on schedule check
[2025-03-23T19:44:43.625+0000] {local_task_job_runner.py:222} INFO - ::endgroup::
