[2025-03-23T19:57:08.485+0000] {local_task_job_runner.py:120} INFO - ::group::Pre task execution logs
[2025-03-23T19:57:08.536+0000] {taskinstance.py:2076} INFO - Dependencies all met for dep_context=non-requeueable deps ti=<TaskInstance: spotify_etl_pipeline.transformation scheduled__2025-03-22T00:00:00+00:00 [queued]>
[2025-03-23T19:57:08.557+0000] {taskinstance.py:2076} INFO - Dependencies all met for dep_context=requeueable deps ti=<TaskInstance: spotify_etl_pipeline.transformation scheduled__2025-03-22T00:00:00+00:00 [queued]>
[2025-03-23T19:57:08.560+0000] {taskinstance.py:2306} INFO - Starting attempt 23 of 24
[2025-03-23T19:57:08.604+0000] {taskinstance.py:2330} INFO - Executing <Task(PythonOperator): transformation> on 2025-03-22 00:00:00+00:00
[2025-03-23T19:57:08.624+0000] {standard_task_runner.py:63} INFO - Started process 2859 to run task
[2025-03-23T19:57:08.628+0000] {standard_task_runner.py:90} INFO - Running: ['***', 'tasks', 'run', 'spotify_etl_pipeline', 'transformation', 'scheduled__2025-03-22T00:00:00+00:00', '--job-id', '34', '--raw', '--subdir', 'DAGS_FOLDER/data_pipeline_dag.py', '--cfg-path', '/tmp/tmprk2rqsr3']
[2025-03-23T19:57:08.631+0000] {standard_task_runner.py:91} INFO - Job 34: Subtask transformation
[2025-03-23T19:57:08.764+0000] {task_command.py:426} INFO - Running <TaskInstance: spotify_etl_pipeline.transformation scheduled__2025-03-22T00:00:00+00:00 [running]> on host ffe4e0703eb1
[2025-03-23T19:57:09.000+0000] {taskinstance.py:2648} INFO - Exporting env vars: AIRFLOW_CTX_DAG_OWNER='lobobranco' AIRFLOW_CTX_DAG_ID='spotify_etl_pipeline' AIRFLOW_CTX_TASK_ID='transformation' AIRFLOW_CTX_EXECUTION_DATE='2025-03-22T00:00:00+00:00' AIRFLOW_CTX_TRY_NUMBER='23' AIRFLOW_CTX_DAG_RUN_ID='scheduled__2025-03-22T00:00:00+00:00'
[2025-03-23T19:57:09.001+0000] {taskinstance.py:430} INFO - ::endgroup::
[2025-03-23T19:57:09.040+0000] {data_pipeline_dag.py:77} INFO - Transforming data from file: s3://raw/playlist_20250323_190824.json
[2025-03-23T19:57:09.041+0000] {baseoperator.py:400} WARNING - SparkSubmitOperator.execute cannot be called outside TaskInstance!
[2025-03-23T19:57:09.059+0000] {base.py:84} INFO - Using connection ID 'spark_default' for task execution.
[2025-03-23T19:57:09.060+0000] {spark_submit.py:328} ERROR - Failed to decode base64 keytab: Incorrect padding
[2025-03-23T19:57:09.061+0000] {spark_submit.py:305} INFO - Could not load connection string spark_default, defaulting to spark://spark-master:7077
[2025-03-23T19:57:09.063+0000] {spark_submit.py:474} INFO - Spark-Submit cmd: spark-submit --master spark://spark-master:7077 --conf spark.executor.memory=2g --conf spark.executor.cores=2 --conf spark.jars=/opt/***/dags/jars/aws-java-sdk-bundle-1.12.262.jar, /opt/***/dags/jars/hadoop-aws-3.3.4.jar --conf spark.hadoop.fs.s3a.connection.ssl.enabled=false --conf spark.hadoop.fs.s3a.impl=org.apache.hadoop.fs.s3a.S3AFileSystem --principal *** --name arrow-spark --verbose --deploy-mode client /spark_job/data_transformation.py s3://raw/playlist_20250323_190824.json
[2025-03-23T19:57:09.185+0000] {spark_submit.py:645} INFO - /home/***/.local/lib/python3.11/site-packages/pyspark/bin/load-spark-env.sh: line 68: ps: command not found
[2025-03-23T19:57:18.403+0000] {spark_submit.py:645} INFO - Using properties file: null
[2025-03-23T19:57:18.777+0000] {spark_submit.py:645} INFO - Parsed arguments:
[2025-03-23T19:57:18.778+0000] {spark_submit.py:645} INFO - master                  spark://spark-master:7077
[2025-03-23T19:57:18.779+0000] {spark_submit.py:645} INFO - remote                  null
[2025-03-23T19:57:18.780+0000] {spark_submit.py:645} INFO - deployMode              client
[2025-03-23T19:57:18.781+0000] {spark_submit.py:645} INFO - executorMemory          2g
[2025-03-23T19:57:18.783+0000] {spark_submit.py:645} INFO - executorCores           2
[2025-03-23T19:57:18.783+0000] {spark_submit.py:645} INFO - totalExecutorCores      null
[2025-03-23T19:57:18.784+0000] {spark_submit.py:645} INFO - propertiesFile          null
[2025-03-23T19:57:18.785+0000] {spark_submit.py:645} INFO - driverMemory            null
[2025-03-23T19:57:18.786+0000] {spark_submit.py:645} INFO - driverCores             null
[2025-03-23T19:57:18.787+0000] {spark_submit.py:645} INFO - driverExtraClassPath    null
[2025-03-23T19:57:18.789+0000] {spark_submit.py:645} INFO - driverExtraLibraryPath  null
[2025-03-23T19:57:18.791+0000] {spark_submit.py:645} INFO - driverExtraJavaOptions  null
[2025-03-23T19:57:18.791+0000] {spark_submit.py:645} INFO - supervise               false
[2025-03-23T19:57:18.792+0000] {spark_submit.py:645} INFO - queue                   null
[2025-03-23T19:57:18.794+0000] {spark_submit.py:645} INFO - numExecutors            null
[2025-03-23T19:57:18.795+0000] {spark_submit.py:645} INFO - files                   null
[2025-03-23T19:57:18.796+0000] {spark_submit.py:645} INFO - pyFiles                 null
[2025-03-23T19:57:18.796+0000] {spark_submit.py:645} INFO - archives                null
[2025-03-23T19:57:18.797+0000] {spark_submit.py:645} INFO - mainClass               null
[2025-03-23T19:57:18.798+0000] {spark_submit.py:645} INFO - primaryResource         file:/spark_job/data_transformation.py
[2025-03-23T19:57:18.799+0000] {spark_submit.py:645} INFO - name                    arrow-spark
[2025-03-23T19:57:18.800+0000] {spark_submit.py:645} INFO - childArgs               [s3://raw/playlist_20250323_190824.json]
[2025-03-23T19:57:18.800+0000] {spark_submit.py:645} INFO - jars                    /opt/***/dags/jars/aws-java-sdk-bundle-1.12.262.jar, /opt/***/dags/jars/hadoop-aws-3.3.4.jar
[2025-03-23T19:57:18.801+0000] {spark_submit.py:645} INFO - packages                null
[2025-03-23T19:57:18.801+0000] {spark_submit.py:645} INFO - packagesExclusions      null
[2025-03-23T19:57:18.802+0000] {spark_submit.py:645} INFO - repositories            null
[2025-03-23T19:57:18.802+0000] {spark_submit.py:645} INFO - verbose                 true
[2025-03-23T19:57:18.803+0000] {spark_submit.py:645} INFO - 
[2025-03-23T19:57:18.803+0000] {spark_submit.py:645} INFO - Spark properties used, including those specified through
[2025-03-23T19:57:18.804+0000] {spark_submit.py:645} INFO - --conf and those from the properties file null:
[2025-03-23T19:57:18.804+0000] {spark_submit.py:645} INFO - (spark.executor.cores,2)
[2025-03-23T19:57:18.805+0000] {spark_submit.py:645} INFO - (spark.executor.memory,2g)
[2025-03-23T19:57:18.806+0000] {spark_submit.py:645} INFO - (spark.hadoop.fs.s3a.connection.ssl.enabled,false)
[2025-03-23T19:57:18.807+0000] {spark_submit.py:645} INFO - (spark.hadoop.fs.s3a.impl,org.apache.hadoop.fs.s3a.S3AFileSystem)
[2025-03-23T19:57:18.808+0000] {spark_submit.py:645} INFO - (spark.jars,/opt/***/dags/jars/aws-java-sdk-bundle-1.12.262.jar, /opt/***/dags/jars/hadoop-aws-3.3.4.jar)
[2025-03-23T19:57:18.808+0000] {spark_submit.py:645} INFO - 
[2025-03-23T19:57:18.809+0000] {spark_submit.py:645} INFO - 
[2025-03-23T19:57:19.463+0000] {spark_submit.py:645} INFO - 25/03/23 19:57:19 WARN NativeCodeLoader: Unable to load native-hadoop library for your platform... using builtin-java classes where applicable
[2025-03-23T19:57:19.793+0000] {spark_submit.py:645} INFO - Main class:
[2025-03-23T19:57:19.793+0000] {spark_submit.py:645} INFO - org.apache.spark.deploy.PythonRunner
[2025-03-23T19:57:19.794+0000] {spark_submit.py:645} INFO - Arguments:
[2025-03-23T19:57:19.794+0000] {spark_submit.py:645} INFO - file:/spark_job/data_transformation.py
[2025-03-23T19:57:19.795+0000] {spark_submit.py:645} INFO - null
[2025-03-23T19:57:19.795+0000] {spark_submit.py:645} INFO - s3://raw/playlist_20250323_190824.json
[2025-03-23T19:57:19.797+0000] {spark_submit.py:645} INFO - Spark config:
[2025-03-23T19:57:19.798+0000] {spark_submit.py:645} INFO - (spark.app.name,arrow-spark)
[2025-03-23T19:57:19.798+0000] {spark_submit.py:645} INFO - (spark.app.submitTime,1742759839771)
[2025-03-23T19:57:19.799+0000] {spark_submit.py:645} INFO - (spark.executor.cores,2)
[2025-03-23T19:57:19.799+0000] {spark_submit.py:645} INFO - (spark.executor.memory,2g)
[2025-03-23T19:57:19.800+0000] {spark_submit.py:645} INFO - (spark.hadoop.fs.s3a.connection.ssl.enabled,false)
[2025-03-23T19:57:19.801+0000] {spark_submit.py:645} INFO - (spark.hadoop.fs.s3a.impl,org.apache.hadoop.fs.s3a.S3AFileSystem)
[2025-03-23T19:57:19.802+0000] {spark_submit.py:645} INFO - (spark.jars,file:///opt/***/dags/jars/aws-java-sdk-bundle-1.12.262.jar,file:///opt/***/dags/jars/hadoop-aws-3.3.4.jar)
[2025-03-23T19:57:19.803+0000] {spark_submit.py:645} INFO - (spark.kerberos.principal,***)
[2025-03-23T19:57:19.804+0000] {spark_submit.py:645} INFO - (spark.master,spark://spark-master:7077)
[2025-03-23T19:57:19.804+0000] {spark_submit.py:645} INFO - (spark.repl.local.jars,file:///opt/***/dags/jars/aws-java-sdk-bundle-1.12.262.jar,file:///opt/***/dags/jars/hadoop-aws-3.3.4.jar)
[2025-03-23T19:57:19.806+0000] {spark_submit.py:645} INFO - (spark.submit.deployMode,client)
[2025-03-23T19:57:19.806+0000] {spark_submit.py:645} INFO - (spark.submit.pyFiles,)
[2025-03-23T19:57:19.807+0000] {spark_submit.py:645} INFO - Classpath elements:
[2025-03-23T19:57:19.808+0000] {spark_submit.py:645} INFO - file:///opt/***/dags/jars/aws-java-sdk-bundle-1.12.262.jar
[2025-03-23T19:57:19.809+0000] {spark_submit.py:645} INFO - file:///opt/***/dags/jars/hadoop-aws-3.3.4.jar
[2025-03-23T19:57:19.809+0000] {spark_submit.py:645} INFO - 
[2025-03-23T19:57:19.810+0000] {spark_submit.py:645} INFO - 
[2025-03-23T19:57:22.197+0000] {spark_submit.py:645} INFO - 25/03/23 19:57:22 INFO SparkContext: Running Spark version 3.5.5
[2025-03-23T19:57:22.198+0000] {spark_submit.py:645} INFO - 25/03/23 19:57:22 INFO SparkContext: OS info Linux, 5.15.153.1-microsoft-standard-WSL2, amd64
[2025-03-23T19:57:22.199+0000] {spark_submit.py:645} INFO - 25/03/23 19:57:22 INFO SparkContext: Java version 17.0.14
[2025-03-23T19:57:22.253+0000] {spark_submit.py:645} INFO - 25/03/23 19:57:22 INFO ResourceUtils: ==============================================================
[2025-03-23T19:57:22.254+0000] {spark_submit.py:645} INFO - 25/03/23 19:57:22 INFO ResourceUtils: No custom resources configured for spark.driver.
[2025-03-23T19:57:22.255+0000] {spark_submit.py:645} INFO - 25/03/23 19:57:22 INFO ResourceUtils: ==============================================================
[2025-03-23T19:57:22.255+0000] {spark_submit.py:645} INFO - 25/03/23 19:57:22 INFO SparkContext: Submitted application: Minio Integration with PySpark
[2025-03-23T19:57:22.296+0000] {spark_submit.py:645} INFO - 25/03/23 19:57:22 INFO ResourceProfile: Default ResourceProfile created, executor resources: Map(cores -> name: cores, amount: 2, script: , vendor: , memory -> name: memory, amount: 2048, script: , vendor: , offHeap -> name: offHeap, amount: 0, script: , vendor: ), task resources: Map(cpus -> name: cpus, amount: 1.0)
[2025-03-23T19:57:22.316+0000] {spark_submit.py:645} INFO - 25/03/23 19:57:22 INFO ResourceProfile: Limiting resource is cpus at 2 tasks per executor
[2025-03-23T19:57:22.319+0000] {spark_submit.py:645} INFO - 25/03/23 19:57:22 INFO ResourceProfileManager: Added ResourceProfile id: 0
[2025-03-23T19:57:22.385+0000] {spark_submit.py:645} INFO - 25/03/23 19:57:22 INFO SecurityManager: Changing view acls to: ***
[2025-03-23T19:57:22.386+0000] {spark_submit.py:645} INFO - 25/03/23 19:57:22 INFO SecurityManager: Changing modify acls to: ***
[2025-03-23T19:57:22.386+0000] {spark_submit.py:645} INFO - 25/03/23 19:57:22 INFO SecurityManager: Changing view acls groups to:
[2025-03-23T19:57:22.387+0000] {spark_submit.py:645} INFO - 25/03/23 19:57:22 INFO SecurityManager: Changing modify acls groups to:
[2025-03-23T19:57:22.387+0000] {spark_submit.py:645} INFO - 25/03/23 19:57:22 INFO SecurityManager: SecurityManager: authentication disabled; ui acls disabled; users with view permissions: ***; groups with view permissions: EMPTY; users with modify permissions: ***; groups with modify permissions: EMPTY
[2025-03-23T19:57:22.670+0000] {spark_submit.py:645} INFO - 25/03/23 19:57:22 INFO Utils: Successfully started service 'sparkDriver' on port 34857.
[2025-03-23T19:57:22.749+0000] {spark_submit.py:645} INFO - 25/03/23 19:57:22 INFO SparkEnv: Registering MapOutputTracker
[2025-03-23T19:57:22.785+0000] {spark_submit.py:645} INFO - 25/03/23 19:57:22 INFO SparkEnv: Registering BlockManagerMaster
[2025-03-23T19:57:22.812+0000] {spark_submit.py:645} INFO - 25/03/23 19:57:22 INFO BlockManagerMasterEndpoint: Using org.apache.spark.storage.DefaultTopologyMapper for getting topology information
[2025-03-23T19:57:22.813+0000] {spark_submit.py:645} INFO - 25/03/23 19:57:22 INFO BlockManagerMasterEndpoint: BlockManagerMasterEndpoint up
[2025-03-23T19:57:22.817+0000] {spark_submit.py:645} INFO - 25/03/23 19:57:22 INFO SparkEnv: Registering BlockManagerMasterHeartbeat
[2025-03-23T19:57:22.842+0000] {spark_submit.py:645} INFO - 25/03/23 19:57:22 INFO DiskBlockManager: Created local directory at /tmp/blockmgr-97ab4be0-ea38-4354-b443-5bb0be9c145f
[2025-03-23T19:57:22.872+0000] {spark_submit.py:645} INFO - 25/03/23 19:57:22 INFO MemoryStore: MemoryStore started with capacity 434.4 MiB
[2025-03-23T19:57:22.898+0000] {spark_submit.py:645} INFO - 25/03/23 19:57:22 INFO SparkEnv: Registering OutputCommitCoordinator
[2025-03-23T19:57:23.164+0000] {spark_submit.py:645} INFO - 25/03/23 19:57:23 INFO JettyUtils: Start Jetty 0.0.0.0:4040 for SparkUI
[2025-03-23T19:57:23.255+0000] {spark_submit.py:645} INFO - 25/03/23 19:57:23 INFO Utils: Successfully started service 'SparkUI' on port 4040.
[2025-03-23T19:57:23.304+0000] {spark_submit.py:645} INFO - 25/03/23 19:57:23 INFO SparkContext: Added JAR file:///opt/***/dags/jars/aws-java-sdk-bundle-1.12.262.jar at spark://ffe4e0703eb1:34857/jars/aws-java-sdk-bundle-1.12.262.jar with timestamp 1742759842186
[2025-03-23T19:57:23.305+0000] {spark_submit.py:645} INFO - 25/03/23 19:57:23 INFO SparkContext: Added JAR file:///opt/***/dags/jars/hadoop-aws-3.3.4.jar at spark://ffe4e0703eb1:34857/jars/hadoop-aws-3.3.4.jar with timestamp 1742759842186
[2025-03-23T19:57:23.455+0000] {spark_submit.py:645} INFO - 25/03/23 19:57:23 INFO StandaloneAppClient$ClientEndpoint: Connecting to master spark://spark-master:7077...
[2025-03-23T19:57:26.794+0000] {spark_submit.py:645} INFO - 25/03/23 19:57:26 WARN TransportClientFactory: DNS resolution failed for spark-master/<unresolved>:7077 took 3310 ms
[2025-03-23T19:57:26.828+0000] {spark_submit.py:645} INFO - 25/03/23 19:57:26 WARN StandaloneAppClient$ClientEndpoint: Failed to connect to master spark-master:7077
[2025-03-23T19:57:26.829+0000] {spark_submit.py:645} INFO - org.apache.spark.SparkException: Exception thrown in awaitResult:
[2025-03-23T19:57:26.829+0000] {spark_submit.py:645} INFO - at org.apache.spark.util.SparkThreadUtils$.awaitResult(SparkThreadUtils.scala:56)
[2025-03-23T19:57:26.830+0000] {spark_submit.py:645} INFO - at org.apache.spark.util.ThreadUtils$.awaitResult(ThreadUtils.scala:310)
[2025-03-23T19:57:26.831+0000] {spark_submit.py:645} INFO - at org.apache.spark.rpc.RpcTimeout.awaitResult(RpcTimeout.scala:75)
[2025-03-23T19:57:26.831+0000] {spark_submit.py:645} INFO - at org.apache.spark.rpc.RpcEnv.setupEndpointRefByURI(RpcEnv.scala:102)
[2025-03-23T19:57:26.831+0000] {spark_submit.py:645} INFO - at org.apache.spark.rpc.RpcEnv.setupEndpointRef(RpcEnv.scala:110)
[2025-03-23T19:57:26.832+0000] {spark_submit.py:645} INFO - at org.apache.spark.deploy.client.StandaloneAppClient$ClientEndpoint$$anon$1.run(StandaloneAppClient.scala:108)
[2025-03-23T19:57:26.832+0000] {spark_submit.py:645} INFO - at java.base/java.util.concurrent.Executors$RunnableAdapter.call(Executors.java:539)
[2025-03-23T19:57:26.832+0000] {spark_submit.py:645} INFO - at java.base/java.util.concurrent.FutureTask.run(FutureTask.java:264)
[2025-03-23T19:57:26.833+0000] {spark_submit.py:645} INFO - at java.base/java.util.concurrent.ThreadPoolExecutor.runWorker(ThreadPoolExecutor.java:1136)
[2025-03-23T19:57:26.833+0000] {spark_submit.py:645} INFO - at java.base/java.util.concurrent.ThreadPoolExecutor$Worker.run(ThreadPoolExecutor.java:635)
[2025-03-23T19:57:26.834+0000] {spark_submit.py:645} INFO - at java.base/java.lang.Thread.run(Thread.java:840)
[2025-03-23T19:57:26.834+0000] {spark_submit.py:645} INFO - Caused by: java.io.IOException: Failed to connect to spark-master/<unresolved>:7077
[2025-03-23T19:57:26.834+0000] {spark_submit.py:645} INFO - at org.apache.spark.network.client.TransportClientFactory.createClient(TransportClientFactory.java:294)
[2025-03-23T19:57:26.835+0000] {spark_submit.py:645} INFO - at org.apache.spark.network.client.TransportClientFactory.createClient(TransportClientFactory.java:214)
[2025-03-23T19:57:26.835+0000] {spark_submit.py:645} INFO - at org.apache.spark.network.client.TransportClientFactory.createClient(TransportClientFactory.java:226)
[2025-03-23T19:57:26.836+0000] {spark_submit.py:645} INFO - at org.apache.spark.rpc.netty.NettyRpcEnv.createClient(NettyRpcEnv.scala:204)
[2025-03-23T19:57:26.836+0000] {spark_submit.py:645} INFO - at org.apache.spark.rpc.netty.Outbox$$anon$1.call(Outbox.scala:202)
[2025-03-23T19:57:26.836+0000] {spark_submit.py:645} INFO - at org.apache.spark.rpc.netty.Outbox$$anon$1.call(Outbox.scala:198)
[2025-03-23T19:57:26.836+0000] {spark_submit.py:645} INFO - ... 4 more
[2025-03-23T19:57:26.837+0000] {spark_submit.py:645} INFO - Caused by: java.net.UnknownHostException: spark-master
[2025-03-23T19:57:26.837+0000] {spark_submit.py:645} INFO - at java.base/java.net.InetAddress$CachedAddresses.get(InetAddress.java:801)
[2025-03-23T19:57:26.838+0000] {spark_submit.py:645} INFO - at java.base/java.net.InetAddress.getAllByName0(InetAddress.java:1533)
[2025-03-23T19:57:26.838+0000] {spark_submit.py:645} INFO - at java.base/java.net.InetAddress.getAllByName(InetAddress.java:1385)
[2025-03-23T19:57:26.838+0000] {spark_submit.py:645} INFO - at java.base/java.net.InetAddress.getAllByName(InetAddress.java:1306)
[2025-03-23T19:57:26.839+0000] {spark_submit.py:645} INFO - at java.base/java.net.InetAddress.getByName(InetAddress.java:1256)
[2025-03-23T19:57:26.839+0000] {spark_submit.py:645} INFO - at io.netty.util.internal.SocketUtils$8.run(SocketUtils.java:156)
[2025-03-23T19:57:26.839+0000] {spark_submit.py:645} INFO - at io.netty.util.internal.SocketUtils$8.run(SocketUtils.java:153)
[2025-03-23T19:57:26.840+0000] {spark_submit.py:645} INFO - at java.base/java.security.AccessController.doPrivileged(AccessController.java:569)
[2025-03-23T19:57:26.840+0000] {spark_submit.py:645} INFO - at io.netty.util.internal.SocketUtils.addressByName(SocketUtils.java:153)
[2025-03-23T19:57:26.840+0000] {spark_submit.py:645} INFO - at io.netty.resolver.DefaultNameResolver.doResolve(DefaultNameResolver.java:41)
[2025-03-23T19:57:26.841+0000] {spark_submit.py:645} INFO - at io.netty.resolver.SimpleNameResolver.resolve(SimpleNameResolver.java:61)
[2025-03-23T19:57:26.841+0000] {spark_submit.py:645} INFO - at io.netty.resolver.SimpleNameResolver.resolve(SimpleNameResolver.java:53)
[2025-03-23T19:57:26.842+0000] {spark_submit.py:645} INFO - at io.netty.resolver.InetSocketAddressResolver.doResolve(InetSocketAddressResolver.java:55)
[2025-03-23T19:57:26.842+0000] {spark_submit.py:645} INFO - at io.netty.resolver.InetSocketAddressResolver.doResolve(InetSocketAddressResolver.java:31)
[2025-03-23T19:57:26.842+0000] {spark_submit.py:645} INFO - at io.netty.resolver.AbstractAddressResolver.resolve(AbstractAddressResolver.java:106)
[2025-03-23T19:57:26.843+0000] {spark_submit.py:645} INFO - at io.netty.bootstrap.Bootstrap.doResolveAndConnect0(Bootstrap.java:220)
[2025-03-23T19:57:26.843+0000] {spark_submit.py:645} INFO - at io.netty.bootstrap.Bootstrap.access$000(Bootstrap.java:46)
[2025-03-23T19:57:26.843+0000] {spark_submit.py:645} INFO - at io.netty.bootstrap.Bootstrap$1.operationComplete(Bootstrap.java:189)
[2025-03-23T19:57:26.844+0000] {spark_submit.py:645} INFO - at io.netty.bootstrap.Bootstrap$1.operationComplete(Bootstrap.java:175)
[2025-03-23T19:57:26.844+0000] {spark_submit.py:645} INFO - at io.netty.util.concurrent.DefaultPromise.notifyListener0(DefaultPromise.java:590)
[2025-03-23T19:57:26.844+0000] {spark_submit.py:645} INFO - at io.netty.util.concurrent.DefaultPromise.notifyListenersNow(DefaultPromise.java:557)
[2025-03-23T19:57:26.845+0000] {spark_submit.py:645} INFO - at io.netty.util.concurrent.DefaultPromise.notifyListeners(DefaultPromise.java:492)
[2025-03-23T19:57:26.845+0000] {spark_submit.py:645} INFO - at io.netty.util.concurrent.DefaultPromise.setValue0(DefaultPromise.java:636)
[2025-03-23T19:57:26.845+0000] {spark_submit.py:645} INFO - at io.netty.util.concurrent.DefaultPromise.setSuccess0(DefaultPromise.java:625)
[2025-03-23T19:57:26.846+0000] {spark_submit.py:645} INFO - at io.netty.util.concurrent.DefaultPromise.trySuccess(DefaultPromise.java:105)
[2025-03-23T19:57:26.846+0000] {spark_submit.py:645} INFO - at io.netty.channel.DefaultChannelPromise.trySuccess(DefaultChannelPromise.java:84)
[2025-03-23T19:57:26.846+0000] {spark_submit.py:645} INFO - at io.netty.channel.AbstractChannel$AbstractUnsafe.safeSetSuccess(AbstractChannel.java:990)
[2025-03-23T19:57:26.847+0000] {spark_submit.py:645} INFO - at io.netty.channel.AbstractChannel$AbstractUnsafe.register0(AbstractChannel.java:516)
[2025-03-23T19:57:26.847+0000] {spark_submit.py:645} INFO - at io.netty.channel.AbstractChannel$AbstractUnsafe.access$200(AbstractChannel.java:429)
[2025-03-23T19:57:26.848+0000] {spark_submit.py:645} INFO - at io.netty.channel.AbstractChannel$AbstractUnsafe$1.run(AbstractChannel.java:486)
[2025-03-23T19:57:26.848+0000] {spark_submit.py:645} INFO - at io.netty.util.concurrent.AbstractEventExecutor.runTask(AbstractEventExecutor.java:174)
[2025-03-23T19:57:26.848+0000] {spark_submit.py:645} INFO - at io.netty.util.concurrent.AbstractEventExecutor.safeExecute(AbstractEventExecutor.java:167)
[2025-03-23T19:57:26.849+0000] {spark_submit.py:645} INFO - at io.netty.util.concurrent.SingleThreadEventExecutor.runAllTasks(SingleThreadEventExecutor.java:470)
[2025-03-23T19:57:26.849+0000] {spark_submit.py:645} INFO - at io.netty.channel.nio.NioEventLoop.run(NioEventLoop.java:569)
[2025-03-23T19:57:26.850+0000] {spark_submit.py:645} INFO - at io.netty.util.concurrent.SingleThreadEventExecutor$4.run(SingleThreadEventExecutor.java:997)
[2025-03-23T19:57:26.850+0000] {spark_submit.py:645} INFO - at io.netty.util.internal.ThreadExecutorMap$2.run(ThreadExecutorMap.java:74)
[2025-03-23T19:57:26.850+0000] {spark_submit.py:645} INFO - at io.netty.util.concurrent.FastThreadLocalRunnable.run(FastThreadLocalRunnable.java:30)
[2025-03-23T19:57:26.851+0000] {spark_submit.py:645} INFO - ... 1 more
[2025-03-23T19:57:43.452+0000] {spark_submit.py:645} INFO - 25/03/23 19:57:43 INFO StandaloneAppClient$ClientEndpoint: Connecting to master spark://spark-master:7077...
[2025-03-23T19:57:46.771+0000] {spark_submit.py:645} INFO - 25/03/23 19:57:46 WARN TransportClientFactory: DNS resolution failed for spark-master/<unresolved>:7077 took 3316 ms
[2025-03-23T19:57:46.778+0000] {spark_submit.py:645} INFO - 25/03/23 19:57:46 WARN StandaloneAppClient$ClientEndpoint: Failed to connect to master spark-master:7077
[2025-03-23T19:57:46.781+0000] {spark_submit.py:645} INFO - org.apache.spark.SparkException: Exception thrown in awaitResult:
[2025-03-23T19:57:46.783+0000] {spark_submit.py:645} INFO - at org.apache.spark.util.SparkThreadUtils$.awaitResult(SparkThreadUtils.scala:56)
[2025-03-23T19:57:46.784+0000] {spark_submit.py:645} INFO - at org.apache.spark.util.ThreadUtils$.awaitResult(ThreadUtils.scala:310)
[2025-03-23T19:57:46.785+0000] {spark_submit.py:645} INFO - at org.apache.spark.rpc.RpcTimeout.awaitResult(RpcTimeout.scala:75)
[2025-03-23T19:57:46.785+0000] {spark_submit.py:645} INFO - at org.apache.spark.rpc.RpcEnv.setupEndpointRefByURI(RpcEnv.scala:102)
[2025-03-23T19:57:46.786+0000] {spark_submit.py:645} INFO - at org.apache.spark.rpc.RpcEnv.setupEndpointRef(RpcEnv.scala:110)
[2025-03-23T19:57:46.797+0000] {spark_submit.py:645} INFO - at org.apache.spark.deploy.client.StandaloneAppClient$ClientEndpoint$$anon$1.run(StandaloneAppClient.scala:108)
[2025-03-23T19:57:46.799+0000] {spark_submit.py:645} INFO - at java.base/java.util.concurrent.Executors$RunnableAdapter.call(Executors.java:539)
[2025-03-23T19:57:46.800+0000] {spark_submit.py:645} INFO - at java.base/java.util.concurrent.FutureTask.run(FutureTask.java:264)
[2025-03-23T19:57:46.801+0000] {spark_submit.py:645} INFO - at java.base/java.util.concurrent.ThreadPoolExecutor.runWorker(ThreadPoolExecutor.java:1136)
[2025-03-23T19:57:46.802+0000] {spark_submit.py:645} INFO - at java.base/java.util.concurrent.ThreadPoolExecutor$Worker.run(ThreadPoolExecutor.java:635)
[2025-03-23T19:57:46.802+0000] {spark_submit.py:645} INFO - at java.base/java.lang.Thread.run(Thread.java:840)
[2025-03-23T19:57:46.803+0000] {spark_submit.py:645} INFO - Caused by: java.io.IOException: Failed to connect to spark-master/<unresolved>:7077
[2025-03-23T19:57:46.803+0000] {spark_submit.py:645} INFO - at org.apache.spark.network.client.TransportClientFactory.createClient(TransportClientFactory.java:294)
[2025-03-23T19:57:46.803+0000] {spark_submit.py:645} INFO - at org.apache.spark.network.client.TransportClientFactory.createClient(TransportClientFactory.java:214)
[2025-03-23T19:57:46.804+0000] {spark_submit.py:645} INFO - at org.apache.spark.network.client.TransportClientFactory.createClient(TransportClientFactory.java:226)
[2025-03-23T19:57:46.804+0000] {spark_submit.py:645} INFO - at org.apache.spark.rpc.netty.NettyRpcEnv.createClient(NettyRpcEnv.scala:204)
[2025-03-23T19:57:46.804+0000] {spark_submit.py:645} INFO - at org.apache.spark.rpc.netty.Outbox$$anon$1.call(Outbox.scala:202)
[2025-03-23T19:57:46.805+0000] {spark_submit.py:645} INFO - at org.apache.spark.rpc.netty.Outbox$$anon$1.call(Outbox.scala:198)
[2025-03-23T19:57:46.805+0000] {spark_submit.py:645} INFO - ... 4 more
[2025-03-23T19:57:46.806+0000] {spark_submit.py:645} INFO - Caused by: java.net.UnknownHostException: spark-master
[2025-03-23T19:57:46.806+0000] {spark_submit.py:645} INFO - at java.base/java.net.InetAddress$CachedAddresses.get(InetAddress.java:801)
[2025-03-23T19:57:46.807+0000] {spark_submit.py:645} INFO - at java.base/java.net.InetAddress.getAllByName0(InetAddress.java:1533)
[2025-03-23T19:57:46.807+0000] {spark_submit.py:645} INFO - at java.base/java.net.InetAddress.getAllByName(InetAddress.java:1385)
[2025-03-23T19:57:46.807+0000] {spark_submit.py:645} INFO - at java.base/java.net.InetAddress.getAllByName(InetAddress.java:1306)
[2025-03-23T19:57:46.808+0000] {spark_submit.py:645} INFO - at java.base/java.net.InetAddress.getByName(InetAddress.java:1256)
[2025-03-23T19:57:46.808+0000] {spark_submit.py:645} INFO - at io.netty.util.internal.SocketUtils$8.run(SocketUtils.java:156)
[2025-03-23T19:57:46.816+0000] {spark_submit.py:645} INFO - at io.netty.util.internal.SocketUtils$8.run(SocketUtils.java:153)
[2025-03-23T19:57:46.818+0000] {spark_submit.py:645} INFO - at java.base/java.security.AccessController.doPrivileged(AccessController.java:569)
[2025-03-23T19:57:46.819+0000] {spark_submit.py:645} INFO - at io.netty.util.internal.SocketUtils.addressByName(SocketUtils.java:153)
[2025-03-23T19:57:46.820+0000] {spark_submit.py:645} INFO - at io.netty.resolver.DefaultNameResolver.doResolve(DefaultNameResolver.java:41)
[2025-03-23T19:57:46.820+0000] {spark_submit.py:645} INFO - at io.netty.resolver.SimpleNameResolver.resolve(SimpleNameResolver.java:61)
[2025-03-23T19:57:46.821+0000] {spark_submit.py:645} INFO - at io.netty.resolver.SimpleNameResolver.resolve(SimpleNameResolver.java:53)
[2025-03-23T19:57:46.821+0000] {spark_submit.py:645} INFO - at io.netty.resolver.InetSocketAddressResolver.doResolve(InetSocketAddressResolver.java:55)
[2025-03-23T19:57:46.821+0000] {spark_submit.py:645} INFO - at io.netty.resolver.InetSocketAddressResolver.doResolve(InetSocketAddressResolver.java:31)
[2025-03-23T19:57:46.822+0000] {spark_submit.py:645} INFO - at io.netty.resolver.AbstractAddressResolver.resolve(AbstractAddressResolver.java:106)
[2025-03-23T19:57:46.829+0000] {spark_submit.py:645} INFO - at io.netty.bootstrap.Bootstrap.doResolveAndConnect0(Bootstrap.java:220)
[2025-03-23T19:57:46.831+0000] {spark_submit.py:645} INFO - at io.netty.bootstrap.Bootstrap.access$000(Bootstrap.java:46)
[2025-03-23T19:57:46.832+0000] {spark_submit.py:645} INFO - at io.netty.bootstrap.Bootstrap$1.operationComplete(Bootstrap.java:189)
[2025-03-23T19:57:46.834+0000] {spark_submit.py:645} INFO - at io.netty.bootstrap.Bootstrap$1.operationComplete(Bootstrap.java:175)
[2025-03-23T19:57:46.834+0000] {spark_submit.py:645} INFO - at io.netty.util.concurrent.DefaultPromise.notifyListener0(DefaultPromise.java:590)
[2025-03-23T19:57:46.835+0000] {spark_submit.py:645} INFO - at io.netty.util.concurrent.DefaultPromise.notifyListenersNow(DefaultPromise.java:557)
[2025-03-23T19:57:46.836+0000] {spark_submit.py:645} INFO - at io.netty.util.concurrent.DefaultPromise.notifyListeners(DefaultPromise.java:492)
[2025-03-23T19:57:46.836+0000] {spark_submit.py:645} INFO - at io.netty.util.concurrent.DefaultPromise.setValue0(DefaultPromise.java:636)
[2025-03-23T19:57:46.837+0000] {spark_submit.py:645} INFO - at io.netty.util.concurrent.DefaultPromise.setSuccess0(DefaultPromise.java:625)
[2025-03-23T19:57:46.843+0000] {spark_submit.py:645} INFO - at io.netty.util.concurrent.DefaultPromise.trySuccess(DefaultPromise.java:105)
[2025-03-23T19:57:46.844+0000] {spark_submit.py:645} INFO - at io.netty.channel.DefaultChannelPromise.trySuccess(DefaultChannelPromise.java:84)
[2025-03-23T19:57:46.845+0000] {spark_submit.py:645} INFO - at io.netty.channel.AbstractChannel$AbstractUnsafe.safeSetSuccess(AbstractChannel.java:990)
[2025-03-23T19:57:46.846+0000] {spark_submit.py:645} INFO - at io.netty.channel.AbstractChannel$AbstractUnsafe.register0(AbstractChannel.java:516)
[2025-03-23T19:57:46.846+0000] {spark_submit.py:645} INFO - at io.netty.channel.AbstractChannel$AbstractUnsafe.access$200(AbstractChannel.java:429)
[2025-03-23T19:57:46.847+0000] {spark_submit.py:645} INFO - at io.netty.channel.AbstractChannel$AbstractUnsafe$1.run(AbstractChannel.java:486)
[2025-03-23T19:57:46.848+0000] {spark_submit.py:645} INFO - at io.netty.util.concurrent.AbstractEventExecutor.runTask(AbstractEventExecutor.java:174)
[2025-03-23T19:57:46.849+0000] {spark_submit.py:645} INFO - at io.netty.util.concurrent.AbstractEventExecutor.safeExecute(AbstractEventExecutor.java:167)
[2025-03-23T19:57:46.850+0000] {spark_submit.py:645} INFO - at io.netty.util.concurrent.SingleThreadEventExecutor.runAllTasks(SingleThreadEventExecutor.java:470)
[2025-03-23T19:57:46.850+0000] {spark_submit.py:645} INFO - at io.netty.channel.nio.NioEventLoop.run(NioEventLoop.java:569)
[2025-03-23T19:57:46.851+0000] {spark_submit.py:645} INFO - at io.netty.util.concurrent.SingleThreadEventExecutor$4.run(SingleThreadEventExecutor.java:997)
[2025-03-23T19:57:46.851+0000] {spark_submit.py:645} INFO - at io.netty.util.internal.ThreadExecutorMap$2.run(ThreadExecutorMap.java:74)
[2025-03-23T19:57:46.852+0000] {spark_submit.py:645} INFO - at io.netty.util.concurrent.FastThreadLocalRunnable.run(FastThreadLocalRunnable.java:30)
[2025-03-23T19:57:46.852+0000] {spark_submit.py:645} INFO - ... 1 more
[2025-03-23T19:58:03.451+0000] {spark_submit.py:645} INFO - 25/03/23 19:58:03 INFO StandaloneAppClient$ClientEndpoint: Connecting to master spark://spark-master:7077...
[2025-03-23T19:58:06.770+0000] {spark_submit.py:645} INFO - 25/03/23 19:58:06 WARN TransportClientFactory: DNS resolution failed for spark-master/<unresolved>:7077 took 3316 ms
[2025-03-23T19:58:06.774+0000] {spark_submit.py:645} INFO - 25/03/23 19:58:06 WARN StandaloneAppClient$ClientEndpoint: Failed to connect to master spark-master:7077
[2025-03-23T19:58:06.775+0000] {spark_submit.py:645} INFO - org.apache.spark.SparkException: Exception thrown in awaitResult:
[2025-03-23T19:58:06.775+0000] {spark_submit.py:645} INFO - at org.apache.spark.util.SparkThreadUtils$.awaitResult(SparkThreadUtils.scala:56)
[2025-03-23T19:58:06.776+0000] {spark_submit.py:645} INFO - at org.apache.spark.util.ThreadUtils$.awaitResult(ThreadUtils.scala:310)
[2025-03-23T19:58:06.776+0000] {spark_submit.py:645} INFO - at org.apache.spark.rpc.RpcTimeout.awaitResult(RpcTimeout.scala:75)
[2025-03-23T19:58:06.777+0000] {spark_submit.py:645} INFO - at org.apache.spark.rpc.RpcEnv.setupEndpointRefByURI(RpcEnv.scala:102)
[2025-03-23T19:58:06.777+0000] {spark_submit.py:645} INFO - at org.apache.spark.rpc.RpcEnv.setupEndpointRef(RpcEnv.scala:110)
[2025-03-23T19:58:06.777+0000] {spark_submit.py:645} INFO - at org.apache.spark.deploy.client.StandaloneAppClient$ClientEndpoint$$anon$1.run(StandaloneAppClient.scala:108)
[2025-03-23T19:58:06.778+0000] {spark_submit.py:645} INFO - at java.base/java.util.concurrent.Executors$RunnableAdapter.call(Executors.java:539)
[2025-03-23T19:58:06.779+0000] {spark_submit.py:645} INFO - at java.base/java.util.concurrent.FutureTask.run(FutureTask.java:264)
[2025-03-23T19:58:06.779+0000] {spark_submit.py:645} INFO - at java.base/java.util.concurrent.ThreadPoolExecutor.runWorker(ThreadPoolExecutor.java:1136)
[2025-03-23T19:58:06.780+0000] {spark_submit.py:645} INFO - at java.base/java.util.concurrent.ThreadPoolExecutor$Worker.run(ThreadPoolExecutor.java:635)
[2025-03-23T19:58:06.780+0000] {spark_submit.py:645} INFO - at java.base/java.lang.Thread.run(Thread.java:840)
[2025-03-23T19:58:06.781+0000] {spark_submit.py:645} INFO - Caused by: java.io.IOException: Failed to connect to spark-master/<unresolved>:7077
[2025-03-23T19:58:06.781+0000] {spark_submit.py:645} INFO - at org.apache.spark.network.client.TransportClientFactory.createClient(TransportClientFactory.java:294)
[2025-03-23T19:58:06.782+0000] {spark_submit.py:645} INFO - at org.apache.spark.network.client.TransportClientFactory.createClient(TransportClientFactory.java:214)
[2025-03-23T19:58:06.782+0000] {spark_submit.py:645} INFO - at org.apache.spark.network.client.TransportClientFactory.createClient(TransportClientFactory.java:226)
[2025-03-23T19:58:06.783+0000] {spark_submit.py:645} INFO - at org.apache.spark.rpc.netty.NettyRpcEnv.createClient(NettyRpcEnv.scala:204)
[2025-03-23T19:58:06.783+0000] {spark_submit.py:645} INFO - at org.apache.spark.rpc.netty.Outbox$$anon$1.call(Outbox.scala:202)
[2025-03-23T19:58:06.784+0000] {spark_submit.py:645} INFO - at org.apache.spark.rpc.netty.Outbox$$anon$1.call(Outbox.scala:198)
[2025-03-23T19:58:06.784+0000] {spark_submit.py:645} INFO - ... 4 more
[2025-03-23T19:58:06.785+0000] {spark_submit.py:645} INFO - Caused by: java.net.UnknownHostException: spark-master
[2025-03-23T19:58:06.785+0000] {spark_submit.py:645} INFO - at java.base/java.net.InetAddress$CachedAddresses.get(InetAddress.java:801)
[2025-03-23T19:58:06.786+0000] {spark_submit.py:645} INFO - at java.base/java.net.InetAddress.getAllByName0(InetAddress.java:1533)
[2025-03-23T19:58:06.786+0000] {spark_submit.py:645} INFO - at java.base/java.net.InetAddress.getAllByName(InetAddress.java:1385)
[2025-03-23T19:58:06.787+0000] {spark_submit.py:645} INFO - at java.base/java.net.InetAddress.getAllByName(InetAddress.java:1306)
[2025-03-23T19:58:06.787+0000] {spark_submit.py:645} INFO - at java.base/java.net.InetAddress.getByName(InetAddress.java:1256)
[2025-03-23T19:58:06.788+0000] {spark_submit.py:645} INFO - at io.netty.util.internal.SocketUtils$8.run(SocketUtils.java:156)
[2025-03-23T19:58:06.788+0000] {spark_submit.py:645} INFO - at io.netty.util.internal.SocketUtils$8.run(SocketUtils.java:153)
[2025-03-23T19:58:06.789+0000] {spark_submit.py:645} INFO - at java.base/java.security.AccessController.doPrivileged(AccessController.java:569)
[2025-03-23T19:58:06.789+0000] {spark_submit.py:645} INFO - at io.netty.util.internal.SocketUtils.addressByName(SocketUtils.java:153)
[2025-03-23T19:58:06.790+0000] {spark_submit.py:645} INFO - at io.netty.resolver.DefaultNameResolver.doResolve(DefaultNameResolver.java:41)
[2025-03-23T19:58:06.790+0000] {spark_submit.py:645} INFO - at io.netty.resolver.SimpleNameResolver.resolve(SimpleNameResolver.java:61)
[2025-03-23T19:58:06.790+0000] {spark_submit.py:645} INFO - at io.netty.resolver.SimpleNameResolver.resolve(SimpleNameResolver.java:53)
[2025-03-23T19:58:06.791+0000] {spark_submit.py:645} INFO - at io.netty.resolver.InetSocketAddressResolver.doResolve(InetSocketAddressResolver.java:55)
[2025-03-23T19:58:06.791+0000] {spark_submit.py:645} INFO - at io.netty.resolver.InetSocketAddressResolver.doResolve(InetSocketAddressResolver.java:31)
[2025-03-23T19:58:06.792+0000] {spark_submit.py:645} INFO - at io.netty.resolver.AbstractAddressResolver.resolve(AbstractAddressResolver.java:106)
[2025-03-23T19:58:06.792+0000] {spark_submit.py:645} INFO - at io.netty.bootstrap.Bootstrap.doResolveAndConnect0(Bootstrap.java:220)
[2025-03-23T19:58:06.793+0000] {spark_submit.py:645} INFO - at io.netty.bootstrap.Bootstrap.access$000(Bootstrap.java:46)
[2025-03-23T19:58:06.793+0000] {spark_submit.py:645} INFO - at io.netty.bootstrap.Bootstrap$1.operationComplete(Bootstrap.java:189)
[2025-03-23T19:58:06.794+0000] {spark_submit.py:645} INFO - at io.netty.bootstrap.Bootstrap$1.operationComplete(Bootstrap.java:175)
[2025-03-23T19:58:06.794+0000] {spark_submit.py:645} INFO - at io.netty.util.concurrent.DefaultPromise.notifyListener0(DefaultPromise.java:590)
[2025-03-23T19:58:06.795+0000] {spark_submit.py:645} INFO - at io.netty.util.concurrent.DefaultPromise.notifyListenersNow(DefaultPromise.java:557)
[2025-03-23T19:58:06.795+0000] {spark_submit.py:645} INFO - at io.netty.util.concurrent.DefaultPromise.notifyListeners(DefaultPromise.java:492)
[2025-03-23T19:58:06.796+0000] {spark_submit.py:645} INFO - at io.netty.util.concurrent.DefaultPromise.setValue0(DefaultPromise.java:636)
[2025-03-23T19:58:06.796+0000] {spark_submit.py:645} INFO - at io.netty.util.concurrent.DefaultPromise.setSuccess0(DefaultPromise.java:625)
[2025-03-23T19:58:06.797+0000] {spark_submit.py:645} INFO - at io.netty.util.concurrent.DefaultPromise.trySuccess(DefaultPromise.java:105)
[2025-03-23T19:58:06.797+0000] {spark_submit.py:645} INFO - at io.netty.channel.DefaultChannelPromise.trySuccess(DefaultChannelPromise.java:84)
[2025-03-23T19:58:06.798+0000] {spark_submit.py:645} INFO - at io.netty.channel.AbstractChannel$AbstractUnsafe.safeSetSuccess(AbstractChannel.java:990)
[2025-03-23T19:58:06.798+0000] {spark_submit.py:645} INFO - at io.netty.channel.AbstractChannel$AbstractUnsafe.register0(AbstractChannel.java:516)
[2025-03-23T19:58:06.799+0000] {spark_submit.py:645} INFO - at io.netty.channel.AbstractChannel$AbstractUnsafe.access$200(AbstractChannel.java:429)
[2025-03-23T19:58:06.799+0000] {spark_submit.py:645} INFO - at io.netty.channel.AbstractChannel$AbstractUnsafe$1.run(AbstractChannel.java:486)
[2025-03-23T19:58:06.799+0000] {spark_submit.py:645} INFO - at io.netty.util.concurrent.AbstractEventExecutor.runTask(AbstractEventExecutor.java:174)
[2025-03-23T19:58:06.800+0000] {spark_submit.py:645} INFO - at io.netty.util.concurrent.AbstractEventExecutor.safeExecute(AbstractEventExecutor.java:167)
[2025-03-23T19:58:06.800+0000] {spark_submit.py:645} INFO - at io.netty.util.concurrent.SingleThreadEventExecutor.runAllTasks(SingleThreadEventExecutor.java:470)
[2025-03-23T19:58:06.801+0000] {spark_submit.py:645} INFO - at io.netty.channel.nio.NioEventLoop.run(NioEventLoop.java:569)
[2025-03-23T19:58:06.801+0000] {spark_submit.py:645} INFO - at io.netty.util.concurrent.SingleThreadEventExecutor$4.run(SingleThreadEventExecutor.java:997)
[2025-03-23T19:58:06.802+0000] {spark_submit.py:645} INFO - at io.netty.util.internal.ThreadExecutorMap$2.run(ThreadExecutorMap.java:74)
[2025-03-23T19:58:06.802+0000] {spark_submit.py:645} INFO - at io.netty.util.concurrent.FastThreadLocalRunnable.run(FastThreadLocalRunnable.java:30)
[2025-03-23T19:58:06.803+0000] {spark_submit.py:645} INFO - ... 1 more
[2025-03-23T19:58:23.452+0000] {spark_submit.py:645} INFO - 25/03/23 19:58:23 ERROR StandaloneSchedulerBackend: Application has been killed. Reason: All masters are unresponsive! Giving up.
[2025-03-23T19:58:23.455+0000] {spark_submit.py:645} INFO - 25/03/23 19:58:23 WARN StandaloneSchedulerBackend: Application ID is not initialized yet.
[2025-03-23T19:58:23.465+0000] {spark_submit.py:645} INFO - 25/03/23 19:58:23 INFO Utils: Successfully started service 'org.apache.spark.network.netty.NettyBlockTransferService' on port 35145.
[2025-03-23T19:58:23.466+0000] {spark_submit.py:645} INFO - 25/03/23 19:58:23 INFO NettyBlockTransferService: Server created on ffe4e0703eb1:35145
[2025-03-23T19:58:23.467+0000] {spark_submit.py:645} INFO - 25/03/23 19:58:23 INFO BlockManager: Using org.apache.spark.storage.RandomBlockReplicationPolicy for block replication policy
[2025-03-23T19:58:23.472+0000] {spark_submit.py:645} INFO - 25/03/23 19:58:23 INFO BlockManagerMaster: Registering BlockManager BlockManagerId(driver, ffe4e0703eb1, 35145, None)
[2025-03-23T19:58:23.478+0000] {spark_submit.py:645} INFO - 25/03/23 19:58:23 INFO BlockManagerMasterEndpoint: Registering block manager ffe4e0703eb1:35145 with 434.4 MiB RAM, BlockManagerId(driver, ffe4e0703eb1, 35145, None)
[2025-03-23T19:58:23.489+0000] {spark_submit.py:645} INFO - 25/03/23 19:58:23 INFO BlockManagerMaster: Registered BlockManager BlockManagerId(driver, ffe4e0703eb1, 35145, None)
[2025-03-23T19:58:23.490+0000] {spark_submit.py:645} INFO - 25/03/23 19:58:23 INFO BlockManager: Initialized BlockManager: BlockManagerId(driver, ffe4e0703eb1, 35145, None)
[2025-03-23T19:58:23.842+0000] {spark_submit.py:645} INFO - 25/03/23 19:58:23 INFO StandaloneSchedulerBackend: SchedulerBackend is ready for scheduling beginning after reached minRegisteredResourcesRatio: 0.0
[2025-03-23T19:58:24.373+0000] {spark_submit.py:645} INFO - 25/03/23 19:58:24 INFO SharedState: Setting hive.metastore.warehouse.dir ('null') to the value of spark.sql.warehouse.dir.
[2025-03-23T19:58:24.388+0000] {spark_submit.py:645} INFO - 25/03/23 19:58:24 INFO SharedState: Warehouse path is 'file:/opt/spark-warehouse'.
[2025-03-23T19:58:24.666+0000] {spark_submit.py:645} INFO - 25/03/23 19:58:24 INFO SparkContext: SparkContext is stopping with exitCode 0.
[2025-03-23T19:58:24.678+0000] {spark_submit.py:645} INFO - 25/03/23 19:58:24 INFO SparkUI: Stopped Spark web UI at http://ffe4e0703eb1:4040
[2025-03-23T19:58:24.690+0000] {spark_submit.py:645} INFO - 25/03/23 19:58:24 INFO StandaloneSchedulerBackend: Shutting down all executors
[2025-03-23T19:58:24.716+0000] {spark_submit.py:645} INFO - 25/03/23 19:58:24 INFO StandaloneSchedulerBackend$StandaloneDriverEndpoint: Asking each executor to shut down
[2025-03-23T19:58:24.722+0000] {spark_submit.py:645} INFO - 25/03/23 19:58:24 WARN StandaloneAppClient$ClientEndpoint: Drop UnregisterApplication(null) because has not yet connected to master
[2025-03-23T19:58:24.741+0000] {spark_submit.py:645} INFO - 25/03/23 19:58:24 INFO MapOutputTrackerMasterEndpoint: MapOutputTrackerMasterEndpoint stopped!
[2025-03-23T19:58:24.772+0000] {spark_submit.py:645} INFO - 25/03/23 19:58:24 INFO MemoryStore: MemoryStore cleared
[2025-03-23T19:58:24.773+0000] {spark_submit.py:645} INFO - 25/03/23 19:58:24 INFO BlockManager: BlockManager stopped
[2025-03-23T19:58:24.782+0000] {spark_submit.py:645} INFO - 25/03/23 19:58:24 INFO BlockManagerMaster: BlockManagerMaster stopped
[2025-03-23T19:58:24.786+0000] {spark_submit.py:645} INFO - 25/03/23 19:58:24 INFO OutputCommitCoordinator$OutputCommitCoordinatorEndpoint: OutputCommitCoordinator stopped!
[2025-03-23T19:58:24.890+0000] {spark_submit.py:645} INFO - 25/03/23 19:58:24 INFO SparkContext: Successfully stopped SparkContext
[2025-03-23T19:58:26.251+0000] {spark_submit.py:645} INFO - 25/03/23 19:58:26 WARN MetricsConfig: Cannot locate configuration: tried hadoop-metrics2-s3a-file-system.properties,hadoop-metrics2.properties
[2025-03-23T19:58:26.266+0000] {spark_submit.py:645} INFO - 25/03/23 19:58:26 INFO MetricsSystemImpl: Scheduled Metric snapshot period at 10 second(s).
[2025-03-23T19:58:26.267+0000] {spark_submit.py:645} INFO - 25/03/23 19:58:26 INFO MetricsSystemImpl: s3a-file-system metrics system started
[2025-03-23T19:58:30.168+0000] {spark_submit.py:645} INFO - 25/03/23 19:58:30 INFO InMemoryFileIndex: It took 295 ms to list leaf files for 1 paths.
[2025-03-23T19:58:30.449+0000] {spark_submit.py:645} INFO - Traceback (most recent call last):
[2025-03-23T19:58:30.450+0000] {spark_submit.py:645} INFO - File "/spark_job/data_transformation.py", line 64, in <module>
[2025-03-23T19:58:30.565+0000] {spark_submit.py:645} INFO - data_transformation(spark)
[2025-03-23T19:58:30.566+0000] {spark_submit.py:645} INFO - File "/spark_job/data_transformation.py", line 45, in data_transformation
[2025-03-23T19:58:30.572+0000] {spark_submit.py:645} INFO - spark.read.option("multiline", "true").json("s3a://raw/playlist_20250323_190824.json").show()
[2025-03-23T19:58:30.574+0000] {spark_submit.py:645} INFO - ^^^^^^^^^^^^^^^^^^^^^^^^^^^^^^^^^^^^^^^^^^^^^^^^^^^^^^^^^^^^^^^^^^^^^^^^^^^^^^^^^^^^^^
[2025-03-23T19:58:30.574+0000] {spark_submit.py:645} INFO - File "/home/***/.local/lib/python3.11/site-packages/pyspark/python/lib/pyspark.zip/pyspark/sql/readwriter.py", line 425, in json
[2025-03-23T19:58:30.576+0000] {spark_submit.py:645} INFO - File "/home/***/.local/lib/python3.11/site-packages/pyspark/python/lib/py4j-0.10.9.7-src.zip/py4j/java_gateway.py", line 1322, in __call__
[2025-03-23T19:58:30.579+0000] {spark_submit.py:645} INFO - File "/home/***/.local/lib/python3.11/site-packages/pyspark/python/lib/pyspark.zip/pyspark/errors/exceptions/captured.py", line 179, in deco
[2025-03-23T19:58:30.581+0000] {spark_submit.py:645} INFO - File "/home/***/.local/lib/python3.11/site-packages/pyspark/python/lib/py4j-0.10.9.7-src.zip/py4j/protocol.py", line 326, in get_return_value
[2025-03-23T19:58:30.582+0000] {spark_submit.py:645} INFO - py4j.protocol.Py4JJavaError: An error occurred while calling o42.json.
[2025-03-23T19:58:30.586+0000] {spark_submit.py:645} INFO - : java.lang.IllegalStateException: Cannot call methods on a stopped SparkContext.
[2025-03-23T19:58:30.590+0000] {spark_submit.py:645} INFO - This stopped SparkContext was created at:
[2025-03-23T19:58:30.591+0000] {spark_submit.py:645} INFO - 
[2025-03-23T19:58:30.592+0000] {spark_submit.py:645} INFO - org.apache.spark.api.java.JavaSparkContext.<init>(JavaSparkContext.scala:58)
[2025-03-23T19:58:30.596+0000] {spark_submit.py:645} INFO - java.base/jdk.internal.reflect.NativeConstructorAccessorImpl.newInstance0(Native Method)
[2025-03-23T19:58:30.597+0000] {spark_submit.py:645} INFO - java.base/jdk.internal.reflect.NativeConstructorAccessorImpl.newInstance(NativeConstructorAccessorImpl.java:77)
[2025-03-23T19:58:30.598+0000] {spark_submit.py:645} INFO - java.base/jdk.internal.reflect.DelegatingConstructorAccessorImpl.newInstance(DelegatingConstructorAccessorImpl.java:45)
[2025-03-23T19:58:30.599+0000] {spark_submit.py:645} INFO - java.base/java.lang.reflect.Constructor.newInstanceWithCaller(Constructor.java:500)
[2025-03-23T19:58:30.600+0000] {spark_submit.py:645} INFO - java.base/java.lang.reflect.Constructor.newInstance(Constructor.java:481)
[2025-03-23T19:58:30.600+0000] {spark_submit.py:645} INFO - py4j.reflection.MethodInvoker.invoke(MethodInvoker.java:247)
[2025-03-23T19:58:30.602+0000] {spark_submit.py:645} INFO - py4j.reflection.ReflectionEngine.invoke(ReflectionEngine.java:374)
[2025-03-23T19:58:30.603+0000] {spark_submit.py:645} INFO - py4j.Gateway.invoke(Gateway.java:238)
[2025-03-23T19:58:30.603+0000] {spark_submit.py:645} INFO - py4j.commands.ConstructorCommand.invokeConstructor(ConstructorCommand.java:80)
[2025-03-23T19:58:30.604+0000] {spark_submit.py:645} INFO - py4j.commands.ConstructorCommand.execute(ConstructorCommand.java:69)
[2025-03-23T19:58:30.604+0000] {spark_submit.py:645} INFO - py4j.ClientServerConnection.waitForCommands(ClientServerConnection.java:182)
[2025-03-23T19:58:30.605+0000] {spark_submit.py:645} INFO - py4j.ClientServerConnection.run(ClientServerConnection.java:106)
[2025-03-23T19:58:30.605+0000] {spark_submit.py:645} INFO - java.base/java.lang.Thread.run(Thread.java:840)
[2025-03-23T19:58:30.606+0000] {spark_submit.py:645} INFO - 
[2025-03-23T19:58:30.606+0000] {spark_submit.py:645} INFO - The currently active SparkContext was created at:
[2025-03-23T19:58:30.606+0000] {spark_submit.py:645} INFO - 
[2025-03-23T19:58:30.607+0000] {spark_submit.py:645} INFO - (No active SparkContext.)
[2025-03-23T19:58:30.607+0000] {spark_submit.py:645} INFO - 
[2025-03-23T19:58:30.608+0000] {spark_submit.py:645} INFO - at org.apache.spark.SparkContext.assertNotStopped(SparkContext.scala:122)
[2025-03-23T19:58:30.608+0000] {spark_submit.py:645} INFO - at org.apache.spark.SparkContext.defaultParallelism(SparkContext.scala:2702)
[2025-03-23T19:58:30.609+0000] {spark_submit.py:645} INFO - at org.apache.spark.SparkContext.defaultMinPartitions(SparkContext.scala:2711)
[2025-03-23T19:58:30.609+0000] {spark_submit.py:645} INFO - at org.apache.spark.sql.execution.datasources.json.MultiLineJsonDataSource$.createBaseRdd(JsonDataSource.scala:187)
[2025-03-23T19:58:30.610+0000] {spark_submit.py:645} INFO - at org.apache.spark.sql.execution.datasources.json.MultiLineJsonDataSource$.infer(JsonDataSource.scala:160)
[2025-03-23T19:58:30.610+0000] {spark_submit.py:645} INFO - at org.apache.spark.sql.execution.datasources.json.JsonDataSource.inferSchema(JsonDataSource.scala:64)
[2025-03-23T19:58:30.611+0000] {spark_submit.py:645} INFO - at org.apache.spark.sql.execution.datasources.json.JsonFileFormat.inferSchema(JsonFileFormat.scala:59)
[2025-03-23T19:58:30.611+0000] {spark_submit.py:645} INFO - at org.apache.spark.sql.execution.datasources.DataSource.$anonfun$getOrInferFileFormatSchema$11(DataSource.scala:208)
[2025-03-23T19:58:30.612+0000] {spark_submit.py:645} INFO - at scala.Option.orElse(Option.scala:447)
[2025-03-23T19:58:30.612+0000] {spark_submit.py:645} INFO - at org.apache.spark.sql.execution.datasources.DataSource.getOrInferFileFormatSchema(DataSource.scala:205)
[2025-03-23T19:58:30.613+0000] {spark_submit.py:645} INFO - at org.apache.spark.sql.execution.datasources.DataSource.resolveRelation(DataSource.scala:407)
[2025-03-23T19:58:30.613+0000] {spark_submit.py:645} INFO - at org.apache.spark.sql.DataFrameReader.loadV1Source(DataFrameReader.scala:229)
[2025-03-23T19:58:30.614+0000] {spark_submit.py:645} INFO - at org.apache.spark.sql.DataFrameReader.$anonfun$load$2(DataFrameReader.scala:211)
[2025-03-23T19:58:30.614+0000] {spark_submit.py:645} INFO - at scala.Option.getOrElse(Option.scala:189)
[2025-03-23T19:58:30.615+0000] {spark_submit.py:645} INFO - at org.apache.spark.sql.DataFrameReader.load(DataFrameReader.scala:211)
[2025-03-23T19:58:30.615+0000] {spark_submit.py:645} INFO - at org.apache.spark.sql.DataFrameReader.json(DataFrameReader.scala:362)
[2025-03-23T19:58:30.616+0000] {spark_submit.py:645} INFO - at java.base/jdk.internal.reflect.NativeMethodAccessorImpl.invoke0(Native Method)
[2025-03-23T19:58:30.616+0000] {spark_submit.py:645} INFO - at java.base/jdk.internal.reflect.NativeMethodAccessorImpl.invoke(NativeMethodAccessorImpl.java:77)
[2025-03-23T19:58:30.616+0000] {spark_submit.py:645} INFO - at java.base/jdk.internal.reflect.DelegatingMethodAccessorImpl.invoke(DelegatingMethodAccessorImpl.java:43)
[2025-03-23T19:58:30.617+0000] {spark_submit.py:645} INFO - at java.base/java.lang.reflect.Method.invoke(Method.java:569)
[2025-03-23T19:58:30.617+0000] {spark_submit.py:645} INFO - at py4j.reflection.MethodInvoker.invoke(MethodInvoker.java:244)
[2025-03-23T19:58:30.617+0000] {spark_submit.py:645} INFO - at py4j.reflection.ReflectionEngine.invoke(ReflectionEngine.java:374)
[2025-03-23T19:58:30.618+0000] {spark_submit.py:645} INFO - at py4j.Gateway.invoke(Gateway.java:282)
[2025-03-23T19:58:30.618+0000] {spark_submit.py:645} INFO - at py4j.commands.AbstractCommand.invokeMethod(AbstractCommand.java:132)
[2025-03-23T19:58:30.619+0000] {spark_submit.py:645} INFO - at py4j.commands.CallCommand.execute(CallCommand.java:79)
[2025-03-23T19:58:30.619+0000] {spark_submit.py:645} INFO - at py4j.ClientServerConnection.waitForCommands(ClientServerConnection.java:182)
[2025-03-23T19:58:30.623+0000] {spark_submit.py:645} INFO - at py4j.ClientServerConnection.run(ClientServerConnection.java:106)
[2025-03-23T19:58:30.625+0000] {spark_submit.py:645} INFO - at java.base/java.lang.Thread.run(Thread.java:840)
[2025-03-23T19:58:30.625+0000] {spark_submit.py:645} INFO - 
[2025-03-23T19:58:30.688+0000] {spark_submit.py:645} INFO - 25/03/23 19:58:30 INFO ShutdownHookManager: Shutdown hook called
[2025-03-23T19:58:30.688+0000] {spark_submit.py:645} INFO - 25/03/23 19:58:30 INFO ShutdownHookManager: Deleting directory /tmp/spark-91ff91f0-5a11-4044-b1c7-257109aa26a7/pyspark-2db32c07-89cc-455e-b6bc-a500fcca1e26
[2025-03-23T19:58:30.693+0000] {spark_submit.py:645} INFO - 25/03/23 19:58:30 INFO ShutdownHookManager: Deleting directory /tmp/spark-91ff91f0-5a11-4044-b1c7-257109aa26a7
[2025-03-23T19:58:30.698+0000] {spark_submit.py:645} INFO - 25/03/23 19:58:30 INFO ShutdownHookManager: Deleting directory /tmp/spark-4f2b23f6-54c9-4981-9f0e-9ba93aef61b9
[2025-03-23T19:58:30.706+0000] {spark_submit.py:645} INFO - 25/03/23 19:58:30 INFO MetricsSystemImpl: Stopping s3a-file-system metrics system...
[2025-03-23T19:58:30.707+0000] {spark_submit.py:645} INFO - 25/03/23 19:58:30 INFO MetricsSystemImpl: s3a-file-system metrics system stopped.
[2025-03-23T19:58:30.707+0000] {spark_submit.py:645} INFO - 25/03/23 19:58:30 INFO MetricsSystemImpl: s3a-file-system metrics system shutdown complete.
[2025-03-23T19:58:30.747+0000] {taskinstance.py:441} INFO - ::group::Post task execution logs
[2025-03-23T19:58:30.761+0000] {taskinstance.py:2905} ERROR - Task failed with exception
Traceback (most recent call last):
  File "/home/airflow/.local/lib/python3.11/site-packages/airflow/models/taskinstance.py", line 465, in _execute_task
    result = _execute_callable(context=context, **execute_callable_kwargs)
             ^^^^^^^^^^^^^^^^^^^^^^^^^^^^^^^^^^^^^^^^^^^^^^^^^^^^^^^^^^^^^
  File "/home/airflow/.local/lib/python3.11/site-packages/airflow/models/taskinstance.py", line 432, in _execute_callable
    return execute_callable(context=context, **execute_callable_kwargs)
           ^^^^^^^^^^^^^^^^^^^^^^^^^^^^^^^^^^^^^^^^^^^^^^^^^^^^^^^^^^^^
  File "/home/airflow/.local/lib/python3.11/site-packages/airflow/models/baseoperator.py", line 401, in wrapper
    return func(self, *args, **kwargs)
           ^^^^^^^^^^^^^^^^^^^^^^^^^^^
  File "/home/airflow/.local/lib/python3.11/site-packages/airflow/operators/python.py", line 235, in execute
    return_value = self.execute_callable()
                   ^^^^^^^^^^^^^^^^^^^^^^^
  File "/home/airflow/.local/lib/python3.11/site-packages/airflow/operators/python.py", line 252, in execute_callable
    return self.python_callable(*self.op_args, **self.op_kwargs)
           ^^^^^^^^^^^^^^^^^^^^^^^^^^^^^^^^^^^^^^^^^^^^^^^^^^^^^
  File "/opt/airflow/dags/data_pipeline_dag.py", line 92, in spark_dtransformation
    ).execute(kwargs)
      ^^^^^^^^^^^^^^^
  File "/home/airflow/.local/lib/python3.11/site-packages/airflow/models/baseoperator.py", line 401, in wrapper
    return func(self, *args, **kwargs)
           ^^^^^^^^^^^^^^^^^^^^^^^^^^^
  File "/home/airflow/.local/lib/python3.11/site-packages/airflow/providers/apache/spark/operators/spark_submit.py", line 177, in execute
    self._hook.submit(self.application)
  File "/home/airflow/.local/lib/python3.11/site-packages/airflow/providers/apache/spark/hooks/spark_submit.py", line 567, in submit
    raise AirflowException(
airflow.exceptions.AirflowException: Cannot execute: spark-submit --master spark://spark-master:7077 --conf spark.executor.memory=2g --conf spark.executor.cores=2 --conf spark.jars=/opt/***/dags/jars/aws-java-sdk-bundle-1.12.262.jar, /opt/***/dags/jars/hadoop-aws-3.3.4.jar --conf spark.hadoop.fs.s3a.connection.ssl.enabled=false --conf spark.hadoop.fs.s3a.impl=org.apache.hadoop.fs.s3a.S3AFileSystem --principal *** --name arrow-spark --verbose --deploy-mode client /spark_job/data_transformation.py s3://raw/playlist_20250323_190824.json. Error code is: 1.
[2025-03-23T19:58:30.771+0000] {taskinstance.py:1206} INFO - Marking task as UP_FOR_RETRY. dag_id=spotify_etl_pipeline, task_id=transformation, run_id=scheduled__2025-03-22T00:00:00+00:00, execution_date=20250322T000000, start_date=20250323T195708, end_date=20250323T195830
[2025-03-23T19:58:30.823+0000] {standard_task_runner.py:110} ERROR - Failed to execute job 34 for task transformation (Cannot execute: spark-submit --master spark://spark-master:7077 --conf spark.executor.memory=2g --conf spark.executor.cores=2 --conf spark.jars=/opt/***/dags/jars/aws-java-sdk-bundle-1.12.262.jar, /opt/***/dags/jars/hadoop-aws-3.3.4.jar --conf spark.hadoop.fs.s3a.connection.ssl.enabled=false --conf spark.hadoop.fs.s3a.impl=org.apache.hadoop.fs.s3a.S3AFileSystem --principal *** --name arrow-spark --verbose --deploy-mode client /spark_job/data_transformation.py s3://raw/playlist_20250323_190824.json. Error code is: 1.; 2859)
[2025-03-23T19:58:30.846+0000] {local_task_job_runner.py:240} INFO - Task exited with return code 1
[2025-03-23T19:58:30.879+0000] {taskinstance.py:3503} INFO - 0 downstream tasks scheduled from follow-on schedule check
[2025-03-23T19:58:30.999+0000] {local_task_job_runner.py:222} INFO - ::endgroup::
