[2025-03-23T19:41:47.248+0000] {local_task_job_runner.py:120} INFO - ::group::Pre task execution logs
[2025-03-23T19:41:47.293+0000] {taskinstance.py:2076} INFO - Dependencies all met for dep_context=non-requeueable deps ti=<TaskInstance: spotify_etl_pipeline.transformation scheduled__2025-03-22T00:00:00+00:00 [queued]>
[2025-03-23T19:41:47.304+0000] {taskinstance.py:2076} INFO - Dependencies all met for dep_context=requeueable deps ti=<TaskInstance: spotify_etl_pipeline.transformation scheduled__2025-03-22T00:00:00+00:00 [queued]>
[2025-03-23T19:41:47.305+0000] {taskinstance.py:2306} INFO - Starting attempt 17 of 18
[2025-03-23T19:41:47.341+0000] {taskinstance.py:2330} INFO - Executing <Task(PythonOperator): transformation> on 2025-03-22 00:00:00+00:00
[2025-03-23T19:41:47.348+0000] {standard_task_runner.py:63} INFO - Started process 2187 to run task
[2025-03-23T19:41:47.352+0000] {standard_task_runner.py:90} INFO - Running: ['***', 'tasks', 'run', 'spotify_etl_pipeline', 'transformation', 'scheduled__2025-03-22T00:00:00+00:00', '--job-id', '28', '--raw', '--subdir', 'DAGS_FOLDER/data_pipeline_dag.py', '--cfg-path', '/tmp/tmpvqwq0_yn']
[2025-03-23T19:41:47.354+0000] {standard_task_runner.py:91} INFO - Job 28: Subtask transformation
[2025-03-23T19:41:47.439+0000] {task_command.py:426} INFO - Running <TaskInstance: spotify_etl_pipeline.transformation scheduled__2025-03-22T00:00:00+00:00 [running]> on host ffe4e0703eb1
[2025-03-23T19:41:47.662+0000] {taskinstance.py:2648} INFO - Exporting env vars: AIRFLOW_CTX_DAG_OWNER='lobobranco' AIRFLOW_CTX_DAG_ID='spotify_etl_pipeline' AIRFLOW_CTX_TASK_ID='transformation' AIRFLOW_CTX_EXECUTION_DATE='2025-03-22T00:00:00+00:00' AIRFLOW_CTX_TRY_NUMBER='17' AIRFLOW_CTX_DAG_RUN_ID='scheduled__2025-03-22T00:00:00+00:00'
[2025-03-23T19:41:47.663+0000] {taskinstance.py:430} INFO - ::endgroup::
[2025-03-23T19:41:47.718+0000] {data_pipeline_dag.py:77} INFO - Transforming data from file: s3://raw/playlist_20250323_190824.json
[2025-03-23T19:41:47.719+0000] {baseoperator.py:400} WARNING - SparkSubmitOperator.execute cannot be called outside TaskInstance!
[2025-03-23T19:41:47.745+0000] {base.py:84} INFO - Using connection ID 'spark_default' for task execution.
[2025-03-23T19:41:47.747+0000] {spark_submit.py:328} ERROR - Failed to decode base64 keytab: Incorrect padding
[2025-03-23T19:41:47.747+0000] {spark_submit.py:305} INFO - Could not load connection string spark_default, defaulting to spark://spark-master:7077:7077
[2025-03-23T19:41:47.749+0000] {spark_submit.py:474} INFO - Spark-Submit cmd: spark-submit --master spark://spark-master:7077:7077 --conf spark.executor.memory=2g --conf spark.executor.cores=2 --conf spark.jars=/opt/***/dags/jars/hadoop-aws-3.3.4 --conf spark.hadoop.fs.s3a.connection.ssl.enabled=false --conf spark.hadoop.fs.s3a.impl=org.apache.hadoop.fs.s3a.S3AFileSystem --principal *** --name arrow-spark --verbose --deploy-mode client /spark_job/data_transformation.py s3://raw/playlist_20250323_190824.json
[2025-03-23T19:41:47.877+0000] {spark_submit.py:645} INFO - /home/***/.local/lib/python3.11/site-packages/pyspark/bin/load-spark-env.sh: line 68: ps: command not found
[2025-03-23T19:41:49.706+0000] {spark_submit.py:645} INFO - Using properties file: null
[2025-03-23T19:41:49.861+0000] {spark_submit.py:645} INFO - Parsed arguments:
[2025-03-23T19:41:49.862+0000] {spark_submit.py:645} INFO - master                  spark://spark-master:7077:7077
[2025-03-23T19:41:49.863+0000] {spark_submit.py:645} INFO - remote                  null
[2025-03-23T19:41:49.864+0000] {spark_submit.py:645} INFO - deployMode              client
[2025-03-23T19:41:49.864+0000] {spark_submit.py:645} INFO - executorMemory          2g
[2025-03-23T19:41:49.865+0000] {spark_submit.py:645} INFO - executorCores           2
[2025-03-23T19:41:49.865+0000] {spark_submit.py:645} INFO - totalExecutorCores      null
[2025-03-23T19:41:49.866+0000] {spark_submit.py:645} INFO - propertiesFile          null
[2025-03-23T19:41:49.867+0000] {spark_submit.py:645} INFO - driverMemory            null
[2025-03-23T19:41:49.867+0000] {spark_submit.py:645} INFO - driverCores             null
[2025-03-23T19:41:49.868+0000] {spark_submit.py:645} INFO - driverExtraClassPath    null
[2025-03-23T19:41:49.869+0000] {spark_submit.py:645} INFO - driverExtraLibraryPath  null
[2025-03-23T19:41:49.870+0000] {spark_submit.py:645} INFO - driverExtraJavaOptions  null
[2025-03-23T19:41:49.871+0000] {spark_submit.py:645} INFO - supervise               false
[2025-03-23T19:41:49.873+0000] {spark_submit.py:645} INFO - queue                   null
[2025-03-23T19:41:49.873+0000] {spark_submit.py:645} INFO - numExecutors            null
[2025-03-23T19:41:49.874+0000] {spark_submit.py:645} INFO - files                   null
[2025-03-23T19:41:49.874+0000] {spark_submit.py:645} INFO - pyFiles                 null
[2025-03-23T19:41:49.875+0000] {spark_submit.py:645} INFO - archives                null
[2025-03-23T19:41:49.876+0000] {spark_submit.py:645} INFO - mainClass               null
[2025-03-23T19:41:49.876+0000] {spark_submit.py:645} INFO - primaryResource         file:/spark_job/data_transformation.py
[2025-03-23T19:41:49.877+0000] {spark_submit.py:645} INFO - name                    arrow-spark
[2025-03-23T19:41:49.878+0000] {spark_submit.py:645} INFO - childArgs               [s3://raw/playlist_20250323_190824.json]
[2025-03-23T19:41:49.879+0000] {spark_submit.py:645} INFO - jars                    /opt/***/dags/jars/hadoop-aws-3.3.4
[2025-03-23T19:41:49.885+0000] {spark_submit.py:645} INFO - packages                null
[2025-03-23T19:41:49.886+0000] {spark_submit.py:645} INFO - packagesExclusions      null
[2025-03-23T19:41:49.887+0000] {spark_submit.py:645} INFO - repositories            null
[2025-03-23T19:41:49.889+0000] {spark_submit.py:645} INFO - verbose                 true
[2025-03-23T19:41:49.890+0000] {spark_submit.py:645} INFO - 
[2025-03-23T19:41:49.890+0000] {spark_submit.py:645} INFO - Spark properties used, including those specified through
[2025-03-23T19:41:49.892+0000] {spark_submit.py:645} INFO - --conf and those from the properties file null:
[2025-03-23T19:41:49.893+0000] {spark_submit.py:645} INFO - (spark.executor.cores,2)
[2025-03-23T19:41:49.893+0000] {spark_submit.py:645} INFO - (spark.executor.memory,2g)
[2025-03-23T19:41:49.895+0000] {spark_submit.py:645} INFO - (spark.hadoop.fs.s3a.connection.ssl.enabled,false)
[2025-03-23T19:41:49.898+0000] {spark_submit.py:645} INFO - (spark.hadoop.fs.s3a.impl,org.apache.hadoop.fs.s3a.S3AFileSystem)
[2025-03-23T19:41:49.900+0000] {spark_submit.py:645} INFO - (spark.jars,/opt/***/dags/jars/hadoop-aws-3.3.4)
[2025-03-23T19:41:49.901+0000] {spark_submit.py:645} INFO - 
[2025-03-23T19:41:49.907+0000] {spark_submit.py:645} INFO - 
[2025-03-23T19:41:50.394+0000] {spark_submit.py:645} INFO - 25/03/23 19:41:50 WARN NativeCodeLoader: Unable to load native-hadoop library for your platform... using builtin-java classes where applicable
[2025-03-23T19:41:50.730+0000] {spark_submit.py:645} INFO - Main class:
[2025-03-23T19:41:50.731+0000] {spark_submit.py:645} INFO - org.apache.spark.deploy.PythonRunner
[2025-03-23T19:41:50.732+0000] {spark_submit.py:645} INFO - Arguments:
[2025-03-23T19:41:50.733+0000] {spark_submit.py:645} INFO - file:/spark_job/data_transformation.py
[2025-03-23T19:41:50.733+0000] {spark_submit.py:645} INFO - null
[2025-03-23T19:41:50.734+0000] {spark_submit.py:645} INFO - s3://raw/playlist_20250323_190824.json
[2025-03-23T19:41:50.735+0000] {spark_submit.py:645} INFO - Spark config:
[2025-03-23T19:41:50.736+0000] {spark_submit.py:645} INFO - (spark.app.name,arrow-spark)
[2025-03-23T19:41:50.737+0000] {spark_submit.py:645} INFO - (spark.app.submitTime,1742758910709)
[2025-03-23T19:41:50.738+0000] {spark_submit.py:645} INFO - (spark.executor.cores,2)
[2025-03-23T19:41:50.739+0000] {spark_submit.py:645} INFO - (spark.executor.memory,2g)
[2025-03-23T19:41:50.739+0000] {spark_submit.py:645} INFO - (spark.hadoop.fs.s3a.connection.ssl.enabled,false)
[2025-03-23T19:41:50.739+0000] {spark_submit.py:645} INFO - (spark.hadoop.fs.s3a.impl,org.apache.hadoop.fs.s3a.S3AFileSystem)
[2025-03-23T19:41:50.740+0000] {spark_submit.py:645} INFO - (spark.jars,file:/opt/***/dags/jars/hadoop-aws-3.3.4)
[2025-03-23T19:41:50.741+0000] {spark_submit.py:645} INFO - (spark.kerberos.principal,***)
[2025-03-23T19:41:50.741+0000] {spark_submit.py:645} INFO - (spark.master,spark://spark-master:7077:7077)
[2025-03-23T19:41:50.741+0000] {spark_submit.py:645} INFO - (spark.repl.local.jars,file:/opt/***/dags/jars/hadoop-aws-3.3.4)
[2025-03-23T19:41:50.742+0000] {spark_submit.py:645} INFO - (spark.submit.deployMode,client)
[2025-03-23T19:41:50.742+0000] {spark_submit.py:645} INFO - (spark.submit.pyFiles,)
[2025-03-23T19:41:50.742+0000] {spark_submit.py:645} INFO - Classpath elements:
[2025-03-23T19:41:50.743+0000] {spark_submit.py:645} INFO - file:/opt/***/dags/jars/hadoop-aws-3.3.4
[2025-03-23T19:41:50.743+0000] {spark_submit.py:645} INFO - 
[2025-03-23T19:41:50.744+0000] {spark_submit.py:645} INFO - 
[2025-03-23T19:41:50.744+0000] {spark_submit.py:645} INFO - 25/03/23 19:41:50 WARN DependencyUtils: Local jar /opt/***/dags/jars/hadoop-aws-3.3.4 does not exist, skipping.
[2025-03-23T19:41:52.336+0000] {spark_submit.py:645} INFO - 25/03/23 19:41:52 INFO SparkContext: Running Spark version 3.5.5
[2025-03-23T19:41:52.337+0000] {spark_submit.py:645} INFO - 25/03/23 19:41:52 INFO SparkContext: OS info Linux, 5.15.153.1-microsoft-standard-WSL2, amd64
[2025-03-23T19:41:52.338+0000] {spark_submit.py:645} INFO - 25/03/23 19:41:52 INFO SparkContext: Java version 17.0.14
[2025-03-23T19:41:52.383+0000] {spark_submit.py:645} INFO - 25/03/23 19:41:52 INFO ResourceUtils: ==============================================================
[2025-03-23T19:41:52.384+0000] {spark_submit.py:645} INFO - 25/03/23 19:41:52 INFO ResourceUtils: No custom resources configured for spark.driver.
[2025-03-23T19:41:52.385+0000] {spark_submit.py:645} INFO - 25/03/23 19:41:52 INFO ResourceUtils: ==============================================================
[2025-03-23T19:41:52.385+0000] {spark_submit.py:645} INFO - 25/03/23 19:41:52 INFO SparkContext: Submitted application: Minio Integration with PySpark
[2025-03-23T19:41:52.419+0000] {spark_submit.py:645} INFO - 25/03/23 19:41:52 INFO ResourceProfile: Default ResourceProfile created, executor resources: Map(cores -> name: cores, amount: 2, script: , vendor: , memory -> name: memory, amount: 2048, script: , vendor: , offHeap -> name: offHeap, amount: 0, script: , vendor: ), task resources: Map(cpus -> name: cpus, amount: 1.0)
[2025-03-23T19:41:52.435+0000] {spark_submit.py:645} INFO - 25/03/23 19:41:52 INFO ResourceProfile: Limiting resource is cpus at 2 tasks per executor
[2025-03-23T19:41:52.438+0000] {spark_submit.py:645} INFO - 25/03/23 19:41:52 INFO ResourceProfileManager: Added ResourceProfile id: 0
[2025-03-23T19:41:53.254+0000] {spark_submit.py:645} INFO - 25/03/23 19:41:53 INFO SecurityManager: Changing view acls to: ***
[2025-03-23T19:41:53.255+0000] {spark_submit.py:645} INFO - 25/03/23 19:41:53 INFO SecurityManager: Changing modify acls to: ***
[2025-03-23T19:41:53.257+0000] {spark_submit.py:645} INFO - 25/03/23 19:41:53 INFO SecurityManager: Changing view acls groups to:
[2025-03-23T19:41:53.258+0000] {spark_submit.py:645} INFO - 25/03/23 19:41:53 INFO SecurityManager: Changing modify acls groups to:
[2025-03-23T19:41:53.259+0000] {spark_submit.py:645} INFO - 25/03/23 19:41:53 INFO SecurityManager: SecurityManager: authentication disabled; ui acls disabled; users with view permissions: ***; groups with view permissions: EMPTY; users with modify permissions: ***; groups with modify permissions: EMPTY
[2025-03-23T19:41:53.485+0000] {spark_submit.py:645} INFO - 25/03/23 19:41:53 INFO Utils: Successfully started service 'sparkDriver' on port 41303.
[2025-03-23T19:41:53.518+0000] {spark_submit.py:645} INFO - 25/03/23 19:41:53 INFO SparkEnv: Registering MapOutputTracker
[2025-03-23T19:41:53.564+0000] {spark_submit.py:645} INFO - 25/03/23 19:41:53 INFO SparkEnv: Registering BlockManagerMaster
[2025-03-23T19:41:53.593+0000] {spark_submit.py:645} INFO - 25/03/23 19:41:53 INFO BlockManagerMasterEndpoint: Using org.apache.spark.storage.DefaultTopologyMapper for getting topology information
[2025-03-23T19:41:53.636+0000] {spark_submit.py:645} INFO - 25/03/23 19:41:53 INFO BlockManagerMasterEndpoint: BlockManagerMasterEndpoint up
[2025-03-23T19:41:53.643+0000] {spark_submit.py:645} INFO - 25/03/23 19:41:53 INFO SparkEnv: Registering BlockManagerMasterHeartbeat
[2025-03-23T19:41:53.668+0000] {spark_submit.py:645} INFO - 25/03/23 19:41:53 INFO DiskBlockManager: Created local directory at /tmp/blockmgr-b54d7fea-b2c1-4d3a-aabe-cce1e530d5ce
[2025-03-23T19:41:53.697+0000] {spark_submit.py:645} INFO - 25/03/23 19:41:53 INFO MemoryStore: MemoryStore started with capacity 434.4 MiB
[2025-03-23T19:41:53.743+0000] {spark_submit.py:645} INFO - 25/03/23 19:41:53 INFO SparkEnv: Registering OutputCommitCoordinator
[2025-03-23T19:41:54.032+0000] {spark_submit.py:645} INFO - 25/03/23 19:41:54 INFO JettyUtils: Start Jetty 0.0.0.0:4040 for SparkUI
[2025-03-23T19:41:54.102+0000] {spark_submit.py:645} INFO - 25/03/23 19:41:54 INFO Utils: Successfully started service 'SparkUI' on port 4040.
[2025-03-23T19:41:54.147+0000] {spark_submit.py:645} INFO - 25/03/23 19:41:54 ERROR SparkContext: Failed to add file:/opt/***/dags/jars/hadoop-aws-3.3.4 to Spark environment
[2025-03-23T19:41:54.148+0000] {spark_submit.py:645} INFO - java.io.FileNotFoundException: Jar /opt/***/dags/jars/hadoop-aws-3.3.4 not found
[2025-03-23T19:41:54.148+0000] {spark_submit.py:645} INFO - at org.apache.spark.SparkContext.addLocalJarFile$1(SparkContext.scala:2095)
[2025-03-23T19:41:54.149+0000] {spark_submit.py:645} INFO - at org.apache.spark.SparkContext.addJar(SparkContext.scala:2151)
[2025-03-23T19:41:54.149+0000] {spark_submit.py:645} INFO - at org.apache.spark.SparkContext.$anonfun$new$15(SparkContext.scala:521)
[2025-03-23T19:41:54.150+0000] {spark_submit.py:645} INFO - at org.apache.spark.SparkContext.$anonfun$new$15$adapted(SparkContext.scala:521)
[2025-03-23T19:41:54.150+0000] {spark_submit.py:645} INFO - at scala.collection.mutable.ResizableArray.foreach(ResizableArray.scala:62)
[2025-03-23T19:41:54.151+0000] {spark_submit.py:645} INFO - at scala.collection.mutable.ResizableArray.foreach$(ResizableArray.scala:55)
[2025-03-23T19:41:54.151+0000] {spark_submit.py:645} INFO - at scala.collection.mutable.ArrayBuffer.foreach(ArrayBuffer.scala:49)
[2025-03-23T19:41:54.152+0000] {spark_submit.py:645} INFO - at org.apache.spark.SparkContext.<init>(SparkContext.scala:521)
[2025-03-23T19:41:54.152+0000] {spark_submit.py:645} INFO - at org.apache.spark.api.java.JavaSparkContext.<init>(JavaSparkContext.scala:58)
[2025-03-23T19:41:54.152+0000] {spark_submit.py:645} INFO - at java.base/jdk.internal.reflect.NativeConstructorAccessorImpl.newInstance0(Native Method)
[2025-03-23T19:41:54.153+0000] {spark_submit.py:645} INFO - at java.base/jdk.internal.reflect.NativeConstructorAccessorImpl.newInstance(NativeConstructorAccessorImpl.java:77)
[2025-03-23T19:41:54.154+0000] {spark_submit.py:645} INFO - at java.base/jdk.internal.reflect.DelegatingConstructorAccessorImpl.newInstance(DelegatingConstructorAccessorImpl.java:45)
[2025-03-23T19:41:54.154+0000] {spark_submit.py:645} INFO - at java.base/java.lang.reflect.Constructor.newInstanceWithCaller(Constructor.java:500)
[2025-03-23T19:41:54.155+0000] {spark_submit.py:645} INFO - at java.base/java.lang.reflect.Constructor.newInstance(Constructor.java:481)
[2025-03-23T19:41:54.155+0000] {spark_submit.py:645} INFO - at py4j.reflection.MethodInvoker.invoke(MethodInvoker.java:247)
[2025-03-23T19:41:54.156+0000] {spark_submit.py:645} INFO - at py4j.reflection.ReflectionEngine.invoke(ReflectionEngine.java:374)
[2025-03-23T19:41:54.157+0000] {spark_submit.py:645} INFO - at py4j.Gateway.invoke(Gateway.java:238)
[2025-03-23T19:41:54.157+0000] {spark_submit.py:645} INFO - at py4j.commands.ConstructorCommand.invokeConstructor(ConstructorCommand.java:80)
[2025-03-23T19:41:54.158+0000] {spark_submit.py:645} INFO - at py4j.commands.ConstructorCommand.execute(ConstructorCommand.java:69)
[2025-03-23T19:41:54.159+0000] {spark_submit.py:645} INFO - at py4j.ClientServerConnection.waitForCommands(ClientServerConnection.java:182)
[2025-03-23T19:41:54.160+0000] {spark_submit.py:645} INFO - at py4j.ClientServerConnection.run(ClientServerConnection.java:106)
[2025-03-23T19:41:54.160+0000] {spark_submit.py:645} INFO - at java.base/java.lang.Thread.run(Thread.java:840)
[2025-03-23T19:41:54.249+0000] {spark_submit.py:645} INFO - 25/03/23 19:41:54 INFO StandaloneAppClient$ClientEndpoint: Connecting to master spark://spark-master:7077...
[2025-03-23T19:41:57.600+0000] {spark_submit.py:645} INFO - 25/03/23 19:41:57 WARN TransportClientFactory: DNS resolution failed for spark-master/<unresolved>:7077 took 3325 ms
[2025-03-23T19:41:57.631+0000] {spark_submit.py:645} INFO - 25/03/23 19:41:57 WARN StandaloneAppClient$ClientEndpoint: Failed to connect to master spark-master:7077
[2025-03-23T19:41:57.632+0000] {spark_submit.py:645} INFO - org.apache.spark.SparkException: Exception thrown in awaitResult:
[2025-03-23T19:41:57.632+0000] {spark_submit.py:645} INFO - at org.apache.spark.util.SparkThreadUtils$.awaitResult(SparkThreadUtils.scala:56)
[2025-03-23T19:41:57.633+0000] {spark_submit.py:645} INFO - at org.apache.spark.util.ThreadUtils$.awaitResult(ThreadUtils.scala:310)
[2025-03-23T19:41:57.633+0000] {spark_submit.py:645} INFO - at org.apache.spark.rpc.RpcTimeout.awaitResult(RpcTimeout.scala:75)
[2025-03-23T19:41:57.633+0000] {spark_submit.py:645} INFO - at org.apache.spark.rpc.RpcEnv.setupEndpointRefByURI(RpcEnv.scala:102)
[2025-03-23T19:41:57.633+0000] {spark_submit.py:645} INFO - at org.apache.spark.rpc.RpcEnv.setupEndpointRef(RpcEnv.scala:110)
[2025-03-23T19:41:57.634+0000] {spark_submit.py:645} INFO - at org.apache.spark.deploy.client.StandaloneAppClient$ClientEndpoint$$anon$1.run(StandaloneAppClient.scala:108)
[2025-03-23T19:41:57.634+0000] {spark_submit.py:645} INFO - at java.base/java.util.concurrent.Executors$RunnableAdapter.call(Executors.java:539)
[2025-03-23T19:41:57.634+0000] {spark_submit.py:645} INFO - at java.base/java.util.concurrent.FutureTask.run(FutureTask.java:264)
[2025-03-23T19:41:57.634+0000] {spark_submit.py:645} INFO - at java.base/java.util.concurrent.ThreadPoolExecutor.runWorker(ThreadPoolExecutor.java:1136)
[2025-03-23T19:41:57.635+0000] {spark_submit.py:645} INFO - at java.base/java.util.concurrent.ThreadPoolExecutor$Worker.run(ThreadPoolExecutor.java:635)
[2025-03-23T19:41:57.635+0000] {spark_submit.py:645} INFO - at java.base/java.lang.Thread.run(Thread.java:840)
[2025-03-23T19:41:57.635+0000] {spark_submit.py:645} INFO - Caused by: java.io.IOException: Failed to connect to spark-master/<unresolved>:7077
[2025-03-23T19:41:57.636+0000] {spark_submit.py:645} INFO - at org.apache.spark.network.client.TransportClientFactory.createClient(TransportClientFactory.java:294)
[2025-03-23T19:41:57.636+0000] {spark_submit.py:645} INFO - at org.apache.spark.network.client.TransportClientFactory.createClient(TransportClientFactory.java:214)
[2025-03-23T19:41:57.636+0000] {spark_submit.py:645} INFO - at org.apache.spark.network.client.TransportClientFactory.createClient(TransportClientFactory.java:226)
[2025-03-23T19:41:57.636+0000] {spark_submit.py:645} INFO - at org.apache.spark.rpc.netty.NettyRpcEnv.createClient(NettyRpcEnv.scala:204)
[2025-03-23T19:41:57.637+0000] {spark_submit.py:645} INFO - at org.apache.spark.rpc.netty.Outbox$$anon$1.call(Outbox.scala:202)
[2025-03-23T19:41:57.637+0000] {spark_submit.py:645} INFO - at org.apache.spark.rpc.netty.Outbox$$anon$1.call(Outbox.scala:198)
[2025-03-23T19:41:57.637+0000] {spark_submit.py:645} INFO - ... 4 more
[2025-03-23T19:41:57.637+0000] {spark_submit.py:645} INFO - Caused by: java.net.UnknownHostException: spark-master
[2025-03-23T19:41:57.638+0000] {spark_submit.py:645} INFO - at java.base/java.net.InetAddress$CachedAddresses.get(InetAddress.java:801)
[2025-03-23T19:41:57.638+0000] {spark_submit.py:645} INFO - at java.base/java.net.InetAddress.getAllByName0(InetAddress.java:1533)
[2025-03-23T19:41:57.638+0000] {spark_submit.py:645} INFO - at java.base/java.net.InetAddress.getAllByName(InetAddress.java:1385)
[2025-03-23T19:41:57.638+0000] {spark_submit.py:645} INFO - at java.base/java.net.InetAddress.getAllByName(InetAddress.java:1306)
[2025-03-23T19:41:57.639+0000] {spark_submit.py:645} INFO - at java.base/java.net.InetAddress.getByName(InetAddress.java:1256)
[2025-03-23T19:41:57.639+0000] {spark_submit.py:645} INFO - at io.netty.util.internal.SocketUtils$8.run(SocketUtils.java:156)
[2025-03-23T19:41:57.639+0000] {spark_submit.py:645} INFO - at io.netty.util.internal.SocketUtils$8.run(SocketUtils.java:153)
[2025-03-23T19:41:57.640+0000] {spark_submit.py:645} INFO - at java.base/java.security.AccessController.doPrivileged(AccessController.java:569)
[2025-03-23T19:41:57.640+0000] {spark_submit.py:645} INFO - at io.netty.util.internal.SocketUtils.addressByName(SocketUtils.java:153)
[2025-03-23T19:41:57.640+0000] {spark_submit.py:645} INFO - at io.netty.resolver.DefaultNameResolver.doResolve(DefaultNameResolver.java:41)
[2025-03-23T19:41:57.641+0000] {spark_submit.py:645} INFO - at io.netty.resolver.SimpleNameResolver.resolve(SimpleNameResolver.java:61)
[2025-03-23T19:41:57.641+0000] {spark_submit.py:645} INFO - at io.netty.resolver.SimpleNameResolver.resolve(SimpleNameResolver.java:53)
[2025-03-23T19:41:57.642+0000] {spark_submit.py:645} INFO - at io.netty.resolver.InetSocketAddressResolver.doResolve(InetSocketAddressResolver.java:55)
[2025-03-23T19:41:57.642+0000] {spark_submit.py:645} INFO - at io.netty.resolver.InetSocketAddressResolver.doResolve(InetSocketAddressResolver.java:31)
[2025-03-23T19:41:57.642+0000] {spark_submit.py:645} INFO - at io.netty.resolver.AbstractAddressResolver.resolve(AbstractAddressResolver.java:106)
[2025-03-23T19:41:57.643+0000] {spark_submit.py:645} INFO - at io.netty.bootstrap.Bootstrap.doResolveAndConnect0(Bootstrap.java:220)
[2025-03-23T19:41:57.643+0000] {spark_submit.py:645} INFO - at io.netty.bootstrap.Bootstrap.access$000(Bootstrap.java:46)
[2025-03-23T19:41:57.643+0000] {spark_submit.py:645} INFO - at io.netty.bootstrap.Bootstrap$1.operationComplete(Bootstrap.java:189)
[2025-03-23T19:41:57.644+0000] {spark_submit.py:645} INFO - at io.netty.bootstrap.Bootstrap$1.operationComplete(Bootstrap.java:175)
[2025-03-23T19:41:57.646+0000] {spark_submit.py:645} INFO - at io.netty.util.concurrent.DefaultPromise.notifyListener0(DefaultPromise.java:590)
[2025-03-23T19:41:57.647+0000] {spark_submit.py:645} INFO - at io.netty.util.concurrent.DefaultPromise.notifyListenersNow(DefaultPromise.java:557)
[2025-03-23T19:41:57.647+0000] {spark_submit.py:645} INFO - at io.netty.util.concurrent.DefaultPromise.notifyListeners(DefaultPromise.java:492)
[2025-03-23T19:41:57.648+0000] {spark_submit.py:645} INFO - at io.netty.util.concurrent.DefaultPromise.setValue0(DefaultPromise.java:636)
[2025-03-23T19:41:57.648+0000] {spark_submit.py:645} INFO - at io.netty.util.concurrent.DefaultPromise.setSuccess0(DefaultPromise.java:625)
[2025-03-23T19:41:57.648+0000] {spark_submit.py:645} INFO - at io.netty.util.concurrent.DefaultPromise.trySuccess(DefaultPromise.java:105)
[2025-03-23T19:41:57.649+0000] {spark_submit.py:645} INFO - at io.netty.channel.DefaultChannelPromise.trySuccess(DefaultChannelPromise.java:84)
[2025-03-23T19:41:57.649+0000] {spark_submit.py:645} INFO - at io.netty.channel.AbstractChannel$AbstractUnsafe.safeSetSuccess(AbstractChannel.java:990)
[2025-03-23T19:41:57.649+0000] {spark_submit.py:645} INFO - at io.netty.channel.AbstractChannel$AbstractUnsafe.register0(AbstractChannel.java:516)
[2025-03-23T19:41:57.650+0000] {spark_submit.py:645} INFO - at io.netty.channel.AbstractChannel$AbstractUnsafe.access$200(AbstractChannel.java:429)
[2025-03-23T19:41:57.650+0000] {spark_submit.py:645} INFO - at io.netty.channel.AbstractChannel$AbstractUnsafe$1.run(AbstractChannel.java:486)
[2025-03-23T19:41:57.651+0000] {spark_submit.py:645} INFO - at io.netty.util.concurrent.AbstractEventExecutor.runTask(AbstractEventExecutor.java:174)
[2025-03-23T19:41:57.651+0000] {spark_submit.py:645} INFO - at io.netty.util.concurrent.AbstractEventExecutor.safeExecute(AbstractEventExecutor.java:167)
[2025-03-23T19:41:57.652+0000] {spark_submit.py:645} INFO - at io.netty.util.concurrent.SingleThreadEventExecutor.runAllTasks(SingleThreadEventExecutor.java:470)
[2025-03-23T19:41:57.652+0000] {spark_submit.py:645} INFO - at io.netty.channel.nio.NioEventLoop.run(NioEventLoop.java:569)
[2025-03-23T19:41:57.652+0000] {spark_submit.py:645} INFO - at io.netty.util.concurrent.SingleThreadEventExecutor$4.run(SingleThreadEventExecutor.java:997)
[2025-03-23T19:41:57.653+0000] {spark_submit.py:645} INFO - at io.netty.util.internal.ThreadExecutorMap$2.run(ThreadExecutorMap.java:74)
[2025-03-23T19:41:57.653+0000] {spark_submit.py:645} INFO - at io.netty.util.concurrent.FastThreadLocalRunnable.run(FastThreadLocalRunnable.java:30)
[2025-03-23T19:41:57.653+0000] {spark_submit.py:645} INFO - ... 1 more
[2025-03-23T19:42:14.246+0000] {spark_submit.py:645} INFO - 25/03/23 19:42:14 INFO StandaloneAppClient$ClientEndpoint: Connecting to master spark://spark-master:7077...
[2025-03-23T19:42:17.678+0000] {spark_submit.py:645} INFO - 25/03/23 19:42:17 WARN TransportClientFactory: DNS resolution failed for spark-master/<unresolved>:7077 took 3430 ms
[2025-03-23T19:42:17.683+0000] {spark_submit.py:645} INFO - 25/03/23 19:42:17 WARN StandaloneAppClient$ClientEndpoint: Failed to connect to master spark-master:7077
[2025-03-23T19:42:17.689+0000] {spark_submit.py:645} INFO - org.apache.spark.SparkException: Exception thrown in awaitResult:
[2025-03-23T19:42:17.690+0000] {spark_submit.py:645} INFO - at org.apache.spark.util.SparkThreadUtils$.awaitResult(SparkThreadUtils.scala:56)
[2025-03-23T19:42:17.691+0000] {spark_submit.py:645} INFO - at org.apache.spark.util.ThreadUtils$.awaitResult(ThreadUtils.scala:310)
[2025-03-23T19:42:17.692+0000] {spark_submit.py:645} INFO - at org.apache.spark.rpc.RpcTimeout.awaitResult(RpcTimeout.scala:75)
[2025-03-23T19:42:17.692+0000] {spark_submit.py:645} INFO - at org.apache.spark.rpc.RpcEnv.setupEndpointRefByURI(RpcEnv.scala:102)
[2025-03-23T19:42:17.693+0000] {spark_submit.py:645} INFO - at org.apache.spark.rpc.RpcEnv.setupEndpointRef(RpcEnv.scala:110)
[2025-03-23T19:42:17.693+0000] {spark_submit.py:645} INFO - at org.apache.spark.deploy.client.StandaloneAppClient$ClientEndpoint$$anon$1.run(StandaloneAppClient.scala:108)
[2025-03-23T19:42:17.695+0000] {spark_submit.py:645} INFO - at java.base/java.util.concurrent.Executors$RunnableAdapter.call(Executors.java:539)
[2025-03-23T19:42:17.696+0000] {spark_submit.py:645} INFO - at java.base/java.util.concurrent.FutureTask.run(FutureTask.java:264)
[2025-03-23T19:42:17.696+0000] {spark_submit.py:645} INFO - at java.base/java.util.concurrent.ThreadPoolExecutor.runWorker(ThreadPoolExecutor.java:1136)
[2025-03-23T19:42:17.697+0000] {spark_submit.py:645} INFO - at java.base/java.util.concurrent.ThreadPoolExecutor$Worker.run(ThreadPoolExecutor.java:635)
[2025-03-23T19:42:17.698+0000] {spark_submit.py:645} INFO - at java.base/java.lang.Thread.run(Thread.java:840)
[2025-03-23T19:42:17.699+0000] {spark_submit.py:645} INFO - Caused by: java.io.IOException: Failed to connect to spark-master/<unresolved>:7077
[2025-03-23T19:42:17.699+0000] {spark_submit.py:645} INFO - at org.apache.spark.network.client.TransportClientFactory.createClient(TransportClientFactory.java:294)
[2025-03-23T19:42:17.700+0000] {spark_submit.py:645} INFO - at org.apache.spark.network.client.TransportClientFactory.createClient(TransportClientFactory.java:214)
[2025-03-23T19:42:17.700+0000] {spark_submit.py:645} INFO - at org.apache.spark.network.client.TransportClientFactory.createClient(TransportClientFactory.java:226)
[2025-03-23T19:42:17.701+0000] {spark_submit.py:645} INFO - at org.apache.spark.rpc.netty.NettyRpcEnv.createClient(NettyRpcEnv.scala:204)
[2025-03-23T19:42:17.701+0000] {spark_submit.py:645} INFO - at org.apache.spark.rpc.netty.Outbox$$anon$1.call(Outbox.scala:202)
[2025-03-23T19:42:17.702+0000] {spark_submit.py:645} INFO - at org.apache.spark.rpc.netty.Outbox$$anon$1.call(Outbox.scala:198)
[2025-03-23T19:42:17.702+0000] {spark_submit.py:645} INFO - ... 4 more
[2025-03-23T19:42:17.703+0000] {spark_submit.py:645} INFO - Caused by: java.net.UnknownHostException: spark-master
[2025-03-23T19:42:17.703+0000] {spark_submit.py:645} INFO - at java.base/java.net.InetAddress$CachedAddresses.get(InetAddress.java:801)
[2025-03-23T19:42:17.703+0000] {spark_submit.py:645} INFO - at java.base/java.net.InetAddress.getAllByName0(InetAddress.java:1533)
[2025-03-23T19:42:17.704+0000] {spark_submit.py:645} INFO - at java.base/java.net.InetAddress.getAllByName(InetAddress.java:1385)
[2025-03-23T19:42:17.704+0000] {spark_submit.py:645} INFO - at java.base/java.net.InetAddress.getAllByName(InetAddress.java:1306)
[2025-03-23T19:42:17.704+0000] {spark_submit.py:645} INFO - at java.base/java.net.InetAddress.getByName(InetAddress.java:1256)
[2025-03-23T19:42:17.705+0000] {spark_submit.py:645} INFO - at io.netty.util.internal.SocketUtils$8.run(SocketUtils.java:156)
[2025-03-23T19:42:17.705+0000] {spark_submit.py:645} INFO - at io.netty.util.internal.SocketUtils$8.run(SocketUtils.java:153)
[2025-03-23T19:42:17.706+0000] {spark_submit.py:645} INFO - at java.base/java.security.AccessController.doPrivileged(AccessController.java:569)
[2025-03-23T19:42:17.706+0000] {spark_submit.py:645} INFO - at io.netty.util.internal.SocketUtils.addressByName(SocketUtils.java:153)
[2025-03-23T19:42:17.707+0000] {spark_submit.py:645} INFO - at io.netty.resolver.DefaultNameResolver.doResolve(DefaultNameResolver.java:41)
[2025-03-23T19:42:17.707+0000] {spark_submit.py:645} INFO - at io.netty.resolver.SimpleNameResolver.resolve(SimpleNameResolver.java:61)
[2025-03-23T19:42:17.707+0000] {spark_submit.py:645} INFO - at io.netty.resolver.SimpleNameResolver.resolve(SimpleNameResolver.java:53)
[2025-03-23T19:42:17.708+0000] {spark_submit.py:645} INFO - at io.netty.resolver.InetSocketAddressResolver.doResolve(InetSocketAddressResolver.java:55)
[2025-03-23T19:42:17.708+0000] {spark_submit.py:645} INFO - at io.netty.resolver.InetSocketAddressResolver.doResolve(InetSocketAddressResolver.java:31)
[2025-03-23T19:42:17.709+0000] {spark_submit.py:645} INFO - at io.netty.resolver.AbstractAddressResolver.resolve(AbstractAddressResolver.java:106)
[2025-03-23T19:42:17.709+0000] {spark_submit.py:645} INFO - at io.netty.bootstrap.Bootstrap.doResolveAndConnect0(Bootstrap.java:220)
[2025-03-23T19:42:17.709+0000] {spark_submit.py:645} INFO - at io.netty.bootstrap.Bootstrap.access$000(Bootstrap.java:46)
[2025-03-23T19:42:17.710+0000] {spark_submit.py:645} INFO - at io.netty.bootstrap.Bootstrap$1.operationComplete(Bootstrap.java:189)
[2025-03-23T19:42:17.710+0000] {spark_submit.py:645} INFO - at io.netty.bootstrap.Bootstrap$1.operationComplete(Bootstrap.java:175)
[2025-03-23T19:42:17.711+0000] {spark_submit.py:645} INFO - at io.netty.util.concurrent.DefaultPromise.notifyListener0(DefaultPromise.java:590)
[2025-03-23T19:42:17.711+0000] {spark_submit.py:645} INFO - at io.netty.util.concurrent.DefaultPromise.notifyListenersNow(DefaultPromise.java:557)
[2025-03-23T19:42:17.711+0000] {spark_submit.py:645} INFO - at io.netty.util.concurrent.DefaultPromise.notifyListeners(DefaultPromise.java:492)
[2025-03-23T19:42:17.712+0000] {spark_submit.py:645} INFO - at io.netty.util.concurrent.DefaultPromise.setValue0(DefaultPromise.java:636)
[2025-03-23T19:42:17.712+0000] {spark_submit.py:645} INFO - at io.netty.util.concurrent.DefaultPromise.setSuccess0(DefaultPromise.java:625)
[2025-03-23T19:42:17.712+0000] {spark_submit.py:645} INFO - at io.netty.util.concurrent.DefaultPromise.trySuccess(DefaultPromise.java:105)
[2025-03-23T19:42:17.713+0000] {spark_submit.py:645} INFO - at io.netty.channel.DefaultChannelPromise.trySuccess(DefaultChannelPromise.java:84)
[2025-03-23T19:42:17.713+0000] {spark_submit.py:645} INFO - at io.netty.channel.AbstractChannel$AbstractUnsafe.safeSetSuccess(AbstractChannel.java:990)
[2025-03-23T19:42:17.713+0000] {spark_submit.py:645} INFO - at io.netty.channel.AbstractChannel$AbstractUnsafe.register0(AbstractChannel.java:516)
[2025-03-23T19:42:17.714+0000] {spark_submit.py:645} INFO - at io.netty.channel.AbstractChannel$AbstractUnsafe.access$200(AbstractChannel.java:429)
[2025-03-23T19:42:17.714+0000] {spark_submit.py:645} INFO - at io.netty.channel.AbstractChannel$AbstractUnsafe$1.run(AbstractChannel.java:486)
[2025-03-23T19:42:17.715+0000] {spark_submit.py:645} INFO - at io.netty.util.concurrent.AbstractEventExecutor.runTask(AbstractEventExecutor.java:174)
[2025-03-23T19:42:17.715+0000] {spark_submit.py:645} INFO - at io.netty.util.concurrent.AbstractEventExecutor.safeExecute(AbstractEventExecutor.java:167)
[2025-03-23T19:42:17.716+0000] {spark_submit.py:645} INFO - at io.netty.util.concurrent.SingleThreadEventExecutor.runAllTasks(SingleThreadEventExecutor.java:470)
[2025-03-23T19:42:17.716+0000] {spark_submit.py:645} INFO - at io.netty.channel.nio.NioEventLoop.run(NioEventLoop.java:569)
[2025-03-23T19:42:17.716+0000] {spark_submit.py:645} INFO - at io.netty.util.concurrent.SingleThreadEventExecutor$4.run(SingleThreadEventExecutor.java:997)
[2025-03-23T19:42:17.717+0000] {spark_submit.py:645} INFO - at io.netty.util.internal.ThreadExecutorMap$2.run(ThreadExecutorMap.java:74)
[2025-03-23T19:42:17.717+0000] {spark_submit.py:645} INFO - at io.netty.util.concurrent.FastThreadLocalRunnable.run(FastThreadLocalRunnable.java:30)
[2025-03-23T19:42:17.717+0000] {spark_submit.py:645} INFO - ... 1 more
[2025-03-23T19:42:34.247+0000] {spark_submit.py:645} INFO - 25/03/23 19:42:34 INFO StandaloneAppClient$ClientEndpoint: Connecting to master spark://spark-master:7077...
[2025-03-23T19:42:37.653+0000] {spark_submit.py:645} INFO - 25/03/23 19:42:37 WARN TransportClientFactory: DNS resolution failed for spark-master/<unresolved>:7077 took 3399 ms
[2025-03-23T19:42:37.657+0000] {spark_submit.py:645} INFO - 25/03/23 19:42:37 WARN StandaloneAppClient$ClientEndpoint: Failed to connect to master spark-master:7077
[2025-03-23T19:42:37.659+0000] {spark_submit.py:645} INFO - org.apache.spark.SparkException: Exception thrown in awaitResult:
[2025-03-23T19:42:37.660+0000] {spark_submit.py:645} INFO - at org.apache.spark.util.SparkThreadUtils$.awaitResult(SparkThreadUtils.scala:56)
[2025-03-23T19:42:37.660+0000] {spark_submit.py:645} INFO - at org.apache.spark.util.ThreadUtils$.awaitResult(ThreadUtils.scala:310)
[2025-03-23T19:42:37.661+0000] {spark_submit.py:645} INFO - at org.apache.spark.rpc.RpcTimeout.awaitResult(RpcTimeout.scala:75)
[2025-03-23T19:42:37.661+0000] {spark_submit.py:645} INFO - at org.apache.spark.rpc.RpcEnv.setupEndpointRefByURI(RpcEnv.scala:102)
[2025-03-23T19:42:37.669+0000] {spark_submit.py:645} INFO - at org.apache.spark.rpc.RpcEnv.setupEndpointRef(RpcEnv.scala:110)
[2025-03-23T19:42:37.670+0000] {spark_submit.py:645} INFO - at org.apache.spark.deploy.client.StandaloneAppClient$ClientEndpoint$$anon$1.run(StandaloneAppClient.scala:108)
[2025-03-23T19:42:37.673+0000] {spark_submit.py:645} INFO - at java.base/java.util.concurrent.Executors$RunnableAdapter.call(Executors.java:539)
[2025-03-23T19:42:37.674+0000] {spark_submit.py:645} INFO - at java.base/java.util.concurrent.FutureTask.run(FutureTask.java:264)
[2025-03-23T19:42:37.675+0000] {spark_submit.py:645} INFO - at java.base/java.util.concurrent.ThreadPoolExecutor.runWorker(ThreadPoolExecutor.java:1136)
[2025-03-23T19:42:37.676+0000] {spark_submit.py:645} INFO - at java.base/java.util.concurrent.ThreadPoolExecutor$Worker.run(ThreadPoolExecutor.java:635)
[2025-03-23T19:42:37.677+0000] {spark_submit.py:645} INFO - at java.base/java.lang.Thread.run(Thread.java:840)
[2025-03-23T19:42:37.679+0000] {spark_submit.py:645} INFO - Caused by: java.io.IOException: Failed to connect to spark-master/<unresolved>:7077
[2025-03-23T19:42:37.680+0000] {spark_submit.py:645} INFO - at org.apache.spark.network.client.TransportClientFactory.createClient(TransportClientFactory.java:294)
[2025-03-23T19:42:37.680+0000] {spark_submit.py:645} INFO - at org.apache.spark.network.client.TransportClientFactory.createClient(TransportClientFactory.java:214)
[2025-03-23T19:42:37.681+0000] {spark_submit.py:645} INFO - at org.apache.spark.network.client.TransportClientFactory.createClient(TransportClientFactory.java:226)
[2025-03-23T19:42:37.681+0000] {spark_submit.py:645} INFO - at org.apache.spark.rpc.netty.NettyRpcEnv.createClient(NettyRpcEnv.scala:204)
[2025-03-23T19:42:37.682+0000] {spark_submit.py:645} INFO - at org.apache.spark.rpc.netty.Outbox$$anon$1.call(Outbox.scala:202)
[2025-03-23T19:42:37.683+0000] {spark_submit.py:645} INFO - at org.apache.spark.rpc.netty.Outbox$$anon$1.call(Outbox.scala:198)
[2025-03-23T19:42:37.683+0000] {spark_submit.py:645} INFO - ... 4 more
[2025-03-23T19:42:37.686+0000] {spark_submit.py:645} INFO - Caused by: java.net.UnknownHostException: spark-master
[2025-03-23T19:42:37.687+0000] {spark_submit.py:645} INFO - at java.base/java.net.InetAddress$CachedAddresses.get(InetAddress.java:801)
[2025-03-23T19:42:37.698+0000] {spark_submit.py:645} INFO - at java.base/java.net.InetAddress.getAllByName0(InetAddress.java:1533)
[2025-03-23T19:42:37.699+0000] {spark_submit.py:645} INFO - at java.base/java.net.InetAddress.getAllByName(InetAddress.java:1385)
[2025-03-23T19:42:37.701+0000] {spark_submit.py:645} INFO - at java.base/java.net.InetAddress.getAllByName(InetAddress.java:1306)
[2025-03-23T19:42:37.701+0000] {spark_submit.py:645} INFO - at java.base/java.net.InetAddress.getByName(InetAddress.java:1256)
[2025-03-23T19:42:37.702+0000] {spark_submit.py:645} INFO - at io.netty.util.internal.SocketUtils$8.run(SocketUtils.java:156)
[2025-03-23T19:42:37.702+0000] {spark_submit.py:645} INFO - at io.netty.util.internal.SocketUtils$8.run(SocketUtils.java:153)
[2025-03-23T19:42:37.703+0000] {spark_submit.py:645} INFO - at java.base/java.security.AccessController.doPrivileged(AccessController.java:569)
[2025-03-23T19:42:37.703+0000] {spark_submit.py:645} INFO - at io.netty.util.internal.SocketUtils.addressByName(SocketUtils.java:153)
[2025-03-23T19:42:37.704+0000] {spark_submit.py:645} INFO - at io.netty.resolver.DefaultNameResolver.doResolve(DefaultNameResolver.java:41)
[2025-03-23T19:42:37.705+0000] {spark_submit.py:645} INFO - at io.netty.resolver.SimpleNameResolver.resolve(SimpleNameResolver.java:61)
[2025-03-23T19:42:37.706+0000] {spark_submit.py:645} INFO - at io.netty.resolver.SimpleNameResolver.resolve(SimpleNameResolver.java:53)
[2025-03-23T19:42:37.707+0000] {spark_submit.py:645} INFO - at io.netty.resolver.InetSocketAddressResolver.doResolve(InetSocketAddressResolver.java:55)
[2025-03-23T19:42:37.710+0000] {spark_submit.py:645} INFO - at io.netty.resolver.InetSocketAddressResolver.doResolve(InetSocketAddressResolver.java:31)
[2025-03-23T19:42:37.711+0000] {spark_submit.py:645} INFO - at io.netty.resolver.AbstractAddressResolver.resolve(AbstractAddressResolver.java:106)
[2025-03-23T19:42:37.712+0000] {spark_submit.py:645} INFO - at io.netty.bootstrap.Bootstrap.doResolveAndConnect0(Bootstrap.java:220)
[2025-03-23T19:42:37.712+0000] {spark_submit.py:645} INFO - at io.netty.bootstrap.Bootstrap.access$000(Bootstrap.java:46)
[2025-03-23T19:42:37.712+0000] {spark_submit.py:645} INFO - at io.netty.bootstrap.Bootstrap$1.operationComplete(Bootstrap.java:189)
[2025-03-23T19:42:37.713+0000] {spark_submit.py:645} INFO - at io.netty.bootstrap.Bootstrap$1.operationComplete(Bootstrap.java:175)
[2025-03-23T19:42:37.713+0000] {spark_submit.py:645} INFO - at io.netty.util.concurrent.DefaultPromise.notifyListener0(DefaultPromise.java:590)
[2025-03-23T19:42:37.715+0000] {spark_submit.py:645} INFO - at io.netty.util.concurrent.DefaultPromise.notifyListenersNow(DefaultPromise.java:557)
[2025-03-23T19:42:37.718+0000] {spark_submit.py:645} INFO - at io.netty.util.concurrent.DefaultPromise.notifyListeners(DefaultPromise.java:492)
[2025-03-23T19:42:37.726+0000] {spark_submit.py:645} INFO - at io.netty.util.concurrent.DefaultPromise.setValue0(DefaultPromise.java:636)
[2025-03-23T19:42:37.728+0000] {spark_submit.py:645} INFO - at io.netty.util.concurrent.DefaultPromise.setSuccess0(DefaultPromise.java:625)
[2025-03-23T19:42:37.735+0000] {spark_submit.py:645} INFO - at io.netty.util.concurrent.DefaultPromise.trySuccess(DefaultPromise.java:105)
[2025-03-23T19:42:37.736+0000] {spark_submit.py:645} INFO - at io.netty.channel.DefaultChannelPromise.trySuccess(DefaultChannelPromise.java:84)
[2025-03-23T19:42:37.737+0000] {spark_submit.py:645} INFO - at io.netty.channel.AbstractChannel$AbstractUnsafe.safeSetSuccess(AbstractChannel.java:990)
[2025-03-23T19:42:37.738+0000] {spark_submit.py:645} INFO - at io.netty.channel.AbstractChannel$AbstractUnsafe.register0(AbstractChannel.java:516)
[2025-03-23T19:42:37.738+0000] {spark_submit.py:645} INFO - at io.netty.channel.AbstractChannel$AbstractUnsafe.access$200(AbstractChannel.java:429)
[2025-03-23T19:42:37.739+0000] {spark_submit.py:645} INFO - at io.netty.channel.AbstractChannel$AbstractUnsafe$1.run(AbstractChannel.java:486)
[2025-03-23T19:42:37.739+0000] {spark_submit.py:645} INFO - at io.netty.util.concurrent.AbstractEventExecutor.runTask(AbstractEventExecutor.java:174)
[2025-03-23T19:42:37.741+0000] {spark_submit.py:645} INFO - at io.netty.util.concurrent.AbstractEventExecutor.safeExecute(AbstractEventExecutor.java:167)
[2025-03-23T19:42:37.743+0000] {spark_submit.py:645} INFO - at io.netty.util.concurrent.SingleThreadEventExecutor.runAllTasks(SingleThreadEventExecutor.java:470)
[2025-03-23T19:42:37.744+0000] {spark_submit.py:645} INFO - at io.netty.channel.nio.NioEventLoop.run(NioEventLoop.java:569)
[2025-03-23T19:42:37.745+0000] {spark_submit.py:645} INFO - at io.netty.util.concurrent.SingleThreadEventExecutor$4.run(SingleThreadEventExecutor.java:997)
[2025-03-23T19:42:37.755+0000] {spark_submit.py:645} INFO - at io.netty.util.internal.ThreadExecutorMap$2.run(ThreadExecutorMap.java:74)
[2025-03-23T19:42:37.755+0000] {spark_submit.py:645} INFO - at io.netty.util.concurrent.FastThreadLocalRunnable.run(FastThreadLocalRunnable.java:30)
[2025-03-23T19:42:37.756+0000] {spark_submit.py:645} INFO - ... 1 more
[2025-03-23T19:42:54.251+0000] {spark_submit.py:645} INFO - 25/03/23 19:42:54 ERROR StandaloneSchedulerBackend: Application has been killed. Reason: All masters are unresponsive! Giving up.
[2025-03-23T19:42:54.253+0000] {spark_submit.py:645} INFO - 25/03/23 19:42:54 WARN StandaloneSchedulerBackend: Application ID is not initialized yet.
[2025-03-23T19:42:54.261+0000] {spark_submit.py:645} INFO - 25/03/23 19:42:54 INFO Utils: Successfully started service 'org.apache.spark.network.netty.NettyBlockTransferService' on port 42695.
[2025-03-23T19:42:54.272+0000] {spark_submit.py:645} INFO - 25/03/23 19:42:54 INFO NettyBlockTransferService: Server created on ffe4e0703eb1:42695
[2025-03-23T19:42:54.273+0000] {spark_submit.py:645} INFO - 25/03/23 19:42:54 INFO BlockManager: Using org.apache.spark.storage.RandomBlockReplicationPolicy for block replication policy
[2025-03-23T19:42:54.281+0000] {spark_submit.py:645} INFO - 25/03/23 19:42:54 INFO BlockManagerMaster: Registering BlockManager BlockManagerId(driver, ffe4e0703eb1, 42695, None)
[2025-03-23T19:42:54.285+0000] {spark_submit.py:645} INFO - 25/03/23 19:42:54 INFO BlockManagerMasterEndpoint: Registering block manager ffe4e0703eb1:42695 with 434.4 MiB RAM, BlockManagerId(driver, ffe4e0703eb1, 42695, None)
[2025-03-23T19:42:54.287+0000] {spark_submit.py:645} INFO - 25/03/23 19:42:54 INFO BlockManagerMaster: Registered BlockManager BlockManagerId(driver, ffe4e0703eb1, 42695, None)
[2025-03-23T19:42:54.289+0000] {spark_submit.py:645} INFO - 25/03/23 19:42:54 INFO BlockManager: Initialized BlockManager: BlockManagerId(driver, ffe4e0703eb1, 42695, None)
[2025-03-23T19:42:54.532+0000] {spark_submit.py:645} INFO - 25/03/23 19:42:54 INFO StandaloneSchedulerBackend: SchedulerBackend is ready for scheduling beginning after reached minRegisteredResourcesRatio: 0.0
[2025-03-23T19:42:54.722+0000] {spark_submit.py:645} INFO - 25/03/23 19:42:54 INFO SharedState: Setting hive.metastore.warehouse.dir ('null') to the value of spark.sql.warehouse.dir.
[2025-03-23T19:42:54.725+0000] {spark_submit.py:645} INFO - 25/03/23 19:42:54 INFO SharedState: Warehouse path is 'file:/opt/spark-warehouse'.
[2025-03-23T19:42:54.819+0000] {spark_submit.py:645} INFO - 25/03/23 19:42:54 INFO SparkContext: SparkContext is stopping with exitCode 0.
[2025-03-23T19:42:54.828+0000] {spark_submit.py:645} INFO - 25/03/23 19:42:54 INFO SparkUI: Stopped Spark web UI at http://ffe4e0703eb1:4040
[2025-03-23T19:42:54.832+0000] {spark_submit.py:645} INFO - 25/03/23 19:42:54 INFO StandaloneSchedulerBackend: Shutting down all executors
[2025-03-23T19:42:54.836+0000] {spark_submit.py:645} INFO - 25/03/23 19:42:54 INFO StandaloneSchedulerBackend$StandaloneDriverEndpoint: Asking each executor to shut down
[2025-03-23T19:42:54.843+0000] {spark_submit.py:645} INFO - 25/03/23 19:42:54 WARN StandaloneAppClient$ClientEndpoint: Drop UnregisterApplication(null) because has not yet connected to master
[2025-03-23T19:42:54.851+0000] {spark_submit.py:645} INFO - 25/03/23 19:42:54 INFO MapOutputTrackerMasterEndpoint: MapOutputTrackerMasterEndpoint stopped!
[2025-03-23T19:42:54.866+0000] {spark_submit.py:645} INFO - 25/03/23 19:42:54 INFO MemoryStore: MemoryStore cleared
[2025-03-23T19:42:54.867+0000] {spark_submit.py:645} INFO - 25/03/23 19:42:54 INFO BlockManager: BlockManager stopped
[2025-03-23T19:42:54.873+0000] {spark_submit.py:645} INFO - 25/03/23 19:42:54 INFO BlockManagerMaster: BlockManagerMaster stopped
[2025-03-23T19:42:54.875+0000] {spark_submit.py:645} INFO - 25/03/23 19:42:54 INFO OutputCommitCoordinator$OutputCommitCoordinatorEndpoint: OutputCommitCoordinator stopped!
[2025-03-23T19:42:54.887+0000] {spark_submit.py:645} INFO - 25/03/23 19:42:54 INFO SparkContext: Successfully stopped SparkContext
[2025-03-23T19:42:55.618+0000] {spark_submit.py:645} INFO - 25/03/23 19:42:55 WARN FileStreamSink: Assume no metadata directory. Error while looking for metadata directory in the path: s3a://raw/playlist_20250323_190824.json.
[2025-03-23T19:42:55.619+0000] {spark_submit.py:645} INFO - java.lang.RuntimeException: java.lang.ClassNotFoundException: Class org.apache.hadoop.fs.s3a.S3AFileSystem not found
[2025-03-23T19:42:55.619+0000] {spark_submit.py:645} INFO - at org.apache.hadoop.conf.Configuration.getClass(Configuration.java:2688)
[2025-03-23T19:42:55.620+0000] {spark_submit.py:645} INFO - at org.apache.hadoop.fs.FileSystem.getFileSystemClass(FileSystem.java:3431)
[2025-03-23T19:42:55.620+0000] {spark_submit.py:645} INFO - at org.apache.hadoop.fs.FileSystem.createFileSystem(FileSystem.java:3466)
[2025-03-23T19:42:55.620+0000] {spark_submit.py:645} INFO - at org.apache.hadoop.fs.FileSystem.access$300(FileSystem.java:174)
[2025-03-23T19:42:55.621+0000] {spark_submit.py:645} INFO - at org.apache.hadoop.fs.FileSystem$Cache.getInternal(FileSystem.java:3574)
[2025-03-23T19:42:55.621+0000] {spark_submit.py:645} INFO - at org.apache.hadoop.fs.FileSystem$Cache.get(FileSystem.java:3521)
[2025-03-23T19:42:55.622+0000] {spark_submit.py:645} INFO - at org.apache.hadoop.fs.FileSystem.get(FileSystem.java:540)
[2025-03-23T19:42:55.622+0000] {spark_submit.py:645} INFO - at org.apache.hadoop.fs.Path.getFileSystem(Path.java:365)
[2025-03-23T19:42:55.622+0000] {spark_submit.py:645} INFO - at org.apache.spark.sql.execution.streaming.FileStreamSink$.hasMetadata(FileStreamSink.scala:53)
[2025-03-23T19:42:55.623+0000] {spark_submit.py:645} INFO - at org.apache.spark.sql.execution.datasources.DataSource.resolveRelation(DataSource.scala:366)
[2025-03-23T19:42:55.624+0000] {spark_submit.py:645} INFO - at org.apache.spark.sql.DataFrameReader.loadV1Source(DataFrameReader.scala:229)
[2025-03-23T19:42:55.624+0000] {spark_submit.py:645} INFO - at org.apache.spark.sql.DataFrameReader.$anonfun$load$2(DataFrameReader.scala:211)
[2025-03-23T19:42:55.625+0000] {spark_submit.py:645} INFO - at scala.Option.getOrElse(Option.scala:189)
[2025-03-23T19:42:55.625+0000] {spark_submit.py:645} INFO - at org.apache.spark.sql.DataFrameReader.load(DataFrameReader.scala:211)
[2025-03-23T19:42:55.626+0000] {spark_submit.py:645} INFO - at org.apache.spark.sql.DataFrameReader.json(DataFrameReader.scala:362)
[2025-03-23T19:42:55.626+0000] {spark_submit.py:645} INFO - at java.base/jdk.internal.reflect.NativeMethodAccessorImpl.invoke0(Native Method)
[2025-03-23T19:42:55.627+0000] {spark_submit.py:645} INFO - at java.base/jdk.internal.reflect.NativeMethodAccessorImpl.invoke(NativeMethodAccessorImpl.java:77)
[2025-03-23T19:42:55.627+0000] {spark_submit.py:645} INFO - at java.base/jdk.internal.reflect.DelegatingMethodAccessorImpl.invoke(DelegatingMethodAccessorImpl.java:43)
[2025-03-23T19:42:55.627+0000] {spark_submit.py:645} INFO - at java.base/java.lang.reflect.Method.invoke(Method.java:569)
[2025-03-23T19:42:55.628+0000] {spark_submit.py:645} INFO - at py4j.reflection.MethodInvoker.invoke(MethodInvoker.java:244)
[2025-03-23T19:42:55.628+0000] {spark_submit.py:645} INFO - at py4j.reflection.ReflectionEngine.invoke(ReflectionEngine.java:374)
[2025-03-23T19:42:55.629+0000] {spark_submit.py:645} INFO - at py4j.Gateway.invoke(Gateway.java:282)
[2025-03-23T19:42:55.629+0000] {spark_submit.py:645} INFO - at py4j.commands.AbstractCommand.invokeMethod(AbstractCommand.java:132)
[2025-03-23T19:42:55.629+0000] {spark_submit.py:645} INFO - at py4j.commands.CallCommand.execute(CallCommand.java:79)
[2025-03-23T19:42:55.630+0000] {spark_submit.py:645} INFO - at py4j.ClientServerConnection.waitForCommands(ClientServerConnection.java:182)
[2025-03-23T19:42:55.630+0000] {spark_submit.py:645} INFO - at py4j.ClientServerConnection.run(ClientServerConnection.java:106)
[2025-03-23T19:42:55.630+0000] {spark_submit.py:645} INFO - at java.base/java.lang.Thread.run(Thread.java:840)
[2025-03-23T19:42:55.631+0000] {spark_submit.py:645} INFO - Caused by: java.lang.ClassNotFoundException: Class org.apache.hadoop.fs.s3a.S3AFileSystem not found
[2025-03-23T19:42:55.631+0000] {spark_submit.py:645} INFO - at org.apache.hadoop.conf.Configuration.getClassByName(Configuration.java:2592)
[2025-03-23T19:42:55.631+0000] {spark_submit.py:645} INFO - at org.apache.hadoop.conf.Configuration.getClass(Configuration.java:2686)
[2025-03-23T19:42:55.632+0000] {spark_submit.py:645} INFO - ... 26 more
[2025-03-23T19:42:55.710+0000] {spark_submit.py:645} INFO - Traceback (most recent call last):
[2025-03-23T19:42:55.710+0000] {spark_submit.py:645} INFO - File "/spark_job/data_transformation.py", line 63, in <module>
[2025-03-23T19:42:55.712+0000] {spark_submit.py:645} INFO - data_transformation(spark)
[2025-03-23T19:42:55.713+0000] {spark_submit.py:645} INFO - File "/spark_job/data_transformation.py", line 44, in data_transformation
[2025-03-23T19:42:55.715+0000] {spark_submit.py:645} INFO - df_raw = spark.read.option("multiline", "true").json("s3a://raw/playlist_20250323_190824.json")
[2025-03-23T19:42:55.715+0000] {spark_submit.py:645} INFO - ^^^^^^^^^^^^^^^^^^^^^^^^^^^^^^^^^^^^^^^^^^^^^^^^^^^^^^^^^^^^^^^^^^^^^^^^^^^^^^^^^^^^^^
[2025-03-23T19:42:55.715+0000] {spark_submit.py:645} INFO - File "/home/***/.local/lib/python3.11/site-packages/pyspark/python/lib/pyspark.zip/pyspark/sql/readwriter.py", line 425, in json
[2025-03-23T19:42:55.716+0000] {spark_submit.py:645} INFO - File "/home/***/.local/lib/python3.11/site-packages/pyspark/python/lib/py4j-0.10.9.7-src.zip/py4j/java_gateway.py", line 1322, in __call__
[2025-03-23T19:42:55.716+0000] {spark_submit.py:645} INFO - File "/home/***/.local/lib/python3.11/site-packages/pyspark/python/lib/pyspark.zip/pyspark/errors/exceptions/captured.py", line 179, in deco
[2025-03-23T19:42:55.717+0000] {spark_submit.py:645} INFO - File "/home/***/.local/lib/python3.11/site-packages/pyspark/python/lib/py4j-0.10.9.7-src.zip/py4j/protocol.py", line 326, in get_return_value
[2025-03-23T19:42:55.717+0000] {spark_submit.py:645} INFO - py4j.protocol.Py4JJavaError: An error occurred while calling o44.json.
[2025-03-23T19:42:55.718+0000] {spark_submit.py:645} INFO - : java.lang.RuntimeException: java.lang.ClassNotFoundException: Class org.apache.hadoop.fs.s3a.S3AFileSystem not found
[2025-03-23T19:42:55.719+0000] {spark_submit.py:645} INFO - at org.apache.hadoop.conf.Configuration.getClass(Configuration.java:2688)
[2025-03-23T19:42:55.720+0000] {spark_submit.py:645} INFO - at org.apache.hadoop.fs.FileSystem.getFileSystemClass(FileSystem.java:3431)
[2025-03-23T19:42:55.720+0000] {spark_submit.py:645} INFO - at org.apache.hadoop.fs.FileSystem.createFileSystem(FileSystem.java:3466)
[2025-03-23T19:42:55.721+0000] {spark_submit.py:645} INFO - at org.apache.hadoop.fs.FileSystem.access$300(FileSystem.java:174)
[2025-03-23T19:42:55.721+0000] {spark_submit.py:645} INFO - at org.apache.hadoop.fs.FileSystem$Cache.getInternal(FileSystem.java:3574)
[2025-03-23T19:42:55.722+0000] {spark_submit.py:645} INFO - at org.apache.hadoop.fs.FileSystem$Cache.get(FileSystem.java:3521)
[2025-03-23T19:42:55.722+0000] {spark_submit.py:645} INFO - at org.apache.hadoop.fs.FileSystem.get(FileSystem.java:540)
[2025-03-23T19:42:55.722+0000] {spark_submit.py:645} INFO - at org.apache.hadoop.fs.Path.getFileSystem(Path.java:365)
[2025-03-23T19:42:55.723+0000] {spark_submit.py:645} INFO - at org.apache.spark.sql.execution.datasources.DataSource$.$anonfun$checkAndGlobPathIfNecessary$1(DataSource.scala:724)
[2025-03-23T19:42:55.724+0000] {spark_submit.py:645} INFO - at scala.collection.immutable.List.map(List.scala:293)
[2025-03-23T19:42:55.724+0000] {spark_submit.py:645} INFO - at org.apache.spark.sql.execution.datasources.DataSource$.checkAndGlobPathIfNecessary(DataSource.scala:722)
[2025-03-23T19:42:55.724+0000] {spark_submit.py:645} INFO - at org.apache.spark.sql.execution.datasources.DataSource.checkAndGlobPathIfNecessary(DataSource.scala:551)
[2025-03-23T19:42:55.725+0000] {spark_submit.py:645} INFO - at org.apache.spark.sql.execution.datasources.DataSource.resolveRelation(DataSource.scala:404)
[2025-03-23T19:42:55.725+0000] {spark_submit.py:645} INFO - at org.apache.spark.sql.DataFrameReader.loadV1Source(DataFrameReader.scala:229)
[2025-03-23T19:42:55.726+0000] {spark_submit.py:645} INFO - at org.apache.spark.sql.DataFrameReader.$anonfun$load$2(DataFrameReader.scala:211)
[2025-03-23T19:42:55.726+0000] {spark_submit.py:645} INFO - at scala.Option.getOrElse(Option.scala:189)
[2025-03-23T19:42:55.727+0000] {spark_submit.py:645} INFO - at org.apache.spark.sql.DataFrameReader.load(DataFrameReader.scala:211)
[2025-03-23T19:42:55.727+0000] {spark_submit.py:645} INFO - at org.apache.spark.sql.DataFrameReader.json(DataFrameReader.scala:362)
[2025-03-23T19:42:55.728+0000] {spark_submit.py:645} INFO - at java.base/jdk.internal.reflect.NativeMethodAccessorImpl.invoke0(Native Method)
[2025-03-23T19:42:55.728+0000] {spark_submit.py:645} INFO - at java.base/jdk.internal.reflect.NativeMethodAccessorImpl.invoke(NativeMethodAccessorImpl.java:77)
[2025-03-23T19:42:55.729+0000] {spark_submit.py:645} INFO - at java.base/jdk.internal.reflect.DelegatingMethodAccessorImpl.invoke(DelegatingMethodAccessorImpl.java:43)
[2025-03-23T19:42:55.729+0000] {spark_submit.py:645} INFO - at java.base/java.lang.reflect.Method.invoke(Method.java:569)
[2025-03-23T19:42:55.729+0000] {spark_submit.py:645} INFO - at py4j.reflection.MethodInvoker.invoke(MethodInvoker.java:244)
[2025-03-23T19:42:55.730+0000] {spark_submit.py:645} INFO - at py4j.reflection.ReflectionEngine.invoke(ReflectionEngine.java:374)
[2025-03-23T19:42:55.730+0000] {spark_submit.py:645} INFO - at py4j.Gateway.invoke(Gateway.java:282)
[2025-03-23T19:42:55.731+0000] {spark_submit.py:645} INFO - at py4j.commands.AbstractCommand.invokeMethod(AbstractCommand.java:132)
[2025-03-23T19:42:55.731+0000] {spark_submit.py:645} INFO - at py4j.commands.CallCommand.execute(CallCommand.java:79)
[2025-03-23T19:42:55.731+0000] {spark_submit.py:645} INFO - at py4j.ClientServerConnection.waitForCommands(ClientServerConnection.java:182)
[2025-03-23T19:42:55.732+0000] {spark_submit.py:645} INFO - at py4j.ClientServerConnection.run(ClientServerConnection.java:106)
[2025-03-23T19:42:55.732+0000] {spark_submit.py:645} INFO - at java.base/java.lang.Thread.run(Thread.java:840)
[2025-03-23T19:42:55.733+0000] {spark_submit.py:645} INFO - Caused by: java.lang.ClassNotFoundException: Class org.apache.hadoop.fs.s3a.S3AFileSystem not found
[2025-03-23T19:42:55.733+0000] {spark_submit.py:645} INFO - at org.apache.hadoop.conf.Configuration.getClassByName(Configuration.java:2592)
[2025-03-23T19:42:55.734+0000] {spark_submit.py:645} INFO - at org.apache.hadoop.conf.Configuration.getClass(Configuration.java:2686)
[2025-03-23T19:42:55.734+0000] {spark_submit.py:645} INFO - ... 29 more
[2025-03-23T19:42:55.735+0000] {spark_submit.py:645} INFO - 
[2025-03-23T19:42:55.791+0000] {spark_submit.py:645} INFO - 25/03/23 19:42:55 INFO ShutdownHookManager: Shutdown hook called
[2025-03-23T19:42:55.792+0000] {spark_submit.py:645} INFO - 25/03/23 19:42:55 INFO ShutdownHookManager: Deleting directory /tmp/spark-c367cd62-a13e-4b23-818c-96f2ad8a9b64
[2025-03-23T19:42:55.798+0000] {spark_submit.py:645} INFO - 25/03/23 19:42:55 INFO ShutdownHookManager: Deleting directory /tmp/spark-c367cd62-a13e-4b23-818c-96f2ad8a9b64/pyspark-2fe1128f-3f8e-4529-bb99-14612a1d48f8
[2025-03-23T19:42:55.804+0000] {spark_submit.py:645} INFO - 25/03/23 19:42:55 INFO ShutdownHookManager: Deleting directory /tmp/spark-be690391-db23-44fa-8e9e-fd68733fd246
[2025-03-23T19:42:55.849+0000] {taskinstance.py:441} INFO - ::group::Post task execution logs
[2025-03-23T19:42:55.861+0000] {taskinstance.py:2905} ERROR - Task failed with exception
Traceback (most recent call last):
  File "/home/airflow/.local/lib/python3.11/site-packages/airflow/models/taskinstance.py", line 465, in _execute_task
    result = _execute_callable(context=context, **execute_callable_kwargs)
             ^^^^^^^^^^^^^^^^^^^^^^^^^^^^^^^^^^^^^^^^^^^^^^^^^^^^^^^^^^^^^
  File "/home/airflow/.local/lib/python3.11/site-packages/airflow/models/taskinstance.py", line 432, in _execute_callable
    return execute_callable(context=context, **execute_callable_kwargs)
           ^^^^^^^^^^^^^^^^^^^^^^^^^^^^^^^^^^^^^^^^^^^^^^^^^^^^^^^^^^^^
  File "/home/airflow/.local/lib/python3.11/site-packages/airflow/models/baseoperator.py", line 401, in wrapper
    return func(self, *args, **kwargs)
           ^^^^^^^^^^^^^^^^^^^^^^^^^^^
  File "/home/airflow/.local/lib/python3.11/site-packages/airflow/operators/python.py", line 235, in execute
    return_value = self.execute_callable()
                   ^^^^^^^^^^^^^^^^^^^^^^^
  File "/home/airflow/.local/lib/python3.11/site-packages/airflow/operators/python.py", line 252, in execute_callable
    return self.python_callable(*self.op_args, **self.op_kwargs)
           ^^^^^^^^^^^^^^^^^^^^^^^^^^^^^^^^^^^^^^^^^^^^^^^^^^^^^
  File "/opt/airflow/dags/data_pipeline_dag.py", line 93, in spark_dtransformation
    ).execute(kwargs)
      ^^^^^^^^^^^^^^^
  File "/home/airflow/.local/lib/python3.11/site-packages/airflow/models/baseoperator.py", line 401, in wrapper
    return func(self, *args, **kwargs)
           ^^^^^^^^^^^^^^^^^^^^^^^^^^^
  File "/home/airflow/.local/lib/python3.11/site-packages/airflow/providers/apache/spark/operators/spark_submit.py", line 177, in execute
    self._hook.submit(self.application)
  File "/home/airflow/.local/lib/python3.11/site-packages/airflow/providers/apache/spark/hooks/spark_submit.py", line 567, in submit
    raise AirflowException(
airflow.exceptions.AirflowException: Cannot execute: spark-submit --master spark://spark-master:7077:7077 --conf spark.executor.memory=2g --conf spark.executor.cores=2 --conf spark.jars=/opt/***/dags/jars/hadoop-aws-3.3.4 --conf spark.hadoop.fs.s3a.connection.ssl.enabled=false --conf spark.hadoop.fs.s3a.impl=org.apache.hadoop.fs.s3a.S3AFileSystem --principal *** --name arrow-spark --verbose --deploy-mode client /spark_job/data_transformation.py s3://raw/playlist_20250323_190824.json. Error code is: 1.
[2025-03-23T19:42:55.868+0000] {taskinstance.py:1206} INFO - Marking task as UP_FOR_RETRY. dag_id=spotify_etl_pipeline, task_id=transformation, run_id=scheduled__2025-03-22T00:00:00+00:00, execution_date=20250322T000000, start_date=20250323T194147, end_date=20250323T194255
[2025-03-23T19:42:55.903+0000] {standard_task_runner.py:110} ERROR - Failed to execute job 28 for task transformation (Cannot execute: spark-submit --master spark://spark-master:7077:7077 --conf spark.executor.memory=2g --conf spark.executor.cores=2 --conf spark.jars=/opt/***/dags/jars/hadoop-aws-3.3.4 --conf spark.hadoop.fs.s3a.connection.ssl.enabled=false --conf spark.hadoop.fs.s3a.impl=org.apache.hadoop.fs.s3a.S3AFileSystem --principal *** --name arrow-spark --verbose --deploy-mode client /spark_job/data_transformation.py s3://raw/playlist_20250323_190824.json. Error code is: 1.; 2187)
[2025-03-23T19:42:55.928+0000] {local_task_job_runner.py:240} INFO - Task exited with return code 1
[2025-03-23T19:42:55.951+0000] {taskinstance.py:3503} INFO - 0 downstream tasks scheduled from follow-on schedule check
[2025-03-23T19:42:55.978+0000] {local_task_job_runner.py:222} INFO - ::endgroup::
