[2025-03-23T19:20:29.266+0000] {local_task_job_runner.py:120} INFO - ::group::Pre task execution logs
[2025-03-23T19:20:29.298+0000] {taskinstance.py:2076} INFO - Dependencies all met for dep_context=non-requeueable deps ti=<TaskInstance: spotify_etl_pipeline.transformation scheduled__2025-03-22T00:00:00+00:00 [queued]>
[2025-03-23T19:20:29.306+0000] {taskinstance.py:2076} INFO - Dependencies all met for dep_context=requeueable deps ti=<TaskInstance: spotify_etl_pipeline.transformation scheduled__2025-03-22T00:00:00+00:00 [queued]>
[2025-03-23T19:20:29.307+0000] {taskinstance.py:2306} INFO - Starting attempt 9 of 10
[2025-03-23T19:20:29.337+0000] {taskinstance.py:2330} INFO - Executing <Task(PythonOperator): transformation> on 2025-03-22 00:00:00+00:00
[2025-03-23T19:20:29.343+0000] {standard_task_runner.py:63} INFO - Started process 1394 to run task
[2025-03-23T19:20:29.346+0000] {standard_task_runner.py:90} INFO - Running: ['***', 'tasks', 'run', 'spotify_etl_pipeline', 'transformation', 'scheduled__2025-03-22T00:00:00+00:00', '--job-id', '20', '--raw', '--subdir', 'DAGS_FOLDER/data_pipeline_dag.py', '--cfg-path', '/tmp/tmpmsmyxxyg']
[2025-03-23T19:20:29.348+0000] {standard_task_runner.py:91} INFO - Job 20: Subtask transformation
[2025-03-23T19:20:29.430+0000] {task_command.py:426} INFO - Running <TaskInstance: spotify_etl_pipeline.transformation scheduled__2025-03-22T00:00:00+00:00 [running]> on host ffe4e0703eb1
[2025-03-23T19:20:29.610+0000] {taskinstance.py:2648} INFO - Exporting env vars: AIRFLOW_CTX_DAG_OWNER='lobobranco' AIRFLOW_CTX_DAG_ID='spotify_etl_pipeline' AIRFLOW_CTX_TASK_ID='transformation' AIRFLOW_CTX_EXECUTION_DATE='2025-03-22T00:00:00+00:00' AIRFLOW_CTX_TRY_NUMBER='9' AIRFLOW_CTX_DAG_RUN_ID='scheduled__2025-03-22T00:00:00+00:00'
[2025-03-23T19:20:29.612+0000] {taskinstance.py:430} INFO - ::endgroup::
[2025-03-23T19:20:29.637+0000] {data_pipeline_dag.py:77} INFO - Transforming data from file: s3://raw/playlist_20250323_190824.json
[2025-03-23T19:20:29.638+0000] {baseoperator.py:400} WARNING - SparkSubmitOperator.execute cannot be called outside TaskInstance!
[2025-03-23T19:20:29.650+0000] {base.py:84} INFO - Using connection ID 'spark_default' for task execution.
[2025-03-23T19:20:29.651+0000] {spark_submit.py:328} ERROR - Failed to decode base64 keytab: Incorrect padding
[2025-03-23T19:20:29.651+0000] {spark_submit.py:305} INFO - Could not load connection string spark_default, defaulting to spark://spark-master:7077:7077
[2025-03-23T19:20:29.652+0000] {spark_submit.py:474} INFO - Spark-Submit cmd: spark-submit --master spark://spark-master:7077:7077 --conf spark.executor.memory=2g --conf spark.executor.cores=2 --conf spark.hadoop.fs.gs.impl=org.apache.hadoop.fs.s3a.S3AFileSystem --principal *** --name arrow-spark --verbose --deploy-mode client /spark_job/data_transformation.py s3://raw/playlist_20250323_190824.json
[2025-03-23T19:20:29.739+0000] {spark_submit.py:645} INFO - /home/***/.local/lib/python3.11/site-packages/pyspark/bin/load-spark-env.sh: line 68: ps: command not found
[2025-03-23T19:20:31.604+0000] {spark_submit.py:645} INFO - Using properties file: null
[2025-03-23T19:20:31.711+0000] {spark_submit.py:645} INFO - Parsed arguments:
[2025-03-23T19:20:31.712+0000] {spark_submit.py:645} INFO - master                  spark://spark-master:7077:7077
[2025-03-23T19:20:31.713+0000] {spark_submit.py:645} INFO - remote                  null
[2025-03-23T19:20:31.714+0000] {spark_submit.py:645} INFO - deployMode              client
[2025-03-23T19:20:31.714+0000] {spark_submit.py:645} INFO - executorMemory          2g
[2025-03-23T19:20:31.714+0000] {spark_submit.py:645} INFO - executorCores           2
[2025-03-23T19:20:31.715+0000] {spark_submit.py:645} INFO - totalExecutorCores      null
[2025-03-23T19:20:31.715+0000] {spark_submit.py:645} INFO - propertiesFile          null
[2025-03-23T19:20:31.715+0000] {spark_submit.py:645} INFO - driverMemory            null
[2025-03-23T19:20:31.716+0000] {spark_submit.py:645} INFO - driverCores             null
[2025-03-23T19:20:31.716+0000] {spark_submit.py:645} INFO - driverExtraClassPath    null
[2025-03-23T19:20:31.716+0000] {spark_submit.py:645} INFO - driverExtraLibraryPath  null
[2025-03-23T19:20:31.717+0000] {spark_submit.py:645} INFO - driverExtraJavaOptions  null
[2025-03-23T19:20:31.717+0000] {spark_submit.py:645} INFO - supervise               false
[2025-03-23T19:20:31.717+0000] {spark_submit.py:645} INFO - queue                   null
[2025-03-23T19:20:31.718+0000] {spark_submit.py:645} INFO - numExecutors            null
[2025-03-23T19:20:31.718+0000] {spark_submit.py:645} INFO - files                   null
[2025-03-23T19:20:31.718+0000] {spark_submit.py:645} INFO - pyFiles                 null
[2025-03-23T19:20:31.719+0000] {spark_submit.py:645} INFO - archives                null
[2025-03-23T19:20:31.719+0000] {spark_submit.py:645} INFO - mainClass               null
[2025-03-23T19:20:31.719+0000] {spark_submit.py:645} INFO - primaryResource         file:/spark_job/data_transformation.py
[2025-03-23T19:20:31.720+0000] {spark_submit.py:645} INFO - name                    arrow-spark
[2025-03-23T19:20:31.720+0000] {spark_submit.py:645} INFO - childArgs               [s3://raw/playlist_20250323_190824.json]
[2025-03-23T19:20:31.720+0000] {spark_submit.py:645} INFO - jars                    null
[2025-03-23T19:20:31.721+0000] {spark_submit.py:645} INFO - packages                null
[2025-03-23T19:20:31.721+0000] {spark_submit.py:645} INFO - packagesExclusions      null
[2025-03-23T19:20:31.721+0000] {spark_submit.py:645} INFO - repositories            null
[2025-03-23T19:20:31.721+0000] {spark_submit.py:645} INFO - verbose                 true
[2025-03-23T19:20:31.722+0000] {spark_submit.py:645} INFO - 
[2025-03-23T19:20:31.722+0000] {spark_submit.py:645} INFO - Spark properties used, including those specified through
[2025-03-23T19:20:31.722+0000] {spark_submit.py:645} INFO - --conf and those from the properties file null:
[2025-03-23T19:20:31.723+0000] {spark_submit.py:645} INFO - (spark.executor.cores,2)
[2025-03-23T19:20:31.723+0000] {spark_submit.py:645} INFO - (spark.executor.memory,2g)
[2025-03-23T19:20:31.723+0000] {spark_submit.py:645} INFO - (spark.hadoop.fs.gs.impl,org.apache.hadoop.fs.s3a.S3AFileSystem)
[2025-03-23T19:20:31.724+0000] {spark_submit.py:645} INFO - 
[2025-03-23T19:20:31.724+0000] {spark_submit.py:645} INFO - 
[2025-03-23T19:20:31.988+0000] {spark_submit.py:645} INFO - Main class:
[2025-03-23T19:20:31.989+0000] {spark_submit.py:645} INFO - org.apache.spark.deploy.PythonRunner
[2025-03-23T19:20:31.989+0000] {spark_submit.py:645} INFO - Arguments:
[2025-03-23T19:20:31.989+0000] {spark_submit.py:645} INFO - file:/spark_job/data_transformation.py
[2025-03-23T19:20:31.990+0000] {spark_submit.py:645} INFO - null
[2025-03-23T19:20:31.990+0000] {spark_submit.py:645} INFO - s3://raw/playlist_20250323_190824.json
[2025-03-23T19:20:31.990+0000] {spark_submit.py:645} INFO - Spark config:
[2025-03-23T19:20:31.991+0000] {spark_submit.py:645} INFO - (spark.app.name,arrow-spark)
[2025-03-23T19:20:31.991+0000] {spark_submit.py:645} INFO - (spark.app.submitTime,1742757631970)
[2025-03-23T19:20:31.991+0000] {spark_submit.py:645} INFO - (spark.executor.cores,2)
[2025-03-23T19:20:31.992+0000] {spark_submit.py:645} INFO - (spark.executor.memory,2g)
[2025-03-23T19:20:31.992+0000] {spark_submit.py:645} INFO - (spark.hadoop.fs.gs.impl,org.apache.hadoop.fs.s3a.S3AFileSystem)
[2025-03-23T19:20:31.992+0000] {spark_submit.py:645} INFO - (spark.kerberos.principal,***)
[2025-03-23T19:20:31.993+0000] {spark_submit.py:645} INFO - (spark.master,spark://spark-master:7077:7077)
[2025-03-23T19:20:31.993+0000] {spark_submit.py:645} INFO - (spark.submit.deployMode,client)
[2025-03-23T19:20:31.993+0000] {spark_submit.py:645} INFO - (spark.submit.pyFiles,)
[2025-03-23T19:20:31.994+0000] {spark_submit.py:645} INFO - Classpath elements:
[2025-03-23T19:20:31.994+0000] {spark_submit.py:645} INFO - 
[2025-03-23T19:20:31.994+0000] {spark_submit.py:645} INFO - 
[2025-03-23T19:20:31.994+0000] {spark_submit.py:645} INFO - 
[2025-03-23T19:20:33.529+0000] {spark_submit.py:645} INFO - 25/03/23 19:20:33 INFO SparkContext: Running Spark version 3.5.5
[2025-03-23T19:20:33.533+0000] {spark_submit.py:645} INFO - 25/03/23 19:20:33 INFO SparkContext: OS info Linux, 5.15.153.1-microsoft-standard-WSL2, amd64
[2025-03-23T19:20:33.534+0000] {spark_submit.py:645} INFO - 25/03/23 19:20:33 INFO SparkContext: Java version 17.0.14
[2025-03-23T19:20:33.669+0000] {spark_submit.py:645} INFO - 25/03/23 19:20:33 WARN NativeCodeLoader: Unable to load native-hadoop library for your platform... using builtin-java classes where applicable
[2025-03-23T19:20:33.850+0000] {spark_submit.py:645} INFO - 25/03/23 19:20:33 INFO ResourceUtils: ==============================================================
[2025-03-23T19:20:33.853+0000] {spark_submit.py:645} INFO - 25/03/23 19:20:33 INFO ResourceUtils: No custom resources configured for spark.driver.
[2025-03-23T19:20:33.854+0000] {spark_submit.py:645} INFO - 25/03/23 19:20:33 INFO ResourceUtils: ==============================================================
[2025-03-23T19:20:33.855+0000] {spark_submit.py:645} INFO - 25/03/23 19:20:33 INFO SparkContext: Submitted application: Minio Integration with PySpark
[2025-03-23T19:20:33.906+0000] {spark_submit.py:645} INFO - 25/03/23 19:20:33 INFO ResourceProfile: Default ResourceProfile created, executor resources: Map(cores -> name: cores, amount: 2, script: , vendor: , memory -> name: memory, amount: 2048, script: , vendor: , offHeap -> name: offHeap, amount: 0, script: , vendor: ), task resources: Map(cpus -> name: cpus, amount: 1.0)
[2025-03-23T19:20:33.918+0000] {spark_submit.py:645} INFO - 25/03/23 19:20:33 INFO ResourceProfile: Limiting resource is cpus at 2 tasks per executor
[2025-03-23T19:20:33.928+0000] {spark_submit.py:645} INFO - 25/03/23 19:20:33 INFO ResourceProfileManager: Added ResourceProfile id: 0
[2025-03-23T19:20:33.991+0000] {spark_submit.py:645} INFO - 25/03/23 19:20:33 INFO SecurityManager: Changing view acls to: ***
[2025-03-23T19:20:33.992+0000] {spark_submit.py:645} INFO - 25/03/23 19:20:33 INFO SecurityManager: Changing modify acls to: ***
[2025-03-23T19:20:33.993+0000] {spark_submit.py:645} INFO - 25/03/23 19:20:33 INFO SecurityManager: Changing view acls groups to:
[2025-03-23T19:20:33.994+0000] {spark_submit.py:645} INFO - 25/03/23 19:20:33 INFO SecurityManager: Changing modify acls groups to:
[2025-03-23T19:20:33.995+0000] {spark_submit.py:645} INFO - 25/03/23 19:20:33 INFO SecurityManager: SecurityManager: authentication disabled; ui acls disabled; users with view permissions: ***; groups with view permissions: EMPTY; users with modify permissions: ***; groups with modify permissions: EMPTY
[2025-03-23T19:20:35.268+0000] {spark_submit.py:645} INFO - 25/03/23 19:20:35 INFO Utils: Successfully started service 'sparkDriver' on port 43125.
[2025-03-23T19:20:35.353+0000] {spark_submit.py:645} INFO - 25/03/23 19:20:35 INFO SparkEnv: Registering MapOutputTracker
[2025-03-23T19:20:35.391+0000] {spark_submit.py:645} INFO - 25/03/23 19:20:35 INFO SparkEnv: Registering BlockManagerMaster
[2025-03-23T19:20:35.412+0000] {spark_submit.py:645} INFO - 25/03/23 19:20:35 INFO BlockManagerMasterEndpoint: Using org.apache.spark.storage.DefaultTopologyMapper for getting topology information
[2025-03-23T19:20:35.413+0000] {spark_submit.py:645} INFO - 25/03/23 19:20:35 INFO BlockManagerMasterEndpoint: BlockManagerMasterEndpoint up
[2025-03-23T19:20:35.420+0000] {spark_submit.py:645} INFO - 25/03/23 19:20:35 INFO SparkEnv: Registering BlockManagerMasterHeartbeat
[2025-03-23T19:20:35.450+0000] {spark_submit.py:645} INFO - 25/03/23 19:20:35 INFO DiskBlockManager: Created local directory at /tmp/blockmgr-99fbd843-6485-4e74-9a65-2e52743597fe
[2025-03-23T19:20:35.467+0000] {spark_submit.py:645} INFO - 25/03/23 19:20:35 INFO MemoryStore: MemoryStore started with capacity 434.4 MiB
[2025-03-23T19:20:35.491+0000] {spark_submit.py:645} INFO - 25/03/23 19:20:35 INFO SparkEnv: Registering OutputCommitCoordinator
[2025-03-23T19:20:35.643+0000] {spark_submit.py:645} INFO - 25/03/23 19:20:35 INFO JettyUtils: Start Jetty 0.0.0.0:4040 for SparkUI
[2025-03-23T19:20:35.736+0000] {spark_submit.py:645} INFO - 25/03/23 19:20:35 INFO Utils: Successfully started service 'SparkUI' on port 4040.
[2025-03-23T19:20:35.925+0000] {spark_submit.py:645} INFO - 25/03/23 19:20:35 INFO StandaloneAppClient$ClientEndpoint: Connecting to master spark://spark-master:7077...
[2025-03-23T19:20:39.286+0000] {spark_submit.py:645} INFO - 25/03/23 19:20:39 WARN TransportClientFactory: DNS resolution failed for spark-master/<unresolved>:7077 took 3339 ms
[2025-03-23T19:20:39.332+0000] {spark_submit.py:645} INFO - 25/03/23 19:20:39 WARN StandaloneAppClient$ClientEndpoint: Failed to connect to master spark-master:7077
[2025-03-23T19:20:39.333+0000] {spark_submit.py:645} INFO - org.apache.spark.SparkException: Exception thrown in awaitResult:
[2025-03-23T19:20:39.333+0000] {spark_submit.py:645} INFO - at org.apache.spark.util.SparkThreadUtils$.awaitResult(SparkThreadUtils.scala:56)
[2025-03-23T19:20:39.334+0000] {spark_submit.py:645} INFO - at org.apache.spark.util.ThreadUtils$.awaitResult(ThreadUtils.scala:310)
[2025-03-23T19:20:39.334+0000] {spark_submit.py:645} INFO - at org.apache.spark.rpc.RpcTimeout.awaitResult(RpcTimeout.scala:75)
[2025-03-23T19:20:39.334+0000] {spark_submit.py:645} INFO - at org.apache.spark.rpc.RpcEnv.setupEndpointRefByURI(RpcEnv.scala:102)
[2025-03-23T19:20:39.335+0000] {spark_submit.py:645} INFO - at org.apache.spark.rpc.RpcEnv.setupEndpointRef(RpcEnv.scala:110)
[2025-03-23T19:20:39.335+0000] {spark_submit.py:645} INFO - at org.apache.spark.deploy.client.StandaloneAppClient$ClientEndpoint$$anon$1.run(StandaloneAppClient.scala:108)
[2025-03-23T19:20:39.336+0000] {spark_submit.py:645} INFO - at java.base/java.util.concurrent.Executors$RunnableAdapter.call(Executors.java:539)
[2025-03-23T19:20:39.336+0000] {spark_submit.py:645} INFO - at java.base/java.util.concurrent.FutureTask.run(FutureTask.java:264)
[2025-03-23T19:20:39.337+0000] {spark_submit.py:645} INFO - at java.base/java.util.concurrent.ThreadPoolExecutor.runWorker(ThreadPoolExecutor.java:1136)
[2025-03-23T19:20:39.337+0000] {spark_submit.py:645} INFO - at java.base/java.util.concurrent.ThreadPoolExecutor$Worker.run(ThreadPoolExecutor.java:635)
[2025-03-23T19:20:39.338+0000] {spark_submit.py:645} INFO - at java.base/java.lang.Thread.run(Thread.java:840)
[2025-03-23T19:20:39.338+0000] {spark_submit.py:645} INFO - Caused by: java.io.IOException: Failed to connect to spark-master/<unresolved>:7077
[2025-03-23T19:20:39.339+0000] {spark_submit.py:645} INFO - at org.apache.spark.network.client.TransportClientFactory.createClient(TransportClientFactory.java:294)
[2025-03-23T19:20:39.339+0000] {spark_submit.py:645} INFO - at org.apache.spark.network.client.TransportClientFactory.createClient(TransportClientFactory.java:214)
[2025-03-23T19:20:39.340+0000] {spark_submit.py:645} INFO - at org.apache.spark.network.client.TransportClientFactory.createClient(TransportClientFactory.java:226)
[2025-03-23T19:20:39.340+0000] {spark_submit.py:645} INFO - at org.apache.spark.rpc.netty.NettyRpcEnv.createClient(NettyRpcEnv.scala:204)
[2025-03-23T19:20:39.340+0000] {spark_submit.py:645} INFO - at org.apache.spark.rpc.netty.Outbox$$anon$1.call(Outbox.scala:202)
[2025-03-23T19:20:39.341+0000] {spark_submit.py:645} INFO - at org.apache.spark.rpc.netty.Outbox$$anon$1.call(Outbox.scala:198)
[2025-03-23T19:20:39.341+0000] {spark_submit.py:645} INFO - ... 4 more
[2025-03-23T19:20:39.342+0000] {spark_submit.py:645} INFO - Caused by: java.net.UnknownHostException: spark-master
[2025-03-23T19:20:39.342+0000] {spark_submit.py:645} INFO - at java.base/java.net.InetAddress$CachedAddresses.get(InetAddress.java:801)
[2025-03-23T19:20:39.342+0000] {spark_submit.py:645} INFO - at java.base/java.net.InetAddress.getAllByName0(InetAddress.java:1533)
[2025-03-23T19:20:39.343+0000] {spark_submit.py:645} INFO - at java.base/java.net.InetAddress.getAllByName(InetAddress.java:1385)
[2025-03-23T19:20:39.343+0000] {spark_submit.py:645} INFO - at java.base/java.net.InetAddress.getAllByName(InetAddress.java:1306)
[2025-03-23T19:20:39.344+0000] {spark_submit.py:645} INFO - at java.base/java.net.InetAddress.getByName(InetAddress.java:1256)
[2025-03-23T19:20:39.344+0000] {spark_submit.py:645} INFO - at io.netty.util.internal.SocketUtils$8.run(SocketUtils.java:156)
[2025-03-23T19:20:39.344+0000] {spark_submit.py:645} INFO - at io.netty.util.internal.SocketUtils$8.run(SocketUtils.java:153)
[2025-03-23T19:20:39.345+0000] {spark_submit.py:645} INFO - at java.base/java.security.AccessController.doPrivileged(AccessController.java:569)
[2025-03-23T19:20:39.345+0000] {spark_submit.py:645} INFO - at io.netty.util.internal.SocketUtils.addressByName(SocketUtils.java:153)
[2025-03-23T19:20:39.345+0000] {spark_submit.py:645} INFO - at io.netty.resolver.DefaultNameResolver.doResolve(DefaultNameResolver.java:41)
[2025-03-23T19:20:39.346+0000] {spark_submit.py:645} INFO - at io.netty.resolver.SimpleNameResolver.resolve(SimpleNameResolver.java:61)
[2025-03-23T19:20:39.346+0000] {spark_submit.py:645} INFO - at io.netty.resolver.SimpleNameResolver.resolve(SimpleNameResolver.java:53)
[2025-03-23T19:20:39.347+0000] {spark_submit.py:645} INFO - at io.netty.resolver.InetSocketAddressResolver.doResolve(InetSocketAddressResolver.java:55)
[2025-03-23T19:20:39.347+0000] {spark_submit.py:645} INFO - at io.netty.resolver.InetSocketAddressResolver.doResolve(InetSocketAddressResolver.java:31)
[2025-03-23T19:20:39.347+0000] {spark_submit.py:645} INFO - at io.netty.resolver.AbstractAddressResolver.resolve(AbstractAddressResolver.java:106)
[2025-03-23T19:20:39.348+0000] {spark_submit.py:645} INFO - at io.netty.bootstrap.Bootstrap.doResolveAndConnect0(Bootstrap.java:220)
[2025-03-23T19:20:39.348+0000] {spark_submit.py:645} INFO - at io.netty.bootstrap.Bootstrap.access$000(Bootstrap.java:46)
[2025-03-23T19:20:39.348+0000] {spark_submit.py:645} INFO - at io.netty.bootstrap.Bootstrap$1.operationComplete(Bootstrap.java:189)
[2025-03-23T19:20:39.349+0000] {spark_submit.py:645} INFO - at io.netty.bootstrap.Bootstrap$1.operationComplete(Bootstrap.java:175)
[2025-03-23T19:20:39.349+0000] {spark_submit.py:645} INFO - at io.netty.util.concurrent.DefaultPromise.notifyListener0(DefaultPromise.java:590)
[2025-03-23T19:20:39.350+0000] {spark_submit.py:645} INFO - at io.netty.util.concurrent.DefaultPromise.notifyListenersNow(DefaultPromise.java:557)
[2025-03-23T19:20:39.350+0000] {spark_submit.py:645} INFO - at io.netty.util.concurrent.DefaultPromise.notifyListeners(DefaultPromise.java:492)
[2025-03-23T19:20:39.350+0000] {spark_submit.py:645} INFO - at io.netty.util.concurrent.DefaultPromise.setValue0(DefaultPromise.java:636)
[2025-03-23T19:20:39.351+0000] {spark_submit.py:645} INFO - at io.netty.util.concurrent.DefaultPromise.setSuccess0(DefaultPromise.java:625)
[2025-03-23T19:20:39.351+0000] {spark_submit.py:645} INFO - at io.netty.util.concurrent.DefaultPromise.trySuccess(DefaultPromise.java:105)
[2025-03-23T19:20:39.352+0000] {spark_submit.py:645} INFO - at io.netty.channel.DefaultChannelPromise.trySuccess(DefaultChannelPromise.java:84)
[2025-03-23T19:20:39.352+0000] {spark_submit.py:645} INFO - at io.netty.channel.AbstractChannel$AbstractUnsafe.safeSetSuccess(AbstractChannel.java:990)
[2025-03-23T19:20:39.352+0000] {spark_submit.py:645} INFO - at io.netty.channel.AbstractChannel$AbstractUnsafe.register0(AbstractChannel.java:516)
[2025-03-23T19:20:39.353+0000] {spark_submit.py:645} INFO - at io.netty.channel.AbstractChannel$AbstractUnsafe.access$200(AbstractChannel.java:429)
[2025-03-23T19:20:39.353+0000] {spark_submit.py:645} INFO - at io.netty.channel.AbstractChannel$AbstractUnsafe$1.run(AbstractChannel.java:486)
[2025-03-23T19:20:39.354+0000] {spark_submit.py:645} INFO - at io.netty.util.concurrent.AbstractEventExecutor.runTask(AbstractEventExecutor.java:174)
[2025-03-23T19:20:39.355+0000] {spark_submit.py:645} INFO - at io.netty.util.concurrent.AbstractEventExecutor.safeExecute(AbstractEventExecutor.java:167)
[2025-03-23T19:20:39.355+0000] {spark_submit.py:645} INFO - at io.netty.util.concurrent.SingleThreadEventExecutor.runAllTasks(SingleThreadEventExecutor.java:470)
[2025-03-23T19:20:39.356+0000] {spark_submit.py:645} INFO - at io.netty.channel.nio.NioEventLoop.run(NioEventLoop.java:569)
[2025-03-23T19:20:39.356+0000] {spark_submit.py:645} INFO - at io.netty.util.concurrent.SingleThreadEventExecutor$4.run(SingleThreadEventExecutor.java:997)
[2025-03-23T19:20:39.356+0000] {spark_submit.py:645} INFO - at io.netty.util.internal.ThreadExecutorMap$2.run(ThreadExecutorMap.java:74)
[2025-03-23T19:20:39.357+0000] {spark_submit.py:645} INFO - at io.netty.util.concurrent.FastThreadLocalRunnable.run(FastThreadLocalRunnable.java:30)
[2025-03-23T19:20:39.357+0000] {spark_submit.py:645} INFO - ... 1 more
[2025-03-23T19:20:55.925+0000] {spark_submit.py:645} INFO - 25/03/23 19:20:55 INFO StandaloneAppClient$ClientEndpoint: Connecting to master spark://spark-master:7077...
[2025-03-23T19:20:59.234+0000] {spark_submit.py:645} INFO - 25/03/23 19:20:59 WARN TransportClientFactory: DNS resolution failed for spark-master/<unresolved>:7077 took 3306 ms
[2025-03-23T19:20:59.238+0000] {spark_submit.py:645} INFO - 25/03/23 19:20:59 WARN StandaloneAppClient$ClientEndpoint: Failed to connect to master spark-master:7077
[2025-03-23T19:20:59.238+0000] {spark_submit.py:645} INFO - org.apache.spark.SparkException: Exception thrown in awaitResult:
[2025-03-23T19:20:59.239+0000] {spark_submit.py:645} INFO - at org.apache.spark.util.SparkThreadUtils$.awaitResult(SparkThreadUtils.scala:56)
[2025-03-23T19:20:59.239+0000] {spark_submit.py:645} INFO - at org.apache.spark.util.ThreadUtils$.awaitResult(ThreadUtils.scala:310)
[2025-03-23T19:20:59.240+0000] {spark_submit.py:645} INFO - at org.apache.spark.rpc.RpcTimeout.awaitResult(RpcTimeout.scala:75)
[2025-03-23T19:20:59.240+0000] {spark_submit.py:645} INFO - at org.apache.spark.rpc.RpcEnv.setupEndpointRefByURI(RpcEnv.scala:102)
[2025-03-23T19:20:59.241+0000] {spark_submit.py:645} INFO - at org.apache.spark.rpc.RpcEnv.setupEndpointRef(RpcEnv.scala:110)
[2025-03-23T19:20:59.242+0000] {spark_submit.py:645} INFO - at org.apache.spark.deploy.client.StandaloneAppClient$ClientEndpoint$$anon$1.run(StandaloneAppClient.scala:108)
[2025-03-23T19:20:59.242+0000] {spark_submit.py:645} INFO - at java.base/java.util.concurrent.Executors$RunnableAdapter.call(Executors.java:539)
[2025-03-23T19:20:59.243+0000] {spark_submit.py:645} INFO - at java.base/java.util.concurrent.FutureTask.run(FutureTask.java:264)
[2025-03-23T19:20:59.243+0000] {spark_submit.py:645} INFO - at java.base/java.util.concurrent.ThreadPoolExecutor.runWorker(ThreadPoolExecutor.java:1136)
[2025-03-23T19:20:59.244+0000] {spark_submit.py:645} INFO - at java.base/java.util.concurrent.ThreadPoolExecutor$Worker.run(ThreadPoolExecutor.java:635)
[2025-03-23T19:20:59.244+0000] {spark_submit.py:645} INFO - at java.base/java.lang.Thread.run(Thread.java:840)
[2025-03-23T19:20:59.244+0000] {spark_submit.py:645} INFO - Caused by: java.io.IOException: Failed to connect to spark-master/<unresolved>:7077
[2025-03-23T19:20:59.245+0000] {spark_submit.py:645} INFO - at org.apache.spark.network.client.TransportClientFactory.createClient(TransportClientFactory.java:294)
[2025-03-23T19:20:59.245+0000] {spark_submit.py:645} INFO - at org.apache.spark.network.client.TransportClientFactory.createClient(TransportClientFactory.java:214)
[2025-03-23T19:20:59.245+0000] {spark_submit.py:645} INFO - at org.apache.spark.network.client.TransportClientFactory.createClient(TransportClientFactory.java:226)
[2025-03-23T19:20:59.246+0000] {spark_submit.py:645} INFO - at org.apache.spark.rpc.netty.NettyRpcEnv.createClient(NettyRpcEnv.scala:204)
[2025-03-23T19:20:59.246+0000] {spark_submit.py:645} INFO - at org.apache.spark.rpc.netty.Outbox$$anon$1.call(Outbox.scala:202)
[2025-03-23T19:20:59.247+0000] {spark_submit.py:645} INFO - at org.apache.spark.rpc.netty.Outbox$$anon$1.call(Outbox.scala:198)
[2025-03-23T19:20:59.247+0000] {spark_submit.py:645} INFO - ... 4 more
[2025-03-23T19:20:59.247+0000] {spark_submit.py:645} INFO - Caused by: java.net.UnknownHostException: spark-master
[2025-03-23T19:20:59.248+0000] {spark_submit.py:645} INFO - at java.base/java.net.InetAddress$CachedAddresses.get(InetAddress.java:801)
[2025-03-23T19:20:59.248+0000] {spark_submit.py:645} INFO - at java.base/java.net.InetAddress.getAllByName0(InetAddress.java:1533)
[2025-03-23T19:20:59.249+0000] {spark_submit.py:645} INFO - at java.base/java.net.InetAddress.getAllByName(InetAddress.java:1385)
[2025-03-23T19:20:59.249+0000] {spark_submit.py:645} INFO - at java.base/java.net.InetAddress.getAllByName(InetAddress.java:1306)
[2025-03-23T19:20:59.250+0000] {spark_submit.py:645} INFO - at java.base/java.net.InetAddress.getByName(InetAddress.java:1256)
[2025-03-23T19:20:59.250+0000] {spark_submit.py:645} INFO - at io.netty.util.internal.SocketUtils$8.run(SocketUtils.java:156)
[2025-03-23T19:20:59.251+0000] {spark_submit.py:645} INFO - at io.netty.util.internal.SocketUtils$8.run(SocketUtils.java:153)
[2025-03-23T19:20:59.251+0000] {spark_submit.py:645} INFO - at java.base/java.security.AccessController.doPrivileged(AccessController.java:569)
[2025-03-23T19:20:59.252+0000] {spark_submit.py:645} INFO - at io.netty.util.internal.SocketUtils.addressByName(SocketUtils.java:153)
[2025-03-23T19:20:59.252+0000] {spark_submit.py:645} INFO - at io.netty.resolver.DefaultNameResolver.doResolve(DefaultNameResolver.java:41)
[2025-03-23T19:20:59.253+0000] {spark_submit.py:645} INFO - at io.netty.resolver.SimpleNameResolver.resolve(SimpleNameResolver.java:61)
[2025-03-23T19:20:59.253+0000] {spark_submit.py:645} INFO - at io.netty.resolver.SimpleNameResolver.resolve(SimpleNameResolver.java:53)
[2025-03-23T19:20:59.253+0000] {spark_submit.py:645} INFO - at io.netty.resolver.InetSocketAddressResolver.doResolve(InetSocketAddressResolver.java:55)
[2025-03-23T19:20:59.254+0000] {spark_submit.py:645} INFO - at io.netty.resolver.InetSocketAddressResolver.doResolve(InetSocketAddressResolver.java:31)
[2025-03-23T19:20:59.254+0000] {spark_submit.py:645} INFO - at io.netty.resolver.AbstractAddressResolver.resolve(AbstractAddressResolver.java:106)
[2025-03-23T19:20:59.255+0000] {spark_submit.py:645} INFO - at io.netty.bootstrap.Bootstrap.doResolveAndConnect0(Bootstrap.java:220)
[2025-03-23T19:20:59.255+0000] {spark_submit.py:645} INFO - at io.netty.bootstrap.Bootstrap.access$000(Bootstrap.java:46)
[2025-03-23T19:20:59.255+0000] {spark_submit.py:645} INFO - at io.netty.bootstrap.Bootstrap$1.operationComplete(Bootstrap.java:189)
[2025-03-23T19:20:59.256+0000] {spark_submit.py:645} INFO - at io.netty.bootstrap.Bootstrap$1.operationComplete(Bootstrap.java:175)
[2025-03-23T19:20:59.256+0000] {spark_submit.py:645} INFO - at io.netty.util.concurrent.DefaultPromise.notifyListener0(DefaultPromise.java:590)
[2025-03-23T19:20:59.256+0000] {spark_submit.py:645} INFO - at io.netty.util.concurrent.DefaultPromise.notifyListenersNow(DefaultPromise.java:557)
[2025-03-23T19:20:59.257+0000] {spark_submit.py:645} INFO - at io.netty.util.concurrent.DefaultPromise.notifyListeners(DefaultPromise.java:492)
[2025-03-23T19:20:59.258+0000] {spark_submit.py:645} INFO - at io.netty.util.concurrent.DefaultPromise.setValue0(DefaultPromise.java:636)
[2025-03-23T19:20:59.258+0000] {spark_submit.py:645} INFO - at io.netty.util.concurrent.DefaultPromise.setSuccess0(DefaultPromise.java:625)
[2025-03-23T19:20:59.259+0000] {spark_submit.py:645} INFO - at io.netty.util.concurrent.DefaultPromise.trySuccess(DefaultPromise.java:105)
[2025-03-23T19:20:59.259+0000] {spark_submit.py:645} INFO - at io.netty.channel.DefaultChannelPromise.trySuccess(DefaultChannelPromise.java:84)
[2025-03-23T19:20:59.259+0000] {spark_submit.py:645} INFO - at io.netty.channel.AbstractChannel$AbstractUnsafe.safeSetSuccess(AbstractChannel.java:990)
[2025-03-23T19:20:59.260+0000] {spark_submit.py:645} INFO - at io.netty.channel.AbstractChannel$AbstractUnsafe.register0(AbstractChannel.java:516)
[2025-03-23T19:20:59.260+0000] {spark_submit.py:645} INFO - at io.netty.channel.AbstractChannel$AbstractUnsafe.access$200(AbstractChannel.java:429)
[2025-03-23T19:20:59.260+0000] {spark_submit.py:645} INFO - at io.netty.channel.AbstractChannel$AbstractUnsafe$1.run(AbstractChannel.java:486)
[2025-03-23T19:20:59.260+0000] {spark_submit.py:645} INFO - at io.netty.util.concurrent.AbstractEventExecutor.runTask(AbstractEventExecutor.java:174)
[2025-03-23T19:20:59.261+0000] {spark_submit.py:645} INFO - at io.netty.util.concurrent.AbstractEventExecutor.safeExecute(AbstractEventExecutor.java:167)
[2025-03-23T19:20:59.261+0000] {spark_submit.py:645} INFO - at io.netty.util.concurrent.SingleThreadEventExecutor.runAllTasks(SingleThreadEventExecutor.java:470)
[2025-03-23T19:20:59.262+0000] {spark_submit.py:645} INFO - at io.netty.channel.nio.NioEventLoop.run(NioEventLoop.java:569)
[2025-03-23T19:20:59.262+0000] {spark_submit.py:645} INFO - at io.netty.util.concurrent.SingleThreadEventExecutor$4.run(SingleThreadEventExecutor.java:997)
[2025-03-23T19:20:59.262+0000] {spark_submit.py:645} INFO - at io.netty.util.internal.ThreadExecutorMap$2.run(ThreadExecutorMap.java:74)
[2025-03-23T19:20:59.263+0000] {spark_submit.py:645} INFO - at io.netty.util.concurrent.FastThreadLocalRunnable.run(FastThreadLocalRunnable.java:30)
[2025-03-23T19:20:59.263+0000] {spark_submit.py:645} INFO - ... 1 more
[2025-03-23T19:21:15.926+0000] {spark_submit.py:645} INFO - 25/03/23 19:21:15 INFO StandaloneAppClient$ClientEndpoint: Connecting to master spark://spark-master:7077...
[2025-03-23T19:21:19.410+0000] {spark_submit.py:645} INFO - 25/03/23 19:21:19 WARN TransportClientFactory: DNS resolution failed for spark-master/<unresolved>:7077 took 3482 ms
[2025-03-23T19:21:19.415+0000] {spark_submit.py:645} INFO - 25/03/23 19:21:19 WARN StandaloneAppClient$ClientEndpoint: Failed to connect to master spark-master:7077
[2025-03-23T19:21:19.415+0000] {spark_submit.py:645} INFO - org.apache.spark.SparkException: Exception thrown in awaitResult:
[2025-03-23T19:21:19.416+0000] {spark_submit.py:645} INFO - at org.apache.spark.util.SparkThreadUtils$.awaitResult(SparkThreadUtils.scala:56)
[2025-03-23T19:21:19.416+0000] {spark_submit.py:645} INFO - at org.apache.spark.util.ThreadUtils$.awaitResult(ThreadUtils.scala:310)
[2025-03-23T19:21:19.416+0000] {spark_submit.py:645} INFO - at org.apache.spark.rpc.RpcTimeout.awaitResult(RpcTimeout.scala:75)
[2025-03-23T19:21:19.417+0000] {spark_submit.py:645} INFO - at org.apache.spark.rpc.RpcEnv.setupEndpointRefByURI(RpcEnv.scala:102)
[2025-03-23T19:21:19.418+0000] {spark_submit.py:645} INFO - at org.apache.spark.rpc.RpcEnv.setupEndpointRef(RpcEnv.scala:110)
[2025-03-23T19:21:19.418+0000] {spark_submit.py:645} INFO - at org.apache.spark.deploy.client.StandaloneAppClient$ClientEndpoint$$anon$1.run(StandaloneAppClient.scala:108)
[2025-03-23T19:21:19.418+0000] {spark_submit.py:645} INFO - at java.base/java.util.concurrent.Executors$RunnableAdapter.call(Executors.java:539)
[2025-03-23T19:21:19.418+0000] {spark_submit.py:645} INFO - at java.base/java.util.concurrent.FutureTask.run(FutureTask.java:264)
[2025-03-23T19:21:19.419+0000] {spark_submit.py:645} INFO - at java.base/java.util.concurrent.ThreadPoolExecutor.runWorker(ThreadPoolExecutor.java:1136)
[2025-03-23T19:21:19.419+0000] {spark_submit.py:645} INFO - at java.base/java.util.concurrent.ThreadPoolExecutor$Worker.run(ThreadPoolExecutor.java:635)
[2025-03-23T19:21:19.419+0000] {spark_submit.py:645} INFO - at java.base/java.lang.Thread.run(Thread.java:840)
[2025-03-23T19:21:19.420+0000] {spark_submit.py:645} INFO - Caused by: java.io.IOException: Failed to connect to spark-master/<unresolved>:7077
[2025-03-23T19:21:19.420+0000] {spark_submit.py:645} INFO - at org.apache.spark.network.client.TransportClientFactory.createClient(TransportClientFactory.java:294)
[2025-03-23T19:21:19.420+0000] {spark_submit.py:645} INFO - at org.apache.spark.network.client.TransportClientFactory.createClient(TransportClientFactory.java:214)
[2025-03-23T19:21:19.421+0000] {spark_submit.py:645} INFO - at org.apache.spark.network.client.TransportClientFactory.createClient(TransportClientFactory.java:226)
[2025-03-23T19:21:19.421+0000] {spark_submit.py:645} INFO - at org.apache.spark.rpc.netty.NettyRpcEnv.createClient(NettyRpcEnv.scala:204)
[2025-03-23T19:21:19.421+0000] {spark_submit.py:645} INFO - at org.apache.spark.rpc.netty.Outbox$$anon$1.call(Outbox.scala:202)
[2025-03-23T19:21:19.422+0000] {spark_submit.py:645} INFO - at org.apache.spark.rpc.netty.Outbox$$anon$1.call(Outbox.scala:198)
[2025-03-23T19:21:19.422+0000] {spark_submit.py:645} INFO - ... 4 more
[2025-03-23T19:21:19.422+0000] {spark_submit.py:645} INFO - Caused by: java.net.UnknownHostException: spark-master
[2025-03-23T19:21:19.423+0000] {spark_submit.py:645} INFO - at java.base/java.net.InetAddress$CachedAddresses.get(InetAddress.java:801)
[2025-03-23T19:21:19.423+0000] {spark_submit.py:645} INFO - at java.base/java.net.InetAddress.getAllByName0(InetAddress.java:1533)
[2025-03-23T19:21:19.424+0000] {spark_submit.py:645} INFO - at java.base/java.net.InetAddress.getAllByName(InetAddress.java:1385)
[2025-03-23T19:21:19.424+0000] {spark_submit.py:645} INFO - at java.base/java.net.InetAddress.getAllByName(InetAddress.java:1306)
[2025-03-23T19:21:19.424+0000] {spark_submit.py:645} INFO - at java.base/java.net.InetAddress.getByName(InetAddress.java:1256)
[2025-03-23T19:21:19.425+0000] {spark_submit.py:645} INFO - at io.netty.util.internal.SocketUtils$8.run(SocketUtils.java:156)
[2025-03-23T19:21:19.425+0000] {spark_submit.py:645} INFO - at io.netty.util.internal.SocketUtils$8.run(SocketUtils.java:153)
[2025-03-23T19:21:19.425+0000] {spark_submit.py:645} INFO - at java.base/java.security.AccessController.doPrivileged(AccessController.java:569)
[2025-03-23T19:21:19.426+0000] {spark_submit.py:645} INFO - at io.netty.util.internal.SocketUtils.addressByName(SocketUtils.java:153)
[2025-03-23T19:21:19.427+0000] {spark_submit.py:645} INFO - at io.netty.resolver.DefaultNameResolver.doResolve(DefaultNameResolver.java:41)
[2025-03-23T19:21:19.427+0000] {spark_submit.py:645} INFO - at io.netty.resolver.SimpleNameResolver.resolve(SimpleNameResolver.java:61)
[2025-03-23T19:21:19.428+0000] {spark_submit.py:645} INFO - at io.netty.resolver.SimpleNameResolver.resolve(SimpleNameResolver.java:53)
[2025-03-23T19:21:19.428+0000] {spark_submit.py:645} INFO - at io.netty.resolver.InetSocketAddressResolver.doResolve(InetSocketAddressResolver.java:55)
[2025-03-23T19:21:19.428+0000] {spark_submit.py:645} INFO - at io.netty.resolver.InetSocketAddressResolver.doResolve(InetSocketAddressResolver.java:31)
[2025-03-23T19:21:19.429+0000] {spark_submit.py:645} INFO - at io.netty.resolver.AbstractAddressResolver.resolve(AbstractAddressResolver.java:106)
[2025-03-23T19:21:19.429+0000] {spark_submit.py:645} INFO - at io.netty.bootstrap.Bootstrap.doResolveAndConnect0(Bootstrap.java:220)
[2025-03-23T19:21:19.429+0000] {spark_submit.py:645} INFO - at io.netty.bootstrap.Bootstrap.access$000(Bootstrap.java:46)
[2025-03-23T19:21:19.430+0000] {spark_submit.py:645} INFO - at io.netty.bootstrap.Bootstrap$1.operationComplete(Bootstrap.java:189)
[2025-03-23T19:21:19.430+0000] {spark_submit.py:645} INFO - at io.netty.bootstrap.Bootstrap$1.operationComplete(Bootstrap.java:175)
[2025-03-23T19:21:19.430+0000] {spark_submit.py:645} INFO - at io.netty.util.concurrent.DefaultPromise.notifyListener0(DefaultPromise.java:590)
[2025-03-23T19:21:19.431+0000] {spark_submit.py:645} INFO - at io.netty.util.concurrent.DefaultPromise.notifyListenersNow(DefaultPromise.java:557)
[2025-03-23T19:21:19.431+0000] {spark_submit.py:645} INFO - at io.netty.util.concurrent.DefaultPromise.notifyListeners(DefaultPromise.java:492)
[2025-03-23T19:21:19.431+0000] {spark_submit.py:645} INFO - at io.netty.util.concurrent.DefaultPromise.setValue0(DefaultPromise.java:636)
[2025-03-23T19:21:19.432+0000] {spark_submit.py:645} INFO - at io.netty.util.concurrent.DefaultPromise.setSuccess0(DefaultPromise.java:625)
[2025-03-23T19:21:19.432+0000] {spark_submit.py:645} INFO - at io.netty.util.concurrent.DefaultPromise.trySuccess(DefaultPromise.java:105)
[2025-03-23T19:21:19.432+0000] {spark_submit.py:645} INFO - at io.netty.channel.DefaultChannelPromise.trySuccess(DefaultChannelPromise.java:84)
[2025-03-23T19:21:19.433+0000] {spark_submit.py:645} INFO - at io.netty.channel.AbstractChannel$AbstractUnsafe.safeSetSuccess(AbstractChannel.java:990)
[2025-03-23T19:21:19.433+0000] {spark_submit.py:645} INFO - at io.netty.channel.AbstractChannel$AbstractUnsafe.register0(AbstractChannel.java:516)
[2025-03-23T19:21:19.433+0000] {spark_submit.py:645} INFO - at io.netty.channel.AbstractChannel$AbstractUnsafe.access$200(AbstractChannel.java:429)
[2025-03-23T19:21:19.434+0000] {spark_submit.py:645} INFO - at io.netty.channel.AbstractChannel$AbstractUnsafe$1.run(AbstractChannel.java:486)
[2025-03-23T19:21:19.434+0000] {spark_submit.py:645} INFO - at io.netty.util.concurrent.AbstractEventExecutor.runTask(AbstractEventExecutor.java:174)
[2025-03-23T19:21:19.434+0000] {spark_submit.py:645} INFO - at io.netty.util.concurrent.AbstractEventExecutor.safeExecute(AbstractEventExecutor.java:167)
[2025-03-23T19:21:19.434+0000] {spark_submit.py:645} INFO - at io.netty.util.concurrent.SingleThreadEventExecutor.runAllTasks(SingleThreadEventExecutor.java:470)
[2025-03-23T19:21:19.435+0000] {spark_submit.py:645} INFO - at io.netty.channel.nio.NioEventLoop.run(NioEventLoop.java:569)
[2025-03-23T19:21:19.435+0000] {spark_submit.py:645} INFO - at io.netty.util.concurrent.SingleThreadEventExecutor$4.run(SingleThreadEventExecutor.java:997)
[2025-03-23T19:21:19.435+0000] {spark_submit.py:645} INFO - at io.netty.util.internal.ThreadExecutorMap$2.run(ThreadExecutorMap.java:74)
[2025-03-23T19:21:19.436+0000] {spark_submit.py:645} INFO - at io.netty.util.concurrent.FastThreadLocalRunnable.run(FastThreadLocalRunnable.java:30)
[2025-03-23T19:21:19.436+0000] {spark_submit.py:645} INFO - ... 1 more
[2025-03-23T19:21:35.924+0000] {spark_submit.py:645} INFO - 25/03/23 19:21:35 WARN StandaloneSchedulerBackend: Application ID is not initialized yet.
[2025-03-23T19:21:35.925+0000] {spark_submit.py:645} INFO - 25/03/23 19:21:35 ERROR StandaloneSchedulerBackend: Application has been killed. Reason: All masters are unresponsive! Giving up.
[2025-03-23T19:21:35.932+0000] {spark_submit.py:645} INFO - 25/03/23 19:21:35 INFO Utils: Successfully started service 'org.apache.spark.network.netty.NettyBlockTransferService' on port 44039.
[2025-03-23T19:21:35.932+0000] {spark_submit.py:645} INFO - 25/03/23 19:21:35 INFO NettyBlockTransferService: Server created on ffe4e0703eb1:44039
[2025-03-23T19:21:35.934+0000] {spark_submit.py:645} INFO - 25/03/23 19:21:35 INFO BlockManager: Using org.apache.spark.storage.RandomBlockReplicationPolicy for block replication policy
[2025-03-23T19:21:35.940+0000] {spark_submit.py:645} INFO - 25/03/23 19:21:35 INFO BlockManagerMaster: Registering BlockManager BlockManagerId(driver, ffe4e0703eb1, 44039, None)
[2025-03-23T19:21:35.944+0000] {spark_submit.py:645} INFO - 25/03/23 19:21:35 INFO BlockManagerMasterEndpoint: Registering block manager ffe4e0703eb1:44039 with 434.4 MiB RAM, BlockManagerId(driver, ffe4e0703eb1, 44039, None)
[2025-03-23T19:21:35.946+0000] {spark_submit.py:645} INFO - 25/03/23 19:21:35 INFO BlockManagerMaster: Registered BlockManager BlockManagerId(driver, ffe4e0703eb1, 44039, None)
[2025-03-23T19:21:35.948+0000] {spark_submit.py:645} INFO - 25/03/23 19:21:35 INFO BlockManager: Initialized BlockManager: BlockManagerId(driver, ffe4e0703eb1, 44039, None)
[2025-03-23T19:21:36.117+0000] {spark_submit.py:645} INFO - 25/03/23 19:21:36 INFO StandaloneSchedulerBackend: SchedulerBackend is ready for scheduling beginning after reached minRegisteredResourcesRatio: 0.0
[2025-03-23T19:21:36.465+0000] {spark_submit.py:645} INFO - 25/03/23 19:21:36 INFO SparkContext: SparkContext is stopping with exitCode 0.
[2025-03-23T19:21:36.496+0000] {spark_submit.py:645} INFO - 25/03/23 19:21:36 INFO SparkUI: Stopped Spark web UI at http://ffe4e0703eb1:4040
[2025-03-23T19:21:36.511+0000] {spark_submit.py:645} INFO - 25/03/23 19:21:36 INFO StandaloneSchedulerBackend: Shutting down all executors
[2025-03-23T19:21:36.515+0000] {spark_submit.py:645} INFO - 25/03/23 19:21:36 INFO StandaloneSchedulerBackend$StandaloneDriverEndpoint: Asking each executor to shut down
[2025-03-23T19:21:36.521+0000] {spark_submit.py:645} INFO - 25/03/23 19:21:36 WARN StandaloneAppClient$ClientEndpoint: Drop UnregisterApplication(null) because has not yet connected to master
[2025-03-23T19:21:36.549+0000] {spark_submit.py:645} INFO - 25/03/23 19:21:36 INFO MapOutputTrackerMasterEndpoint: MapOutputTrackerMasterEndpoint stopped!
[2025-03-23T19:21:36.562+0000] {spark_submit.py:645} INFO - 25/03/23 19:21:36 INFO SharedState: Setting hive.metastore.warehouse.dir ('null') to the value of spark.sql.warehouse.dir.
[2025-03-23T19:21:36.577+0000] {spark_submit.py:645} INFO - 25/03/23 19:21:36 INFO SharedState: Warehouse path is 'file:/opt/spark-warehouse'.
[2025-03-23T19:21:36.586+0000] {spark_submit.py:645} INFO - 25/03/23 19:21:36 INFO MemoryStore: MemoryStore cleared
[2025-03-23T19:21:36.587+0000] {spark_submit.py:645} INFO - 25/03/23 19:21:36 INFO BlockManager: BlockManager stopped
[2025-03-23T19:21:36.594+0000] {spark_submit.py:645} INFO - 25/03/23 19:21:36 INFO BlockManagerMaster: BlockManagerMaster stopped
[2025-03-23T19:21:36.597+0000] {spark_submit.py:645} INFO - 25/03/23 19:21:36 INFO OutputCommitCoordinator$OutputCommitCoordinatorEndpoint: OutputCommitCoordinator stopped!
[2025-03-23T19:21:36.624+0000] {spark_submit.py:645} INFO - Traceback (most recent call last):
[2025-03-23T19:21:36.625+0000] {spark_submit.py:645} INFO - File "/spark_job/data_transformation.py", line 32, in <module>
[2025-03-23T19:21:36.627+0000] {spark_submit.py:645} INFO - data_transformation(spark)
[2025-03-23T19:21:36.628+0000] {spark_submit.py:645} INFO - File "/spark_job/data_transformation.py", line 13, in data_transformation
[2025-03-23T19:21:36.629+0000] {spark_submit.py:645} INFO - df_raw = spark.read.option("multiline", "true").json("s3://raw/playlist_20250323_190824.json")#file_path)
[2025-03-23T19:21:36.630+0000] {spark_submit.py:645} INFO - ^^^^^^^^^^
[2025-03-23T19:21:36.631+0000] {spark_submit.py:645} INFO - File "/home/***/.local/lib/python3.11/site-packages/pyspark/python/lib/pyspark.zip/pyspark/sql/session.py", line 1706, in read
[2025-03-23T19:21:36.632+0000] {spark_submit.py:645} INFO - File "/home/***/.local/lib/python3.11/site-packages/pyspark/python/lib/pyspark.zip/pyspark/sql/readwriter.py", line 70, in __init__
[2025-03-23T19:21:36.633+0000] {spark_submit.py:645} INFO - 25/03/23 19:21:36 INFO SparkContext: Successfully stopped SparkContext
[2025-03-23T19:21:36.634+0000] {spark_submit.py:645} INFO - File "/home/***/.local/lib/python3.11/site-packages/pyspark/python/lib/py4j-0.10.9.7-src.zip/py4j/java_gateway.py", line 1322, in __call__
[2025-03-23T19:21:36.636+0000] {spark_submit.py:645} INFO - File "/home/***/.local/lib/python3.11/site-packages/pyspark/python/lib/pyspark.zip/pyspark/errors/exceptions/captured.py", line 179, in deco
[2025-03-23T19:21:36.638+0000] {spark_submit.py:645} INFO - File "/home/***/.local/lib/python3.11/site-packages/pyspark/python/lib/py4j-0.10.9.7-src.zip/py4j/protocol.py", line 326, in get_return_value
[2025-03-23T19:21:36.646+0000] {spark_submit.py:645} INFO - py4j.protocol.Py4JJavaError: An error occurred while calling o40.read.
[2025-03-23T19:21:36.647+0000] {spark_submit.py:645} INFO - : java.lang.IllegalStateException: LiveListenerBus is stopped.
[2025-03-23T19:21:36.648+0000] {spark_submit.py:645} INFO - at org.apache.spark.scheduler.LiveListenerBus.addToQueue(LiveListenerBus.scala:92)
[2025-03-23T19:21:36.648+0000] {spark_submit.py:645} INFO - at org.apache.spark.scheduler.LiveListenerBus.addToStatusQueue(LiveListenerBus.scala:75)
[2025-03-23T19:21:36.649+0000] {spark_submit.py:645} INFO - at org.apache.spark.sql.internal.SharedState.<init>(SharedState.scala:115)
[2025-03-23T19:21:36.649+0000] {spark_submit.py:645} INFO - at org.apache.spark.sql.SparkSession.$anonfun$sharedState$1(SparkSession.scala:143)
[2025-03-23T19:21:36.650+0000] {spark_submit.py:645} INFO - at scala.Option.getOrElse(Option.scala:189)
[2025-03-23T19:21:36.650+0000] {spark_submit.py:645} INFO - at org.apache.spark.sql.SparkSession.sharedState$lzycompute(SparkSession.scala:143)
[2025-03-23T19:21:36.650+0000] {spark_submit.py:645} INFO - at org.apache.spark.sql.SparkSession.sharedState(SparkSession.scala:142)
[2025-03-23T19:21:36.651+0000] {spark_submit.py:645} INFO - at org.apache.spark.sql.SparkSession.$anonfun$sessionState$2(SparkSession.scala:162)
[2025-03-23T19:21:36.651+0000] {spark_submit.py:645} INFO - at scala.Option.getOrElse(Option.scala:189)
[2025-03-23T19:21:36.652+0000] {spark_submit.py:645} INFO - at org.apache.spark.sql.SparkSession.sessionState$lzycompute(SparkSession.scala:160)
[2025-03-23T19:21:36.652+0000] {spark_submit.py:645} INFO - at org.apache.spark.sql.SparkSession.sessionState(SparkSession.scala:157)
[2025-03-23T19:21:36.653+0000] {spark_submit.py:645} INFO - at org.apache.spark.sql.DataFrameReader.<init>(DataFrameReader.scala:699)
[2025-03-23T19:21:36.653+0000] {spark_submit.py:645} INFO - at org.apache.spark.sql.SparkSession.read(SparkSession.scala:783)
[2025-03-23T19:21:36.654+0000] {spark_submit.py:645} INFO - at java.base/jdk.internal.reflect.NativeMethodAccessorImpl.invoke0(Native Method)
[2025-03-23T19:21:36.654+0000] {spark_submit.py:645} INFO - at java.base/jdk.internal.reflect.NativeMethodAccessorImpl.invoke(NativeMethodAccessorImpl.java:77)
[2025-03-23T19:21:36.654+0000] {spark_submit.py:645} INFO - at java.base/jdk.internal.reflect.DelegatingMethodAccessorImpl.invoke(DelegatingMethodAccessorImpl.java:43)
[2025-03-23T19:21:36.655+0000] {spark_submit.py:645} INFO - at java.base/java.lang.reflect.Method.invoke(Method.java:569)
[2025-03-23T19:21:36.655+0000] {spark_submit.py:645} INFO - at py4j.reflection.MethodInvoker.invoke(MethodInvoker.java:244)
[2025-03-23T19:21:36.655+0000] {spark_submit.py:645} INFO - at py4j.reflection.ReflectionEngine.invoke(ReflectionEngine.java:374)
[2025-03-23T19:21:36.656+0000] {spark_submit.py:645} INFO - at py4j.Gateway.invoke(Gateway.java:282)
[2025-03-23T19:21:36.656+0000] {spark_submit.py:645} INFO - at py4j.commands.AbstractCommand.invokeMethod(AbstractCommand.java:132)
[2025-03-23T19:21:36.657+0000] {spark_submit.py:645} INFO - at py4j.commands.CallCommand.execute(CallCommand.java:79)
[2025-03-23T19:21:36.657+0000] {spark_submit.py:645} INFO - at py4j.ClientServerConnection.waitForCommands(ClientServerConnection.java:182)
[2025-03-23T19:21:36.658+0000] {spark_submit.py:645} INFO - at py4j.ClientServerConnection.run(ClientServerConnection.java:106)
[2025-03-23T19:21:36.658+0000] {spark_submit.py:645} INFO - at java.base/java.lang.Thread.run(Thread.java:840)
[2025-03-23T19:21:36.659+0000] {spark_submit.py:645} INFO - 
[2025-03-23T19:21:36.794+0000] {spark_submit.py:645} INFO - 25/03/23 19:21:36 INFO ShutdownHookManager: Shutdown hook called
[2025-03-23T19:21:36.795+0000] {spark_submit.py:645} INFO - 25/03/23 19:21:36 INFO ShutdownHookManager: Deleting directory /tmp/spark-780a5a72-873b-4128-8eb0-d3f5537c8e61/pyspark-0a44768d-89ab-4804-aa75-5cb003ed38fc
[2025-03-23T19:21:36.802+0000] {spark_submit.py:645} INFO - 25/03/23 19:21:36 INFO ShutdownHookManager: Deleting directory /tmp/spark-9811a24b-a551-44c6-8b61-1230cae8efb5
[2025-03-23T19:21:36.816+0000] {spark_submit.py:645} INFO - 25/03/23 19:21:36 INFO ShutdownHookManager: Deleting directory /tmp/spark-780a5a72-873b-4128-8eb0-d3f5537c8e61
[2025-03-23T19:21:36.879+0000] {taskinstance.py:441} INFO - ::group::Post task execution logs
[2025-03-23T19:21:36.900+0000] {taskinstance.py:2905} ERROR - Task failed with exception
Traceback (most recent call last):
  File "/home/airflow/.local/lib/python3.11/site-packages/airflow/models/taskinstance.py", line 465, in _execute_task
    result = _execute_callable(context=context, **execute_callable_kwargs)
             ^^^^^^^^^^^^^^^^^^^^^^^^^^^^^^^^^^^^^^^^^^^^^^^^^^^^^^^^^^^^^
  File "/home/airflow/.local/lib/python3.11/site-packages/airflow/models/taskinstance.py", line 432, in _execute_callable
    return execute_callable(context=context, **execute_callable_kwargs)
           ^^^^^^^^^^^^^^^^^^^^^^^^^^^^^^^^^^^^^^^^^^^^^^^^^^^^^^^^^^^^
  File "/home/airflow/.local/lib/python3.11/site-packages/airflow/models/baseoperator.py", line 401, in wrapper
    return func(self, *args, **kwargs)
           ^^^^^^^^^^^^^^^^^^^^^^^^^^^
  File "/home/airflow/.local/lib/python3.11/site-packages/airflow/operators/python.py", line 235, in execute
    return_value = self.execute_callable()
                   ^^^^^^^^^^^^^^^^^^^^^^^
  File "/home/airflow/.local/lib/python3.11/site-packages/airflow/operators/python.py", line 252, in execute_callable
    return self.python_callable(*self.op_args, **self.op_kwargs)
           ^^^^^^^^^^^^^^^^^^^^^^^^^^^^^^^^^^^^^^^^^^^^^^^^^^^^^
  File "/opt/airflow/dags/data_pipeline_dag.py", line 93, in spark_dtransformation
    spark_submit_task.execute(kwargs)
  File "/home/airflow/.local/lib/python3.11/site-packages/airflow/models/baseoperator.py", line 401, in wrapper
    return func(self, *args, **kwargs)
           ^^^^^^^^^^^^^^^^^^^^^^^^^^^
  File "/home/airflow/.local/lib/python3.11/site-packages/airflow/providers/apache/spark/operators/spark_submit.py", line 177, in execute
    self._hook.submit(self.application)
  File "/home/airflow/.local/lib/python3.11/site-packages/airflow/providers/apache/spark/hooks/spark_submit.py", line 567, in submit
    raise AirflowException(
airflow.exceptions.AirflowException: Cannot execute: spark-submit --master spark://spark-master:7077:7077 --conf spark.executor.memory=2g --conf spark.executor.cores=2 --conf spark.hadoop.fs.gs.impl=org.apache.hadoop.fs.s3a.S3AFileSystem --principal *** --name arrow-spark --verbose --deploy-mode client /spark_job/data_transformation.py s3://raw/playlist_20250323_190824.json. Error code is: 1.
[2025-03-23T19:21:36.910+0000] {taskinstance.py:1206} INFO - Marking task as UP_FOR_RETRY. dag_id=spotify_etl_pipeline, task_id=transformation, run_id=scheduled__2025-03-22T00:00:00+00:00, execution_date=20250322T000000, start_date=20250323T192029, end_date=20250323T192136
[2025-03-23T19:21:36.966+0000] {standard_task_runner.py:110} ERROR - Failed to execute job 20 for task transformation (Cannot execute: spark-submit --master spark://spark-master:7077:7077 --conf spark.executor.memory=2g --conf spark.executor.cores=2 --conf spark.hadoop.fs.gs.impl=org.apache.hadoop.fs.s3a.S3AFileSystem --principal *** --name arrow-spark --verbose --deploy-mode client /spark_job/data_transformation.py s3://raw/playlist_20250323_190824.json. Error code is: 1.; 1394)
[2025-03-23T19:21:36.996+0000] {local_task_job_runner.py:240} INFO - Task exited with return code 1
[2025-03-23T19:21:37.022+0000] {taskinstance.py:3503} INFO - 0 downstream tasks scheduled from follow-on schedule check
[2025-03-23T19:21:37.080+0000] {local_task_job_runner.py:222} INFO - ::endgroup::
