[2025-03-23T19:09:55.458+0000] {local_task_job_runner.py:120} INFO - ::group::Pre task execution logs
[2025-03-23T19:09:55.510+0000] {taskinstance.py:2076} INFO - Dependencies all met for dep_context=non-requeueable deps ti=<TaskInstance: spotify_etl_pipeline.transformation scheduled__2025-03-22T00:00:00+00:00 [queued]>
[2025-03-23T19:09:55.520+0000] {taskinstance.py:2076} INFO - Dependencies all met for dep_context=requeueable deps ti=<TaskInstance: spotify_etl_pipeline.transformation scheduled__2025-03-22T00:00:00+00:00 [queued]>
[2025-03-23T19:09:55.521+0000] {taskinstance.py:2306} INFO - Starting attempt 4 of 5
[2025-03-23T19:09:55.581+0000] {taskinstance.py:2330} INFO - Executing <Task(PythonOperator): transformation> on 2025-03-22 00:00:00+00:00
[2025-03-23T19:09:55.590+0000] {standard_task_runner.py:63} INFO - Started process 889 to run task
[2025-03-23T19:09:55.597+0000] {standard_task_runner.py:90} INFO - Running: ['***', 'tasks', 'run', 'spotify_etl_pipeline', 'transformation', 'scheduled__2025-03-22T00:00:00+00:00', '--job-id', '15', '--raw', '--subdir', 'DAGS_FOLDER/data_pipeline_dag.py', '--cfg-path', '/tmp/tmp7amm2ku7']
[2025-03-23T19:09:55.606+0000] {standard_task_runner.py:91} INFO - Job 15: Subtask transformation
[2025-03-23T19:09:55.788+0000] {task_command.py:426} INFO - Running <TaskInstance: spotify_etl_pipeline.transformation scheduled__2025-03-22T00:00:00+00:00 [running]> on host ffe4e0703eb1
[2025-03-23T19:09:55.956+0000] {taskinstance.py:2648} INFO - Exporting env vars: AIRFLOW_CTX_DAG_OWNER='lobobranco' AIRFLOW_CTX_DAG_ID='spotify_etl_pipeline' AIRFLOW_CTX_TASK_ID='transformation' AIRFLOW_CTX_EXECUTION_DATE='2025-03-22T00:00:00+00:00' AIRFLOW_CTX_TRY_NUMBER='4' AIRFLOW_CTX_DAG_RUN_ID='scheduled__2025-03-22T00:00:00+00:00'
[2025-03-23T19:09:55.957+0000] {taskinstance.py:430} INFO - ::endgroup::
[2025-03-23T19:09:55.988+0000] {data_pipeline_dag.py:77} INFO - Transforming data from file: s3://raw/playlist_20250323_190824.json
[2025-03-23T19:09:55.989+0000] {baseoperator.py:400} WARNING - SparkSubmitOperator.execute cannot be called outside TaskInstance!
[2025-03-23T19:09:56.002+0000] {base.py:84} INFO - Using connection ID 'spark_default' for task execution.
[2025-03-23T19:09:56.003+0000] {spark_submit.py:328} ERROR - Failed to decode base64 keytab: Incorrect padding
[2025-03-23T19:09:56.004+0000] {spark_submit.py:305} INFO - Could not load connection string spark_default, defaulting to spark://spark-master:7077:7077
[2025-03-23T19:09:56.005+0000] {spark_submit.py:474} INFO - Spark-Submit cmd: spark-submit --master spark://spark-master:7077:7077 --conf spark.executor.memory=2g --conf spark.executor.cores=2 --conf spark.hadoop.fs.gs.impl=org.apache.hadoop.fs.s3a.S3AFileSystem --principal *** --name arrow-spark --verbose --deploy-mode client /spark_job/data_transformation.py s3://raw/playlist_20250323_190824.json
[2025-03-23T19:09:56.102+0000] {spark_submit.py:645} INFO - /home/***/.local/lib/python3.11/site-packages/pyspark/bin/load-spark-env.sh: line 68: ps: command not found
[2025-03-23T19:09:58.615+0000] {spark_submit.py:645} INFO - Using properties file: null
[2025-03-23T19:09:58.784+0000] {spark_submit.py:645} INFO - Parsed arguments:
[2025-03-23T19:09:58.785+0000] {spark_submit.py:645} INFO - master                  spark://spark-master:7077:7077
[2025-03-23T19:09:58.785+0000] {spark_submit.py:645} INFO - remote                  null
[2025-03-23T19:09:58.786+0000] {spark_submit.py:645} INFO - deployMode              client
[2025-03-23T19:09:58.786+0000] {spark_submit.py:645} INFO - executorMemory          2g
[2025-03-23T19:09:58.786+0000] {spark_submit.py:645} INFO - executorCores           2
[2025-03-23T19:09:58.787+0000] {spark_submit.py:645} INFO - totalExecutorCores      null
[2025-03-23T19:09:58.787+0000] {spark_submit.py:645} INFO - propertiesFile          null
[2025-03-23T19:09:58.788+0000] {spark_submit.py:645} INFO - driverMemory            null
[2025-03-23T19:09:58.788+0000] {spark_submit.py:645} INFO - driverCores             null
[2025-03-23T19:09:58.788+0000] {spark_submit.py:645} INFO - driverExtraClassPath    null
[2025-03-23T19:09:58.789+0000] {spark_submit.py:645} INFO - driverExtraLibraryPath  null
[2025-03-23T19:09:58.789+0000] {spark_submit.py:645} INFO - driverExtraJavaOptions  null
[2025-03-23T19:09:58.790+0000] {spark_submit.py:645} INFO - supervise               false
[2025-03-23T19:09:58.790+0000] {spark_submit.py:645} INFO - queue                   null
[2025-03-23T19:09:58.790+0000] {spark_submit.py:645} INFO - numExecutors            null
[2025-03-23T19:09:58.791+0000] {spark_submit.py:645} INFO - files                   null
[2025-03-23T19:09:58.791+0000] {spark_submit.py:645} INFO - pyFiles                 null
[2025-03-23T19:09:58.791+0000] {spark_submit.py:645} INFO - archives                null
[2025-03-23T19:09:58.791+0000] {spark_submit.py:645} INFO - mainClass               null
[2025-03-23T19:09:58.792+0000] {spark_submit.py:645} INFO - primaryResource         file:/spark_job/data_transformation.py
[2025-03-23T19:09:58.792+0000] {spark_submit.py:645} INFO - name                    arrow-spark
[2025-03-23T19:09:58.792+0000] {spark_submit.py:645} INFO - childArgs               [s3://raw/playlist_20250323_190824.json]
[2025-03-23T19:09:58.793+0000] {spark_submit.py:645} INFO - jars                    null
[2025-03-23T19:09:58.793+0000] {spark_submit.py:645} INFO - packages                null
[2025-03-23T19:09:58.793+0000] {spark_submit.py:645} INFO - packagesExclusions      null
[2025-03-23T19:09:58.794+0000] {spark_submit.py:645} INFO - repositories            null
[2025-03-23T19:09:58.794+0000] {spark_submit.py:645} INFO - verbose                 true
[2025-03-23T19:09:58.794+0000] {spark_submit.py:645} INFO - 
[2025-03-23T19:09:58.795+0000] {spark_submit.py:645} INFO - Spark properties used, including those specified through
[2025-03-23T19:09:58.795+0000] {spark_submit.py:645} INFO - --conf and those from the properties file null:
[2025-03-23T19:09:58.796+0000] {spark_submit.py:645} INFO - (spark.executor.cores,2)
[2025-03-23T19:09:58.796+0000] {spark_submit.py:645} INFO - (spark.executor.memory,2g)
[2025-03-23T19:09:58.796+0000] {spark_submit.py:645} INFO - (spark.hadoop.fs.gs.impl,org.apache.hadoop.fs.s3a.S3AFileSystem)
[2025-03-23T19:09:58.797+0000] {spark_submit.py:645} INFO - 
[2025-03-23T19:09:58.797+0000] {spark_submit.py:645} INFO - 
[2025-03-23T19:09:59.917+0000] {spark_submit.py:645} INFO - Main class:
[2025-03-23T19:09:59.918+0000] {spark_submit.py:645} INFO - org.apache.spark.deploy.PythonRunner
[2025-03-23T19:09:59.918+0000] {spark_submit.py:645} INFO - Arguments:
[2025-03-23T19:09:59.919+0000] {spark_submit.py:645} INFO - file:/spark_job/data_transformation.py
[2025-03-23T19:09:59.919+0000] {spark_submit.py:645} INFO - null
[2025-03-23T19:09:59.920+0000] {spark_submit.py:645} INFO - s3://raw/playlist_20250323_190824.json
[2025-03-23T19:09:59.920+0000] {spark_submit.py:645} INFO - Spark config:
[2025-03-23T19:09:59.921+0000] {spark_submit.py:645} INFO - (spark.app.name,arrow-spark)
[2025-03-23T19:09:59.922+0000] {spark_submit.py:645} INFO - (spark.app.submitTime,1742756999889)
[2025-03-23T19:09:59.922+0000] {spark_submit.py:645} INFO - (spark.executor.cores,2)
[2025-03-23T19:09:59.923+0000] {spark_submit.py:645} INFO - (spark.executor.memory,2g)
[2025-03-23T19:09:59.923+0000] {spark_submit.py:645} INFO - (spark.hadoop.fs.gs.impl,org.apache.hadoop.fs.s3a.S3AFileSystem)
[2025-03-23T19:09:59.924+0000] {spark_submit.py:645} INFO - (spark.kerberos.principal,***)
[2025-03-23T19:09:59.925+0000] {spark_submit.py:645} INFO - (spark.master,spark://spark-master:7077:7077)
[2025-03-23T19:09:59.925+0000] {spark_submit.py:645} INFO - (spark.submit.deployMode,client)
[2025-03-23T19:09:59.925+0000] {spark_submit.py:645} INFO - (spark.submit.pyFiles,)
[2025-03-23T19:09:59.926+0000] {spark_submit.py:645} INFO - Classpath elements:
[2025-03-23T19:09:59.926+0000] {spark_submit.py:645} INFO - 
[2025-03-23T19:09:59.927+0000] {spark_submit.py:645} INFO - 
[2025-03-23T19:09:59.927+0000] {spark_submit.py:645} INFO - 
[2025-03-23T19:10:01.508+0000] {spark_submit.py:645} INFO - Traceback (most recent call last):
[2025-03-23T19:10:01.509+0000] {spark_submit.py:645} INFO - File "/spark_job/data_transformation.py", line 2, in <module>
[2025-03-23T19:10:01.512+0000] {spark_submit.py:645} INFO - from code.spotify_transformation import process_artists
[2025-03-23T19:10:01.513+0000] {spark_submit.py:645} INFO - ImportError: cannot import name 'process_artists' from 'code.spotify_transformation' (/spark_job/code/spotify_transformation.py)
[2025-03-23T19:10:01.596+0000] {spark_submit.py:645} INFO - 25/03/23 19:10:01 INFO ShutdownHookManager: Shutdown hook called
[2025-03-23T19:10:01.606+0000] {spark_submit.py:645} INFO - 25/03/23 19:10:01 INFO ShutdownHookManager: Deleting directory /tmp/spark-8d18d0c1-f83e-4539-9863-bb5bb198b396
[2025-03-23T19:10:01.648+0000] {taskinstance.py:441} INFO - ::group::Post task execution logs
[2025-03-23T19:10:01.660+0000] {taskinstance.py:2905} ERROR - Task failed with exception
Traceback (most recent call last):
  File "/home/airflow/.local/lib/python3.11/site-packages/airflow/models/taskinstance.py", line 465, in _execute_task
    result = _execute_callable(context=context, **execute_callable_kwargs)
             ^^^^^^^^^^^^^^^^^^^^^^^^^^^^^^^^^^^^^^^^^^^^^^^^^^^^^^^^^^^^^
  File "/home/airflow/.local/lib/python3.11/site-packages/airflow/models/taskinstance.py", line 432, in _execute_callable
    return execute_callable(context=context, **execute_callable_kwargs)
           ^^^^^^^^^^^^^^^^^^^^^^^^^^^^^^^^^^^^^^^^^^^^^^^^^^^^^^^^^^^^
  File "/home/airflow/.local/lib/python3.11/site-packages/airflow/models/baseoperator.py", line 401, in wrapper
    return func(self, *args, **kwargs)
           ^^^^^^^^^^^^^^^^^^^^^^^^^^^
  File "/home/airflow/.local/lib/python3.11/site-packages/airflow/operators/python.py", line 235, in execute
    return_value = self.execute_callable()
                   ^^^^^^^^^^^^^^^^^^^^^^^
  File "/home/airflow/.local/lib/python3.11/site-packages/airflow/operators/python.py", line 252, in execute_callable
    return self.python_callable(*self.op_args, **self.op_kwargs)
           ^^^^^^^^^^^^^^^^^^^^^^^^^^^^^^^^^^^^^^^^^^^^^^^^^^^^^
  File "/opt/airflow/dags/data_pipeline_dag.py", line 93, in spark_dtransformation
    spark_submit_task.execute(kwargs)
  File "/home/airflow/.local/lib/python3.11/site-packages/airflow/models/baseoperator.py", line 401, in wrapper
    return func(self, *args, **kwargs)
           ^^^^^^^^^^^^^^^^^^^^^^^^^^^
  File "/home/airflow/.local/lib/python3.11/site-packages/airflow/providers/apache/spark/operators/spark_submit.py", line 177, in execute
    self._hook.submit(self.application)
  File "/home/airflow/.local/lib/python3.11/site-packages/airflow/providers/apache/spark/hooks/spark_submit.py", line 567, in submit
    raise AirflowException(
airflow.exceptions.AirflowException: Cannot execute: spark-submit --master spark://spark-master:7077:7077 --conf spark.executor.memory=2g --conf spark.executor.cores=2 --conf spark.hadoop.fs.gs.impl=org.apache.hadoop.fs.s3a.S3AFileSystem --principal *** --name arrow-spark --verbose --deploy-mode client /spark_job/data_transformation.py s3://raw/playlist_20250323_190824.json. Error code is: 1.
[2025-03-23T19:10:01.668+0000] {taskinstance.py:1206} INFO - Marking task as UP_FOR_RETRY. dag_id=spotify_etl_pipeline, task_id=transformation, run_id=scheduled__2025-03-22T00:00:00+00:00, execution_date=20250322T000000, start_date=20250323T190955, end_date=20250323T191001
[2025-03-23T19:10:01.707+0000] {standard_task_runner.py:110} ERROR - Failed to execute job 15 for task transformation (Cannot execute: spark-submit --master spark://spark-master:7077:7077 --conf spark.executor.memory=2g --conf spark.executor.cores=2 --conf spark.hadoop.fs.gs.impl=org.apache.hadoop.fs.s3a.S3AFileSystem --principal *** --name arrow-spark --verbose --deploy-mode client /spark_job/data_transformation.py s3://raw/playlist_20250323_190824.json. Error code is: 1.; 889)
[2025-03-23T19:10:01.774+0000] {local_task_job_runner.py:240} INFO - Task exited with return code 1
[2025-03-23T19:10:01.818+0000] {taskinstance.py:3503} INFO - 0 downstream tasks scheduled from follow-on schedule check
[2025-03-23T19:10:01.850+0000] {local_task_job_runner.py:222} INFO - ::endgroup::
