[2025-03-23T19:18:27.376+0000] {local_task_job_runner.py:120} INFO - ::group::Pre task execution logs
[2025-03-23T19:18:27.433+0000] {taskinstance.py:2076} INFO - Dependencies all met for dep_context=non-requeueable deps ti=<TaskInstance: spotify_etl_pipeline.transformation scheduled__2025-03-22T00:00:00+00:00 [queued]>
[2025-03-23T19:18:27.441+0000] {taskinstance.py:2076} INFO - Dependencies all met for dep_context=requeueable deps ti=<TaskInstance: spotify_etl_pipeline.transformation scheduled__2025-03-22T00:00:00+00:00 [queued]>
[2025-03-23T19:18:27.442+0000] {taskinstance.py:2306} INFO - Starting attempt 8 of 9
[2025-03-23T19:18:27.500+0000] {taskinstance.py:2330} INFO - Executing <Task(PythonOperator): transformation> on 2025-03-22 00:00:00+00:00
[2025-03-23T19:18:27.506+0000] {standard_task_runner.py:63} INFO - Started process 1231 to run task
[2025-03-23T19:18:27.509+0000] {standard_task_runner.py:90} INFO - Running: ['***', 'tasks', 'run', 'spotify_etl_pipeline', 'transformation', 'scheduled__2025-03-22T00:00:00+00:00', '--job-id', '19', '--raw', '--subdir', 'DAGS_FOLDER/data_pipeline_dag.py', '--cfg-path', '/tmp/tmpowomu8_4']
[2025-03-23T19:18:27.512+0000] {standard_task_runner.py:91} INFO - Job 19: Subtask transformation
[2025-03-23T19:18:27.618+0000] {task_command.py:426} INFO - Running <TaskInstance: spotify_etl_pipeline.transformation scheduled__2025-03-22T00:00:00+00:00 [running]> on host ffe4e0703eb1
[2025-03-23T19:18:27.755+0000] {taskinstance.py:2648} INFO - Exporting env vars: AIRFLOW_CTX_DAG_OWNER='lobobranco' AIRFLOW_CTX_DAG_ID='spotify_etl_pipeline' AIRFLOW_CTX_TASK_ID='transformation' AIRFLOW_CTX_EXECUTION_DATE='2025-03-22T00:00:00+00:00' AIRFLOW_CTX_TRY_NUMBER='8' AIRFLOW_CTX_DAG_RUN_ID='scheduled__2025-03-22T00:00:00+00:00'
[2025-03-23T19:18:27.755+0000] {taskinstance.py:430} INFO - ::endgroup::
[2025-03-23T19:18:27.780+0000] {data_pipeline_dag.py:77} INFO - Transforming data from file: s3://raw/playlist_20250323_190824.json
[2025-03-23T19:18:27.781+0000] {baseoperator.py:400} WARNING - SparkSubmitOperator.execute cannot be called outside TaskInstance!
[2025-03-23T19:18:27.793+0000] {base.py:84} INFO - Using connection ID 'spark_default' for task execution.
[2025-03-23T19:18:27.795+0000] {spark_submit.py:328} ERROR - Failed to decode base64 keytab: Incorrect padding
[2025-03-23T19:18:27.796+0000] {spark_submit.py:305} INFO - Could not load connection string spark_default, defaulting to spark://spark-master:7077:7077
[2025-03-23T19:18:27.797+0000] {spark_submit.py:474} INFO - Spark-Submit cmd: spark-submit --master spark://spark-master:7077:7077 --conf spark.executor.memory=2g --conf spark.executor.cores=2 --conf spark.hadoop.fs.gs.impl=org.apache.hadoop.fs.s3a.S3AFileSystem --principal *** --name arrow-spark --verbose --deploy-mode client /spark_job/data_transformation.py s3://raw/playlist_20250323_190824.json
[2025-03-23T19:18:27.881+0000] {spark_submit.py:645} INFO - /home/***/.local/lib/python3.11/site-packages/pyspark/bin/load-spark-env.sh: line 68: ps: command not found
[2025-03-23T19:18:29.561+0000] {spark_submit.py:645} INFO - Using properties file: null
[2025-03-23T19:18:29.736+0000] {spark_submit.py:645} INFO - Parsed arguments:
[2025-03-23T19:18:29.737+0000] {spark_submit.py:645} INFO - master                  spark://spark-master:7077:7077
[2025-03-23T19:18:29.737+0000] {spark_submit.py:645} INFO - remote                  null
[2025-03-23T19:18:29.738+0000] {spark_submit.py:645} INFO - deployMode              client
[2025-03-23T19:18:29.738+0000] {spark_submit.py:645} INFO - executorMemory          2g
[2025-03-23T19:18:29.738+0000] {spark_submit.py:645} INFO - executorCores           2
[2025-03-23T19:18:29.739+0000] {spark_submit.py:645} INFO - totalExecutorCores      null
[2025-03-23T19:18:29.739+0000] {spark_submit.py:645} INFO - propertiesFile          null
[2025-03-23T19:18:29.739+0000] {spark_submit.py:645} INFO - driverMemory            null
[2025-03-23T19:18:29.740+0000] {spark_submit.py:645} INFO - driverCores             null
[2025-03-23T19:18:29.740+0000] {spark_submit.py:645} INFO - driverExtraClassPath    null
[2025-03-23T19:18:29.740+0000] {spark_submit.py:645} INFO - driverExtraLibraryPath  null
[2025-03-23T19:18:29.741+0000] {spark_submit.py:645} INFO - driverExtraJavaOptions  null
[2025-03-23T19:18:29.741+0000] {spark_submit.py:645} INFO - supervise               false
[2025-03-23T19:18:29.741+0000] {spark_submit.py:645} INFO - queue                   null
[2025-03-23T19:18:29.742+0000] {spark_submit.py:645} INFO - numExecutors            null
[2025-03-23T19:18:29.742+0000] {spark_submit.py:645} INFO - files                   null
[2025-03-23T19:18:29.742+0000] {spark_submit.py:645} INFO - pyFiles                 null
[2025-03-23T19:18:29.743+0000] {spark_submit.py:645} INFO - archives                null
[2025-03-23T19:18:29.743+0000] {spark_submit.py:645} INFO - mainClass               null
[2025-03-23T19:18:29.743+0000] {spark_submit.py:645} INFO - primaryResource         file:/spark_job/data_transformation.py
[2025-03-23T19:18:29.743+0000] {spark_submit.py:645} INFO - name                    arrow-spark
[2025-03-23T19:18:29.744+0000] {spark_submit.py:645} INFO - childArgs               [s3://raw/playlist_20250323_190824.json]
[2025-03-23T19:18:29.744+0000] {spark_submit.py:645} INFO - jars                    null
[2025-03-23T19:18:29.744+0000] {spark_submit.py:645} INFO - packages                null
[2025-03-23T19:18:29.745+0000] {spark_submit.py:645} INFO - packagesExclusions      null
[2025-03-23T19:18:29.745+0000] {spark_submit.py:645} INFO - repositories            null
[2025-03-23T19:18:29.746+0000] {spark_submit.py:645} INFO - verbose                 true
[2025-03-23T19:18:29.747+0000] {spark_submit.py:645} INFO - 
[2025-03-23T19:18:29.748+0000] {spark_submit.py:645} INFO - Spark properties used, including those specified through
[2025-03-23T19:18:29.748+0000] {spark_submit.py:645} INFO - --conf and those from the properties file null:
[2025-03-23T19:18:29.749+0000] {spark_submit.py:645} INFO - (spark.executor.cores,2)
[2025-03-23T19:18:29.749+0000] {spark_submit.py:645} INFO - (spark.executor.memory,2g)
[2025-03-23T19:18:29.749+0000] {spark_submit.py:645} INFO - (spark.hadoop.fs.gs.impl,org.apache.hadoop.fs.s3a.S3AFileSystem)
[2025-03-23T19:18:29.750+0000] {spark_submit.py:645} INFO - 
[2025-03-23T19:18:29.750+0000] {spark_submit.py:645} INFO - 
[2025-03-23T19:18:30.053+0000] {spark_submit.py:645} INFO - Main class:
[2025-03-23T19:18:30.054+0000] {spark_submit.py:645} INFO - org.apache.spark.deploy.PythonRunner
[2025-03-23T19:18:30.055+0000] {spark_submit.py:645} INFO - Arguments:
[2025-03-23T19:18:30.055+0000] {spark_submit.py:645} INFO - file:/spark_job/data_transformation.py
[2025-03-23T19:18:30.055+0000] {spark_submit.py:645} INFO - null
[2025-03-23T19:18:30.056+0000] {spark_submit.py:645} INFO - s3://raw/playlist_20250323_190824.json
[2025-03-23T19:18:30.058+0000] {spark_submit.py:645} INFO - Spark config:
[2025-03-23T19:18:30.059+0000] {spark_submit.py:645} INFO - (spark.app.name,arrow-spark)
[2025-03-23T19:18:30.059+0000] {spark_submit.py:645} INFO - (spark.app.submitTime,1742757510033)
[2025-03-23T19:18:30.060+0000] {spark_submit.py:645} INFO - (spark.executor.cores,2)
[2025-03-23T19:18:30.060+0000] {spark_submit.py:645} INFO - (spark.executor.memory,2g)
[2025-03-23T19:18:30.061+0000] {spark_submit.py:645} INFO - (spark.hadoop.fs.gs.impl,org.apache.hadoop.fs.s3a.S3AFileSystem)
[2025-03-23T19:18:30.061+0000] {spark_submit.py:645} INFO - (spark.kerberos.principal,***)
[2025-03-23T19:18:30.062+0000] {spark_submit.py:645} INFO - (spark.master,spark://spark-master:7077:7077)
[2025-03-23T19:18:30.064+0000] {spark_submit.py:645} INFO - (spark.submit.deployMode,client)
[2025-03-23T19:18:30.065+0000] {spark_submit.py:645} INFO - (spark.submit.pyFiles,)
[2025-03-23T19:18:30.065+0000] {spark_submit.py:645} INFO - Classpath elements:
[2025-03-23T19:18:30.066+0000] {spark_submit.py:645} INFO - 
[2025-03-23T19:18:30.066+0000] {spark_submit.py:645} INFO - 
[2025-03-23T19:18:30.066+0000] {spark_submit.py:645} INFO - 
[2025-03-23T19:18:31.764+0000] {spark_submit.py:645} INFO - 25/03/23 19:18:31 INFO SparkContext: Running Spark version 3.5.5
[2025-03-23T19:18:31.768+0000] {spark_submit.py:645} INFO - 25/03/23 19:18:31 INFO SparkContext: OS info Linux, 5.15.153.1-microsoft-standard-WSL2, amd64
[2025-03-23T19:18:31.769+0000] {spark_submit.py:645} INFO - 25/03/23 19:18:31 INFO SparkContext: Java version 17.0.14
[2025-03-23T19:18:32.145+0000] {spark_submit.py:645} INFO - 25/03/23 19:18:32 WARN NativeCodeLoader: Unable to load native-hadoop library for your platform... using builtin-java classes where applicable
[2025-03-23T19:18:32.790+0000] {spark_submit.py:645} INFO - 25/03/23 19:18:32 INFO ResourceUtils: ==============================================================
[2025-03-23T19:18:32.792+0000] {spark_submit.py:645} INFO - 25/03/23 19:18:32 INFO ResourceUtils: No custom resources configured for spark.driver.
[2025-03-23T19:18:32.793+0000] {spark_submit.py:645} INFO - 25/03/23 19:18:32 INFO ResourceUtils: ==============================================================
[2025-03-23T19:18:32.794+0000] {spark_submit.py:645} INFO - 25/03/23 19:18:32 INFO SparkContext: Submitted application: Minio Integration with PySpark
[2025-03-23T19:18:32.846+0000] {spark_submit.py:645} INFO - 25/03/23 19:18:32 INFO ResourceProfile: Default ResourceProfile created, executor resources: Map(cores -> name: cores, amount: 2, script: , vendor: , memory -> name: memory, amount: 2048, script: , vendor: , offHeap -> name: offHeap, amount: 0, script: , vendor: ), task resources: Map(cpus -> name: cpus, amount: 1.0)
[2025-03-23T19:18:32.864+0000] {spark_submit.py:645} INFO - 25/03/23 19:18:32 INFO ResourceProfile: Limiting resource is cpus at 2 tasks per executor
[2025-03-23T19:18:32.869+0000] {spark_submit.py:645} INFO - 25/03/23 19:18:32 INFO ResourceProfileManager: Added ResourceProfile id: 0
[2025-03-23T19:18:33.033+0000] {spark_submit.py:645} INFO - 25/03/23 19:18:33 INFO SecurityManager: Changing view acls to: ***
[2025-03-23T19:18:33.034+0000] {spark_submit.py:645} INFO - 25/03/23 19:18:33 INFO SecurityManager: Changing modify acls to: ***
[2025-03-23T19:18:33.035+0000] {spark_submit.py:645} INFO - 25/03/23 19:18:33 INFO SecurityManager: Changing view acls groups to:
[2025-03-23T19:18:33.035+0000] {spark_submit.py:645} INFO - 25/03/23 19:18:33 INFO SecurityManager: Changing modify acls groups to:
[2025-03-23T19:18:33.036+0000] {spark_submit.py:645} INFO - 25/03/23 19:18:33 INFO SecurityManager: SecurityManager: authentication disabled; ui acls disabled; users with view permissions: ***; groups with view permissions: EMPTY; users with modify permissions: ***; groups with modify permissions: EMPTY
[2025-03-23T19:18:34.509+0000] {spark_submit.py:645} INFO - 25/03/23 19:18:34 INFO Utils: Successfully started service 'sparkDriver' on port 36225.
[2025-03-23T19:18:34.660+0000] {spark_submit.py:645} INFO - 25/03/23 19:18:34 INFO SparkEnv: Registering MapOutputTracker
[2025-03-23T19:18:34.765+0000] {spark_submit.py:645} INFO - 25/03/23 19:18:34 INFO SparkEnv: Registering BlockManagerMaster
[2025-03-23T19:18:34.807+0000] {spark_submit.py:645} INFO - 25/03/23 19:18:34 INFO BlockManagerMasterEndpoint: Using org.apache.spark.storage.DefaultTopologyMapper for getting topology information
[2025-03-23T19:18:34.808+0000] {spark_submit.py:645} INFO - 25/03/23 19:18:34 INFO BlockManagerMasterEndpoint: BlockManagerMasterEndpoint up
[2025-03-23T19:18:34.842+0000] {spark_submit.py:645} INFO - 25/03/23 19:18:34 INFO SparkEnv: Registering BlockManagerMasterHeartbeat
[2025-03-23T19:18:34.928+0000] {spark_submit.py:645} INFO - 25/03/23 19:18:34 INFO DiskBlockManager: Created local directory at /tmp/blockmgr-b3978d0e-e2df-40ca-a8ca-05645377012d
[2025-03-23T19:18:34.956+0000] {spark_submit.py:645} INFO - 25/03/23 19:18:34 INFO MemoryStore: MemoryStore started with capacity 434.4 MiB
[2025-03-23T19:18:35.009+0000] {spark_submit.py:645} INFO - 25/03/23 19:18:35 INFO SparkEnv: Registering OutputCommitCoordinator
[2025-03-23T19:18:35.431+0000] {spark_submit.py:645} INFO - 25/03/23 19:18:35 INFO JettyUtils: Start Jetty 0.0.0.0:4040 for SparkUI
[2025-03-23T19:18:35.528+0000] {spark_submit.py:645} INFO - 25/03/23 19:18:35 INFO Utils: Successfully started service 'SparkUI' on port 4040.
[2025-03-23T19:18:35.835+0000] {spark_submit.py:645} INFO - 25/03/23 19:18:35 INFO StandaloneAppClient$ClientEndpoint: Connecting to master spark://spark-master:7077...
[2025-03-23T19:18:39.296+0000] {spark_submit.py:645} INFO - 25/03/23 19:18:39 WARN TransportClientFactory: DNS resolution failed for spark-master/<unresolved>:7077 took 3380 ms
[2025-03-23T19:18:39.428+0000] {spark_submit.py:645} INFO - 25/03/23 19:18:39 WARN StandaloneAppClient$ClientEndpoint: Failed to connect to master spark-master:7077
[2025-03-23T19:18:39.429+0000] {spark_submit.py:645} INFO - org.apache.spark.SparkException: Exception thrown in awaitResult:
[2025-03-23T19:18:39.430+0000] {spark_submit.py:645} INFO - at org.apache.spark.util.SparkThreadUtils$.awaitResult(SparkThreadUtils.scala:56)
[2025-03-23T19:18:39.430+0000] {spark_submit.py:645} INFO - at org.apache.spark.util.ThreadUtils$.awaitResult(ThreadUtils.scala:310)
[2025-03-23T19:18:39.430+0000] {spark_submit.py:645} INFO - at org.apache.spark.rpc.RpcTimeout.awaitResult(RpcTimeout.scala:75)
[2025-03-23T19:18:39.431+0000] {spark_submit.py:645} INFO - at org.apache.spark.rpc.RpcEnv.setupEndpointRefByURI(RpcEnv.scala:102)
[2025-03-23T19:18:39.431+0000] {spark_submit.py:645} INFO - at org.apache.spark.rpc.RpcEnv.setupEndpointRef(RpcEnv.scala:110)
[2025-03-23T19:18:39.431+0000] {spark_submit.py:645} INFO - at org.apache.spark.deploy.client.StandaloneAppClient$ClientEndpoint$$anon$1.run(StandaloneAppClient.scala:108)
[2025-03-23T19:18:39.431+0000] {spark_submit.py:645} INFO - at java.base/java.util.concurrent.Executors$RunnableAdapter.call(Executors.java:539)
[2025-03-23T19:18:39.432+0000] {spark_submit.py:645} INFO - at java.base/java.util.concurrent.FutureTask.run(FutureTask.java:264)
[2025-03-23T19:18:39.432+0000] {spark_submit.py:645} INFO - at java.base/java.util.concurrent.ThreadPoolExecutor.runWorker(ThreadPoolExecutor.java:1136)
[2025-03-23T19:18:39.432+0000] {spark_submit.py:645} INFO - at java.base/java.util.concurrent.ThreadPoolExecutor$Worker.run(ThreadPoolExecutor.java:635)
[2025-03-23T19:18:39.432+0000] {spark_submit.py:645} INFO - at java.base/java.lang.Thread.run(Thread.java:840)
[2025-03-23T19:18:39.433+0000] {spark_submit.py:645} INFO - Caused by: java.io.IOException: Failed to connect to spark-master/<unresolved>:7077
[2025-03-23T19:18:39.433+0000] {spark_submit.py:645} INFO - at org.apache.spark.network.client.TransportClientFactory.createClient(TransportClientFactory.java:294)
[2025-03-23T19:18:39.433+0000] {spark_submit.py:645} INFO - at org.apache.spark.network.client.TransportClientFactory.createClient(TransportClientFactory.java:214)
[2025-03-23T19:18:39.433+0000] {spark_submit.py:645} INFO - at org.apache.spark.network.client.TransportClientFactory.createClient(TransportClientFactory.java:226)
[2025-03-23T19:18:39.434+0000] {spark_submit.py:645} INFO - at org.apache.spark.rpc.netty.NettyRpcEnv.createClient(NettyRpcEnv.scala:204)
[2025-03-23T19:18:39.434+0000] {spark_submit.py:645} INFO - at org.apache.spark.rpc.netty.Outbox$$anon$1.call(Outbox.scala:202)
[2025-03-23T19:18:39.434+0000] {spark_submit.py:645} INFO - at org.apache.spark.rpc.netty.Outbox$$anon$1.call(Outbox.scala:198)
[2025-03-23T19:18:39.434+0000] {spark_submit.py:645} INFO - ... 4 more
[2025-03-23T19:18:39.435+0000] {spark_submit.py:645} INFO - Caused by: java.net.UnknownHostException: spark-master
[2025-03-23T19:18:39.435+0000] {spark_submit.py:645} INFO - at java.base/java.net.InetAddress$CachedAddresses.get(InetAddress.java:801)
[2025-03-23T19:18:39.435+0000] {spark_submit.py:645} INFO - at java.base/java.net.InetAddress.getAllByName0(InetAddress.java:1533)
[2025-03-23T19:18:39.435+0000] {spark_submit.py:645} INFO - at java.base/java.net.InetAddress.getAllByName(InetAddress.java:1385)
[2025-03-23T19:18:39.436+0000] {spark_submit.py:645} INFO - at java.base/java.net.InetAddress.getAllByName(InetAddress.java:1306)
[2025-03-23T19:18:39.436+0000] {spark_submit.py:645} INFO - at java.base/java.net.InetAddress.getByName(InetAddress.java:1256)
[2025-03-23T19:18:39.436+0000] {spark_submit.py:645} INFO - at io.netty.util.internal.SocketUtils$8.run(SocketUtils.java:156)
[2025-03-23T19:18:39.437+0000] {spark_submit.py:645} INFO - at io.netty.util.internal.SocketUtils$8.run(SocketUtils.java:153)
[2025-03-23T19:18:39.437+0000] {spark_submit.py:645} INFO - at java.base/java.security.AccessController.doPrivileged(AccessController.java:569)
[2025-03-23T19:18:39.437+0000] {spark_submit.py:645} INFO - at io.netty.util.internal.SocketUtils.addressByName(SocketUtils.java:153)
[2025-03-23T19:18:39.438+0000] {spark_submit.py:645} INFO - at io.netty.resolver.DefaultNameResolver.doResolve(DefaultNameResolver.java:41)
[2025-03-23T19:18:39.438+0000] {spark_submit.py:645} INFO - at io.netty.resolver.SimpleNameResolver.resolve(SimpleNameResolver.java:61)
[2025-03-23T19:18:39.438+0000] {spark_submit.py:645} INFO - at io.netty.resolver.SimpleNameResolver.resolve(SimpleNameResolver.java:53)
[2025-03-23T19:18:39.439+0000] {spark_submit.py:645} INFO - at io.netty.resolver.InetSocketAddressResolver.doResolve(InetSocketAddressResolver.java:55)
[2025-03-23T19:18:39.439+0000] {spark_submit.py:645} INFO - at io.netty.resolver.InetSocketAddressResolver.doResolve(InetSocketAddressResolver.java:31)
[2025-03-23T19:18:39.439+0000] {spark_submit.py:645} INFO - at io.netty.resolver.AbstractAddressResolver.resolve(AbstractAddressResolver.java:106)
[2025-03-23T19:18:39.439+0000] {spark_submit.py:645} INFO - at io.netty.bootstrap.Bootstrap.doResolveAndConnect0(Bootstrap.java:220)
[2025-03-23T19:18:39.440+0000] {spark_submit.py:645} INFO - at io.netty.bootstrap.Bootstrap.access$000(Bootstrap.java:46)
[2025-03-23T19:18:39.440+0000] {spark_submit.py:645} INFO - at io.netty.bootstrap.Bootstrap$1.operationComplete(Bootstrap.java:189)
[2025-03-23T19:18:39.440+0000] {spark_submit.py:645} INFO - at io.netty.bootstrap.Bootstrap$1.operationComplete(Bootstrap.java:175)
[2025-03-23T19:18:39.441+0000] {spark_submit.py:645} INFO - at io.netty.util.concurrent.DefaultPromise.notifyListener0(DefaultPromise.java:590)
[2025-03-23T19:18:39.441+0000] {spark_submit.py:645} INFO - at io.netty.util.concurrent.DefaultPromise.notifyListenersNow(DefaultPromise.java:557)
[2025-03-23T19:18:39.441+0000] {spark_submit.py:645} INFO - at io.netty.util.concurrent.DefaultPromise.notifyListeners(DefaultPromise.java:492)
[2025-03-23T19:18:39.441+0000] {spark_submit.py:645} INFO - at io.netty.util.concurrent.DefaultPromise.setValue0(DefaultPromise.java:636)
[2025-03-23T19:18:39.442+0000] {spark_submit.py:645} INFO - at io.netty.util.concurrent.DefaultPromise.setSuccess0(DefaultPromise.java:625)
[2025-03-23T19:18:39.442+0000] {spark_submit.py:645} INFO - at io.netty.util.concurrent.DefaultPromise.trySuccess(DefaultPromise.java:105)
[2025-03-23T19:18:39.442+0000] {spark_submit.py:645} INFO - at io.netty.channel.DefaultChannelPromise.trySuccess(DefaultChannelPromise.java:84)
[2025-03-23T19:18:39.442+0000] {spark_submit.py:645} INFO - at io.netty.channel.AbstractChannel$AbstractUnsafe.safeSetSuccess(AbstractChannel.java:990)
[2025-03-23T19:18:39.443+0000] {spark_submit.py:645} INFO - at io.netty.channel.AbstractChannel$AbstractUnsafe.register0(AbstractChannel.java:516)
[2025-03-23T19:18:39.443+0000] {spark_submit.py:645} INFO - at io.netty.channel.AbstractChannel$AbstractUnsafe.access$200(AbstractChannel.java:429)
[2025-03-23T19:18:39.444+0000] {spark_submit.py:645} INFO - at io.netty.channel.AbstractChannel$AbstractUnsafe$1.run(AbstractChannel.java:486)
[2025-03-23T19:18:39.444+0000] {spark_submit.py:645} INFO - at io.netty.util.concurrent.AbstractEventExecutor.runTask(AbstractEventExecutor.java:174)
[2025-03-23T19:18:39.444+0000] {spark_submit.py:645} INFO - at io.netty.util.concurrent.AbstractEventExecutor.safeExecute(AbstractEventExecutor.java:167)
[2025-03-23T19:18:39.445+0000] {spark_submit.py:645} INFO - at io.netty.util.concurrent.SingleThreadEventExecutor.runAllTasks(SingleThreadEventExecutor.java:470)
[2025-03-23T19:18:39.445+0000] {spark_submit.py:645} INFO - at io.netty.channel.nio.NioEventLoop.run(NioEventLoop.java:569)
[2025-03-23T19:18:39.445+0000] {spark_submit.py:645} INFO - at io.netty.util.concurrent.SingleThreadEventExecutor$4.run(SingleThreadEventExecutor.java:997)
[2025-03-23T19:18:39.446+0000] {spark_submit.py:645} INFO - at io.netty.util.internal.ThreadExecutorMap$2.run(ThreadExecutorMap.java:74)
[2025-03-23T19:18:39.446+0000] {spark_submit.py:645} INFO - at io.netty.util.concurrent.FastThreadLocalRunnable.run(FastThreadLocalRunnable.java:30)
[2025-03-23T19:18:39.446+0000] {spark_submit.py:645} INFO - ... 1 more
[2025-03-23T19:18:55.835+0000] {spark_submit.py:645} INFO - 25/03/23 19:18:55 INFO StandaloneAppClient$ClientEndpoint: Connecting to master spark://spark-master:7077...
[2025-03-23T19:18:59.165+0000] {spark_submit.py:645} INFO - 25/03/23 19:18:59 WARN TransportClientFactory: DNS resolution failed for spark-master/<unresolved>:7077 took 3328 ms
[2025-03-23T19:18:59.170+0000] {spark_submit.py:645} INFO - 25/03/23 19:18:59 WARN StandaloneAppClient$ClientEndpoint: Failed to connect to master spark-master:7077
[2025-03-23T19:18:59.170+0000] {spark_submit.py:645} INFO - org.apache.spark.SparkException: Exception thrown in awaitResult:
[2025-03-23T19:18:59.171+0000] {spark_submit.py:645} INFO - at org.apache.spark.util.SparkThreadUtils$.awaitResult(SparkThreadUtils.scala:56)
[2025-03-23T19:18:59.171+0000] {spark_submit.py:645} INFO - at org.apache.spark.util.ThreadUtils$.awaitResult(ThreadUtils.scala:310)
[2025-03-23T19:18:59.172+0000] {spark_submit.py:645} INFO - at org.apache.spark.rpc.RpcTimeout.awaitResult(RpcTimeout.scala:75)
[2025-03-23T19:18:59.172+0000] {spark_submit.py:645} INFO - at org.apache.spark.rpc.RpcEnv.setupEndpointRefByURI(RpcEnv.scala:102)
[2025-03-23T19:18:59.173+0000] {spark_submit.py:645} INFO - at org.apache.spark.rpc.RpcEnv.setupEndpointRef(RpcEnv.scala:110)
[2025-03-23T19:18:59.173+0000] {spark_submit.py:645} INFO - at org.apache.spark.deploy.client.StandaloneAppClient$ClientEndpoint$$anon$1.run(StandaloneAppClient.scala:108)
[2025-03-23T19:18:59.174+0000] {spark_submit.py:645} INFO - at java.base/java.util.concurrent.Executors$RunnableAdapter.call(Executors.java:539)
[2025-03-23T19:18:59.174+0000] {spark_submit.py:645} INFO - at java.base/java.util.concurrent.FutureTask.run(FutureTask.java:264)
[2025-03-23T19:18:59.174+0000] {spark_submit.py:645} INFO - at java.base/java.util.concurrent.ThreadPoolExecutor.runWorker(ThreadPoolExecutor.java:1136)
[2025-03-23T19:18:59.175+0000] {spark_submit.py:645} INFO - at java.base/java.util.concurrent.ThreadPoolExecutor$Worker.run(ThreadPoolExecutor.java:635)
[2025-03-23T19:18:59.175+0000] {spark_submit.py:645} INFO - at java.base/java.lang.Thread.run(Thread.java:840)
[2025-03-23T19:18:59.176+0000] {spark_submit.py:645} INFO - Caused by: java.io.IOException: Failed to connect to spark-master/<unresolved>:7077
[2025-03-23T19:18:59.176+0000] {spark_submit.py:645} INFO - at org.apache.spark.network.client.TransportClientFactory.createClient(TransportClientFactory.java:294)
[2025-03-23T19:18:59.176+0000] {spark_submit.py:645} INFO - at org.apache.spark.network.client.TransportClientFactory.createClient(TransportClientFactory.java:214)
[2025-03-23T19:18:59.177+0000] {spark_submit.py:645} INFO - at org.apache.spark.network.client.TransportClientFactory.createClient(TransportClientFactory.java:226)
[2025-03-23T19:18:59.177+0000] {spark_submit.py:645} INFO - at org.apache.spark.rpc.netty.NettyRpcEnv.createClient(NettyRpcEnv.scala:204)
[2025-03-23T19:18:59.177+0000] {spark_submit.py:645} INFO - at org.apache.spark.rpc.netty.Outbox$$anon$1.call(Outbox.scala:202)
[2025-03-23T19:18:59.178+0000] {spark_submit.py:645} INFO - at org.apache.spark.rpc.netty.Outbox$$anon$1.call(Outbox.scala:198)
[2025-03-23T19:18:59.178+0000] {spark_submit.py:645} INFO - ... 4 more
[2025-03-23T19:18:59.178+0000] {spark_submit.py:645} INFO - Caused by: java.net.UnknownHostException: spark-master
[2025-03-23T19:18:59.179+0000] {spark_submit.py:645} INFO - at java.base/java.net.InetAddress$CachedAddresses.get(InetAddress.java:801)
[2025-03-23T19:18:59.179+0000] {spark_submit.py:645} INFO - at java.base/java.net.InetAddress.getAllByName0(InetAddress.java:1533)
[2025-03-23T19:18:59.179+0000] {spark_submit.py:645} INFO - at java.base/java.net.InetAddress.getAllByName(InetAddress.java:1385)
[2025-03-23T19:18:59.180+0000] {spark_submit.py:645} INFO - at java.base/java.net.InetAddress.getAllByName(InetAddress.java:1306)
[2025-03-23T19:18:59.180+0000] {spark_submit.py:645} INFO - at java.base/java.net.InetAddress.getByName(InetAddress.java:1256)
[2025-03-23T19:18:59.180+0000] {spark_submit.py:645} INFO - at io.netty.util.internal.SocketUtils$8.run(SocketUtils.java:156)
[2025-03-23T19:18:59.181+0000] {spark_submit.py:645} INFO - at io.netty.util.internal.SocketUtils$8.run(SocketUtils.java:153)
[2025-03-23T19:18:59.181+0000] {spark_submit.py:645} INFO - at java.base/java.security.AccessController.doPrivileged(AccessController.java:569)
[2025-03-23T19:18:59.181+0000] {spark_submit.py:645} INFO - at io.netty.util.internal.SocketUtils.addressByName(SocketUtils.java:153)
[2025-03-23T19:18:59.182+0000] {spark_submit.py:645} INFO - at io.netty.resolver.DefaultNameResolver.doResolve(DefaultNameResolver.java:41)
[2025-03-23T19:18:59.182+0000] {spark_submit.py:645} INFO - at io.netty.resolver.SimpleNameResolver.resolve(SimpleNameResolver.java:61)
[2025-03-23T19:18:59.182+0000] {spark_submit.py:645} INFO - at io.netty.resolver.SimpleNameResolver.resolve(SimpleNameResolver.java:53)
[2025-03-23T19:18:59.183+0000] {spark_submit.py:645} INFO - at io.netty.resolver.InetSocketAddressResolver.doResolve(InetSocketAddressResolver.java:55)
[2025-03-23T19:18:59.183+0000] {spark_submit.py:645} INFO - at io.netty.resolver.InetSocketAddressResolver.doResolve(InetSocketAddressResolver.java:31)
[2025-03-23T19:18:59.183+0000] {spark_submit.py:645} INFO - at io.netty.resolver.AbstractAddressResolver.resolve(AbstractAddressResolver.java:106)
[2025-03-23T19:18:59.184+0000] {spark_submit.py:645} INFO - at io.netty.bootstrap.Bootstrap.doResolveAndConnect0(Bootstrap.java:220)
[2025-03-23T19:18:59.184+0000] {spark_submit.py:645} INFO - at io.netty.bootstrap.Bootstrap.access$000(Bootstrap.java:46)
[2025-03-23T19:18:59.184+0000] {spark_submit.py:645} INFO - at io.netty.bootstrap.Bootstrap$1.operationComplete(Bootstrap.java:189)
[2025-03-23T19:18:59.185+0000] {spark_submit.py:645} INFO - at io.netty.bootstrap.Bootstrap$1.operationComplete(Bootstrap.java:175)
[2025-03-23T19:18:59.185+0000] {spark_submit.py:645} INFO - at io.netty.util.concurrent.DefaultPromise.notifyListener0(DefaultPromise.java:590)
[2025-03-23T19:18:59.185+0000] {spark_submit.py:645} INFO - at io.netty.util.concurrent.DefaultPromise.notifyListenersNow(DefaultPromise.java:557)
[2025-03-23T19:18:59.185+0000] {spark_submit.py:645} INFO - at io.netty.util.concurrent.DefaultPromise.notifyListeners(DefaultPromise.java:492)
[2025-03-23T19:18:59.186+0000] {spark_submit.py:645} INFO - at io.netty.util.concurrent.DefaultPromise.setValue0(DefaultPromise.java:636)
[2025-03-23T19:18:59.186+0000] {spark_submit.py:645} INFO - at io.netty.util.concurrent.DefaultPromise.setSuccess0(DefaultPromise.java:625)
[2025-03-23T19:18:59.186+0000] {spark_submit.py:645} INFO - at io.netty.util.concurrent.DefaultPromise.trySuccess(DefaultPromise.java:105)
[2025-03-23T19:18:59.187+0000] {spark_submit.py:645} INFO - at io.netty.channel.DefaultChannelPromise.trySuccess(DefaultChannelPromise.java:84)
[2025-03-23T19:18:59.187+0000] {spark_submit.py:645} INFO - at io.netty.channel.AbstractChannel$AbstractUnsafe.safeSetSuccess(AbstractChannel.java:990)
[2025-03-23T19:18:59.187+0000] {spark_submit.py:645} INFO - at io.netty.channel.AbstractChannel$AbstractUnsafe.register0(AbstractChannel.java:516)
[2025-03-23T19:18:59.188+0000] {spark_submit.py:645} INFO - at io.netty.channel.AbstractChannel$AbstractUnsafe.access$200(AbstractChannel.java:429)
[2025-03-23T19:18:59.188+0000] {spark_submit.py:645} INFO - at io.netty.channel.AbstractChannel$AbstractUnsafe$1.run(AbstractChannel.java:486)
[2025-03-23T19:18:59.188+0000] {spark_submit.py:645} INFO - at io.netty.util.concurrent.AbstractEventExecutor.runTask(AbstractEventExecutor.java:174)
[2025-03-23T19:18:59.189+0000] {spark_submit.py:645} INFO - at io.netty.util.concurrent.AbstractEventExecutor.safeExecute(AbstractEventExecutor.java:167)
[2025-03-23T19:18:59.189+0000] {spark_submit.py:645} INFO - at io.netty.util.concurrent.SingleThreadEventExecutor.runAllTasks(SingleThreadEventExecutor.java:470)
[2025-03-23T19:18:59.189+0000] {spark_submit.py:645} INFO - at io.netty.channel.nio.NioEventLoop.run(NioEventLoop.java:569)
[2025-03-23T19:18:59.190+0000] {spark_submit.py:645} INFO - at io.netty.util.concurrent.SingleThreadEventExecutor$4.run(SingleThreadEventExecutor.java:997)
[2025-03-23T19:18:59.190+0000] {spark_submit.py:645} INFO - at io.netty.util.internal.ThreadExecutorMap$2.run(ThreadExecutorMap.java:74)
[2025-03-23T19:18:59.191+0000] {spark_submit.py:645} INFO - at io.netty.util.concurrent.FastThreadLocalRunnable.run(FastThreadLocalRunnable.java:30)
[2025-03-23T19:18:59.191+0000] {spark_submit.py:645} INFO - ... 1 more
[2025-03-23T19:19:15.834+0000] {spark_submit.py:645} INFO - 25/03/23 19:19:15 INFO StandaloneAppClient$ClientEndpoint: Connecting to master spark://spark-master:7077...
[2025-03-23T19:19:19.163+0000] {spark_submit.py:645} INFO - 25/03/23 19:19:19 WARN TransportClientFactory: DNS resolution failed for spark-master/<unresolved>:7077 took 3327 ms
[2025-03-23T19:19:19.166+0000] {spark_submit.py:645} INFO - 25/03/23 19:19:19 WARN StandaloneAppClient$ClientEndpoint: Failed to connect to master spark-master:7077
[2025-03-23T19:19:19.166+0000] {spark_submit.py:645} INFO - org.apache.spark.SparkException: Exception thrown in awaitResult:
[2025-03-23T19:19:19.167+0000] {spark_submit.py:645} INFO - at org.apache.spark.util.SparkThreadUtils$.awaitResult(SparkThreadUtils.scala:56)
[2025-03-23T19:19:19.167+0000] {spark_submit.py:645} INFO - at org.apache.spark.util.ThreadUtils$.awaitResult(ThreadUtils.scala:310)
[2025-03-23T19:19:19.167+0000] {spark_submit.py:645} INFO - at org.apache.spark.rpc.RpcTimeout.awaitResult(RpcTimeout.scala:75)
[2025-03-23T19:19:19.168+0000] {spark_submit.py:645} INFO - at org.apache.spark.rpc.RpcEnv.setupEndpointRefByURI(RpcEnv.scala:102)
[2025-03-23T19:19:19.168+0000] {spark_submit.py:645} INFO - at org.apache.spark.rpc.RpcEnv.setupEndpointRef(RpcEnv.scala:110)
[2025-03-23T19:19:19.168+0000] {spark_submit.py:645} INFO - at org.apache.spark.deploy.client.StandaloneAppClient$ClientEndpoint$$anon$1.run(StandaloneAppClient.scala:108)
[2025-03-23T19:19:19.169+0000] {spark_submit.py:645} INFO - at java.base/java.util.concurrent.Executors$RunnableAdapter.call(Executors.java:539)
[2025-03-23T19:19:19.169+0000] {spark_submit.py:645} INFO - at java.base/java.util.concurrent.FutureTask.run(FutureTask.java:264)
[2025-03-23T19:19:19.169+0000] {spark_submit.py:645} INFO - at java.base/java.util.concurrent.ThreadPoolExecutor.runWorker(ThreadPoolExecutor.java:1136)
[2025-03-23T19:19:19.170+0000] {spark_submit.py:645} INFO - at java.base/java.util.concurrent.ThreadPoolExecutor$Worker.run(ThreadPoolExecutor.java:635)
[2025-03-23T19:19:19.170+0000] {spark_submit.py:645} INFO - at java.base/java.lang.Thread.run(Thread.java:840)
[2025-03-23T19:19:19.170+0000] {spark_submit.py:645} INFO - Caused by: java.io.IOException: Failed to connect to spark-master/<unresolved>:7077
[2025-03-23T19:19:19.171+0000] {spark_submit.py:645} INFO - at org.apache.spark.network.client.TransportClientFactory.createClient(TransportClientFactory.java:294)
[2025-03-23T19:19:19.171+0000] {spark_submit.py:645} INFO - at org.apache.spark.network.client.TransportClientFactory.createClient(TransportClientFactory.java:214)
[2025-03-23T19:19:19.171+0000] {spark_submit.py:645} INFO - at org.apache.spark.network.client.TransportClientFactory.createClient(TransportClientFactory.java:226)
[2025-03-23T19:19:19.171+0000] {spark_submit.py:645} INFO - at org.apache.spark.rpc.netty.NettyRpcEnv.createClient(NettyRpcEnv.scala:204)
[2025-03-23T19:19:19.172+0000] {spark_submit.py:645} INFO - at org.apache.spark.rpc.netty.Outbox$$anon$1.call(Outbox.scala:202)
[2025-03-23T19:19:19.172+0000] {spark_submit.py:645} INFO - at org.apache.spark.rpc.netty.Outbox$$anon$1.call(Outbox.scala:198)
[2025-03-23T19:19:19.173+0000] {spark_submit.py:645} INFO - ... 4 more
[2025-03-23T19:19:19.173+0000] {spark_submit.py:645} INFO - Caused by: java.net.UnknownHostException: spark-master
[2025-03-23T19:19:19.173+0000] {spark_submit.py:645} INFO - at java.base/java.net.InetAddress$CachedAddresses.get(InetAddress.java:801)
[2025-03-23T19:19:19.173+0000] {spark_submit.py:645} INFO - at java.base/java.net.InetAddress.getAllByName0(InetAddress.java:1533)
[2025-03-23T19:19:19.174+0000] {spark_submit.py:645} INFO - at java.base/java.net.InetAddress.getAllByName(InetAddress.java:1385)
[2025-03-23T19:19:19.174+0000] {spark_submit.py:645} INFO - at java.base/java.net.InetAddress.getAllByName(InetAddress.java:1306)
[2025-03-23T19:19:19.174+0000] {spark_submit.py:645} INFO - at java.base/java.net.InetAddress.getByName(InetAddress.java:1256)
[2025-03-23T19:19:19.175+0000] {spark_submit.py:645} INFO - at io.netty.util.internal.SocketUtils$8.run(SocketUtils.java:156)
[2025-03-23T19:19:19.175+0000] {spark_submit.py:645} INFO - at io.netty.util.internal.SocketUtils$8.run(SocketUtils.java:153)
[2025-03-23T19:19:19.176+0000] {spark_submit.py:645} INFO - at java.base/java.security.AccessController.doPrivileged(AccessController.java:569)
[2025-03-23T19:19:19.176+0000] {spark_submit.py:645} INFO - at io.netty.util.internal.SocketUtils.addressByName(SocketUtils.java:153)
[2025-03-23T19:19:19.176+0000] {spark_submit.py:645} INFO - at io.netty.resolver.DefaultNameResolver.doResolve(DefaultNameResolver.java:41)
[2025-03-23T19:19:19.177+0000] {spark_submit.py:645} INFO - at io.netty.resolver.SimpleNameResolver.resolve(SimpleNameResolver.java:61)
[2025-03-23T19:19:19.177+0000] {spark_submit.py:645} INFO - at io.netty.resolver.SimpleNameResolver.resolve(SimpleNameResolver.java:53)
[2025-03-23T19:19:19.177+0000] {spark_submit.py:645} INFO - at io.netty.resolver.InetSocketAddressResolver.doResolve(InetSocketAddressResolver.java:55)
[2025-03-23T19:19:19.177+0000] {spark_submit.py:645} INFO - at io.netty.resolver.InetSocketAddressResolver.doResolve(InetSocketAddressResolver.java:31)
[2025-03-23T19:19:19.178+0000] {spark_submit.py:645} INFO - at io.netty.resolver.AbstractAddressResolver.resolve(AbstractAddressResolver.java:106)
[2025-03-23T19:19:19.178+0000] {spark_submit.py:645} INFO - at io.netty.bootstrap.Bootstrap.doResolveAndConnect0(Bootstrap.java:220)
[2025-03-23T19:19:19.178+0000] {spark_submit.py:645} INFO - at io.netty.bootstrap.Bootstrap.access$000(Bootstrap.java:46)
[2025-03-23T19:19:19.179+0000] {spark_submit.py:645} INFO - at io.netty.bootstrap.Bootstrap$1.operationComplete(Bootstrap.java:189)
[2025-03-23T19:19:19.179+0000] {spark_submit.py:645} INFO - at io.netty.bootstrap.Bootstrap$1.operationComplete(Bootstrap.java:175)
[2025-03-23T19:19:19.179+0000] {spark_submit.py:645} INFO - at io.netty.util.concurrent.DefaultPromise.notifyListener0(DefaultPromise.java:590)
[2025-03-23T19:19:19.180+0000] {spark_submit.py:645} INFO - at io.netty.util.concurrent.DefaultPromise.notifyListenersNow(DefaultPromise.java:557)
[2025-03-23T19:19:19.180+0000] {spark_submit.py:645} INFO - at io.netty.util.concurrent.DefaultPromise.notifyListeners(DefaultPromise.java:492)
[2025-03-23T19:19:19.180+0000] {spark_submit.py:645} INFO - at io.netty.util.concurrent.DefaultPromise.setValue0(DefaultPromise.java:636)
[2025-03-23T19:19:19.180+0000] {spark_submit.py:645} INFO - at io.netty.util.concurrent.DefaultPromise.setSuccess0(DefaultPromise.java:625)
[2025-03-23T19:19:19.181+0000] {spark_submit.py:645} INFO - at io.netty.util.concurrent.DefaultPromise.trySuccess(DefaultPromise.java:105)
[2025-03-23T19:19:19.181+0000] {spark_submit.py:645} INFO - at io.netty.channel.DefaultChannelPromise.trySuccess(DefaultChannelPromise.java:84)
[2025-03-23T19:19:19.181+0000] {spark_submit.py:645} INFO - at io.netty.channel.AbstractChannel$AbstractUnsafe.safeSetSuccess(AbstractChannel.java:990)
[2025-03-23T19:19:19.182+0000] {spark_submit.py:645} INFO - at io.netty.channel.AbstractChannel$AbstractUnsafe.register0(AbstractChannel.java:516)
[2025-03-23T19:19:19.182+0000] {spark_submit.py:645} INFO - at io.netty.channel.AbstractChannel$AbstractUnsafe.access$200(AbstractChannel.java:429)
[2025-03-23T19:19:19.182+0000] {spark_submit.py:645} INFO - at io.netty.channel.AbstractChannel$AbstractUnsafe$1.run(AbstractChannel.java:486)
[2025-03-23T19:19:19.182+0000] {spark_submit.py:645} INFO - at io.netty.util.concurrent.AbstractEventExecutor.runTask(AbstractEventExecutor.java:174)
[2025-03-23T19:19:19.183+0000] {spark_submit.py:645} INFO - at io.netty.util.concurrent.AbstractEventExecutor.safeExecute(AbstractEventExecutor.java:167)
[2025-03-23T19:19:19.183+0000] {spark_submit.py:645} INFO - at io.netty.util.concurrent.SingleThreadEventExecutor.runAllTasks(SingleThreadEventExecutor.java:470)
[2025-03-23T19:19:19.183+0000] {spark_submit.py:645} INFO - at io.netty.channel.nio.NioEventLoop.run(NioEventLoop.java:569)
[2025-03-23T19:19:19.184+0000] {spark_submit.py:645} INFO - at io.netty.util.concurrent.SingleThreadEventExecutor$4.run(SingleThreadEventExecutor.java:997)
[2025-03-23T19:19:19.184+0000] {spark_submit.py:645} INFO - at io.netty.util.internal.ThreadExecutorMap$2.run(ThreadExecutorMap.java:74)
[2025-03-23T19:19:19.184+0000] {spark_submit.py:645} INFO - at io.netty.util.concurrent.FastThreadLocalRunnable.run(FastThreadLocalRunnable.java:30)
[2025-03-23T19:19:19.185+0000] {spark_submit.py:645} INFO - ... 1 more
[2025-03-23T19:19:35.834+0000] {spark_submit.py:645} INFO - 25/03/23 19:19:35 WARN StandaloneSchedulerBackend: Application ID is not initialized yet.
[2025-03-23T19:19:35.834+0000] {spark_submit.py:645} INFO - 25/03/23 19:19:35 ERROR StandaloneSchedulerBackend: Application has been killed. Reason: All masters are unresponsive! Giving up.
[2025-03-23T19:19:35.951+0000] {spark_submit.py:645} INFO - 25/03/23 19:19:35 INFO Utils: Successfully started service 'org.apache.spark.network.netty.NettyBlockTransferService' on port 46543.
[2025-03-23T19:19:35.952+0000] {spark_submit.py:645} INFO - 25/03/23 19:19:35 INFO NettyBlockTransferService: Server created on ffe4e0703eb1:46543
[2025-03-23T19:19:35.968+0000] {spark_submit.py:645} INFO - 25/03/23 19:19:35 INFO BlockManager: Using org.apache.spark.storage.RandomBlockReplicationPolicy for block replication policy
[2025-03-23T19:19:36.018+0000] {spark_submit.py:645} INFO - 25/03/23 19:19:36 INFO BlockManagerMaster: Registering BlockManager BlockManagerId(driver, ffe4e0703eb1, 46543, None)
[2025-03-23T19:19:36.022+0000] {spark_submit.py:645} INFO - 25/03/23 19:19:36 INFO BlockManagerMasterEndpoint: Registering block manager ffe4e0703eb1:46543 with 434.4 MiB RAM, BlockManagerId(driver, ffe4e0703eb1, 46543, None)
[2025-03-23T19:19:36.026+0000] {spark_submit.py:645} INFO - 25/03/23 19:19:36 INFO BlockManagerMaster: Registered BlockManager BlockManagerId(driver, ffe4e0703eb1, 46543, None)
[2025-03-23T19:19:36.033+0000] {spark_submit.py:645} INFO - 25/03/23 19:19:36 INFO BlockManager: Initialized BlockManager: BlockManagerId(driver, ffe4e0703eb1, 46543, None)
[2025-03-23T19:19:36.351+0000] {spark_submit.py:645} INFO - 25/03/23 19:19:36 INFO StandaloneSchedulerBackend: SchedulerBackend is ready for scheduling beginning after reached minRegisteredResourcesRatio: 0.0
[2025-03-23T19:19:37.004+0000] {spark_submit.py:645} INFO - 25/03/23 19:19:37 INFO SparkContext: SparkContext is stopping with exitCode 0.
[2025-03-23T19:19:37.036+0000] {spark_submit.py:645} INFO - 25/03/23 19:19:37 INFO SparkUI: Stopped Spark web UI at http://ffe4e0703eb1:4040
[2025-03-23T19:19:37.040+0000] {spark_submit.py:645} INFO - 25/03/23 19:19:37 INFO StandaloneSchedulerBackend: Shutting down all executors
[2025-03-23T19:19:37.044+0000] {spark_submit.py:645} INFO - 25/03/23 19:19:37 INFO StandaloneSchedulerBackend$StandaloneDriverEndpoint: Asking each executor to shut down
[2025-03-23T19:19:37.068+0000] {spark_submit.py:645} INFO - 25/03/23 19:19:37 WARN StandaloneAppClient$ClientEndpoint: Drop UnregisterApplication(null) because has not yet connected to master
[2025-03-23T19:19:37.075+0000] {spark_submit.py:645} INFO - 25/03/23 19:19:37 INFO MapOutputTrackerMasterEndpoint: MapOutputTrackerMasterEndpoint stopped!
[2025-03-23T19:19:37.092+0000] {spark_submit.py:645} INFO - 25/03/23 19:19:37 INFO MemoryStore: MemoryStore cleared
[2025-03-23T19:19:37.094+0000] {spark_submit.py:645} INFO - 25/03/23 19:19:37 INFO BlockManager: BlockManager stopped
[2025-03-23T19:19:37.099+0000] {spark_submit.py:645} INFO - 25/03/23 19:19:37 INFO BlockManagerMaster: BlockManagerMaster stopped
[2025-03-23T19:19:37.102+0000] {spark_submit.py:645} INFO - 25/03/23 19:19:37 INFO OutputCommitCoordinator$OutputCommitCoordinatorEndpoint: OutputCommitCoordinator stopped!
[2025-03-23T19:19:37.114+0000] {spark_submit.py:645} INFO - 25/03/23 19:19:37 INFO SparkContext: Successfully stopped SparkContext
[2025-03-23T19:19:37.190+0000] {spark_submit.py:645} INFO - 25/03/23 19:19:37 INFO SharedState: Setting hive.metastore.warehouse.dir ('null') to the value of spark.sql.warehouse.dir.
[2025-03-23T19:19:37.206+0000] {spark_submit.py:645} INFO - 25/03/23 19:19:37 INFO SharedState: Warehouse path is 'file:/opt/spark-warehouse'.
[2025-03-23T19:19:37.293+0000] {spark_submit.py:645} INFO - Traceback (most recent call last):
[2025-03-23T19:19:37.294+0000] {spark_submit.py:645} INFO - File "/spark_job/data_transformation.py", line 32, in <module>
[2025-03-23T19:19:37.297+0000] {spark_submit.py:645} INFO - data_transformation(spark)
[2025-03-23T19:19:37.298+0000] {spark_submit.py:645} INFO - File "/spark_job/data_transformation.py", line 13, in data_transformation
[2025-03-23T19:19:37.300+0000] {spark_submit.py:645} INFO - df_raw = spark.read.option("multiline", "true").json(file_path)
[2025-03-23T19:19:37.301+0000] {spark_submit.py:645} INFO - ^^^^^^^^^^
[2025-03-23T19:19:37.301+0000] {spark_submit.py:645} INFO - File "/home/***/.local/lib/python3.11/site-packages/pyspark/python/lib/pyspark.zip/pyspark/sql/session.py", line 1706, in read
[2025-03-23T19:19:37.302+0000] {spark_submit.py:645} INFO - File "/home/***/.local/lib/python3.11/site-packages/pyspark/python/lib/pyspark.zip/pyspark/sql/readwriter.py", line 70, in __init__
[2025-03-23T19:19:37.303+0000] {spark_submit.py:645} INFO - File "/home/***/.local/lib/python3.11/site-packages/pyspark/python/lib/py4j-0.10.9.7-src.zip/py4j/java_gateway.py", line 1322, in __call__
[2025-03-23T19:19:37.305+0000] {spark_submit.py:645} INFO - File "/home/***/.local/lib/python3.11/site-packages/pyspark/python/lib/pyspark.zip/pyspark/errors/exceptions/captured.py", line 179, in deco
[2025-03-23T19:19:37.306+0000] {spark_submit.py:645} INFO - File "/home/***/.local/lib/python3.11/site-packages/pyspark/python/lib/py4j-0.10.9.7-src.zip/py4j/protocol.py", line 326, in get_return_value
[2025-03-23T19:19:37.309+0000] {spark_submit.py:645} INFO - py4j.protocol.Py4JJavaError: An error occurred while calling o40.read.
[2025-03-23T19:19:37.309+0000] {spark_submit.py:645} INFO - : java.lang.IllegalStateException: LiveListenerBus is stopped.
[2025-03-23T19:19:37.310+0000] {spark_submit.py:645} INFO - at org.apache.spark.scheduler.LiveListenerBus.addToQueue(LiveListenerBus.scala:92)
[2025-03-23T19:19:37.311+0000] {spark_submit.py:645} INFO - at org.apache.spark.scheduler.LiveListenerBus.addToStatusQueue(LiveListenerBus.scala:75)
[2025-03-23T19:19:37.311+0000] {spark_submit.py:645} INFO - at org.apache.spark.sql.internal.SharedState.<init>(SharedState.scala:115)
[2025-03-23T19:19:37.312+0000] {spark_submit.py:645} INFO - at org.apache.spark.sql.SparkSession.$anonfun$sharedState$1(SparkSession.scala:143)
[2025-03-23T19:19:37.312+0000] {spark_submit.py:645} INFO - at scala.Option.getOrElse(Option.scala:189)
[2025-03-23T19:19:37.313+0000] {spark_submit.py:645} INFO - at org.apache.spark.sql.SparkSession.sharedState$lzycompute(SparkSession.scala:143)
[2025-03-23T19:19:37.313+0000] {spark_submit.py:645} INFO - at org.apache.spark.sql.SparkSession.sharedState(SparkSession.scala:142)
[2025-03-23T19:19:37.313+0000] {spark_submit.py:645} INFO - at org.apache.spark.sql.SparkSession.$anonfun$sessionState$2(SparkSession.scala:162)
[2025-03-23T19:19:37.314+0000] {spark_submit.py:645} INFO - at scala.Option.getOrElse(Option.scala:189)
[2025-03-23T19:19:37.314+0000] {spark_submit.py:645} INFO - at org.apache.spark.sql.SparkSession.sessionState$lzycompute(SparkSession.scala:160)
[2025-03-23T19:19:37.314+0000] {spark_submit.py:645} INFO - at org.apache.spark.sql.SparkSession.sessionState(SparkSession.scala:157)
[2025-03-23T19:19:37.315+0000] {spark_submit.py:645} INFO - at org.apache.spark.sql.DataFrameReader.<init>(DataFrameReader.scala:699)
[2025-03-23T19:19:37.315+0000] {spark_submit.py:645} INFO - at org.apache.spark.sql.SparkSession.read(SparkSession.scala:783)
[2025-03-23T19:19:37.315+0000] {spark_submit.py:645} INFO - at java.base/jdk.internal.reflect.NativeMethodAccessorImpl.invoke0(Native Method)
[2025-03-23T19:19:37.316+0000] {spark_submit.py:645} INFO - at java.base/jdk.internal.reflect.NativeMethodAccessorImpl.invoke(NativeMethodAccessorImpl.java:77)
[2025-03-23T19:19:37.316+0000] {spark_submit.py:645} INFO - at java.base/jdk.internal.reflect.DelegatingMethodAccessorImpl.invoke(DelegatingMethodAccessorImpl.java:43)
[2025-03-23T19:19:37.317+0000] {spark_submit.py:645} INFO - at java.base/java.lang.reflect.Method.invoke(Method.java:569)
[2025-03-23T19:19:37.317+0000] {spark_submit.py:645} INFO - at py4j.reflection.MethodInvoker.invoke(MethodInvoker.java:244)
[2025-03-23T19:19:37.318+0000] {spark_submit.py:645} INFO - at py4j.reflection.ReflectionEngine.invoke(ReflectionEngine.java:374)
[2025-03-23T19:19:37.318+0000] {spark_submit.py:645} INFO - at py4j.Gateway.invoke(Gateway.java:282)
[2025-03-23T19:19:37.319+0000] {spark_submit.py:645} INFO - at py4j.commands.AbstractCommand.invokeMethod(AbstractCommand.java:132)
[2025-03-23T19:19:37.319+0000] {spark_submit.py:645} INFO - at py4j.commands.CallCommand.execute(CallCommand.java:79)
[2025-03-23T19:19:37.320+0000] {spark_submit.py:645} INFO - at py4j.ClientServerConnection.waitForCommands(ClientServerConnection.java:182)
[2025-03-23T19:19:37.320+0000] {spark_submit.py:645} INFO - at py4j.ClientServerConnection.run(ClientServerConnection.java:106)
[2025-03-23T19:19:37.321+0000] {spark_submit.py:645} INFO - at java.base/java.lang.Thread.run(Thread.java:840)
[2025-03-23T19:19:37.321+0000] {spark_submit.py:645} INFO - 
[2025-03-23T19:19:37.370+0000] {spark_submit.py:645} INFO - 25/03/23 19:19:37 INFO ShutdownHookManager: Shutdown hook called
[2025-03-23T19:19:37.371+0000] {spark_submit.py:645} INFO - 25/03/23 19:19:37 INFO ShutdownHookManager: Deleting directory /tmp/spark-b6ac076a-b9a2-4fea-8db5-d11f9a15657c/pyspark-8cf77843-63b3-4a6a-bff3-bc8c3b4bdc23
[2025-03-23T19:19:37.376+0000] {spark_submit.py:645} INFO - 25/03/23 19:19:37 INFO ShutdownHookManager: Deleting directory /tmp/spark-b6ac076a-b9a2-4fea-8db5-d11f9a15657c
[2025-03-23T19:19:37.381+0000] {spark_submit.py:645} INFO - 25/03/23 19:19:37 INFO ShutdownHookManager: Deleting directory /tmp/spark-15bf6fb8-8407-4776-a6c7-980f1832838e
[2025-03-23T19:19:37.424+0000] {taskinstance.py:441} INFO - ::group::Post task execution logs
[2025-03-23T19:19:37.436+0000] {taskinstance.py:2905} ERROR - Task failed with exception
Traceback (most recent call last):
  File "/home/airflow/.local/lib/python3.11/site-packages/airflow/models/taskinstance.py", line 465, in _execute_task
    result = _execute_callable(context=context, **execute_callable_kwargs)
             ^^^^^^^^^^^^^^^^^^^^^^^^^^^^^^^^^^^^^^^^^^^^^^^^^^^^^^^^^^^^^
  File "/home/airflow/.local/lib/python3.11/site-packages/airflow/models/taskinstance.py", line 432, in _execute_callable
    return execute_callable(context=context, **execute_callable_kwargs)
           ^^^^^^^^^^^^^^^^^^^^^^^^^^^^^^^^^^^^^^^^^^^^^^^^^^^^^^^^^^^^
  File "/home/airflow/.local/lib/python3.11/site-packages/airflow/models/baseoperator.py", line 401, in wrapper
    return func(self, *args, **kwargs)
           ^^^^^^^^^^^^^^^^^^^^^^^^^^^
  File "/home/airflow/.local/lib/python3.11/site-packages/airflow/operators/python.py", line 235, in execute
    return_value = self.execute_callable()
                   ^^^^^^^^^^^^^^^^^^^^^^^
  File "/home/airflow/.local/lib/python3.11/site-packages/airflow/operators/python.py", line 252, in execute_callable
    return self.python_callable(*self.op_args, **self.op_kwargs)
           ^^^^^^^^^^^^^^^^^^^^^^^^^^^^^^^^^^^^^^^^^^^^^^^^^^^^^
  File "/opt/airflow/dags/data_pipeline_dag.py", line 93, in spark_dtransformation
    spark_submit_task.execute(kwargs)
  File "/home/airflow/.local/lib/python3.11/site-packages/airflow/models/baseoperator.py", line 401, in wrapper
    return func(self, *args, **kwargs)
           ^^^^^^^^^^^^^^^^^^^^^^^^^^^
  File "/home/airflow/.local/lib/python3.11/site-packages/airflow/providers/apache/spark/operators/spark_submit.py", line 177, in execute
    self._hook.submit(self.application)
  File "/home/airflow/.local/lib/python3.11/site-packages/airflow/providers/apache/spark/hooks/spark_submit.py", line 567, in submit
    raise AirflowException(
airflow.exceptions.AirflowException: Cannot execute: spark-submit --master spark://spark-master:7077:7077 --conf spark.executor.memory=2g --conf spark.executor.cores=2 --conf spark.hadoop.fs.gs.impl=org.apache.hadoop.fs.s3a.S3AFileSystem --principal *** --name arrow-spark --verbose --deploy-mode client /spark_job/data_transformation.py s3://raw/playlist_20250323_190824.json. Error code is: 1.
[2025-03-23T19:19:37.444+0000] {taskinstance.py:1206} INFO - Marking task as UP_FOR_RETRY. dag_id=spotify_etl_pipeline, task_id=transformation, run_id=scheduled__2025-03-22T00:00:00+00:00, execution_date=20250322T000000, start_date=20250323T191827, end_date=20250323T191937
[2025-03-23T19:19:37.484+0000] {standard_task_runner.py:110} ERROR - Failed to execute job 19 for task transformation (Cannot execute: spark-submit --master spark://spark-master:7077:7077 --conf spark.executor.memory=2g --conf spark.executor.cores=2 --conf spark.hadoop.fs.gs.impl=org.apache.hadoop.fs.s3a.S3AFileSystem --principal *** --name arrow-spark --verbose --deploy-mode client /spark_job/data_transformation.py s3://raw/playlist_20250323_190824.json. Error code is: 1.; 1231)
[2025-03-23T19:19:37.509+0000] {local_task_job_runner.py:240} INFO - Task exited with return code 1
[2025-03-23T19:19:37.533+0000] {taskinstance.py:3503} INFO - 0 downstream tasks scheduled from follow-on schedule check
[2025-03-23T19:19:37.576+0000] {local_task_job_runner.py:222} INFO - ::endgroup::
