[2025-03-23T19:16:59.725+0000] {local_task_job_runner.py:120} INFO - ::group::Pre task execution logs
[2025-03-23T19:16:59.758+0000] {taskinstance.py:2076} INFO - Dependencies all met for dep_context=non-requeueable deps ti=<TaskInstance: spotify_etl_pipeline.transformation scheduled__2025-03-22T00:00:00+00:00 [queued]>
[2025-03-23T19:16:59.767+0000] {taskinstance.py:2076} INFO - Dependencies all met for dep_context=requeueable deps ti=<TaskInstance: spotify_etl_pipeline.transformation scheduled__2025-03-22T00:00:00+00:00 [queued]>
[2025-03-23T19:16:59.768+0000] {taskinstance.py:2306} INFO - Starting attempt 6 of 7
[2025-03-23T19:16:59.850+0000] {taskinstance.py:2330} INFO - Executing <Task(PythonOperator): transformation> on 2025-03-22 00:00:00+00:00
[2025-03-23T19:16:59.856+0000] {standard_task_runner.py:63} INFO - Started process 1091 to run task
[2025-03-23T19:16:59.861+0000] {standard_task_runner.py:90} INFO - Running: ['***', 'tasks', 'run', 'spotify_etl_pipeline', 'transformation', 'scheduled__2025-03-22T00:00:00+00:00', '--job-id', '17', '--raw', '--subdir', 'DAGS_FOLDER/data_pipeline_dag.py', '--cfg-path', '/tmp/tmpirrt20gk']
[2025-03-23T19:16:59.865+0000] {standard_task_runner.py:91} INFO - Job 17: Subtask transformation
[2025-03-23T19:16:59.981+0000] {task_command.py:426} INFO - Running <TaskInstance: spotify_etl_pipeline.transformation scheduled__2025-03-22T00:00:00+00:00 [running]> on host ffe4e0703eb1
[2025-03-23T19:17:00.121+0000] {taskinstance.py:2648} INFO - Exporting env vars: AIRFLOW_CTX_DAG_OWNER='lobobranco' AIRFLOW_CTX_DAG_ID='spotify_etl_pipeline' AIRFLOW_CTX_TASK_ID='transformation' AIRFLOW_CTX_EXECUTION_DATE='2025-03-22T00:00:00+00:00' AIRFLOW_CTX_TRY_NUMBER='6' AIRFLOW_CTX_DAG_RUN_ID='scheduled__2025-03-22T00:00:00+00:00'
[2025-03-23T19:17:00.122+0000] {taskinstance.py:430} INFO - ::endgroup::
[2025-03-23T19:17:00.149+0000] {data_pipeline_dag.py:77} INFO - Transforming data from file: s3://raw/playlist_20250323_190824.json
[2025-03-23T19:17:00.150+0000] {baseoperator.py:400} WARNING - SparkSubmitOperator.execute cannot be called outside TaskInstance!
[2025-03-23T19:17:00.163+0000] {base.py:84} INFO - Using connection ID 'spark_default' for task execution.
[2025-03-23T19:17:00.164+0000] {spark_submit.py:328} ERROR - Failed to decode base64 keytab: Incorrect padding
[2025-03-23T19:17:00.164+0000] {spark_submit.py:305} INFO - Could not load connection string spark_default, defaulting to spark://spark-master:7077:7077
[2025-03-23T19:17:00.166+0000] {spark_submit.py:474} INFO - Spark-Submit cmd: spark-submit --master spark://spark-master:7077:7077 --conf spark.executor.memory=2g --conf spark.executor.cores=2 --conf spark.hadoop.fs.gs.impl=org.apache.hadoop.fs.s3a.S3AFileSystem --principal *** --name arrow-spark --verbose --deploy-mode client /spark_job/data_transformation.py s3://raw/playlist_20250323_190824.json
[2025-03-23T19:17:00.261+0000] {spark_submit.py:645} INFO - /home/***/.local/lib/python3.11/site-packages/pyspark/bin/load-spark-env.sh: line 68: ps: command not found
[2025-03-23T19:17:01.985+0000] {spark_submit.py:645} INFO - Using properties file: null
[2025-03-23T19:17:02.120+0000] {spark_submit.py:645} INFO - Parsed arguments:
[2025-03-23T19:17:02.121+0000] {spark_submit.py:645} INFO - master                  spark://spark-master:7077:7077
[2025-03-23T19:17:02.121+0000] {spark_submit.py:645} INFO - remote                  null
[2025-03-23T19:17:02.121+0000] {spark_submit.py:645} INFO - deployMode              client
[2025-03-23T19:17:02.122+0000] {spark_submit.py:645} INFO - executorMemory          2g
[2025-03-23T19:17:02.122+0000] {spark_submit.py:645} INFO - executorCores           2
[2025-03-23T19:17:02.122+0000] {spark_submit.py:645} INFO - totalExecutorCores      null
[2025-03-23T19:17:02.123+0000] {spark_submit.py:645} INFO - propertiesFile          null
[2025-03-23T19:17:02.123+0000] {spark_submit.py:645} INFO - driverMemory            null
[2025-03-23T19:17:02.123+0000] {spark_submit.py:645} INFO - driverCores             null
[2025-03-23T19:17:02.124+0000] {spark_submit.py:645} INFO - driverExtraClassPath    null
[2025-03-23T19:17:02.124+0000] {spark_submit.py:645} INFO - driverExtraLibraryPath  null
[2025-03-23T19:17:02.124+0000] {spark_submit.py:645} INFO - driverExtraJavaOptions  null
[2025-03-23T19:17:02.125+0000] {spark_submit.py:645} INFO - supervise               false
[2025-03-23T19:17:02.125+0000] {spark_submit.py:645} INFO - queue                   null
[2025-03-23T19:17:02.125+0000] {spark_submit.py:645} INFO - numExecutors            null
[2025-03-23T19:17:02.126+0000] {spark_submit.py:645} INFO - files                   null
[2025-03-23T19:17:02.126+0000] {spark_submit.py:645} INFO - pyFiles                 null
[2025-03-23T19:17:02.127+0000] {spark_submit.py:645} INFO - archives                null
[2025-03-23T19:17:02.127+0000] {spark_submit.py:645} INFO - mainClass               null
[2025-03-23T19:17:02.128+0000] {spark_submit.py:645} INFO - primaryResource         file:/spark_job/data_transformation.py
[2025-03-23T19:17:02.128+0000] {spark_submit.py:645} INFO - name                    arrow-spark
[2025-03-23T19:17:02.128+0000] {spark_submit.py:645} INFO - childArgs               [s3://raw/playlist_20250323_190824.json]
[2025-03-23T19:17:02.129+0000] {spark_submit.py:645} INFO - jars                    null
[2025-03-23T19:17:02.129+0000] {spark_submit.py:645} INFO - packages                null
[2025-03-23T19:17:02.129+0000] {spark_submit.py:645} INFO - packagesExclusions      null
[2025-03-23T19:17:02.130+0000] {spark_submit.py:645} INFO - repositories            null
[2025-03-23T19:17:02.130+0000] {spark_submit.py:645} INFO - verbose                 true
[2025-03-23T19:17:02.130+0000] {spark_submit.py:645} INFO - 
[2025-03-23T19:17:02.130+0000] {spark_submit.py:645} INFO - Spark properties used, including those specified through
[2025-03-23T19:17:02.131+0000] {spark_submit.py:645} INFO - --conf and those from the properties file null:
[2025-03-23T19:17:02.131+0000] {spark_submit.py:645} INFO - (spark.executor.cores,2)
[2025-03-23T19:17:02.131+0000] {spark_submit.py:645} INFO - (spark.executor.memory,2g)
[2025-03-23T19:17:02.132+0000] {spark_submit.py:645} INFO - (spark.hadoop.fs.gs.impl,org.apache.hadoop.fs.s3a.S3AFileSystem)
[2025-03-23T19:17:02.132+0000] {spark_submit.py:645} INFO - 
[2025-03-23T19:17:02.132+0000] {spark_submit.py:645} INFO - 
[2025-03-23T19:17:02.558+0000] {spark_submit.py:645} INFO - Main class:
[2025-03-23T19:17:02.559+0000] {spark_submit.py:645} INFO - org.apache.spark.deploy.PythonRunner
[2025-03-23T19:17:02.559+0000] {spark_submit.py:645} INFO - Arguments:
[2025-03-23T19:17:02.560+0000] {spark_submit.py:645} INFO - file:/spark_job/data_transformation.py
[2025-03-23T19:17:02.560+0000] {spark_submit.py:645} INFO - null
[2025-03-23T19:17:02.560+0000] {spark_submit.py:645} INFO - s3://raw/playlist_20250323_190824.json
[2025-03-23T19:17:02.561+0000] {spark_submit.py:645} INFO - Spark config:
[2025-03-23T19:17:02.562+0000] {spark_submit.py:645} INFO - (spark.app.name,arrow-spark)
[2025-03-23T19:17:02.562+0000] {spark_submit.py:645} INFO - (spark.app.submitTime,1742757422536)
[2025-03-23T19:17:02.563+0000] {spark_submit.py:645} INFO - (spark.executor.cores,2)
[2025-03-23T19:17:02.563+0000] {spark_submit.py:645} INFO - (spark.executor.memory,2g)
[2025-03-23T19:17:02.563+0000] {spark_submit.py:645} INFO - (spark.hadoop.fs.gs.impl,org.apache.hadoop.fs.s3a.S3AFileSystem)
[2025-03-23T19:17:02.564+0000] {spark_submit.py:645} INFO - (spark.kerberos.principal,***)
[2025-03-23T19:17:02.564+0000] {spark_submit.py:645} INFO - (spark.master,spark://spark-master:7077:7077)
[2025-03-23T19:17:02.565+0000] {spark_submit.py:645} INFO - (spark.submit.deployMode,client)
[2025-03-23T19:17:02.566+0000] {spark_submit.py:645} INFO - (spark.submit.pyFiles,)
[2025-03-23T19:17:02.566+0000] {spark_submit.py:645} INFO - Classpath elements:
[2025-03-23T19:17:02.566+0000] {spark_submit.py:645} INFO - 
[2025-03-23T19:17:02.567+0000] {spark_submit.py:645} INFO - 
[2025-03-23T19:17:02.567+0000] {spark_submit.py:645} INFO - 
[2025-03-23T19:17:04.032+0000] {spark_submit.py:645} INFO - Traceback (most recent call last):
[2025-03-23T19:17:04.032+0000] {spark_submit.py:645} INFO - File "/spark_job/data_transformation.py", line 2, in <module>
[2025-03-23T19:17:04.034+0000] {spark_submit.py:645} INFO - from code.spotify_transformation import process_albums, process_artists, process_songs
[2025-03-23T19:17:04.034+0000] {spark_submit.py:645} INFO - ImportError: cannot import name 'process_albums' from 'code.spotify_transformation' (/spark_job/code/spotify_transformation.py)
[2025-03-23T19:17:04.096+0000] {spark_submit.py:645} INFO - 25/03/23 19:17:04 INFO ShutdownHookManager: Shutdown hook called
[2025-03-23T19:17:04.104+0000] {spark_submit.py:645} INFO - 25/03/23 19:17:04 INFO ShutdownHookManager: Deleting directory /tmp/spark-63cfaa78-28c8-421e-b7a8-c2d47932bb01
[2025-03-23T19:17:04.135+0000] {taskinstance.py:441} INFO - ::group::Post task execution logs
[2025-03-23T19:17:04.146+0000] {taskinstance.py:2905} ERROR - Task failed with exception
Traceback (most recent call last):
  File "/home/airflow/.local/lib/python3.11/site-packages/airflow/models/taskinstance.py", line 465, in _execute_task
    result = _execute_callable(context=context, **execute_callable_kwargs)
             ^^^^^^^^^^^^^^^^^^^^^^^^^^^^^^^^^^^^^^^^^^^^^^^^^^^^^^^^^^^^^
  File "/home/airflow/.local/lib/python3.11/site-packages/airflow/models/taskinstance.py", line 432, in _execute_callable
    return execute_callable(context=context, **execute_callable_kwargs)
           ^^^^^^^^^^^^^^^^^^^^^^^^^^^^^^^^^^^^^^^^^^^^^^^^^^^^^^^^^^^^
  File "/home/airflow/.local/lib/python3.11/site-packages/airflow/models/baseoperator.py", line 401, in wrapper
    return func(self, *args, **kwargs)
           ^^^^^^^^^^^^^^^^^^^^^^^^^^^
  File "/home/airflow/.local/lib/python3.11/site-packages/airflow/operators/python.py", line 235, in execute
    return_value = self.execute_callable()
                   ^^^^^^^^^^^^^^^^^^^^^^^
  File "/home/airflow/.local/lib/python3.11/site-packages/airflow/operators/python.py", line 252, in execute_callable
    return self.python_callable(*self.op_args, **self.op_kwargs)
           ^^^^^^^^^^^^^^^^^^^^^^^^^^^^^^^^^^^^^^^^^^^^^^^^^^^^^
  File "/opt/airflow/dags/data_pipeline_dag.py", line 93, in spark_dtransformation
    spark_submit_task.execute(kwargs)
  File "/home/airflow/.local/lib/python3.11/site-packages/airflow/models/baseoperator.py", line 401, in wrapper
    return func(self, *args, **kwargs)
           ^^^^^^^^^^^^^^^^^^^^^^^^^^^
  File "/home/airflow/.local/lib/python3.11/site-packages/airflow/providers/apache/spark/operators/spark_submit.py", line 177, in execute
    self._hook.submit(self.application)
  File "/home/airflow/.local/lib/python3.11/site-packages/airflow/providers/apache/spark/hooks/spark_submit.py", line 567, in submit
    raise AirflowException(
airflow.exceptions.AirflowException: Cannot execute: spark-submit --master spark://spark-master:7077:7077 --conf spark.executor.memory=2g --conf spark.executor.cores=2 --conf spark.hadoop.fs.gs.impl=org.apache.hadoop.fs.s3a.S3AFileSystem --principal *** --name arrow-spark --verbose --deploy-mode client /spark_job/data_transformation.py s3://raw/playlist_20250323_190824.json. Error code is: 1.
[2025-03-23T19:17:04.155+0000] {taskinstance.py:1206} INFO - Marking task as UP_FOR_RETRY. dag_id=spotify_etl_pipeline, task_id=transformation, run_id=scheduled__2025-03-22T00:00:00+00:00, execution_date=20250322T000000, start_date=20250323T191659, end_date=20250323T191704
[2025-03-23T19:17:04.230+0000] {standard_task_runner.py:110} ERROR - Failed to execute job 17 for task transformation (Cannot execute: spark-submit --master spark://spark-master:7077:7077 --conf spark.executor.memory=2g --conf spark.executor.cores=2 --conf spark.hadoop.fs.gs.impl=org.apache.hadoop.fs.s3a.S3AFileSystem --principal *** --name arrow-spark --verbose --deploy-mode client /spark_job/data_transformation.py s3://raw/playlist_20250323_190824.json. Error code is: 1.; 1091)
[2025-03-23T19:17:04.258+0000] {local_task_job_runner.py:240} INFO - Task exited with return code 1
[2025-03-23T19:17:04.293+0000] {taskinstance.py:3503} INFO - 0 downstream tasks scheduled from follow-on schedule check
[2025-03-23T19:17:04.323+0000] {local_task_job_runner.py:222} INFO - ::endgroup::
