[2025-03-23T20:03:32.430+0000] {local_task_job_runner.py:120} INFO - ::group::Pre task execution logs
[2025-03-23T20:03:32.470+0000] {taskinstance.py:2076} INFO - Dependencies all met for dep_context=non-requeueable deps ti=<TaskInstance: spotify_etl_pipeline.transformation scheduled__2025-03-22T00:00:00+00:00 [queued]>
[2025-03-23T20:03:32.480+0000] {taskinstance.py:2076} INFO - Dependencies all met for dep_context=requeueable deps ti=<TaskInstance: spotify_etl_pipeline.transformation scheduled__2025-03-22T00:00:00+00:00 [queued]>
[2025-03-23T20:03:32.481+0000] {taskinstance.py:2306} INFO - Starting attempt 24 of 24
[2025-03-23T20:03:32.518+0000] {taskinstance.py:2330} INFO - Executing <Task(PythonOperator): transformation> on 2025-03-22 00:00:00+00:00
[2025-03-23T20:03:32.525+0000] {standard_task_runner.py:63} INFO - Started process 3054 to run task
[2025-03-23T20:03:32.530+0000] {standard_task_runner.py:90} INFO - Running: ['***', 'tasks', 'run', 'spotify_etl_pipeline', 'transformation', 'scheduled__2025-03-22T00:00:00+00:00', '--job-id', '35', '--raw', '--subdir', 'DAGS_FOLDER/data_pipeline_dag.py', '--cfg-path', '/tmp/tmpo03txnu2']
[2025-03-23T20:03:32.533+0000] {standard_task_runner.py:91} INFO - Job 35: Subtask transformation
[2025-03-23T20:03:32.634+0000] {task_command.py:426} INFO - Running <TaskInstance: spotify_etl_pipeline.transformation scheduled__2025-03-22T00:00:00+00:00 [running]> on host ffe4e0703eb1
[2025-03-23T20:03:32.881+0000] {taskinstance.py:2648} INFO - Exporting env vars: AIRFLOW_CTX_DAG_OWNER='lobobranco' AIRFLOW_CTX_DAG_ID='spotify_etl_pipeline' AIRFLOW_CTX_TASK_ID='transformation' AIRFLOW_CTX_EXECUTION_DATE='2025-03-22T00:00:00+00:00' AIRFLOW_CTX_TRY_NUMBER='24' AIRFLOW_CTX_DAG_RUN_ID='scheduled__2025-03-22T00:00:00+00:00'
[2025-03-23T20:03:32.883+0000] {taskinstance.py:430} INFO - ::endgroup::
[2025-03-23T20:03:32.937+0000] {data_pipeline_dag.py:77} INFO - Transforming data from file: s3://raw/playlist_20250323_190824.json
[2025-03-23T20:03:32.939+0000] {baseoperator.py:400} WARNING - SparkSubmitOperator.execute cannot be called outside TaskInstance!
[2025-03-23T20:03:32.953+0000] {base.py:84} INFO - Using connection ID 'spark_default' for task execution.
[2025-03-23T20:03:32.955+0000] {spark_submit.py:328} ERROR - Failed to decode base64 keytab: Incorrect padding
[2025-03-23T20:03:32.955+0000] {spark_submit.py:305} INFO - Could not load connection string spark_default, defaulting to spark://spark-master:7077
[2025-03-23T20:03:32.957+0000] {spark_submit.py:474} INFO - Spark-Submit cmd: spark-submit --master spark://spark-master:7077 --conf spark.executor.memory=2g --conf spark.executor.cores=2 --conf spark.jars=/opt/***/dags/jars/aws-java-sdk-bundle-1.12.262.jar, /opt/***/dags/jars/hadoop-aws-3.3.4.jar --conf spark.hadoop.fs.s3a.connection.ssl.enabled=false --conf spark.hadoop.fs.s3a.impl=org.apache.hadoop.fs.s3a.S3AFileSystem --principal *** --name arrow-spark --verbose --deploy-mode client /spark_job/data_transformation.py s3a://raw/playlist_20250323_190824.json
[2025-03-23T20:03:33.097+0000] {spark_submit.py:645} INFO - /home/***/.local/lib/python3.11/site-packages/pyspark/bin/load-spark-env.sh: line 68: ps: command not found
[2025-03-23T20:03:34.975+0000] {spark_submit.py:645} INFO - Using properties file: null
[2025-03-23T20:03:35.115+0000] {spark_submit.py:645} INFO - Parsed arguments:
[2025-03-23T20:03:35.115+0000] {spark_submit.py:645} INFO - master                  spark://spark-master:7077
[2025-03-23T20:03:35.116+0000] {spark_submit.py:645} INFO - remote                  null
[2025-03-23T20:03:35.116+0000] {spark_submit.py:645} INFO - deployMode              client
[2025-03-23T20:03:35.117+0000] {spark_submit.py:645} INFO - executorMemory          2g
[2025-03-23T20:03:35.117+0000] {spark_submit.py:645} INFO - executorCores           2
[2025-03-23T20:03:35.117+0000] {spark_submit.py:645} INFO - totalExecutorCores      null
[2025-03-23T20:03:35.118+0000] {spark_submit.py:645} INFO - propertiesFile          null
[2025-03-23T20:03:35.118+0000] {spark_submit.py:645} INFO - driverMemory            null
[2025-03-23T20:03:35.118+0000] {spark_submit.py:645} INFO - driverCores             null
[2025-03-23T20:03:35.119+0000] {spark_submit.py:645} INFO - driverExtraClassPath    null
[2025-03-23T20:03:35.120+0000] {spark_submit.py:645} INFO - driverExtraLibraryPath  null
[2025-03-23T20:03:35.120+0000] {spark_submit.py:645} INFO - driverExtraJavaOptions  null
[2025-03-23T20:03:35.120+0000] {spark_submit.py:645} INFO - supervise               false
[2025-03-23T20:03:35.121+0000] {spark_submit.py:645} INFO - queue                   null
[2025-03-23T20:03:35.121+0000] {spark_submit.py:645} INFO - numExecutors            null
[2025-03-23T20:03:35.121+0000] {spark_submit.py:645} INFO - files                   null
[2025-03-23T20:03:35.122+0000] {spark_submit.py:645} INFO - pyFiles                 null
[2025-03-23T20:03:35.122+0000] {spark_submit.py:645} INFO - archives                null
[2025-03-23T20:03:35.122+0000] {spark_submit.py:645} INFO - mainClass               null
[2025-03-23T20:03:35.123+0000] {spark_submit.py:645} INFO - primaryResource         file:/spark_job/data_transformation.py
[2025-03-23T20:03:35.123+0000] {spark_submit.py:645} INFO - name                    arrow-spark
[2025-03-23T20:03:35.123+0000] {spark_submit.py:645} INFO - childArgs               [s3a://raw/playlist_20250323_190824.json]
[2025-03-23T20:03:35.124+0000] {spark_submit.py:645} INFO - jars                    /opt/***/dags/jars/aws-java-sdk-bundle-1.12.262.jar, /opt/***/dags/jars/hadoop-aws-3.3.4.jar
[2025-03-23T20:03:35.124+0000] {spark_submit.py:645} INFO - packages                null
[2025-03-23T20:03:35.124+0000] {spark_submit.py:645} INFO - packagesExclusions      null
[2025-03-23T20:03:35.125+0000] {spark_submit.py:645} INFO - repositories            null
[2025-03-23T20:03:35.125+0000] {spark_submit.py:645} INFO - verbose                 true
[2025-03-23T20:03:35.125+0000] {spark_submit.py:645} INFO - 
[2025-03-23T20:03:35.126+0000] {spark_submit.py:645} INFO - Spark properties used, including those specified through
[2025-03-23T20:03:35.126+0000] {spark_submit.py:645} INFO - --conf and those from the properties file null:
[2025-03-23T20:03:35.126+0000] {spark_submit.py:645} INFO - (spark.executor.cores,2)
[2025-03-23T20:03:35.127+0000] {spark_submit.py:645} INFO - (spark.executor.memory,2g)
[2025-03-23T20:03:35.127+0000] {spark_submit.py:645} INFO - (spark.hadoop.fs.s3a.connection.ssl.enabled,false)
[2025-03-23T20:03:35.128+0000] {spark_submit.py:645} INFO - (spark.hadoop.fs.s3a.impl,org.apache.hadoop.fs.s3a.S3AFileSystem)
[2025-03-23T20:03:35.128+0000] {spark_submit.py:645} INFO - (spark.jars,/opt/***/dags/jars/aws-java-sdk-bundle-1.12.262.jar, /opt/***/dags/jars/hadoop-aws-3.3.4.jar)
[2025-03-23T20:03:35.128+0000] {spark_submit.py:645} INFO - 
[2025-03-23T20:03:35.129+0000] {spark_submit.py:645} INFO - 
[2025-03-23T20:03:35.627+0000] {spark_submit.py:645} INFO - 25/03/23 20:03:35 WARN NativeCodeLoader: Unable to load native-hadoop library for your platform... using builtin-java classes where applicable
[2025-03-23T20:03:35.928+0000] {spark_submit.py:645} INFO - Main class:
[2025-03-23T20:03:35.928+0000] {spark_submit.py:645} INFO - org.apache.spark.deploy.PythonRunner
[2025-03-23T20:03:35.929+0000] {spark_submit.py:645} INFO - Arguments:
[2025-03-23T20:03:35.929+0000] {spark_submit.py:645} INFO - file:/spark_job/data_transformation.py
[2025-03-23T20:03:35.929+0000] {spark_submit.py:645} INFO - null
[2025-03-23T20:03:35.930+0000] {spark_submit.py:645} INFO - s3a://raw/playlist_20250323_190824.json
[2025-03-23T20:03:35.931+0000] {spark_submit.py:645} INFO - Spark config:
[2025-03-23T20:03:35.931+0000] {spark_submit.py:645} INFO - (spark.app.name,arrow-spark)
[2025-03-23T20:03:35.932+0000] {spark_submit.py:645} INFO - (spark.app.submitTime,1742760215906)
[2025-03-23T20:03:35.932+0000] {spark_submit.py:645} INFO - (spark.executor.cores,2)
[2025-03-23T20:03:35.933+0000] {spark_submit.py:645} INFO - (spark.executor.memory,2g)
[2025-03-23T20:03:35.933+0000] {spark_submit.py:645} INFO - (spark.hadoop.fs.s3a.connection.ssl.enabled,false)
[2025-03-23T20:03:35.934+0000] {spark_submit.py:645} INFO - (spark.hadoop.fs.s3a.impl,org.apache.hadoop.fs.s3a.S3AFileSystem)
[2025-03-23T20:03:35.934+0000] {spark_submit.py:645} INFO - (spark.jars,file:///opt/***/dags/jars/aws-java-sdk-bundle-1.12.262.jar,file:///opt/***/dags/jars/hadoop-aws-3.3.4.jar)
[2025-03-23T20:03:35.935+0000] {spark_submit.py:645} INFO - (spark.kerberos.principal,***)
[2025-03-23T20:03:35.935+0000] {spark_submit.py:645} INFO - (spark.master,spark://spark-master:7077)
[2025-03-23T20:03:35.936+0000] {spark_submit.py:645} INFO - (spark.repl.local.jars,file:///opt/***/dags/jars/aws-java-sdk-bundle-1.12.262.jar,file:///opt/***/dags/jars/hadoop-aws-3.3.4.jar)
[2025-03-23T20:03:35.936+0000] {spark_submit.py:645} INFO - (spark.submit.deployMode,client)
[2025-03-23T20:03:35.937+0000] {spark_submit.py:645} INFO - (spark.submit.pyFiles,)
[2025-03-23T20:03:35.937+0000] {spark_submit.py:645} INFO - Classpath elements:
[2025-03-23T20:03:35.938+0000] {spark_submit.py:645} INFO - file:///opt/***/dags/jars/aws-java-sdk-bundle-1.12.262.jar
[2025-03-23T20:03:35.938+0000] {spark_submit.py:645} INFO - file:///opt/***/dags/jars/hadoop-aws-3.3.4.jar
[2025-03-23T20:03:35.938+0000] {spark_submit.py:645} INFO - 
[2025-03-23T20:03:35.939+0000] {spark_submit.py:645} INFO - 
[2025-03-23T20:03:38.325+0000] {spark_submit.py:645} INFO - 25/03/23 20:03:38 INFO SparkContext: Running Spark version 3.5.5
[2025-03-23T20:03:38.326+0000] {spark_submit.py:645} INFO - 25/03/23 20:03:38 INFO SparkContext: OS info Linux, 5.15.153.1-microsoft-standard-WSL2, amd64
[2025-03-23T20:03:38.326+0000] {spark_submit.py:645} INFO - 25/03/23 20:03:38 INFO SparkContext: Java version 17.0.14
[2025-03-23T20:03:38.363+0000] {spark_submit.py:645} INFO - 25/03/23 20:03:38 INFO ResourceUtils: ==============================================================
[2025-03-23T20:03:38.364+0000] {spark_submit.py:645} INFO - 25/03/23 20:03:38 INFO ResourceUtils: No custom resources configured for spark.driver.
[2025-03-23T20:03:38.365+0000] {spark_submit.py:645} INFO - 25/03/23 20:03:38 INFO ResourceUtils: ==============================================================
[2025-03-23T20:03:38.366+0000] {spark_submit.py:645} INFO - 25/03/23 20:03:38 INFO SparkContext: Submitted application: Minio Integration with PySpark
[2025-03-23T20:03:38.398+0000] {spark_submit.py:645} INFO - 25/03/23 20:03:38 INFO ResourceProfile: Default ResourceProfile created, executor resources: Map(cores -> name: cores, amount: 2, script: , vendor: , memory -> name: memory, amount: 2048, script: , vendor: , offHeap -> name: offHeap, amount: 0, script: , vendor: ), task resources: Map(cpus -> name: cpus, amount: 1.0)
[2025-03-23T20:03:38.414+0000] {spark_submit.py:645} INFO - 25/03/23 20:03:38 INFO ResourceProfile: Limiting resource is cpus at 2 tasks per executor
[2025-03-23T20:03:38.417+0000] {spark_submit.py:645} INFO - 25/03/23 20:03:38 INFO ResourceProfileManager: Added ResourceProfile id: 0
[2025-03-23T20:03:38.484+0000] {spark_submit.py:645} INFO - 25/03/23 20:03:38 INFO SecurityManager: Changing view acls to: ***
[2025-03-23T20:03:38.485+0000] {spark_submit.py:645} INFO - 25/03/23 20:03:38 INFO SecurityManager: Changing modify acls to: ***
[2025-03-23T20:03:38.485+0000] {spark_submit.py:645} INFO - 25/03/23 20:03:38 INFO SecurityManager: Changing view acls groups to:
[2025-03-23T20:03:38.486+0000] {spark_submit.py:645} INFO - 25/03/23 20:03:38 INFO SecurityManager: Changing modify acls groups to:
[2025-03-23T20:03:38.487+0000] {spark_submit.py:645} INFO - 25/03/23 20:03:38 INFO SecurityManager: SecurityManager: authentication disabled; ui acls disabled; users with view permissions: ***; groups with view permissions: EMPTY; users with modify permissions: ***; groups with modify permissions: EMPTY
[2025-03-23T20:03:38.836+0000] {spark_submit.py:645} INFO - 25/03/23 20:03:38 INFO Utils: Successfully started service 'sparkDriver' on port 44121.
[2025-03-23T20:03:38.892+0000] {spark_submit.py:645} INFO - 25/03/23 20:03:38 INFO SparkEnv: Registering MapOutputTracker
[2025-03-23T20:03:38.953+0000] {spark_submit.py:645} INFO - 25/03/23 20:03:38 INFO SparkEnv: Registering BlockManagerMaster
[2025-03-23T20:03:38.975+0000] {spark_submit.py:645} INFO - 25/03/23 20:03:38 INFO BlockManagerMasterEndpoint: Using org.apache.spark.storage.DefaultTopologyMapper for getting topology information
[2025-03-23T20:03:38.977+0000] {spark_submit.py:645} INFO - 25/03/23 20:03:38 INFO BlockManagerMasterEndpoint: BlockManagerMasterEndpoint up
[2025-03-23T20:03:38.982+0000] {spark_submit.py:645} INFO - 25/03/23 20:03:38 INFO SparkEnv: Registering BlockManagerMasterHeartbeat
[2025-03-23T20:03:39.008+0000] {spark_submit.py:645} INFO - 25/03/23 20:03:39 INFO DiskBlockManager: Created local directory at /tmp/blockmgr-0bad8423-8bdc-4ca5-9980-933cfa748ac2
[2025-03-23T20:03:39.024+0000] {spark_submit.py:645} INFO - 25/03/23 20:03:39 INFO MemoryStore: MemoryStore started with capacity 434.4 MiB
[2025-03-23T20:03:39.069+0000] {spark_submit.py:645} INFO - 25/03/23 20:03:39 INFO SparkEnv: Registering OutputCommitCoordinator
[2025-03-23T20:03:39.317+0000] {spark_submit.py:645} INFO - 25/03/23 20:03:39 INFO JettyUtils: Start Jetty 0.0.0.0:4040 for SparkUI
[2025-03-23T20:03:39.445+0000] {spark_submit.py:645} INFO - 25/03/23 20:03:39 INFO Utils: Successfully started service 'SparkUI' on port 4040.
[2025-03-23T20:03:39.515+0000] {spark_submit.py:645} INFO - 25/03/23 20:03:39 INFO SparkContext: Added JAR file:///opt/***/dags/jars/aws-java-sdk-bundle-1.12.262.jar at spark://ffe4e0703eb1:44121/jars/aws-java-sdk-bundle-1.12.262.jar with timestamp 1742760218315
[2025-03-23T20:03:39.517+0000] {spark_submit.py:645} INFO - 25/03/23 20:03:39 INFO SparkContext: Added JAR file:///opt/***/dags/jars/hadoop-aws-3.3.4.jar at spark://ffe4e0703eb1:44121/jars/hadoop-aws-3.3.4.jar with timestamp 1742760218315
[2025-03-23T20:03:39.826+0000] {spark_submit.py:645} INFO - 25/03/23 20:03:39 INFO StandaloneAppClient$ClientEndpoint: Connecting to master spark://spark-master:7077...
[2025-03-23T20:03:43.223+0000] {spark_submit.py:645} INFO - 25/03/23 20:03:43 WARN TransportClientFactory: DNS resolution failed for spark-master/<unresolved>:7077 took 3362 ms
[2025-03-23T20:03:43.319+0000] {spark_submit.py:645} INFO - 25/03/23 20:03:43 WARN StandaloneAppClient$ClientEndpoint: Failed to connect to master spark-master:7077
[2025-03-23T20:03:43.320+0000] {spark_submit.py:645} INFO - org.apache.spark.SparkException: Exception thrown in awaitResult:
[2025-03-23T20:03:43.321+0000] {spark_submit.py:645} INFO - at org.apache.spark.util.SparkThreadUtils$.awaitResult(SparkThreadUtils.scala:56)
[2025-03-23T20:03:43.321+0000] {spark_submit.py:645} INFO - at org.apache.spark.util.ThreadUtils$.awaitResult(ThreadUtils.scala:310)
[2025-03-23T20:03:43.323+0000] {spark_submit.py:645} INFO - at org.apache.spark.rpc.RpcTimeout.awaitResult(RpcTimeout.scala:75)
[2025-03-23T20:03:43.324+0000] {spark_submit.py:645} INFO - at org.apache.spark.rpc.RpcEnv.setupEndpointRefByURI(RpcEnv.scala:102)
[2025-03-23T20:03:43.324+0000] {spark_submit.py:645} INFO - at org.apache.spark.rpc.RpcEnv.setupEndpointRef(RpcEnv.scala:110)
[2025-03-23T20:03:43.325+0000] {spark_submit.py:645} INFO - at org.apache.spark.deploy.client.StandaloneAppClient$ClientEndpoint$$anon$1.run(StandaloneAppClient.scala:108)
[2025-03-23T20:03:43.326+0000] {spark_submit.py:645} INFO - at java.base/java.util.concurrent.Executors$RunnableAdapter.call(Executors.java:539)
[2025-03-23T20:03:43.326+0000] {spark_submit.py:645} INFO - at java.base/java.util.concurrent.FutureTask.run(FutureTask.java:264)
[2025-03-23T20:03:43.327+0000] {spark_submit.py:645} INFO - at java.base/java.util.concurrent.ThreadPoolExecutor.runWorker(ThreadPoolExecutor.java:1136)
[2025-03-23T20:03:43.327+0000] {spark_submit.py:645} INFO - at java.base/java.util.concurrent.ThreadPoolExecutor$Worker.run(ThreadPoolExecutor.java:635)
[2025-03-23T20:03:43.328+0000] {spark_submit.py:645} INFO - at java.base/java.lang.Thread.run(Thread.java:840)
[2025-03-23T20:03:43.328+0000] {spark_submit.py:645} INFO - Caused by: java.io.IOException: Failed to connect to spark-master/<unresolved>:7077
[2025-03-23T20:03:43.329+0000] {spark_submit.py:645} INFO - at org.apache.spark.network.client.TransportClientFactory.createClient(TransportClientFactory.java:294)
[2025-03-23T20:03:43.330+0000] {spark_submit.py:645} INFO - at org.apache.spark.network.client.TransportClientFactory.createClient(TransportClientFactory.java:214)
[2025-03-23T20:03:43.330+0000] {spark_submit.py:645} INFO - at org.apache.spark.network.client.TransportClientFactory.createClient(TransportClientFactory.java:226)
[2025-03-23T20:03:43.331+0000] {spark_submit.py:645} INFO - at org.apache.spark.rpc.netty.NettyRpcEnv.createClient(NettyRpcEnv.scala:204)
[2025-03-23T20:03:43.331+0000] {spark_submit.py:645} INFO - at org.apache.spark.rpc.netty.Outbox$$anon$1.call(Outbox.scala:202)
[2025-03-23T20:03:43.332+0000] {spark_submit.py:645} INFO - at org.apache.spark.rpc.netty.Outbox$$anon$1.call(Outbox.scala:198)
[2025-03-23T20:03:43.333+0000] {spark_submit.py:645} INFO - ... 4 more
[2025-03-23T20:03:43.333+0000] {spark_submit.py:645} INFO - Caused by: java.net.UnknownHostException: spark-master
[2025-03-23T20:03:43.334+0000] {spark_submit.py:645} INFO - at java.base/java.net.InetAddress$CachedAddresses.get(InetAddress.java:801)
[2025-03-23T20:03:43.334+0000] {spark_submit.py:645} INFO - at java.base/java.net.InetAddress.getAllByName0(InetAddress.java:1533)
[2025-03-23T20:03:43.335+0000] {spark_submit.py:645} INFO - at java.base/java.net.InetAddress.getAllByName(InetAddress.java:1385)
[2025-03-23T20:03:43.336+0000] {spark_submit.py:645} INFO - at java.base/java.net.InetAddress.getAllByName(InetAddress.java:1306)
[2025-03-23T20:03:43.337+0000] {spark_submit.py:645} INFO - at java.base/java.net.InetAddress.getByName(InetAddress.java:1256)
[2025-03-23T20:03:43.337+0000] {spark_submit.py:645} INFO - at io.netty.util.internal.SocketUtils$8.run(SocketUtils.java:156)
[2025-03-23T20:03:43.338+0000] {spark_submit.py:645} INFO - at io.netty.util.internal.SocketUtils$8.run(SocketUtils.java:153)
[2025-03-23T20:03:43.338+0000] {spark_submit.py:645} INFO - at java.base/java.security.AccessController.doPrivileged(AccessController.java:569)
[2025-03-23T20:03:43.338+0000] {spark_submit.py:645} INFO - at io.netty.util.internal.SocketUtils.addressByName(SocketUtils.java:153)
[2025-03-23T20:03:43.339+0000] {spark_submit.py:645} INFO - at io.netty.resolver.DefaultNameResolver.doResolve(DefaultNameResolver.java:41)
[2025-03-23T20:03:43.339+0000] {spark_submit.py:645} INFO - at io.netty.resolver.SimpleNameResolver.resolve(SimpleNameResolver.java:61)
[2025-03-23T20:03:43.340+0000] {spark_submit.py:645} INFO - at io.netty.resolver.SimpleNameResolver.resolve(SimpleNameResolver.java:53)
[2025-03-23T20:03:43.340+0000] {spark_submit.py:645} INFO - at io.netty.resolver.InetSocketAddressResolver.doResolve(InetSocketAddressResolver.java:55)
[2025-03-23T20:03:43.341+0000] {spark_submit.py:645} INFO - at io.netty.resolver.InetSocketAddressResolver.doResolve(InetSocketAddressResolver.java:31)
[2025-03-23T20:03:43.341+0000] {spark_submit.py:645} INFO - at io.netty.resolver.AbstractAddressResolver.resolve(AbstractAddressResolver.java:106)
[2025-03-23T20:03:43.341+0000] {spark_submit.py:645} INFO - at io.netty.bootstrap.Bootstrap.doResolveAndConnect0(Bootstrap.java:220)
[2025-03-23T20:03:43.342+0000] {spark_submit.py:645} INFO - at io.netty.bootstrap.Bootstrap.access$000(Bootstrap.java:46)
[2025-03-23T20:03:43.343+0000] {spark_submit.py:645} INFO - at io.netty.bootstrap.Bootstrap$1.operationComplete(Bootstrap.java:189)
[2025-03-23T20:03:43.343+0000] {spark_submit.py:645} INFO - at io.netty.bootstrap.Bootstrap$1.operationComplete(Bootstrap.java:175)
[2025-03-23T20:03:43.344+0000] {spark_submit.py:645} INFO - at io.netty.util.concurrent.DefaultPromise.notifyListener0(DefaultPromise.java:590)
[2025-03-23T20:03:43.345+0000] {spark_submit.py:645} INFO - at io.netty.util.concurrent.DefaultPromise.notifyListenersNow(DefaultPromise.java:557)
[2025-03-23T20:03:43.345+0000] {spark_submit.py:645} INFO - at io.netty.util.concurrent.DefaultPromise.notifyListeners(DefaultPromise.java:492)
[2025-03-23T20:03:43.346+0000] {spark_submit.py:645} INFO - at io.netty.util.concurrent.DefaultPromise.setValue0(DefaultPromise.java:636)
[2025-03-23T20:03:43.346+0000] {spark_submit.py:645} INFO - at io.netty.util.concurrent.DefaultPromise.setSuccess0(DefaultPromise.java:625)
[2025-03-23T20:03:43.347+0000] {spark_submit.py:645} INFO - at io.netty.util.concurrent.DefaultPromise.trySuccess(DefaultPromise.java:105)
[2025-03-23T20:03:43.347+0000] {spark_submit.py:645} INFO - at io.netty.channel.DefaultChannelPromise.trySuccess(DefaultChannelPromise.java:84)
[2025-03-23T20:03:43.348+0000] {spark_submit.py:645} INFO - at io.netty.channel.AbstractChannel$AbstractUnsafe.safeSetSuccess(AbstractChannel.java:990)
[2025-03-23T20:03:43.348+0000] {spark_submit.py:645} INFO - at io.netty.channel.AbstractChannel$AbstractUnsafe.register0(AbstractChannel.java:516)
[2025-03-23T20:03:43.349+0000] {spark_submit.py:645} INFO - at io.netty.channel.AbstractChannel$AbstractUnsafe.access$200(AbstractChannel.java:429)
[2025-03-23T20:03:43.349+0000] {spark_submit.py:645} INFO - at io.netty.channel.AbstractChannel$AbstractUnsafe$1.run(AbstractChannel.java:486)
[2025-03-23T20:03:43.350+0000] {spark_submit.py:645} INFO - at io.netty.util.concurrent.AbstractEventExecutor.runTask(AbstractEventExecutor.java:174)
[2025-03-23T20:03:43.350+0000] {spark_submit.py:645} INFO - at io.netty.util.concurrent.AbstractEventExecutor.safeExecute(AbstractEventExecutor.java:167)
[2025-03-23T20:03:43.351+0000] {spark_submit.py:645} INFO - at io.netty.util.concurrent.SingleThreadEventExecutor.runAllTasks(SingleThreadEventExecutor.java:470)
[2025-03-23T20:03:43.351+0000] {spark_submit.py:645} INFO - at io.netty.channel.nio.NioEventLoop.run(NioEventLoop.java:569)
[2025-03-23T20:03:43.352+0000] {spark_submit.py:645} INFO - at io.netty.util.concurrent.SingleThreadEventExecutor$4.run(SingleThreadEventExecutor.java:997)
[2025-03-23T20:03:43.352+0000] {spark_submit.py:645} INFO - at io.netty.util.internal.ThreadExecutorMap$2.run(ThreadExecutorMap.java:74)
[2025-03-23T20:03:43.353+0000] {spark_submit.py:645} INFO - at io.netty.util.concurrent.FastThreadLocalRunnable.run(FastThreadLocalRunnable.java:30)
[2025-03-23T20:03:43.353+0000] {spark_submit.py:645} INFO - ... 1 more
[2025-03-23T20:03:59.823+0000] {spark_submit.py:645} INFO - 25/03/23 20:03:59 INFO StandaloneAppClient$ClientEndpoint: Connecting to master spark://spark-master:7077...
[2025-03-23T20:04:03.204+0000] {spark_submit.py:645} INFO - 25/03/23 20:04:03 WARN TransportClientFactory: DNS resolution failed for spark-master/<unresolved>:7077 took 3378 ms
[2025-03-23T20:04:03.209+0000] {spark_submit.py:645} INFO - 25/03/23 20:04:03 WARN StandaloneAppClient$ClientEndpoint: Failed to connect to master spark-master:7077
[2025-03-23T20:04:03.209+0000] {spark_submit.py:645} INFO - org.apache.spark.SparkException: Exception thrown in awaitResult:
[2025-03-23T20:04:03.210+0000] {spark_submit.py:645} INFO - at org.apache.spark.util.SparkThreadUtils$.awaitResult(SparkThreadUtils.scala:56)
[2025-03-23T20:04:03.210+0000] {spark_submit.py:645} INFO - at org.apache.spark.util.ThreadUtils$.awaitResult(ThreadUtils.scala:310)
[2025-03-23T20:04:03.211+0000] {spark_submit.py:645} INFO - at org.apache.spark.rpc.RpcTimeout.awaitResult(RpcTimeout.scala:75)
[2025-03-23T20:04:03.212+0000] {spark_submit.py:645} INFO - at org.apache.spark.rpc.RpcEnv.setupEndpointRefByURI(RpcEnv.scala:102)
[2025-03-23T20:04:03.212+0000] {spark_submit.py:645} INFO - at org.apache.spark.rpc.RpcEnv.setupEndpointRef(RpcEnv.scala:110)
[2025-03-23T20:04:03.213+0000] {spark_submit.py:645} INFO - at org.apache.spark.deploy.client.StandaloneAppClient$ClientEndpoint$$anon$1.run(StandaloneAppClient.scala:108)
[2025-03-23T20:04:03.213+0000] {spark_submit.py:645} INFO - at java.base/java.util.concurrent.Executors$RunnableAdapter.call(Executors.java:539)
[2025-03-23T20:04:03.214+0000] {spark_submit.py:645} INFO - at java.base/java.util.concurrent.FutureTask.run(FutureTask.java:264)
[2025-03-23T20:04:03.214+0000] {spark_submit.py:645} INFO - at java.base/java.util.concurrent.ThreadPoolExecutor.runWorker(ThreadPoolExecutor.java:1136)
[2025-03-23T20:04:03.215+0000] {spark_submit.py:645} INFO - at java.base/java.util.concurrent.ThreadPoolExecutor$Worker.run(ThreadPoolExecutor.java:635)
[2025-03-23T20:04:03.215+0000] {spark_submit.py:645} INFO - at java.base/java.lang.Thread.run(Thread.java:840)
[2025-03-23T20:04:03.216+0000] {spark_submit.py:645} INFO - Caused by: java.io.IOException: Failed to connect to spark-master/<unresolved>:7077
[2025-03-23T20:04:03.216+0000] {spark_submit.py:645} INFO - at org.apache.spark.network.client.TransportClientFactory.createClient(TransportClientFactory.java:294)
[2025-03-23T20:04:03.216+0000] {spark_submit.py:645} INFO - at org.apache.spark.network.client.TransportClientFactory.createClient(TransportClientFactory.java:214)
[2025-03-23T20:04:03.217+0000] {spark_submit.py:645} INFO - at org.apache.spark.network.client.TransportClientFactory.createClient(TransportClientFactory.java:226)
[2025-03-23T20:04:03.217+0000] {spark_submit.py:645} INFO - at org.apache.spark.rpc.netty.NettyRpcEnv.createClient(NettyRpcEnv.scala:204)
[2025-03-23T20:04:03.218+0000] {spark_submit.py:645} INFO - at org.apache.spark.rpc.netty.Outbox$$anon$1.call(Outbox.scala:202)
[2025-03-23T20:04:03.218+0000] {spark_submit.py:645} INFO - at org.apache.spark.rpc.netty.Outbox$$anon$1.call(Outbox.scala:198)
[2025-03-23T20:04:03.218+0000] {spark_submit.py:645} INFO - ... 4 more
[2025-03-23T20:04:03.219+0000] {spark_submit.py:645} INFO - Caused by: java.net.UnknownHostException: spark-master
[2025-03-23T20:04:03.219+0000] {spark_submit.py:645} INFO - at java.base/java.net.InetAddress$CachedAddresses.get(InetAddress.java:801)
[2025-03-23T20:04:03.220+0000] {spark_submit.py:645} INFO - at java.base/java.net.InetAddress.getAllByName0(InetAddress.java:1533)
[2025-03-23T20:04:03.220+0000] {spark_submit.py:645} INFO - at java.base/java.net.InetAddress.getAllByName(InetAddress.java:1385)
[2025-03-23T20:04:03.220+0000] {spark_submit.py:645} INFO - at java.base/java.net.InetAddress.getAllByName(InetAddress.java:1306)
[2025-03-23T20:04:03.221+0000] {spark_submit.py:645} INFO - at java.base/java.net.InetAddress.getByName(InetAddress.java:1256)
[2025-03-23T20:04:03.221+0000] {spark_submit.py:645} INFO - at io.netty.util.internal.SocketUtils$8.run(SocketUtils.java:156)
[2025-03-23T20:04:03.222+0000] {spark_submit.py:645} INFO - at io.netty.util.internal.SocketUtils$8.run(SocketUtils.java:153)
[2025-03-23T20:04:03.222+0000] {spark_submit.py:645} INFO - at java.base/java.security.AccessController.doPrivileged(AccessController.java:569)
[2025-03-23T20:04:03.222+0000] {spark_submit.py:645} INFO - at io.netty.util.internal.SocketUtils.addressByName(SocketUtils.java:153)
[2025-03-23T20:04:03.223+0000] {spark_submit.py:645} INFO - at io.netty.resolver.DefaultNameResolver.doResolve(DefaultNameResolver.java:41)
[2025-03-23T20:04:03.223+0000] {spark_submit.py:645} INFO - at io.netty.resolver.SimpleNameResolver.resolve(SimpleNameResolver.java:61)
[2025-03-23T20:04:03.224+0000] {spark_submit.py:645} INFO - at io.netty.resolver.SimpleNameResolver.resolve(SimpleNameResolver.java:53)
[2025-03-23T20:04:03.224+0000] {spark_submit.py:645} INFO - at io.netty.resolver.InetSocketAddressResolver.doResolve(InetSocketAddressResolver.java:55)
[2025-03-23T20:04:03.224+0000] {spark_submit.py:645} INFO - at io.netty.resolver.InetSocketAddressResolver.doResolve(InetSocketAddressResolver.java:31)
[2025-03-23T20:04:03.225+0000] {spark_submit.py:645} INFO - at io.netty.resolver.AbstractAddressResolver.resolve(AbstractAddressResolver.java:106)
[2025-03-23T20:04:03.225+0000] {spark_submit.py:645} INFO - at io.netty.bootstrap.Bootstrap.doResolveAndConnect0(Bootstrap.java:220)
[2025-03-23T20:04:03.226+0000] {spark_submit.py:645} INFO - at io.netty.bootstrap.Bootstrap.access$000(Bootstrap.java:46)
[2025-03-23T20:04:03.226+0000] {spark_submit.py:645} INFO - at io.netty.bootstrap.Bootstrap$1.operationComplete(Bootstrap.java:189)
[2025-03-23T20:04:03.226+0000] {spark_submit.py:645} INFO - at io.netty.bootstrap.Bootstrap$1.operationComplete(Bootstrap.java:175)
[2025-03-23T20:04:03.227+0000] {spark_submit.py:645} INFO - at io.netty.util.concurrent.DefaultPromise.notifyListener0(DefaultPromise.java:590)
[2025-03-23T20:04:03.227+0000] {spark_submit.py:645} INFO - at io.netty.util.concurrent.DefaultPromise.notifyListenersNow(DefaultPromise.java:557)
[2025-03-23T20:04:03.228+0000] {spark_submit.py:645} INFO - at io.netty.util.concurrent.DefaultPromise.notifyListeners(DefaultPromise.java:492)
[2025-03-23T20:04:03.228+0000] {spark_submit.py:645} INFO - at io.netty.util.concurrent.DefaultPromise.setValue0(DefaultPromise.java:636)
[2025-03-23T20:04:03.228+0000] {spark_submit.py:645} INFO - at io.netty.util.concurrent.DefaultPromise.setSuccess0(DefaultPromise.java:625)
[2025-03-23T20:04:03.229+0000] {spark_submit.py:645} INFO - at io.netty.util.concurrent.DefaultPromise.trySuccess(DefaultPromise.java:105)
[2025-03-23T20:04:03.229+0000] {spark_submit.py:645} INFO - at io.netty.channel.DefaultChannelPromise.trySuccess(DefaultChannelPromise.java:84)
[2025-03-23T20:04:03.229+0000] {spark_submit.py:645} INFO - at io.netty.channel.AbstractChannel$AbstractUnsafe.safeSetSuccess(AbstractChannel.java:990)
[2025-03-23T20:04:03.230+0000] {spark_submit.py:645} INFO - at io.netty.channel.AbstractChannel$AbstractUnsafe.register0(AbstractChannel.java:516)
[2025-03-23T20:04:03.230+0000] {spark_submit.py:645} INFO - at io.netty.channel.AbstractChannel$AbstractUnsafe.access$200(AbstractChannel.java:429)
[2025-03-23T20:04:03.230+0000] {spark_submit.py:645} INFO - at io.netty.channel.AbstractChannel$AbstractUnsafe$1.run(AbstractChannel.java:486)
[2025-03-23T20:04:03.231+0000] {spark_submit.py:645} INFO - at io.netty.util.concurrent.AbstractEventExecutor.runTask(AbstractEventExecutor.java:174)
[2025-03-23T20:04:03.232+0000] {spark_submit.py:645} INFO - at io.netty.util.concurrent.AbstractEventExecutor.safeExecute(AbstractEventExecutor.java:167)
[2025-03-23T20:04:03.232+0000] {spark_submit.py:645} INFO - at io.netty.util.concurrent.SingleThreadEventExecutor.runAllTasks(SingleThreadEventExecutor.java:470)
[2025-03-23T20:04:03.233+0000] {spark_submit.py:645} INFO - at io.netty.channel.nio.NioEventLoop.run(NioEventLoop.java:569)
[2025-03-23T20:04:03.233+0000] {spark_submit.py:645} INFO - at io.netty.util.concurrent.SingleThreadEventExecutor$4.run(SingleThreadEventExecutor.java:997)
[2025-03-23T20:04:03.233+0000] {spark_submit.py:645} INFO - at io.netty.util.internal.ThreadExecutorMap$2.run(ThreadExecutorMap.java:74)
[2025-03-23T20:04:03.234+0000] {spark_submit.py:645} INFO - at io.netty.util.concurrent.FastThreadLocalRunnable.run(FastThreadLocalRunnable.java:30)
[2025-03-23T20:04:03.234+0000] {spark_submit.py:645} INFO - ... 1 more
[2025-03-23T20:04:19.821+0000] {spark_submit.py:645} INFO - 25/03/23 20:04:19 INFO StandaloneAppClient$ClientEndpoint: Connecting to master spark://spark-master:7077...
[2025-03-23T20:04:23.133+0000] {spark_submit.py:645} INFO - 25/03/23 20:04:23 WARN TransportClientFactory: DNS resolution failed for spark-master/<unresolved>:7077 took 3310 ms
[2025-03-23T20:04:23.139+0000] {spark_submit.py:645} INFO - 25/03/23 20:04:23 WARN StandaloneAppClient$ClientEndpoint: Failed to connect to master spark-master:7077
[2025-03-23T20:04:23.140+0000] {spark_submit.py:645} INFO - org.apache.spark.SparkException: Exception thrown in awaitResult:
[2025-03-23T20:04:23.140+0000] {spark_submit.py:645} INFO - at org.apache.spark.util.SparkThreadUtils$.awaitResult(SparkThreadUtils.scala:56)
[2025-03-23T20:04:23.141+0000] {spark_submit.py:645} INFO - at org.apache.spark.util.ThreadUtils$.awaitResult(ThreadUtils.scala:310)
[2025-03-23T20:04:23.141+0000] {spark_submit.py:645} INFO - at org.apache.spark.rpc.RpcTimeout.awaitResult(RpcTimeout.scala:75)
[2025-03-23T20:04:23.142+0000] {spark_submit.py:645} INFO - at org.apache.spark.rpc.RpcEnv.setupEndpointRefByURI(RpcEnv.scala:102)
[2025-03-23T20:04:23.142+0000] {spark_submit.py:645} INFO - at org.apache.spark.rpc.RpcEnv.setupEndpointRef(RpcEnv.scala:110)
[2025-03-23T20:04:23.143+0000] {spark_submit.py:645} INFO - at org.apache.spark.deploy.client.StandaloneAppClient$ClientEndpoint$$anon$1.run(StandaloneAppClient.scala:108)
[2025-03-23T20:04:23.143+0000] {spark_submit.py:645} INFO - at java.base/java.util.concurrent.Executors$RunnableAdapter.call(Executors.java:539)
[2025-03-23T20:04:23.144+0000] {spark_submit.py:645} INFO - at java.base/java.util.concurrent.FutureTask.run(FutureTask.java:264)
[2025-03-23T20:04:23.144+0000] {spark_submit.py:645} INFO - at java.base/java.util.concurrent.ThreadPoolExecutor.runWorker(ThreadPoolExecutor.java:1136)
[2025-03-23T20:04:23.145+0000] {spark_submit.py:645} INFO - at java.base/java.util.concurrent.ThreadPoolExecutor$Worker.run(ThreadPoolExecutor.java:635)
[2025-03-23T20:04:23.145+0000] {spark_submit.py:645} INFO - at java.base/java.lang.Thread.run(Thread.java:840)
[2025-03-23T20:04:23.146+0000] {spark_submit.py:645} INFO - Caused by: java.io.IOException: Failed to connect to spark-master/<unresolved>:7077
[2025-03-23T20:04:23.146+0000] {spark_submit.py:645} INFO - at org.apache.spark.network.client.TransportClientFactory.createClient(TransportClientFactory.java:294)
[2025-03-23T20:04:23.146+0000] {spark_submit.py:645} INFO - at org.apache.spark.network.client.TransportClientFactory.createClient(TransportClientFactory.java:214)
[2025-03-23T20:04:23.147+0000] {spark_submit.py:645} INFO - at org.apache.spark.network.client.TransportClientFactory.createClient(TransportClientFactory.java:226)
[2025-03-23T20:04:23.147+0000] {spark_submit.py:645} INFO - at org.apache.spark.rpc.netty.NettyRpcEnv.createClient(NettyRpcEnv.scala:204)
[2025-03-23T20:04:23.148+0000] {spark_submit.py:645} INFO - at org.apache.spark.rpc.netty.Outbox$$anon$1.call(Outbox.scala:202)
[2025-03-23T20:04:23.148+0000] {spark_submit.py:645} INFO - at org.apache.spark.rpc.netty.Outbox$$anon$1.call(Outbox.scala:198)
[2025-03-23T20:04:23.149+0000] {spark_submit.py:645} INFO - ... 4 more
[2025-03-23T20:04:23.149+0000] {spark_submit.py:645} INFO - Caused by: java.net.UnknownHostException: spark-master
[2025-03-23T20:04:23.150+0000] {spark_submit.py:645} INFO - at java.base/java.net.InetAddress$CachedAddresses.get(InetAddress.java:801)
[2025-03-23T20:04:23.150+0000] {spark_submit.py:645} INFO - at java.base/java.net.InetAddress.getAllByName0(InetAddress.java:1533)
[2025-03-23T20:04:23.151+0000] {spark_submit.py:645} INFO - at java.base/java.net.InetAddress.getAllByName(InetAddress.java:1385)
[2025-03-23T20:04:23.152+0000] {spark_submit.py:645} INFO - at java.base/java.net.InetAddress.getAllByName(InetAddress.java:1306)
[2025-03-23T20:04:23.153+0000] {spark_submit.py:645} INFO - at java.base/java.net.InetAddress.getByName(InetAddress.java:1256)
[2025-03-23T20:04:23.153+0000] {spark_submit.py:645} INFO - at io.netty.util.internal.SocketUtils$8.run(SocketUtils.java:156)
[2025-03-23T20:04:23.154+0000] {spark_submit.py:645} INFO - at io.netty.util.internal.SocketUtils$8.run(SocketUtils.java:153)
[2025-03-23T20:04:23.155+0000] {spark_submit.py:645} INFO - at java.base/java.security.AccessController.doPrivileged(AccessController.java:569)
[2025-03-23T20:04:23.156+0000] {spark_submit.py:645} INFO - at io.netty.util.internal.SocketUtils.addressByName(SocketUtils.java:153)
[2025-03-23T20:04:23.157+0000] {spark_submit.py:645} INFO - at io.netty.resolver.DefaultNameResolver.doResolve(DefaultNameResolver.java:41)
[2025-03-23T20:04:23.157+0000] {spark_submit.py:645} INFO - at io.netty.resolver.SimpleNameResolver.resolve(SimpleNameResolver.java:61)
[2025-03-23T20:04:23.158+0000] {spark_submit.py:645} INFO - at io.netty.resolver.SimpleNameResolver.resolve(SimpleNameResolver.java:53)
[2025-03-23T20:04:23.158+0000] {spark_submit.py:645} INFO - at io.netty.resolver.InetSocketAddressResolver.doResolve(InetSocketAddressResolver.java:55)
[2025-03-23T20:04:23.159+0000] {spark_submit.py:645} INFO - at io.netty.resolver.InetSocketAddressResolver.doResolve(InetSocketAddressResolver.java:31)
[2025-03-23T20:04:23.159+0000] {spark_submit.py:645} INFO - at io.netty.resolver.AbstractAddressResolver.resolve(AbstractAddressResolver.java:106)
[2025-03-23T20:04:23.160+0000] {spark_submit.py:645} INFO - at io.netty.bootstrap.Bootstrap.doResolveAndConnect0(Bootstrap.java:220)
[2025-03-23T20:04:23.161+0000] {spark_submit.py:645} INFO - at io.netty.bootstrap.Bootstrap.access$000(Bootstrap.java:46)
[2025-03-23T20:04:23.161+0000] {spark_submit.py:645} INFO - at io.netty.bootstrap.Bootstrap$1.operationComplete(Bootstrap.java:189)
[2025-03-23T20:04:23.162+0000] {spark_submit.py:645} INFO - at io.netty.bootstrap.Bootstrap$1.operationComplete(Bootstrap.java:175)
[2025-03-23T20:04:23.163+0000] {spark_submit.py:645} INFO - at io.netty.util.concurrent.DefaultPromise.notifyListener0(DefaultPromise.java:590)
[2025-03-23T20:04:23.163+0000] {spark_submit.py:645} INFO - at io.netty.util.concurrent.DefaultPromise.notifyListenersNow(DefaultPromise.java:557)
[2025-03-23T20:04:23.164+0000] {spark_submit.py:645} INFO - at io.netty.util.concurrent.DefaultPromise.notifyListeners(DefaultPromise.java:492)
[2025-03-23T20:04:23.165+0000] {spark_submit.py:645} INFO - at io.netty.util.concurrent.DefaultPromise.setValue0(DefaultPromise.java:636)
[2025-03-23T20:04:23.166+0000] {spark_submit.py:645} INFO - at io.netty.util.concurrent.DefaultPromise.setSuccess0(DefaultPromise.java:625)
[2025-03-23T20:04:23.168+0000] {spark_submit.py:645} INFO - at io.netty.util.concurrent.DefaultPromise.trySuccess(DefaultPromise.java:105)
[2025-03-23T20:04:23.169+0000] {spark_submit.py:645} INFO - at io.netty.channel.DefaultChannelPromise.trySuccess(DefaultChannelPromise.java:84)
[2025-03-23T20:04:23.170+0000] {spark_submit.py:645} INFO - at io.netty.channel.AbstractChannel$AbstractUnsafe.safeSetSuccess(AbstractChannel.java:990)
[2025-03-23T20:04:23.171+0000] {spark_submit.py:645} INFO - at io.netty.channel.AbstractChannel$AbstractUnsafe.register0(AbstractChannel.java:516)
[2025-03-23T20:04:23.174+0000] {spark_submit.py:645} INFO - at io.netty.channel.AbstractChannel$AbstractUnsafe.access$200(AbstractChannel.java:429)
[2025-03-23T20:04:23.176+0000] {spark_submit.py:645} INFO - at io.netty.channel.AbstractChannel$AbstractUnsafe$1.run(AbstractChannel.java:486)
[2025-03-23T20:04:23.177+0000] {spark_submit.py:645} INFO - at io.netty.util.concurrent.AbstractEventExecutor.runTask(AbstractEventExecutor.java:174)
[2025-03-23T20:04:23.179+0000] {spark_submit.py:645} INFO - at io.netty.util.concurrent.AbstractEventExecutor.safeExecute(AbstractEventExecutor.java:167)
[2025-03-23T20:04:23.181+0000] {spark_submit.py:645} INFO - at io.netty.util.concurrent.SingleThreadEventExecutor.runAllTasks(SingleThreadEventExecutor.java:470)
[2025-03-23T20:04:23.181+0000] {spark_submit.py:645} INFO - at io.netty.channel.nio.NioEventLoop.run(NioEventLoop.java:569)
[2025-03-23T20:04:23.183+0000] {spark_submit.py:645} INFO - at io.netty.util.concurrent.SingleThreadEventExecutor$4.run(SingleThreadEventExecutor.java:997)
[2025-03-23T20:04:23.185+0000] {spark_submit.py:645} INFO - at io.netty.util.internal.ThreadExecutorMap$2.run(ThreadExecutorMap.java:74)
[2025-03-23T20:04:23.186+0000] {spark_submit.py:645} INFO - at io.netty.util.concurrent.FastThreadLocalRunnable.run(FastThreadLocalRunnable.java:30)
[2025-03-23T20:04:23.186+0000] {spark_submit.py:645} INFO - ... 1 more
[2025-03-23T20:04:39.821+0000] {spark_submit.py:645} INFO - 25/03/23 20:04:39 WARN StandaloneSchedulerBackend: Application ID is not initialized yet.
[2025-03-23T20:04:39.823+0000] {spark_submit.py:645} INFO - 25/03/23 20:04:39 ERROR StandaloneSchedulerBackend: Application has been killed. Reason: All masters are unresponsive! Giving up.
[2025-03-23T20:04:39.830+0000] {spark_submit.py:645} INFO - 25/03/23 20:04:39 INFO Utils: Successfully started service 'org.apache.spark.network.netty.NettyBlockTransferService' on port 38241.
[2025-03-23T20:04:39.831+0000] {spark_submit.py:645} INFO - 25/03/23 20:04:39 INFO NettyBlockTransferService: Server created on ffe4e0703eb1:38241
[2025-03-23T20:04:39.833+0000] {spark_submit.py:645} INFO - 25/03/23 20:04:39 INFO BlockManager: Using org.apache.spark.storage.RandomBlockReplicationPolicy for block replication policy
[2025-03-23T20:04:39.841+0000] {spark_submit.py:645} INFO - 25/03/23 20:04:39 INFO BlockManagerMaster: Registering BlockManager BlockManagerId(driver, ffe4e0703eb1, 38241, None)
[2025-03-23T20:04:39.845+0000] {spark_submit.py:645} INFO - 25/03/23 20:04:39 INFO BlockManagerMasterEndpoint: Registering block manager ffe4e0703eb1:38241 with 434.4 MiB RAM, BlockManagerId(driver, ffe4e0703eb1, 38241, None)
[2025-03-23T20:04:39.848+0000] {spark_submit.py:645} INFO - 25/03/23 20:04:39 INFO BlockManagerMaster: Registered BlockManager BlockManagerId(driver, ffe4e0703eb1, 38241, None)
[2025-03-23T20:04:39.849+0000] {spark_submit.py:645} INFO - 25/03/23 20:04:39 INFO BlockManager: Initialized BlockManager: BlockManagerId(driver, ffe4e0703eb1, 38241, None)
[2025-03-23T20:04:40.111+0000] {spark_submit.py:645} INFO - 25/03/23 20:04:40 INFO StandaloneSchedulerBackend: SchedulerBackend is ready for scheduling beginning after reached minRegisteredResourcesRatio: 0.0
[2025-03-23T20:04:40.415+0000] {spark_submit.py:645} INFO - 25/03/23 20:04:40 INFO SharedState: Setting hive.metastore.warehouse.dir ('null') to the value of spark.sql.warehouse.dir.
[2025-03-23T20:04:40.419+0000] {spark_submit.py:645} INFO - 25/03/23 20:04:40 INFO SharedState: Warehouse path is 'file:/opt/spark-warehouse'.
[2025-03-23T20:04:41.488+0000] {spark_submit.py:645} INFO - 25/03/23 20:04:41 INFO SparkContext: SparkContext is stopping with exitCode 0.
[2025-03-23T20:04:41.505+0000] {spark_submit.py:645} INFO - 25/03/23 20:04:41 INFO SparkUI: Stopped Spark web UI at http://ffe4e0703eb1:4040
[2025-03-23T20:04:41.510+0000] {spark_submit.py:645} INFO - 25/03/23 20:04:41 INFO StandaloneSchedulerBackend: Shutting down all executors
[2025-03-23T20:04:41.515+0000] {spark_submit.py:645} INFO - 25/03/23 20:04:41 INFO StandaloneSchedulerBackend$StandaloneDriverEndpoint: Asking each executor to shut down
[2025-03-23T20:04:41.527+0000] {spark_submit.py:645} INFO - 25/03/23 20:04:41 WARN StandaloneAppClient$ClientEndpoint: Drop UnregisterApplication(null) because has not yet connected to master
[2025-03-23T20:04:41.573+0000] {spark_submit.py:645} INFO - 25/03/23 20:04:41 INFO MapOutputTrackerMasterEndpoint: MapOutputTrackerMasterEndpoint stopped!
[2025-03-23T20:04:41.609+0000] {spark_submit.py:645} INFO - 25/03/23 20:04:41 INFO MemoryStore: MemoryStore cleared
[2025-03-23T20:04:41.609+0000] {spark_submit.py:645} INFO - 25/03/23 20:04:41 INFO BlockManager: BlockManager stopped
[2025-03-23T20:04:41.617+0000] {spark_submit.py:645} INFO - 25/03/23 20:04:41 INFO BlockManagerMaster: BlockManagerMaster stopped
[2025-03-23T20:04:41.620+0000] {spark_submit.py:645} INFO - 25/03/23 20:04:41 INFO OutputCommitCoordinator$OutputCommitCoordinatorEndpoint: OutputCommitCoordinator stopped!
[2025-03-23T20:04:41.641+0000] {spark_submit.py:645} INFO - 25/03/23 20:04:41 INFO SparkContext: Successfully stopped SparkContext
[2025-03-23T20:04:44.362+0000] {spark_submit.py:645} INFO - 25/03/23 20:04:44 WARN MetricsConfig: Cannot locate configuration: tried hadoop-metrics2-s3a-file-system.properties,hadoop-metrics2.properties
[2025-03-23T20:04:44.374+0000] {spark_submit.py:645} INFO - 25/03/23 20:04:44 INFO MetricsSystemImpl: Scheduled Metric snapshot period at 10 second(s).
[2025-03-23T20:04:44.375+0000] {spark_submit.py:645} INFO - 25/03/23 20:04:44 INFO MetricsSystemImpl: s3a-file-system metrics system started
[2025-03-23T20:04:47.351+0000] {spark_submit.py:645} INFO - 25/03/23 20:04:47 INFO InMemoryFileIndex: It took 108 ms to list leaf files for 1 paths.
[2025-03-23T20:04:47.484+0000] {spark_submit.py:645} INFO - Traceback (most recent call last):
[2025-03-23T20:04:47.485+0000] {spark_submit.py:645} INFO - File "/spark_job/data_transformation.py", line 64, in <module>
[2025-03-23T20:04:47.488+0000] {spark_submit.py:645} INFO - data_transformation(spark)
[2025-03-23T20:04:47.489+0000] {spark_submit.py:645} INFO - File "/spark_job/data_transformation.py", line 45, in data_transformation
[2025-03-23T20:04:47.492+0000] {spark_submit.py:645} INFO - spark.read.option("multiline", "true").json(file_path).show()
[2025-03-23T20:04:47.493+0000] {spark_submit.py:645} INFO - ^^^^^^^^^^^^^^^^^^^^^^^^^^^^^^^^^^^^^^^^^^^^^^^^^^^^^^
[2025-03-23T20:04:47.493+0000] {spark_submit.py:645} INFO - File "/home/***/.local/lib/python3.11/site-packages/pyspark/python/lib/pyspark.zip/pyspark/sql/readwriter.py", line 425, in json
[2025-03-23T20:04:47.494+0000] {spark_submit.py:645} INFO - File "/home/***/.local/lib/python3.11/site-packages/pyspark/python/lib/py4j-0.10.9.7-src.zip/py4j/java_gateway.py", line 1322, in __call__
[2025-03-23T20:04:47.495+0000] {spark_submit.py:645} INFO - File "/home/***/.local/lib/python3.11/site-packages/pyspark/python/lib/pyspark.zip/pyspark/errors/exceptions/captured.py", line 179, in deco
[2025-03-23T20:04:47.496+0000] {spark_submit.py:645} INFO - File "/home/***/.local/lib/python3.11/site-packages/pyspark/python/lib/py4j-0.10.9.7-src.zip/py4j/protocol.py", line 326, in get_return_value
[2025-03-23T20:04:47.504+0000] {spark_submit.py:645} INFO - py4j.protocol.Py4JJavaError: An error occurred while calling o42.json.
[2025-03-23T20:04:47.504+0000] {spark_submit.py:645} INFO - : java.lang.IllegalStateException: Cannot call methods on a stopped SparkContext.
[2025-03-23T20:04:47.505+0000] {spark_submit.py:645} INFO - This stopped SparkContext was created at:
[2025-03-23T20:04:47.505+0000] {spark_submit.py:645} INFO - 
[2025-03-23T20:04:47.506+0000] {spark_submit.py:645} INFO - org.apache.spark.api.java.JavaSparkContext.<init>(JavaSparkContext.scala:58)
[2025-03-23T20:04:47.506+0000] {spark_submit.py:645} INFO - java.base/jdk.internal.reflect.NativeConstructorAccessorImpl.newInstance0(Native Method)
[2025-03-23T20:04:47.507+0000] {spark_submit.py:645} INFO - java.base/jdk.internal.reflect.NativeConstructorAccessorImpl.newInstance(NativeConstructorAccessorImpl.java:77)
[2025-03-23T20:04:47.508+0000] {spark_submit.py:645} INFO - java.base/jdk.internal.reflect.DelegatingConstructorAccessorImpl.newInstance(DelegatingConstructorAccessorImpl.java:45)
[2025-03-23T20:04:47.508+0000] {spark_submit.py:645} INFO - java.base/java.lang.reflect.Constructor.newInstanceWithCaller(Constructor.java:500)
[2025-03-23T20:04:47.509+0000] {spark_submit.py:645} INFO - java.base/java.lang.reflect.Constructor.newInstance(Constructor.java:481)
[2025-03-23T20:04:47.509+0000] {spark_submit.py:645} INFO - py4j.reflection.MethodInvoker.invoke(MethodInvoker.java:247)
[2025-03-23T20:04:47.510+0000] {spark_submit.py:645} INFO - py4j.reflection.ReflectionEngine.invoke(ReflectionEngine.java:374)
[2025-03-23T20:04:47.510+0000] {spark_submit.py:645} INFO - py4j.Gateway.invoke(Gateway.java:238)
[2025-03-23T20:04:47.511+0000] {spark_submit.py:645} INFO - py4j.commands.ConstructorCommand.invokeConstructor(ConstructorCommand.java:80)
[2025-03-23T20:04:47.511+0000] {spark_submit.py:645} INFO - py4j.commands.ConstructorCommand.execute(ConstructorCommand.java:69)
[2025-03-23T20:04:47.511+0000] {spark_submit.py:645} INFO - py4j.ClientServerConnection.waitForCommands(ClientServerConnection.java:182)
[2025-03-23T20:04:47.512+0000] {spark_submit.py:645} INFO - py4j.ClientServerConnection.run(ClientServerConnection.java:106)
[2025-03-23T20:04:47.512+0000] {spark_submit.py:645} INFO - java.base/java.lang.Thread.run(Thread.java:840)
[2025-03-23T20:04:47.513+0000] {spark_submit.py:645} INFO - 
[2025-03-23T20:04:47.513+0000] {spark_submit.py:645} INFO - The currently active SparkContext was created at:
[2025-03-23T20:04:47.513+0000] {spark_submit.py:645} INFO - 
[2025-03-23T20:04:47.514+0000] {spark_submit.py:645} INFO - (No active SparkContext.)
[2025-03-23T20:04:47.515+0000] {spark_submit.py:645} INFO - 
[2025-03-23T20:04:47.515+0000] {spark_submit.py:645} INFO - at org.apache.spark.SparkContext.assertNotStopped(SparkContext.scala:122)
[2025-03-23T20:04:47.515+0000] {spark_submit.py:645} INFO - at org.apache.spark.SparkContext.defaultParallelism(SparkContext.scala:2702)
[2025-03-23T20:04:47.516+0000] {spark_submit.py:645} INFO - at org.apache.spark.SparkContext.defaultMinPartitions(SparkContext.scala:2711)
[2025-03-23T20:04:47.516+0000] {spark_submit.py:645} INFO - at org.apache.spark.sql.execution.datasources.json.MultiLineJsonDataSource$.createBaseRdd(JsonDataSource.scala:187)
[2025-03-23T20:04:47.517+0000] {spark_submit.py:645} INFO - at org.apache.spark.sql.execution.datasources.json.MultiLineJsonDataSource$.infer(JsonDataSource.scala:160)
[2025-03-23T20:04:47.517+0000] {spark_submit.py:645} INFO - at org.apache.spark.sql.execution.datasources.json.JsonDataSource.inferSchema(JsonDataSource.scala:64)
[2025-03-23T20:04:47.518+0000] {spark_submit.py:645} INFO - at org.apache.spark.sql.execution.datasources.json.JsonFileFormat.inferSchema(JsonFileFormat.scala:59)
[2025-03-23T20:04:47.518+0000] {spark_submit.py:645} INFO - at org.apache.spark.sql.execution.datasources.DataSource.$anonfun$getOrInferFileFormatSchema$11(DataSource.scala:208)
[2025-03-23T20:04:47.519+0000] {spark_submit.py:645} INFO - at scala.Option.orElse(Option.scala:447)
[2025-03-23T20:04:47.519+0000] {spark_submit.py:645} INFO - at org.apache.spark.sql.execution.datasources.DataSource.getOrInferFileFormatSchema(DataSource.scala:205)
[2025-03-23T20:04:47.520+0000] {spark_submit.py:645} INFO - at org.apache.spark.sql.execution.datasources.DataSource.resolveRelation(DataSource.scala:407)
[2025-03-23T20:04:47.520+0000] {spark_submit.py:645} INFO - at org.apache.spark.sql.DataFrameReader.loadV1Source(DataFrameReader.scala:229)
[2025-03-23T20:04:47.521+0000] {spark_submit.py:645} INFO - at org.apache.spark.sql.DataFrameReader.$anonfun$load$2(DataFrameReader.scala:211)
[2025-03-23T20:04:47.521+0000] {spark_submit.py:645} INFO - at scala.Option.getOrElse(Option.scala:189)
[2025-03-23T20:04:47.521+0000] {spark_submit.py:645} INFO - at org.apache.spark.sql.DataFrameReader.load(DataFrameReader.scala:211)
[2025-03-23T20:04:47.522+0000] {spark_submit.py:645} INFO - at org.apache.spark.sql.DataFrameReader.json(DataFrameReader.scala:362)
[2025-03-23T20:04:47.522+0000] {spark_submit.py:645} INFO - at java.base/jdk.internal.reflect.NativeMethodAccessorImpl.invoke0(Native Method)
[2025-03-23T20:04:47.523+0000] {spark_submit.py:645} INFO - at java.base/jdk.internal.reflect.NativeMethodAccessorImpl.invoke(NativeMethodAccessorImpl.java:77)
[2025-03-23T20:04:47.523+0000] {spark_submit.py:645} INFO - at java.base/jdk.internal.reflect.DelegatingMethodAccessorImpl.invoke(DelegatingMethodAccessorImpl.java:43)
[2025-03-23T20:04:47.524+0000] {spark_submit.py:645} INFO - at java.base/java.lang.reflect.Method.invoke(Method.java:569)
[2025-03-23T20:04:47.524+0000] {spark_submit.py:645} INFO - at py4j.reflection.MethodInvoker.invoke(MethodInvoker.java:244)
[2025-03-23T20:04:47.525+0000] {spark_submit.py:645} INFO - at py4j.reflection.ReflectionEngine.invoke(ReflectionEngine.java:374)
[2025-03-23T20:04:47.525+0000] {spark_submit.py:645} INFO - at py4j.Gateway.invoke(Gateway.java:282)
[2025-03-23T20:04:47.525+0000] {spark_submit.py:645} INFO - at py4j.commands.AbstractCommand.invokeMethod(AbstractCommand.java:132)
[2025-03-23T20:04:47.526+0000] {spark_submit.py:645} INFO - at py4j.commands.CallCommand.execute(CallCommand.java:79)
[2025-03-23T20:04:47.526+0000] {spark_submit.py:645} INFO - at py4j.ClientServerConnection.waitForCommands(ClientServerConnection.java:182)
[2025-03-23T20:04:47.527+0000] {spark_submit.py:645} INFO - at py4j.ClientServerConnection.run(ClientServerConnection.java:106)
[2025-03-23T20:04:47.527+0000] {spark_submit.py:645} INFO - at java.base/java.lang.Thread.run(Thread.java:840)
[2025-03-23T20:04:47.528+0000] {spark_submit.py:645} INFO - 
[2025-03-23T20:04:47.579+0000] {spark_submit.py:645} INFO - 25/03/23 20:04:47 INFO ShutdownHookManager: Shutdown hook called
[2025-03-23T20:04:47.580+0000] {spark_submit.py:645} INFO - 25/03/23 20:04:47 INFO ShutdownHookManager: Deleting directory /tmp/spark-5a977f07-0ab3-4886-a5e6-fc087623f432/pyspark-6f122712-e207-482d-a0e3-7e814eeebdf8
[2025-03-23T20:04:47.586+0000] {spark_submit.py:645} INFO - 25/03/23 20:04:47 INFO ShutdownHookManager: Deleting directory /tmp/spark-5a977f07-0ab3-4886-a5e6-fc087623f432
[2025-03-23T20:04:47.591+0000] {spark_submit.py:645} INFO - 25/03/23 20:04:47 INFO ShutdownHookManager: Deleting directory /tmp/spark-359548cc-671d-41e9-aaa2-8d1f754f69e1
[2025-03-23T20:04:47.599+0000] {spark_submit.py:645} INFO - 25/03/23 20:04:47 INFO MetricsSystemImpl: Stopping s3a-file-system metrics system...
[2025-03-23T20:04:47.600+0000] {spark_submit.py:645} INFO - 25/03/23 20:04:47 INFO MetricsSystemImpl: s3a-file-system metrics system stopped.
[2025-03-23T20:04:47.601+0000] {spark_submit.py:645} INFO - 25/03/23 20:04:47 INFO MetricsSystemImpl: s3a-file-system metrics system shutdown complete.
[2025-03-23T20:04:47.643+0000] {taskinstance.py:441} INFO - ::group::Post task execution logs
[2025-03-23T20:04:47.658+0000] {taskinstance.py:2905} ERROR - Task failed with exception
Traceback (most recent call last):
  File "/home/airflow/.local/lib/python3.11/site-packages/airflow/models/taskinstance.py", line 465, in _execute_task
    result = _execute_callable(context=context, **execute_callable_kwargs)
             ^^^^^^^^^^^^^^^^^^^^^^^^^^^^^^^^^^^^^^^^^^^^^^^^^^^^^^^^^^^^^
  File "/home/airflow/.local/lib/python3.11/site-packages/airflow/models/taskinstance.py", line 432, in _execute_callable
    return execute_callable(context=context, **execute_callable_kwargs)
           ^^^^^^^^^^^^^^^^^^^^^^^^^^^^^^^^^^^^^^^^^^^^^^^^^^^^^^^^^^^^
  File "/home/airflow/.local/lib/python3.11/site-packages/airflow/models/baseoperator.py", line 401, in wrapper
    return func(self, *args, **kwargs)
           ^^^^^^^^^^^^^^^^^^^^^^^^^^^
  File "/home/airflow/.local/lib/python3.11/site-packages/airflow/operators/python.py", line 235, in execute
    return_value = self.execute_callable()
                   ^^^^^^^^^^^^^^^^^^^^^^^
  File "/home/airflow/.local/lib/python3.11/site-packages/airflow/operators/python.py", line 252, in execute_callable
    return self.python_callable(*self.op_args, **self.op_kwargs)
           ^^^^^^^^^^^^^^^^^^^^^^^^^^^^^^^^^^^^^^^^^^^^^^^^^^^^^
  File "/opt/airflow/dags/data_pipeline_dag.py", line 92, in spark_dtransformation
    ).execute(kwargs)
      ^^^^^^^^^^^^^^^
  File "/home/airflow/.local/lib/python3.11/site-packages/airflow/models/baseoperator.py", line 401, in wrapper
    return func(self, *args, **kwargs)
           ^^^^^^^^^^^^^^^^^^^^^^^^^^^
  File "/home/airflow/.local/lib/python3.11/site-packages/airflow/providers/apache/spark/operators/spark_submit.py", line 177, in execute
    self._hook.submit(self.application)
  File "/home/airflow/.local/lib/python3.11/site-packages/airflow/providers/apache/spark/hooks/spark_submit.py", line 567, in submit
    raise AirflowException(
airflow.exceptions.AirflowException: Cannot execute: spark-submit --master spark://spark-master:7077 --conf spark.executor.memory=2g --conf spark.executor.cores=2 --conf spark.jars=/opt/***/dags/jars/aws-java-sdk-bundle-1.12.262.jar, /opt/***/dags/jars/hadoop-aws-3.3.4.jar --conf spark.hadoop.fs.s3a.connection.ssl.enabled=false --conf spark.hadoop.fs.s3a.impl=org.apache.hadoop.fs.s3a.S3AFileSystem --principal *** --name arrow-spark --verbose --deploy-mode client /spark_job/data_transformation.py s3a://raw/playlist_20250323_190824.json. Error code is: 1.
[2025-03-23T20:04:47.668+0000] {taskinstance.py:1206} INFO - Marking task as FAILED. dag_id=spotify_etl_pipeline, task_id=transformation, run_id=scheduled__2025-03-22T00:00:00+00:00, execution_date=20250322T000000, start_date=20250323T200332, end_date=20250323T200447
[2025-03-23T20:04:47.720+0000] {standard_task_runner.py:110} ERROR - Failed to execute job 35 for task transformation (Cannot execute: spark-submit --master spark://spark-master:7077 --conf spark.executor.memory=2g --conf spark.executor.cores=2 --conf spark.jars=/opt/***/dags/jars/aws-java-sdk-bundle-1.12.262.jar, /opt/***/dags/jars/hadoop-aws-3.3.4.jar --conf spark.hadoop.fs.s3a.connection.ssl.enabled=false --conf spark.hadoop.fs.s3a.impl=org.apache.hadoop.fs.s3a.S3AFileSystem --principal *** --name arrow-spark --verbose --deploy-mode client /spark_job/data_transformation.py s3a://raw/playlist_20250323_190824.json. Error code is: 1.; 3054)
[2025-03-23T20:04:47.768+0000] {local_task_job_runner.py:240} INFO - Task exited with return code 1
[2025-03-23T20:04:47.833+0000] {taskinstance.py:3503} INFO - 0 downstream tasks scheduled from follow-on schedule check
[2025-03-23T20:04:47.903+0000] {local_task_job_runner.py:222} INFO - ::endgroup::
