[2025-03-26T20:15:43.808+0000] {local_task_job_runner.py:120} INFO - ::group::Pre task execution logs
[2025-03-26T20:15:43.874+0000] {taskinstance.py:2076} INFO - Dependencies all met for dep_context=non-requeueable deps ti=<TaskInstance: etl_pipeline.transformation manual__2025-03-26T13:33:39.761724+00:00 [queued]>
[2025-03-26T20:15:43.911+0000] {taskinstance.py:2076} INFO - Dependencies all met for dep_context=requeueable deps ti=<TaskInstance: etl_pipeline.transformation manual__2025-03-26T13:33:39.761724+00:00 [queued]>
[2025-03-26T20:15:43.912+0000] {taskinstance.py:2306} INFO - Starting attempt 36 of 37
[2025-03-26T20:15:43.958+0000] {taskinstance.py:2330} INFO - Executing <Task(PythonOperator): transformation> on 2025-03-26 13:33:39.761724+00:00
[2025-03-26T20:15:43.967+0000] {standard_task_runner.py:63} INFO - Started process 3895 to run task
[2025-03-26T20:15:43.970+0000] {standard_task_runner.py:90} INFO - Running: ['***', 'tasks', 'run', 'etl_pipeline', 'transformation', 'manual__2025-03-26T13:33:39.761724+00:00', '--job-id', '41', '--raw', '--subdir', 'DAGS_FOLDER/etl_pipeline.py', '--cfg-path', '/tmp/tmpety0rxrd']
[2025-03-26T20:15:43.973+0000] {standard_task_runner.py:91} INFO - Job 41: Subtask transformation
[2025-03-26T20:15:44.099+0000] {task_command.py:426} INFO - Running <TaskInstance: etl_pipeline.transformation manual__2025-03-26T13:33:39.761724+00:00 [running]> on host 53e3672f02f0
[2025-03-26T20:15:44.308+0000] {taskinstance.py:2648} INFO - Exporting env vars: AIRFLOW_CTX_DAG_OWNER='lobobranco' AIRFLOW_CTX_DAG_ID='etl_pipeline' AIRFLOW_CTX_TASK_ID='transformation' AIRFLOW_CTX_EXECUTION_DATE='2025-03-26T13:33:39.761724+00:00' AIRFLOW_CTX_TRY_NUMBER='36' AIRFLOW_CTX_DAG_RUN_ID='manual__2025-03-26T13:33:39.761724+00:00'
[2025-03-26T20:15:44.309+0000] {taskinstance.py:430} INFO - ::endgroup::
[2025-03-26T20:15:44.350+0000] {etl_pipeline.py:76} INFO - Transforming data from file: s3://raw/playlist_20250326_133348.json
[2025-03-26T20:15:44.351+0000] {logging_mixin.py:188} INFO - File Path: s3://raw/playlist_20250326_133348.json
[2025-03-26T20:15:44.351+0000] {logging_mixin.py:188} INFO - Processed Bucket: processed
[2025-03-26T20:15:44.353+0000] {baseoperator.py:400} WARNING - SparkSubmitOperator.execute cannot be called outside TaskInstance!
[2025-03-26T20:15:44.370+0000] {base.py:84} INFO - Using connection ID 'spark_default' for task execution.
[2025-03-26T20:15:44.371+0000] {spark_submit.py:328} ERROR - Failed to decode base64 keytab: Incorrect padding
[2025-03-26T20:15:44.372+0000] {spark_submit.py:305} INFO - Could not load connection string spark_default, defaulting to spark://spark-master:7077
[2025-03-26T20:15:44.374+0000] {spark_submit.py:474} INFO - Spark-Submit cmd: spark-submit --master spark://spark-master:7077 --conf spark.executor.memory=512m --conf spark.executor.cores=1 --conf spark.jars=/opt/spark_job/jars/aws-java-sdk-bundle-1.12.262.jar,/opt/spark_job/jars/hadoop-aws-3.3.4.jar --conf spark.hadoop.fs.s3a.endpoint=http://minio:9000 --conf spark.hadoop.fs.s3a.access.key=admin --conf spark.hadoop.fs.s3a.secret.key=****** --conf spark.hadoop.fs.s3a.impl=org.apache.hadoop.fs.s3a.S3AFileSystem --conf spark.hadoop.fs.s3a.path.style.access=true --principal *** --name arrow-spark --verbose --deploy-mode client /opt/spark_job/data_transformation.py s3://raw/playlist_20250326_133348.json processed
[2025-03-26T20:15:44.528+0000] {spark_submit.py:645} INFO - /home/***/.local/lib/python3.11/site-packages/pyspark/bin/load-spark-env.sh: line 68: ps: command not found
[2025-03-26T20:15:46.413+0000] {spark_submit.py:645} INFO - Using properties file: null
[2025-03-26T20:15:46.562+0000] {spark_submit.py:645} INFO - Parsed arguments:
[2025-03-26T20:15:46.563+0000] {spark_submit.py:645} INFO - master                  spark://spark-master:7077
[2025-03-26T20:15:46.564+0000] {spark_submit.py:645} INFO - remote                  null
[2025-03-26T20:15:46.564+0000] {spark_submit.py:645} INFO - deployMode              client
[2025-03-26T20:15:46.565+0000] {spark_submit.py:645} INFO - executorMemory          512m
[2025-03-26T20:15:46.565+0000] {spark_submit.py:645} INFO - executorCores           1
[2025-03-26T20:15:46.566+0000] {spark_submit.py:645} INFO - totalExecutorCores      null
[2025-03-26T20:15:46.566+0000] {spark_submit.py:645} INFO - propertiesFile          null
[2025-03-26T20:15:46.566+0000] {spark_submit.py:645} INFO - driverMemory            null
[2025-03-26T20:15:46.567+0000] {spark_submit.py:645} INFO - driverCores             null
[2025-03-26T20:15:46.569+0000] {spark_submit.py:645} INFO - driverExtraClassPath    null
[2025-03-26T20:15:46.569+0000] {spark_submit.py:645} INFO - driverExtraLibraryPath  null
[2025-03-26T20:15:46.570+0000] {spark_submit.py:645} INFO - driverExtraJavaOptions  null
[2025-03-26T20:15:46.570+0000] {spark_submit.py:645} INFO - supervise               false
[2025-03-26T20:15:46.571+0000] {spark_submit.py:645} INFO - queue                   null
[2025-03-26T20:15:46.571+0000] {spark_submit.py:645} INFO - numExecutors            null
[2025-03-26T20:15:46.572+0000] {spark_submit.py:645} INFO - files                   null
[2025-03-26T20:15:46.572+0000] {spark_submit.py:645} INFO - pyFiles                 null
[2025-03-26T20:15:46.572+0000] {spark_submit.py:645} INFO - archives                null
[2025-03-26T20:15:46.573+0000] {spark_submit.py:645} INFO - mainClass               null
[2025-03-26T20:15:46.573+0000] {spark_submit.py:645} INFO - primaryResource         file:/opt/spark_job/data_transformation.py
[2025-03-26T20:15:46.574+0000] {spark_submit.py:645} INFO - name                    arrow-spark
[2025-03-26T20:15:46.574+0000] {spark_submit.py:645} INFO - childArgs               [s3://raw/playlist_20250326_133348.json processed]
[2025-03-26T20:15:46.575+0000] {spark_submit.py:645} INFO - jars                    /opt/spark_job/jars/aws-java-sdk-bundle-1.12.262.jar,/opt/spark_job/jars/hadoop-aws-3.3.4.jar
[2025-03-26T20:15:46.575+0000] {spark_submit.py:645} INFO - packages                null
[2025-03-26T20:15:46.575+0000] {spark_submit.py:645} INFO - packagesExclusions      null
[2025-03-26T20:15:46.576+0000] {spark_submit.py:645} INFO - repositories            null
[2025-03-26T20:15:46.576+0000] {spark_submit.py:645} INFO - verbose                 true
[2025-03-26T20:15:46.577+0000] {spark_submit.py:645} INFO - 
[2025-03-26T20:15:46.577+0000] {spark_submit.py:645} INFO - Spark properties used, including those specified through
[2025-03-26T20:15:46.578+0000] {spark_submit.py:645} INFO - --conf and those from the properties file null:
[2025-03-26T20:15:46.578+0000] {spark_submit.py:645} INFO - (spark.executor.cores,1)
[2025-03-26T20:15:46.578+0000] {spark_submit.py:645} INFO - (spark.executor.memory,512m)
[2025-03-26T20:15:46.579+0000] {spark_submit.py:645} INFO - (spark.hadoop.fs.s3a.access.key,*********(redacted))
[2025-03-26T20:15:46.579+0000] {spark_submit.py:645} INFO - (spark.hadoop.fs.s3a.endpoint,http://minio:9000)
[2025-03-26T20:15:46.580+0000] {spark_submit.py:645} INFO - (spark.hadoop.fs.s3a.impl,org.apache.hadoop.fs.s3a.S3AFileSystem)
[2025-03-26T20:15:46.580+0000] {spark_submit.py:645} INFO - (spark.hadoop.fs.s3a.path.style.access,true)
[2025-03-26T20:15:46.580+0000] {spark_submit.py:645} INFO - (spark.hadoop.fs.s3a.secret.key,*********(redacted))
[2025-03-26T20:15:46.581+0000] {spark_submit.py:645} INFO - (spark.jars,/opt/spark_job/jars/aws-java-sdk-bundle-1.12.262.jar,/opt/spark_job/jars/hadoop-aws-3.3.4.jar)
[2025-03-26T20:15:46.581+0000] {spark_submit.py:645} INFO - 
[2025-03-26T20:15:46.582+0000] {spark_submit.py:645} INFO - 
[2025-03-26T20:15:46.925+0000] {spark_submit.py:645} INFO - 25/03/26 20:15:46 WARN NativeCodeLoader: Unable to load native-hadoop library for your platform... using builtin-java classes where applicable
[2025-03-26T20:15:47.211+0000] {spark_submit.py:645} INFO - Main class:
[2025-03-26T20:15:47.211+0000] {spark_submit.py:645} INFO - org.apache.spark.deploy.PythonRunner
[2025-03-26T20:15:47.212+0000] {spark_submit.py:645} INFO - Arguments:
[2025-03-26T20:15:47.212+0000] {spark_submit.py:645} INFO - file:/opt/spark_job/data_transformation.py
[2025-03-26T20:15:47.213+0000] {spark_submit.py:645} INFO - null
[2025-03-26T20:15:47.213+0000] {spark_submit.py:645} INFO - s3://raw/playlist_20250326_133348.json
[2025-03-26T20:15:47.214+0000] {spark_submit.py:645} INFO - processed
[2025-03-26T20:15:47.219+0000] {spark_submit.py:645} INFO - Spark config:
[2025-03-26T20:15:47.221+0000] {spark_submit.py:645} INFO - (spark.app.name,arrow-spark)
[2025-03-26T20:15:47.222+0000] {spark_submit.py:645} INFO - (spark.app.submitTime,1743020147189)
[2025-03-26T20:15:47.222+0000] {spark_submit.py:645} INFO - (spark.executor.cores,1)
[2025-03-26T20:15:47.224+0000] {spark_submit.py:645} INFO - (spark.executor.memory,512m)
[2025-03-26T20:15:47.226+0000] {spark_submit.py:645} INFO - (spark.hadoop.fs.s3a.access.key,*********(redacted))
[2025-03-26T20:15:47.232+0000] {spark_submit.py:645} INFO - (spark.hadoop.fs.s3a.endpoint,http://minio:9000)
[2025-03-26T20:15:47.232+0000] {spark_submit.py:645} INFO - (spark.hadoop.fs.s3a.impl,org.apache.hadoop.fs.s3a.S3AFileSystem)
[2025-03-26T20:15:47.233+0000] {spark_submit.py:645} INFO - (spark.hadoop.fs.s3a.path.style.access,true)
[2025-03-26T20:15:47.233+0000] {spark_submit.py:645} INFO - (spark.hadoop.fs.s3a.secret.key,*********(redacted))
[2025-03-26T20:15:47.234+0000] {spark_submit.py:645} INFO - (spark.jars,file:///opt/spark_job/jars/aws-java-sdk-bundle-1.12.262.jar,file:///opt/spark_job/jars/hadoop-aws-3.3.4.jar)
[2025-03-26T20:15:47.235+0000] {spark_submit.py:645} INFO - (spark.kerberos.principal,***)
[2025-03-26T20:15:47.237+0000] {spark_submit.py:645} INFO - (spark.master,spark://spark-master:7077)
[2025-03-26T20:15:47.240+0000] {spark_submit.py:645} INFO - (spark.repl.local.jars,file:///opt/spark_job/jars/aws-java-sdk-bundle-1.12.262.jar,file:///opt/spark_job/jars/hadoop-aws-3.3.4.jar)
[2025-03-26T20:15:47.242+0000] {spark_submit.py:645} INFO - (spark.submit.deployMode,client)
[2025-03-26T20:15:47.242+0000] {spark_submit.py:645} INFO - (spark.submit.pyFiles,)
[2025-03-26T20:15:47.243+0000] {spark_submit.py:645} INFO - Classpath elements:
[2025-03-26T20:15:47.243+0000] {spark_submit.py:645} INFO - file:///opt/spark_job/jars/aws-java-sdk-bundle-1.12.262.jar
[2025-03-26T20:15:47.244+0000] {spark_submit.py:645} INFO - file:///opt/spark_job/jars/hadoop-aws-3.3.4.jar
[2025-03-26T20:15:47.245+0000] {spark_submit.py:645} INFO - 
[2025-03-26T20:15:47.246+0000] {spark_submit.py:645} INFO - 
[2025-03-26T20:15:48.711+0000] {spark_submit.py:645} INFO - 2025-03-26 20:15:48,711 - INFO - Iniciando a configuração da Spark Session
[2025-03-26T20:15:49.311+0000] {spark_submit.py:645} INFO - 25/03/26 20:15:49 INFO SparkContext: Running Spark version 3.5.5
[2025-03-26T20:15:49.312+0000] {spark_submit.py:645} INFO - 25/03/26 20:15:49 INFO SparkContext: OS info Linux, 5.15.153.1-microsoft-standard-WSL2, amd64
[2025-03-26T20:15:49.313+0000] {spark_submit.py:645} INFO - 25/03/26 20:15:49 INFO SparkContext: Java version 17.0.14
[2025-03-26T20:15:49.354+0000] {spark_submit.py:645} INFO - 25/03/26 20:15:49 INFO ResourceUtils: ==============================================================
[2025-03-26T20:15:49.367+0000] {spark_submit.py:645} INFO - 25/03/26 20:15:49 INFO ResourceUtils: No custom resources configured for spark.driver.
[2025-03-26T20:15:49.369+0000] {spark_submit.py:645} INFO - 25/03/26 20:15:49 INFO ResourceUtils: ==============================================================
[2025-03-26T20:15:49.371+0000] {spark_submit.py:645} INFO - 25/03/26 20:15:49 INFO SparkContext: Submitted application: Minio Integration with PySpark
[2025-03-26T20:15:49.428+0000] {spark_submit.py:645} INFO - 25/03/26 20:15:49 INFO ResourceProfile: Default ResourceProfile created, executor resources: Map(cores -> name: cores, amount: 1, script: , vendor: , memory -> name: memory, amount: 512, script: , vendor: , offHeap -> name: offHeap, amount: 0, script: , vendor: ), task resources: Map(cpus -> name: cpus, amount: 1.0)
[2025-03-26T20:15:49.457+0000] {spark_submit.py:645} INFO - 25/03/26 20:15:49 INFO ResourceProfile: Limiting resource is cpus at 1 tasks per executor
[2025-03-26T20:15:49.460+0000] {spark_submit.py:645} INFO - 25/03/26 20:15:49 INFO ResourceProfileManager: Added ResourceProfile id: 0
[2025-03-26T20:15:49.583+0000] {spark_submit.py:645} INFO - 25/03/26 20:15:49 INFO SecurityManager: Changing view acls to: ***
[2025-03-26T20:15:49.585+0000] {spark_submit.py:645} INFO - 25/03/26 20:15:49 INFO SecurityManager: Changing modify acls to: ***
[2025-03-26T20:15:49.588+0000] {spark_submit.py:645} INFO - 25/03/26 20:15:49 INFO SecurityManager: Changing view acls groups to:
[2025-03-26T20:15:49.591+0000] {spark_submit.py:645} INFO - 25/03/26 20:15:49 INFO SecurityManager: Changing modify acls groups to:
[2025-03-26T20:15:49.592+0000] {spark_submit.py:645} INFO - 25/03/26 20:15:49 INFO SecurityManager: SecurityManager: authentication disabled; ui acls disabled; users with view permissions: ***; groups with view permissions: EMPTY; users with modify permissions: ***; groups with modify permissions: EMPTY
[2025-03-26T20:15:49.909+0000] {spark_submit.py:645} INFO - 25/03/26 20:15:49 INFO Utils: Successfully started service 'sparkDriver' on port 34683.
[2025-03-26T20:15:49.950+0000] {spark_submit.py:645} INFO - 25/03/26 20:15:49 INFO SparkEnv: Registering MapOutputTracker
[2025-03-26T20:15:49.986+0000] {spark_submit.py:645} INFO - 25/03/26 20:15:49 INFO SparkEnv: Registering BlockManagerMaster
[2025-03-26T20:15:50.005+0000] {spark_submit.py:645} INFO - 25/03/26 20:15:50 INFO BlockManagerMasterEndpoint: Using org.apache.spark.storage.DefaultTopologyMapper for getting topology information
[2025-03-26T20:15:50.006+0000] {spark_submit.py:645} INFO - 25/03/26 20:15:50 INFO BlockManagerMasterEndpoint: BlockManagerMasterEndpoint up
[2025-03-26T20:15:50.010+0000] {spark_submit.py:645} INFO - 25/03/26 20:15:50 INFO SparkEnv: Registering BlockManagerMasterHeartbeat
[2025-03-26T20:15:50.031+0000] {spark_submit.py:645} INFO - 25/03/26 20:15:50 INFO DiskBlockManager: Created local directory at /tmp/blockmgr-a181229a-0fc7-4b5b-a777-78fe7e9e51b2
[2025-03-26T20:15:50.045+0000] {spark_submit.py:645} INFO - 25/03/26 20:15:50 INFO MemoryStore: MemoryStore started with capacity 434.4 MiB
[2025-03-26T20:15:50.060+0000] {spark_submit.py:645} INFO - 25/03/26 20:15:50 INFO SparkEnv: Registering OutputCommitCoordinator
[2025-03-26T20:15:50.195+0000] {spark_submit.py:645} INFO - 25/03/26 20:15:50 INFO JettyUtils: Start Jetty 0.0.0.0:4040 for SparkUI
[2025-03-26T20:15:50.288+0000] {spark_submit.py:645} INFO - 25/03/26 20:15:50 INFO Utils: Successfully started service 'SparkUI' on port 4040.
[2025-03-26T20:15:50.338+0000] {spark_submit.py:645} INFO - 25/03/26 20:15:50 INFO SparkContext: Added JAR file:///opt/spark_job/jars/aws-java-sdk-bundle-1.12.262.jar at spark://53e3672f02f0:34683/jars/aws-java-sdk-bundle-1.12.262.jar with timestamp 1743020149300
[2025-03-26T20:15:50.340+0000] {spark_submit.py:645} INFO - 25/03/26 20:15:50 INFO SparkContext: Added JAR file:///opt/spark_job/jars/hadoop-aws-3.3.4.jar at spark://53e3672f02f0:34683/jars/hadoop-aws-3.3.4.jar with timestamp 1743020149300
[2025-03-26T20:15:50.458+0000] {spark_submit.py:645} INFO - 25/03/26 20:15:50 INFO StandaloneAppClient$ClientEndpoint: Connecting to master spark://spark-master:7077...
[2025-03-26T20:15:50.545+0000] {spark_submit.py:645} INFO - 25/03/26 20:15:50 INFO TransportClientFactory: Successfully created connection to spark-master/172.18.0.7:7077 after 49 ms (0 ms spent in bootstraps)
[2025-03-26T20:15:50.681+0000] {spark_submit.py:645} INFO - 25/03/26 20:15:50 INFO StandaloneSchedulerBackend: Connected to Spark cluster with app ID app-20250326201550-0014
[2025-03-26T20:15:50.685+0000] {spark_submit.py:645} INFO - 25/03/26 20:15:50 INFO StandaloneAppClient$ClientEndpoint: Executor added: app-20250326201550-0014/0 on worker-20250326191948-172.18.0.6-43665 (172.18.0.6:43665) with 1 core(s)
[2025-03-26T20:15:50.696+0000] {spark_submit.py:645} INFO - 25/03/26 20:15:50 INFO Utils: Successfully started service 'org.apache.spark.network.netty.NettyBlockTransferService' on port 41315.
[2025-03-26T20:15:50.708+0000] {spark_submit.py:645} INFO - 25/03/26 20:15:50 INFO StandaloneSchedulerBackend: Granted executor ID app-20250326201550-0014/0 on hostPort 172.18.0.6:43665 with 1 core(s), 512.0 MiB RAM
[2025-03-26T20:15:50.712+0000] {spark_submit.py:645} INFO - 25/03/26 20:15:50 INFO StandaloneAppClient$ClientEndpoint: Executor added: app-20250326201550-0014/1 on worker-20250326191948-172.18.0.6-43665 (172.18.0.6:43665) with 1 core(s)
[2025-03-26T20:15:50.713+0000] {spark_submit.py:645} INFO - 25/03/26 20:15:50 INFO StandaloneSchedulerBackend: Granted executor ID app-20250326201550-0014/1 on hostPort 172.18.0.6:43665 with 1 core(s), 512.0 MiB RAM
[2025-03-26T20:15:50.714+0000] {spark_submit.py:645} INFO - 25/03/26 20:15:50 INFO StandaloneAppClient$ClientEndpoint: Executor added: app-20250326201550-0014/2 on worker-20250326191948-172.18.0.5-44457 (172.18.0.5:44457) with 1 core(s)
[2025-03-26T20:15:50.721+0000] {spark_submit.py:645} INFO - 25/03/26 20:15:50 INFO StandaloneSchedulerBackend: Granted executor ID app-20250326201550-0014/2 on hostPort 172.18.0.5:44457 with 1 core(s), 512.0 MiB RAM
[2025-03-26T20:15:50.724+0000] {spark_submit.py:645} INFO - 25/03/26 20:15:50 INFO StandaloneAppClient$ClientEndpoint: Executor added: app-20250326201550-0014/3 on worker-20250326191948-172.18.0.5-44457 (172.18.0.5:44457) with 1 core(s)
[2025-03-26T20:15:50.730+0000] {spark_submit.py:645} INFO - 25/03/26 20:15:50 INFO StandaloneSchedulerBackend: Granted executor ID app-20250326201550-0014/3 on hostPort 172.18.0.5:44457 with 1 core(s), 512.0 MiB RAM
[2025-03-26T20:15:50.731+0000] {spark_submit.py:645} INFO - 25/03/26 20:15:50 INFO NettyBlockTransferService: Server created on 53e3672f02f0:41315
[2025-03-26T20:15:50.732+0000] {spark_submit.py:645} INFO - 25/03/26 20:15:50 INFO BlockManager: Using org.apache.spark.storage.RandomBlockReplicationPolicy for block replication policy
[2025-03-26T20:15:50.791+0000] {spark_submit.py:645} INFO - 25/03/26 20:15:50 INFO BlockManagerMaster: Registering BlockManager BlockManagerId(driver, 53e3672f02f0, 41315, None)
[2025-03-26T20:15:50.839+0000] {spark_submit.py:645} INFO - 25/03/26 20:15:50 INFO BlockManagerMasterEndpoint: Registering block manager 53e3672f02f0:41315 with 434.4 MiB RAM, BlockManagerId(driver, 53e3672f02f0, 41315, None)
[2025-03-26T20:15:50.849+0000] {spark_submit.py:645} INFO - 25/03/26 20:15:50 INFO StandaloneAppClient$ClientEndpoint: Executor updated: app-20250326201550-0014/0 is now RUNNING
[2025-03-26T20:15:50.868+0000] {spark_submit.py:645} INFO - 25/03/26 20:15:50 INFO BlockManagerMaster: Registered BlockManager BlockManagerId(driver, 53e3672f02f0, 41315, None)
[2025-03-26T20:15:50.869+0000] {spark_submit.py:645} INFO - 25/03/26 20:15:50 INFO BlockManager: Initialized BlockManager: BlockManagerId(driver, 53e3672f02f0, 41315, None)
[2025-03-26T20:15:50.870+0000] {spark_submit.py:645} INFO - 25/03/26 20:15:50 INFO StandaloneAppClient$ClientEndpoint: Executor updated: app-20250326201550-0014/2 is now RUNNING
[2025-03-26T20:15:50.870+0000] {spark_submit.py:645} INFO - 25/03/26 20:15:50 INFO StandaloneAppClient$ClientEndpoint: Executor updated: app-20250326201550-0014/1 is now RUNNING
[2025-03-26T20:15:50.871+0000] {spark_submit.py:645} INFO - 25/03/26 20:15:50 INFO StandaloneAppClient$ClientEndpoint: Executor updated: app-20250326201550-0014/3 is now RUNNING
[2025-03-26T20:15:51.528+0000] {spark_submit.py:645} INFO - 25/03/26 20:15:51 INFO StandaloneSchedulerBackend: SchedulerBackend is ready for scheduling beginning after reached minRegisteredResourcesRatio: 0.0
[2025-03-26T20:15:52.161+0000] {spark_submit.py:645} INFO - 2025-03-26 20:15:52,156 - INFO - Spark Session criada com sucesso
[2025-03-26T20:15:52.175+0000] {spark_submit.py:645} INFO - 25/03/26 20:15:52 INFO SharedState: Setting hive.metastore.warehouse.dir ('null') to the value of spark.sql.warehouse.dir.
[2025-03-26T20:15:52.185+0000] {spark_submit.py:645} INFO - 25/03/26 20:15:52 INFO SharedState: Warehouse path is 'file:/opt/spark-warehouse'.
[2025-03-26T20:15:54.756+0000] {spark_submit.py:645} INFO - 25/03/26 20:15:54 WARN MetricsConfig: Cannot locate configuration: tried hadoop-metrics2-s3a-file-system.properties,hadoop-metrics2.properties
[2025-03-26T20:15:54.797+0000] {spark_submit.py:645} INFO - 25/03/26 20:15:54 INFO MetricsSystemImpl: Scheduled Metric snapshot period at 10 second(s).
[2025-03-26T20:15:54.804+0000] {spark_submit.py:645} INFO - 25/03/26 20:15:54 INFO MetricsSystemImpl: s3a-file-system metrics system started
[2025-03-26T20:15:59.915+0000] {spark_submit.py:645} INFO - 25/03/26 20:15:59 INFO InMemoryFileIndex: It took 277 ms to list leaf files for 1 paths.
[2025-03-26T20:16:00.337+0000] {spark_submit.py:645} INFO - 25/03/26 20:16:00 INFO MemoryStore: Block broadcast_0 stored as values in memory (estimated size 209.2 KiB, free 434.2 MiB)
[2025-03-26T20:16:00.704+0000] {spark_submit.py:645} INFO - 25/03/26 20:16:00 INFO MemoryStore: Block broadcast_0_piece0 stored as bytes in memory (estimated size 35.4 KiB, free 434.2 MiB)
[2025-03-26T20:16:00.725+0000] {spark_submit.py:645} INFO - 25/03/26 20:16:00 INFO BlockManagerInfo: Added broadcast_0_piece0 in memory on 53e3672f02f0:41315 (size: 35.4 KiB, free: 434.4 MiB)
[2025-03-26T20:16:00.755+0000] {spark_submit.py:645} INFO - 25/03/26 20:16:00 INFO SparkContext: Created broadcast 0 from json at NativeMethodAccessorImpl.java:0
[2025-03-26T20:16:01.634+0000] {spark_submit.py:645} INFO - 25/03/26 20:16:01 INFO FileInputFormat: Total input files to process : 1
[2025-03-26T20:16:01.653+0000] {spark_submit.py:645} INFO - 25/03/26 20:16:01 INFO FileInputFormat: Total input files to process : 1
[2025-03-26T20:16:01.670+0000] {spark_submit.py:645} INFO - 25/03/26 20:16:01 INFO SparkContext: Starting job: json at NativeMethodAccessorImpl.java:0
[2025-03-26T20:16:01.707+0000] {spark_submit.py:645} INFO - 25/03/26 20:16:01 INFO DAGScheduler: Got job 0 (json at NativeMethodAccessorImpl.java:0) with 1 output partitions
[2025-03-26T20:16:01.707+0000] {spark_submit.py:645} INFO - 25/03/26 20:16:01 INFO DAGScheduler: Final stage: ResultStage 0 (json at NativeMethodAccessorImpl.java:0)
[2025-03-26T20:16:01.708+0000] {spark_submit.py:645} INFO - 25/03/26 20:16:01 INFO DAGScheduler: Parents of final stage: List()
[2025-03-26T20:16:01.720+0000] {spark_submit.py:645} INFO - 25/03/26 20:16:01 INFO DAGScheduler: Missing parents: List()
[2025-03-26T20:16:01.768+0000] {spark_submit.py:645} INFO - 25/03/26 20:16:01 INFO DAGScheduler: Submitting ResultStage 0 (MapPartitionsRDD[2] at json at NativeMethodAccessorImpl.java:0), which has no missing parents
[2025-03-26T20:16:02.018+0000] {spark_submit.py:645} INFO - 25/03/26 20:16:02 INFO MemoryStore: Block broadcast_1 stored as values in memory (estimated size 9.3 KiB, free 434.2 MiB)
[2025-03-26T20:16:02.091+0000] {spark_submit.py:645} INFO - 25/03/26 20:16:02 INFO MemoryStore: Block broadcast_1_piece0 stored as bytes in memory (estimated size 5.0 KiB, free 434.1 MiB)
[2025-03-26T20:16:02.092+0000] {spark_submit.py:645} INFO - 25/03/26 20:16:02 INFO BlockManagerInfo: Added broadcast_1_piece0 in memory on 53e3672f02f0:41315 (size: 5.0 KiB, free: 434.4 MiB)
[2025-03-26T20:16:02.095+0000] {spark_submit.py:645} INFO - 25/03/26 20:16:02 INFO SparkContext: Created broadcast 1 from broadcast at DAGScheduler.scala:1585
[2025-03-26T20:16:02.202+0000] {spark_submit.py:645} INFO - 25/03/26 20:16:02 INFO DAGScheduler: Submitting 1 missing tasks from ResultStage 0 (MapPartitionsRDD[2] at json at NativeMethodAccessorImpl.java:0) (first 15 tasks are for partitions Vector(0))
[2025-03-26T20:16:02.204+0000] {spark_submit.py:645} INFO - 25/03/26 20:16:02 INFO TaskSchedulerImpl: Adding task set 0.0 with 1 tasks resource profile 0
[2025-03-26T20:16:02.720+0000] {spark_submit.py:645} INFO - 25/03/26 20:16:02 INFO StandaloneSchedulerBackend$StandaloneDriverEndpoint: Registered executor NettyRpcEndpointRef(spark-client://Executor) (172.18.0.6:46040) with ID 0,  ResourceProfileId 0
[2025-03-26T20:16:02.827+0000] {spark_submit.py:645} INFO - 25/03/26 20:16:02 INFO StandaloneSchedulerBackend$StandaloneDriverEndpoint: Registered executor NettyRpcEndpointRef(spark-client://Executor) (172.18.0.6:46054) with ID 1,  ResourceProfileId 0
[2025-03-26T20:16:02.999+0000] {spark_submit.py:645} INFO - 25/03/26 20:16:02 INFO BlockManagerMasterEndpoint: Registering block manager 172.18.0.6:33001 with 127.2 MiB RAM, BlockManagerId(0, 172.18.0.6, 33001, None)
[2025-03-26T20:16:03.035+0000] {spark_submit.py:645} INFO - 25/03/26 20:16:03 INFO StandaloneSchedulerBackend$StandaloneDriverEndpoint: Registered executor NettyRpcEndpointRef(spark-client://Executor) (172.18.0.5:46130) with ID 2,  ResourceProfileId 0
[2025-03-26T20:16:03.097+0000] {spark_submit.py:645} INFO - 25/03/26 20:16:03 INFO BlockManagerMasterEndpoint: Registering block manager 172.18.0.6:33303 with 127.2 MiB RAM, BlockManagerId(1, 172.18.0.6, 33303, None)
[2025-03-26T20:16:03.218+0000] {spark_submit.py:645} INFO - 25/03/26 20:16:03 INFO BlockManagerMasterEndpoint: Registering block manager 172.18.0.5:43849 with 127.2 MiB RAM, BlockManagerId(2, 172.18.0.5, 43849, None)
[2025-03-26T20:16:03.450+0000] {spark_submit.py:645} INFO - 25/03/26 20:16:03 INFO StandaloneSchedulerBackend$StandaloneDriverEndpoint: Registered executor NettyRpcEndpointRef(spark-client://Executor) (172.18.0.5:46134) with ID 3,  ResourceProfileId 0
[2025-03-26T20:16:03.689+0000] {spark_submit.py:645} INFO - 25/03/26 20:16:03 INFO BlockManagerMasterEndpoint: Registering block manager 172.18.0.5:40481 with 127.2 MiB RAM, BlockManagerId(3, 172.18.0.5, 40481, None)
[2025-03-26T20:16:34.112+0000] {spark_submit.py:645} INFO - 25/03/26 20:16:34 INFO TaskSetManager: Starting task 0.0 in stage 0.0 (TID 0) (172.18.0.6, executor 1, partition 0, PROCESS_LOCAL, 9420 bytes)
[2025-03-26T20:16:44.685+0000] {spark_submit.py:645} INFO - 25/03/26 20:16:44 INFO BlockManagerInfo: Added broadcast_1_piece0 in memory on 172.18.0.6:33303 (size: 5.0 KiB, free: 127.2 MiB)
[2025-03-26T20:16:44.977+0000] {spark_submit.py:645} INFO - 25/03/26 20:16:44 INFO BlockManagerInfo: Added broadcast_0_piece0 in memory on 172.18.0.6:33303 (size: 35.4 KiB, free: 127.2 MiB)
[2025-03-26T20:16:52.626+0000] {spark_submit.py:645} INFO - 25/03/26 20:16:52 INFO TaskSetManager: Finished task 0.0 in stage 0.0 (TID 0) in 18770 ms on 172.18.0.6 (executor 1) (1/1)
[2025-03-26T20:16:52.644+0000] {spark_submit.py:645} INFO - 25/03/26 20:16:52 INFO TaskSchedulerImpl: Removed TaskSet 0.0, whose tasks have all completed, from pool
[2025-03-26T20:16:52.647+0000] {spark_submit.py:645} INFO - 25/03/26 20:16:52 INFO DAGScheduler: ResultStage 0 (json at NativeMethodAccessorImpl.java:0) finished in 50.781 s
[2025-03-26T20:16:52.650+0000] {spark_submit.py:645} INFO - 25/03/26 20:16:52 INFO DAGScheduler: Job 0 is finished. Cancelling potential speculative or zombie tasks for this job
[2025-03-26T20:16:52.651+0000] {spark_submit.py:645} INFO - 25/03/26 20:16:52 INFO TaskSchedulerImpl: Killing all running tasks in stage 0: Stage finished
[2025-03-26T20:16:52.665+0000] {spark_submit.py:645} INFO - 25/03/26 20:16:52 INFO DAGScheduler: Job 0 finished: json at NativeMethodAccessorImpl.java:0, took 51.264927 s
[2025-03-26T20:16:53.210+0000] {spark_submit.py:645} INFO - 25/03/26 20:16:53 INFO BlockManagerInfo: Removed broadcast_1_piece0 on 53e3672f02f0:41315 in memory (size: 5.0 KiB, free: 434.4 MiB)
[2025-03-26T20:16:53.264+0000] {spark_submit.py:645} INFO - 25/03/26 20:16:53 INFO BlockManagerInfo: Removed broadcast_1_piece0 on 172.18.0.6:33303 in memory (size: 5.0 KiB, free: 127.2 MiB)
[2025-03-26T20:16:58.818+0000] {spark_submit.py:645} INFO - 25/03/26 20:16:58 INFO FileSourceStrategy: Pushed Filters:
[2025-03-26T20:16:58.820+0000] {spark_submit.py:645} INFO - 25/03/26 20:16:58 INFO FileSourceStrategy: Post-Scan Filters:
[2025-03-26T20:16:59.092+0000] {spark_submit.py:645} INFO - 25/03/26 20:16:59 INFO ParquetUtils: Using default output committer for Parquet: org.apache.parquet.hadoop.ParquetOutputCommitter
[2025-03-26T20:16:59.126+0000] {spark_submit.py:645} INFO - 25/03/26 20:16:59 INFO FileOutputCommitter: File Output Committer Algorithm version is 1
[2025-03-26T20:16:59.127+0000] {spark_submit.py:645} INFO - 25/03/26 20:16:59 INFO FileOutputCommitter: FileOutputCommitter skip cleanup _temporary folders under output directory:false, ignore cleanup failures: false
[2025-03-26T20:16:59.127+0000] {spark_submit.py:645} INFO - 25/03/26 20:16:59 INFO SQLHadoopMapReduceCommitProtocol: Using user defined output committer class org.apache.parquet.hadoop.ParquetOutputCommitter
[2025-03-26T20:16:59.127+0000] {spark_submit.py:645} INFO - 25/03/26 20:16:59 INFO FileOutputCommitter: File Output Committer Algorithm version is 1
[2025-03-26T20:16:59.128+0000] {spark_submit.py:645} INFO - 25/03/26 20:16:59 INFO FileOutputCommitter: FileOutputCommitter skip cleanup _temporary folders under output directory:false, ignore cleanup failures: false
[2025-03-26T20:16:59.128+0000] {spark_submit.py:645} INFO - 25/03/26 20:16:59 INFO SQLHadoopMapReduceCommitProtocol: Using output committer class org.apache.parquet.hadoop.ParquetOutputCommitter
[2025-03-26T20:16:59.588+0000] {spark_submit.py:645} INFO - 25/03/26 20:16:59 INFO MemoryStore: Block broadcast_2 stored as values in memory (estimated size 208.7 KiB, free 434.0 MiB)
[2025-03-26T20:16:59.615+0000] {spark_submit.py:645} INFO - 25/03/26 20:16:59 INFO MemoryStore: Block broadcast_2_piece0 stored as bytes in memory (estimated size 35.4 KiB, free 433.9 MiB)
[2025-03-26T20:16:59.617+0000] {spark_submit.py:645} INFO - 25/03/26 20:16:59 INFO BlockManagerInfo: Added broadcast_2_piece0 in memory on 53e3672f02f0:41315 (size: 35.4 KiB, free: 434.3 MiB)
[2025-03-26T20:16:59.620+0000] {spark_submit.py:645} INFO - 25/03/26 20:16:59 INFO SparkContext: Created broadcast 2 from parquet at NativeMethodAccessorImpl.java:0
[2025-03-26T20:16:59.638+0000] {spark_submit.py:645} INFO - 25/03/26 20:16:59 INFO FileSourceScanExec: Planning scan with bin packing, max size: 4194304 bytes, open cost is considered as scanning 4194304 bytes.
[2025-03-26T20:16:59.674+0000] {spark_submit.py:645} INFO - 25/03/26 20:16:59 INFO BlockManagerInfo: Removed broadcast_0_piece0 on 53e3672f02f0:41315 in memory (size: 35.4 KiB, free: 434.4 MiB)
[2025-03-26T20:16:59.676+0000] {spark_submit.py:645} INFO - 25/03/26 20:16:59 INFO BlockManagerInfo: Removed broadcast_0_piece0 on 172.18.0.6:33303 in memory (size: 35.4 KiB, free: 127.2 MiB)
[2025-03-26T20:16:59.679+0000] {spark_submit.py:645} INFO - 25/03/26 20:16:59 INFO SparkContext: Starting job: parquet at NativeMethodAccessorImpl.java:0
[2025-03-26T20:16:59.686+0000] {spark_submit.py:645} INFO - 25/03/26 20:16:59 INFO DAGScheduler: Got job 1 (parquet at NativeMethodAccessorImpl.java:0) with 1 output partitions
[2025-03-26T20:16:59.687+0000] {spark_submit.py:645} INFO - 25/03/26 20:16:59 INFO DAGScheduler: Final stage: ResultStage 1 (parquet at NativeMethodAccessorImpl.java:0)
[2025-03-26T20:16:59.687+0000] {spark_submit.py:645} INFO - 25/03/26 20:16:59 INFO DAGScheduler: Parents of final stage: List()
[2025-03-26T20:16:59.687+0000] {spark_submit.py:645} INFO - 25/03/26 20:16:59 INFO DAGScheduler: Missing parents: List()
[2025-03-26T20:16:59.689+0000] {spark_submit.py:645} INFO - 25/03/26 20:16:59 INFO DAGScheduler: Submitting ResultStage 1 (MapPartitionsRDD[5] at parquet at NativeMethodAccessorImpl.java:0), which has no missing parents
[2025-03-26T20:16:59.890+0000] {spark_submit.py:645} INFO - 25/03/26 20:16:59 INFO MemoryStore: Block broadcast_3 stored as values in memory (estimated size 222.2 KiB, free 433.9 MiB)
[2025-03-26T20:16:59.900+0000] {spark_submit.py:645} INFO - 25/03/26 20:16:59 INFO MemoryStore: Block broadcast_3_piece0 stored as bytes in memory (estimated size 79.8 KiB, free 433.9 MiB)
[2025-03-26T20:16:59.902+0000] {spark_submit.py:645} INFO - 25/03/26 20:16:59 INFO BlockManagerInfo: Added broadcast_3_piece0 in memory on 53e3672f02f0:41315 (size: 79.8 KiB, free: 434.3 MiB)
[2025-03-26T20:16:59.904+0000] {spark_submit.py:645} INFO - 25/03/26 20:16:59 INFO SparkContext: Created broadcast 3 from broadcast at DAGScheduler.scala:1585
[2025-03-26T20:16:59.905+0000] {spark_submit.py:645} INFO - 25/03/26 20:16:59 INFO DAGScheduler: Submitting 1 missing tasks from ResultStage 1 (MapPartitionsRDD[5] at parquet at NativeMethodAccessorImpl.java:0) (first 15 tasks are for partitions Vector(0))
[2025-03-26T20:16:59.906+0000] {spark_submit.py:645} INFO - 25/03/26 20:16:59 INFO TaskSchedulerImpl: Adding task set 1.0 with 1 tasks resource profile 0
[2025-03-26T20:16:59.910+0000] {spark_submit.py:645} INFO - 25/03/26 20:16:59 INFO TaskSetManager: Starting task 0.0 in stage 1.0 (TID 1) (172.18.0.6, executor 0, partition 0, PROCESS_LOCAL, 9891 bytes)
[2025-03-26T20:17:00.230+0000] {spark_submit.py:645} INFO - 25/03/26 20:17:00 INFO BlockManagerInfo: Added broadcast_3_piece0 in memory on 172.18.0.6:33001 (size: 79.8 KiB, free: 127.1 MiB)
[2025-03-26T20:17:11.422+0000] {spark_submit.py:645} INFO - 25/03/26 20:17:11 INFO BlockManagerInfo: Added broadcast_2_piece0 in memory on 172.18.0.6:33001 (size: 35.4 KiB, free: 127.1 MiB)
[2025-03-26T20:17:19.200+0000] {spark_submit.py:645} INFO - 25/03/26 20:17:19 INFO TaskSetManager: Finished task 0.0 in stage 1.0 (TID 1) in 19291 ms on 172.18.0.6 (executor 0) (1/1)
[2025-03-26T20:17:19.211+0000] {spark_submit.py:645} INFO - 25/03/26 20:17:19 INFO DAGScheduler: ResultStage 1 (parquet at NativeMethodAccessorImpl.java:0) finished in 19.509 s
[2025-03-26T20:17:19.212+0000] {spark_submit.py:645} INFO - 25/03/26 20:17:19 INFO DAGScheduler: Job 1 is finished. Cancelling potential speculative or zombie tasks for this job
[2025-03-26T20:17:19.213+0000] {spark_submit.py:645} INFO - 25/03/26 20:17:19 INFO TaskSchedulerImpl: Removed TaskSet 1.0, whose tasks have all completed, from pool
[2025-03-26T20:17:19.216+0000] {spark_submit.py:645} INFO - 25/03/26 20:17:19 INFO TaskSchedulerImpl: Killing all running tasks in stage 1: Stage finished
[2025-03-26T20:17:19.223+0000] {spark_submit.py:645} INFO - 25/03/26 20:17:19 INFO DAGScheduler: Job 1 finished: parquet at NativeMethodAccessorImpl.java:0, took 19.545967 s
[2025-03-26T20:17:19.224+0000] {spark_submit.py:645} INFO - 25/03/26 20:17:19 INFO FileFormatWriter: Start to commit write Job f6af36bc-dbae-4fa3-b887-14def2cd7c24.
[2025-03-26T20:17:21.377+0000] {spark_submit.py:645} INFO - 25/03/26 20:17:21 INFO FileFormatWriter: Write Job f6af36bc-dbae-4fa3-b887-14def2cd7c24 committed. Elapsed time: 2155 ms.
[2025-03-26T20:17:21.381+0000] {spark_submit.py:645} INFO - 25/03/26 20:17:21 INFO FileFormatWriter: Finished processing stats for write job f6af36bc-dbae-4fa3-b887-14def2cd7c24.
[2025-03-26T20:17:21.385+0000] {spark_submit.py:645} INFO - 2025-03-26 20:17:21,384 - INFO - DataFrame salvo com sucesso em s3a://processed/artists
[2025-03-26T20:17:21.386+0000] {spark_submit.py:645} INFO - 25/03/26 20:17:21 INFO SparkContext: SparkContext is stopping with exitCode 0.
[2025-03-26T20:17:21.398+0000] {spark_submit.py:645} INFO - 25/03/26 20:17:21 INFO SparkUI: Stopped Spark web UI at http://53e3672f02f0:4040
[2025-03-26T20:17:21.402+0000] {spark_submit.py:645} INFO - 25/03/26 20:17:21 INFO StandaloneSchedulerBackend: Shutting down all executors
[2025-03-26T20:17:21.403+0000] {spark_submit.py:645} INFO - 25/03/26 20:17:21 INFO StandaloneSchedulerBackend$StandaloneDriverEndpoint: Asking each executor to shut down
[2025-03-26T20:17:21.469+0000] {spark_submit.py:645} INFO - 25/03/26 20:17:21 INFO MapOutputTrackerMasterEndpoint: MapOutputTrackerMasterEndpoint stopped!
[2025-03-26T20:17:21.508+0000] {spark_submit.py:645} INFO - 25/03/26 20:17:21 INFO MemoryStore: MemoryStore cleared
[2025-03-26T20:17:21.509+0000] {spark_submit.py:645} INFO - 25/03/26 20:17:21 INFO BlockManager: BlockManager stopped
[2025-03-26T20:17:21.515+0000] {spark_submit.py:645} INFO - 25/03/26 20:17:21 INFO BlockManagerMaster: BlockManagerMaster stopped
[2025-03-26T20:17:21.522+0000] {spark_submit.py:645} INFO - 25/03/26 20:17:21 INFO OutputCommitCoordinator$OutputCommitCoordinatorEndpoint: OutputCommitCoordinator stopped!
[2025-03-26T20:17:21.570+0000] {spark_submit.py:645} INFO - 25/03/26 20:17:21 INFO SparkContext: Successfully stopped SparkContext
[2025-03-26T20:17:21.854+0000] {spark_submit.py:645} INFO - 2025-03-26 20:17:21,854 - INFO - Closing down clientserver connection
[2025-03-26T20:17:21.989+0000] {spark_submit.py:645} INFO - 25/03/26 20:17:21 INFO ShutdownHookManager: Shutdown hook called
[2025-03-26T20:17:21.993+0000] {spark_submit.py:645} INFO - 25/03/26 20:17:21 INFO ShutdownHookManager: Deleting directory /tmp/spark-82f33592-22f2-4fa9-bfd7-87e8b33db7fd/pyspark-07a59b4f-2aeb-4664-9fa6-dff041761bbb
[2025-03-26T20:17:21.998+0000] {spark_submit.py:645} INFO - 25/03/26 20:17:21 INFO ShutdownHookManager: Deleting directory /tmp/spark-bfdc2d0b-90d2-4b47-b4ec-f17e0267aa63
[2025-03-26T20:17:22.005+0000] {spark_submit.py:645} INFO - 25/03/26 20:17:22 INFO ShutdownHookManager: Deleting directory /tmp/spark-82f33592-22f2-4fa9-bfd7-87e8b33db7fd
[2025-03-26T20:17:22.018+0000] {spark_submit.py:645} INFO - 25/03/26 20:17:22 INFO MetricsSystemImpl: Stopping s3a-file-system metrics system...
[2025-03-26T20:17:22.019+0000] {spark_submit.py:645} INFO - 25/03/26 20:17:22 INFO MetricsSystemImpl: s3a-file-system metrics system stopped.
[2025-03-26T20:17:22.019+0000] {spark_submit.py:645} INFO - 25/03/26 20:17:22 INFO MetricsSystemImpl: s3a-file-system metrics system shutdown complete.
[2025-03-26T20:17:22.081+0000] {python.py:237} INFO - Done. Returned value was: None
[2025-03-26T20:17:22.082+0000] {taskinstance.py:441} INFO - ::group::Post task execution logs
[2025-03-26T20:17:22.094+0000] {taskinstance.py:1206} INFO - Marking task as SUCCESS. dag_id=etl_pipeline, task_id=transformation, run_id=manual__2025-03-26T13:33:39.761724+00:00, execution_date=20250326T133339, start_date=20250326T201543, end_date=20250326T201722
[2025-03-26T20:17:22.194+0000] {local_task_job_runner.py:240} INFO - Task exited with return code 0
[2025-03-26T20:17:22.218+0000] {taskinstance.py:3503} INFO - 0 downstream tasks scheduled from follow-on schedule check
[2025-03-26T20:17:22.258+0000] {local_task_job_runner.py:222} INFO - ::endgroup::
