[2025-03-29T00:44:47.778+0000] {local_task_job_runner.py:120} INFO - ::group::Pre task execution logs
[2025-03-29T00:44:47.816+0000] {taskinstance.py:2076} INFO - Dependencies all met for dep_context=non-requeueable deps ti=<TaskInstance: etl_pipeline.transformation manual__2025-03-26T13:33:39.761724+00:00 [queued]>
[2025-03-29T00:44:47.826+0000] {taskinstance.py:2076} INFO - Dependencies all met for dep_context=requeueable deps ti=<TaskInstance: etl_pipeline.transformation manual__2025-03-26T13:33:39.761724+00:00 [queued]>
[2025-03-29T00:44:47.827+0000] {taskinstance.py:2306} INFO - Starting attempt 50 of 50
[2025-03-29T00:44:47.927+0000] {taskinstance.py:2330} INFO - Executing <Task(PythonOperator): transformation> on 2025-03-26 13:33:39.761724+00:00
[2025-03-29T00:44:47.934+0000] {standard_task_runner.py:63} INFO - Started process 2021 to run task
[2025-03-29T00:44:47.936+0000] {standard_task_runner.py:90} INFO - Running: ['***', 'tasks', 'run', 'etl_pipeline', 'transformation', 'manual__2025-03-26T13:33:39.761724+00:00', '--job-id', '62', '--raw', '--subdir', 'DAGS_FOLDER/etl_pipeline.py', '--cfg-path', '/tmp/tmpgruyj6w8']
[2025-03-29T00:44:47.939+0000] {standard_task_runner.py:91} INFO - Job 62: Subtask transformation
[2025-03-29T00:44:48.053+0000] {task_command.py:426} INFO - Running <TaskInstance: etl_pipeline.transformation manual__2025-03-26T13:33:39.761724+00:00 [running]> on host 9a51e41eb88a
[2025-03-29T00:44:48.267+0000] {taskinstance.py:2648} INFO - Exporting env vars: AIRFLOW_CTX_DAG_OWNER='lobobranco' AIRFLOW_CTX_DAG_ID='etl_pipeline' AIRFLOW_CTX_TASK_ID='transformation' AIRFLOW_CTX_EXECUTION_DATE='2025-03-26T13:33:39.761724+00:00' AIRFLOW_CTX_TRY_NUMBER='50' AIRFLOW_CTX_DAG_RUN_ID='manual__2025-03-26T13:33:39.761724+00:00'
[2025-03-29T00:44:48.268+0000] {taskinstance.py:430} INFO - ::endgroup::
[2025-03-29T00:44:48.293+0000] {etl_pipeline.py:76} INFO - Transforming data from file: s3://raw/playlist_20250328_235234.json
[2025-03-29T00:44:48.294+0000] {logging_mixin.py:188} INFO - File Path: s3://raw/playlist_20250328_235234.json
[2025-03-29T00:44:48.294+0000] {logging_mixin.py:188} INFO - Processed Bucket: processed
[2025-03-29T00:44:48.295+0000] {baseoperator.py:400} WARNING - SparkSubmitOperator.execute cannot be called outside TaskInstance!
[2025-03-29T00:44:48.306+0000] {base.py:84} INFO - Using connection ID 'spark_default' for task execution.
[2025-03-29T00:44:48.307+0000] {spark_submit.py:328} ERROR - Failed to decode base64 keytab: Incorrect padding
[2025-03-29T00:44:48.308+0000] {spark_submit.py:305} INFO - Could not load connection string spark_default, defaulting to spark://spark-master:7077
[2025-03-29T00:44:48.310+0000] {spark_submit.py:474} INFO - Spark-Submit cmd: spark-submit --master spark://spark-master:7077 --conf spark.executor.memory=512m --conf spark.executor.cores=1 --conf spark.jars=/opt/spark_job/jars/aws-java-sdk-bundle-1.12.262.jar,/opt/spark_job/jars/hadoop-aws-3.3.4.jar --conf spark.hadoop.fs.s3a.endpoint=http://minio:9000 --conf spark.hadoop.fs.s3a.access.key=admin --conf spark.hadoop.fs.s3a.secret.key=****** --conf spark.hadoop.fs.s3a.impl=org.apache.hadoop.fs.s3a.S3AFileSystem --conf spark.hadoop.fs.s3a.path.style.access=true --principal *** --name arrow-spark --verbose --deploy-mode client /opt/spark_job/data_transformation.py s3://raw/playlist_20250328_235234.json processed
[2025-03-29T00:44:48.438+0000] {spark_submit.py:645} INFO - /home/***/.local/lib/python3.11/site-packages/pyspark/bin/load-spark-env.sh: line 68: ps: command not found
[2025-03-29T00:44:50.012+0000] {spark_submit.py:645} INFO - Using properties file: null
[2025-03-29T00:44:50.214+0000] {spark_submit.py:645} INFO - Parsed arguments:
[2025-03-29T00:44:50.215+0000] {spark_submit.py:645} INFO - master                  spark://spark-master:7077
[2025-03-29T00:44:50.215+0000] {spark_submit.py:645} INFO - remote                  null
[2025-03-29T00:44:50.217+0000] {spark_submit.py:645} INFO - deployMode              client
[2025-03-29T00:44:50.217+0000] {spark_submit.py:645} INFO - executorMemory          512m
[2025-03-29T00:44:50.218+0000] {spark_submit.py:645} INFO - executorCores           1
[2025-03-29T00:44:50.219+0000] {spark_submit.py:645} INFO - totalExecutorCores      null
[2025-03-29T00:44:50.219+0000] {spark_submit.py:645} INFO - propertiesFile          null
[2025-03-29T00:44:50.219+0000] {spark_submit.py:645} INFO - driverMemory            null
[2025-03-29T00:44:50.220+0000] {spark_submit.py:645} INFO - driverCores             null
[2025-03-29T00:44:50.220+0000] {spark_submit.py:645} INFO - driverExtraClassPath    null
[2025-03-29T00:44:50.221+0000] {spark_submit.py:645} INFO - driverExtraLibraryPath  null
[2025-03-29T00:44:50.221+0000] {spark_submit.py:645} INFO - driverExtraJavaOptions  null
[2025-03-29T00:44:50.221+0000] {spark_submit.py:645} INFO - supervise               false
[2025-03-29T00:44:50.222+0000] {spark_submit.py:645} INFO - queue                   null
[2025-03-29T00:44:50.222+0000] {spark_submit.py:645} INFO - numExecutors            null
[2025-03-29T00:44:50.223+0000] {spark_submit.py:645} INFO - files                   null
[2025-03-29T00:44:50.223+0000] {spark_submit.py:645} INFO - pyFiles                 null
[2025-03-29T00:44:50.223+0000] {spark_submit.py:645} INFO - archives                null
[2025-03-29T00:44:50.224+0000] {spark_submit.py:645} INFO - mainClass               null
[2025-03-29T00:44:50.224+0000] {spark_submit.py:645} INFO - primaryResource         file:/opt/spark_job/data_transformation.py
[2025-03-29T00:44:50.225+0000] {spark_submit.py:645} INFO - name                    arrow-spark
[2025-03-29T00:44:50.225+0000] {spark_submit.py:645} INFO - childArgs               [s3://raw/playlist_20250328_235234.json processed]
[2025-03-29T00:44:50.226+0000] {spark_submit.py:645} INFO - jars                    /opt/spark_job/jars/aws-java-sdk-bundle-1.12.262.jar,/opt/spark_job/jars/hadoop-aws-3.3.4.jar
[2025-03-29T00:44:50.231+0000] {spark_submit.py:645} INFO - packages                null
[2025-03-29T00:44:50.233+0000] {spark_submit.py:645} INFO - packagesExclusions      null
[2025-03-29T00:44:50.234+0000] {spark_submit.py:645} INFO - repositories            null
[2025-03-29T00:44:50.235+0000] {spark_submit.py:645} INFO - verbose                 true
[2025-03-29T00:44:50.235+0000] {spark_submit.py:645} INFO - 
[2025-03-29T00:44:50.236+0000] {spark_submit.py:645} INFO - Spark properties used, including those specified through
[2025-03-29T00:44:50.236+0000] {spark_submit.py:645} INFO - --conf and those from the properties file null:
[2025-03-29T00:44:50.236+0000] {spark_submit.py:645} INFO - (spark.executor.cores,1)
[2025-03-29T00:44:50.237+0000] {spark_submit.py:645} INFO - (spark.executor.memory,512m)
[2025-03-29T00:44:50.240+0000] {spark_submit.py:645} INFO - (spark.hadoop.fs.s3a.access.key,*********(redacted))
[2025-03-29T00:44:50.241+0000] {spark_submit.py:645} INFO - (spark.hadoop.fs.s3a.endpoint,http://minio:9000)
[2025-03-29T00:44:50.242+0000] {spark_submit.py:645} INFO - (spark.hadoop.fs.s3a.impl,org.apache.hadoop.fs.s3a.S3AFileSystem)
[2025-03-29T00:44:50.242+0000] {spark_submit.py:645} INFO - (spark.hadoop.fs.s3a.path.style.access,true)
[2025-03-29T00:44:50.242+0000] {spark_submit.py:645} INFO - (spark.hadoop.fs.s3a.secret.key,*********(redacted))
[2025-03-29T00:44:50.251+0000] {spark_submit.py:645} INFO - (spark.jars,/opt/spark_job/jars/aws-java-sdk-bundle-1.12.262.jar,/opt/spark_job/jars/hadoop-aws-3.3.4.jar)
[2025-03-29T00:44:50.253+0000] {spark_submit.py:645} INFO - 
[2025-03-29T00:44:50.255+0000] {spark_submit.py:645} INFO - 
[2025-03-29T00:44:50.702+0000] {spark_submit.py:645} INFO - 25/03/29 00:44:50 WARN NativeCodeLoader: Unable to load native-hadoop library for your platform... using builtin-java classes where applicable
[2025-03-29T00:44:50.938+0000] {spark_submit.py:645} INFO - Main class:
[2025-03-29T00:44:50.939+0000] {spark_submit.py:645} INFO - org.apache.spark.deploy.PythonRunner
[2025-03-29T00:44:50.942+0000] {spark_submit.py:645} INFO - Arguments:
[2025-03-29T00:44:50.942+0000] {spark_submit.py:645} INFO - file:/opt/spark_job/data_transformation.py
[2025-03-29T00:44:50.943+0000] {spark_submit.py:645} INFO - null
[2025-03-29T00:44:50.943+0000] {spark_submit.py:645} INFO - s3://raw/playlist_20250328_235234.json
[2025-03-29T00:44:50.943+0000] {spark_submit.py:645} INFO - processed
[2025-03-29T00:44:50.945+0000] {spark_submit.py:645} INFO - Spark config:
[2025-03-29T00:44:50.945+0000] {spark_submit.py:645} INFO - (spark.app.name,arrow-spark)
[2025-03-29T00:44:50.946+0000] {spark_submit.py:645} INFO - (spark.app.submitTime,1743209090891)
[2025-03-29T00:44:50.946+0000] {spark_submit.py:645} INFO - (spark.executor.cores,1)
[2025-03-29T00:44:50.946+0000] {spark_submit.py:645} INFO - (spark.executor.memory,512m)
[2025-03-29T00:44:50.946+0000] {spark_submit.py:645} INFO - (spark.hadoop.fs.s3a.access.key,*********(redacted))
[2025-03-29T00:44:50.947+0000] {spark_submit.py:645} INFO - (spark.hadoop.fs.s3a.endpoint,http://minio:9000)
[2025-03-29T00:44:50.947+0000] {spark_submit.py:645} INFO - (spark.hadoop.fs.s3a.impl,org.apache.hadoop.fs.s3a.S3AFileSystem)
[2025-03-29T00:44:50.948+0000] {spark_submit.py:645} INFO - (spark.hadoop.fs.s3a.path.style.access,true)
[2025-03-29T00:44:50.948+0000] {spark_submit.py:645} INFO - (spark.hadoop.fs.s3a.secret.key,*********(redacted))
[2025-03-29T00:44:50.948+0000] {spark_submit.py:645} INFO - (spark.jars,file:///opt/spark_job/jars/aws-java-sdk-bundle-1.12.262.jar,file:///opt/spark_job/jars/hadoop-aws-3.3.4.jar)
[2025-03-29T00:44:50.949+0000] {spark_submit.py:645} INFO - (spark.kerberos.principal,***)
[2025-03-29T00:44:50.949+0000] {spark_submit.py:645} INFO - (spark.master,spark://spark-master:7077)
[2025-03-29T00:44:50.949+0000] {spark_submit.py:645} INFO - (spark.repl.local.jars,file:///opt/spark_job/jars/aws-java-sdk-bundle-1.12.262.jar,file:///opt/spark_job/jars/hadoop-aws-3.3.4.jar)
[2025-03-29T00:44:50.950+0000] {spark_submit.py:645} INFO - (spark.submit.deployMode,client)
[2025-03-29T00:44:50.950+0000] {spark_submit.py:645} INFO - (spark.submit.pyFiles,)
[2025-03-29T00:44:50.951+0000] {spark_submit.py:645} INFO - Classpath elements:
[2025-03-29T00:44:50.951+0000] {spark_submit.py:645} INFO - file:///opt/spark_job/jars/aws-java-sdk-bundle-1.12.262.jar
[2025-03-29T00:44:50.952+0000] {spark_submit.py:645} INFO - file:///opt/spark_job/jars/hadoop-aws-3.3.4.jar
[2025-03-29T00:44:50.952+0000] {spark_submit.py:645} INFO - 
[2025-03-29T00:44:50.952+0000] {spark_submit.py:645} INFO - 
[2025-03-29T00:44:52.475+0000] {spark_submit.py:645} INFO - 2025-03-29 00:44:52,475 - INFO - Iniciando a configuração da Spark Session
[2025-03-29T00:44:53.150+0000] {spark_submit.py:645} INFO - 25/03/29 00:44:53 INFO SparkContext: Running Spark version 3.5.5
[2025-03-29T00:44:53.151+0000] {spark_submit.py:645} INFO - 25/03/29 00:44:53 INFO SparkContext: OS info Linux, 5.15.153.1-microsoft-standard-WSL2, amd64
[2025-03-29T00:44:53.151+0000] {spark_submit.py:645} INFO - 25/03/29 00:44:53 INFO SparkContext: Java version 17.0.14
[2025-03-29T00:44:53.178+0000] {spark_submit.py:645} INFO - 25/03/29 00:44:53 INFO ResourceUtils: ==============================================================
[2025-03-29T00:44:53.179+0000] {spark_submit.py:645} INFO - 25/03/29 00:44:53 INFO ResourceUtils: No custom resources configured for spark.driver.
[2025-03-29T00:44:53.179+0000] {spark_submit.py:645} INFO - 25/03/29 00:44:53 INFO ResourceUtils: ==============================================================
[2025-03-29T00:44:53.180+0000] {spark_submit.py:645} INFO - 25/03/29 00:44:53 INFO SparkContext: Submitted application: Minio Integration with PySpark
[2025-03-29T00:44:53.201+0000] {spark_submit.py:645} INFO - 25/03/29 00:44:53 INFO ResourceProfile: Default ResourceProfile created, executor resources: Map(cores -> name: cores, amount: 1, script: , vendor: , memory -> name: memory, amount: 512, script: , vendor: , offHeap -> name: offHeap, amount: 0, script: , vendor: ), task resources: Map(cpus -> name: cpus, amount: 1.0)
[2025-03-29T00:44:53.212+0000] {spark_submit.py:645} INFO - 25/03/29 00:44:53 INFO ResourceProfile: Limiting resource is cpus at 1 tasks per executor
[2025-03-29T00:44:53.214+0000] {spark_submit.py:645} INFO - 25/03/29 00:44:53 INFO ResourceProfileManager: Added ResourceProfile id: 0
[2025-03-29T00:44:53.262+0000] {spark_submit.py:645} INFO - 25/03/29 00:44:53 INFO SecurityManager: Changing view acls to: ***
[2025-03-29T00:44:53.263+0000] {spark_submit.py:645} INFO - 25/03/29 00:44:53 INFO SecurityManager: Changing modify acls to: ***
[2025-03-29T00:44:53.263+0000] {spark_submit.py:645} INFO - 25/03/29 00:44:53 INFO SecurityManager: Changing view acls groups to:
[2025-03-29T00:44:53.264+0000] {spark_submit.py:645} INFO - 25/03/29 00:44:53 INFO SecurityManager: Changing modify acls groups to:
[2025-03-29T00:44:53.264+0000] {spark_submit.py:645} INFO - 25/03/29 00:44:53 INFO SecurityManager: SecurityManager: authentication disabled; ui acls disabled; users with view permissions: ***; groups with view permissions: EMPTY; users with modify permissions: ***; groups with modify permissions: EMPTY
[2025-03-29T00:44:53.506+0000] {spark_submit.py:645} INFO - 25/03/29 00:44:53 INFO Utils: Successfully started service 'sparkDriver' on port 41731.
[2025-03-29T00:44:53.572+0000] {spark_submit.py:645} INFO - 25/03/29 00:44:53 INFO SparkEnv: Registering MapOutputTracker
[2025-03-29T00:44:53.626+0000] {spark_submit.py:645} INFO - 25/03/29 00:44:53 INFO SparkEnv: Registering BlockManagerMaster
[2025-03-29T00:44:53.677+0000] {spark_submit.py:645} INFO - 25/03/29 00:44:53 INFO BlockManagerMasterEndpoint: Using org.apache.spark.storage.DefaultTopologyMapper for getting topology information
[2025-03-29T00:44:53.712+0000] {spark_submit.py:645} INFO - 25/03/29 00:44:53 INFO BlockManagerMasterEndpoint: BlockManagerMasterEndpoint up
[2025-03-29T00:44:53.713+0000] {spark_submit.py:645} INFO - 25/03/29 00:44:53 INFO SparkEnv: Registering BlockManagerMasterHeartbeat
[2025-03-29T00:44:53.801+0000] {spark_submit.py:645} INFO - 25/03/29 00:44:53 INFO DiskBlockManager: Created local directory at /tmp/blockmgr-456bebb1-5310-4b97-b4d8-485ea8d00ba4
[2025-03-29T00:44:53.814+0000] {spark_submit.py:645} INFO - 25/03/29 00:44:53 INFO MemoryStore: MemoryStore started with capacity 434.4 MiB
[2025-03-29T00:44:53.827+0000] {spark_submit.py:645} INFO - 25/03/29 00:44:53 INFO SparkEnv: Registering OutputCommitCoordinator
[2025-03-29T00:44:53.946+0000] {spark_submit.py:645} INFO - 25/03/29 00:44:53 INFO JettyUtils: Start Jetty 0.0.0.0:4040 for SparkUI
[2025-03-29T00:44:54.023+0000] {spark_submit.py:645} INFO - 25/03/29 00:44:54 INFO Utils: Successfully started service 'SparkUI' on port 4040.
[2025-03-29T00:44:54.061+0000] {spark_submit.py:645} INFO - 25/03/29 00:44:54 INFO SparkContext: Added JAR file:///opt/spark_job/jars/aws-java-sdk-bundle-1.12.262.jar at spark://9a51e41eb88a:41731/jars/aws-java-sdk-bundle-1.12.262.jar with timestamp 1743209093143
[2025-03-29T00:44:54.063+0000] {spark_submit.py:645} INFO - 25/03/29 00:44:54 INFO SparkContext: Added JAR file:///opt/spark_job/jars/hadoop-aws-3.3.4.jar at spark://9a51e41eb88a:41731/jars/hadoop-aws-3.3.4.jar with timestamp 1743209093143
[2025-03-29T00:44:54.138+0000] {spark_submit.py:645} INFO - 25/03/29 00:44:54 INFO StandaloneAppClient$ClientEndpoint: Connecting to master spark://spark-master:7077...
[2025-03-29T00:44:54.195+0000] {spark_submit.py:645} INFO - 25/03/29 00:44:54 INFO TransportClientFactory: Successfully created connection to spark-master/172.18.0.6:7077 after 29 ms (0 ms spent in bootstraps)
[2025-03-29T00:44:54.361+0000] {spark_submit.py:645} INFO - 25/03/29 00:44:54 INFO StandaloneSchedulerBackend: Connected to Spark cluster with app ID app-20250329004454-0008
[2025-03-29T00:44:54.382+0000] {spark_submit.py:645} INFO - 25/03/29 00:44:54 INFO StandaloneAppClient$ClientEndpoint: Executor added: app-20250329004454-0008/0 on worker-20250328234144-172.18.0.7-36857 (172.18.0.7:36857) with 1 core(s)
[2025-03-29T00:44:54.383+0000] {spark_submit.py:645} INFO - 25/03/29 00:44:54 INFO StandaloneSchedulerBackend: Granted executor ID app-20250329004454-0008/0 on hostPort 172.18.0.7:36857 with 1 core(s), 512.0 MiB RAM
[2025-03-29T00:44:54.384+0000] {spark_submit.py:645} INFO - 25/03/29 00:44:54 INFO StandaloneAppClient$ClientEndpoint: Executor added: app-20250329004454-0008/1 on worker-20250328234144-172.18.0.7-36857 (172.18.0.7:36857) with 1 core(s)
[2025-03-29T00:44:54.384+0000] {spark_submit.py:645} INFO - 25/03/29 00:44:54 INFO StandaloneSchedulerBackend: Granted executor ID app-20250329004454-0008/1 on hostPort 172.18.0.7:36857 with 1 core(s), 512.0 MiB RAM
[2025-03-29T00:44:54.385+0000] {spark_submit.py:645} INFO - 25/03/29 00:44:54 INFO StandaloneAppClient$ClientEndpoint: Executor added: app-20250329004454-0008/2 on worker-20250328234144-172.18.0.5-44197 (172.18.0.5:44197) with 1 core(s)
[2025-03-29T00:44:54.385+0000] {spark_submit.py:645} INFO - 25/03/29 00:44:54 INFO StandaloneSchedulerBackend: Granted executor ID app-20250329004454-0008/2 on hostPort 172.18.0.5:44197 with 1 core(s), 512.0 MiB RAM
[2025-03-29T00:44:54.386+0000] {spark_submit.py:645} INFO - 25/03/29 00:44:54 INFO StandaloneAppClient$ClientEndpoint: Executor added: app-20250329004454-0008/3 on worker-20250328234144-172.18.0.5-44197 (172.18.0.5:44197) with 1 core(s)
[2025-03-29T00:44:54.386+0000] {spark_submit.py:645} INFO - 25/03/29 00:44:54 INFO StandaloneSchedulerBackend: Granted executor ID app-20250329004454-0008/3 on hostPort 172.18.0.5:44197 with 1 core(s), 512.0 MiB RAM
[2025-03-29T00:44:54.388+0000] {spark_submit.py:645} INFO - 25/03/29 00:44:54 INFO Utils: Successfully started service 'org.apache.spark.network.netty.NettyBlockTransferService' on port 41853.
[2025-03-29T00:44:54.410+0000] {spark_submit.py:645} INFO - 25/03/29 00:44:54 INFO NettyBlockTransferService: Server created on 9a51e41eb88a:41853
[2025-03-29T00:44:54.411+0000] {spark_submit.py:645} INFO - 25/03/29 00:44:54 INFO BlockManager: Using org.apache.spark.storage.RandomBlockReplicationPolicy for block replication policy
[2025-03-29T00:44:54.411+0000] {spark_submit.py:645} INFO - 25/03/29 00:44:54 INFO BlockManagerMaster: Registering BlockManager BlockManagerId(driver, 9a51e41eb88a, 41853, None)
[2025-03-29T00:44:54.411+0000] {spark_submit.py:645} INFO - 25/03/29 00:44:54 INFO BlockManagerMasterEndpoint: Registering block manager 9a51e41eb88a:41853 with 434.4 MiB RAM, BlockManagerId(driver, 9a51e41eb88a, 41853, None)
[2025-03-29T00:44:54.412+0000] {spark_submit.py:645} INFO - 25/03/29 00:44:54 INFO BlockManagerMaster: Registered BlockManager BlockManagerId(driver, 9a51e41eb88a, 41853, None)
[2025-03-29T00:44:54.412+0000] {spark_submit.py:645} INFO - 25/03/29 00:44:54 INFO BlockManager: Initialized BlockManager: BlockManagerId(driver, 9a51e41eb88a, 41853, None)
[2025-03-29T00:44:55.081+0000] {spark_submit.py:645} INFO - 25/03/29 00:44:55 INFO StandaloneAppClient$ClientEndpoint: Executor updated: app-20250329004454-0008/2 is now RUNNING
[2025-03-29T00:44:55.170+0000] {spark_submit.py:645} INFO - 25/03/29 00:44:55 INFO StandaloneSchedulerBackend: SchedulerBackend is ready for scheduling beginning after reached minRegisteredResourcesRatio: 0.0
[2025-03-29T00:44:55.481+0000] {spark_submit.py:645} INFO - 25/03/29 00:44:55 INFO StandaloneAppClient$ClientEndpoint: Executor updated: app-20250329004454-0008/3 is now RUNNING
[2025-03-29T00:44:55.801+0000] {spark_submit.py:645} INFO - 2025-03-29 00:44:55,797 - INFO - Spark Session criada com sucesso
[2025-03-29T00:44:56.107+0000] {spark_submit.py:645} INFO - 25/03/29 00:44:56 INFO StandaloneAppClient$ClientEndpoint: Executor updated: app-20250329004454-0008/0 is now RUNNING
[2025-03-29T00:44:56.221+0000] {spark_submit.py:645} INFO - 25/03/29 00:44:56 INFO StandaloneAppClient$ClientEndpoint: Executor updated: app-20250329004454-0008/1 is now RUNNING
[2025-03-29T00:44:57.696+0000] {spark_submit.py:645} INFO - 25/03/29 00:44:57 INFO SharedState: Setting hive.metastore.warehouse.dir ('null') to the value of spark.sql.warehouse.dir.
[2025-03-29T00:44:57.703+0000] {spark_submit.py:645} INFO - 25/03/29 00:44:57 INFO SharedState: Warehouse path is 'file:/opt/spark-warehouse'.
[2025-03-29T00:45:04.716+0000] {spark_submit.py:645} INFO - 25/03/29 00:45:04 INFO StandaloneSchedulerBackend$StandaloneDriverEndpoint: Registered executor NettyRpcEndpointRef(spark-client://Executor) (172.18.0.5:46660) with ID 2,  ResourceProfileId 0
[2025-03-29T00:45:05.173+0000] {spark_submit.py:645} INFO - 25/03/29 00:45:05 INFO BlockManagerMasterEndpoint: Registering block manager 172.18.0.5:45079 with 127.2 MiB RAM, BlockManagerId(2, 172.18.0.5, 45079, None)
[2025-03-29T00:45:05.853+0000] {spark_submit.py:645} INFO - 25/03/29 00:45:05 INFO StandaloneSchedulerBackend$StandaloneDriverEndpoint: Registered executor NettyRpcEndpointRef(spark-client://Executor) (172.18.0.7:54400) with ID 0,  ResourceProfileId 0
[2025-03-29T00:45:05.978+0000] {spark_submit.py:645} INFO - 25/03/29 00:45:05 INFO StandaloneSchedulerBackend$StandaloneDriverEndpoint: Registered executor NettyRpcEndpointRef(spark-client://Executor) (172.18.0.5:45748) with ID 3,  ResourceProfileId 0
[2025-03-29T00:45:06.247+0000] {spark_submit.py:645} INFO - 25/03/29 00:45:06 INFO StandaloneSchedulerBackend$StandaloneDriverEndpoint: Registered executor NettyRpcEndpointRef(spark-client://Executor) (172.18.0.7:54406) with ID 1,  ResourceProfileId 0
[2025-03-29T00:45:06.295+0000] {spark_submit.py:645} INFO - 25/03/29 00:45:06 INFO BlockManagerMasterEndpoint: Registering block manager 172.18.0.7:33485 with 127.2 MiB RAM, BlockManagerId(0, 172.18.0.7, 33485, None)
[2025-03-29T00:45:06.361+0000] {spark_submit.py:645} INFO - 25/03/29 00:45:06 INFO BlockManagerMasterEndpoint: Registering block manager 172.18.0.7:37811 with 127.2 MiB RAM, BlockManagerId(1, 172.18.0.7, 37811, None)
[2025-03-29T00:45:06.539+0000] {spark_submit.py:645} INFO - 25/03/29 00:45:06 INFO BlockManagerMasterEndpoint: Registering block manager 172.18.0.5:45365 with 127.2 MiB RAM, BlockManagerId(3, 172.18.0.5, 45365, None)
[2025-03-29T00:47:35.027+0000] {local_task_job_runner.py:124} ERROR - Received SIGTERM. Terminating subprocesses
[2025-03-29T00:47:44.041+0000] {spark_submit.py:645} INFO - 25/03/29 00:47:43 WARN TransportChannelHandler: Exception in connection from /172.18.0.7:54400
[2025-03-29T00:47:44.231+0000] {spark_submit.py:645} INFO - java.net.SocketException: Connection reset
[2025-03-29T00:47:44.397+0000] {spark_submit.py:645} INFO - at java.base/sun.nio.ch.SocketChannelImpl.throwConnectionReset(SocketChannelImpl.java:394)
[2025-03-29T00:47:44.601+0000] {spark_submit.py:645} INFO - at java.base/sun.nio.ch.SocketChannelImpl.read(SocketChannelImpl.java:426)
[2025-03-29T00:47:44.659+0000] {spark_submit.py:645} INFO - at io.netty.buffer.PooledByteBuf.setBytes(PooledByteBuf.java:254)
