[2025-03-28T23:55:28.099+0000] {local_task_job_runner.py:120} INFO - ::group::Pre task execution logs
[2025-03-28T23:55:28.132+0000] {taskinstance.py:2076} INFO - Dependencies all met for dep_context=non-requeueable deps ti=<TaskInstance: etl_pipeline.transformation manual__2025-03-26T13:33:39.761724+00:00 [queued]>
[2025-03-28T23:55:28.140+0000] {taskinstance.py:2076} INFO - Dependencies all met for dep_context=requeueable deps ti=<TaskInstance: etl_pipeline.transformation manual__2025-03-26T13:33:39.761724+00:00 [queued]>
[2025-03-28T23:55:28.141+0000] {taskinstance.py:2306} INFO - Starting attempt 43 of 44
[2025-03-28T23:55:28.217+0000] {taskinstance.py:2330} INFO - Executing <Task(PythonOperator): transformation> on 2025-03-26 13:33:39.761724+00:00
[2025-03-28T23:55:28.223+0000] {standard_task_runner.py:63} INFO - Started process 484 to run task
[2025-03-28T23:55:28.226+0000] {standard_task_runner.py:90} INFO - Running: ['***', 'tasks', 'run', 'etl_pipeline', 'transformation', 'manual__2025-03-26T13:33:39.761724+00:00', '--job-id', '55', '--raw', '--subdir', 'DAGS_FOLDER/etl_pipeline.py', '--cfg-path', '/tmp/tmpn1i5tyek']
[2025-03-28T23:55:28.229+0000] {standard_task_runner.py:91} INFO - Job 55: Subtask transformation
[2025-03-28T23:55:28.315+0000] {task_command.py:426} INFO - Running <TaskInstance: etl_pipeline.transformation manual__2025-03-26T13:33:39.761724+00:00 [running]> on host 9a51e41eb88a
[2025-03-28T23:55:28.498+0000] {taskinstance.py:2648} INFO - Exporting env vars: AIRFLOW_CTX_DAG_OWNER='lobobranco' AIRFLOW_CTX_DAG_ID='etl_pipeline' AIRFLOW_CTX_TASK_ID='transformation' AIRFLOW_CTX_EXECUTION_DATE='2025-03-26T13:33:39.761724+00:00' AIRFLOW_CTX_TRY_NUMBER='43' AIRFLOW_CTX_DAG_RUN_ID='manual__2025-03-26T13:33:39.761724+00:00'
[2025-03-28T23:55:28.499+0000] {taskinstance.py:430} INFO - ::endgroup::
[2025-03-28T23:55:28.524+0000] {etl_pipeline.py:76} INFO - Transforming data from file: s3://raw/playlist_20250328_235234.json
[2025-03-28T23:55:28.524+0000] {logging_mixin.py:188} INFO - File Path: s3://raw/playlist_20250328_235234.json
[2025-03-28T23:55:28.525+0000] {logging_mixin.py:188} INFO - Processed Bucket: processed
[2025-03-28T23:55:28.526+0000] {baseoperator.py:400} WARNING - SparkSubmitOperator.execute cannot be called outside TaskInstance!
[2025-03-28T23:55:28.537+0000] {base.py:84} INFO - Using connection ID 'spark_default' for task execution.
[2025-03-28T23:55:28.538+0000] {spark_submit.py:328} ERROR - Failed to decode base64 keytab: Incorrect padding
[2025-03-28T23:55:28.539+0000] {spark_submit.py:305} INFO - Could not load connection string spark_default, defaulting to spark://spark-master:7077
[2025-03-28T23:55:28.540+0000] {spark_submit.py:474} INFO - Spark-Submit cmd: spark-submit --master spark://spark-master:7077 --conf spark.executor.memory=512m --conf spark.executor.cores=1 --conf spark.jars=/opt/spark_job/jars/aws-java-sdk-bundle-1.12.262.jar,/opt/spark_job/jars/hadoop-aws-3.3.4.jar --conf spark.hadoop.fs.s3a.endpoint=http://minio:9000 --conf spark.hadoop.fs.s3a.access.key=admin --conf spark.hadoop.fs.s3a.secret.key=****** --conf spark.hadoop.fs.s3a.impl=org.apache.hadoop.fs.s3a.S3AFileSystem --conf spark.hadoop.fs.s3a.path.style.access=true --principal *** --name arrow-spark --verbose --deploy-mode client /opt/spark_job/data_transformation.py s3://raw/playlist_20250328_235234.json processed
[2025-03-28T23:55:28.624+0000] {spark_submit.py:645} INFO - /home/***/.local/lib/python3.11/site-packages/pyspark/bin/load-spark-env.sh: line 68: ps: command not found
[2025-03-28T23:55:30.577+0000] {spark_submit.py:645} INFO - Using properties file: null
[2025-03-28T23:55:30.780+0000] {spark_submit.py:645} INFO - Parsed arguments:
[2025-03-28T23:55:30.788+0000] {spark_submit.py:645} INFO - master                  spark://spark-master:7077
[2025-03-28T23:55:30.791+0000] {spark_submit.py:645} INFO - remote                  null
[2025-03-28T23:55:30.803+0000] {spark_submit.py:645} INFO - deployMode              client
[2025-03-28T23:55:30.806+0000] {spark_submit.py:645} INFO - executorMemory          512m
[2025-03-28T23:55:30.819+0000] {spark_submit.py:645} INFO - executorCores           1
[2025-03-28T23:55:30.820+0000] {spark_submit.py:645} INFO - totalExecutorCores      null
[2025-03-28T23:55:30.829+0000] {spark_submit.py:645} INFO - propertiesFile          null
[2025-03-28T23:55:30.830+0000] {spark_submit.py:645} INFO - driverMemory            null
[2025-03-28T23:55:30.830+0000] {spark_submit.py:645} INFO - driverCores             null
[2025-03-28T23:55:30.831+0000] {spark_submit.py:645} INFO - driverExtraClassPath    null
[2025-03-28T23:55:30.831+0000] {spark_submit.py:645} INFO - driverExtraLibraryPath  null
[2025-03-28T23:55:30.832+0000] {spark_submit.py:645} INFO - driverExtraJavaOptions  null
[2025-03-28T23:55:30.832+0000] {spark_submit.py:645} INFO - supervise               false
[2025-03-28T23:55:30.832+0000] {spark_submit.py:645} INFO - queue                   null
[2025-03-28T23:55:30.833+0000] {spark_submit.py:645} INFO - numExecutors            null
[2025-03-28T23:55:30.834+0000] {spark_submit.py:645} INFO - files                   null
[2025-03-28T23:55:30.865+0000] {spark_submit.py:645} INFO - pyFiles                 null
[2025-03-28T23:55:30.866+0000] {spark_submit.py:645} INFO - archives                null
[2025-03-28T23:55:30.872+0000] {spark_submit.py:645} INFO - mainClass               null
[2025-03-28T23:55:30.872+0000] {spark_submit.py:645} INFO - primaryResource         file:/opt/spark_job/data_transformation.py
[2025-03-28T23:55:30.878+0000] {spark_submit.py:645} INFO - name                    arrow-spark
[2025-03-28T23:55:30.884+0000] {spark_submit.py:645} INFO - childArgs               [s3://raw/playlist_20250328_235234.json processed]
[2025-03-28T23:55:30.885+0000] {spark_submit.py:645} INFO - jars                    /opt/spark_job/jars/aws-java-sdk-bundle-1.12.262.jar,/opt/spark_job/jars/hadoop-aws-3.3.4.jar
[2025-03-28T23:55:30.885+0000] {spark_submit.py:645} INFO - packages                null
[2025-03-28T23:55:30.885+0000] {spark_submit.py:645} INFO - packagesExclusions      null
[2025-03-28T23:55:30.894+0000] {spark_submit.py:645} INFO - repositories            null
[2025-03-28T23:55:30.894+0000] {spark_submit.py:645} INFO - verbose                 true
[2025-03-28T23:55:30.894+0000] {spark_submit.py:645} INFO - 
[2025-03-28T23:55:30.895+0000] {spark_submit.py:645} INFO - Spark properties used, including those specified through
[2025-03-28T23:55:30.895+0000] {spark_submit.py:645} INFO - --conf and those from the properties file null:
[2025-03-28T23:55:30.895+0000] {spark_submit.py:645} INFO - (spark.executor.cores,1)
[2025-03-28T23:55:30.917+0000] {spark_submit.py:645} INFO - (spark.executor.memory,512m)
[2025-03-28T23:55:30.918+0000] {spark_submit.py:645} INFO - (spark.hadoop.fs.s3a.access.key,*********(redacted))
[2025-03-28T23:55:30.918+0000] {spark_submit.py:645} INFO - (spark.hadoop.fs.s3a.endpoint,http://minio:9000)
[2025-03-28T23:55:30.919+0000] {spark_submit.py:645} INFO - (spark.hadoop.fs.s3a.impl,org.apache.hadoop.fs.s3a.S3AFileSystem)
[2025-03-28T23:55:30.919+0000] {spark_submit.py:645} INFO - (spark.hadoop.fs.s3a.path.style.access,true)
[2025-03-28T23:55:30.919+0000] {spark_submit.py:645} INFO - (spark.hadoop.fs.s3a.secret.key,*********(redacted))
[2025-03-28T23:55:30.920+0000] {spark_submit.py:645} INFO - (spark.jars,/opt/spark_job/jars/aws-java-sdk-bundle-1.12.262.jar,/opt/spark_job/jars/hadoop-aws-3.3.4.jar)
[2025-03-28T23:55:30.920+0000] {spark_submit.py:645} INFO - 
[2025-03-28T23:55:30.921+0000] {spark_submit.py:645} INFO - 
[2025-03-28T23:55:31.281+0000] {spark_submit.py:645} INFO - 25/03/28 23:55:31 WARN NativeCodeLoader: Unable to load native-hadoop library for your platform... using builtin-java classes where applicable
[2025-03-28T23:55:31.588+0000] {spark_submit.py:645} INFO - Main class:
[2025-03-28T23:55:31.589+0000] {spark_submit.py:645} INFO - org.apache.spark.deploy.PythonRunner
[2025-03-28T23:55:31.589+0000] {spark_submit.py:645} INFO - Arguments:
[2025-03-28T23:55:31.590+0000] {spark_submit.py:645} INFO - file:/opt/spark_job/data_transformation.py
[2025-03-28T23:55:31.590+0000] {spark_submit.py:645} INFO - null
[2025-03-28T23:55:31.590+0000] {spark_submit.py:645} INFO - s3://raw/playlist_20250328_235234.json
[2025-03-28T23:55:31.591+0000] {spark_submit.py:645} INFO - processed
[2025-03-28T23:55:31.591+0000] {spark_submit.py:645} INFO - Spark config:
[2025-03-28T23:55:31.592+0000] {spark_submit.py:645} INFO - (spark.app.name,arrow-spark)
[2025-03-28T23:55:31.592+0000] {spark_submit.py:645} INFO - (spark.app.submitTime,1743206131570)
[2025-03-28T23:55:31.592+0000] {spark_submit.py:645} INFO - (spark.executor.cores,1)
[2025-03-28T23:55:31.593+0000] {spark_submit.py:645} INFO - (spark.executor.memory,512m)
[2025-03-28T23:55:31.593+0000] {spark_submit.py:645} INFO - (spark.hadoop.fs.s3a.access.key,*********(redacted))
[2025-03-28T23:55:31.593+0000] {spark_submit.py:645} INFO - (spark.hadoop.fs.s3a.endpoint,http://minio:9000)
[2025-03-28T23:55:31.594+0000] {spark_submit.py:645} INFO - (spark.hadoop.fs.s3a.impl,org.apache.hadoop.fs.s3a.S3AFileSystem)
[2025-03-28T23:55:31.594+0000] {spark_submit.py:645} INFO - (spark.hadoop.fs.s3a.path.style.access,true)
[2025-03-28T23:55:31.594+0000] {spark_submit.py:645} INFO - (spark.hadoop.fs.s3a.secret.key,*********(redacted))
[2025-03-28T23:55:31.595+0000] {spark_submit.py:645} INFO - (spark.jars,file:///opt/spark_job/jars/aws-java-sdk-bundle-1.12.262.jar,file:///opt/spark_job/jars/hadoop-aws-3.3.4.jar)
[2025-03-28T23:55:31.595+0000] {spark_submit.py:645} INFO - (spark.kerberos.principal,***)
[2025-03-28T23:55:31.596+0000] {spark_submit.py:645} INFO - (spark.master,spark://spark-master:7077)
[2025-03-28T23:55:31.596+0000] {spark_submit.py:645} INFO - (spark.repl.local.jars,file:///opt/spark_job/jars/aws-java-sdk-bundle-1.12.262.jar,file:///opt/spark_job/jars/hadoop-aws-3.3.4.jar)
[2025-03-28T23:55:31.596+0000] {spark_submit.py:645} INFO - (spark.submit.deployMode,client)
[2025-03-28T23:55:31.597+0000] {spark_submit.py:645} INFO - (spark.submit.pyFiles,)
[2025-03-28T23:55:31.598+0000] {spark_submit.py:645} INFO - Classpath elements:
[2025-03-28T23:55:31.598+0000] {spark_submit.py:645} INFO - file:///opt/spark_job/jars/aws-java-sdk-bundle-1.12.262.jar
[2025-03-28T23:55:31.598+0000] {spark_submit.py:645} INFO - file:///opt/spark_job/jars/hadoop-aws-3.3.4.jar
[2025-03-28T23:55:31.599+0000] {spark_submit.py:645} INFO - 
[2025-03-28T23:55:31.599+0000] {spark_submit.py:645} INFO - 
[2025-03-28T23:55:32.713+0000] {spark_submit.py:645} INFO - 2025-03-28 23:55:32,713 - INFO - Iniciando a configuração da Spark Session
[2025-03-28T23:55:33.377+0000] {spark_submit.py:645} INFO - 25/03/28 23:55:33 INFO SparkContext: Running Spark version 3.5.5
[2025-03-28T23:55:33.378+0000] {spark_submit.py:645} INFO - 25/03/28 23:55:33 INFO SparkContext: OS info Linux, 5.15.153.1-microsoft-standard-WSL2, amd64
[2025-03-28T23:55:33.378+0000] {spark_submit.py:645} INFO - 25/03/28 23:55:33 INFO SparkContext: Java version 17.0.14
[2025-03-28T23:55:33.409+0000] {spark_submit.py:645} INFO - 25/03/28 23:55:33 INFO ResourceUtils: ==============================================================
[2025-03-28T23:55:33.410+0000] {spark_submit.py:645} INFO - 25/03/28 23:55:33 INFO ResourceUtils: No custom resources configured for spark.driver.
[2025-03-28T23:55:33.410+0000] {spark_submit.py:645} INFO - 25/03/28 23:55:33 INFO ResourceUtils: ==============================================================
[2025-03-28T23:55:33.411+0000] {spark_submit.py:645} INFO - 25/03/28 23:55:33 INFO SparkContext: Submitted application: Minio Integration with PySpark
[2025-03-28T23:55:33.435+0000] {spark_submit.py:645} INFO - 25/03/28 23:55:33 INFO ResourceProfile: Default ResourceProfile created, executor resources: Map(cores -> name: cores, amount: 1, script: , vendor: , memory -> name: memory, amount: 512, script: , vendor: , offHeap -> name: offHeap, amount: 0, script: , vendor: ), task resources: Map(cpus -> name: cpus, amount: 1.0)
[2025-03-28T23:55:33.447+0000] {spark_submit.py:645} INFO - 25/03/28 23:55:33 INFO ResourceProfile: Limiting resource is cpus at 1 tasks per executor
[2025-03-28T23:55:33.450+0000] {spark_submit.py:645} INFO - 25/03/28 23:55:33 INFO ResourceProfileManager: Added ResourceProfile id: 0
[2025-03-28T23:55:33.497+0000] {spark_submit.py:645} INFO - 25/03/28 23:55:33 INFO SecurityManager: Changing view acls to: ***
[2025-03-28T23:55:33.499+0000] {spark_submit.py:645} INFO - 25/03/28 23:55:33 INFO SecurityManager: Changing modify acls to: ***
[2025-03-28T23:55:33.500+0000] {spark_submit.py:645} INFO - 25/03/28 23:55:33 INFO SecurityManager: Changing view acls groups to:
[2025-03-28T23:55:33.500+0000] {spark_submit.py:645} INFO - 25/03/28 23:55:33 INFO SecurityManager: Changing modify acls groups to:
[2025-03-28T23:55:33.501+0000] {spark_submit.py:645} INFO - 25/03/28 23:55:33 INFO SecurityManager: SecurityManager: authentication disabled; ui acls disabled; users with view permissions: ***; groups with view permissions: EMPTY; users with modify permissions: ***; groups with modify permissions: EMPTY
[2025-03-28T23:55:33.742+0000] {spark_submit.py:645} INFO - 25/03/28 23:55:33 INFO Utils: Successfully started service 'sparkDriver' on port 43343.
[2025-03-28T23:55:33.785+0000] {spark_submit.py:645} INFO - 25/03/28 23:55:33 INFO SparkEnv: Registering MapOutputTracker
[2025-03-28T23:55:33.817+0000] {spark_submit.py:645} INFO - 25/03/28 23:55:33 INFO SparkEnv: Registering BlockManagerMaster
[2025-03-28T23:55:33.833+0000] {spark_submit.py:645} INFO - 25/03/28 23:55:33 INFO BlockManagerMasterEndpoint: Using org.apache.spark.storage.DefaultTopologyMapper for getting topology information
[2025-03-28T23:55:33.834+0000] {spark_submit.py:645} INFO - 25/03/28 23:55:33 INFO BlockManagerMasterEndpoint: BlockManagerMasterEndpoint up
[2025-03-28T23:55:33.838+0000] {spark_submit.py:645} INFO - 25/03/28 23:55:33 INFO SparkEnv: Registering BlockManagerMasterHeartbeat
[2025-03-28T23:55:33.858+0000] {spark_submit.py:645} INFO - 25/03/28 23:55:33 INFO DiskBlockManager: Created local directory at /tmp/blockmgr-2add302c-ad8a-4121-9b58-b6922becb40a
[2025-03-28T23:55:33.873+0000] {spark_submit.py:645} INFO - 25/03/28 23:55:33 INFO MemoryStore: MemoryStore started with capacity 434.4 MiB
[2025-03-28T23:55:33.890+0000] {spark_submit.py:645} INFO - 25/03/28 23:55:33 INFO SparkEnv: Registering OutputCommitCoordinator
[2025-03-28T23:55:34.010+0000] {spark_submit.py:645} INFO - 25/03/28 23:55:34 INFO JettyUtils: Start Jetty 0.0.0.0:4040 for SparkUI
[2025-03-28T23:55:34.105+0000] {spark_submit.py:645} INFO - 25/03/28 23:55:34 INFO Utils: Successfully started service 'SparkUI' on port 4040.
[2025-03-28T23:55:34.145+0000] {spark_submit.py:645} INFO - 25/03/28 23:55:34 INFO SparkContext: Added JAR file:///opt/spark_job/jars/aws-java-sdk-bundle-1.12.262.jar at spark://9a51e41eb88a:43343/jars/aws-java-sdk-bundle-1.12.262.jar with timestamp 1743206133369
[2025-03-28T23:55:34.146+0000] {spark_submit.py:645} INFO - 25/03/28 23:55:34 INFO SparkContext: Added JAR file:///opt/spark_job/jars/hadoop-aws-3.3.4.jar at spark://9a51e41eb88a:43343/jars/hadoop-aws-3.3.4.jar with timestamp 1743206133369
[2025-03-28T23:55:34.236+0000] {spark_submit.py:645} INFO - 25/03/28 23:55:34 INFO StandaloneAppClient$ClientEndpoint: Connecting to master spark://spark-master:7077...
[2025-03-28T23:55:34.294+0000] {spark_submit.py:645} INFO - 25/03/28 23:55:34 INFO TransportClientFactory: Successfully created connection to spark-master/172.18.0.6:7077 after 29 ms (0 ms spent in bootstraps)
[2025-03-28T23:55:34.458+0000] {spark_submit.py:645} INFO - 25/03/28 23:55:34 INFO StandaloneSchedulerBackend: Connected to Spark cluster with app ID app-20250328235534-0001
[2025-03-28T23:55:34.506+0000] {spark_submit.py:645} INFO - 25/03/28 23:55:34 INFO StandaloneAppClient$ClientEndpoint: Executor added: app-20250328235534-0001/0 on worker-20250328234144-172.18.0.7-36857 (172.18.0.7:36857) with 1 core(s)
[2025-03-28T23:55:34.545+0000] {spark_submit.py:645} INFO - 25/03/28 23:55:34 INFO Utils: Successfully started service 'org.apache.spark.network.netty.NettyBlockTransferService' on port 34811.
[2025-03-28T23:55:34.546+0000] {spark_submit.py:645} INFO - 25/03/28 23:55:34 INFO NettyBlockTransferService: Server created on 9a51e41eb88a:34811
[2025-03-28T23:55:34.550+0000] {spark_submit.py:645} INFO - 25/03/28 23:55:34 INFO StandaloneSchedulerBackend: Granted executor ID app-20250328235534-0001/0 on hostPort 172.18.0.7:36857 with 1 core(s), 512.0 MiB RAM
[2025-03-28T23:55:34.555+0000] {spark_submit.py:645} INFO - 25/03/28 23:55:34 INFO StandaloneAppClient$ClientEndpoint: Executor added: app-20250328235534-0001/1 on worker-20250328234144-172.18.0.7-36857 (172.18.0.7:36857) with 1 core(s)
[2025-03-28T23:55:34.559+0000] {spark_submit.py:645} INFO - 25/03/28 23:55:34 INFO StandaloneSchedulerBackend: Granted executor ID app-20250328235534-0001/1 on hostPort 172.18.0.7:36857 with 1 core(s), 512.0 MiB RAM
[2025-03-28T23:55:34.575+0000] {spark_submit.py:645} INFO - 25/03/28 23:55:34 INFO BlockManager: Using org.apache.spark.storage.RandomBlockReplicationPolicy for block replication policy
[2025-03-28T23:55:34.585+0000] {spark_submit.py:645} INFO - 25/03/28 23:55:34 INFO StandaloneAppClient$ClientEndpoint: Executor added: app-20250328235534-0001/2 on worker-20250328234144-172.18.0.5-44197 (172.18.0.5:44197) with 1 core(s)
[2025-03-28T23:55:34.586+0000] {spark_submit.py:645} INFO - 25/03/28 23:55:34 INFO StandaloneSchedulerBackend: Granted executor ID app-20250328235534-0001/2 on hostPort 172.18.0.5:44197 with 1 core(s), 512.0 MiB RAM
[2025-03-28T23:55:34.586+0000] {spark_submit.py:645} INFO - 25/03/28 23:55:34 INFO BlockManagerMaster: Registering BlockManager BlockManagerId(driver, 9a51e41eb88a, 34811, None)
[2025-03-28T23:55:34.586+0000] {spark_submit.py:645} INFO - 25/03/28 23:55:34 INFO StandaloneAppClient$ClientEndpoint: Executor added: app-20250328235534-0001/3 on worker-20250328234144-172.18.0.5-44197 (172.18.0.5:44197) with 1 core(s)
[2025-03-28T23:55:34.587+0000] {spark_submit.py:645} INFO - 25/03/28 23:55:34 INFO StandaloneSchedulerBackend: Granted executor ID app-20250328235534-0001/3 on hostPort 172.18.0.5:44197 with 1 core(s), 512.0 MiB RAM
[2025-03-28T23:55:34.618+0000] {spark_submit.py:645} INFO - 25/03/28 23:55:34 INFO BlockManagerMasterEndpoint: Registering block manager 9a51e41eb88a:34811 with 434.4 MiB RAM, BlockManagerId(driver, 9a51e41eb88a, 34811, None)
[2025-03-28T23:55:34.619+0000] {spark_submit.py:645} INFO - 25/03/28 23:55:34 INFO BlockManagerMaster: Registered BlockManager BlockManagerId(driver, 9a51e41eb88a, 34811, None)
[2025-03-28T23:55:34.619+0000] {spark_submit.py:645} INFO - 25/03/28 23:55:34 INFO BlockManager: Initialized BlockManager: BlockManagerId(driver, 9a51e41eb88a, 34811, None)
[2025-03-28T23:55:34.648+0000] {spark_submit.py:645} INFO - 25/03/28 23:55:34 INFO StandaloneAppClient$ClientEndpoint: Executor updated: app-20250328235534-0001/0 is now RUNNING
[2025-03-28T23:55:34.665+0000] {spark_submit.py:645} INFO - 25/03/28 23:55:34 INFO StandaloneAppClient$ClientEndpoint: Executor updated: app-20250328235534-0001/1 is now RUNNING
[2025-03-28T23:55:34.666+0000] {spark_submit.py:645} INFO - 25/03/28 23:55:34 INFO StandaloneAppClient$ClientEndpoint: Executor updated: app-20250328235534-0001/3 is now RUNNING
[2025-03-28T23:55:34.745+0000] {spark_submit.py:645} INFO - 25/03/28 23:55:34 INFO StandaloneAppClient$ClientEndpoint: Executor updated: app-20250328235534-0001/2 is now RUNNING
[2025-03-28T23:55:35.296+0000] {spark_submit.py:645} INFO - 25/03/28 23:55:35 INFO StandaloneSchedulerBackend: SchedulerBackend is ready for scheduling beginning after reached minRegisteredResourcesRatio: 0.0
[2025-03-28T23:55:35.945+0000] {spark_submit.py:645} INFO - 2025-03-28 23:55:35,943 - INFO - Spark Session criada com sucesso
[2025-03-28T23:55:35.965+0000] {spark_submit.py:645} INFO - 25/03/28 23:55:35 INFO SharedState: Setting hive.metastore.warehouse.dir ('null') to the value of spark.sql.warehouse.dir.
[2025-03-28T23:55:35.985+0000] {spark_submit.py:645} INFO - 25/03/28 23:55:35 INFO SharedState: Warehouse path is 'file:/opt/spark-warehouse'.
[2025-03-28T23:55:38.105+0000] {spark_submit.py:645} INFO - 25/03/28 23:55:38 WARN MetricsConfig: Cannot locate configuration: tried hadoop-metrics2-s3a-file-system.properties,hadoop-metrics2.properties
[2025-03-28T23:55:38.156+0000] {spark_submit.py:645} INFO - 25/03/28 23:55:38 INFO MetricsSystemImpl: Scheduled Metric snapshot period at 10 second(s).
[2025-03-28T23:55:38.156+0000] {spark_submit.py:645} INFO - 25/03/28 23:55:38 INFO MetricsSystemImpl: s3a-file-system metrics system started
[2025-03-28T23:55:42.961+0000] {spark_submit.py:645} INFO - 25/03/28 23:55:42 INFO InMemoryFileIndex: It took 180 ms to list leaf files for 1 paths.
[2025-03-28T23:55:43.375+0000] {spark_submit.py:645} INFO - 25/03/28 23:55:43 INFO MemoryStore: Block broadcast_0 stored as values in memory (estimated size 209.2 KiB, free 434.2 MiB)
[2025-03-28T23:55:43.605+0000] {spark_submit.py:645} INFO - 25/03/28 23:55:43 INFO MemoryStore: Block broadcast_0_piece0 stored as bytes in memory (estimated size 35.5 KiB, free 434.2 MiB)
[2025-03-28T23:55:43.612+0000] {spark_submit.py:645} INFO - 25/03/28 23:55:43 INFO BlockManagerInfo: Added broadcast_0_piece0 in memory on 9a51e41eb88a:34811 (size: 35.5 KiB, free: 434.4 MiB)
[2025-03-28T23:55:43.624+0000] {spark_submit.py:645} INFO - 25/03/28 23:55:43 INFO SparkContext: Created broadcast 0 from json at NativeMethodAccessorImpl.java:0
[2025-03-28T23:55:44.150+0000] {spark_submit.py:645} INFO - 25/03/28 23:55:44 INFO StandaloneSchedulerBackend$StandaloneDriverEndpoint: Registered executor NettyRpcEndpointRef(spark-client://Executor) (172.18.0.7:58168) with ID 1,  ResourceProfileId 0
[2025-03-28T23:55:44.286+0000] {spark_submit.py:645} INFO - 25/03/28 23:55:44 INFO FileInputFormat: Total input files to process : 1
[2025-03-28T23:55:44.301+0000] {spark_submit.py:645} INFO - 25/03/28 23:55:44 INFO FileInputFormat: Total input files to process : 1
[2025-03-28T23:55:44.344+0000] {spark_submit.py:645} INFO - 25/03/28 23:55:44 INFO SparkContext: Starting job: json at NativeMethodAccessorImpl.java:0
[2025-03-28T23:55:44.411+0000] {spark_submit.py:645} INFO - 25/03/28 23:55:44 INFO DAGScheduler: Got job 0 (json at NativeMethodAccessorImpl.java:0) with 1 output partitions
[2025-03-28T23:55:44.415+0000] {spark_submit.py:645} INFO - 25/03/28 23:55:44 INFO DAGScheduler: Final stage: ResultStage 0 (json at NativeMethodAccessorImpl.java:0)
[2025-03-28T23:55:44.424+0000] {spark_submit.py:645} INFO - 25/03/28 23:55:44 INFO DAGScheduler: Parents of final stage: List()
[2025-03-28T23:55:44.435+0000] {spark_submit.py:645} INFO - 25/03/28 23:55:44 INFO DAGScheduler: Missing parents: List()
[2025-03-28T23:55:44.450+0000] {spark_submit.py:645} INFO - 25/03/28 23:55:44 INFO DAGScheduler: Submitting ResultStage 0 (MapPartitionsRDD[2] at json at NativeMethodAccessorImpl.java:0), which has no missing parents
[2025-03-28T23:55:44.486+0000] {spark_submit.py:645} INFO - 25/03/28 23:55:44 INFO BlockManagerMasterEndpoint: Registering block manager 172.18.0.7:38335 with 127.2 MiB RAM, BlockManagerId(1, 172.18.0.7, 38335, None)
[2025-03-28T23:55:44.543+0000] {spark_submit.py:645} INFO - 25/03/28 23:55:44 INFO StandaloneSchedulerBackend$StandaloneDriverEndpoint: Registered executor NettyRpcEndpointRef(spark-client://Executor) (172.18.0.7:58172) with ID 0,  ResourceProfileId 0
[2025-03-28T23:55:44.624+0000] {spark_submit.py:645} INFO - 25/03/28 23:55:44 INFO MemoryStore: Block broadcast_1 stored as values in memory (estimated size 9.3 KiB, free 434.2 MiB)
[2025-03-28T23:55:44.664+0000] {spark_submit.py:645} INFO - 25/03/28 23:55:44 INFO MemoryStore: Block broadcast_1_piece0 stored as bytes in memory (estimated size 5.0 KiB, free 434.1 MiB)
[2025-03-28T23:55:44.667+0000] {spark_submit.py:645} INFO - 25/03/28 23:55:44 INFO BlockManagerInfo: Added broadcast_1_piece0 in memory on 9a51e41eb88a:34811 (size: 5.0 KiB, free: 434.4 MiB)
[2025-03-28T23:55:44.676+0000] {spark_submit.py:645} INFO - 25/03/28 23:55:44 INFO SparkContext: Created broadcast 1 from broadcast at DAGScheduler.scala:1585
[2025-03-28T23:55:44.738+0000] {spark_submit.py:645} INFO - 25/03/28 23:55:44 INFO DAGScheduler: Submitting 1 missing tasks from ResultStage 0 (MapPartitionsRDD[2] at json at NativeMethodAccessorImpl.java:0) (first 15 tasks are for partitions Vector(0))
[2025-03-28T23:55:44.740+0000] {spark_submit.py:645} INFO - 25/03/28 23:55:44 INFO TaskSchedulerImpl: Adding task set 0.0 with 1 tasks resource profile 0
[2025-03-28T23:55:44.793+0000] {spark_submit.py:645} INFO - 25/03/28 23:55:44 INFO StandaloneSchedulerBackend$StandaloneDriverEndpoint: Registered executor NettyRpcEndpointRef(spark-client://Executor) (172.18.0.5:36680) with ID 3,  ResourceProfileId 0
[2025-03-28T23:55:44.887+0000] {spark_submit.py:645} INFO - 25/03/28 23:55:44 INFO BlockManagerMasterEndpoint: Registering block manager 172.18.0.7:40613 with 127.2 MiB RAM, BlockManagerId(0, 172.18.0.7, 40613, None)
[2025-03-28T23:55:45.007+0000] {spark_submit.py:645} INFO - 25/03/28 23:55:45 INFO BlockManagerMasterEndpoint: Registering block manager 172.18.0.5:43405 with 127.2 MiB RAM, BlockManagerId(3, 172.18.0.5, 43405, None)
[2025-03-28T23:55:45.754+0000] {spark_submit.py:645} INFO - 25/03/28 23:55:45 INFO StandaloneSchedulerBackend$StandaloneDriverEndpoint: Registered executor NettyRpcEndpointRef(spark-client://Executor) (172.18.0.5:36682) with ID 2,  ResourceProfileId 0
[2025-03-28T23:55:46.054+0000] {spark_submit.py:645} INFO - 25/03/28 23:55:46 INFO BlockManagerMasterEndpoint: Registering block manager 172.18.0.5:37497 with 127.2 MiB RAM, BlockManagerId(2, 172.18.0.5, 37497, None)
[2025-03-28T23:55:53.942+0000] {spark_submit.py:645} INFO - 25/03/28 23:55:53 INFO TaskSetManager: Starting task 0.0 in stage 0.0 (TID 0) (172.18.0.7, executor 0, partition 0, PROCESS_LOCAL, 9420 bytes)
[2025-03-28T23:55:54.685+0000] {spark_submit.py:645} INFO - 25/03/28 23:55:54 INFO BlockManagerInfo: Added broadcast_1_piece0 in memory on 172.18.0.7:40613 (size: 5.0 KiB, free: 127.2 MiB)
[2025-03-28T23:55:56.633+0000] {spark_submit.py:645} INFO - 25/03/28 23:55:56 INFO BlockManagerInfo: Added broadcast_0_piece0 in memory on 172.18.0.7:40613 (size: 35.5 KiB, free: 127.2 MiB)
[2025-03-28T23:56:01.835+0000] {spark_submit.py:645} INFO - 25/03/28 23:56:01 INFO TaskSetManager: Finished task 0.0 in stage 0.0 (TID 0) in 7907 ms on 172.18.0.7 (executor 0) (1/1)
[2025-03-28T23:56:01.972+0000] {spark_submit.py:645} INFO - 25/03/28 23:56:01 INFO TaskSchedulerImpl: Removed TaskSet 0.0, whose tasks have all completed, from pool
[2025-03-28T23:56:01.974+0000] {spark_submit.py:645} INFO - 25/03/28 23:56:01 INFO DAGScheduler: ResultStage 0 (json at NativeMethodAccessorImpl.java:0) finished in 17.296 s
[2025-03-28T23:56:01.977+0000] {spark_submit.py:645} INFO - 25/03/28 23:56:01 INFO DAGScheduler: Job 0 is finished. Cancelling potential speculative or zombie tasks for this job
[2025-03-28T23:56:01.978+0000] {spark_submit.py:645} INFO - 25/03/28 23:56:01 INFO TaskSchedulerImpl: Killing all running tasks in stage 0: Stage finished
[2025-03-28T23:56:01.979+0000] {spark_submit.py:645} INFO - 25/03/28 23:56:01 INFO DAGScheduler: Job 0 finished: json at NativeMethodAccessorImpl.java:0, took 17.522204 s
[2025-03-28T23:56:02.393+0000] {spark_submit.py:645} INFO - 25/03/28 23:56:02 INFO BlockManagerInfo: Removed broadcast_1_piece0 on 9a51e41eb88a:34811 in memory (size: 5.0 KiB, free: 434.4 MiB)
[2025-03-28T23:56:02.804+0000] {spark_submit.py:645} INFO - 25/03/28 23:56:02 INFO BlockManagerInfo: Removed broadcast_1_piece0 on 172.18.0.7:40613 in memory (size: 5.0 KiB, free: 127.2 MiB)
[2025-03-28T23:56:03.179+0000] {spark_submit.py:645} INFO - 25/03/28 23:56:03 WARN FileSystem: Failed to initialize fileystem s3a://processed_bucket/teste: java.lang.IllegalArgumentException: bucket is null/empty
[2025-03-28T23:56:03.386+0000] {spark_submit.py:645} INFO - 2025-03-28 23:56:03,218 - ERROR - Error writing the data to s3a://processed_bucket/teste: bucket is null/empty
[2025-03-28T23:56:03.536+0000] {spark_submit.py:645} INFO - Traceback (most recent call last):
[2025-03-28T23:56:03.536+0000] {spark_submit.py:645} INFO - File "/opt/spark_job/code/parquet_writer.py", line 19, in dataframe_writer
[2025-03-28T23:56:03.537+0000] {spark_submit.py:645} INFO - .parquet(file_path)
[2025-03-28T23:56:03.537+0000] {spark_submit.py:645} INFO - ^^^^^^^^^^^^^^^^^^
[2025-03-28T23:56:03.538+0000] {spark_submit.py:645} INFO - File "/home/***/.local/lib/python3.11/site-packages/pyspark/python/lib/pyspark.zip/pyspark/sql/readwriter.py", line 1721, in parquet
[2025-03-28T23:56:03.538+0000] {spark_submit.py:645} INFO - self._jwrite.parquet(path)
[2025-03-28T23:56:03.538+0000] {spark_submit.py:645} INFO - File "/home/***/.local/lib/python3.11/site-packages/pyspark/python/lib/py4j-0.10.9.7-src.zip/py4j/java_gateway.py", line 1322, in __call__
[2025-03-28T23:56:03.539+0000] {spark_submit.py:645} INFO - return_value = get_return_value(
[2025-03-28T23:56:03.539+0000] {spark_submit.py:645} INFO - ^^^^^^^^^^^^^^^^^
[2025-03-28T23:56:03.540+0000] {spark_submit.py:645} INFO - File "/home/***/.local/lib/python3.11/site-packages/pyspark/python/lib/pyspark.zip/pyspark/errors/exceptions/captured.py", line 185, in deco
[2025-03-28T23:56:03.540+0000] {spark_submit.py:645} INFO - raise converted from None
[2025-03-28T23:56:03.540+0000] {spark_submit.py:645} INFO - pyspark.errors.exceptions.captured.IllegalArgumentException: bucket is null/empty
[2025-03-28T23:56:03.541+0000] {spark_submit.py:645} INFO - 
[2025-03-28T23:56:03.541+0000] {spark_submit.py:645} INFO - Traceback (most recent call last):
[2025-03-28T23:56:03.541+0000] {spark_submit.py:645} INFO - File "/opt/spark_job/data_transformation.py", line 38, in <module>
[2025-03-28T23:56:03.542+0000] {spark_submit.py:645} INFO - data_transformation(spark, file_path, processed_bucket, writer)
[2025-03-28T23:56:03.542+0000] {spark_submit.py:645} INFO - File "/opt/spark_job/data_transformation.py", line 22, in data_transformation
[2025-03-28T23:56:03.543+0000] {spark_submit.py:645} INFO - writer.dataframe_writer(df_raw, bucket_path, "teste")
[2025-03-28T23:56:03.544+0000] {spark_submit.py:645} INFO - File "/opt/spark_job/code/parquet_writer.py", line 25, in dataframe_writer
[2025-03-28T23:56:03.547+0000] {spark_submit.py:645} INFO - raise e
[2025-03-28T23:56:03.548+0000] {spark_submit.py:645} INFO - File "/opt/spark_job/code/parquet_writer.py", line 19, in dataframe_writer
[2025-03-28T23:56:03.550+0000] {spark_submit.py:645} INFO - .parquet(file_path)
[2025-03-28T23:56:03.550+0000] {spark_submit.py:645} INFO - ^^^^^^^^^^^^^^^^^^
[2025-03-28T23:56:03.551+0000] {spark_submit.py:645} INFO - File "/home/***/.local/lib/python3.11/site-packages/pyspark/python/lib/pyspark.zip/pyspark/sql/readwriter.py", line 1721, in parquet
[2025-03-28T23:56:03.614+0000] {spark_submit.py:645} INFO - File "/home/***/.local/lib/python3.11/site-packages/pyspark/python/lib/py4j-0.10.9.7-src.zip/py4j/java_gateway.py", line 1322, in __call__
[2025-03-28T23:56:03.615+0000] {spark_submit.py:645} INFO - File "/home/***/.local/lib/python3.11/site-packages/pyspark/python/lib/pyspark.zip/pyspark/errors/exceptions/captured.py", line 185, in deco
[2025-03-28T23:56:03.618+0000] {spark_submit.py:645} INFO - pyspark.errors.exceptions.captured.IllegalArgumentException: bucket is null/empty
[2025-03-28T23:56:03.620+0000] {spark_submit.py:645} INFO - 2025-03-28 23:56:03,619 - INFO - Closing down clientserver connection
[2025-03-28T23:56:03.704+0000] {spark_submit.py:645} INFO - 25/03/28 23:56:03 INFO SparkContext: Invoking stop() from shutdown hook
[2025-03-28T23:56:03.705+0000] {spark_submit.py:645} INFO - 25/03/28 23:56:03 INFO SparkContext: SparkContext is stopping with exitCode 0.
[2025-03-28T23:56:03.716+0000] {spark_submit.py:645} INFO - 25/03/28 23:56:03 INFO SparkUI: Stopped Spark web UI at http://9a51e41eb88a:4040
[2025-03-28T23:56:03.720+0000] {spark_submit.py:645} INFO - 25/03/28 23:56:03 INFO StandaloneSchedulerBackend: Shutting down all executors
[2025-03-28T23:56:03.720+0000] {spark_submit.py:645} INFO - 25/03/28 23:56:03 INFO StandaloneSchedulerBackend$StandaloneDriverEndpoint: Asking each executor to shut down
[2025-03-28T23:56:03.982+0000] {spark_submit.py:645} INFO - 25/03/28 23:56:03 INFO MapOutputTrackerMasterEndpoint: MapOutputTrackerMasterEndpoint stopped!
[2025-03-28T23:56:04.075+0000] {spark_submit.py:645} INFO - 25/03/28 23:56:04 INFO MemoryStore: MemoryStore cleared
[2025-03-28T23:56:04.078+0000] {spark_submit.py:645} INFO - 25/03/28 23:56:04 INFO BlockManager: BlockManager stopped
[2025-03-28T23:56:04.104+0000] {spark_submit.py:645} INFO - 25/03/28 23:56:04 INFO BlockManagerMaster: BlockManagerMaster stopped
[2025-03-28T23:56:04.105+0000] {spark_submit.py:645} INFO - 25/03/28 23:56:04 INFO OutputCommitCoordinator$OutputCommitCoordinatorEndpoint: OutputCommitCoordinator stopped!
[2025-03-28T23:56:04.210+0000] {spark_submit.py:645} INFO - 25/03/28 23:56:04 INFO SparkContext: Successfully stopped SparkContext
[2025-03-28T23:56:04.221+0000] {spark_submit.py:645} INFO - 25/03/28 23:56:04 INFO ShutdownHookManager: Shutdown hook called
[2025-03-28T23:56:04.222+0000] {spark_submit.py:645} INFO - 25/03/28 23:56:04 INFO ShutdownHookManager: Deleting directory /tmp/spark-9a2e45ba-7f47-4587-af21-0946395766fe/pyspark-0e3959ef-417c-465a-867e-782ab6d94b86
[2025-03-28T23:56:04.222+0000] {spark_submit.py:645} INFO - 25/03/28 23:56:04 INFO ShutdownHookManager: Deleting directory /tmp/spark-9f664772-fe40-4b11-9e1b-b56e70f67c29
[2025-03-28T23:56:04.292+0000] {spark_submit.py:645} INFO - 25/03/28 23:56:04 INFO ShutdownHookManager: Deleting directory /tmp/spark-9a2e45ba-7f47-4587-af21-0946395766fe
[2025-03-28T23:56:04.316+0000] {spark_submit.py:645} INFO - 25/03/28 23:56:04 INFO MetricsSystemImpl: Stopping s3a-file-system metrics system...
[2025-03-28T23:56:04.316+0000] {spark_submit.py:645} INFO - 25/03/28 23:56:04 INFO MetricsSystemImpl: s3a-file-system metrics system stopped.
[2025-03-28T23:56:04.318+0000] {spark_submit.py:645} INFO - 25/03/28 23:56:04 INFO MetricsSystemImpl: s3a-file-system metrics system shutdown complete.
[2025-03-28T23:56:04.364+0000] {taskinstance.py:441} INFO - ::group::Post task execution logs
[2025-03-28T23:56:04.376+0000] {taskinstance.py:2905} ERROR - Task failed with exception
Traceback (most recent call last):
  File "/home/airflow/.local/lib/python3.11/site-packages/airflow/models/taskinstance.py", line 465, in _execute_task
    result = _execute_callable(context=context, **execute_callable_kwargs)
             ^^^^^^^^^^^^^^^^^^^^^^^^^^^^^^^^^^^^^^^^^^^^^^^^^^^^^^^^^^^^^
  File "/home/airflow/.local/lib/python3.11/site-packages/airflow/models/taskinstance.py", line 432, in _execute_callable
    return execute_callable(context=context, **execute_callable_kwargs)
           ^^^^^^^^^^^^^^^^^^^^^^^^^^^^^^^^^^^^^^^^^^^^^^^^^^^^^^^^^^^^
  File "/home/airflow/.local/lib/python3.11/site-packages/airflow/models/baseoperator.py", line 401, in wrapper
    return func(self, *args, **kwargs)
           ^^^^^^^^^^^^^^^^^^^^^^^^^^^
  File "/home/airflow/.local/lib/python3.11/site-packages/airflow/operators/python.py", line 235, in execute
    return_value = self.execute_callable()
                   ^^^^^^^^^^^^^^^^^^^^^^^
  File "/home/airflow/.local/lib/python3.11/site-packages/airflow/operators/python.py", line 252, in execute_callable
    return self.python_callable(*self.op_args, **self.op_kwargs)
           ^^^^^^^^^^^^^^^^^^^^^^^^^^^^^^^^^^^^^^^^^^^^^^^^^^^^^
  File "/opt/airflow/dags/etl_pipeline.py", line 97, in spark_dtransformation
    ).execute(kwargs)
      ^^^^^^^^^^^^^^^
  File "/home/airflow/.local/lib/python3.11/site-packages/airflow/models/baseoperator.py", line 401, in wrapper
    return func(self, *args, **kwargs)
           ^^^^^^^^^^^^^^^^^^^^^^^^^^^
  File "/home/airflow/.local/lib/python3.11/site-packages/airflow/providers/apache/spark/operators/spark_submit.py", line 177, in execute
    self._hook.submit(self.application)
  File "/home/airflow/.local/lib/python3.11/site-packages/airflow/providers/apache/spark/hooks/spark_submit.py", line 567, in submit
    raise AirflowException(
airflow.exceptions.AirflowException: Cannot execute: spark-submit --master spark://spark-master:7077 --conf spark.executor.memory=512m --conf spark.executor.cores=1 --conf spark.jars=/opt/spark_job/jars/aws-java-sdk-bundle-1.12.262.jar,/opt/spark_job/jars/hadoop-aws-3.3.4.jar --conf spark.hadoop.fs.s3a.endpoint=http://minio:9000 --conf spark.hadoop.fs.s3a.access.key=admin --conf spark.hadoop.fs.s3a.secret.key=****** --conf spark.hadoop.fs.s3a.impl=org.apache.hadoop.fs.s3a.S3AFileSystem --conf spark.hadoop.fs.s3a.path.style.access=true --principal *** --name arrow-spark --verbose --deploy-mode client /opt/spark_job/data_transformation.py s3://raw/playlist_20250328_235234.json processed. Error code is: 1.
[2025-03-28T23:56:04.386+0000] {taskinstance.py:1206} INFO - Marking task as UP_FOR_RETRY. dag_id=etl_pipeline, task_id=transformation, run_id=manual__2025-03-26T13:33:39.761724+00:00, execution_date=20250326T133339, start_date=20250328T235528, end_date=20250328T235604
[2025-03-28T23:56:04.886+0000] {standard_task_runner.py:110} ERROR - Failed to execute job 55 for task transformation (Cannot execute: spark-submit --master spark://spark-master:7077 --conf spark.executor.memory=512m --conf spark.executor.cores=1 --conf spark.jars=/opt/spark_job/jars/aws-java-sdk-bundle-1.12.262.jar,/opt/spark_job/jars/hadoop-aws-3.3.4.jar --conf spark.hadoop.fs.s3a.endpoint=http://minio:9000 --conf spark.hadoop.fs.s3a.access.key=admin --conf spark.hadoop.fs.s3a.secret.key=****** --conf spark.hadoop.fs.s3a.impl=org.apache.hadoop.fs.s3a.S3AFileSystem --conf spark.hadoop.fs.s3a.path.style.access=true --principal *** --name arrow-spark --verbose --deploy-mode client /opt/spark_job/data_transformation.py s3://raw/playlist_20250328_235234.json processed. Error code is: 1.; 484)
[2025-03-28T23:56:04.903+0000] {local_task_job_runner.py:240} INFO - Task exited with return code 1
[2025-03-28T23:56:04.926+0000] {taskinstance.py:3503} INFO - 0 downstream tasks scheduled from follow-on schedule check
[2025-03-28T23:56:05.095+0000] {local_task_job_runner.py:222} INFO - ::endgroup::
