[2025-03-26T14:13:04.570+0000] {local_task_job_runner.py:120} INFO - ::group::Pre task execution logs
[2025-03-26T14:13:04.602+0000] {taskinstance.py:2076} INFO - Dependencies all met for dep_context=non-requeueable deps ti=<TaskInstance: etl_pipeline.transformation manual__2025-03-26T13:33:39.761724+00:00 [queued]>
[2025-03-26T14:13:04.611+0000] {taskinstance.py:2076} INFO - Dependencies all met for dep_context=requeueable deps ti=<TaskInstance: etl_pipeline.transformation manual__2025-03-26T13:33:39.761724+00:00 [queued]>
[2025-03-26T14:13:04.612+0000] {taskinstance.py:2306} INFO - Starting attempt 11 of 11
[2025-03-26T14:13:04.656+0000] {taskinstance.py:2330} INFO - Executing <Task(PythonOperator): transformation> on 2025-03-26 13:33:39.761724+00:00
[2025-03-26T14:13:04.662+0000] {standard_task_runner.py:63} INFO - Started process 820 to run task
[2025-03-26T14:13:04.665+0000] {standard_task_runner.py:90} INFO - Running: ['***', 'tasks', 'run', 'etl_pipeline', 'transformation', 'manual__2025-03-26T13:33:39.761724+00:00', '--job-id', '15', '--raw', '--subdir', 'DAGS_FOLDER/etl_pipeline.py', '--cfg-path', '/tmp/tmpw4auewdi']
[2025-03-26T14:13:04.667+0000] {standard_task_runner.py:91} INFO - Job 15: Subtask transformation
[2025-03-26T14:13:04.754+0000] {task_command.py:426} INFO - Running <TaskInstance: etl_pipeline.transformation manual__2025-03-26T13:33:39.761724+00:00 [running]> on host 1ef5fffc4c4a
[2025-03-26T14:13:04.910+0000] {taskinstance.py:2648} INFO - Exporting env vars: AIRFLOW_CTX_DAG_OWNER='lobobranco' AIRFLOW_CTX_DAG_ID='etl_pipeline' AIRFLOW_CTX_TASK_ID='transformation' AIRFLOW_CTX_EXECUTION_DATE='2025-03-26T13:33:39.761724+00:00' AIRFLOW_CTX_TRY_NUMBER='11' AIRFLOW_CTX_DAG_RUN_ID='manual__2025-03-26T13:33:39.761724+00:00'
[2025-03-26T14:13:04.911+0000] {taskinstance.py:430} INFO - ::endgroup::
[2025-03-26T14:13:04.940+0000] {etl_pipeline.py:76} INFO - Transforming data from file: s3://raw/playlist_20250326_133348.json
[2025-03-26T14:13:04.942+0000] {baseoperator.py:400} WARNING - SparkSubmitOperator.execute cannot be called outside TaskInstance!
[2025-03-26T14:13:04.955+0000] {base.py:84} INFO - Using connection ID 'spark_default' for task execution.
[2025-03-26T14:13:04.956+0000] {spark_submit.py:328} ERROR - Failed to decode base64 keytab: Incorrect padding
[2025-03-26T14:13:04.957+0000] {spark_submit.py:305} INFO - Could not load connection string spark_default, defaulting to spark://spark-master:7077
[2025-03-26T14:13:04.959+0000] {spark_submit.py:474} INFO - Spark-Submit cmd: spark-submit --master spark://spark-master:7077 --conf spark.master=spark://spark-master:7077 --conf spark.executor.memory=2g --conf spark.executor.cores=2 --conf spark.jars=/opt/spark_job/jars/aws-java-sdk-bundle-1.12.262.jar,/opt/spark_job/jars/hadoop-aws-3.3.4.jar --conf spark.hadoop.fs.s3a.endpoint=http://minio:9000 --conf spark.hadoop.fs.s3a.access.key=admin --conf spark.hadoop.fs.s3a.secret.key=****** --conf spark.hadoop.fs.s3a.impl=org.apache.hadoop.fs.s3a.S3AFileSystem --conf spark.hadoop.fs.s3a.path.style.access=true --principal *** --name arrow-spark --verbose --deploy-mode client /opt/spark_job/data_transformation.py s3://raw/playlist_20250326_133348.json
[2025-03-26T14:13:05.049+0000] {spark_submit.py:645} INFO - /home/***/.local/lib/python3.11/site-packages/pyspark/bin/load-spark-env.sh: line 68: ps: command not found
[2025-03-26T14:13:06.389+0000] {spark_submit.py:645} INFO - Using properties file: null
[2025-03-26T14:13:06.501+0000] {spark_submit.py:645} INFO - Parsed arguments:
[2025-03-26T14:13:06.502+0000] {spark_submit.py:645} INFO - master                  spark://spark-master:7077
[2025-03-26T14:13:06.502+0000] {spark_submit.py:645} INFO - remote                  null
[2025-03-26T14:13:06.503+0000] {spark_submit.py:645} INFO - deployMode              client
[2025-03-26T14:13:06.503+0000] {spark_submit.py:645} INFO - executorMemory          2g
[2025-03-26T14:13:06.504+0000] {spark_submit.py:645} INFO - executorCores           2
[2025-03-26T14:13:06.504+0000] {spark_submit.py:645} INFO - totalExecutorCores      null
[2025-03-26T14:13:06.504+0000] {spark_submit.py:645} INFO - propertiesFile          null
[2025-03-26T14:13:06.505+0000] {spark_submit.py:645} INFO - driverMemory            null
[2025-03-26T14:13:06.505+0000] {spark_submit.py:645} INFO - driverCores             null
[2025-03-26T14:13:06.505+0000] {spark_submit.py:645} INFO - driverExtraClassPath    null
[2025-03-26T14:13:06.505+0000] {spark_submit.py:645} INFO - driverExtraLibraryPath  null
[2025-03-26T14:13:06.506+0000] {spark_submit.py:645} INFO - driverExtraJavaOptions  null
[2025-03-26T14:13:06.506+0000] {spark_submit.py:645} INFO - supervise               false
[2025-03-26T14:13:06.506+0000] {spark_submit.py:645} INFO - queue                   null
[2025-03-26T14:13:06.507+0000] {spark_submit.py:645} INFO - numExecutors            null
[2025-03-26T14:13:06.507+0000] {spark_submit.py:645} INFO - files                   null
[2025-03-26T14:13:06.508+0000] {spark_submit.py:645} INFO - pyFiles                 null
[2025-03-26T14:13:06.508+0000] {spark_submit.py:645} INFO - archives                null
[2025-03-26T14:13:06.508+0000] {spark_submit.py:645} INFO - mainClass               null
[2025-03-26T14:13:06.509+0000] {spark_submit.py:645} INFO - primaryResource         file:/opt/spark_job/data_transformation.py
[2025-03-26T14:13:06.509+0000] {spark_submit.py:645} INFO - name                    arrow-spark
[2025-03-26T14:13:06.509+0000] {spark_submit.py:645} INFO - childArgs               [s3://raw/playlist_20250326_133348.json]
[2025-03-26T14:13:06.509+0000] {spark_submit.py:645} INFO - jars                    /opt/spark_job/jars/aws-java-sdk-bundle-1.12.262.jar,/opt/spark_job/jars/hadoop-aws-3.3.4.jar
[2025-03-26T14:13:06.510+0000] {spark_submit.py:645} INFO - packages                null
[2025-03-26T14:13:06.510+0000] {spark_submit.py:645} INFO - packagesExclusions      null
[2025-03-26T14:13:06.510+0000] {spark_submit.py:645} INFO - repositories            null
[2025-03-26T14:13:06.511+0000] {spark_submit.py:645} INFO - verbose                 true
[2025-03-26T14:13:06.516+0000] {spark_submit.py:645} INFO - 
[2025-03-26T14:13:06.517+0000] {spark_submit.py:645} INFO - Spark properties used, including those specified through
[2025-03-26T14:13:06.518+0000] {spark_submit.py:645} INFO - --conf and those from the properties file null:
[2025-03-26T14:13:06.518+0000] {spark_submit.py:645} INFO - (spark.executor.cores,2)
[2025-03-26T14:13:06.519+0000] {spark_submit.py:645} INFO - (spark.executor.memory,2g)
[2025-03-26T14:13:06.519+0000] {spark_submit.py:645} INFO - (spark.hadoop.fs.s3a.access.key,*********(redacted))
[2025-03-26T14:13:06.520+0000] {spark_submit.py:645} INFO - (spark.hadoop.fs.s3a.endpoint,http://minio:9000)
[2025-03-26T14:13:06.524+0000] {spark_submit.py:645} INFO - (spark.hadoop.fs.s3a.impl,org.apache.hadoop.fs.s3a.S3AFileSystem)
[2025-03-26T14:13:06.524+0000] {spark_submit.py:645} INFO - (spark.hadoop.fs.s3a.path.style.access,true)
[2025-03-26T14:13:06.525+0000] {spark_submit.py:645} INFO - (spark.hadoop.fs.s3a.secret.key,*********(redacted))
[2025-03-26T14:13:06.525+0000] {spark_submit.py:645} INFO - (spark.jars,/opt/spark_job/jars/aws-java-sdk-bundle-1.12.262.jar,/opt/spark_job/jars/hadoop-aws-3.3.4.jar)
[2025-03-26T14:13:06.525+0000] {spark_submit.py:645} INFO - (spark.master,spark://spark-master:7077)
[2025-03-26T14:13:06.526+0000] {spark_submit.py:645} INFO - 
[2025-03-26T14:13:06.526+0000] {spark_submit.py:645} INFO - 
[2025-03-26T14:13:06.791+0000] {spark_submit.py:645} INFO - 25/03/26 14:13:06 WARN NativeCodeLoader: Unable to load native-hadoop library for your platform... using builtin-java classes where applicable
[2025-03-26T14:13:06.973+0000] {spark_submit.py:645} INFO - Main class:
[2025-03-26T14:13:06.974+0000] {spark_submit.py:645} INFO - org.apache.spark.deploy.PythonRunner
[2025-03-26T14:13:06.974+0000] {spark_submit.py:645} INFO - Arguments:
[2025-03-26T14:13:06.975+0000] {spark_submit.py:645} INFO - file:/opt/spark_job/data_transformation.py
[2025-03-26T14:13:06.975+0000] {spark_submit.py:645} INFO - null
[2025-03-26T14:13:06.975+0000] {spark_submit.py:645} INFO - s3://raw/playlist_20250326_133348.json
[2025-03-26T14:13:06.976+0000] {spark_submit.py:645} INFO - Spark config:
[2025-03-26T14:13:06.976+0000] {spark_submit.py:645} INFO - (spark.app.name,arrow-spark)
[2025-03-26T14:13:06.977+0000] {spark_submit.py:645} INFO - (spark.app.submitTime,1742998386955)
[2025-03-26T14:13:06.977+0000] {spark_submit.py:645} INFO - (spark.executor.cores,2)
[2025-03-26T14:13:06.977+0000] {spark_submit.py:645} INFO - (spark.executor.memory,2g)
[2025-03-26T14:13:06.978+0000] {spark_submit.py:645} INFO - (spark.hadoop.fs.s3a.access.key,*********(redacted))
[2025-03-26T14:13:06.978+0000] {spark_submit.py:645} INFO - (spark.hadoop.fs.s3a.endpoint,http://minio:9000)
[2025-03-26T14:13:06.978+0000] {spark_submit.py:645} INFO - (spark.hadoop.fs.s3a.impl,org.apache.hadoop.fs.s3a.S3AFileSystem)
[2025-03-26T14:13:06.979+0000] {spark_submit.py:645} INFO - (spark.hadoop.fs.s3a.path.style.access,true)
[2025-03-26T14:13:06.979+0000] {spark_submit.py:645} INFO - (spark.hadoop.fs.s3a.secret.key,*********(redacted))
[2025-03-26T14:13:06.979+0000] {spark_submit.py:645} INFO - (spark.jars,file:///opt/spark_job/jars/aws-java-sdk-bundle-1.12.262.jar,file:///opt/spark_job/jars/hadoop-aws-3.3.4.jar)
[2025-03-26T14:13:06.980+0000] {spark_submit.py:645} INFO - (spark.kerberos.principal,***)
[2025-03-26T14:13:06.980+0000] {spark_submit.py:645} INFO - (spark.master,spark://spark-master:7077)
[2025-03-26T14:13:06.982+0000] {spark_submit.py:645} INFO - (spark.repl.local.jars,file:///opt/spark_job/jars/aws-java-sdk-bundle-1.12.262.jar,file:///opt/spark_job/jars/hadoop-aws-3.3.4.jar)
[2025-03-26T14:13:06.983+0000] {spark_submit.py:645} INFO - (spark.submit.deployMode,client)
[2025-03-26T14:13:06.983+0000] {spark_submit.py:645} INFO - (spark.submit.pyFiles,)
[2025-03-26T14:13:06.984+0000] {spark_submit.py:645} INFO - Classpath elements:
[2025-03-26T14:13:06.984+0000] {spark_submit.py:645} INFO - file:///opt/spark_job/jars/aws-java-sdk-bundle-1.12.262.jar
[2025-03-26T14:13:06.985+0000] {spark_submit.py:645} INFO - file:///opt/spark_job/jars/hadoop-aws-3.3.4.jar
[2025-03-26T14:13:06.985+0000] {spark_submit.py:645} INFO - 
[2025-03-26T14:13:06.986+0000] {spark_submit.py:645} INFO - 
[2025-03-26T14:13:08.715+0000] {spark_submit.py:645} INFO - 25/03/26 14:13:08 INFO SparkContext: Running Spark version 3.5.5
[2025-03-26T14:13:08.716+0000] {spark_submit.py:645} INFO - 25/03/26 14:13:08 INFO SparkContext: OS info Linux, 5.15.153.1-microsoft-standard-WSL2, amd64
[2025-03-26T14:13:08.717+0000] {spark_submit.py:645} INFO - 25/03/26 14:13:08 INFO SparkContext: Java version 17.0.14
[2025-03-26T14:13:08.744+0000] {spark_submit.py:645} INFO - 25/03/26 14:13:08 INFO ResourceUtils: ==============================================================
[2025-03-26T14:13:08.744+0000] {spark_submit.py:645} INFO - 25/03/26 14:13:08 INFO ResourceUtils: No custom resources configured for spark.driver.
[2025-03-26T14:13:08.745+0000] {spark_submit.py:645} INFO - 25/03/26 14:13:08 INFO ResourceUtils: ==============================================================
[2025-03-26T14:13:08.745+0000] {spark_submit.py:645} INFO - 25/03/26 14:13:08 INFO SparkContext: Submitted application: Minio Integration with PySpark
[2025-03-26T14:13:08.766+0000] {spark_submit.py:645} INFO - 25/03/26 14:13:08 INFO ResourceProfile: Default ResourceProfile created, executor resources: Map(cores -> name: cores, amount: 2, script: , vendor: , memory -> name: memory, amount: 2048, script: , vendor: , offHeap -> name: offHeap, amount: 0, script: , vendor: ), task resources: Map(cpus -> name: cpus, amount: 1.0)
[2025-03-26T14:13:08.776+0000] {spark_submit.py:645} INFO - 25/03/26 14:13:08 INFO ResourceProfile: Limiting resource is cpus at 2 tasks per executor
[2025-03-26T14:13:08.779+0000] {spark_submit.py:645} INFO - 25/03/26 14:13:08 INFO ResourceProfileManager: Added ResourceProfile id: 0
[2025-03-26T14:13:08.830+0000] {spark_submit.py:645} INFO - 25/03/26 14:13:08 INFO SecurityManager: Changing view acls to: ***
[2025-03-26T14:13:08.831+0000] {spark_submit.py:645} INFO - 25/03/26 14:13:08 INFO SecurityManager: Changing modify acls to: ***
[2025-03-26T14:13:08.832+0000] {spark_submit.py:645} INFO - 25/03/26 14:13:08 INFO SecurityManager: Changing view acls groups to:
[2025-03-26T14:13:08.832+0000] {spark_submit.py:645} INFO - 25/03/26 14:13:08 INFO SecurityManager: Changing modify acls groups to:
[2025-03-26T14:13:08.833+0000] {spark_submit.py:645} INFO - 25/03/26 14:13:08 INFO SecurityManager: SecurityManager: authentication disabled; ui acls disabled; users with view permissions: ***; groups with view permissions: EMPTY; users with modify permissions: ***; groups with modify permissions: EMPTY
[2025-03-26T14:13:09.052+0000] {spark_submit.py:645} INFO - 25/03/26 14:13:09 INFO Utils: Successfully started service 'sparkDriver' on port 34071.
[2025-03-26T14:13:09.098+0000] {spark_submit.py:645} INFO - 25/03/26 14:13:09 INFO SparkEnv: Registering MapOutputTracker
[2025-03-26T14:13:09.134+0000] {spark_submit.py:645} INFO - 25/03/26 14:13:09 INFO SparkEnv: Registering BlockManagerMaster
[2025-03-26T14:13:09.152+0000] {spark_submit.py:645} INFO - 25/03/26 14:13:09 INFO BlockManagerMasterEndpoint: Using org.apache.spark.storage.DefaultTopologyMapper for getting topology information
[2025-03-26T14:13:09.152+0000] {spark_submit.py:645} INFO - 25/03/26 14:13:09 INFO BlockManagerMasterEndpoint: BlockManagerMasterEndpoint up
[2025-03-26T14:13:09.156+0000] {spark_submit.py:645} INFO - 25/03/26 14:13:09 INFO SparkEnv: Registering BlockManagerMasterHeartbeat
[2025-03-26T14:13:09.175+0000] {spark_submit.py:645} INFO - 25/03/26 14:13:09 INFO DiskBlockManager: Created local directory at /tmp/blockmgr-6b121851-80c1-4538-b2c0-824f35173ba0
[2025-03-26T14:13:09.187+0000] {spark_submit.py:645} INFO - 25/03/26 14:13:09 INFO MemoryStore: MemoryStore started with capacity 434.4 MiB
[2025-03-26T14:13:09.201+0000] {spark_submit.py:645} INFO - 25/03/26 14:13:09 INFO SparkEnv: Registering OutputCommitCoordinator
[2025-03-26T14:13:09.314+0000] {spark_submit.py:645} INFO - 25/03/26 14:13:09 INFO JettyUtils: Start Jetty 0.0.0.0:4040 for SparkUI
[2025-03-26T14:13:09.381+0000] {spark_submit.py:645} INFO - 25/03/26 14:13:09 INFO Utils: Successfully started service 'SparkUI' on port 4040.
[2025-03-26T14:13:09.423+0000] {spark_submit.py:645} INFO - 25/03/26 14:13:09 INFO SparkContext: Added JAR file:///opt/spark_job/jars/aws-java-sdk-bundle-1.12.262.jar at spark://1ef5fffc4c4a:34071/jars/aws-java-sdk-bundle-1.12.262.jar with timestamp 1742998388708
[2025-03-26T14:13:09.424+0000] {spark_submit.py:645} INFO - 25/03/26 14:13:09 INFO SparkContext: Added JAR file:///opt/spark_job/jars/hadoop-aws-3.3.4.jar at spark://1ef5fffc4c4a:34071/jars/hadoop-aws-3.3.4.jar with timestamp 1742998388708
[2025-03-26T14:13:09.522+0000] {spark_submit.py:645} INFO - 25/03/26 14:13:09 INFO StandaloneAppClient$ClientEndpoint: Connecting to master spark://spark-master:7077...
[2025-03-26T14:13:12.857+0000] {spark_submit.py:645} INFO - 25/03/26 14:13:12 WARN TransportClientFactory: DNS resolution failed for spark-master/<unresolved>:7077 took 3317 ms
[2025-03-26T14:13:12.888+0000] {spark_submit.py:645} INFO - 25/03/26 14:13:12 WARN StandaloneAppClient$ClientEndpoint: Failed to connect to master spark-master:7077
[2025-03-26T14:13:12.888+0000] {spark_submit.py:645} INFO - org.apache.spark.SparkException: Exception thrown in awaitResult:
[2025-03-26T14:13:12.889+0000] {spark_submit.py:645} INFO - at org.apache.spark.util.SparkThreadUtils$.awaitResult(SparkThreadUtils.scala:56)
[2025-03-26T14:13:12.889+0000] {spark_submit.py:645} INFO - at org.apache.spark.util.ThreadUtils$.awaitResult(ThreadUtils.scala:310)
[2025-03-26T14:13:12.890+0000] {spark_submit.py:645} INFO - at org.apache.spark.rpc.RpcTimeout.awaitResult(RpcTimeout.scala:75)
[2025-03-26T14:13:12.890+0000] {spark_submit.py:645} INFO - at org.apache.spark.rpc.RpcEnv.setupEndpointRefByURI(RpcEnv.scala:102)
[2025-03-26T14:13:12.890+0000] {spark_submit.py:645} INFO - at org.apache.spark.rpc.RpcEnv.setupEndpointRef(RpcEnv.scala:110)
[2025-03-26T14:13:12.891+0000] {spark_submit.py:645} INFO - at org.apache.spark.deploy.client.StandaloneAppClient$ClientEndpoint$$anon$1.run(StandaloneAppClient.scala:108)
[2025-03-26T14:13:12.891+0000] {spark_submit.py:645} INFO - at java.base/java.util.concurrent.Executors$RunnableAdapter.call(Executors.java:539)
[2025-03-26T14:13:12.892+0000] {spark_submit.py:645} INFO - at java.base/java.util.concurrent.FutureTask.run(FutureTask.java:264)
[2025-03-26T14:13:12.892+0000] {spark_submit.py:645} INFO - at java.base/java.util.concurrent.ThreadPoolExecutor.runWorker(ThreadPoolExecutor.java:1136)
[2025-03-26T14:13:12.893+0000] {spark_submit.py:645} INFO - at java.base/java.util.concurrent.ThreadPoolExecutor$Worker.run(ThreadPoolExecutor.java:635)
[2025-03-26T14:13:12.893+0000] {spark_submit.py:645} INFO - at java.base/java.lang.Thread.run(Thread.java:840)
[2025-03-26T14:13:12.893+0000] {spark_submit.py:645} INFO - Caused by: java.io.IOException: Failed to connect to spark-master/<unresolved>:7077
[2025-03-26T14:13:12.894+0000] {spark_submit.py:645} INFO - at org.apache.spark.network.client.TransportClientFactory.createClient(TransportClientFactory.java:294)
[2025-03-26T14:13:12.894+0000] {spark_submit.py:645} INFO - at org.apache.spark.network.client.TransportClientFactory.createClient(TransportClientFactory.java:214)
[2025-03-26T14:13:12.895+0000] {spark_submit.py:645} INFO - at org.apache.spark.network.client.TransportClientFactory.createClient(TransportClientFactory.java:226)
[2025-03-26T14:13:12.895+0000] {spark_submit.py:645} INFO - at org.apache.spark.rpc.netty.NettyRpcEnv.createClient(NettyRpcEnv.scala:204)
[2025-03-26T14:13:12.895+0000] {spark_submit.py:645} INFO - at org.apache.spark.rpc.netty.Outbox$$anon$1.call(Outbox.scala:202)
[2025-03-26T14:13:12.896+0000] {spark_submit.py:645} INFO - at org.apache.spark.rpc.netty.Outbox$$anon$1.call(Outbox.scala:198)
[2025-03-26T14:13:12.896+0000] {spark_submit.py:645} INFO - ... 4 more
[2025-03-26T14:13:12.896+0000] {spark_submit.py:645} INFO - Caused by: java.net.UnknownHostException: spark-master
[2025-03-26T14:13:12.897+0000] {spark_submit.py:645} INFO - at java.base/java.net.InetAddress$CachedAddresses.get(InetAddress.java:801)
[2025-03-26T14:13:12.897+0000] {spark_submit.py:645} INFO - at java.base/java.net.InetAddress.getAllByName0(InetAddress.java:1533)
[2025-03-26T14:13:12.898+0000] {spark_submit.py:645} INFO - at java.base/java.net.InetAddress.getAllByName(InetAddress.java:1385)
[2025-03-26T14:13:12.898+0000] {spark_submit.py:645} INFO - at java.base/java.net.InetAddress.getAllByName(InetAddress.java:1306)
[2025-03-26T14:13:12.899+0000] {spark_submit.py:645} INFO - at java.base/java.net.InetAddress.getByName(InetAddress.java:1256)
[2025-03-26T14:13:12.899+0000] {spark_submit.py:645} INFO - at io.netty.util.internal.SocketUtils$8.run(SocketUtils.java:156)
[2025-03-26T14:13:12.899+0000] {spark_submit.py:645} INFO - at io.netty.util.internal.SocketUtils$8.run(SocketUtils.java:153)
[2025-03-26T14:13:12.900+0000] {spark_submit.py:645} INFO - at java.base/java.security.AccessController.doPrivileged(AccessController.java:569)
[2025-03-26T14:13:12.900+0000] {spark_submit.py:645} INFO - at io.netty.util.internal.SocketUtils.addressByName(SocketUtils.java:153)
[2025-03-26T14:13:12.900+0000] {spark_submit.py:645} INFO - at io.netty.resolver.DefaultNameResolver.doResolve(DefaultNameResolver.java:41)
[2025-03-26T14:13:12.901+0000] {spark_submit.py:645} INFO - at io.netty.resolver.SimpleNameResolver.resolve(SimpleNameResolver.java:61)
[2025-03-26T14:13:12.901+0000] {spark_submit.py:645} INFO - at io.netty.resolver.SimpleNameResolver.resolve(SimpleNameResolver.java:53)
[2025-03-26T14:13:12.901+0000] {spark_submit.py:645} INFO - at io.netty.resolver.InetSocketAddressResolver.doResolve(InetSocketAddressResolver.java:55)
[2025-03-26T14:13:12.902+0000] {spark_submit.py:645} INFO - at io.netty.resolver.InetSocketAddressResolver.doResolve(InetSocketAddressResolver.java:31)
[2025-03-26T14:13:12.902+0000] {spark_submit.py:645} INFO - at io.netty.resolver.AbstractAddressResolver.resolve(AbstractAddressResolver.java:106)
[2025-03-26T14:13:12.902+0000] {spark_submit.py:645} INFO - at io.netty.bootstrap.Bootstrap.doResolveAndConnect0(Bootstrap.java:220)
[2025-03-26T14:13:12.903+0000] {spark_submit.py:645} INFO - at io.netty.bootstrap.Bootstrap.access$000(Bootstrap.java:46)
[2025-03-26T14:13:12.903+0000] {spark_submit.py:645} INFO - at io.netty.bootstrap.Bootstrap$1.operationComplete(Bootstrap.java:189)
[2025-03-26T14:13:12.903+0000] {spark_submit.py:645} INFO - at io.netty.bootstrap.Bootstrap$1.operationComplete(Bootstrap.java:175)
[2025-03-26T14:13:12.904+0000] {spark_submit.py:645} INFO - at io.netty.util.concurrent.DefaultPromise.notifyListener0(DefaultPromise.java:590)
[2025-03-26T14:13:12.904+0000] {spark_submit.py:645} INFO - at io.netty.util.concurrent.DefaultPromise.notifyListenersNow(DefaultPromise.java:557)
[2025-03-26T14:13:12.904+0000] {spark_submit.py:645} INFO - at io.netty.util.concurrent.DefaultPromise.notifyListeners(DefaultPromise.java:492)
[2025-03-26T14:13:12.905+0000] {spark_submit.py:645} INFO - at io.netty.util.concurrent.DefaultPromise.setValue0(DefaultPromise.java:636)
[2025-03-26T14:13:12.905+0000] {spark_submit.py:645} INFO - at io.netty.util.concurrent.DefaultPromise.setSuccess0(DefaultPromise.java:625)
[2025-03-26T14:13:12.905+0000] {spark_submit.py:645} INFO - at io.netty.util.concurrent.DefaultPromise.trySuccess(DefaultPromise.java:105)
[2025-03-26T14:13:12.906+0000] {spark_submit.py:645} INFO - at io.netty.channel.DefaultChannelPromise.trySuccess(DefaultChannelPromise.java:84)
[2025-03-26T14:13:12.906+0000] {spark_submit.py:645} INFO - at io.netty.channel.AbstractChannel$AbstractUnsafe.safeSetSuccess(AbstractChannel.java:990)
[2025-03-26T14:13:12.906+0000] {spark_submit.py:645} INFO - at io.netty.channel.AbstractChannel$AbstractUnsafe.register0(AbstractChannel.java:516)
[2025-03-26T14:13:12.907+0000] {spark_submit.py:645} INFO - at io.netty.channel.AbstractChannel$AbstractUnsafe.access$200(AbstractChannel.java:429)
[2025-03-26T14:13:12.907+0000] {spark_submit.py:645} INFO - at io.netty.channel.AbstractChannel$AbstractUnsafe$1.run(AbstractChannel.java:486)
[2025-03-26T14:13:12.907+0000] {spark_submit.py:645} INFO - at io.netty.util.concurrent.AbstractEventExecutor.runTask(AbstractEventExecutor.java:174)
[2025-03-26T14:13:12.908+0000] {spark_submit.py:645} INFO - at io.netty.util.concurrent.AbstractEventExecutor.safeExecute(AbstractEventExecutor.java:167)
[2025-03-26T14:13:12.908+0000] {spark_submit.py:645} INFO - at io.netty.util.concurrent.SingleThreadEventExecutor.runAllTasks(SingleThreadEventExecutor.java:470)
[2025-03-26T14:13:12.909+0000] {spark_submit.py:645} INFO - at io.netty.channel.nio.NioEventLoop.run(NioEventLoop.java:569)
[2025-03-26T14:13:12.909+0000] {spark_submit.py:645} INFO - at io.netty.util.concurrent.SingleThreadEventExecutor$4.run(SingleThreadEventExecutor.java:997)
[2025-03-26T14:13:12.909+0000] {spark_submit.py:645} INFO - at io.netty.util.internal.ThreadExecutorMap$2.run(ThreadExecutorMap.java:74)
[2025-03-26T14:13:12.910+0000] {spark_submit.py:645} INFO - at io.netty.util.concurrent.FastThreadLocalRunnable.run(FastThreadLocalRunnable.java:30)
[2025-03-26T14:13:12.910+0000] {spark_submit.py:645} INFO - ... 1 more
[2025-03-26T14:13:29.523+0000] {spark_submit.py:645} INFO - 25/03/26 14:13:29 INFO StandaloneAppClient$ClientEndpoint: Connecting to master spark://spark-master:7077...
[2025-03-26T14:13:32.837+0000] {spark_submit.py:645} INFO - 25/03/26 14:13:32 WARN TransportClientFactory: DNS resolution failed for spark-master/<unresolved>:7077 took 3313 ms
[2025-03-26T14:13:32.840+0000] {spark_submit.py:645} INFO - 25/03/26 14:13:32 WARN StandaloneAppClient$ClientEndpoint: Failed to connect to master spark-master:7077
[2025-03-26T14:13:32.841+0000] {spark_submit.py:645} INFO - org.apache.spark.SparkException: Exception thrown in awaitResult:
[2025-03-26T14:13:32.841+0000] {spark_submit.py:645} INFO - at org.apache.spark.util.SparkThreadUtils$.awaitResult(SparkThreadUtils.scala:56)
[2025-03-26T14:13:32.842+0000] {spark_submit.py:645} INFO - at org.apache.spark.util.ThreadUtils$.awaitResult(ThreadUtils.scala:310)
[2025-03-26T14:13:32.842+0000] {spark_submit.py:645} INFO - at org.apache.spark.rpc.RpcTimeout.awaitResult(RpcTimeout.scala:75)
[2025-03-26T14:13:32.842+0000] {spark_submit.py:645} INFO - at org.apache.spark.rpc.RpcEnv.setupEndpointRefByURI(RpcEnv.scala:102)
[2025-03-26T14:13:32.843+0000] {spark_submit.py:645} INFO - at org.apache.spark.rpc.RpcEnv.setupEndpointRef(RpcEnv.scala:110)
[2025-03-26T14:13:32.843+0000] {spark_submit.py:645} INFO - at org.apache.spark.deploy.client.StandaloneAppClient$ClientEndpoint$$anon$1.run(StandaloneAppClient.scala:108)
[2025-03-26T14:13:32.843+0000] {spark_submit.py:645} INFO - at java.base/java.util.concurrent.Executors$RunnableAdapter.call(Executors.java:539)
[2025-03-26T14:13:32.844+0000] {spark_submit.py:645} INFO - at java.base/java.util.concurrent.FutureTask.run(FutureTask.java:264)
[2025-03-26T14:13:32.844+0000] {spark_submit.py:645} INFO - at java.base/java.util.concurrent.ThreadPoolExecutor.runWorker(ThreadPoolExecutor.java:1136)
[2025-03-26T14:13:32.844+0000] {spark_submit.py:645} INFO - at java.base/java.util.concurrent.ThreadPoolExecutor$Worker.run(ThreadPoolExecutor.java:635)
[2025-03-26T14:13:32.845+0000] {spark_submit.py:645} INFO - at java.base/java.lang.Thread.run(Thread.java:840)
[2025-03-26T14:13:32.845+0000] {spark_submit.py:645} INFO - Caused by: java.io.IOException: Failed to connect to spark-master/<unresolved>:7077
[2025-03-26T14:13:32.845+0000] {spark_submit.py:645} INFO - at org.apache.spark.network.client.TransportClientFactory.createClient(TransportClientFactory.java:294)
[2025-03-26T14:13:32.846+0000] {spark_submit.py:645} INFO - at org.apache.spark.network.client.TransportClientFactory.createClient(TransportClientFactory.java:214)
[2025-03-26T14:13:32.846+0000] {spark_submit.py:645} INFO - at org.apache.spark.network.client.TransportClientFactory.createClient(TransportClientFactory.java:226)
[2025-03-26T14:13:32.846+0000] {spark_submit.py:645} INFO - at org.apache.spark.rpc.netty.NettyRpcEnv.createClient(NettyRpcEnv.scala:204)
[2025-03-26T14:13:32.847+0000] {spark_submit.py:645} INFO - at org.apache.spark.rpc.netty.Outbox$$anon$1.call(Outbox.scala:202)
[2025-03-26T14:13:32.847+0000] {spark_submit.py:645} INFO - at org.apache.spark.rpc.netty.Outbox$$anon$1.call(Outbox.scala:198)
[2025-03-26T14:13:32.847+0000] {spark_submit.py:645} INFO - ... 4 more
[2025-03-26T14:13:32.848+0000] {spark_submit.py:645} INFO - Caused by: java.net.UnknownHostException: spark-master
[2025-03-26T14:13:32.848+0000] {spark_submit.py:645} INFO - at java.base/java.net.InetAddress$CachedAddresses.get(InetAddress.java:801)
[2025-03-26T14:13:32.848+0000] {spark_submit.py:645} INFO - at java.base/java.net.InetAddress.getAllByName0(InetAddress.java:1533)
[2025-03-26T14:13:32.849+0000] {spark_submit.py:645} INFO - at java.base/java.net.InetAddress.getAllByName(InetAddress.java:1385)
[2025-03-26T14:13:32.849+0000] {spark_submit.py:645} INFO - at java.base/java.net.InetAddress.getAllByName(InetAddress.java:1306)
[2025-03-26T14:13:32.849+0000] {spark_submit.py:645} INFO - at java.base/java.net.InetAddress.getByName(InetAddress.java:1256)
[2025-03-26T14:13:32.850+0000] {spark_submit.py:645} INFO - at io.netty.util.internal.SocketUtils$8.run(SocketUtils.java:156)
[2025-03-26T14:13:32.850+0000] {spark_submit.py:645} INFO - at io.netty.util.internal.SocketUtils$8.run(SocketUtils.java:153)
[2025-03-26T14:13:32.850+0000] {spark_submit.py:645} INFO - at java.base/java.security.AccessController.doPrivileged(AccessController.java:569)
[2025-03-26T14:13:32.851+0000] {spark_submit.py:645} INFO - at io.netty.util.internal.SocketUtils.addressByName(SocketUtils.java:153)
[2025-03-26T14:13:32.851+0000] {spark_submit.py:645} INFO - at io.netty.resolver.DefaultNameResolver.doResolve(DefaultNameResolver.java:41)
[2025-03-26T14:13:32.851+0000] {spark_submit.py:645} INFO - at io.netty.resolver.SimpleNameResolver.resolve(SimpleNameResolver.java:61)
[2025-03-26T14:13:32.852+0000] {spark_submit.py:645} INFO - at io.netty.resolver.SimpleNameResolver.resolve(SimpleNameResolver.java:53)
[2025-03-26T14:13:32.852+0000] {spark_submit.py:645} INFO - at io.netty.resolver.InetSocketAddressResolver.doResolve(InetSocketAddressResolver.java:55)
[2025-03-26T14:13:32.852+0000] {spark_submit.py:645} INFO - at io.netty.resolver.InetSocketAddressResolver.doResolve(InetSocketAddressResolver.java:31)
[2025-03-26T14:13:32.853+0000] {spark_submit.py:645} INFO - at io.netty.resolver.AbstractAddressResolver.resolve(AbstractAddressResolver.java:106)
[2025-03-26T14:13:32.853+0000] {spark_submit.py:645} INFO - at io.netty.bootstrap.Bootstrap.doResolveAndConnect0(Bootstrap.java:220)
[2025-03-26T14:13:32.853+0000] {spark_submit.py:645} INFO - at io.netty.bootstrap.Bootstrap.access$000(Bootstrap.java:46)
[2025-03-26T14:13:32.854+0000] {spark_submit.py:645} INFO - at io.netty.bootstrap.Bootstrap$1.operationComplete(Bootstrap.java:189)
[2025-03-26T14:13:32.854+0000] {spark_submit.py:645} INFO - at io.netty.bootstrap.Bootstrap$1.operationComplete(Bootstrap.java:175)
[2025-03-26T14:13:32.854+0000] {spark_submit.py:645} INFO - at io.netty.util.concurrent.DefaultPromise.notifyListener0(DefaultPromise.java:590)
[2025-03-26T14:13:32.855+0000] {spark_submit.py:645} INFO - at io.netty.util.concurrent.DefaultPromise.notifyListenersNow(DefaultPromise.java:557)
[2025-03-26T14:13:32.855+0000] {spark_submit.py:645} INFO - at io.netty.util.concurrent.DefaultPromise.notifyListeners(DefaultPromise.java:492)
[2025-03-26T14:13:32.855+0000] {spark_submit.py:645} INFO - at io.netty.util.concurrent.DefaultPromise.setValue0(DefaultPromise.java:636)
[2025-03-26T14:13:32.855+0000] {spark_submit.py:645} INFO - at io.netty.util.concurrent.DefaultPromise.setSuccess0(DefaultPromise.java:625)
[2025-03-26T14:13:32.856+0000] {spark_submit.py:645} INFO - at io.netty.util.concurrent.DefaultPromise.trySuccess(DefaultPromise.java:105)
[2025-03-26T14:13:32.856+0000] {spark_submit.py:645} INFO - at io.netty.channel.DefaultChannelPromise.trySuccess(DefaultChannelPromise.java:84)
[2025-03-26T14:13:32.856+0000] {spark_submit.py:645} INFO - at io.netty.channel.AbstractChannel$AbstractUnsafe.safeSetSuccess(AbstractChannel.java:990)
[2025-03-26T14:13:32.857+0000] {spark_submit.py:645} INFO - at io.netty.channel.AbstractChannel$AbstractUnsafe.register0(AbstractChannel.java:516)
[2025-03-26T14:13:32.857+0000] {spark_submit.py:645} INFO - at io.netty.channel.AbstractChannel$AbstractUnsafe.access$200(AbstractChannel.java:429)
[2025-03-26T14:13:32.858+0000] {spark_submit.py:645} INFO - at io.netty.channel.AbstractChannel$AbstractUnsafe$1.run(AbstractChannel.java:486)
[2025-03-26T14:13:32.858+0000] {spark_submit.py:645} INFO - at io.netty.util.concurrent.AbstractEventExecutor.runTask(AbstractEventExecutor.java:174)
[2025-03-26T14:13:32.858+0000] {spark_submit.py:645} INFO - at io.netty.util.concurrent.AbstractEventExecutor.safeExecute(AbstractEventExecutor.java:167)
[2025-03-26T14:13:32.859+0000] {spark_submit.py:645} INFO - at io.netty.util.concurrent.SingleThreadEventExecutor.runAllTasks(SingleThreadEventExecutor.java:470)
[2025-03-26T14:13:32.859+0000] {spark_submit.py:645} INFO - at io.netty.channel.nio.NioEventLoop.run(NioEventLoop.java:569)
[2025-03-26T14:13:32.859+0000] {spark_submit.py:645} INFO - at io.netty.util.concurrent.SingleThreadEventExecutor$4.run(SingleThreadEventExecutor.java:997)
[2025-03-26T14:13:32.860+0000] {spark_submit.py:645} INFO - at io.netty.util.internal.ThreadExecutorMap$2.run(ThreadExecutorMap.java:74)
[2025-03-26T14:13:32.860+0000] {spark_submit.py:645} INFO - at io.netty.util.concurrent.FastThreadLocalRunnable.run(FastThreadLocalRunnable.java:30)
[2025-03-26T14:13:32.860+0000] {spark_submit.py:645} INFO - ... 1 more
[2025-03-26T14:13:49.522+0000] {spark_submit.py:645} INFO - 25/03/26 14:13:49 INFO StandaloneAppClient$ClientEndpoint: Connecting to master spark://spark-master:7077...
[2025-03-26T14:13:52.858+0000] {spark_submit.py:645} INFO - 25/03/26 14:13:52 WARN TransportClientFactory: DNS resolution failed for spark-master/<unresolved>:7077 took 3333 ms
[2025-03-26T14:13:52.876+0000] {spark_submit.py:645} INFO - 25/03/26 14:13:52 WARN StandaloneAppClient$ClientEndpoint: Failed to connect to master spark-master:7077
[2025-03-26T14:13:52.878+0000] {spark_submit.py:645} INFO - org.apache.spark.SparkException: Exception thrown in awaitResult:
[2025-03-26T14:13:52.881+0000] {spark_submit.py:645} INFO - at org.apache.spark.util.SparkThreadUtils$.awaitResult(SparkThreadUtils.scala:56)
[2025-03-26T14:13:52.881+0000] {spark_submit.py:645} INFO - at org.apache.spark.util.ThreadUtils$.awaitResult(ThreadUtils.scala:310)
[2025-03-26T14:13:52.882+0000] {spark_submit.py:645} INFO - at org.apache.spark.rpc.RpcTimeout.awaitResult(RpcTimeout.scala:75)
[2025-03-26T14:13:52.883+0000] {spark_submit.py:645} INFO - at org.apache.spark.rpc.RpcEnv.setupEndpointRefByURI(RpcEnv.scala:102)
[2025-03-26T14:13:52.883+0000] {spark_submit.py:645} INFO - at org.apache.spark.rpc.RpcEnv.setupEndpointRef(RpcEnv.scala:110)
[2025-03-26T14:13:52.884+0000] {spark_submit.py:645} INFO - at org.apache.spark.deploy.client.StandaloneAppClient$ClientEndpoint$$anon$1.run(StandaloneAppClient.scala:108)
[2025-03-26T14:13:52.888+0000] {spark_submit.py:645} INFO - at java.base/java.util.concurrent.Executors$RunnableAdapter.call(Executors.java:539)
[2025-03-26T14:13:52.890+0000] {spark_submit.py:645} INFO - at java.base/java.util.concurrent.FutureTask.run(FutureTask.java:264)
[2025-03-26T14:13:52.892+0000] {spark_submit.py:645} INFO - at java.base/java.util.concurrent.ThreadPoolExecutor.runWorker(ThreadPoolExecutor.java:1136)
[2025-03-26T14:13:52.893+0000] {spark_submit.py:645} INFO - at java.base/java.util.concurrent.ThreadPoolExecutor$Worker.run(ThreadPoolExecutor.java:635)
[2025-03-26T14:13:52.894+0000] {spark_submit.py:645} INFO - at java.base/java.lang.Thread.run(Thread.java:840)
[2025-03-26T14:13:52.894+0000] {spark_submit.py:645} INFO - Caused by: java.io.IOException: Failed to connect to spark-master/<unresolved>:7077
[2025-03-26T14:13:52.896+0000] {spark_submit.py:645} INFO - at org.apache.spark.network.client.TransportClientFactory.createClient(TransportClientFactory.java:294)
[2025-03-26T14:13:52.896+0000] {spark_submit.py:645} INFO - at org.apache.spark.network.client.TransportClientFactory.createClient(TransportClientFactory.java:214)
[2025-03-26T14:13:52.897+0000] {spark_submit.py:645} INFO - at org.apache.spark.network.client.TransportClientFactory.createClient(TransportClientFactory.java:226)
[2025-03-26T14:13:52.897+0000] {spark_submit.py:645} INFO - at org.apache.spark.rpc.netty.NettyRpcEnv.createClient(NettyRpcEnv.scala:204)
[2025-03-26T14:13:52.898+0000] {spark_submit.py:645} INFO - at org.apache.spark.rpc.netty.Outbox$$anon$1.call(Outbox.scala:202)
[2025-03-26T14:13:52.898+0000] {spark_submit.py:645} INFO - at org.apache.spark.rpc.netty.Outbox$$anon$1.call(Outbox.scala:198)
[2025-03-26T14:13:52.899+0000] {spark_submit.py:645} INFO - ... 4 more
[2025-03-26T14:13:52.900+0000] {spark_submit.py:645} INFO - Caused by: java.net.UnknownHostException: spark-master
[2025-03-26T14:13:52.903+0000] {spark_submit.py:645} INFO - at java.base/java.net.InetAddress$CachedAddresses.get(InetAddress.java:801)
[2025-03-26T14:13:52.904+0000] {spark_submit.py:645} INFO - at java.base/java.net.InetAddress.getAllByName0(InetAddress.java:1533)
[2025-03-26T14:13:52.905+0000] {spark_submit.py:645} INFO - at java.base/java.net.InetAddress.getAllByName(InetAddress.java:1385)
[2025-03-26T14:13:52.905+0000] {spark_submit.py:645} INFO - at java.base/java.net.InetAddress.getAllByName(InetAddress.java:1306)
[2025-03-26T14:13:52.905+0000] {spark_submit.py:645} INFO - at java.base/java.net.InetAddress.getByName(InetAddress.java:1256)
[2025-03-26T14:13:52.905+0000] {spark_submit.py:645} INFO - at io.netty.util.internal.SocketUtils$8.run(SocketUtils.java:156)
[2025-03-26T14:13:52.906+0000] {spark_submit.py:645} INFO - at io.netty.util.internal.SocketUtils$8.run(SocketUtils.java:153)
[2025-03-26T14:13:52.906+0000] {spark_submit.py:645} INFO - at java.base/java.security.AccessController.doPrivileged(AccessController.java:569)
[2025-03-26T14:13:52.907+0000] {spark_submit.py:645} INFO - at io.netty.util.internal.SocketUtils.addressByName(SocketUtils.java:153)
[2025-03-26T14:13:52.907+0000] {spark_submit.py:645} INFO - at io.netty.resolver.DefaultNameResolver.doResolve(DefaultNameResolver.java:41)
[2025-03-26T14:13:52.907+0000] {spark_submit.py:645} INFO - at io.netty.resolver.SimpleNameResolver.resolve(SimpleNameResolver.java:61)
[2025-03-26T14:13:52.908+0000] {spark_submit.py:645} INFO - at io.netty.resolver.SimpleNameResolver.resolve(SimpleNameResolver.java:53)
[2025-03-26T14:13:52.908+0000] {spark_submit.py:645} INFO - at io.netty.resolver.InetSocketAddressResolver.doResolve(InetSocketAddressResolver.java:55)
[2025-03-26T14:13:52.909+0000] {spark_submit.py:645} INFO - at io.netty.resolver.InetSocketAddressResolver.doResolve(InetSocketAddressResolver.java:31)
[2025-03-26T14:13:52.910+0000] {spark_submit.py:645} INFO - at io.netty.resolver.AbstractAddressResolver.resolve(AbstractAddressResolver.java:106)
[2025-03-26T14:13:52.910+0000] {spark_submit.py:645} INFO - at io.netty.bootstrap.Bootstrap.doResolveAndConnect0(Bootstrap.java:220)
[2025-03-26T14:13:52.910+0000] {spark_submit.py:645} INFO - at io.netty.bootstrap.Bootstrap.access$000(Bootstrap.java:46)
[2025-03-26T14:13:52.911+0000] {spark_submit.py:645} INFO - at io.netty.bootstrap.Bootstrap$1.operationComplete(Bootstrap.java:189)
[2025-03-26T14:13:52.911+0000] {spark_submit.py:645} INFO - at io.netty.bootstrap.Bootstrap$1.operationComplete(Bootstrap.java:175)
[2025-03-26T14:13:52.911+0000] {spark_submit.py:645} INFO - at io.netty.util.concurrent.DefaultPromise.notifyListener0(DefaultPromise.java:590)
[2025-03-26T14:13:52.912+0000] {spark_submit.py:645} INFO - at io.netty.util.concurrent.DefaultPromise.notifyListenersNow(DefaultPromise.java:557)
[2025-03-26T14:13:52.912+0000] {spark_submit.py:645} INFO - at io.netty.util.concurrent.DefaultPromise.notifyListeners(DefaultPromise.java:492)
[2025-03-26T14:13:52.912+0000] {spark_submit.py:645} INFO - at io.netty.util.concurrent.DefaultPromise.setValue0(DefaultPromise.java:636)
[2025-03-26T14:13:52.912+0000] {spark_submit.py:645} INFO - at io.netty.util.concurrent.DefaultPromise.setSuccess0(DefaultPromise.java:625)
[2025-03-26T14:13:52.913+0000] {spark_submit.py:645} INFO - at io.netty.util.concurrent.DefaultPromise.trySuccess(DefaultPromise.java:105)
[2025-03-26T14:13:52.913+0000] {spark_submit.py:645} INFO - at io.netty.channel.DefaultChannelPromise.trySuccess(DefaultChannelPromise.java:84)
[2025-03-26T14:13:52.913+0000] {spark_submit.py:645} INFO - at io.netty.channel.AbstractChannel$AbstractUnsafe.safeSetSuccess(AbstractChannel.java:990)
[2025-03-26T14:13:52.914+0000] {spark_submit.py:645} INFO - at io.netty.channel.AbstractChannel$AbstractUnsafe.register0(AbstractChannel.java:516)
[2025-03-26T14:13:52.914+0000] {spark_submit.py:645} INFO - at io.netty.channel.AbstractChannel$AbstractUnsafe.access$200(AbstractChannel.java:429)
[2025-03-26T14:13:52.914+0000] {spark_submit.py:645} INFO - at io.netty.channel.AbstractChannel$AbstractUnsafe$1.run(AbstractChannel.java:486)
[2025-03-26T14:13:52.915+0000] {spark_submit.py:645} INFO - at io.netty.util.concurrent.AbstractEventExecutor.runTask(AbstractEventExecutor.java:174)
[2025-03-26T14:13:52.915+0000] {spark_submit.py:645} INFO - at io.netty.util.concurrent.AbstractEventExecutor.safeExecute(AbstractEventExecutor.java:167)
[2025-03-26T14:13:52.915+0000] {spark_submit.py:645} INFO - at io.netty.util.concurrent.SingleThreadEventExecutor.runAllTasks(SingleThreadEventExecutor.java:470)
[2025-03-26T14:13:52.915+0000] {spark_submit.py:645} INFO - at io.netty.channel.nio.NioEventLoop.run(NioEventLoop.java:569)
[2025-03-26T14:13:52.916+0000] {spark_submit.py:645} INFO - at io.netty.util.concurrent.SingleThreadEventExecutor$4.run(SingleThreadEventExecutor.java:997)
[2025-03-26T14:13:52.916+0000] {spark_submit.py:645} INFO - at io.netty.util.internal.ThreadExecutorMap$2.run(ThreadExecutorMap.java:74)
[2025-03-26T14:13:52.916+0000] {spark_submit.py:645} INFO - at io.netty.util.concurrent.FastThreadLocalRunnable.run(FastThreadLocalRunnable.java:30)
[2025-03-26T14:13:52.917+0000] {spark_submit.py:645} INFO - ... 1 more
[2025-03-26T14:14:09.522+0000] {spark_submit.py:645} INFO - 25/03/26 14:14:09 ERROR StandaloneSchedulerBackend: Application has been killed. Reason: All masters are unresponsive! Giving up.
[2025-03-26T14:14:09.523+0000] {spark_submit.py:645} INFO - 25/03/26 14:14:09 WARN StandaloneSchedulerBackend: Application ID is not initialized yet.
[2025-03-26T14:14:09.530+0000] {spark_submit.py:645} INFO - 25/03/26 14:14:09 INFO Utils: Successfully started service 'org.apache.spark.network.netty.NettyBlockTransferService' on port 41319.
[2025-03-26T14:14:09.530+0000] {spark_submit.py:645} INFO - 25/03/26 14:14:09 INFO NettyBlockTransferService: Server created on 1ef5fffc4c4a:41319
[2025-03-26T14:14:09.534+0000] {spark_submit.py:645} INFO - 25/03/26 14:14:09 INFO BlockManager: Using org.apache.spark.storage.RandomBlockReplicationPolicy for block replication policy
[2025-03-26T14:14:09.539+0000] {spark_submit.py:645} INFO - 25/03/26 14:14:09 INFO BlockManagerMaster: Registering BlockManager BlockManagerId(driver, 1ef5fffc4c4a, 41319, None)
[2025-03-26T14:14:09.543+0000] {spark_submit.py:645} INFO - 25/03/26 14:14:09 INFO BlockManagerMasterEndpoint: Registering block manager 1ef5fffc4c4a:41319 with 434.4 MiB RAM, BlockManagerId(driver, 1ef5fffc4c4a, 41319, None)
[2025-03-26T14:14:09.545+0000] {spark_submit.py:645} INFO - 25/03/26 14:14:09 INFO BlockManagerMaster: Registered BlockManager BlockManagerId(driver, 1ef5fffc4c4a, 41319, None)
[2025-03-26T14:14:09.547+0000] {spark_submit.py:645} INFO - 25/03/26 14:14:09 INFO BlockManager: Initialized BlockManager: BlockManagerId(driver, 1ef5fffc4c4a, 41319, None)
[2025-03-26T14:14:09.765+0000] {spark_submit.py:645} INFO - 25/03/26 14:14:09 INFO StandaloneSchedulerBackend: SchedulerBackend is ready for scheduling beginning after reached minRegisteredResourcesRatio: 0.0
[2025-03-26T14:14:09.991+0000] {spark_submit.py:645} INFO - 25/03/26 14:14:09 INFO SharedState: Setting hive.metastore.warehouse.dir ('null') to the value of spark.sql.warehouse.dir.
[2025-03-26T14:14:09.995+0000] {spark_submit.py:645} INFO - 25/03/26 14:14:09 INFO SharedState: Warehouse path is 'file:/opt/spark-warehouse'.
[2025-03-26T14:14:10.038+0000] {spark_submit.py:645} INFO - 25/03/26 14:14:10 INFO SparkContext: SparkContext is stopping with exitCode 0.
[2025-03-26T14:14:10.050+0000] {spark_submit.py:645} INFO - 25/03/26 14:14:10 INFO SparkUI: Stopped Spark web UI at http://1ef5fffc4c4a:4040
[2025-03-26T14:14:10.054+0000] {spark_submit.py:645} INFO - 25/03/26 14:14:10 INFO StandaloneSchedulerBackend: Shutting down all executors
[2025-03-26T14:14:10.057+0000] {spark_submit.py:645} INFO - 25/03/26 14:14:10 INFO StandaloneSchedulerBackend$StandaloneDriverEndpoint: Asking each executor to shut down
[2025-03-26T14:14:10.063+0000] {spark_submit.py:645} INFO - 25/03/26 14:14:10 WARN StandaloneAppClient$ClientEndpoint: Drop UnregisterApplication(null) because has not yet connected to master
[2025-03-26T14:14:10.074+0000] {spark_submit.py:645} INFO - 25/03/26 14:14:10 INFO MapOutputTrackerMasterEndpoint: MapOutputTrackerMasterEndpoint stopped!
[2025-03-26T14:14:10.110+0000] {spark_submit.py:645} INFO - 25/03/26 14:14:10 INFO MemoryStore: MemoryStore cleared
[2025-03-26T14:14:10.111+0000] {spark_submit.py:645} INFO - 25/03/26 14:14:10 INFO BlockManager: BlockManager stopped
[2025-03-26T14:14:10.117+0000] {spark_submit.py:645} INFO - 25/03/26 14:14:10 INFO BlockManagerMaster: BlockManagerMaster stopped
[2025-03-26T14:14:10.119+0000] {spark_submit.py:645} INFO - 25/03/26 14:14:10 INFO OutputCommitCoordinator$OutputCommitCoordinatorEndpoint: OutputCommitCoordinator stopped!
[2025-03-26T14:14:10.131+0000] {spark_submit.py:645} INFO - 25/03/26 14:14:10 INFO SparkContext: Successfully stopped SparkContext
[2025-03-26T14:14:10.921+0000] {spark_submit.py:645} INFO - 25/03/26 14:14:10 WARN MetricsConfig: Cannot locate configuration: tried hadoop-metrics2-s3a-file-system.properties,hadoop-metrics2.properties
[2025-03-26T14:14:10.931+0000] {spark_submit.py:645} INFO - 25/03/26 14:14:10 INFO MetricsSystemImpl: Scheduled Metric snapshot period at 10 second(s).
[2025-03-26T14:14:10.932+0000] {spark_submit.py:645} INFO - 25/03/26 14:14:10 INFO MetricsSystemImpl: s3a-file-system metrics system started
[2025-03-26T14:14:12.780+0000] {spark_submit.py:645} INFO - 25/03/26 14:14:12 INFO InMemoryFileIndex: It took 99 ms to list leaf files for 1 paths.
[2025-03-26T14:14:12.884+0000] {spark_submit.py:645} INFO - Traceback (most recent call last):
[2025-03-26T14:14:12.885+0000] {spark_submit.py:645} INFO - File "/opt/spark_job/data_transformation.py", line 43, in <module>
[2025-03-26T14:14:12.887+0000] {spark_submit.py:645} INFO - data_transformation(spark, file_path)
[2025-03-26T14:14:12.888+0000] {spark_submit.py:645} INFO - File "/opt/spark_job/data_transformation.py", line 20, in data_transformation
[2025-03-26T14:14:12.890+0000] {spark_submit.py:645} INFO - df_raw = spark.read.option("multiline", "true").json(file_path)#"s3a://raw/playlist_20250323_190824.json")
[2025-03-26T14:14:12.891+0000] {spark_submit.py:645} INFO - ^^^^^^^^^^^^^^^^^^^^^^^^^^^^^^^^^^^^^^^^^^^^^^^^^^^^^^
[2025-03-26T14:14:12.891+0000] {spark_submit.py:645} INFO - File "/home/***/.local/lib/python3.11/site-packages/pyspark/python/lib/pyspark.zip/pyspark/sql/readwriter.py", line 425, in json
[2025-03-26T14:14:12.892+0000] {spark_submit.py:645} INFO - File "/home/***/.local/lib/python3.11/site-packages/pyspark/python/lib/py4j-0.10.9.7-src.zip/py4j/java_gateway.py", line 1322, in __call__
[2025-03-26T14:14:12.895+0000] {spark_submit.py:645} INFO - File "/home/***/.local/lib/python3.11/site-packages/pyspark/python/lib/pyspark.zip/pyspark/errors/exceptions/captured.py", line 179, in deco
[2025-03-26T14:14:12.896+0000] {spark_submit.py:645} INFO - File "/home/***/.local/lib/python3.11/site-packages/pyspark/python/lib/py4j-0.10.9.7-src.zip/py4j/protocol.py", line 326, in get_return_value
[2025-03-26T14:14:12.896+0000] {spark_submit.py:645} INFO - py4j.protocol.Py4JJavaError: An error occurred while calling o35.json.
[2025-03-26T14:14:12.897+0000] {spark_submit.py:645} INFO - : java.lang.IllegalStateException: Cannot call methods on a stopped SparkContext.
[2025-03-26T14:14:12.897+0000] {spark_submit.py:645} INFO - This stopped SparkContext was created at:
[2025-03-26T14:14:12.897+0000] {spark_submit.py:645} INFO - 
[2025-03-26T14:14:12.898+0000] {spark_submit.py:645} INFO - org.apache.spark.api.java.JavaSparkContext.<init>(JavaSparkContext.scala:58)
[2025-03-26T14:14:12.898+0000] {spark_submit.py:645} INFO - java.base/jdk.internal.reflect.NativeConstructorAccessorImpl.newInstance0(Native Method)
[2025-03-26T14:14:12.898+0000] {spark_submit.py:645} INFO - java.base/jdk.internal.reflect.NativeConstructorAccessorImpl.newInstance(NativeConstructorAccessorImpl.java:77)
[2025-03-26T14:14:12.898+0000] {spark_submit.py:645} INFO - java.base/jdk.internal.reflect.DelegatingConstructorAccessorImpl.newInstance(DelegatingConstructorAccessorImpl.java:45)
[2025-03-26T14:14:12.899+0000] {spark_submit.py:645} INFO - java.base/java.lang.reflect.Constructor.newInstanceWithCaller(Constructor.java:500)
[2025-03-26T14:14:12.899+0000] {spark_submit.py:645} INFO - java.base/java.lang.reflect.Constructor.newInstance(Constructor.java:481)
[2025-03-26T14:14:12.899+0000] {spark_submit.py:645} INFO - py4j.reflection.MethodInvoker.invoke(MethodInvoker.java:247)
[2025-03-26T14:14:12.899+0000] {spark_submit.py:645} INFO - py4j.reflection.ReflectionEngine.invoke(ReflectionEngine.java:374)
[2025-03-26T14:14:12.900+0000] {spark_submit.py:645} INFO - py4j.Gateway.invoke(Gateway.java:238)
[2025-03-26T14:14:12.900+0000] {spark_submit.py:645} INFO - py4j.commands.ConstructorCommand.invokeConstructor(ConstructorCommand.java:80)
[2025-03-26T14:14:12.900+0000] {spark_submit.py:645} INFO - py4j.commands.ConstructorCommand.execute(ConstructorCommand.java:69)
[2025-03-26T14:14:12.900+0000] {spark_submit.py:645} INFO - py4j.ClientServerConnection.waitForCommands(ClientServerConnection.java:182)
[2025-03-26T14:14:12.901+0000] {spark_submit.py:645} INFO - py4j.ClientServerConnection.run(ClientServerConnection.java:106)
[2025-03-26T14:14:12.901+0000] {spark_submit.py:645} INFO - java.base/java.lang.Thread.run(Thread.java:840)
[2025-03-26T14:14:12.901+0000] {spark_submit.py:645} INFO - 
[2025-03-26T14:14:12.901+0000] {spark_submit.py:645} INFO - The currently active SparkContext was created at:
[2025-03-26T14:14:12.902+0000] {spark_submit.py:645} INFO - 
[2025-03-26T14:14:12.902+0000] {spark_submit.py:645} INFO - (No active SparkContext.)
[2025-03-26T14:14:12.902+0000] {spark_submit.py:645} INFO - 
[2025-03-26T14:14:12.902+0000] {spark_submit.py:645} INFO - at org.apache.spark.SparkContext.assertNotStopped(SparkContext.scala:122)
[2025-03-26T14:14:12.905+0000] {spark_submit.py:645} INFO - at org.apache.spark.SparkContext.defaultParallelism(SparkContext.scala:2702)
[2025-03-26T14:14:12.906+0000] {spark_submit.py:645} INFO - at org.apache.spark.SparkContext.defaultMinPartitions(SparkContext.scala:2711)
[2025-03-26T14:14:12.907+0000] {spark_submit.py:645} INFO - at org.apache.spark.sql.execution.datasources.json.MultiLineJsonDataSource$.createBaseRdd(JsonDataSource.scala:187)
[2025-03-26T14:14:12.907+0000] {spark_submit.py:645} INFO - at org.apache.spark.sql.execution.datasources.json.MultiLineJsonDataSource$.infer(JsonDataSource.scala:160)
[2025-03-26T14:14:12.907+0000] {spark_submit.py:645} INFO - at org.apache.spark.sql.execution.datasources.json.JsonDataSource.inferSchema(JsonDataSource.scala:64)
[2025-03-26T14:14:12.908+0000] {spark_submit.py:645} INFO - at org.apache.spark.sql.execution.datasources.json.JsonFileFormat.inferSchema(JsonFileFormat.scala:59)
[2025-03-26T14:14:12.908+0000] {spark_submit.py:645} INFO - at org.apache.spark.sql.execution.datasources.DataSource.$anonfun$getOrInferFileFormatSchema$11(DataSource.scala:208)
[2025-03-26T14:14:12.909+0000] {spark_submit.py:645} INFO - at scala.Option.orElse(Option.scala:447)
[2025-03-26T14:14:12.909+0000] {spark_submit.py:645} INFO - at org.apache.spark.sql.execution.datasources.DataSource.getOrInferFileFormatSchema(DataSource.scala:205)
[2025-03-26T14:14:12.909+0000] {spark_submit.py:645} INFO - at org.apache.spark.sql.execution.datasources.DataSource.resolveRelation(DataSource.scala:407)
[2025-03-26T14:14:12.910+0000] {spark_submit.py:645} INFO - at org.apache.spark.sql.DataFrameReader.loadV1Source(DataFrameReader.scala:229)
[2025-03-26T14:14:12.910+0000] {spark_submit.py:645} INFO - at org.apache.spark.sql.DataFrameReader.$anonfun$load$2(DataFrameReader.scala:211)
[2025-03-26T14:14:12.911+0000] {spark_submit.py:645} INFO - at scala.Option.getOrElse(Option.scala:189)
[2025-03-26T14:14:12.911+0000] {spark_submit.py:645} INFO - at org.apache.spark.sql.DataFrameReader.load(DataFrameReader.scala:211)
[2025-03-26T14:14:12.911+0000] {spark_submit.py:645} INFO - at org.apache.spark.sql.DataFrameReader.json(DataFrameReader.scala:362)
[2025-03-26T14:14:12.912+0000] {spark_submit.py:645} INFO - at java.base/jdk.internal.reflect.NativeMethodAccessorImpl.invoke0(Native Method)
[2025-03-26T14:14:12.912+0000] {spark_submit.py:645} INFO - at java.base/jdk.internal.reflect.NativeMethodAccessorImpl.invoke(NativeMethodAccessorImpl.java:77)
[2025-03-26T14:14:12.913+0000] {spark_submit.py:645} INFO - at java.base/jdk.internal.reflect.DelegatingMethodAccessorImpl.invoke(DelegatingMethodAccessorImpl.java:43)
[2025-03-26T14:14:12.913+0000] {spark_submit.py:645} INFO - at java.base/java.lang.reflect.Method.invoke(Method.java:569)
[2025-03-26T14:14:12.913+0000] {spark_submit.py:645} INFO - at py4j.reflection.MethodInvoker.invoke(MethodInvoker.java:244)
[2025-03-26T14:14:12.914+0000] {spark_submit.py:645} INFO - at py4j.reflection.ReflectionEngine.invoke(ReflectionEngine.java:374)
[2025-03-26T14:14:12.914+0000] {spark_submit.py:645} INFO - at py4j.Gateway.invoke(Gateway.java:282)
[2025-03-26T14:14:12.915+0000] {spark_submit.py:645} INFO - at py4j.commands.AbstractCommand.invokeMethod(AbstractCommand.java:132)
[2025-03-26T14:14:12.915+0000] {spark_submit.py:645} INFO - at py4j.commands.CallCommand.execute(CallCommand.java:79)
[2025-03-26T14:14:12.916+0000] {spark_submit.py:645} INFO - at py4j.ClientServerConnection.waitForCommands(ClientServerConnection.java:182)
[2025-03-26T14:14:12.916+0000] {spark_submit.py:645} INFO - at py4j.ClientServerConnection.run(ClientServerConnection.java:106)
[2025-03-26T14:14:12.916+0000] {spark_submit.py:645} INFO - at java.base/java.lang.Thread.run(Thread.java:840)
[2025-03-26T14:14:12.917+0000] {spark_submit.py:645} INFO - 
[2025-03-26T14:14:12.957+0000] {spark_submit.py:645} INFO - 25/03/26 14:14:12 INFO ShutdownHookManager: Shutdown hook called
[2025-03-26T14:14:12.958+0000] {spark_submit.py:645} INFO - 25/03/26 14:14:12 INFO ShutdownHookManager: Deleting directory /tmp/spark-9179842e-6b95-4df9-bf56-af9be1a9e4e9
[2025-03-26T14:14:12.963+0000] {spark_submit.py:645} INFO - 25/03/26 14:14:12 INFO ShutdownHookManager: Deleting directory /tmp/spark-db48ad64-ad48-4984-aabc-b327db763e35
[2025-03-26T14:14:12.968+0000] {spark_submit.py:645} INFO - 25/03/26 14:14:12 INFO ShutdownHookManager: Deleting directory /tmp/spark-9179842e-6b95-4df9-bf56-af9be1a9e4e9/pyspark-6d747bcf-5478-40ba-b0d1-431097b5a8ef
[2025-03-26T14:14:12.975+0000] {spark_submit.py:645} INFO - 25/03/26 14:14:12 INFO MetricsSystemImpl: Stopping s3a-file-system metrics system...
[2025-03-26T14:14:12.976+0000] {spark_submit.py:645} INFO - 25/03/26 14:14:12 INFO MetricsSystemImpl: s3a-file-system metrics system stopped.
[2025-03-26T14:14:12.976+0000] {spark_submit.py:645} INFO - 25/03/26 14:14:12 INFO MetricsSystemImpl: s3a-file-system metrics system shutdown complete.
[2025-03-26T14:14:13.022+0000] {taskinstance.py:441} INFO - ::group::Post task execution logs
[2025-03-26T14:14:13.034+0000] {taskinstance.py:2905} ERROR - Task failed with exception
Traceback (most recent call last):
  File "/home/airflow/.local/lib/python3.11/site-packages/airflow/models/taskinstance.py", line 465, in _execute_task
    result = _execute_callable(context=context, **execute_callable_kwargs)
             ^^^^^^^^^^^^^^^^^^^^^^^^^^^^^^^^^^^^^^^^^^^^^^^^^^^^^^^^^^^^^
  File "/home/airflow/.local/lib/python3.11/site-packages/airflow/models/taskinstance.py", line 432, in _execute_callable
    return execute_callable(context=context, **execute_callable_kwargs)
           ^^^^^^^^^^^^^^^^^^^^^^^^^^^^^^^^^^^^^^^^^^^^^^^^^^^^^^^^^^^^
  File "/home/airflow/.local/lib/python3.11/site-packages/airflow/models/baseoperator.py", line 401, in wrapper
    return func(self, *args, **kwargs)
           ^^^^^^^^^^^^^^^^^^^^^^^^^^^
  File "/home/airflow/.local/lib/python3.11/site-packages/airflow/operators/python.py", line 235, in execute
    return_value = self.execute_callable()
                   ^^^^^^^^^^^^^^^^^^^^^^^
  File "/home/airflow/.local/lib/python3.11/site-packages/airflow/operators/python.py", line 252, in execute_callable
    return self.python_callable(*self.op_args, **self.op_kwargs)
           ^^^^^^^^^^^^^^^^^^^^^^^^^^^^^^^^^^^^^^^^^^^^^^^^^^^^^
  File "/opt/airflow/dags/etl_pipeline.py", line 96, in spark_dtransformation
    ).execute(kwargs)
      ^^^^^^^^^^^^^^^
  File "/home/airflow/.local/lib/python3.11/site-packages/airflow/models/baseoperator.py", line 401, in wrapper
    return func(self, *args, **kwargs)
           ^^^^^^^^^^^^^^^^^^^^^^^^^^^
  File "/home/airflow/.local/lib/python3.11/site-packages/airflow/providers/apache/spark/operators/spark_submit.py", line 177, in execute
    self._hook.submit(self.application)
  File "/home/airflow/.local/lib/python3.11/site-packages/airflow/providers/apache/spark/hooks/spark_submit.py", line 567, in submit
    raise AirflowException(
airflow.exceptions.AirflowException: Cannot execute: spark-submit --master spark://spark-master:7077 --conf spark.master=spark://spark-master:7077 --conf spark.executor.memory=2g --conf spark.executor.cores=2 --conf spark.jars=/opt/spark_job/jars/aws-java-sdk-bundle-1.12.262.jar,/opt/spark_job/jars/hadoop-aws-3.3.4.jar --conf spark.hadoop.fs.s3a.endpoint=http://minio:9000 --conf spark.hadoop.fs.s3a.access.key=admin --conf spark.hadoop.fs.s3a.secret.key=****** --conf spark.hadoop.fs.s3a.impl=org.apache.hadoop.fs.s3a.S3AFileSystem --conf spark.hadoop.fs.s3a.path.style.access=true --principal *** --name arrow-spark --verbose --deploy-mode client /opt/spark_job/data_transformation.py s3://raw/playlist_20250326_133348.json. Error code is: 1.
[2025-03-26T14:14:13.041+0000] {taskinstance.py:1206} INFO - Marking task as FAILED. dag_id=etl_pipeline, task_id=transformation, run_id=manual__2025-03-26T13:33:39.761724+00:00, execution_date=20250326T133339, start_date=20250326T141304, end_date=20250326T141413
[2025-03-26T14:14:13.083+0000] {standard_task_runner.py:110} ERROR - Failed to execute job 15 for task transformation (Cannot execute: spark-submit --master spark://spark-master:7077 --conf spark.master=spark://spark-master:7077 --conf spark.executor.memory=2g --conf spark.executor.cores=2 --conf spark.jars=/opt/spark_job/jars/aws-java-sdk-bundle-1.12.262.jar,/opt/spark_job/jars/hadoop-aws-3.3.4.jar --conf spark.hadoop.fs.s3a.endpoint=http://minio:9000 --conf spark.hadoop.fs.s3a.access.key=admin --conf spark.hadoop.fs.s3a.secret.key=****** --conf spark.hadoop.fs.s3a.impl=org.apache.hadoop.fs.s3a.S3AFileSystem --conf spark.hadoop.fs.s3a.path.style.access=true --principal *** --name arrow-spark --verbose --deploy-mode client /opt/spark_job/data_transformation.py s3://raw/playlist_20250326_133348.json. Error code is: 1.; 820)
[2025-03-26T14:14:13.137+0000] {local_task_job_runner.py:240} INFO - Task exited with return code 1
[2025-03-26T14:14:13.166+0000] {taskinstance.py:3503} INFO - 0 downstream tasks scheduled from follow-on schedule check
[2025-03-26T14:14:13.199+0000] {local_task_job_runner.py:222} INFO - ::endgroup::
