[2025-03-26T14:15:53.921+0000] {local_task_job_runner.py:120} INFO - ::group::Pre task execution logs
[2025-03-26T14:15:53.958+0000] {taskinstance.py:2076} INFO - Dependencies all met for dep_context=non-requeueable deps ti=<TaskInstance: etl_pipeline.transformation manual__2025-03-26T13:33:39.761724+00:00 [queued]>
[2025-03-26T14:15:53.968+0000] {taskinstance.py:2076} INFO - Dependencies all met for dep_context=requeueable deps ti=<TaskInstance: etl_pipeline.transformation manual__2025-03-26T13:33:39.761724+00:00 [queued]>
[2025-03-26T14:15:54.034+0000] {taskinstance.py:2306} INFO - Starting attempt 12 of 13
[2025-03-26T14:15:54.081+0000] {taskinstance.py:2330} INFO - Executing <Task(PythonOperator): transformation> on 2025-03-26 13:33:39.761724+00:00
[2025-03-26T14:15:54.088+0000] {standard_task_runner.py:63} INFO - Started process 1002 to run task
[2025-03-26T14:15:54.091+0000] {standard_task_runner.py:90} INFO - Running: ['***', 'tasks', 'run', 'etl_pipeline', 'transformation', 'manual__2025-03-26T13:33:39.761724+00:00', '--job-id', '16', '--raw', '--subdir', 'DAGS_FOLDER/etl_pipeline.py', '--cfg-path', '/tmp/tmptnjuqqui']
[2025-03-26T14:15:54.095+0000] {standard_task_runner.py:91} INFO - Job 16: Subtask transformation
[2025-03-26T14:15:54.189+0000] {task_command.py:426} INFO - Running <TaskInstance: etl_pipeline.transformation manual__2025-03-26T13:33:39.761724+00:00 [running]> on host 1ef5fffc4c4a
[2025-03-26T14:15:54.371+0000] {taskinstance.py:2648} INFO - Exporting env vars: AIRFLOW_CTX_DAG_OWNER='lobobranco' AIRFLOW_CTX_DAG_ID='etl_pipeline' AIRFLOW_CTX_TASK_ID='transformation' AIRFLOW_CTX_EXECUTION_DATE='2025-03-26T13:33:39.761724+00:00' AIRFLOW_CTX_TRY_NUMBER='12' AIRFLOW_CTX_DAG_RUN_ID='manual__2025-03-26T13:33:39.761724+00:00'
[2025-03-26T14:15:54.372+0000] {taskinstance.py:430} INFO - ::endgroup::
[2025-03-26T14:15:54.399+0000] {etl_pipeline.py:76} INFO - Transforming data from file: s3://raw/playlist_20250326_133348.json
[2025-03-26T14:15:54.401+0000] {baseoperator.py:400} WARNING - SparkSubmitOperator.execute cannot be called outside TaskInstance!
[2025-03-26T14:15:54.414+0000] {base.py:84} INFO - Using connection ID 'spark_default' for task execution.
[2025-03-26T14:15:54.416+0000] {spark_submit.py:328} ERROR - Failed to decode base64 keytab: Incorrect padding
[2025-03-26T14:15:54.416+0000] {spark_submit.py:305} INFO - Could not load connection string spark_default, defaulting to spark://f9cec24510f4:7077
[2025-03-26T14:15:54.418+0000] {spark_submit.py:474} INFO - Spark-Submit cmd: spark-submit --master spark://f9cec24510f4:7077 --conf spark.master=spark://spark-master:7077 --conf spark.executor.memory=2g --conf spark.executor.cores=2 --conf spark.jars=/opt/spark_job/jars/aws-java-sdk-bundle-1.12.262.jar,/opt/spark_job/jars/hadoop-aws-3.3.4.jar --conf spark.hadoop.fs.s3a.endpoint=http://minio:9000 --conf spark.hadoop.fs.s3a.access.key=admin --conf spark.hadoop.fs.s3a.secret.key=****** --conf spark.hadoop.fs.s3a.impl=org.apache.hadoop.fs.s3a.S3AFileSystem --conf spark.hadoop.fs.s3a.path.style.access=true --principal *** --name arrow-spark --verbose --deploy-mode client /opt/spark_job/data_transformation.py s3://raw/playlist_20250326_133348.json
[2025-03-26T14:15:54.554+0000] {spark_submit.py:645} INFO - /home/***/.local/lib/python3.11/site-packages/pyspark/bin/load-spark-env.sh: line 68: ps: command not found
[2025-03-26T14:15:56.146+0000] {spark_submit.py:645} INFO - Using properties file: null
[2025-03-26T14:15:56.280+0000] {spark_submit.py:645} INFO - Parsed arguments:
[2025-03-26T14:15:56.281+0000] {spark_submit.py:645} INFO - master                  spark://f9cec24510f4:7077
[2025-03-26T14:15:56.282+0000] {spark_submit.py:645} INFO - remote                  null
[2025-03-26T14:15:56.282+0000] {spark_submit.py:645} INFO - deployMode              client
[2025-03-26T14:15:56.283+0000] {spark_submit.py:645} INFO - executorMemory          2g
[2025-03-26T14:15:56.283+0000] {spark_submit.py:645} INFO - executorCores           2
[2025-03-26T14:15:56.284+0000] {spark_submit.py:645} INFO - totalExecutorCores      null
[2025-03-26T14:15:56.284+0000] {spark_submit.py:645} INFO - propertiesFile          null
[2025-03-26T14:15:56.285+0000] {spark_submit.py:645} INFO - driverMemory            null
[2025-03-26T14:15:56.285+0000] {spark_submit.py:645} INFO - driverCores             null
[2025-03-26T14:15:56.286+0000] {spark_submit.py:645} INFO - driverExtraClassPath    null
[2025-03-26T14:15:56.286+0000] {spark_submit.py:645} INFO - driverExtraLibraryPath  null
[2025-03-26T14:15:56.286+0000] {spark_submit.py:645} INFO - driverExtraJavaOptions  null
[2025-03-26T14:15:56.287+0000] {spark_submit.py:645} INFO - supervise               false
[2025-03-26T14:15:56.287+0000] {spark_submit.py:645} INFO - queue                   null
[2025-03-26T14:15:56.287+0000] {spark_submit.py:645} INFO - numExecutors            null
[2025-03-26T14:15:56.288+0000] {spark_submit.py:645} INFO - files                   null
[2025-03-26T14:15:56.288+0000] {spark_submit.py:645} INFO - pyFiles                 null
[2025-03-26T14:15:56.289+0000] {spark_submit.py:645} INFO - archives                null
[2025-03-26T14:15:56.289+0000] {spark_submit.py:645} INFO - mainClass               null
[2025-03-26T14:15:56.289+0000] {spark_submit.py:645} INFO - primaryResource         file:/opt/spark_job/data_transformation.py
[2025-03-26T14:15:56.290+0000] {spark_submit.py:645} INFO - name                    arrow-spark
[2025-03-26T14:15:56.290+0000] {spark_submit.py:645} INFO - childArgs               [s3://raw/playlist_20250326_133348.json]
[2025-03-26T14:15:56.290+0000] {spark_submit.py:645} INFO - jars                    /opt/spark_job/jars/aws-java-sdk-bundle-1.12.262.jar,/opt/spark_job/jars/hadoop-aws-3.3.4.jar
[2025-03-26T14:15:56.290+0000] {spark_submit.py:645} INFO - packages                null
[2025-03-26T14:15:56.291+0000] {spark_submit.py:645} INFO - packagesExclusions      null
[2025-03-26T14:15:56.291+0000] {spark_submit.py:645} INFO - repositories            null
[2025-03-26T14:15:56.291+0000] {spark_submit.py:645} INFO - verbose                 true
[2025-03-26T14:15:56.292+0000] {spark_submit.py:645} INFO - 
[2025-03-26T14:15:56.292+0000] {spark_submit.py:645} INFO - Spark properties used, including those specified through
[2025-03-26T14:15:56.292+0000] {spark_submit.py:645} INFO - --conf and those from the properties file null:
[2025-03-26T14:15:56.292+0000] {spark_submit.py:645} INFO - (spark.executor.cores,2)
[2025-03-26T14:15:56.293+0000] {spark_submit.py:645} INFO - (spark.executor.memory,2g)
[2025-03-26T14:15:56.293+0000] {spark_submit.py:645} INFO - (spark.hadoop.fs.s3a.access.key,*********(redacted))
[2025-03-26T14:15:56.293+0000] {spark_submit.py:645} INFO - (spark.hadoop.fs.s3a.endpoint,http://minio:9000)
[2025-03-26T14:15:56.294+0000] {spark_submit.py:645} INFO - (spark.hadoop.fs.s3a.impl,org.apache.hadoop.fs.s3a.S3AFileSystem)
[2025-03-26T14:15:56.294+0000] {spark_submit.py:645} INFO - (spark.hadoop.fs.s3a.path.style.access,true)
[2025-03-26T14:15:56.294+0000] {spark_submit.py:645} INFO - (spark.hadoop.fs.s3a.secret.key,*********(redacted))
[2025-03-26T14:15:56.295+0000] {spark_submit.py:645} INFO - (spark.jars,/opt/spark_job/jars/aws-java-sdk-bundle-1.12.262.jar,/opt/spark_job/jars/hadoop-aws-3.3.4.jar)
[2025-03-26T14:15:56.295+0000] {spark_submit.py:645} INFO - (spark.master,spark://spark-master:7077)
[2025-03-26T14:15:56.295+0000] {spark_submit.py:645} INFO - 
[2025-03-26T14:15:56.295+0000] {spark_submit.py:645} INFO - 
[2025-03-26T14:15:56.609+0000] {spark_submit.py:645} INFO - 25/03/26 14:15:56 WARN NativeCodeLoader: Unable to load native-hadoop library for your platform... using builtin-java classes where applicable
[2025-03-26T14:15:56.849+0000] {spark_submit.py:645} INFO - Main class:
[2025-03-26T14:15:56.850+0000] {spark_submit.py:645} INFO - org.apache.spark.deploy.PythonRunner
[2025-03-26T14:15:56.851+0000] {spark_submit.py:645} INFO - Arguments:
[2025-03-26T14:15:56.852+0000] {spark_submit.py:645} INFO - file:/opt/spark_job/data_transformation.py
[2025-03-26T14:15:56.852+0000] {spark_submit.py:645} INFO - null
[2025-03-26T14:15:56.852+0000] {spark_submit.py:645} INFO - s3://raw/playlist_20250326_133348.json
[2025-03-26T14:15:56.853+0000] {spark_submit.py:645} INFO - Spark config:
[2025-03-26T14:15:56.854+0000] {spark_submit.py:645} INFO - (spark.app.name,arrow-spark)
[2025-03-26T14:15:56.854+0000] {spark_submit.py:645} INFO - (spark.app.submitTime,1742998556831)
[2025-03-26T14:15:56.854+0000] {spark_submit.py:645} INFO - (spark.executor.cores,2)
[2025-03-26T14:15:56.855+0000] {spark_submit.py:645} INFO - (spark.executor.memory,2g)
[2025-03-26T14:15:56.855+0000] {spark_submit.py:645} INFO - (spark.hadoop.fs.s3a.access.key,*********(redacted))
[2025-03-26T14:15:56.855+0000] {spark_submit.py:645} INFO - (spark.hadoop.fs.s3a.endpoint,http://minio:9000)
[2025-03-26T14:15:56.855+0000] {spark_submit.py:645} INFO - (spark.hadoop.fs.s3a.impl,org.apache.hadoop.fs.s3a.S3AFileSystem)
[2025-03-26T14:15:56.856+0000] {spark_submit.py:645} INFO - (spark.hadoop.fs.s3a.path.style.access,true)
[2025-03-26T14:15:56.856+0000] {spark_submit.py:645} INFO - (spark.hadoop.fs.s3a.secret.key,*********(redacted))
[2025-03-26T14:15:56.856+0000] {spark_submit.py:645} INFO - (spark.jars,file:///opt/spark_job/jars/aws-java-sdk-bundle-1.12.262.jar,file:///opt/spark_job/jars/hadoop-aws-3.3.4.jar)
[2025-03-26T14:15:56.856+0000] {spark_submit.py:645} INFO - (spark.kerberos.principal,***)
[2025-03-26T14:15:56.857+0000] {spark_submit.py:645} INFO - (spark.master,spark://f9cec24510f4:7077)
[2025-03-26T14:15:56.857+0000] {spark_submit.py:645} INFO - (spark.repl.local.jars,file:///opt/spark_job/jars/aws-java-sdk-bundle-1.12.262.jar,file:///opt/spark_job/jars/hadoop-aws-3.3.4.jar)
[2025-03-26T14:15:56.857+0000] {spark_submit.py:645} INFO - (spark.submit.deployMode,client)
[2025-03-26T14:15:56.857+0000] {spark_submit.py:645} INFO - (spark.submit.pyFiles,)
[2025-03-26T14:15:56.858+0000] {spark_submit.py:645} INFO - Classpath elements:
[2025-03-26T14:15:56.858+0000] {spark_submit.py:645} INFO - file:///opt/spark_job/jars/aws-java-sdk-bundle-1.12.262.jar
[2025-03-26T14:15:56.858+0000] {spark_submit.py:645} INFO - file:///opt/spark_job/jars/hadoop-aws-3.3.4.jar
[2025-03-26T14:15:56.858+0000] {spark_submit.py:645} INFO - 
[2025-03-26T14:15:56.859+0000] {spark_submit.py:645} INFO - 
[2025-03-26T14:15:59.468+0000] {spark_submit.py:645} INFO - 25/03/26 14:15:59 INFO SparkContext: Running Spark version 3.5.5
[2025-03-26T14:15:59.468+0000] {spark_submit.py:645} INFO - 25/03/26 14:15:59 INFO SparkContext: OS info Linux, 5.15.153.1-microsoft-standard-WSL2, amd64
[2025-03-26T14:15:59.469+0000] {spark_submit.py:645} INFO - 25/03/26 14:15:59 INFO SparkContext: Java version 17.0.14
[2025-03-26T14:15:59.498+0000] {spark_submit.py:645} INFO - 25/03/26 14:15:59 INFO ResourceUtils: ==============================================================
[2025-03-26T14:15:59.499+0000] {spark_submit.py:645} INFO - 25/03/26 14:15:59 INFO ResourceUtils: No custom resources configured for spark.driver.
[2025-03-26T14:15:59.500+0000] {spark_submit.py:645} INFO - 25/03/26 14:15:59 INFO ResourceUtils: ==============================================================
[2025-03-26T14:15:59.501+0000] {spark_submit.py:645} INFO - 25/03/26 14:15:59 INFO SparkContext: Submitted application: Minio Integration with PySpark
[2025-03-26T14:15:59.527+0000] {spark_submit.py:645} INFO - 25/03/26 14:15:59 INFO ResourceProfile: Default ResourceProfile created, executor resources: Map(cores -> name: cores, amount: 2, script: , vendor: , memory -> name: memory, amount: 2048, script: , vendor: , offHeap -> name: offHeap, amount: 0, script: , vendor: ), task resources: Map(cpus -> name: cpus, amount: 1.0)
[2025-03-26T14:15:59.539+0000] {spark_submit.py:645} INFO - 25/03/26 14:15:59 INFO ResourceProfile: Limiting resource is cpus at 2 tasks per executor
[2025-03-26T14:15:59.541+0000] {spark_submit.py:645} INFO - 25/03/26 14:15:59 INFO ResourceProfileManager: Added ResourceProfile id: 0
[2025-03-26T14:15:59.622+0000] {spark_submit.py:645} INFO - 25/03/26 14:15:59 INFO SecurityManager: Changing view acls to: ***
[2025-03-26T14:15:59.623+0000] {spark_submit.py:645} INFO - 25/03/26 14:15:59 INFO SecurityManager: Changing modify acls to: ***
[2025-03-26T14:15:59.624+0000] {spark_submit.py:645} INFO - 25/03/26 14:15:59 INFO SecurityManager: Changing view acls groups to:
[2025-03-26T14:15:59.624+0000] {spark_submit.py:645} INFO - 25/03/26 14:15:59 INFO SecurityManager: Changing modify acls groups to:
[2025-03-26T14:15:59.625+0000] {spark_submit.py:645} INFO - 25/03/26 14:15:59 INFO SecurityManager: SecurityManager: authentication disabled; ui acls disabled; users with view permissions: ***; groups with view permissions: EMPTY; users with modify permissions: ***; groups with modify permissions: EMPTY
[2025-03-26T14:15:59.936+0000] {spark_submit.py:645} INFO - 25/03/26 14:15:59 INFO Utils: Successfully started service 'sparkDriver' on port 45577.
[2025-03-26T14:15:59.977+0000] {spark_submit.py:645} INFO - 25/03/26 14:15:59 INFO SparkEnv: Registering MapOutputTracker
[2025-03-26T14:16:00.006+0000] {spark_submit.py:645} INFO - 25/03/26 14:16:00 INFO SparkEnv: Registering BlockManagerMaster
[2025-03-26T14:16:00.023+0000] {spark_submit.py:645} INFO - 25/03/26 14:16:00 INFO BlockManagerMasterEndpoint: Using org.apache.spark.storage.DefaultTopologyMapper for getting topology information
[2025-03-26T14:16:00.024+0000] {spark_submit.py:645} INFO - 25/03/26 14:16:00 INFO BlockManagerMasterEndpoint: BlockManagerMasterEndpoint up
[2025-03-26T14:16:00.028+0000] {spark_submit.py:645} INFO - 25/03/26 14:16:00 INFO SparkEnv: Registering BlockManagerMasterHeartbeat
[2025-03-26T14:16:00.048+0000] {spark_submit.py:645} INFO - 25/03/26 14:16:00 INFO DiskBlockManager: Created local directory at /tmp/blockmgr-08a1ecd6-855b-48db-8116-0334d51b6885
[2025-03-26T14:16:00.060+0000] {spark_submit.py:645} INFO - 25/03/26 14:16:00 INFO MemoryStore: MemoryStore started with capacity 434.4 MiB
[2025-03-26T14:16:00.073+0000] {spark_submit.py:645} INFO - 25/03/26 14:16:00 INFO SparkEnv: Registering OutputCommitCoordinator
[2025-03-26T14:16:00.189+0000] {spark_submit.py:645} INFO - 25/03/26 14:16:00 INFO JettyUtils: Start Jetty 0.0.0.0:4040 for SparkUI
[2025-03-26T14:16:00.270+0000] {spark_submit.py:645} INFO - 25/03/26 14:16:00 INFO Utils: Successfully started service 'SparkUI' on port 4040.
[2025-03-26T14:16:00.311+0000] {spark_submit.py:645} INFO - 25/03/26 14:16:00 INFO SparkContext: Added JAR file:///opt/spark_job/jars/aws-java-sdk-bundle-1.12.262.jar at spark://1ef5fffc4c4a:45577/jars/aws-java-sdk-bundle-1.12.262.jar with timestamp 1742998559460
[2025-03-26T14:16:00.313+0000] {spark_submit.py:645} INFO - 25/03/26 14:16:00 INFO SparkContext: Added JAR file:///opt/spark_job/jars/hadoop-aws-3.3.4.jar at spark://1ef5fffc4c4a:45577/jars/hadoop-aws-3.3.4.jar with timestamp 1742998559460
[2025-03-26T14:16:00.455+0000] {spark_submit.py:645} INFO - 25/03/26 14:16:00 INFO StandaloneAppClient$ClientEndpoint: Connecting to master spark://f9cec24510f4:7077...
[2025-03-26T14:16:03.968+0000] {spark_submit.py:645} INFO - 25/03/26 14:16:03 WARN TransportClientFactory: DNS resolution failed for f9cec24510f4/<unresolved>:7077 took 3451 ms
[2025-03-26T14:16:03.999+0000] {spark_submit.py:645} INFO - 25/03/26 14:16:03 WARN StandaloneAppClient$ClientEndpoint: Failed to connect to master f9cec24510f4:7077
[2025-03-26T14:16:04.000+0000] {spark_submit.py:645} INFO - org.apache.spark.SparkException: Exception thrown in awaitResult:
[2025-03-26T14:16:04.000+0000] {spark_submit.py:645} INFO - at org.apache.spark.util.SparkThreadUtils$.awaitResult(SparkThreadUtils.scala:56)
[2025-03-26T14:16:04.000+0000] {spark_submit.py:645} INFO - at org.apache.spark.util.ThreadUtils$.awaitResult(ThreadUtils.scala:310)
[2025-03-26T14:16:04.001+0000] {spark_submit.py:645} INFO - at org.apache.spark.rpc.RpcTimeout.awaitResult(RpcTimeout.scala:75)
[2025-03-26T14:16:04.001+0000] {spark_submit.py:645} INFO - at org.apache.spark.rpc.RpcEnv.setupEndpointRefByURI(RpcEnv.scala:102)
[2025-03-26T14:16:04.001+0000] {spark_submit.py:645} INFO - at org.apache.spark.rpc.RpcEnv.setupEndpointRef(RpcEnv.scala:110)
[2025-03-26T14:16:04.002+0000] {spark_submit.py:645} INFO - at org.apache.spark.deploy.client.StandaloneAppClient$ClientEndpoint$$anon$1.run(StandaloneAppClient.scala:108)
[2025-03-26T14:16:04.002+0000] {spark_submit.py:645} INFO - at java.base/java.util.concurrent.Executors$RunnableAdapter.call(Executors.java:539)
[2025-03-26T14:16:04.002+0000] {spark_submit.py:645} INFO - at java.base/java.util.concurrent.FutureTask.run(FutureTask.java:264)
[2025-03-26T14:16:04.003+0000] {spark_submit.py:645} INFO - at java.base/java.util.concurrent.ThreadPoolExecutor.runWorker(ThreadPoolExecutor.java:1136)
[2025-03-26T14:16:04.003+0000] {spark_submit.py:645} INFO - at java.base/java.util.concurrent.ThreadPoolExecutor$Worker.run(ThreadPoolExecutor.java:635)
[2025-03-26T14:16:04.003+0000] {spark_submit.py:645} INFO - at java.base/java.lang.Thread.run(Thread.java:840)
[2025-03-26T14:16:04.004+0000] {spark_submit.py:645} INFO - Caused by: java.io.IOException: Failed to connect to f9cec24510f4/<unresolved>:7077
[2025-03-26T14:16:04.004+0000] {spark_submit.py:645} INFO - at org.apache.spark.network.client.TransportClientFactory.createClient(TransportClientFactory.java:294)
[2025-03-26T14:16:04.004+0000] {spark_submit.py:645} INFO - at org.apache.spark.network.client.TransportClientFactory.createClient(TransportClientFactory.java:214)
[2025-03-26T14:16:04.005+0000] {spark_submit.py:645} INFO - at org.apache.spark.network.client.TransportClientFactory.createClient(TransportClientFactory.java:226)
[2025-03-26T14:16:04.005+0000] {spark_submit.py:645} INFO - at org.apache.spark.rpc.netty.NettyRpcEnv.createClient(NettyRpcEnv.scala:204)
[2025-03-26T14:16:04.005+0000] {spark_submit.py:645} INFO - at org.apache.spark.rpc.netty.Outbox$$anon$1.call(Outbox.scala:202)
[2025-03-26T14:16:04.006+0000] {spark_submit.py:645} INFO - at org.apache.spark.rpc.netty.Outbox$$anon$1.call(Outbox.scala:198)
[2025-03-26T14:16:04.006+0000] {spark_submit.py:645} INFO - ... 4 more
[2025-03-26T14:16:04.006+0000] {spark_submit.py:645} INFO - Caused by: java.net.UnknownHostException: f9cec24510f4
[2025-03-26T14:16:04.007+0000] {spark_submit.py:645} INFO - at java.base/java.net.InetAddress$CachedAddresses.get(InetAddress.java:801)
[2025-03-26T14:16:04.007+0000] {spark_submit.py:645} INFO - at java.base/java.net.InetAddress.getAllByName0(InetAddress.java:1533)
[2025-03-26T14:16:04.007+0000] {spark_submit.py:645} INFO - at java.base/java.net.InetAddress.getAllByName(InetAddress.java:1385)
[2025-03-26T14:16:04.008+0000] {spark_submit.py:645} INFO - at java.base/java.net.InetAddress.getAllByName(InetAddress.java:1306)
[2025-03-26T14:16:04.008+0000] {spark_submit.py:645} INFO - at java.base/java.net.InetAddress.getByName(InetAddress.java:1256)
[2025-03-26T14:16:04.008+0000] {spark_submit.py:645} INFO - at io.netty.util.internal.SocketUtils$8.run(SocketUtils.java:156)
[2025-03-26T14:16:04.008+0000] {spark_submit.py:645} INFO - at io.netty.util.internal.SocketUtils$8.run(SocketUtils.java:153)
[2025-03-26T14:16:04.009+0000] {spark_submit.py:645} INFO - at java.base/java.security.AccessController.doPrivileged(AccessController.java:569)
[2025-03-26T14:16:04.009+0000] {spark_submit.py:645} INFO - at io.netty.util.internal.SocketUtils.addressByName(SocketUtils.java:153)
[2025-03-26T14:16:04.009+0000] {spark_submit.py:645} INFO - at io.netty.resolver.DefaultNameResolver.doResolve(DefaultNameResolver.java:41)
[2025-03-26T14:16:04.010+0000] {spark_submit.py:645} INFO - at io.netty.resolver.SimpleNameResolver.resolve(SimpleNameResolver.java:61)
[2025-03-26T14:16:04.010+0000] {spark_submit.py:645} INFO - at io.netty.resolver.SimpleNameResolver.resolve(SimpleNameResolver.java:53)
[2025-03-26T14:16:04.010+0000] {spark_submit.py:645} INFO - at io.netty.resolver.InetSocketAddressResolver.doResolve(InetSocketAddressResolver.java:55)
[2025-03-26T14:16:04.011+0000] {spark_submit.py:645} INFO - at io.netty.resolver.InetSocketAddressResolver.doResolve(InetSocketAddressResolver.java:31)
[2025-03-26T14:16:04.011+0000] {spark_submit.py:645} INFO - at io.netty.resolver.AbstractAddressResolver.resolve(AbstractAddressResolver.java:106)
[2025-03-26T14:16:04.011+0000] {spark_submit.py:645} INFO - at io.netty.bootstrap.Bootstrap.doResolveAndConnect0(Bootstrap.java:220)
[2025-03-26T14:16:04.012+0000] {spark_submit.py:645} INFO - at io.netty.bootstrap.Bootstrap.access$000(Bootstrap.java:46)
[2025-03-26T14:16:04.012+0000] {spark_submit.py:645} INFO - at io.netty.bootstrap.Bootstrap$1.operationComplete(Bootstrap.java:189)
[2025-03-26T14:16:04.013+0000] {spark_submit.py:645} INFO - at io.netty.bootstrap.Bootstrap$1.operationComplete(Bootstrap.java:175)
[2025-03-26T14:16:04.013+0000] {spark_submit.py:645} INFO - at io.netty.util.concurrent.DefaultPromise.notifyListener0(DefaultPromise.java:590)
[2025-03-26T14:16:04.013+0000] {spark_submit.py:645} INFO - at io.netty.util.concurrent.DefaultPromise.notifyListenersNow(DefaultPromise.java:557)
[2025-03-26T14:16:04.014+0000] {spark_submit.py:645} INFO - at io.netty.util.concurrent.DefaultPromise.notifyListeners(DefaultPromise.java:492)
[2025-03-26T14:16:04.014+0000] {spark_submit.py:645} INFO - at io.netty.util.concurrent.DefaultPromise.setValue0(DefaultPromise.java:636)
[2025-03-26T14:16:04.015+0000] {spark_submit.py:645} INFO - at io.netty.util.concurrent.DefaultPromise.setSuccess0(DefaultPromise.java:625)
[2025-03-26T14:16:04.015+0000] {spark_submit.py:645} INFO - at io.netty.util.concurrent.DefaultPromise.trySuccess(DefaultPromise.java:105)
[2025-03-26T14:16:04.015+0000] {spark_submit.py:645} INFO - at io.netty.channel.DefaultChannelPromise.trySuccess(DefaultChannelPromise.java:84)
[2025-03-26T14:16:04.015+0000] {spark_submit.py:645} INFO - at io.netty.channel.AbstractChannel$AbstractUnsafe.safeSetSuccess(AbstractChannel.java:990)
[2025-03-26T14:16:04.016+0000] {spark_submit.py:645} INFO - at io.netty.channel.AbstractChannel$AbstractUnsafe.register0(AbstractChannel.java:516)
[2025-03-26T14:16:04.016+0000] {spark_submit.py:645} INFO - at io.netty.channel.AbstractChannel$AbstractUnsafe.access$200(AbstractChannel.java:429)
[2025-03-26T14:16:04.016+0000] {spark_submit.py:645} INFO - at io.netty.channel.AbstractChannel$AbstractUnsafe$1.run(AbstractChannel.java:486)
[2025-03-26T14:16:04.017+0000] {spark_submit.py:645} INFO - at io.netty.util.concurrent.AbstractEventExecutor.runTask(AbstractEventExecutor.java:174)
[2025-03-26T14:16:04.017+0000] {spark_submit.py:645} INFO - at io.netty.util.concurrent.AbstractEventExecutor.safeExecute(AbstractEventExecutor.java:167)
[2025-03-26T14:16:04.017+0000] {spark_submit.py:645} INFO - at io.netty.util.concurrent.SingleThreadEventExecutor.runAllTasks(SingleThreadEventExecutor.java:470)
[2025-03-26T14:16:04.018+0000] {spark_submit.py:645} INFO - at io.netty.channel.nio.NioEventLoop.run(NioEventLoop.java:569)
[2025-03-26T14:16:04.018+0000] {spark_submit.py:645} INFO - at io.netty.util.concurrent.SingleThreadEventExecutor$4.run(SingleThreadEventExecutor.java:997)
[2025-03-26T14:16:04.018+0000] {spark_submit.py:645} INFO - at io.netty.util.internal.ThreadExecutorMap$2.run(ThreadExecutorMap.java:74)
[2025-03-26T14:16:04.019+0000] {spark_submit.py:645} INFO - at io.netty.util.concurrent.FastThreadLocalRunnable.run(FastThreadLocalRunnable.java:30)
[2025-03-26T14:16:04.019+0000] {spark_submit.py:645} INFO - ... 1 more
[2025-03-26T14:16:20.448+0000] {spark_submit.py:645} INFO - 25/03/26 14:16:20 INFO StandaloneAppClient$ClientEndpoint: Connecting to master spark://f9cec24510f4:7077...
[2025-03-26T14:16:23.767+0000] {spark_submit.py:645} INFO - 25/03/26 14:16:23 WARN TransportClientFactory: DNS resolution failed for f9cec24510f4/<unresolved>:7077 took 3317 ms
[2025-03-26T14:16:23.771+0000] {spark_submit.py:645} INFO - 25/03/26 14:16:23 WARN StandaloneAppClient$ClientEndpoint: Failed to connect to master f9cec24510f4:7077
[2025-03-26T14:16:23.772+0000] {spark_submit.py:645} INFO - org.apache.spark.SparkException: Exception thrown in awaitResult:
[2025-03-26T14:16:23.772+0000] {spark_submit.py:645} INFO - at org.apache.spark.util.SparkThreadUtils$.awaitResult(SparkThreadUtils.scala:56)
[2025-03-26T14:16:23.773+0000] {spark_submit.py:645} INFO - at org.apache.spark.util.ThreadUtils$.awaitResult(ThreadUtils.scala:310)
[2025-03-26T14:16:23.774+0000] {spark_submit.py:645} INFO - at org.apache.spark.rpc.RpcTimeout.awaitResult(RpcTimeout.scala:75)
[2025-03-26T14:16:23.774+0000] {spark_submit.py:645} INFO - at org.apache.spark.rpc.RpcEnv.setupEndpointRefByURI(RpcEnv.scala:102)
[2025-03-26T14:16:23.774+0000] {spark_submit.py:645} INFO - at org.apache.spark.rpc.RpcEnv.setupEndpointRef(RpcEnv.scala:110)
[2025-03-26T14:16:23.775+0000] {spark_submit.py:645} INFO - at org.apache.spark.deploy.client.StandaloneAppClient$ClientEndpoint$$anon$1.run(StandaloneAppClient.scala:108)
[2025-03-26T14:16:23.775+0000] {spark_submit.py:645} INFO - at java.base/java.util.concurrent.Executors$RunnableAdapter.call(Executors.java:539)
[2025-03-26T14:16:23.776+0000] {spark_submit.py:645} INFO - at java.base/java.util.concurrent.FutureTask.run(FutureTask.java:264)
[2025-03-26T14:16:23.777+0000] {spark_submit.py:645} INFO - at java.base/java.util.concurrent.ThreadPoolExecutor.runWorker(ThreadPoolExecutor.java:1136)
[2025-03-26T14:16:23.777+0000] {spark_submit.py:645} INFO - at java.base/java.util.concurrent.ThreadPoolExecutor$Worker.run(ThreadPoolExecutor.java:635)
[2025-03-26T14:16:23.777+0000] {spark_submit.py:645} INFO - at java.base/java.lang.Thread.run(Thread.java:840)
[2025-03-26T14:16:23.778+0000] {spark_submit.py:645} INFO - Caused by: java.io.IOException: Failed to connect to f9cec24510f4/<unresolved>:7077
[2025-03-26T14:16:23.778+0000] {spark_submit.py:645} INFO - at org.apache.spark.network.client.TransportClientFactory.createClient(TransportClientFactory.java:294)
[2025-03-26T14:16:23.778+0000] {spark_submit.py:645} INFO - at org.apache.spark.network.client.TransportClientFactory.createClient(TransportClientFactory.java:214)
[2025-03-26T14:16:23.779+0000] {spark_submit.py:645} INFO - at org.apache.spark.network.client.TransportClientFactory.createClient(TransportClientFactory.java:226)
[2025-03-26T14:16:23.779+0000] {spark_submit.py:645} INFO - at org.apache.spark.rpc.netty.NettyRpcEnv.createClient(NettyRpcEnv.scala:204)
[2025-03-26T14:16:23.779+0000] {spark_submit.py:645} INFO - at org.apache.spark.rpc.netty.Outbox$$anon$1.call(Outbox.scala:202)
[2025-03-26T14:16:23.780+0000] {spark_submit.py:645} INFO - at org.apache.spark.rpc.netty.Outbox$$anon$1.call(Outbox.scala:198)
[2025-03-26T14:16:23.780+0000] {spark_submit.py:645} INFO - ... 4 more
[2025-03-26T14:16:23.781+0000] {spark_submit.py:645} INFO - Caused by: java.net.UnknownHostException: f9cec24510f4
[2025-03-26T14:16:23.782+0000] {spark_submit.py:645} INFO - at java.base/java.net.InetAddress$CachedAddresses.get(InetAddress.java:801)
[2025-03-26T14:16:23.782+0000] {spark_submit.py:645} INFO - at java.base/java.net.InetAddress.getAllByName0(InetAddress.java:1533)
[2025-03-26T14:16:23.782+0000] {spark_submit.py:645} INFO - at java.base/java.net.InetAddress.getAllByName(InetAddress.java:1385)
[2025-03-26T14:16:23.783+0000] {spark_submit.py:645} INFO - at java.base/java.net.InetAddress.getAllByName(InetAddress.java:1306)
[2025-03-26T14:16:23.783+0000] {spark_submit.py:645} INFO - at java.base/java.net.InetAddress.getByName(InetAddress.java:1256)
[2025-03-26T14:16:23.783+0000] {spark_submit.py:645} INFO - at io.netty.util.internal.SocketUtils$8.run(SocketUtils.java:156)
[2025-03-26T14:16:23.784+0000] {spark_submit.py:645} INFO - at io.netty.util.internal.SocketUtils$8.run(SocketUtils.java:153)
[2025-03-26T14:16:23.784+0000] {spark_submit.py:645} INFO - at java.base/java.security.AccessController.doPrivileged(AccessController.java:569)
[2025-03-26T14:16:23.784+0000] {spark_submit.py:645} INFO - at io.netty.util.internal.SocketUtils.addressByName(SocketUtils.java:153)
[2025-03-26T14:16:23.785+0000] {spark_submit.py:645} INFO - at io.netty.resolver.DefaultNameResolver.doResolve(DefaultNameResolver.java:41)
[2025-03-26T14:16:23.785+0000] {spark_submit.py:645} INFO - at io.netty.resolver.SimpleNameResolver.resolve(SimpleNameResolver.java:61)
[2025-03-26T14:16:23.785+0000] {spark_submit.py:645} INFO - at io.netty.resolver.SimpleNameResolver.resolve(SimpleNameResolver.java:53)
[2025-03-26T14:16:23.786+0000] {spark_submit.py:645} INFO - at io.netty.resolver.InetSocketAddressResolver.doResolve(InetSocketAddressResolver.java:55)
[2025-03-26T14:16:23.786+0000] {spark_submit.py:645} INFO - at io.netty.resolver.InetSocketAddressResolver.doResolve(InetSocketAddressResolver.java:31)
[2025-03-26T14:16:23.786+0000] {spark_submit.py:645} INFO - at io.netty.resolver.AbstractAddressResolver.resolve(AbstractAddressResolver.java:106)
[2025-03-26T14:16:23.787+0000] {spark_submit.py:645} INFO - at io.netty.bootstrap.Bootstrap.doResolveAndConnect0(Bootstrap.java:220)
[2025-03-26T14:16:23.787+0000] {spark_submit.py:645} INFO - at io.netty.bootstrap.Bootstrap.access$000(Bootstrap.java:46)
[2025-03-26T14:16:23.787+0000] {spark_submit.py:645} INFO - at io.netty.bootstrap.Bootstrap$1.operationComplete(Bootstrap.java:189)
[2025-03-26T14:16:23.788+0000] {spark_submit.py:645} INFO - at io.netty.bootstrap.Bootstrap$1.operationComplete(Bootstrap.java:175)
[2025-03-26T14:16:23.788+0000] {spark_submit.py:645} INFO - at io.netty.util.concurrent.DefaultPromise.notifyListener0(DefaultPromise.java:590)
[2025-03-26T14:16:23.788+0000] {spark_submit.py:645} INFO - at io.netty.util.concurrent.DefaultPromise.notifyListenersNow(DefaultPromise.java:557)
[2025-03-26T14:16:23.789+0000] {spark_submit.py:645} INFO - at io.netty.util.concurrent.DefaultPromise.notifyListeners(DefaultPromise.java:492)
[2025-03-26T14:16:23.789+0000] {spark_submit.py:645} INFO - at io.netty.util.concurrent.DefaultPromise.setValue0(DefaultPromise.java:636)
[2025-03-26T14:16:23.790+0000] {spark_submit.py:645} INFO - at io.netty.util.concurrent.DefaultPromise.setSuccess0(DefaultPromise.java:625)
[2025-03-26T14:16:23.790+0000] {spark_submit.py:645} INFO - at io.netty.util.concurrent.DefaultPromise.trySuccess(DefaultPromise.java:105)
[2025-03-26T14:16:23.790+0000] {spark_submit.py:645} INFO - at io.netty.channel.DefaultChannelPromise.trySuccess(DefaultChannelPromise.java:84)
[2025-03-26T14:16:23.791+0000] {spark_submit.py:645} INFO - at io.netty.channel.AbstractChannel$AbstractUnsafe.safeSetSuccess(AbstractChannel.java:990)
[2025-03-26T14:16:23.791+0000] {spark_submit.py:645} INFO - at io.netty.channel.AbstractChannel$AbstractUnsafe.register0(AbstractChannel.java:516)
[2025-03-26T14:16:23.791+0000] {spark_submit.py:645} INFO - at io.netty.channel.AbstractChannel$AbstractUnsafe.access$200(AbstractChannel.java:429)
[2025-03-26T14:16:23.792+0000] {spark_submit.py:645} INFO - at io.netty.channel.AbstractChannel$AbstractUnsafe$1.run(AbstractChannel.java:486)
[2025-03-26T14:16:23.792+0000] {spark_submit.py:645} INFO - at io.netty.util.concurrent.AbstractEventExecutor.runTask(AbstractEventExecutor.java:174)
[2025-03-26T14:16:23.792+0000] {spark_submit.py:645} INFO - at io.netty.util.concurrent.AbstractEventExecutor.safeExecute(AbstractEventExecutor.java:167)
[2025-03-26T14:16:23.793+0000] {spark_submit.py:645} INFO - at io.netty.util.concurrent.SingleThreadEventExecutor.runAllTasks(SingleThreadEventExecutor.java:470)
[2025-03-26T14:16:23.793+0000] {spark_submit.py:645} INFO - at io.netty.channel.nio.NioEventLoop.run(NioEventLoop.java:569)
[2025-03-26T14:16:23.793+0000] {spark_submit.py:645} INFO - at io.netty.util.concurrent.SingleThreadEventExecutor$4.run(SingleThreadEventExecutor.java:997)
[2025-03-26T14:16:23.794+0000] {spark_submit.py:645} INFO - at io.netty.util.internal.ThreadExecutorMap$2.run(ThreadExecutorMap.java:74)
[2025-03-26T14:16:23.794+0000] {spark_submit.py:645} INFO - at io.netty.util.concurrent.FastThreadLocalRunnable.run(FastThreadLocalRunnable.java:30)
[2025-03-26T14:16:23.794+0000] {spark_submit.py:645} INFO - ... 1 more
[2025-03-26T14:16:40.447+0000] {spark_submit.py:645} INFO - 25/03/26 14:16:40 INFO StandaloneAppClient$ClientEndpoint: Connecting to master spark://f9cec24510f4:7077...
[2025-03-26T14:16:43.756+0000] {spark_submit.py:645} INFO - 25/03/26 14:16:43 WARN TransportClientFactory: DNS resolution failed for f9cec24510f4/<unresolved>:7077 took 3307 ms
[2025-03-26T14:16:43.760+0000] {spark_submit.py:645} INFO - 25/03/26 14:16:43 WARN StandaloneAppClient$ClientEndpoint: Failed to connect to master f9cec24510f4:7077
[2025-03-26T14:16:43.761+0000] {spark_submit.py:645} INFO - org.apache.spark.SparkException: Exception thrown in awaitResult:
[2025-03-26T14:16:43.761+0000] {spark_submit.py:645} INFO - at org.apache.spark.util.SparkThreadUtils$.awaitResult(SparkThreadUtils.scala:56)
[2025-03-26T14:16:43.762+0000] {spark_submit.py:645} INFO - at org.apache.spark.util.ThreadUtils$.awaitResult(ThreadUtils.scala:310)
[2025-03-26T14:16:43.762+0000] {spark_submit.py:645} INFO - at org.apache.spark.rpc.RpcTimeout.awaitResult(RpcTimeout.scala:75)
[2025-03-26T14:16:43.763+0000] {spark_submit.py:645} INFO - at org.apache.spark.rpc.RpcEnv.setupEndpointRefByURI(RpcEnv.scala:102)
[2025-03-26T14:16:43.763+0000] {spark_submit.py:645} INFO - at org.apache.spark.rpc.RpcEnv.setupEndpointRef(RpcEnv.scala:110)
[2025-03-26T14:16:43.763+0000] {spark_submit.py:645} INFO - at org.apache.spark.deploy.client.StandaloneAppClient$ClientEndpoint$$anon$1.run(StandaloneAppClient.scala:108)
[2025-03-26T14:16:43.764+0000] {spark_submit.py:645} INFO - at java.base/java.util.concurrent.Executors$RunnableAdapter.call(Executors.java:539)
[2025-03-26T14:16:43.764+0000] {spark_submit.py:645} INFO - at java.base/java.util.concurrent.FutureTask.run(FutureTask.java:264)
[2025-03-26T14:16:43.764+0000] {spark_submit.py:645} INFO - at java.base/java.util.concurrent.ThreadPoolExecutor.runWorker(ThreadPoolExecutor.java:1136)
[2025-03-26T14:16:43.765+0000] {spark_submit.py:645} INFO - at java.base/java.util.concurrent.ThreadPoolExecutor$Worker.run(ThreadPoolExecutor.java:635)
[2025-03-26T14:16:43.765+0000] {spark_submit.py:645} INFO - at java.base/java.lang.Thread.run(Thread.java:840)
[2025-03-26T14:16:43.766+0000] {spark_submit.py:645} INFO - Caused by: java.io.IOException: Failed to connect to f9cec24510f4/<unresolved>:7077
[2025-03-26T14:16:43.766+0000] {spark_submit.py:645} INFO - at org.apache.spark.network.client.TransportClientFactory.createClient(TransportClientFactory.java:294)
[2025-03-26T14:16:43.766+0000] {spark_submit.py:645} INFO - at org.apache.spark.network.client.TransportClientFactory.createClient(TransportClientFactory.java:214)
[2025-03-26T14:16:43.767+0000] {spark_submit.py:645} INFO - at org.apache.spark.network.client.TransportClientFactory.createClient(TransportClientFactory.java:226)
[2025-03-26T14:16:43.767+0000] {spark_submit.py:645} INFO - at org.apache.spark.rpc.netty.NettyRpcEnv.createClient(NettyRpcEnv.scala:204)
[2025-03-26T14:16:43.767+0000] {spark_submit.py:645} INFO - at org.apache.spark.rpc.netty.Outbox$$anon$1.call(Outbox.scala:202)
[2025-03-26T14:16:43.768+0000] {spark_submit.py:645} INFO - at org.apache.spark.rpc.netty.Outbox$$anon$1.call(Outbox.scala:198)
[2025-03-26T14:16:43.768+0000] {spark_submit.py:645} INFO - ... 4 more
[2025-03-26T14:16:43.768+0000] {spark_submit.py:645} INFO - Caused by: java.net.UnknownHostException: f9cec24510f4
[2025-03-26T14:16:43.769+0000] {spark_submit.py:645} INFO - at java.base/java.net.InetAddress$CachedAddresses.get(InetAddress.java:801)
[2025-03-26T14:16:43.769+0000] {spark_submit.py:645} INFO - at java.base/java.net.InetAddress.getAllByName0(InetAddress.java:1533)
[2025-03-26T14:16:43.770+0000] {spark_submit.py:645} INFO - at java.base/java.net.InetAddress.getAllByName(InetAddress.java:1385)
[2025-03-26T14:16:43.770+0000] {spark_submit.py:645} INFO - at java.base/java.net.InetAddress.getAllByName(InetAddress.java:1306)
[2025-03-26T14:16:43.771+0000] {spark_submit.py:645} INFO - at java.base/java.net.InetAddress.getByName(InetAddress.java:1256)
[2025-03-26T14:16:43.771+0000] {spark_submit.py:645} INFO - at io.netty.util.internal.SocketUtils$8.run(SocketUtils.java:156)
[2025-03-26T14:16:43.771+0000] {spark_submit.py:645} INFO - at io.netty.util.internal.SocketUtils$8.run(SocketUtils.java:153)
[2025-03-26T14:16:43.771+0000] {spark_submit.py:645} INFO - at java.base/java.security.AccessController.doPrivileged(AccessController.java:569)
[2025-03-26T14:16:43.772+0000] {spark_submit.py:645} INFO - at io.netty.util.internal.SocketUtils.addressByName(SocketUtils.java:153)
[2025-03-26T14:16:43.772+0000] {spark_submit.py:645} INFO - at io.netty.resolver.DefaultNameResolver.doResolve(DefaultNameResolver.java:41)
[2025-03-26T14:16:43.772+0000] {spark_submit.py:645} INFO - at io.netty.resolver.SimpleNameResolver.resolve(SimpleNameResolver.java:61)
[2025-03-26T14:16:43.773+0000] {spark_submit.py:645} INFO - at io.netty.resolver.SimpleNameResolver.resolve(SimpleNameResolver.java:53)
[2025-03-26T14:16:43.773+0000] {spark_submit.py:645} INFO - at io.netty.resolver.InetSocketAddressResolver.doResolve(InetSocketAddressResolver.java:55)
[2025-03-26T14:16:43.773+0000] {spark_submit.py:645} INFO - at io.netty.resolver.InetSocketAddressResolver.doResolve(InetSocketAddressResolver.java:31)
[2025-03-26T14:16:43.774+0000] {spark_submit.py:645} INFO - at io.netty.resolver.AbstractAddressResolver.resolve(AbstractAddressResolver.java:106)
[2025-03-26T14:16:43.774+0000] {spark_submit.py:645} INFO - at io.netty.bootstrap.Bootstrap.doResolveAndConnect0(Bootstrap.java:220)
[2025-03-26T14:16:43.774+0000] {spark_submit.py:645} INFO - at io.netty.bootstrap.Bootstrap.access$000(Bootstrap.java:46)
[2025-03-26T14:16:43.774+0000] {spark_submit.py:645} INFO - at io.netty.bootstrap.Bootstrap$1.operationComplete(Bootstrap.java:189)
[2025-03-26T14:16:43.775+0000] {spark_submit.py:645} INFO - at io.netty.bootstrap.Bootstrap$1.operationComplete(Bootstrap.java:175)
[2025-03-26T14:16:43.775+0000] {spark_submit.py:645} INFO - at io.netty.util.concurrent.DefaultPromise.notifyListener0(DefaultPromise.java:590)
[2025-03-26T14:16:43.776+0000] {spark_submit.py:645} INFO - at io.netty.util.concurrent.DefaultPromise.notifyListenersNow(DefaultPromise.java:557)
[2025-03-26T14:16:43.776+0000] {spark_submit.py:645} INFO - at io.netty.util.concurrent.DefaultPromise.notifyListeners(DefaultPromise.java:492)
[2025-03-26T14:16:43.777+0000] {spark_submit.py:645} INFO - at io.netty.util.concurrent.DefaultPromise.setValue0(DefaultPromise.java:636)
[2025-03-26T14:16:43.777+0000] {spark_submit.py:645} INFO - at io.netty.util.concurrent.DefaultPromise.setSuccess0(DefaultPromise.java:625)
[2025-03-26T14:16:43.777+0000] {spark_submit.py:645} INFO - at io.netty.util.concurrent.DefaultPromise.trySuccess(DefaultPromise.java:105)
[2025-03-26T14:16:43.778+0000] {spark_submit.py:645} INFO - at io.netty.channel.DefaultChannelPromise.trySuccess(DefaultChannelPromise.java:84)
[2025-03-26T14:16:43.778+0000] {spark_submit.py:645} INFO - at io.netty.channel.AbstractChannel$AbstractUnsafe.safeSetSuccess(AbstractChannel.java:990)
[2025-03-26T14:16:43.778+0000] {spark_submit.py:645} INFO - at io.netty.channel.AbstractChannel$AbstractUnsafe.register0(AbstractChannel.java:516)
[2025-03-26T14:16:43.779+0000] {spark_submit.py:645} INFO - at io.netty.channel.AbstractChannel$AbstractUnsafe.access$200(AbstractChannel.java:429)
[2025-03-26T14:16:43.779+0000] {spark_submit.py:645} INFO - at io.netty.channel.AbstractChannel$AbstractUnsafe$1.run(AbstractChannel.java:486)
[2025-03-26T14:16:43.779+0000] {spark_submit.py:645} INFO - at io.netty.util.concurrent.AbstractEventExecutor.runTask(AbstractEventExecutor.java:174)
[2025-03-26T14:16:43.780+0000] {spark_submit.py:645} INFO - at io.netty.util.concurrent.AbstractEventExecutor.safeExecute(AbstractEventExecutor.java:167)
[2025-03-26T14:16:43.780+0000] {spark_submit.py:645} INFO - at io.netty.util.concurrent.SingleThreadEventExecutor.runAllTasks(SingleThreadEventExecutor.java:470)
[2025-03-26T14:16:43.780+0000] {spark_submit.py:645} INFO - at io.netty.channel.nio.NioEventLoop.run(NioEventLoop.java:569)
[2025-03-26T14:16:43.781+0000] {spark_submit.py:645} INFO - at io.netty.util.concurrent.SingleThreadEventExecutor$4.run(SingleThreadEventExecutor.java:997)
[2025-03-26T14:16:43.781+0000] {spark_submit.py:645} INFO - at io.netty.util.internal.ThreadExecutorMap$2.run(ThreadExecutorMap.java:74)
[2025-03-26T14:16:43.782+0000] {spark_submit.py:645} INFO - at io.netty.util.concurrent.FastThreadLocalRunnable.run(FastThreadLocalRunnable.java:30)
[2025-03-26T14:16:43.782+0000] {spark_submit.py:645} INFO - ... 1 more
[2025-03-26T14:17:01.201+0000] {spark_submit.py:645} INFO - 25/03/26 14:17:01 ERROR StandaloneSchedulerBackend: Application has been killed. Reason: All masters are unresponsive! Giving up.
[2025-03-26T14:17:01.232+0000] {spark_submit.py:645} INFO - 25/03/26 14:17:01 WARN StandaloneSchedulerBackend: Application ID is not initialized yet.
[2025-03-26T14:17:01.471+0000] {spark_submit.py:645} INFO - 25/03/26 14:17:01 INFO Utils: Successfully started service 'org.apache.spark.network.netty.NettyBlockTransferService' on port 42857.
[2025-03-26T14:17:01.957+0000] {spark_submit.py:645} INFO - 25/03/26 14:17:01 INFO NettyBlockTransferService: Server created on 1ef5fffc4c4a:42857
[2025-03-26T14:17:01.988+0000] {spark_submit.py:645} INFO - 25/03/26 14:17:01 INFO BlockManager: Using org.apache.spark.storage.RandomBlockReplicationPolicy for block replication policy
[2025-03-26T14:17:01.995+0000] {spark_submit.py:645} INFO - 25/03/26 14:17:01 INFO BlockManagerMaster: Registering BlockManager BlockManagerId(driver, 1ef5fffc4c4a, 42857, None)
[2025-03-26T14:17:01.999+0000] {spark_submit.py:645} INFO - 25/03/26 14:17:01 INFO BlockManagerMasterEndpoint: Registering block manager 1ef5fffc4c4a:42857 with 434.4 MiB RAM, BlockManagerId(driver, 1ef5fffc4c4a, 42857, None)
[2025-03-26T14:17:02.007+0000] {spark_submit.py:645} INFO - 25/03/26 14:17:01 INFO BlockManagerMaster: Registered BlockManager BlockManagerId(driver, 1ef5fffc4c4a, 42857, None)
[2025-03-26T14:17:02.015+0000] {spark_submit.py:645} INFO - 25/03/26 14:17:01 INFO BlockManager: Initialized BlockManager: BlockManagerId(driver, 1ef5fffc4c4a, 42857, None)
[2025-03-26T14:17:02.215+0000] {spark_submit.py:645} INFO - 25/03/26 14:17:02 INFO StandaloneSchedulerBackend: SchedulerBackend is ready for scheduling beginning after reached minRegisteredResourcesRatio: 0.0
[2025-03-26T14:17:02.741+0000] {spark_submit.py:645} INFO - 25/03/26 14:17:02 INFO SharedState: Setting hive.metastore.warehouse.dir ('null') to the value of spark.sql.warehouse.dir.
[2025-03-26T14:17:02.783+0000] {spark_submit.py:645} INFO - 25/03/26 14:17:02 INFO SharedState: Warehouse path is 'file:/opt/spark-warehouse'.
[2025-03-26T14:17:02.957+0000] {spark_submit.py:645} INFO - 25/03/26 14:17:02 INFO SparkContext: SparkContext is stopping with exitCode 0.
[2025-03-26T14:17:02.979+0000] {spark_submit.py:645} INFO - 25/03/26 14:17:02 INFO SparkUI: Stopped Spark web UI at http://1ef5fffc4c4a:4040
[2025-03-26T14:17:02.985+0000] {spark_submit.py:645} INFO - 25/03/26 14:17:02 INFO StandaloneSchedulerBackend: Shutting down all executors
[2025-03-26T14:17:02.990+0000] {spark_submit.py:645} INFO - 25/03/26 14:17:02 INFO StandaloneSchedulerBackend$StandaloneDriverEndpoint: Asking each executor to shut down
[2025-03-26T14:17:03.001+0000] {spark_submit.py:645} INFO - 25/03/26 14:17:03 WARN StandaloneAppClient$ClientEndpoint: Drop UnregisterApplication(null) because has not yet connected to master
[2025-03-26T14:17:03.015+0000] {spark_submit.py:645} INFO - 25/03/26 14:17:03 INFO MapOutputTrackerMasterEndpoint: MapOutputTrackerMasterEndpoint stopped!
[2025-03-26T14:17:03.041+0000] {spark_submit.py:645} INFO - 25/03/26 14:17:03 INFO MemoryStore: MemoryStore cleared
[2025-03-26T14:17:03.042+0000] {spark_submit.py:645} INFO - 25/03/26 14:17:03 INFO BlockManager: BlockManager stopped
[2025-03-26T14:17:03.048+0000] {spark_submit.py:645} INFO - 25/03/26 14:17:03 INFO BlockManagerMaster: BlockManagerMaster stopped
[2025-03-26T14:17:03.056+0000] {spark_submit.py:645} INFO - 25/03/26 14:17:03 INFO OutputCommitCoordinator$OutputCommitCoordinatorEndpoint: OutputCommitCoordinator stopped!
[2025-03-26T14:17:03.083+0000] {spark_submit.py:645} INFO - 25/03/26 14:17:03 INFO SparkContext: Successfully stopped SparkContext
[2025-03-26T14:17:06.585+0000] {spark_submit.py:645} INFO - 25/03/26 14:17:06 WARN MetricsConfig: Cannot locate configuration: tried hadoop-metrics2-s3a-file-system.properties,hadoop-metrics2.properties
[2025-03-26T14:17:06.597+0000] {spark_submit.py:645} INFO - 25/03/26 14:17:06 INFO MetricsSystemImpl: Scheduled Metric snapshot period at 10 second(s).
[2025-03-26T14:17:06.598+0000] {spark_submit.py:645} INFO - 25/03/26 14:17:06 INFO MetricsSystemImpl: s3a-file-system metrics system started
[2025-03-26T14:17:10.121+0000] {spark_submit.py:645} INFO - 25/03/26 14:17:10 INFO InMemoryFileIndex: It took 75 ms to list leaf files for 1 paths.
[2025-03-26T14:17:10.217+0000] {spark_submit.py:645} INFO - Traceback (most recent call last):
[2025-03-26T14:17:10.217+0000] {spark_submit.py:645} INFO - File "/opt/spark_job/data_transformation.py", line 43, in <module>
[2025-03-26T14:17:10.220+0000] {spark_submit.py:645} INFO - data_transformation(spark, file_path)
[2025-03-26T14:17:10.221+0000] {spark_submit.py:645} INFO - File "/opt/spark_job/data_transformation.py", line 20, in data_transformation
[2025-03-26T14:17:10.222+0000] {spark_submit.py:645} INFO - df_raw = spark.read.option("multiline", "true").json(file_path)#"s3a://raw/playlist_20250323_190824.json")
[2025-03-26T14:17:10.223+0000] {spark_submit.py:645} INFO - ^^^^^^^^^^^^^^^^^^^^^^^^^^^^^^^^^^^^^^^^^^^^^^^^^^^^^^
[2025-03-26T14:17:10.223+0000] {spark_submit.py:645} INFO - File "/home/***/.local/lib/python3.11/site-packages/pyspark/python/lib/pyspark.zip/pyspark/sql/readwriter.py", line 425, in json
[2025-03-26T14:17:10.224+0000] {spark_submit.py:645} INFO - File "/home/***/.local/lib/python3.11/site-packages/pyspark/python/lib/py4j-0.10.9.7-src.zip/py4j/java_gateway.py", line 1322, in __call__
[2025-03-26T14:17:10.224+0000] {spark_submit.py:645} INFO - File "/home/***/.local/lib/python3.11/site-packages/pyspark/python/lib/pyspark.zip/pyspark/errors/exceptions/captured.py", line 179, in deco
[2025-03-26T14:17:10.225+0000] {spark_submit.py:645} INFO - File "/home/***/.local/lib/python3.11/site-packages/pyspark/python/lib/py4j-0.10.9.7-src.zip/py4j/protocol.py", line 326, in get_return_value
[2025-03-26T14:17:10.225+0000] {spark_submit.py:645} INFO - py4j.protocol.Py4JJavaError: An error occurred while calling o35.json.
[2025-03-26T14:17:10.225+0000] {spark_submit.py:645} INFO - : java.lang.IllegalStateException: Cannot call methods on a stopped SparkContext.
[2025-03-26T14:17:10.226+0000] {spark_submit.py:645} INFO - This stopped SparkContext was created at:
[2025-03-26T14:17:10.226+0000] {spark_submit.py:645} INFO - 
[2025-03-26T14:17:10.227+0000] {spark_submit.py:645} INFO - org.apache.spark.api.java.JavaSparkContext.<init>(JavaSparkContext.scala:58)
[2025-03-26T14:17:10.227+0000] {spark_submit.py:645} INFO - java.base/jdk.internal.reflect.NativeConstructorAccessorImpl.newInstance0(Native Method)
[2025-03-26T14:17:10.227+0000] {spark_submit.py:645} INFO - java.base/jdk.internal.reflect.NativeConstructorAccessorImpl.newInstance(NativeConstructorAccessorImpl.java:77)
[2025-03-26T14:17:10.228+0000] {spark_submit.py:645} INFO - java.base/jdk.internal.reflect.DelegatingConstructorAccessorImpl.newInstance(DelegatingConstructorAccessorImpl.java:45)
[2025-03-26T14:17:10.228+0000] {spark_submit.py:645} INFO - java.base/java.lang.reflect.Constructor.newInstanceWithCaller(Constructor.java:500)
[2025-03-26T14:17:10.228+0000] {spark_submit.py:645} INFO - java.base/java.lang.reflect.Constructor.newInstance(Constructor.java:481)
[2025-03-26T14:17:10.229+0000] {spark_submit.py:645} INFO - py4j.reflection.MethodInvoker.invoke(MethodInvoker.java:247)
[2025-03-26T14:17:10.229+0000] {spark_submit.py:645} INFO - py4j.reflection.ReflectionEngine.invoke(ReflectionEngine.java:374)
[2025-03-26T14:17:10.230+0000] {spark_submit.py:645} INFO - py4j.Gateway.invoke(Gateway.java:238)
[2025-03-26T14:17:10.230+0000] {spark_submit.py:645} INFO - py4j.commands.ConstructorCommand.invokeConstructor(ConstructorCommand.java:80)
[2025-03-26T14:17:10.230+0000] {spark_submit.py:645} INFO - py4j.commands.ConstructorCommand.execute(ConstructorCommand.java:69)
[2025-03-26T14:17:10.231+0000] {spark_submit.py:645} INFO - py4j.ClientServerConnection.waitForCommands(ClientServerConnection.java:182)
[2025-03-26T14:17:10.231+0000] {spark_submit.py:645} INFO - py4j.ClientServerConnection.run(ClientServerConnection.java:106)
[2025-03-26T14:17:10.231+0000] {spark_submit.py:645} INFO - java.base/java.lang.Thread.run(Thread.java:840)
[2025-03-26T14:17:10.232+0000] {spark_submit.py:645} INFO - 
[2025-03-26T14:17:10.232+0000] {spark_submit.py:645} INFO - The currently active SparkContext was created at:
[2025-03-26T14:17:10.233+0000] {spark_submit.py:645} INFO - 
[2025-03-26T14:17:10.233+0000] {spark_submit.py:645} INFO - (No active SparkContext.)
[2025-03-26T14:17:10.233+0000] {spark_submit.py:645} INFO - 
[2025-03-26T14:17:10.234+0000] {spark_submit.py:645} INFO - at org.apache.spark.SparkContext.assertNotStopped(SparkContext.scala:122)
[2025-03-26T14:17:10.234+0000] {spark_submit.py:645} INFO - at org.apache.spark.SparkContext.defaultParallelism(SparkContext.scala:2702)
[2025-03-26T14:17:10.235+0000] {spark_submit.py:645} INFO - at org.apache.spark.SparkContext.defaultMinPartitions(SparkContext.scala:2711)
[2025-03-26T14:17:10.235+0000] {spark_submit.py:645} INFO - at org.apache.spark.sql.execution.datasources.json.MultiLineJsonDataSource$.createBaseRdd(JsonDataSource.scala:187)
[2025-03-26T14:17:10.235+0000] {spark_submit.py:645} INFO - at org.apache.spark.sql.execution.datasources.json.MultiLineJsonDataSource$.infer(JsonDataSource.scala:160)
[2025-03-26T14:17:10.236+0000] {spark_submit.py:645} INFO - at org.apache.spark.sql.execution.datasources.json.JsonDataSource.inferSchema(JsonDataSource.scala:64)
[2025-03-26T14:17:10.236+0000] {spark_submit.py:645} INFO - at org.apache.spark.sql.execution.datasources.json.JsonFileFormat.inferSchema(JsonFileFormat.scala:59)
[2025-03-26T14:17:10.237+0000] {spark_submit.py:645} INFO - at org.apache.spark.sql.execution.datasources.DataSource.$anonfun$getOrInferFileFormatSchema$11(DataSource.scala:208)
[2025-03-26T14:17:10.237+0000] {spark_submit.py:645} INFO - at scala.Option.orElse(Option.scala:447)
[2025-03-26T14:17:10.237+0000] {spark_submit.py:645} INFO - at org.apache.spark.sql.execution.datasources.DataSource.getOrInferFileFormatSchema(DataSource.scala:205)
[2025-03-26T14:17:10.238+0000] {spark_submit.py:645} INFO - at org.apache.spark.sql.execution.datasources.DataSource.resolveRelation(DataSource.scala:407)
[2025-03-26T14:17:10.238+0000] {spark_submit.py:645} INFO - at org.apache.spark.sql.DataFrameReader.loadV1Source(DataFrameReader.scala:229)
[2025-03-26T14:17:10.238+0000] {spark_submit.py:645} INFO - at org.apache.spark.sql.DataFrameReader.$anonfun$load$2(DataFrameReader.scala:211)
[2025-03-26T14:17:10.239+0000] {spark_submit.py:645} INFO - at scala.Option.getOrElse(Option.scala:189)
[2025-03-26T14:17:10.239+0000] {spark_submit.py:645} INFO - at org.apache.spark.sql.DataFrameReader.load(DataFrameReader.scala:211)
[2025-03-26T14:17:10.240+0000] {spark_submit.py:645} INFO - at org.apache.spark.sql.DataFrameReader.json(DataFrameReader.scala:362)
[2025-03-26T14:17:10.240+0000] {spark_submit.py:645} INFO - at java.base/jdk.internal.reflect.NativeMethodAccessorImpl.invoke0(Native Method)
[2025-03-26T14:17:10.241+0000] {spark_submit.py:645} INFO - at java.base/jdk.internal.reflect.NativeMethodAccessorImpl.invoke(NativeMethodAccessorImpl.java:77)
[2025-03-26T14:17:10.241+0000] {spark_submit.py:645} INFO - at java.base/jdk.internal.reflect.DelegatingMethodAccessorImpl.invoke(DelegatingMethodAccessorImpl.java:43)
[2025-03-26T14:17:10.241+0000] {spark_submit.py:645} INFO - at java.base/java.lang.reflect.Method.invoke(Method.java:569)
[2025-03-26T14:17:10.242+0000] {spark_submit.py:645} INFO - at py4j.reflection.MethodInvoker.invoke(MethodInvoker.java:244)
[2025-03-26T14:17:10.242+0000] {spark_submit.py:645} INFO - at py4j.reflection.ReflectionEngine.invoke(ReflectionEngine.java:374)
[2025-03-26T14:17:10.242+0000] {spark_submit.py:645} INFO - at py4j.Gateway.invoke(Gateway.java:282)
[2025-03-26T14:17:10.243+0000] {spark_submit.py:645} INFO - at py4j.commands.AbstractCommand.invokeMethod(AbstractCommand.java:132)
[2025-03-26T14:17:10.243+0000] {spark_submit.py:645} INFO - at py4j.commands.CallCommand.execute(CallCommand.java:79)
[2025-03-26T14:17:10.243+0000] {spark_submit.py:645} INFO - at py4j.ClientServerConnection.waitForCommands(ClientServerConnection.java:182)
[2025-03-26T14:17:10.244+0000] {spark_submit.py:645} INFO - at py4j.ClientServerConnection.run(ClientServerConnection.java:106)
[2025-03-26T14:17:10.244+0000] {spark_submit.py:645} INFO - at java.base/java.lang.Thread.run(Thread.java:840)
[2025-03-26T14:17:10.244+0000] {spark_submit.py:645} INFO - 
[2025-03-26T14:17:10.288+0000] {spark_submit.py:645} INFO - 25/03/26 14:17:10 INFO ShutdownHookManager: Shutdown hook called
[2025-03-26T14:17:10.289+0000] {spark_submit.py:645} INFO - 25/03/26 14:17:10 INFO ShutdownHookManager: Deleting directory /tmp/spark-51bff3b6-53e7-47e5-9915-038673e89137
[2025-03-26T14:17:10.294+0000] {spark_submit.py:645} INFO - 25/03/26 14:17:10 INFO ShutdownHookManager: Deleting directory /tmp/spark-7d386abc-bd41-48be-90b8-ab4a62ea3b5c
[2025-03-26T14:17:10.300+0000] {spark_submit.py:645} INFO - 25/03/26 14:17:10 INFO ShutdownHookManager: Deleting directory /tmp/spark-51bff3b6-53e7-47e5-9915-038673e89137/pyspark-5e5d8b1b-ef30-48a2-acb6-a4d5f4347e2d
[2025-03-26T14:17:10.307+0000] {spark_submit.py:645} INFO - 25/03/26 14:17:10 INFO MetricsSystemImpl: Stopping s3a-file-system metrics system...
[2025-03-26T14:17:10.308+0000] {spark_submit.py:645} INFO - 25/03/26 14:17:10 INFO MetricsSystemImpl: s3a-file-system metrics system stopped.
[2025-03-26T14:17:10.308+0000] {spark_submit.py:645} INFO - 25/03/26 14:17:10 INFO MetricsSystemImpl: s3a-file-system metrics system shutdown complete.
[2025-03-26T14:17:10.353+0000] {taskinstance.py:441} INFO - ::group::Post task execution logs
[2025-03-26T14:17:10.368+0000] {taskinstance.py:2905} ERROR - Task failed with exception
Traceback (most recent call last):
  File "/home/airflow/.local/lib/python3.11/site-packages/airflow/models/taskinstance.py", line 465, in _execute_task
    result = _execute_callable(context=context, **execute_callable_kwargs)
             ^^^^^^^^^^^^^^^^^^^^^^^^^^^^^^^^^^^^^^^^^^^^^^^^^^^^^^^^^^^^^
  File "/home/airflow/.local/lib/python3.11/site-packages/airflow/models/taskinstance.py", line 432, in _execute_callable
    return execute_callable(context=context, **execute_callable_kwargs)
           ^^^^^^^^^^^^^^^^^^^^^^^^^^^^^^^^^^^^^^^^^^^^^^^^^^^^^^^^^^^^
  File "/home/airflow/.local/lib/python3.11/site-packages/airflow/models/baseoperator.py", line 401, in wrapper
    return func(self, *args, **kwargs)
           ^^^^^^^^^^^^^^^^^^^^^^^^^^^
  File "/home/airflow/.local/lib/python3.11/site-packages/airflow/operators/python.py", line 235, in execute
    return_value = self.execute_callable()
                   ^^^^^^^^^^^^^^^^^^^^^^^
  File "/home/airflow/.local/lib/python3.11/site-packages/airflow/operators/python.py", line 252, in execute_callable
    return self.python_callable(*self.op_args, **self.op_kwargs)
           ^^^^^^^^^^^^^^^^^^^^^^^^^^^^^^^^^^^^^^^^^^^^^^^^^^^^^
  File "/opt/airflow/dags/etl_pipeline.py", line 96, in spark_dtransformation
    ).execute(kwargs)
      ^^^^^^^^^^^^^^^
  File "/home/airflow/.local/lib/python3.11/site-packages/airflow/models/baseoperator.py", line 401, in wrapper
    return func(self, *args, **kwargs)
           ^^^^^^^^^^^^^^^^^^^^^^^^^^^
  File "/home/airflow/.local/lib/python3.11/site-packages/airflow/providers/apache/spark/operators/spark_submit.py", line 177, in execute
    self._hook.submit(self.application)
  File "/home/airflow/.local/lib/python3.11/site-packages/airflow/providers/apache/spark/hooks/spark_submit.py", line 567, in submit
    raise AirflowException(
airflow.exceptions.AirflowException: Cannot execute: spark-submit --master spark://f9cec24510f4:7077 --conf spark.master=spark://spark-master:7077 --conf spark.executor.memory=2g --conf spark.executor.cores=2 --conf spark.jars=/opt/spark_job/jars/aws-java-sdk-bundle-1.12.262.jar,/opt/spark_job/jars/hadoop-aws-3.3.4.jar --conf spark.hadoop.fs.s3a.endpoint=http://minio:9000 --conf spark.hadoop.fs.s3a.access.key=admin --conf spark.hadoop.fs.s3a.secret.key=****** --conf spark.hadoop.fs.s3a.impl=org.apache.hadoop.fs.s3a.S3AFileSystem --conf spark.hadoop.fs.s3a.path.style.access=true --principal *** --name arrow-spark --verbose --deploy-mode client /opt/spark_job/data_transformation.py s3://raw/playlist_20250326_133348.json. Error code is: 1.
[2025-03-26T14:17:10.377+0000] {taskinstance.py:1206} INFO - Marking task as UP_FOR_RETRY. dag_id=etl_pipeline, task_id=transformation, run_id=manual__2025-03-26T13:33:39.761724+00:00, execution_date=20250326T133339, start_date=20250326T141553, end_date=20250326T141710
[2025-03-26T14:17:10.441+0000] {standard_task_runner.py:110} ERROR - Failed to execute job 16 for task transformation (Cannot execute: spark-submit --master spark://f9cec24510f4:7077 --conf spark.master=spark://spark-master:7077 --conf spark.executor.memory=2g --conf spark.executor.cores=2 --conf spark.jars=/opt/spark_job/jars/aws-java-sdk-bundle-1.12.262.jar,/opt/spark_job/jars/hadoop-aws-3.3.4.jar --conf spark.hadoop.fs.s3a.endpoint=http://minio:9000 --conf spark.hadoop.fs.s3a.access.key=admin --conf spark.hadoop.fs.s3a.secret.key=****** --conf spark.hadoop.fs.s3a.impl=org.apache.hadoop.fs.s3a.S3AFileSystem --conf spark.hadoop.fs.s3a.path.style.access=true --principal *** --name arrow-spark --verbose --deploy-mode client /opt/spark_job/data_transformation.py s3://raw/playlist_20250326_133348.json. Error code is: 1.; 1002)
[2025-03-26T14:17:10.489+0000] {local_task_job_runner.py:240} INFO - Task exited with return code 1
[2025-03-26T14:17:10.562+0000] {taskinstance.py:3503} INFO - 0 downstream tasks scheduled from follow-on schedule check
[2025-03-26T14:17:10.600+0000] {local_task_job_runner.py:222} INFO - ::endgroup::
