[2025-03-26T18:53:52.605+0000] {local_task_job_runner.py:120} INFO - ::group::Pre task execution logs
[2025-03-26T18:53:52.714+0000] {taskinstance.py:2076} INFO - Dependencies all met for dep_context=non-requeueable deps ti=<TaskInstance: etl_pipeline.transformation manual__2025-03-26T13:33:39.761724+00:00 [queued]>
[2025-03-26T18:53:52.734+0000] {taskinstance.py:2076} INFO - Dependencies all met for dep_context=requeueable deps ti=<TaskInstance: etl_pipeline.transformation manual__2025-03-26T13:33:39.761724+00:00 [queued]>
[2025-03-26T18:53:52.736+0000] {taskinstance.py:2306} INFO - Starting attempt 18 of 18
[2025-03-26T18:53:52.859+0000] {taskinstance.py:2330} INFO - Executing <Task(PythonOperator): transformation> on 2025-03-26 13:33:39.761724+00:00
[2025-03-26T18:53:52.887+0000] {standard_task_runner.py:63} INFO - Started process 317 to run task
[2025-03-26T18:53:52.892+0000] {standard_task_runner.py:90} INFO - Running: ['***', 'tasks', 'run', 'etl_pipeline', 'transformation', 'manual__2025-03-26T13:33:39.761724+00:00', '--job-id', '23', '--raw', '--subdir', 'DAGS_FOLDER/etl_pipeline.py', '--cfg-path', '/tmp/tmpblq41jya']
[2025-03-26T18:53:52.904+0000] {standard_task_runner.py:91} INFO - Job 23: Subtask transformation
[2025-03-26T18:53:53.067+0000] {task_command.py:426} INFO - Running <TaskInstance: etl_pipeline.transformation manual__2025-03-26T13:33:39.761724+00:00 [running]> on host 53e3672f02f0
[2025-03-26T18:53:53.355+0000] {taskinstance.py:2648} INFO - Exporting env vars: AIRFLOW_CTX_DAG_OWNER='lobobranco' AIRFLOW_CTX_DAG_ID='etl_pipeline' AIRFLOW_CTX_TASK_ID='transformation' AIRFLOW_CTX_EXECUTION_DATE='2025-03-26T13:33:39.761724+00:00' AIRFLOW_CTX_TRY_NUMBER='18' AIRFLOW_CTX_DAG_RUN_ID='manual__2025-03-26T13:33:39.761724+00:00'
[2025-03-26T18:53:53.356+0000] {taskinstance.py:430} INFO - ::endgroup::
[2025-03-26T18:53:53.407+0000] {etl_pipeline.py:76} INFO - Transforming data from file: s3://raw/playlist_20250326_133348.json
[2025-03-26T18:53:53.410+0000] {baseoperator.py:400} WARNING - SparkSubmitOperator.execute cannot be called outside TaskInstance!
[2025-03-26T18:53:53.428+0000] {base.py:84} INFO - Using connection ID 'spark_default' for task execution.
[2025-03-26T18:53:53.430+0000] {spark_submit.py:328} ERROR - Failed to decode base64 keytab: Incorrect padding
[2025-03-26T18:53:53.433+0000] {spark_submit.py:305} INFO - Could not load connection string spark_default, defaulting to spark://spark-master:7077
[2025-03-26T18:53:53.435+0000] {spark_submit.py:474} INFO - Spark-Submit cmd: spark-submit --master spark://spark-master:7077 --conf spark.executor.memory=2g --conf spark.executor.cores=2 --conf spark.jars=/opt/spark_job/jars/aws-java-sdk-bundle-1.12.262.jar,/opt/spark_job/jars/hadoop-aws-3.3.4.jar --conf spark.hadoop.fs.s3a.endpoint=http://minio:9000 --conf spark.hadoop.fs.s3a.access.key=admin --conf spark.hadoop.fs.s3a.secret.key=****** --conf spark.hadoop.fs.s3a.impl=org.apache.hadoop.fs.s3a.S3AFileSystem --conf spark.hadoop.fs.s3a.path.style.access=true --principal *** --name arrow-spark --verbose --deploy-mode client /opt/spark_job/data_transformation.py s3://raw/playlist_20250326_133348.json
[2025-03-26T18:53:53.570+0000] {spark_submit.py:645} INFO - /home/***/.local/lib/python3.11/site-packages/pyspark/bin/load-spark-env.sh: line 68: ps: command not found
[2025-03-26T18:53:55.726+0000] {spark_submit.py:645} INFO - Using properties file: null
[2025-03-26T18:53:55.856+0000] {spark_submit.py:645} INFO - Parsed arguments:
[2025-03-26T18:53:55.857+0000] {spark_submit.py:645} INFO - master                  spark://spark-master:7077
[2025-03-26T18:53:55.858+0000] {spark_submit.py:645} INFO - remote                  null
[2025-03-26T18:53:55.858+0000] {spark_submit.py:645} INFO - deployMode              client
[2025-03-26T18:53:55.859+0000] {spark_submit.py:645} INFO - executorMemory          2g
[2025-03-26T18:53:55.859+0000] {spark_submit.py:645} INFO - executorCores           2
[2025-03-26T18:53:55.859+0000] {spark_submit.py:645} INFO - totalExecutorCores      null
[2025-03-26T18:53:55.860+0000] {spark_submit.py:645} INFO - propertiesFile          null
[2025-03-26T18:53:55.860+0000] {spark_submit.py:645} INFO - driverMemory            null
[2025-03-26T18:53:55.861+0000] {spark_submit.py:645} INFO - driverCores             null
[2025-03-26T18:53:55.861+0000] {spark_submit.py:645} INFO - driverExtraClassPath    null
[2025-03-26T18:53:55.862+0000] {spark_submit.py:645} INFO - driverExtraLibraryPath  null
[2025-03-26T18:53:55.862+0000] {spark_submit.py:645} INFO - driverExtraJavaOptions  null
[2025-03-26T18:53:55.862+0000] {spark_submit.py:645} INFO - supervise               false
[2025-03-26T18:53:55.863+0000] {spark_submit.py:645} INFO - queue                   null
[2025-03-26T18:53:55.863+0000] {spark_submit.py:645} INFO - numExecutors            null
[2025-03-26T18:53:55.864+0000] {spark_submit.py:645} INFO - files                   null
[2025-03-26T18:53:55.864+0000] {spark_submit.py:645} INFO - pyFiles                 null
[2025-03-26T18:53:55.864+0000] {spark_submit.py:645} INFO - archives                null
[2025-03-26T18:53:55.865+0000] {spark_submit.py:645} INFO - mainClass               null
[2025-03-26T18:53:55.865+0000] {spark_submit.py:645} INFO - primaryResource         file:/opt/spark_job/data_transformation.py
[2025-03-26T18:53:55.866+0000] {spark_submit.py:645} INFO - name                    arrow-spark
[2025-03-26T18:53:55.867+0000] {spark_submit.py:645} INFO - childArgs               [s3://raw/playlist_20250326_133348.json]
[2025-03-26T18:53:55.867+0000] {spark_submit.py:645} INFO - jars                    /opt/spark_job/jars/aws-java-sdk-bundle-1.12.262.jar,/opt/spark_job/jars/hadoop-aws-3.3.4.jar
[2025-03-26T18:53:55.868+0000] {spark_submit.py:645} INFO - packages                null
[2025-03-26T18:53:55.868+0000] {spark_submit.py:645} INFO - packagesExclusions      null
[2025-03-26T18:53:55.869+0000] {spark_submit.py:645} INFO - repositories            null
[2025-03-26T18:53:55.869+0000] {spark_submit.py:645} INFO - verbose                 true
[2025-03-26T18:53:55.869+0000] {spark_submit.py:645} INFO - 
[2025-03-26T18:53:55.870+0000] {spark_submit.py:645} INFO - Spark properties used, including those specified through
[2025-03-26T18:53:55.870+0000] {spark_submit.py:645} INFO - --conf and those from the properties file null:
[2025-03-26T18:53:55.871+0000] {spark_submit.py:645} INFO - (spark.executor.cores,2)
[2025-03-26T18:53:55.871+0000] {spark_submit.py:645} INFO - (spark.executor.memory,2g)
[2025-03-26T18:53:55.872+0000] {spark_submit.py:645} INFO - (spark.hadoop.fs.s3a.access.key,*********(redacted))
[2025-03-26T18:53:55.872+0000] {spark_submit.py:645} INFO - (spark.hadoop.fs.s3a.endpoint,http://minio:9000)
[2025-03-26T18:53:55.872+0000] {spark_submit.py:645} INFO - (spark.hadoop.fs.s3a.impl,org.apache.hadoop.fs.s3a.S3AFileSystem)
[2025-03-26T18:53:55.873+0000] {spark_submit.py:645} INFO - (spark.hadoop.fs.s3a.path.style.access,true)
[2025-03-26T18:53:55.873+0000] {spark_submit.py:645} INFO - (spark.hadoop.fs.s3a.secret.key,*********(redacted))
[2025-03-26T18:53:55.873+0000] {spark_submit.py:645} INFO - (spark.jars,/opt/spark_job/jars/aws-java-sdk-bundle-1.12.262.jar,/opt/spark_job/jars/hadoop-aws-3.3.4.jar)
[2025-03-26T18:53:55.874+0000] {spark_submit.py:645} INFO - 
[2025-03-26T18:53:55.874+0000] {spark_submit.py:645} INFO - 
[2025-03-26T18:53:56.879+0000] {spark_submit.py:645} INFO - 25/03/26 18:53:56 WARN NativeCodeLoader: Unable to load native-hadoop library for your platform... using builtin-java classes where applicable
[2025-03-26T18:53:57.540+0000] {spark_submit.py:645} INFO - Main class:
[2025-03-26T18:53:57.541+0000] {spark_submit.py:645} INFO - org.apache.spark.deploy.PythonRunner
[2025-03-26T18:53:57.542+0000] {spark_submit.py:645} INFO - Arguments:
[2025-03-26T18:53:57.545+0000] {spark_submit.py:645} INFO - file:/opt/spark_job/data_transformation.py
[2025-03-26T18:53:57.546+0000] {spark_submit.py:645} INFO - null
[2025-03-26T18:53:57.547+0000] {spark_submit.py:645} INFO - s3://raw/playlist_20250326_133348.json
[2025-03-26T18:53:57.548+0000] {spark_submit.py:645} INFO - Spark config:
[2025-03-26T18:53:57.549+0000] {spark_submit.py:645} INFO - (spark.app.name,arrow-spark)
[2025-03-26T18:53:57.550+0000] {spark_submit.py:645} INFO - (spark.app.submitTime,1743015237433)
[2025-03-26T18:53:57.550+0000] {spark_submit.py:645} INFO - (spark.executor.cores,2)
[2025-03-26T18:53:57.551+0000] {spark_submit.py:645} INFO - (spark.executor.memory,2g)
[2025-03-26T18:53:57.552+0000] {spark_submit.py:645} INFO - (spark.hadoop.fs.s3a.access.key,*********(redacted))
[2025-03-26T18:53:57.553+0000] {spark_submit.py:645} INFO - (spark.hadoop.fs.s3a.endpoint,http://minio:9000)
[2025-03-26T18:53:57.554+0000] {spark_submit.py:645} INFO - (spark.hadoop.fs.s3a.impl,org.apache.hadoop.fs.s3a.S3AFileSystem)
[2025-03-26T18:53:57.554+0000] {spark_submit.py:645} INFO - (spark.hadoop.fs.s3a.path.style.access,true)
[2025-03-26T18:53:57.555+0000] {spark_submit.py:645} INFO - (spark.hadoop.fs.s3a.secret.key,*********(redacted))
[2025-03-26T18:53:57.555+0000] {spark_submit.py:645} INFO - (spark.jars,file:///opt/spark_job/jars/aws-java-sdk-bundle-1.12.262.jar,file:///opt/spark_job/jars/hadoop-aws-3.3.4.jar)
[2025-03-26T18:53:57.556+0000] {spark_submit.py:645} INFO - (spark.kerberos.principal,***)
[2025-03-26T18:53:57.557+0000] {spark_submit.py:645} INFO - (spark.master,spark://spark-master:7077)
[2025-03-26T18:53:57.557+0000] {spark_submit.py:645} INFO - (spark.repl.local.jars,file:///opt/spark_job/jars/aws-java-sdk-bundle-1.12.262.jar,file:///opt/spark_job/jars/hadoop-aws-3.3.4.jar)
[2025-03-26T18:53:57.558+0000] {spark_submit.py:645} INFO - (spark.submit.deployMode,client)
[2025-03-26T18:53:57.558+0000] {spark_submit.py:645} INFO - (spark.submit.pyFiles,)
[2025-03-26T18:53:57.562+0000] {spark_submit.py:645} INFO - Classpath elements:
[2025-03-26T18:53:57.566+0000] {spark_submit.py:645} INFO - file:///opt/spark_job/jars/aws-java-sdk-bundle-1.12.262.jar
[2025-03-26T18:53:57.568+0000] {spark_submit.py:645} INFO - file:///opt/spark_job/jars/hadoop-aws-3.3.4.jar
[2025-03-26T18:53:57.569+0000] {spark_submit.py:645} INFO - 
[2025-03-26T18:53:57.570+0000] {spark_submit.py:645} INFO - 
[2025-03-26T18:53:59.430+0000] {spark_submit.py:645} INFO - Traceback (most recent call last):
[2025-03-26T18:53:59.431+0000] {spark_submit.py:645} INFO - File "/opt/spark_job/data_transformation.py", line 3, in <module>
[2025-03-26T18:53:59.432+0000] {spark_submit.py:645} INFO - from code.parquet_writer import ParquetWriter
[2025-03-26T18:53:59.433+0000] {spark_submit.py:645} INFO - ImportError: cannot import name 'ParquetWriter' from 'code.parquet_writer' (/opt/spark_job/code/parquet_writer.py)
[2025-03-26T18:53:59.488+0000] {spark_submit.py:645} INFO - 25/03/26 18:53:59 INFO ShutdownHookManager: Shutdown hook called
[2025-03-26T18:53:59.494+0000] {spark_submit.py:645} INFO - 25/03/26 18:53:59 INFO ShutdownHookManager: Deleting directory /tmp/spark-ff4f141b-d864-411f-b116-961963f0e463
[2025-03-26T18:53:59.542+0000] {taskinstance.py:441} INFO - ::group::Post task execution logs
[2025-03-26T18:53:59.555+0000] {taskinstance.py:2905} ERROR - Task failed with exception
Traceback (most recent call last):
  File "/home/airflow/.local/lib/python3.11/site-packages/airflow/models/taskinstance.py", line 465, in _execute_task
    result = _execute_callable(context=context, **execute_callable_kwargs)
             ^^^^^^^^^^^^^^^^^^^^^^^^^^^^^^^^^^^^^^^^^^^^^^^^^^^^^^^^^^^^^
  File "/home/airflow/.local/lib/python3.11/site-packages/airflow/models/taskinstance.py", line 432, in _execute_callable
    return execute_callable(context=context, **execute_callable_kwargs)
           ^^^^^^^^^^^^^^^^^^^^^^^^^^^^^^^^^^^^^^^^^^^^^^^^^^^^^^^^^^^^
  File "/home/airflow/.local/lib/python3.11/site-packages/airflow/models/baseoperator.py", line 401, in wrapper
    return func(self, *args, **kwargs)
           ^^^^^^^^^^^^^^^^^^^^^^^^^^^
  File "/home/airflow/.local/lib/python3.11/site-packages/airflow/operators/python.py", line 235, in execute
    return_value = self.execute_callable()
                   ^^^^^^^^^^^^^^^^^^^^^^^
  File "/home/airflow/.local/lib/python3.11/site-packages/airflow/operators/python.py", line 252, in execute_callable
    return self.python_callable(*self.op_args, **self.op_kwargs)
           ^^^^^^^^^^^^^^^^^^^^^^^^^^^^^^^^^^^^^^^^^^^^^^^^^^^^^
  File "/opt/airflow/dags/etl_pipeline.py", line 95, in spark_dtransformation
    ).execute(kwargs)
      ^^^^^^^^^^^^^^^
  File "/home/airflow/.local/lib/python3.11/site-packages/airflow/models/baseoperator.py", line 401, in wrapper
    return func(self, *args, **kwargs)
           ^^^^^^^^^^^^^^^^^^^^^^^^^^^
  File "/home/airflow/.local/lib/python3.11/site-packages/airflow/providers/apache/spark/operators/spark_submit.py", line 177, in execute
    self._hook.submit(self.application)
  File "/home/airflow/.local/lib/python3.11/site-packages/airflow/providers/apache/spark/hooks/spark_submit.py", line 567, in submit
    raise AirflowException(
airflow.exceptions.AirflowException: Cannot execute: spark-submit --master spark://spark-master:7077 --conf spark.executor.memory=2g --conf spark.executor.cores=2 --conf spark.jars=/opt/spark_job/jars/aws-java-sdk-bundle-1.12.262.jar,/opt/spark_job/jars/hadoop-aws-3.3.4.jar --conf spark.hadoop.fs.s3a.endpoint=http://minio:9000 --conf spark.hadoop.fs.s3a.access.key=admin --conf spark.hadoop.fs.s3a.secret.key=****** --conf spark.hadoop.fs.s3a.impl=org.apache.hadoop.fs.s3a.S3AFileSystem --conf spark.hadoop.fs.s3a.path.style.access=true --principal *** --name arrow-spark --verbose --deploy-mode client /opt/spark_job/data_transformation.py s3://raw/playlist_20250326_133348.json. Error code is: 1.
[2025-03-26T18:53:59.564+0000] {taskinstance.py:1206} INFO - Marking task as FAILED. dag_id=etl_pipeline, task_id=transformation, run_id=manual__2025-03-26T13:33:39.761724+00:00, execution_date=20250326T133339, start_date=20250326T185352, end_date=20250326T185359
[2025-03-26T18:53:59.600+0000] {standard_task_runner.py:110} ERROR - Failed to execute job 23 for task transformation (Cannot execute: spark-submit --master spark://spark-master:7077 --conf spark.executor.memory=2g --conf spark.executor.cores=2 --conf spark.jars=/opt/spark_job/jars/aws-java-sdk-bundle-1.12.262.jar,/opt/spark_job/jars/hadoop-aws-3.3.4.jar --conf spark.hadoop.fs.s3a.endpoint=http://minio:9000 --conf spark.hadoop.fs.s3a.access.key=admin --conf spark.hadoop.fs.s3a.secret.key=****** --conf spark.hadoop.fs.s3a.impl=org.apache.hadoop.fs.s3a.S3AFileSystem --conf spark.hadoop.fs.s3a.path.style.access=true --principal *** --name arrow-spark --verbose --deploy-mode client /opt/spark_job/data_transformation.py s3://raw/playlist_20250326_133348.json. Error code is: 1.; 317)
[2025-03-26T18:53:59.636+0000] {local_task_job_runner.py:240} INFO - Task exited with return code 1
[2025-03-26T18:53:59.666+0000] {taskinstance.py:3503} INFO - 0 downstream tasks scheduled from follow-on schedule check
[2025-03-26T18:53:59.694+0000] {local_task_job_runner.py:222} INFO - ::endgroup::
