[2025-03-30T17:34:07.541+0000] {local_task_job_runner.py:120} INFO - ::group::Pre task execution logs
[2025-03-30T17:34:07.574+0000] {taskinstance.py:2076} INFO - Dependencies all met for dep_context=non-requeueable deps ti=<TaskInstance: etl_pipeline.transformation manual__2025-03-26T13:33:39.761724+00:00 [queued]>
[2025-03-30T17:34:07.582+0000] {taskinstance.py:2076} INFO - Dependencies all met for dep_context=requeueable deps ti=<TaskInstance: etl_pipeline.transformation manual__2025-03-26T13:33:39.761724+00:00 [queued]>
[2025-03-30T17:34:07.583+0000] {taskinstance.py:2306} INFO - Starting attempt 68 of 69
[2025-03-30T17:34:07.620+0000] {taskinstance.py:2330} INFO - Executing <Task(PythonOperator): transformation> on 2025-03-26 13:33:39.761724+00:00
[2025-03-30T17:34:07.626+0000] {standard_task_runner.py:63} INFO - Started process 200 to run task
[2025-03-30T17:34:07.630+0000] {standard_task_runner.py:90} INFO - Running: ['***', 'tasks', 'run', 'etl_pipeline', 'transformation', 'manual__2025-03-26T13:33:39.761724+00:00', '--job-id', '118', '--raw', '--subdir', 'DAGS_FOLDER/etl_pipeline.py', '--cfg-path', '/tmp/tmpw4bm0yw0']
[2025-03-30T17:34:07.632+0000] {standard_task_runner.py:91} INFO - Job 118: Subtask transformation
[2025-03-30T17:34:07.712+0000] {task_command.py:426} INFO - Running <TaskInstance: etl_pipeline.transformation manual__2025-03-26T13:33:39.761724+00:00 [running]> on host 4962f173392a
[2025-03-30T17:34:07.920+0000] {taskinstance.py:2648} INFO - Exporting env vars: AIRFLOW_CTX_DAG_OWNER='lobobranco' AIRFLOW_CTX_DAG_ID='etl_pipeline' AIRFLOW_CTX_TASK_ID='transformation' AIRFLOW_CTX_EXECUTION_DATE='2025-03-26T13:33:39.761724+00:00' AIRFLOW_CTX_TRY_NUMBER='68' AIRFLOW_CTX_DAG_RUN_ID='manual__2025-03-26T13:33:39.761724+00:00'
[2025-03-30T17:34:07.921+0000] {taskinstance.py:430} INFO - ::endgroup::
[2025-03-30T17:34:07.947+0000] {etl_pipeline.py:76} INFO - Transforming data from file: s3://raw/playlist_20250329_132856.json
[2025-03-30T17:34:07.948+0000] {logging_mixin.py:188} INFO - File Path: s3://raw/playlist_20250329_132856.json
[2025-03-30T17:34:07.948+0000] {logging_mixin.py:188} INFO - Processed Bucket: processed
[2025-03-30T17:34:07.949+0000] {baseoperator.py:400} WARNING - SparkSubmitOperator.execute cannot be called outside TaskInstance!
[2025-03-30T17:34:07.960+0000] {base.py:84} INFO - Using connection ID 'spark_default' for task execution.
[2025-03-30T17:34:07.961+0000] {spark_submit.py:328} ERROR - Failed to decode base64 keytab: Incorrect padding
[2025-03-30T17:34:07.962+0000] {spark_submit.py:305} INFO - Could not load connection string spark_default, defaulting to spark://spark-master:7077
[2025-03-30T17:34:07.963+0000] {spark_submit.py:474} INFO - Spark-Submit cmd: spark-submit --master spark://spark-master:7077 --conf spark.executor.memory=512m --conf spark.executor.cores=1 --conf spark.jars=/opt/spark_job/jars/aws-java-sdk-bundle-1.12.262.jar,/opt/spark_job/jars/hadoop-aws-3.3.4.jar --conf spark.hadoop.fs.s3a.endpoint=http://minio:9000 --conf spark.hadoop.fs.s3a.access.key=admin --conf spark.hadoop.fs.s3a.secret.key=****** --conf spark.hadoop.fs.s3a.impl=org.apache.hadoop.fs.s3a.S3AFileSystem --conf spark.hadoop.fs.s3a.path.style.access=true --principal *** --name arrow-spark --verbose --deploy-mode client /opt/spark_job/data_transformation.py s3://raw/playlist_20250329_132856.json processed
[2025-03-30T17:34:08.033+0000] {spark_submit.py:645} INFO - /home/***/.local/lib/python3.11/site-packages/pyspark/bin/load-spark-env.sh: line 68: ps: command not found
[2025-03-30T17:34:09.577+0000] {spark_submit.py:645} INFO - Using properties file: null
[2025-03-30T17:34:09.693+0000] {spark_submit.py:645} INFO - Parsed arguments:
[2025-03-30T17:34:09.694+0000] {spark_submit.py:645} INFO - master                  spark://spark-master:7077
[2025-03-30T17:34:09.695+0000] {spark_submit.py:645} INFO - remote                  null
[2025-03-30T17:34:09.695+0000] {spark_submit.py:645} INFO - deployMode              client
[2025-03-30T17:34:09.696+0000] {spark_submit.py:645} INFO - executorMemory          512m
[2025-03-30T17:34:09.696+0000] {spark_submit.py:645} INFO - executorCores           1
[2025-03-30T17:34:09.696+0000] {spark_submit.py:645} INFO - totalExecutorCores      null
[2025-03-30T17:34:09.697+0000] {spark_submit.py:645} INFO - propertiesFile          null
[2025-03-30T17:34:09.697+0000] {spark_submit.py:645} INFO - driverMemory            null
[2025-03-30T17:34:09.697+0000] {spark_submit.py:645} INFO - driverCores             null
[2025-03-30T17:34:09.698+0000] {spark_submit.py:645} INFO - driverExtraClassPath    null
[2025-03-30T17:34:09.698+0000] {spark_submit.py:645} INFO - driverExtraLibraryPath  null
[2025-03-30T17:34:09.698+0000] {spark_submit.py:645} INFO - driverExtraJavaOptions  null
[2025-03-30T17:34:09.698+0000] {spark_submit.py:645} INFO - supervise               false
[2025-03-30T17:34:09.699+0000] {spark_submit.py:645} INFO - queue                   null
[2025-03-30T17:34:09.699+0000] {spark_submit.py:645} INFO - numExecutors            null
[2025-03-30T17:34:09.699+0000] {spark_submit.py:645} INFO - files                   null
[2025-03-30T17:34:09.700+0000] {spark_submit.py:645} INFO - pyFiles                 null
[2025-03-30T17:34:09.700+0000] {spark_submit.py:645} INFO - archives                null
[2025-03-30T17:34:09.700+0000] {spark_submit.py:645} INFO - mainClass               null
[2025-03-30T17:34:09.701+0000] {spark_submit.py:645} INFO - primaryResource         file:/opt/spark_job/data_transformation.py
[2025-03-30T17:34:09.701+0000] {spark_submit.py:645} INFO - name                    arrow-spark
[2025-03-30T17:34:09.701+0000] {spark_submit.py:645} INFO - childArgs               [s3://raw/playlist_20250329_132856.json processed]
[2025-03-30T17:34:09.701+0000] {spark_submit.py:645} INFO - jars                    /opt/spark_job/jars/aws-java-sdk-bundle-1.12.262.jar,/opt/spark_job/jars/hadoop-aws-3.3.4.jar
[2025-03-30T17:34:09.702+0000] {spark_submit.py:645} INFO - packages                null
[2025-03-30T17:34:09.702+0000] {spark_submit.py:645} INFO - packagesExclusions      null
[2025-03-30T17:34:09.702+0000] {spark_submit.py:645} INFO - repositories            null
[2025-03-30T17:34:09.703+0000] {spark_submit.py:645} INFO - verbose                 true
[2025-03-30T17:34:09.703+0000] {spark_submit.py:645} INFO - 
[2025-03-30T17:34:09.704+0000] {spark_submit.py:645} INFO - Spark properties used, including those specified through
[2025-03-30T17:34:09.704+0000] {spark_submit.py:645} INFO - --conf and those from the properties file null:
[2025-03-30T17:34:09.704+0000] {spark_submit.py:645} INFO - (spark.executor.cores,1)
[2025-03-30T17:34:09.704+0000] {spark_submit.py:645} INFO - (spark.executor.memory,512m)
[2025-03-30T17:34:09.705+0000] {spark_submit.py:645} INFO - (spark.hadoop.fs.s3a.access.key,*********(redacted))
[2025-03-30T17:34:09.705+0000] {spark_submit.py:645} INFO - (spark.hadoop.fs.s3a.endpoint,http://minio:9000)
[2025-03-30T17:34:09.705+0000] {spark_submit.py:645} INFO - (spark.hadoop.fs.s3a.impl,org.apache.hadoop.fs.s3a.S3AFileSystem)
[2025-03-30T17:34:09.706+0000] {spark_submit.py:645} INFO - (spark.hadoop.fs.s3a.path.style.access,true)
[2025-03-30T17:34:09.706+0000] {spark_submit.py:645} INFO - (spark.hadoop.fs.s3a.secret.key,*********(redacted))
[2025-03-30T17:34:09.706+0000] {spark_submit.py:645} INFO - (spark.jars,/opt/spark_job/jars/aws-java-sdk-bundle-1.12.262.jar,/opt/spark_job/jars/hadoop-aws-3.3.4.jar)
[2025-03-30T17:34:09.707+0000] {spark_submit.py:645} INFO - 
[2025-03-30T17:34:09.707+0000] {spark_submit.py:645} INFO - 
[2025-03-30T17:34:10.089+0000] {spark_submit.py:645} INFO - 25/03/30 17:34:10 WARN NativeCodeLoader: Unable to load native-hadoop library for your platform... using builtin-java classes where applicable
[2025-03-30T17:34:10.353+0000] {spark_submit.py:645} INFO - Main class:
[2025-03-30T17:34:10.354+0000] {spark_submit.py:645} INFO - org.apache.spark.deploy.PythonRunner
[2025-03-30T17:34:10.354+0000] {spark_submit.py:645} INFO - Arguments:
[2025-03-30T17:34:10.355+0000] {spark_submit.py:645} INFO - file:/opt/spark_job/data_transformation.py
[2025-03-30T17:34:10.355+0000] {spark_submit.py:645} INFO - null
[2025-03-30T17:34:10.355+0000] {spark_submit.py:645} INFO - s3://raw/playlist_20250329_132856.json
[2025-03-30T17:34:10.356+0000] {spark_submit.py:645} INFO - processed
[2025-03-30T17:34:10.357+0000] {spark_submit.py:645} INFO - Spark config:
[2025-03-30T17:34:10.357+0000] {spark_submit.py:645} INFO - (spark.app.name,arrow-spark)
[2025-03-30T17:34:10.357+0000] {spark_submit.py:645} INFO - (spark.app.submitTime,1743356050335)
[2025-03-30T17:34:10.358+0000] {spark_submit.py:645} INFO - (spark.executor.cores,1)
[2025-03-30T17:34:10.358+0000] {spark_submit.py:645} INFO - (spark.executor.memory,512m)
[2025-03-30T17:34:10.358+0000] {spark_submit.py:645} INFO - (spark.hadoop.fs.s3a.access.key,*********(redacted))
[2025-03-30T17:34:10.358+0000] {spark_submit.py:645} INFO - (spark.hadoop.fs.s3a.endpoint,http://minio:9000)
[2025-03-30T17:34:10.359+0000] {spark_submit.py:645} INFO - (spark.hadoop.fs.s3a.impl,org.apache.hadoop.fs.s3a.S3AFileSystem)
[2025-03-30T17:34:10.359+0000] {spark_submit.py:645} INFO - (spark.hadoop.fs.s3a.path.style.access,true)
[2025-03-30T17:34:10.360+0000] {spark_submit.py:645} INFO - (spark.hadoop.fs.s3a.secret.key,*********(redacted))
[2025-03-30T17:34:10.360+0000] {spark_submit.py:645} INFO - (spark.jars,file:///opt/spark_job/jars/aws-java-sdk-bundle-1.12.262.jar,file:///opt/spark_job/jars/hadoop-aws-3.3.4.jar)
[2025-03-30T17:34:10.360+0000] {spark_submit.py:645} INFO - (spark.kerberos.principal,***)
[2025-03-30T17:34:10.361+0000] {spark_submit.py:645} INFO - (spark.master,spark://spark-master:7077)
[2025-03-30T17:34:10.361+0000] {spark_submit.py:645} INFO - (spark.repl.local.jars,file:///opt/spark_job/jars/aws-java-sdk-bundle-1.12.262.jar,file:///opt/spark_job/jars/hadoop-aws-3.3.4.jar)
[2025-03-30T17:34:10.362+0000] {spark_submit.py:645} INFO - (spark.submit.deployMode,client)
[2025-03-30T17:34:10.362+0000] {spark_submit.py:645} INFO - (spark.submit.pyFiles,)
[2025-03-30T17:34:10.363+0000] {spark_submit.py:645} INFO - Classpath elements:
[2025-03-30T17:34:10.363+0000] {spark_submit.py:645} INFO - file:///opt/spark_job/jars/aws-java-sdk-bundle-1.12.262.jar
[2025-03-30T17:34:10.364+0000] {spark_submit.py:645} INFO - file:///opt/spark_job/jars/hadoop-aws-3.3.4.jar
[2025-03-30T17:34:10.364+0000] {spark_submit.py:645} INFO - 
[2025-03-30T17:34:10.365+0000] {spark_submit.py:645} INFO - 
[2025-03-30T17:34:11.167+0000] {spark_submit.py:645} INFO - 2025-03-30 17:34:11,167 - INFO - Iniciando a configuração da Spark Session
[2025-03-30T17:34:11.813+0000] {spark_submit.py:645} INFO - 25/03/30 17:34:11 INFO SparkContext: Running Spark version 3.5.3
[2025-03-30T17:34:11.814+0000] {spark_submit.py:645} INFO - 25/03/30 17:34:11 INFO SparkContext: OS info Linux, 5.15.153.1-microsoft-standard-WSL2, amd64
[2025-03-30T17:34:11.814+0000] {spark_submit.py:645} INFO - 25/03/30 17:34:11 INFO SparkContext: Java version 17.0.14
[2025-03-30T17:34:11.846+0000] {spark_submit.py:645} INFO - 25/03/30 17:34:11 INFO ResourceUtils: ==============================================================
[2025-03-30T17:34:11.847+0000] {spark_submit.py:645} INFO - 25/03/30 17:34:11 INFO ResourceUtils: No custom resources configured for spark.driver.
[2025-03-30T17:34:11.848+0000] {spark_submit.py:645} INFO - 25/03/30 17:34:11 INFO ResourceUtils: ==============================================================
[2025-03-30T17:34:11.848+0000] {spark_submit.py:645} INFO - 25/03/30 17:34:11 INFO SparkContext: Submitted application: Minio Integration with PySpark
[2025-03-30T17:34:11.875+0000] {spark_submit.py:645} INFO - 25/03/30 17:34:11 INFO ResourceProfile: Default ResourceProfile created, executor resources: Map(cores -> name: cores, amount: 1, script: , vendor: , memory -> name: memory, amount: 512, script: , vendor: , offHeap -> name: offHeap, amount: 0, script: , vendor: ), task resources: Map(cpus -> name: cpus, amount: 1.0)
[2025-03-30T17:34:11.891+0000] {spark_submit.py:645} INFO - 25/03/30 17:34:11 INFO ResourceProfile: Limiting resource is cpus at 1 tasks per executor
[2025-03-30T17:34:11.897+0000] {spark_submit.py:645} INFO - 25/03/30 17:34:11 INFO ResourceProfileManager: Added ResourceProfile id: 0
[2025-03-30T17:34:11.961+0000] {spark_submit.py:645} INFO - 25/03/30 17:34:11 INFO SecurityManager: Changing view acls to: ***
[2025-03-30T17:34:11.962+0000] {spark_submit.py:645} INFO - 25/03/30 17:34:11 INFO SecurityManager: Changing modify acls to: ***
[2025-03-30T17:34:11.963+0000] {spark_submit.py:645} INFO - 25/03/30 17:34:11 INFO SecurityManager: Changing view acls groups to:
[2025-03-30T17:34:11.963+0000] {spark_submit.py:645} INFO - 25/03/30 17:34:11 INFO SecurityManager: Changing modify acls groups to:
[2025-03-30T17:34:11.964+0000] {spark_submit.py:645} INFO - 25/03/30 17:34:11 INFO SecurityManager: SecurityManager: authentication disabled; ui acls disabled; users with view permissions: ***; groups with view permissions: EMPTY; users with modify permissions: ***; groups with modify permissions: EMPTY
[2025-03-30T17:34:12.265+0000] {spark_submit.py:645} INFO - 25/03/30 17:34:12 INFO Utils: Successfully started service 'sparkDriver' on port 43185.
[2025-03-30T17:34:12.306+0000] {spark_submit.py:645} INFO - 25/03/30 17:34:12 INFO SparkEnv: Registering MapOutputTracker
[2025-03-30T17:34:12.346+0000] {spark_submit.py:645} INFO - 25/03/30 17:34:12 INFO SparkEnv: Registering BlockManagerMaster
[2025-03-30T17:34:12.365+0000] {spark_submit.py:645} INFO - 25/03/30 17:34:12 INFO BlockManagerMasterEndpoint: Using org.apache.spark.storage.DefaultTopologyMapper for getting topology information
[2025-03-30T17:34:12.366+0000] {spark_submit.py:645} INFO - 25/03/30 17:34:12 INFO BlockManagerMasterEndpoint: BlockManagerMasterEndpoint up
[2025-03-30T17:34:12.369+0000] {spark_submit.py:645} INFO - 25/03/30 17:34:12 INFO SparkEnv: Registering BlockManagerMasterHeartbeat
[2025-03-30T17:34:12.390+0000] {spark_submit.py:645} INFO - 25/03/30 17:34:12 INFO DiskBlockManager: Created local directory at /tmp/blockmgr-35683a58-a510-4df8-94d6-ceb930bc876a
[2025-03-30T17:34:12.402+0000] {spark_submit.py:645} INFO - 25/03/30 17:34:12 INFO MemoryStore: MemoryStore started with capacity 434.4 MiB
[2025-03-30T17:34:12.416+0000] {spark_submit.py:645} INFO - 25/03/30 17:34:12 INFO SparkEnv: Registering OutputCommitCoordinator
[2025-03-30T17:34:12.532+0000] {spark_submit.py:645} INFO - 25/03/30 17:34:12 INFO JettyUtils: Start Jetty 0.0.0.0:4040 for SparkUI
[2025-03-30T17:34:12.618+0000] {spark_submit.py:645} INFO - 25/03/30 17:34:12 INFO Utils: Successfully started service 'SparkUI' on port 4040.
[2025-03-30T17:34:12.669+0000] {spark_submit.py:645} INFO - 25/03/30 17:34:12 INFO SparkContext: Added JAR file:///opt/spark_job/jars/aws-java-sdk-bundle-1.12.262.jar at spark://4962f173392a:43185/jars/aws-java-sdk-bundle-1.12.262.jar with timestamp 1743356051805
[2025-03-30T17:34:12.671+0000] {spark_submit.py:645} INFO - 25/03/30 17:34:12 INFO SparkContext: Added JAR file:///opt/spark_job/jars/hadoop-aws-3.3.4.jar at spark://4962f173392a:43185/jars/hadoop-aws-3.3.4.jar with timestamp 1743356051805
[2025-03-30T17:34:12.787+0000] {spark_submit.py:645} INFO - 25/03/30 17:34:12 INFO StandaloneAppClient$ClientEndpoint: Connecting to master spark://spark-master:7077...
[2025-03-30T17:34:12.879+0000] {spark_submit.py:645} INFO - 25/03/30 17:34:12 INFO TransportClientFactory: Successfully created connection to spark-master/172.18.0.6:7077 after 56 ms (0 ms spent in bootstraps)
[2025-03-30T17:34:13.035+0000] {spark_submit.py:645} INFO - 25/03/30 17:34:13 INFO StandaloneSchedulerBackend: Connected to Spark cluster with app ID app-20250330173413-0001
[2025-03-30T17:34:13.043+0000] {spark_submit.py:645} INFO - 25/03/30 17:34:13 INFO StandaloneAppClient$ClientEndpoint: Executor added: app-20250330173413-0001/0 on worker-20250330171833-172.18.0.5-45767 (172.18.0.5:45767) with 1 core(s)
[2025-03-30T17:34:13.046+0000] {spark_submit.py:645} INFO - 25/03/30 17:34:13 INFO StandaloneSchedulerBackend: Granted executor ID app-20250330173413-0001/0 on hostPort 172.18.0.5:45767 with 1 core(s), 512.0 MiB RAM
[2025-03-30T17:34:13.048+0000] {spark_submit.py:645} INFO - 25/03/30 17:34:13 INFO StandaloneAppClient$ClientEndpoint: Executor added: app-20250330173413-0001/1 on worker-20250330171833-172.18.0.5-45767 (172.18.0.5:45767) with 1 core(s)
[2025-03-30T17:34:13.049+0000] {spark_submit.py:645} INFO - 25/03/30 17:34:13 INFO StandaloneSchedulerBackend: Granted executor ID app-20250330173413-0001/1 on hostPort 172.18.0.5:45767 with 1 core(s), 512.0 MiB RAM
[2025-03-30T17:34:13.061+0000] {spark_submit.py:645} INFO - 25/03/30 17:34:13 INFO StandaloneAppClient$ClientEndpoint: Executor added: app-20250330173413-0001/2 on worker-20250330171833-172.18.0.7-40325 (172.18.0.7:40325) with 1 core(s)
[2025-03-30T17:34:13.064+0000] {spark_submit.py:645} INFO - 25/03/30 17:34:13 INFO StandaloneSchedulerBackend: Granted executor ID app-20250330173413-0001/2 on hostPort 172.18.0.7:40325 with 1 core(s), 512.0 MiB RAM
[2025-03-30T17:34:13.081+0000] {spark_submit.py:645} INFO - 25/03/30 17:34:13 INFO StandaloneAppClient$ClientEndpoint: Executor added: app-20250330173413-0001/3 on worker-20250330171833-172.18.0.7-40325 (172.18.0.7:40325) with 1 core(s)
[2025-03-30T17:34:13.082+0000] {spark_submit.py:645} INFO - 25/03/30 17:34:13 INFO StandaloneSchedulerBackend: Granted executor ID app-20250330173413-0001/3 on hostPort 172.18.0.7:40325 with 1 core(s), 512.0 MiB RAM
[2025-03-30T17:34:13.113+0000] {spark_submit.py:645} INFO - 25/03/30 17:34:13 INFO Utils: Successfully started service 'org.apache.spark.network.netty.NettyBlockTransferService' on port 43629.
[2025-03-30T17:34:13.115+0000] {spark_submit.py:645} INFO - 25/03/30 17:34:13 INFO NettyBlockTransferService: Server created on 4962f173392a:43629
[2025-03-30T17:34:13.122+0000] {spark_submit.py:645} INFO - 25/03/30 17:34:13 INFO BlockManager: Using org.apache.spark.storage.RandomBlockReplicationPolicy for block replication policy
[2025-03-30T17:34:13.146+0000] {spark_submit.py:645} INFO - 25/03/30 17:34:13 INFO BlockManagerMaster: Registering BlockManager BlockManagerId(driver, 4962f173392a, 43629, None)
[2025-03-30T17:34:13.152+0000] {spark_submit.py:645} INFO - 25/03/30 17:34:13 INFO BlockManagerMasterEndpoint: Registering block manager 4962f173392a:43629 with 434.4 MiB RAM, BlockManagerId(driver, 4962f173392a, 43629, None)
[2025-03-30T17:34:13.164+0000] {spark_submit.py:645} INFO - 25/03/30 17:34:13 INFO BlockManagerMaster: Registered BlockManager BlockManagerId(driver, 4962f173392a, 43629, None)
[2025-03-30T17:34:13.167+0000] {spark_submit.py:645} INFO - 25/03/30 17:34:13 INFO BlockManager: Initialized BlockManager: BlockManagerId(driver, 4962f173392a, 43629, None)
[2025-03-30T17:34:13.319+0000] {spark_submit.py:645} INFO - 25/03/30 17:34:13 INFO StandaloneAppClient$ClientEndpoint: Executor updated: app-20250330173413-0001/2 is now RUNNING
[2025-03-30T17:34:13.359+0000] {spark_submit.py:645} INFO - 25/03/30 17:34:13 INFO StandaloneAppClient$ClientEndpoint: Executor updated: app-20250330173413-0001/0 is now RUNNING
[2025-03-30T17:34:13.366+0000] {spark_submit.py:645} INFO - 25/03/30 17:34:13 INFO StandaloneAppClient$ClientEndpoint: Executor updated: app-20250330173413-0001/1 is now RUNNING
[2025-03-30T17:34:13.373+0000] {spark_submit.py:645} INFO - 25/03/30 17:34:13 INFO StandaloneAppClient$ClientEndpoint: Executor updated: app-20250330173413-0001/3 is now RUNNING
[2025-03-30T17:34:13.786+0000] {spark_submit.py:645} INFO - 25/03/30 17:34:13 INFO StandaloneSchedulerBackend: SchedulerBackend is ready for scheduling beginning after reached minRegisteredResourcesRatio: 0.0
[2025-03-30T17:34:14.189+0000] {spark_submit.py:645} INFO - 2025-03-30 17:34:14,183 - INFO - Spark Session criada com sucesso
[2025-03-30T17:34:14.192+0000] {spark_submit.py:645} INFO - 2025-03-30 17:34:14,183 - INFO - Leitura iniciada !!!!!!.
[2025-03-30T17:34:14.193+0000] {spark_submit.py:645} INFO - 3.5.3
[2025-03-30T17:34:14.209+0000] {spark_submit.py:645} INFO - 25/03/30 17:34:14 INFO SharedState: Setting hive.metastore.warehouse.dir ('null') to the value of spark.sql.warehouse.dir.
[2025-03-30T17:34:14.239+0000] {spark_submit.py:645} INFO - 25/03/30 17:34:14 INFO SharedState: Warehouse path is 'file:/opt/spark-warehouse'.
[2025-03-30T17:34:16.688+0000] {spark_submit.py:645} INFO - 25/03/30 17:34:16 WARN MetricsConfig: Cannot locate configuration: tried hadoop-metrics2-s3a-file-system.properties,hadoop-metrics2.properties
[2025-03-30T17:34:16.746+0000] {spark_submit.py:645} INFO - 25/03/30 17:34:16 INFO MetricsSystemImpl: Scheduled Metric snapshot period at 10 second(s).
[2025-03-30T17:34:16.747+0000] {spark_submit.py:645} INFO - 25/03/30 17:34:16 INFO MetricsSystemImpl: s3a-file-system metrics system started
[2025-03-30T17:34:21.410+0000] {spark_submit.py:645} INFO - 25/03/30 17:34:21 INFO InMemoryFileIndex: It took 187 ms to list leaf files for 1 paths.
[2025-03-30T17:34:22.361+0000] {spark_submit.py:645} INFO - 25/03/30 17:34:22 INFO MemoryStore: Block broadcast_0 stored as values in memory (estimated size 209.2 KiB, free 434.2 MiB)
[2025-03-30T17:34:22.594+0000] {spark_submit.py:645} INFO - 25/03/30 17:34:22 INFO MemoryStore: Block broadcast_0_piece0 stored as bytes in memory (estimated size 35.4 KiB, free 434.2 MiB)
[2025-03-30T17:34:22.607+0000] {spark_submit.py:645} INFO - 25/03/30 17:34:22 INFO BlockManagerInfo: Added broadcast_0_piece0 in memory on 4962f173392a:43629 (size: 35.4 KiB, free: 434.4 MiB)
[2025-03-30T17:34:22.623+0000] {spark_submit.py:645} INFO - 25/03/30 17:34:22 INFO SparkContext: Created broadcast 0 from json at NativeMethodAccessorImpl.java:0
[2025-03-30T17:34:24.320+0000] {spark_submit.py:645} INFO - 25/03/30 17:34:24 INFO FileInputFormat: Total input files to process : 1
[2025-03-30T17:34:24.328+0000] {spark_submit.py:645} INFO - 25/03/30 17:34:24 INFO FileInputFormat: Total input files to process : 1
[2025-03-30T17:34:24.343+0000] {spark_submit.py:645} INFO - 25/03/30 17:34:24 INFO SparkContext: Starting job: json at NativeMethodAccessorImpl.java:0
[2025-03-30T17:34:24.363+0000] {spark_submit.py:645} INFO - 25/03/30 17:34:24 INFO DAGScheduler: Got job 0 (json at NativeMethodAccessorImpl.java:0) with 1 output partitions
[2025-03-30T17:34:24.365+0000] {spark_submit.py:645} INFO - 25/03/30 17:34:24 INFO DAGScheduler: Final stage: ResultStage 0 (json at NativeMethodAccessorImpl.java:0)
[2025-03-30T17:34:24.367+0000] {spark_submit.py:645} INFO - 25/03/30 17:34:24 INFO DAGScheduler: Parents of final stage: List()
[2025-03-30T17:34:24.368+0000] {spark_submit.py:645} INFO - 25/03/30 17:34:24 INFO DAGScheduler: Missing parents: List()
[2025-03-30T17:34:24.390+0000] {spark_submit.py:645} INFO - 25/03/30 17:34:24 INFO DAGScheduler: Submitting ResultStage 0 (MapPartitionsRDD[2] at json at NativeMethodAccessorImpl.java:0), which has no missing parents
[2025-03-30T17:34:24.457+0000] {spark_submit.py:645} INFO - 25/03/30 17:34:24 INFO MemoryStore: Block broadcast_1 stored as values in memory (estimated size 9.3 KiB, free 434.2 MiB)
[2025-03-30T17:34:24.479+0000] {spark_submit.py:645} INFO - 25/03/30 17:34:24 INFO MemoryStore: Block broadcast_1_piece0 stored as bytes in memory (estimated size 5.0 KiB, free 434.1 MiB)
[2025-03-30T17:34:24.481+0000] {spark_submit.py:645} INFO - 25/03/30 17:34:24 INFO BlockManagerInfo: Added broadcast_1_piece0 in memory on 4962f173392a:43629 (size: 5.0 KiB, free: 434.4 MiB)
[2025-03-30T17:34:24.482+0000] {spark_submit.py:645} INFO - 25/03/30 17:34:24 INFO SparkContext: Created broadcast 1 from broadcast at DAGScheduler.scala:1585
[2025-03-30T17:34:24.531+0000] {spark_submit.py:645} INFO - 25/03/30 17:34:24 INFO DAGScheduler: Submitting 1 missing tasks from ResultStage 0 (MapPartitionsRDD[2] at json at NativeMethodAccessorImpl.java:0) (first 15 tasks are for partitions Vector(0))
[2025-03-30T17:34:24.534+0000] {spark_submit.py:645} INFO - 25/03/30 17:34:24 INFO TaskSchedulerImpl: Adding task set 0.0 with 1 tasks resource profile 0
[2025-03-30T17:34:25.503+0000] {spark_submit.py:645} INFO - 25/03/30 17:34:25 INFO StandaloneSchedulerBackend$StandaloneDriverEndpoint: Registered executor NettyRpcEndpointRef(spark-client://Executor) (172.18.0.5:53580) with ID 0,  ResourceProfileId 0
[2025-03-30T17:34:25.716+0000] {spark_submit.py:645} INFO - 25/03/30 17:34:25 INFO StandaloneSchedulerBackend$StandaloneDriverEndpoint: Registered executor NettyRpcEndpointRef(spark-client://Executor) (172.18.0.7:34616) with ID 3,  ResourceProfileId 0
[2025-03-30T17:34:25.771+0000] {spark_submit.py:645} INFO - 25/03/30 17:34:25 INFO BlockManagerMasterEndpoint: Registering block manager 172.18.0.5:35205 with 127.2 MiB RAM, BlockManagerId(0, 172.18.0.5, 35205, None)
[2025-03-30T17:34:25.968+0000] {spark_submit.py:645} INFO - 25/03/30 17:34:25 INFO BlockManagerMasterEndpoint: Registering block manager 172.18.0.7:44441 with 127.2 MiB RAM, BlockManagerId(3, 172.18.0.7, 44441, None)
[2025-03-30T17:34:25.977+0000] {spark_submit.py:645} INFO - 25/03/30 17:34:25 INFO StandaloneSchedulerBackend$StandaloneDriverEndpoint: Registered executor NettyRpcEndpointRef(spark-client://Executor) (172.18.0.7:34606) with ID 2,  ResourceProfileId 0
[2025-03-30T17:34:26.056+0000] {spark_submit.py:645} INFO - 25/03/30 17:34:26 INFO StandaloneSchedulerBackend$StandaloneDriverEndpoint: Registered executor NettyRpcEndpointRef(spark-client://Executor) (172.18.0.5:53582) with ID 1,  ResourceProfileId 0
[2025-03-30T17:34:27.109+0000] {spark_submit.py:645} INFO - 25/03/30 17:34:27 INFO BlockManagerMasterEndpoint: Registering block manager 172.18.0.7:40081 with 127.2 MiB RAM, BlockManagerId(2, 172.18.0.7, 40081, None)
[2025-03-30T17:34:27.153+0000] {spark_submit.py:645} INFO - 25/03/30 17:34:27 INFO BlockManagerMasterEndpoint: Registering block manager 172.18.0.5:45627 with 127.2 MiB RAM, BlockManagerId(1, 172.18.0.5, 45627, None)
[2025-03-30T17:37:28.329+0000] {spark_submit.py:645} INFO - 25/03/30 17:37:28 INFO TaskSetManager: Starting task 0.0 in stage 0.0 (TID 0) (172.18.0.7, executor 3, partition 0, PROCESS_LOCAL, 9420 bytes)
[2025-03-30T17:37:44.270+0000] {spark_submit.py:645} INFO - 25/03/30 17:37:44 INFO BlockManagerInfo: Added broadcast_1_piece0 in memory on 172.18.0.7:44441 (size: 5.0 KiB, free: 127.2 MiB)
[2025-03-30T17:37:47.074+0000] {spark_submit.py:645} INFO - 25/03/30 17:37:47 INFO BlockManagerInfo: Added broadcast_0_piece0 in memory on 172.18.0.7:44441 (size: 35.4 KiB, free: 127.2 MiB)
[2025-03-30T17:37:56.779+0000] {spark_submit.py:645} INFO - 25/03/30 17:37:56 INFO TaskSetManager: Finished task 0.0 in stage 0.0 (TID 0) in 28835 ms on 172.18.0.7 (executor 3) (1/1)
[2025-03-30T17:37:56.782+0000] {spark_submit.py:645} INFO - 25/03/30 17:37:56 INFO TaskSchedulerImpl: Removed TaskSet 0.0, whose tasks have all completed, from pool
[2025-03-30T17:37:56.812+0000] {spark_submit.py:645} INFO - 25/03/30 17:37:56 INFO DAGScheduler: ResultStage 0 (json at NativeMethodAccessorImpl.java:0) finished in 212.394 s
[2025-03-30T17:37:56.816+0000] {spark_submit.py:645} INFO - 25/03/30 17:37:56 INFO DAGScheduler: Job 0 is finished. Cancelling potential speculative or zombie tasks for this job
[2025-03-30T17:37:56.817+0000] {spark_submit.py:645} INFO - 25/03/30 17:37:56 INFO TaskSchedulerImpl: Killing all running tasks in stage 0: Stage finished
[2025-03-30T17:37:56.834+0000] {spark_submit.py:645} INFO - 25/03/30 17:37:56 INFO DAGScheduler: Job 0 finished: json at NativeMethodAccessorImpl.java:0, took 212.621988 s
[2025-03-30T17:37:59.488+0000] {spark_submit.py:645} INFO - 2025-03-30 17:37:59,487 - INFO - Leitura finalizada !!!!!!!.
[2025-03-30T17:37:59.488+0000] {spark_submit.py:645} INFO - 2025-03-30 17:37:59,487 - INFO - Processo de transformação iniciada.
[2025-03-30T17:37:59.797+0000] {spark_submit.py:645} INFO - 25/03/30 17:37:59 INFO BlockManagerInfo: Removed broadcast_0_piece0 on 4962f173392a:43629 in memory (size: 35.4 KiB, free: 434.4 MiB)
[2025-03-30T17:37:59.961+0000] {spark_submit.py:645} INFO - 25/03/30 17:37:59 INFO BlockManagerInfo: Removed broadcast_0_piece0 on 172.18.0.7:44441 in memory (size: 35.4 KiB, free: 127.2 MiB)
[2025-03-30T17:38:00.074+0000] {spark_submit.py:645} INFO - 25/03/30 17:38:00 INFO BlockManagerInfo: Removed broadcast_1_piece0 on 4962f173392a:43629 in memory (size: 5.0 KiB, free: 434.4 MiB)
[2025-03-30T17:38:00.084+0000] {spark_submit.py:645} INFO - 25/03/30 17:38:00 INFO BlockManagerInfo: Removed broadcast_1_piece0 on 172.18.0.7:44441 in memory (size: 5.0 KiB, free: 127.2 MiB)
[2025-03-30T17:38:02.734+0000] {spark_submit.py:645} INFO - 25/03/30 17:38:02 INFO FileSourceStrategy: Pushed Filters:
[2025-03-30T17:38:02.736+0000] {spark_submit.py:645} INFO - 25/03/30 17:38:02 INFO FileSourceStrategy: Post-Scan Filters: (size(items#0.track.artists, true) > 0),isnotnull(items#0.track.artists)
[2025-03-30T17:38:04.480+0000] {spark_submit.py:645} INFO - 25/03/30 17:38:04 INFO CodeGenerator: Code generated in 679.920111 ms
[2025-03-30T17:38:04.488+0000] {spark_submit.py:645} INFO - 25/03/30 17:38:04 INFO MemoryStore: Block broadcast_2 stored as values in memory (estimated size 208.7 KiB, free 434.2 MiB)
[2025-03-30T17:38:04.510+0000] {spark_submit.py:645} INFO - 25/03/30 17:38:04 INFO MemoryStore: Block broadcast_2_piece0 stored as bytes in memory (estimated size 35.4 KiB, free 434.2 MiB)
[2025-03-30T17:38:04.532+0000] {spark_submit.py:645} INFO - 25/03/30 17:38:04 INFO BlockManagerInfo: Added broadcast_2_piece0 in memory on 4962f173392a:43629 (size: 35.4 KiB, free: 434.4 MiB)
[2025-03-30T17:38:04.532+0000] {spark_submit.py:645} INFO - 25/03/30 17:38:04 INFO SparkContext: Created broadcast 2 from count at NativeMethodAccessorImpl.java:0
[2025-03-30T17:38:04.533+0000] {spark_submit.py:645} INFO - 25/03/30 17:38:04 INFO FileSourceScanExec: Planning scan with bin packing, max size: 4194304 bytes, open cost is considered as scanning 4194304 bytes.
[2025-03-30T17:38:04.640+0000] {spark_submit.py:645} INFO - 25/03/30 17:38:04 INFO DAGScheduler: Registering RDD 6 (count at NativeMethodAccessorImpl.java:0) as input to shuffle 0
[2025-03-30T17:38:04.644+0000] {spark_submit.py:645} INFO - 25/03/30 17:38:04 INFO DAGScheduler: Got map stage job 1 (count at NativeMethodAccessorImpl.java:0) with 1 output partitions
[2025-03-30T17:38:04.645+0000] {spark_submit.py:645} INFO - 25/03/30 17:38:04 INFO DAGScheduler: Final stage: ShuffleMapStage 1 (count at NativeMethodAccessorImpl.java:0)
[2025-03-30T17:38:04.645+0000] {spark_submit.py:645} INFO - 25/03/30 17:38:04 INFO DAGScheduler: Parents of final stage: List()
[2025-03-30T17:38:04.646+0000] {spark_submit.py:645} INFO - 25/03/30 17:38:04 INFO DAGScheduler: Missing parents: List()
[2025-03-30T17:38:04.647+0000] {spark_submit.py:645} INFO - 25/03/30 17:38:04 INFO DAGScheduler: Submitting ShuffleMapStage 1 (MapPartitionsRDD[6] at count at NativeMethodAccessorImpl.java:0), which has no missing parents
[2025-03-30T17:38:04.703+0000] {spark_submit.py:645} INFO - 25/03/30 17:38:04 INFO MemoryStore: Block broadcast_3 stored as values in memory (estimated size 92.6 KiB, free 434.1 MiB)
[2025-03-30T17:38:04.728+0000] {spark_submit.py:645} INFO - 25/03/30 17:38:04 INFO MemoryStore: Block broadcast_3_piece0 stored as bytes in memory (estimated size 32.0 KiB, free 434.0 MiB)
[2025-03-30T17:38:04.729+0000] {spark_submit.py:645} INFO - 25/03/30 17:38:04 INFO BlockManagerInfo: Added broadcast_3_piece0 in memory on 4962f173392a:43629 (size: 32.0 KiB, free: 434.3 MiB)
[2025-03-30T17:38:04.730+0000] {spark_submit.py:645} INFO - 25/03/30 17:38:04 INFO SparkContext: Created broadcast 3 from broadcast at DAGScheduler.scala:1585
[2025-03-30T17:38:04.732+0000] {spark_submit.py:645} INFO - 25/03/30 17:38:04 INFO DAGScheduler: Submitting 1 missing tasks from ShuffleMapStage 1 (MapPartitionsRDD[6] at count at NativeMethodAccessorImpl.java:0) (first 15 tasks are for partitions Vector(0))
[2025-03-30T17:38:04.733+0000] {spark_submit.py:645} INFO - 25/03/30 17:38:04 INFO TaskSchedulerImpl: Adding task set 1.0 with 1 tasks resource profile 0
[2025-03-30T17:38:04.737+0000] {spark_submit.py:645} INFO - 25/03/30 17:38:04 INFO TaskSetManager: Starting task 0.0 in stage 1.0 (TID 1) (172.18.0.5, executor 0, partition 0, PROCESS_LOCAL, 9880 bytes)
[2025-03-30T17:38:07.980+0000] {spark_submit.py:645} INFO - 25/03/30 17:38:07 INFO BlockManagerInfo: Added broadcast_3_piece0 in memory on 172.18.0.5:35205 (size: 32.0 KiB, free: 127.2 MiB)
[2025-03-30T17:38:17.562+0000] {spark_submit.py:645} INFO - 25/03/30 17:38:17 INFO BlockManagerInfo: Added broadcast_2_piece0 in memory on 172.18.0.5:35205 (size: 35.4 KiB, free: 127.1 MiB)
[2025-03-30T17:38:25.910+0000] {spark_submit.py:645} INFO - 25/03/30 17:38:25 INFO TaskSetManager: Finished task 0.0 in stage 1.0 (TID 1) in 21176 ms on 172.18.0.5 (executor 0) (1/1)
[2025-03-30T17:38:25.911+0000] {spark_submit.py:645} INFO - 25/03/30 17:38:25 INFO TaskSchedulerImpl: Removed TaskSet 1.0, whose tasks have all completed, from pool
[2025-03-30T17:38:25.920+0000] {spark_submit.py:645} INFO - 25/03/30 17:38:25 INFO DAGScheduler: ShuffleMapStage 1 (count at NativeMethodAccessorImpl.java:0) finished in 21.267 s
[2025-03-30T17:38:25.920+0000] {spark_submit.py:645} INFO - 25/03/30 17:38:25 INFO DAGScheduler: looking for newly runnable stages
[2025-03-30T17:38:25.921+0000] {spark_submit.py:645} INFO - 25/03/30 17:38:25 INFO DAGScheduler: running: Set()
[2025-03-30T17:38:25.921+0000] {spark_submit.py:645} INFO - 25/03/30 17:38:25 INFO DAGScheduler: waiting: Set()
[2025-03-30T17:38:25.921+0000] {spark_submit.py:645} INFO - 25/03/30 17:38:25 INFO DAGScheduler: failed: Set()
[2025-03-30T17:38:25.990+0000] {spark_submit.py:645} INFO - 25/03/30 17:38:25 INFO ShufflePartitionsUtil: For shuffle(0), advisory target size: 67108864, actual target size 1048576, minimum partition size: 1048576
[2025-03-30T17:38:26.057+0000] {spark_submit.py:645} INFO - 25/03/30 17:38:26 INFO CodeGenerator: Code generated in 28.761816 ms
[2025-03-30T17:38:26.113+0000] {spark_submit.py:645} INFO - 25/03/30 17:38:26 INFO DAGScheduler: Registering RDD 9 (count at NativeMethodAccessorImpl.java:0) as input to shuffle 1
[2025-03-30T17:38:26.114+0000] {spark_submit.py:645} INFO - 25/03/30 17:38:26 INFO DAGScheduler: Got map stage job 2 (count at NativeMethodAccessorImpl.java:0) with 1 output partitions
[2025-03-30T17:38:26.114+0000] {spark_submit.py:645} INFO - 25/03/30 17:38:26 INFO DAGScheduler: Final stage: ShuffleMapStage 3 (count at NativeMethodAccessorImpl.java:0)
[2025-03-30T17:38:26.115+0000] {spark_submit.py:645} INFO - 25/03/30 17:38:26 INFO DAGScheduler: Parents of final stage: List(ShuffleMapStage 2)
[2025-03-30T17:38:26.115+0000] {spark_submit.py:645} INFO - 25/03/30 17:38:26 INFO DAGScheduler: Missing parents: List()
[2025-03-30T17:38:26.116+0000] {spark_submit.py:645} INFO - 25/03/30 17:38:26 INFO DAGScheduler: Submitting ShuffleMapStage 3 (MapPartitionsRDD[9] at count at NativeMethodAccessorImpl.java:0), which has no missing parents
[2025-03-30T17:38:26.140+0000] {spark_submit.py:645} INFO - 25/03/30 17:38:26 INFO MemoryStore: Block broadcast_4 stored as values in memory (estimated size 54.5 KiB, free 434.0 MiB)
[2025-03-30T17:38:26.165+0000] {spark_submit.py:645} INFO - 25/03/30 17:38:26 INFO MemoryStore: Block broadcast_4_piece0 stored as bytes in memory (estimated size 24.4 KiB, free 434.0 MiB)
[2025-03-30T17:38:26.167+0000] {spark_submit.py:645} INFO - 25/03/30 17:38:26 INFO BlockManagerInfo: Added broadcast_4_piece0 in memory on 4962f173392a:43629 (size: 24.4 KiB, free: 434.3 MiB)
[2025-03-30T17:38:26.168+0000] {spark_submit.py:645} INFO - 25/03/30 17:38:26 INFO SparkContext: Created broadcast 4 from broadcast at DAGScheduler.scala:1585
[2025-03-30T17:38:26.169+0000] {spark_submit.py:645} INFO - 25/03/30 17:38:26 INFO DAGScheduler: Submitting 1 missing tasks from ShuffleMapStage 3 (MapPartitionsRDD[9] at count at NativeMethodAccessorImpl.java:0) (first 15 tasks are for partitions Vector(0))
[2025-03-30T17:38:26.169+0000] {spark_submit.py:645} INFO - 25/03/30 17:38:26 INFO TaskSchedulerImpl: Adding task set 3.0 with 1 tasks resource profile 0
[2025-03-30T17:38:26.283+0000] {spark_submit.py:645} INFO - 25/03/30 17:38:26 INFO TaskSetManager: Starting task 0.0 in stage 3.0 (TID 2) (172.18.0.5, executor 0, partition 0, NODE_LOCAL, 9278 bytes)
[2025-03-30T17:38:26.420+0000] {spark_submit.py:645} INFO - 25/03/30 17:38:26 INFO BlockManagerInfo: Added broadcast_4_piece0 in memory on 172.18.0.5:35205 (size: 24.4 KiB, free: 127.1 MiB)
[2025-03-30T17:38:26.645+0000] {spark_submit.py:645} INFO - 25/03/30 17:38:26 INFO MapOutputTrackerMasterEndpoint: Asked to send map output locations for shuffle 0 to 172.18.0.5:53580
[2025-03-30T17:38:27.747+0000] {spark_submit.py:645} INFO - 25/03/30 17:38:27 INFO TaskSetManager: Finished task 0.0 in stage 3.0 (TID 2) in 1464 ms on 172.18.0.5 (executor 0) (1/1)
[2025-03-30T17:38:27.747+0000] {spark_submit.py:645} INFO - 25/03/30 17:38:27 INFO TaskSchedulerImpl: Removed TaskSet 3.0, whose tasks have all completed, from pool
[2025-03-30T17:38:27.749+0000] {spark_submit.py:645} INFO - 25/03/30 17:38:27 INFO DAGScheduler: ShuffleMapStage 3 (count at NativeMethodAccessorImpl.java:0) finished in 1.614 s
[2025-03-30T17:38:27.750+0000] {spark_submit.py:645} INFO - 25/03/30 17:38:27 INFO DAGScheduler: looking for newly runnable stages
[2025-03-30T17:38:27.751+0000] {spark_submit.py:645} INFO - 25/03/30 17:38:27 INFO DAGScheduler: running: Set()
[2025-03-30T17:38:27.751+0000] {spark_submit.py:645} INFO - 25/03/30 17:38:27 INFO DAGScheduler: waiting: Set()
[2025-03-30T17:38:27.752+0000] {spark_submit.py:645} INFO - 25/03/30 17:38:27 INFO DAGScheduler: failed: Set()
[2025-03-30T17:38:27.774+0000] {spark_submit.py:645} INFO - 25/03/30 17:38:27 INFO CodeGenerator: Code generated in 8.818244 ms
[2025-03-30T17:38:27.796+0000] {spark_submit.py:645} INFO - 25/03/30 17:38:27 INFO SparkContext: Starting job: count at NativeMethodAccessorImpl.java:0
[2025-03-30T17:38:27.798+0000] {spark_submit.py:645} INFO - 25/03/30 17:38:27 INFO DAGScheduler: Got job 3 (count at NativeMethodAccessorImpl.java:0) with 1 output partitions
[2025-03-30T17:38:27.799+0000] {spark_submit.py:645} INFO - 25/03/30 17:38:27 INFO DAGScheduler: Final stage: ResultStage 6 (count at NativeMethodAccessorImpl.java:0)
[2025-03-30T17:38:27.799+0000] {spark_submit.py:645} INFO - 25/03/30 17:38:27 INFO DAGScheduler: Parents of final stage: List(ShuffleMapStage 5)
[2025-03-30T17:38:27.800+0000] {spark_submit.py:645} INFO - 25/03/30 17:38:27 INFO DAGScheduler: Missing parents: List()
[2025-03-30T17:38:27.800+0000] {spark_submit.py:645} INFO - 25/03/30 17:38:27 INFO DAGScheduler: Submitting ResultStage 6 (MapPartitionsRDD[12] at count at NativeMethodAccessorImpl.java:0), which has no missing parents
[2025-03-30T17:38:27.802+0000] {spark_submit.py:645} INFO - 25/03/30 17:38:27 INFO MemoryStore: Block broadcast_5 stored as values in memory (estimated size 12.5 KiB, free 434.0 MiB)
[2025-03-30T17:38:27.804+0000] {spark_submit.py:645} INFO - 25/03/30 17:38:27 INFO MemoryStore: Block broadcast_5_piece0 stored as bytes in memory (estimated size 5.9 KiB, free 433.9 MiB)
[2025-03-30T17:38:27.827+0000] {spark_submit.py:645} INFO - 25/03/30 17:38:27 INFO BlockManagerInfo: Added broadcast_5_piece0 in memory on 4962f173392a:43629 (size: 5.9 KiB, free: 434.3 MiB)
[2025-03-30T17:38:27.828+0000] {spark_submit.py:645} INFO - 25/03/30 17:38:27 INFO SparkContext: Created broadcast 5 from broadcast at DAGScheduler.scala:1585
[2025-03-30T17:38:27.829+0000] {spark_submit.py:645} INFO - 25/03/30 17:38:27 INFO DAGScheduler: Submitting 1 missing tasks from ResultStage 6 (MapPartitionsRDD[12] at count at NativeMethodAccessorImpl.java:0) (first 15 tasks are for partitions Vector(0))
[2025-03-30T17:38:27.830+0000] {spark_submit.py:645} INFO - 25/03/30 17:38:27 INFO TaskSchedulerImpl: Adding task set 6.0 with 1 tasks resource profile 0
[2025-03-30T17:38:27.832+0000] {spark_submit.py:645} INFO - 25/03/30 17:38:27 INFO TaskSetManager: Starting task 0.0 in stage 6.0 (TID 3) (172.18.0.5, executor 1, partition 0, NODE_LOCAL, 9289 bytes)
[2025-03-30T17:38:28.266+0000] {spark_submit.py:645} INFO - 25/03/30 17:38:28 INFO BlockManagerInfo: Added broadcast_5_piece0 in memory on 172.18.0.5:45627 (size: 5.9 KiB, free: 127.2 MiB)
[2025-03-30T17:38:29.444+0000] {spark_submit.py:645} INFO - 25/03/30 17:38:29 INFO MapOutputTrackerMasterEndpoint: Asked to send map output locations for shuffle 1 to 172.18.0.5:53582
[2025-03-30T17:38:31.609+0000] {spark_submit.py:645} INFO - 25/03/30 17:38:31 INFO TaskSetManager: Finished task 0.0 in stage 6.0 (TID 3) in 3777 ms on 172.18.0.5 (executor 1) (1/1)
[2025-03-30T17:38:31.609+0000] {spark_submit.py:645} INFO - 25/03/30 17:38:31 INFO TaskSchedulerImpl: Removed TaskSet 6.0, whose tasks have all completed, from pool
[2025-03-30T17:38:31.611+0000] {spark_submit.py:645} INFO - 25/03/30 17:38:31 INFO DAGScheduler: ResultStage 6 (count at NativeMethodAccessorImpl.java:0) finished in 3.810 s
[2025-03-30T17:38:31.612+0000] {spark_submit.py:645} INFO - 25/03/30 17:38:31 INFO DAGScheduler: Job 3 is finished. Cancelling potential speculative or zombie tasks for this job
[2025-03-30T17:38:31.613+0000] {spark_submit.py:645} INFO - 25/03/30 17:38:31 INFO TaskSchedulerImpl: Killing all running tasks in stage 6: Stage finished
[2025-03-30T17:38:31.613+0000] {spark_submit.py:645} INFO - 25/03/30 17:38:31 INFO DAGScheduler: Job 3 finished: count at NativeMethodAccessorImpl.java:0, took 3.816564 s
[2025-03-30T17:38:31.637+0000] {spark_submit.py:645} INFO - 322
[2025-03-30T17:38:31.638+0000] {spark_submit.py:645} INFO - 2025-03-30 17:38:31,637 - INFO - Processo finalizado.
[2025-03-30T17:38:31.638+0000] {spark_submit.py:645} INFO - 25/03/30 17:38:31 INFO SparkContext: SparkContext is stopping with exitCode 0.
[2025-03-30T17:38:31.695+0000] {spark_submit.py:645} INFO - 25/03/30 17:38:31 INFO SparkUI: Stopped Spark web UI at http://4962f173392a:4040
[2025-03-30T17:38:31.698+0000] {spark_submit.py:645} INFO - 25/03/30 17:38:31 INFO StandaloneSchedulerBackend: Shutting down all executors
[2025-03-30T17:38:31.699+0000] {spark_submit.py:645} INFO - 25/03/30 17:38:31 INFO StandaloneSchedulerBackend$StandaloneDriverEndpoint: Asking each executor to shut down
[2025-03-30T17:38:31.910+0000] {spark_submit.py:645} INFO - 25/03/30 17:38:31 INFO MapOutputTrackerMasterEndpoint: MapOutputTrackerMasterEndpoint stopped!
[2025-03-30T17:38:32.791+0000] {spark_submit.py:645} INFO - 25/03/30 17:38:32 INFO MemoryStore: MemoryStore cleared
[2025-03-30T17:38:32.806+0000] {spark_submit.py:645} INFO - 25/03/30 17:38:32 INFO BlockManager: BlockManager stopped
[2025-03-30T17:38:32.851+0000] {spark_submit.py:645} INFO - 25/03/30 17:38:32 INFO BlockManagerMaster: BlockManagerMaster stopped
[2025-03-30T17:38:32.852+0000] {spark_submit.py:645} INFO - 25/03/30 17:38:32 INFO OutputCommitCoordinator$OutputCommitCoordinatorEndpoint: OutputCommitCoordinator stopped!
[2025-03-30T17:38:32.852+0000] {spark_submit.py:645} INFO - 25/03/30 17:38:32 INFO SparkContext: Successfully stopped SparkContext
[2025-03-30T17:38:33.301+0000] {spark_submit.py:645} INFO - 2025-03-30 17:38:33,301 - INFO - Closing down clientserver connection
[2025-03-30T17:38:33.519+0000] {spark_submit.py:645} INFO - 25/03/30 17:38:33 INFO ShutdownHookManager: Shutdown hook called
[2025-03-30T17:38:33.519+0000] {spark_submit.py:645} INFO - 25/03/30 17:38:33 INFO ShutdownHookManager: Deleting directory /tmp/spark-b113a4ef-3ef3-4677-b011-f646647d5755/pyspark-5800c391-27a4-4536-9f32-5a9a5acc278d
[2025-03-30T17:38:33.525+0000] {spark_submit.py:645} INFO - 25/03/30 17:38:33 INFO ShutdownHookManager: Deleting directory /tmp/spark-b113a4ef-3ef3-4677-b011-f646647d5755
[2025-03-30T17:38:33.545+0000] {spark_submit.py:645} INFO - 25/03/30 17:38:33 INFO ShutdownHookManager: Deleting directory /tmp/spark-5259034e-bf78-440e-8307-a45276b70779
[2025-03-30T17:38:33.612+0000] {spark_submit.py:645} INFO - 25/03/30 17:38:33 INFO MetricsSystemImpl: Stopping s3a-file-system metrics system...
[2025-03-30T17:38:33.612+0000] {spark_submit.py:645} INFO - 25/03/30 17:38:33 INFO MetricsSystemImpl: s3a-file-system metrics system stopped.
[2025-03-30T17:38:33.613+0000] {spark_submit.py:645} INFO - 25/03/30 17:38:33 INFO MetricsSystemImpl: s3a-file-system metrics system shutdown complete.
[2025-03-30T17:38:33.657+0000] {python.py:237} INFO - Done. Returned value was: None
[2025-03-30T17:38:33.658+0000] {taskinstance.py:441} INFO - ::group::Post task execution logs
[2025-03-30T17:38:33.669+0000] {taskinstance.py:1206} INFO - Marking task as SUCCESS. dag_id=etl_pipeline, task_id=transformation, run_id=manual__2025-03-26T13:33:39.761724+00:00, execution_date=20250326T133339, start_date=20250330T173407, end_date=20250330T173833
[2025-03-30T17:38:34.091+0000] {local_task_job_runner.py:240} INFO - Task exited with return code 0
[2025-03-30T17:38:34.109+0000] {taskinstance.py:3503} INFO - 0 downstream tasks scheduled from follow-on schedule check
[2025-03-30T17:38:34.186+0000] {local_task_job_runner.py:222} INFO - ::endgroup::
