[2025-03-30T16:48:03.933+0000] {local_task_job_runner.py:120} INFO - ::group::Pre task execution logs
[2025-03-30T16:48:04.002+0000] {taskinstance.py:2076} INFO - Dependencies all met for dep_context=non-requeueable deps ti=<TaskInstance: etl_pipeline.transformation manual__2025-03-26T13:33:39.761724+00:00 [queued]>
[2025-03-30T16:48:04.019+0000] {taskinstance.py:2076} INFO - Dependencies all met for dep_context=requeueable deps ti=<TaskInstance: etl_pipeline.transformation manual__2025-03-26T13:33:39.761724+00:00 [queued]>
[2025-03-30T16:48:04.020+0000] {taskinstance.py:2306} INFO - Starting attempt 64 of 65
[2025-03-30T16:48:04.115+0000] {taskinstance.py:2330} INFO - Executing <Task(PythonOperator): transformation> on 2025-03-26 13:33:39.761724+00:00
[2025-03-30T16:48:04.121+0000] {standard_task_runner.py:63} INFO - Started process 2055 to run task
[2025-03-30T16:48:04.124+0000] {standard_task_runner.py:90} INFO - Running: ['***', 'tasks', 'run', 'etl_pipeline', 'transformation', 'manual__2025-03-26T13:33:39.761724+00:00', '--job-id', '112', '--raw', '--subdir', 'DAGS_FOLDER/etl_pipeline.py', '--cfg-path', '/tmp/tmpzixb3m45']
[2025-03-30T16:48:04.213+0000] {standard_task_runner.py:91} INFO - Job 112: Subtask transformation
[2025-03-30T16:48:04.366+0000] {task_command.py:426} INFO - Running <TaskInstance: etl_pipeline.transformation manual__2025-03-26T13:33:39.761724+00:00 [running]> on host 0078b745cbba
[2025-03-30T16:48:05.639+0000] {taskinstance.py:2648} INFO - Exporting env vars: AIRFLOW_CTX_DAG_OWNER='lobobranco' AIRFLOW_CTX_DAG_ID='etl_pipeline' AIRFLOW_CTX_TASK_ID='transformation' AIRFLOW_CTX_EXECUTION_DATE='2025-03-26T13:33:39.761724+00:00' AIRFLOW_CTX_TRY_NUMBER='64' AIRFLOW_CTX_DAG_RUN_ID='manual__2025-03-26T13:33:39.761724+00:00'
[2025-03-30T16:48:05.640+0000] {taskinstance.py:430} INFO - ::endgroup::
[2025-03-30T16:48:05.668+0000] {etl_pipeline.py:76} INFO - Transforming data from file: s3://raw/playlist_20250329_132856.json
[2025-03-30T16:48:05.668+0000] {logging_mixin.py:188} INFO - File Path: s3://raw/playlist_20250329_132856.json
[2025-03-30T16:48:05.669+0000] {logging_mixin.py:188} INFO - Processed Bucket: processed
[2025-03-30T16:48:05.670+0000] {baseoperator.py:400} WARNING - SparkSubmitOperator.execute cannot be called outside TaskInstance!
[2025-03-30T16:48:05.683+0000] {base.py:84} INFO - Using connection ID 'spark_default' for task execution.
[2025-03-30T16:48:05.684+0000] {spark_submit.py:328} ERROR - Failed to decode base64 keytab: Incorrect padding
[2025-03-30T16:48:05.684+0000] {spark_submit.py:305} INFO - Could not load connection string spark_default, defaulting to spark://spark-master:7077
[2025-03-30T16:48:05.686+0000] {spark_submit.py:474} INFO - Spark-Submit cmd: spark-submit --master spark://spark-master:7077 --conf spark.executor.memory=512m --conf spark.executor.cores=1 --conf spark.jars=/opt/spark_job/jars/aws-java-sdk-bundle-1.12.262.jar,/opt/spark_job/jars/hadoop-aws-3.3.4.jar --conf spark.hadoop.fs.s3a.endpoint=http://minio:9000 --conf spark.hadoop.fs.s3a.access.key=admin --conf spark.hadoop.fs.s3a.secret.key=****** --conf spark.hadoop.fs.s3a.impl=org.apache.hadoop.fs.s3a.S3AFileSystem --conf spark.hadoop.fs.s3a.path.style.access=true --principal *** --name arrow-spark --verbose --deploy-mode client /opt/spark_job/data_transformation.py s3://raw/playlist_20250329_132856.json processed
[2025-03-30T16:48:05.900+0000] {spark_submit.py:645} INFO - /home/***/.local/lib/python3.11/site-packages/pyspark/bin/load-spark-env.sh: line 68: ps: command not found
[2025-03-30T16:48:07.616+0000] {spark_submit.py:645} INFO - Using properties file: null
[2025-03-30T16:48:07.730+0000] {spark_submit.py:645} INFO - Parsed arguments:
[2025-03-30T16:48:07.731+0000] {spark_submit.py:645} INFO - master                  spark://spark-master:7077
[2025-03-30T16:48:07.731+0000] {spark_submit.py:645} INFO - remote                  null
[2025-03-30T16:48:07.732+0000] {spark_submit.py:645} INFO - deployMode              client
[2025-03-30T16:48:07.732+0000] {spark_submit.py:645} INFO - executorMemory          512m
[2025-03-30T16:48:07.732+0000] {spark_submit.py:645} INFO - executorCores           1
[2025-03-30T16:48:07.733+0000] {spark_submit.py:645} INFO - totalExecutorCores      null
[2025-03-30T16:48:07.733+0000] {spark_submit.py:645} INFO - propertiesFile          null
[2025-03-30T16:48:07.733+0000] {spark_submit.py:645} INFO - driverMemory            null
[2025-03-30T16:48:07.733+0000] {spark_submit.py:645} INFO - driverCores             null
[2025-03-30T16:48:07.734+0000] {spark_submit.py:645} INFO - driverExtraClassPath    null
[2025-03-30T16:48:07.734+0000] {spark_submit.py:645} INFO - driverExtraLibraryPath  null
[2025-03-30T16:48:07.734+0000] {spark_submit.py:645} INFO - driverExtraJavaOptions  null
[2025-03-30T16:48:07.735+0000] {spark_submit.py:645} INFO - supervise               false
[2025-03-30T16:48:07.735+0000] {spark_submit.py:645} INFO - queue                   null
[2025-03-30T16:48:07.735+0000] {spark_submit.py:645} INFO - numExecutors            null
[2025-03-30T16:48:07.735+0000] {spark_submit.py:645} INFO - files                   null
[2025-03-30T16:48:07.736+0000] {spark_submit.py:645} INFO - pyFiles                 null
[2025-03-30T16:48:07.736+0000] {spark_submit.py:645} INFO - archives                null
[2025-03-30T16:48:07.736+0000] {spark_submit.py:645} INFO - mainClass               null
[2025-03-30T16:48:07.737+0000] {spark_submit.py:645} INFO - primaryResource         file:/opt/spark_job/data_transformation.py
[2025-03-30T16:48:07.737+0000] {spark_submit.py:645} INFO - name                    arrow-spark
[2025-03-30T16:48:07.737+0000] {spark_submit.py:645} INFO - childArgs               [s3://raw/playlist_20250329_132856.json processed]
[2025-03-30T16:48:07.738+0000] {spark_submit.py:645} INFO - jars                    /opt/spark_job/jars/aws-java-sdk-bundle-1.12.262.jar,/opt/spark_job/jars/hadoop-aws-3.3.4.jar
[2025-03-30T16:48:07.738+0000] {spark_submit.py:645} INFO - packages                null
[2025-03-30T16:48:07.738+0000] {spark_submit.py:645} INFO - packagesExclusions      null
[2025-03-30T16:48:07.739+0000] {spark_submit.py:645} INFO - repositories            null
[2025-03-30T16:48:07.739+0000] {spark_submit.py:645} INFO - verbose                 true
[2025-03-30T16:48:07.739+0000] {spark_submit.py:645} INFO - 
[2025-03-30T16:48:07.740+0000] {spark_submit.py:645} INFO - Spark properties used, including those specified through
[2025-03-30T16:48:07.740+0000] {spark_submit.py:645} INFO - --conf and those from the properties file null:
[2025-03-30T16:48:07.740+0000] {spark_submit.py:645} INFO - (spark.executor.cores,1)
[2025-03-30T16:48:07.740+0000] {spark_submit.py:645} INFO - (spark.executor.memory,512m)
[2025-03-30T16:48:07.741+0000] {spark_submit.py:645} INFO - (spark.hadoop.fs.s3a.access.key,*********(redacted))
[2025-03-30T16:48:07.741+0000] {spark_submit.py:645} INFO - (spark.hadoop.fs.s3a.endpoint,http://minio:9000)
[2025-03-30T16:48:07.742+0000] {spark_submit.py:645} INFO - (spark.hadoop.fs.s3a.impl,org.apache.hadoop.fs.s3a.S3AFileSystem)
[2025-03-30T16:48:07.742+0000] {spark_submit.py:645} INFO - (spark.hadoop.fs.s3a.path.style.access,true)
[2025-03-30T16:48:07.743+0000] {spark_submit.py:645} INFO - (spark.hadoop.fs.s3a.secret.key,*********(redacted))
[2025-03-30T16:48:07.743+0000] {spark_submit.py:645} INFO - (spark.jars,/opt/spark_job/jars/aws-java-sdk-bundle-1.12.262.jar,/opt/spark_job/jars/hadoop-aws-3.3.4.jar)
[2025-03-30T16:48:07.744+0000] {spark_submit.py:645} INFO - 
[2025-03-30T16:48:07.744+0000] {spark_submit.py:645} INFO - 
[2025-03-30T16:48:08.058+0000] {spark_submit.py:645} INFO - 25/03/30 16:48:08 WARN NativeCodeLoader: Unable to load native-hadoop library for your platform... using builtin-java classes where applicable
[2025-03-30T16:48:08.305+0000] {spark_submit.py:645} INFO - Main class:
[2025-03-30T16:48:08.306+0000] {spark_submit.py:645} INFO - org.apache.spark.deploy.PythonRunner
[2025-03-30T16:48:08.306+0000] {spark_submit.py:645} INFO - Arguments:
[2025-03-30T16:48:08.307+0000] {spark_submit.py:645} INFO - file:/opt/spark_job/data_transformation.py
[2025-03-30T16:48:08.308+0000] {spark_submit.py:645} INFO - null
[2025-03-30T16:48:08.308+0000] {spark_submit.py:645} INFO - s3://raw/playlist_20250329_132856.json
[2025-03-30T16:48:08.309+0000] {spark_submit.py:645} INFO - processed
[2025-03-30T16:48:08.309+0000] {spark_submit.py:645} INFO - Spark config:
[2025-03-30T16:48:08.310+0000] {spark_submit.py:645} INFO - (spark.app.name,arrow-spark)
[2025-03-30T16:48:08.311+0000] {spark_submit.py:645} INFO - (spark.app.submitTime,1743353288283)
[2025-03-30T16:48:08.312+0000] {spark_submit.py:645} INFO - (spark.executor.cores,1)
[2025-03-30T16:48:08.312+0000] {spark_submit.py:645} INFO - (spark.executor.memory,512m)
[2025-03-30T16:48:08.313+0000] {spark_submit.py:645} INFO - (spark.hadoop.fs.s3a.access.key,*********(redacted))
[2025-03-30T16:48:08.313+0000] {spark_submit.py:645} INFO - (spark.hadoop.fs.s3a.endpoint,http://minio:9000)
[2025-03-30T16:48:08.314+0000] {spark_submit.py:645} INFO - (spark.hadoop.fs.s3a.impl,org.apache.hadoop.fs.s3a.S3AFileSystem)
[2025-03-30T16:48:08.314+0000] {spark_submit.py:645} INFO - (spark.hadoop.fs.s3a.path.style.access,true)
[2025-03-30T16:48:08.315+0000] {spark_submit.py:645} INFO - (spark.hadoop.fs.s3a.secret.key,*********(redacted))
[2025-03-30T16:48:08.316+0000] {spark_submit.py:645} INFO - (spark.jars,file:///opt/spark_job/jars/aws-java-sdk-bundle-1.12.262.jar,file:///opt/spark_job/jars/hadoop-aws-3.3.4.jar)
[2025-03-30T16:48:08.317+0000] {spark_submit.py:645} INFO - (spark.kerberos.principal,***)
[2025-03-30T16:48:08.317+0000] {spark_submit.py:645} INFO - (spark.master,spark://spark-master:7077)
[2025-03-30T16:48:08.318+0000] {spark_submit.py:645} INFO - (spark.repl.local.jars,file:///opt/spark_job/jars/aws-java-sdk-bundle-1.12.262.jar,file:///opt/spark_job/jars/hadoop-aws-3.3.4.jar)
[2025-03-30T16:48:08.318+0000] {spark_submit.py:645} INFO - (spark.submit.deployMode,client)
[2025-03-30T16:48:08.319+0000] {spark_submit.py:645} INFO - (spark.submit.pyFiles,)
[2025-03-30T16:48:08.319+0000] {spark_submit.py:645} INFO - Classpath elements:
[2025-03-30T16:48:08.320+0000] {spark_submit.py:645} INFO - file:///opt/spark_job/jars/aws-java-sdk-bundle-1.12.262.jar
[2025-03-30T16:48:08.320+0000] {spark_submit.py:645} INFO - file:///opt/spark_job/jars/hadoop-aws-3.3.4.jar
[2025-03-30T16:48:08.321+0000] {spark_submit.py:645} INFO - 
[2025-03-30T16:48:08.321+0000] {spark_submit.py:645} INFO - 
[2025-03-30T16:48:09.137+0000] {spark_submit.py:645} INFO - 2025-03-30 16:48:09,136 - INFO - Iniciando a configuração da Spark Session
[2025-03-30T16:48:10.202+0000] {spark_submit.py:645} INFO - 25/03/30 16:48:10 INFO SparkContext: Running Spark version 3.5.5
[2025-03-30T16:48:10.203+0000] {spark_submit.py:645} INFO - 25/03/30 16:48:10 INFO SparkContext: OS info Linux, 5.15.153.1-microsoft-standard-WSL2, amd64
[2025-03-30T16:48:10.203+0000] {spark_submit.py:645} INFO - 25/03/30 16:48:10 INFO SparkContext: Java version 17.0.14
[2025-03-30T16:48:10.231+0000] {spark_submit.py:645} INFO - 25/03/30 16:48:10 INFO ResourceUtils: ==============================================================
[2025-03-30T16:48:10.231+0000] {spark_submit.py:645} INFO - 25/03/30 16:48:10 INFO ResourceUtils: No custom resources configured for spark.driver.
[2025-03-30T16:48:10.232+0000] {spark_submit.py:645} INFO - 25/03/30 16:48:10 INFO ResourceUtils: ==============================================================
[2025-03-30T16:48:10.232+0000] {spark_submit.py:645} INFO - 25/03/30 16:48:10 INFO SparkContext: Submitted application: Minio Integration with PySpark
[2025-03-30T16:48:10.255+0000] {spark_submit.py:645} INFO - 25/03/30 16:48:10 INFO ResourceProfile: Default ResourceProfile created, executor resources: Map(cores -> name: cores, amount: 1, script: , vendor: , memory -> name: memory, amount: 512, script: , vendor: , offHeap -> name: offHeap, amount: 0, script: , vendor: ), task resources: Map(cpus -> name: cpus, amount: 1.0)
[2025-03-30T16:48:10.266+0000] {spark_submit.py:645} INFO - 25/03/30 16:48:10 INFO ResourceProfile: Limiting resource is cpus at 1 tasks per executor
[2025-03-30T16:48:10.268+0000] {spark_submit.py:645} INFO - 25/03/30 16:48:10 INFO ResourceProfileManager: Added ResourceProfile id: 0
[2025-03-30T16:48:10.325+0000] {spark_submit.py:645} INFO - 25/03/30 16:48:10 INFO SecurityManager: Changing view acls to: ***
[2025-03-30T16:48:10.327+0000] {spark_submit.py:645} INFO - 25/03/30 16:48:10 INFO SecurityManager: Changing modify acls to: ***
[2025-03-30T16:48:10.330+0000] {spark_submit.py:645} INFO - 25/03/30 16:48:10 INFO SecurityManager: Changing view acls groups to:
[2025-03-30T16:48:10.333+0000] {spark_submit.py:645} INFO - 25/03/30 16:48:10 INFO SecurityManager: Changing modify acls groups to:
[2025-03-30T16:48:10.337+0000] {spark_submit.py:645} INFO - 25/03/30 16:48:10 INFO SecurityManager: SecurityManager: authentication disabled; ui acls disabled; users with view permissions: ***; groups with view permissions: EMPTY; users with modify permissions: ***; groups with modify permissions: EMPTY
[2025-03-30T16:48:10.605+0000] {spark_submit.py:645} INFO - 25/03/30 16:48:10 INFO Utils: Successfully started service 'sparkDriver' on port 46629.
[2025-03-30T16:48:10.674+0000] {spark_submit.py:645} INFO - 25/03/30 16:48:10 INFO SparkEnv: Registering MapOutputTracker
[2025-03-30T16:48:10.742+0000] {spark_submit.py:645} INFO - 25/03/30 16:48:10 INFO SparkEnv: Registering BlockManagerMaster
[2025-03-30T16:48:10.761+0000] {spark_submit.py:645} INFO - 25/03/30 16:48:10 INFO BlockManagerMasterEndpoint: Using org.apache.spark.storage.DefaultTopologyMapper for getting topology information
[2025-03-30T16:48:10.763+0000] {spark_submit.py:645} INFO - 25/03/30 16:48:10 INFO BlockManagerMasterEndpoint: BlockManagerMasterEndpoint up
[2025-03-30T16:48:10.767+0000] {spark_submit.py:645} INFO - 25/03/30 16:48:10 INFO SparkEnv: Registering BlockManagerMasterHeartbeat
[2025-03-30T16:48:10.788+0000] {spark_submit.py:645} INFO - 25/03/30 16:48:10 INFO DiskBlockManager: Created local directory at /tmp/blockmgr-8c74a2d6-1356-488a-ba3b-3bd2f64caef9
[2025-03-30T16:48:10.803+0000] {spark_submit.py:645} INFO - 25/03/30 16:48:10 INFO MemoryStore: MemoryStore started with capacity 434.4 MiB
[2025-03-30T16:48:10.817+0000] {spark_submit.py:645} INFO - 25/03/30 16:48:10 INFO SparkEnv: Registering OutputCommitCoordinator
[2025-03-30T16:48:10.984+0000] {spark_submit.py:645} INFO - 25/03/30 16:48:10 INFO JettyUtils: Start Jetty 0.0.0.0:4040 for SparkUI
[2025-03-30T16:48:11.065+0000] {spark_submit.py:645} INFO - 25/03/30 16:48:11 INFO Utils: Successfully started service 'SparkUI' on port 4040.
[2025-03-30T16:48:11.104+0000] {spark_submit.py:645} INFO - 25/03/30 16:48:11 INFO SparkContext: Added JAR file:///opt/spark_job/jars/aws-java-sdk-bundle-1.12.262.jar at spark://0078b745cbba:46629/jars/aws-java-sdk-bundle-1.12.262.jar with timestamp 1743353290195
[2025-03-30T16:48:11.105+0000] {spark_submit.py:645} INFO - 25/03/30 16:48:11 INFO SparkContext: Added JAR file:///opt/spark_job/jars/hadoop-aws-3.3.4.jar at spark://0078b745cbba:46629/jars/hadoop-aws-3.3.4.jar with timestamp 1743353290195
[2025-03-30T16:48:11.191+0000] {spark_submit.py:645} INFO - 25/03/30 16:48:11 INFO StandaloneAppClient$ClientEndpoint: Connecting to master spark://spark-master:7077...
[2025-03-30T16:48:11.245+0000] {spark_submit.py:645} INFO - 25/03/30 16:48:11 INFO TransportClientFactory: Successfully created connection to spark-master/172.18.0.7:7077 after 30 ms (0 ms spent in bootstraps)
[2025-03-30T16:48:12.134+0000] {spark_submit.py:645} INFO - 25/03/30 16:48:12 INFO StandaloneSchedulerBackend: Connected to Spark cluster with app ID app-20250330164811-0008
[2025-03-30T16:48:12.226+0000] {spark_submit.py:645} INFO - 25/03/30 16:48:12 INFO StandaloneAppClient$ClientEndpoint: Executor added: app-20250330164811-0008/0 on worker-20250330161211-172.18.0.5-39215 (172.18.0.5:39215) with 1 core(s)
[2025-03-30T16:48:12.226+0000] {spark_submit.py:645} INFO - 25/03/30 16:48:12 INFO StandaloneSchedulerBackend: Granted executor ID app-20250330164811-0008/0 on hostPort 172.18.0.5:39215 with 1 core(s), 512.0 MiB RAM
[2025-03-30T16:48:12.227+0000] {spark_submit.py:645} INFO - 25/03/30 16:48:12 INFO StandaloneAppClient$ClientEndpoint: Executor added: app-20250330164811-0008/1 on worker-20250330161211-172.18.0.5-39215 (172.18.0.5:39215) with 1 core(s)
[2025-03-30T16:48:12.228+0000] {spark_submit.py:645} INFO - 25/03/30 16:48:12 INFO StandaloneSchedulerBackend: Granted executor ID app-20250330164811-0008/1 on hostPort 172.18.0.5:39215 with 1 core(s), 512.0 MiB RAM
[2025-03-30T16:48:12.229+0000] {spark_submit.py:645} INFO - 25/03/30 16:48:12 INFO StandaloneAppClient$ClientEndpoint: Executor added: app-20250330164811-0008/2 on worker-20250330161211-172.18.0.6-45483 (172.18.0.6:45483) with 1 core(s)
[2025-03-30T16:48:12.229+0000] {spark_submit.py:645} INFO - 25/03/30 16:48:12 INFO StandaloneSchedulerBackend: Granted executor ID app-20250330164811-0008/2 on hostPort 172.18.0.6:45483 with 1 core(s), 512.0 MiB RAM
[2025-03-30T16:48:12.247+0000] {spark_submit.py:645} INFO - 25/03/30 16:48:12 INFO StandaloneAppClient$ClientEndpoint: Executor added: app-20250330164811-0008/3 on worker-20250330161211-172.18.0.6-45483 (172.18.0.6:45483) with 1 core(s)
[2025-03-30T16:48:12.276+0000] {spark_submit.py:645} INFO - 25/03/30 16:48:12 INFO StandaloneSchedulerBackend: Granted executor ID app-20250330164811-0008/3 on hostPort 172.18.0.6:45483 with 1 core(s), 512.0 MiB RAM
[2025-03-30T16:48:12.277+0000] {spark_submit.py:645} INFO - 25/03/30 16:48:12 INFO Utils: Successfully started service 'org.apache.spark.network.netty.NettyBlockTransferService' on port 45897.
[2025-03-30T16:48:12.278+0000] {spark_submit.py:645} INFO - 25/03/30 16:48:12 INFO NettyBlockTransferService: Server created on 0078b745cbba:45897
[2025-03-30T16:48:12.326+0000] {spark_submit.py:645} INFO - 25/03/30 16:48:12 INFO BlockManager: Using org.apache.spark.storage.RandomBlockReplicationPolicy for block replication policy
[2025-03-30T16:48:12.327+0000] {spark_submit.py:645} INFO - 25/03/30 16:48:12 INFO BlockManagerMaster: Registering BlockManager BlockManagerId(driver, 0078b745cbba, 45897, None)
[2025-03-30T16:48:12.327+0000] {spark_submit.py:645} INFO - 25/03/30 16:48:12 INFO BlockManagerMasterEndpoint: Registering block manager 0078b745cbba:45897 with 434.4 MiB RAM, BlockManagerId(driver, 0078b745cbba, 45897, None)
[2025-03-30T16:48:12.329+0000] {spark_submit.py:645} INFO - 25/03/30 16:48:12 INFO BlockManagerMaster: Registered BlockManager BlockManagerId(driver, 0078b745cbba, 45897, None)
[2025-03-30T16:48:12.331+0000] {spark_submit.py:645} INFO - 25/03/30 16:48:12 INFO BlockManager: Initialized BlockManager: BlockManagerId(driver, 0078b745cbba, 45897, None)
[2025-03-30T16:48:13.412+0000] {spark_submit.py:645} INFO - 25/03/30 16:48:13 INFO StandaloneAppClient$ClientEndpoint: Executor updated: app-20250330164811-0008/1 is now RUNNING
[2025-03-30T16:48:13.421+0000] {spark_submit.py:645} INFO - 25/03/30 16:48:13 INFO StandaloneAppClient$ClientEndpoint: Executor updated: app-20250330164811-0008/2 is now RUNNING
[2025-03-30T16:48:13.453+0000] {spark_submit.py:645} INFO - 25/03/30 16:48:13 INFO StandaloneSchedulerBackend: SchedulerBackend is ready for scheduling beginning after reached minRegisteredResourcesRatio: 0.0
[2025-03-30T16:48:13.515+0000] {spark_submit.py:645} INFO - 25/03/30 16:48:13 INFO StandaloneAppClient$ClientEndpoint: Executor updated: app-20250330164811-0008/0 is now RUNNING
[2025-03-30T16:48:13.854+0000] {spark_submit.py:645} INFO - 25/03/30 16:48:13 INFO StandaloneAppClient$ClientEndpoint: Executor updated: app-20250330164811-0008/3 is now RUNNING
[2025-03-30T16:48:14.099+0000] {spark_submit.py:645} INFO - 2025-03-30 16:48:14,099 - INFO - Spark Session criada com sucesso
[2025-03-30T16:48:14.101+0000] {spark_submit.py:645} INFO - 2025-03-30 16:48:14,099 - INFO - Leitura iniciada !!!!!!.
[2025-03-30T16:48:14.110+0000] {spark_submit.py:645} INFO - 25/03/30 16:48:14 INFO SharedState: Setting hive.metastore.warehouse.dir ('null') to the value of spark.sql.warehouse.dir.
[2025-03-30T16:48:14.147+0000] {spark_submit.py:645} INFO - 25/03/30 16:48:14 INFO SharedState: Warehouse path is 'file:/opt/spark-warehouse'.
[2025-03-30T16:48:17.571+0000] {spark_submit.py:645} INFO - 25/03/30 16:48:17 WARN MetricsConfig: Cannot locate configuration: tried hadoop-metrics2-s3a-file-system.properties,hadoop-metrics2.properties
[2025-03-30T16:48:17.611+0000] {spark_submit.py:645} INFO - 25/03/30 16:48:17 INFO MetricsSystemImpl: Scheduled Metric snapshot period at 10 second(s).
[2025-03-30T16:48:17.612+0000] {spark_submit.py:645} INFO - 25/03/30 16:48:17 INFO MetricsSystemImpl: s3a-file-system metrics system started
[2025-03-30T16:48:21.557+0000] {spark_submit.py:645} INFO - 25/03/30 16:48:21 INFO InMemoryFileIndex: It took 119 ms to list leaf files for 1 paths.
[2025-03-30T16:48:21.931+0000] {spark_submit.py:645} INFO - 25/03/30 16:48:21 INFO MemoryStore: Block broadcast_0 stored as values in memory (estimated size 209.2 KiB, free 434.2 MiB)
[2025-03-30T16:48:22.064+0000] {spark_submit.py:645} INFO - 25/03/30 16:48:22 INFO MemoryStore: Block broadcast_0_piece0 stored as bytes in memory (estimated size 35.5 KiB, free 434.2 MiB)
[2025-03-30T16:48:22.078+0000] {spark_submit.py:645} INFO - 25/03/30 16:48:22 INFO BlockManagerInfo: Added broadcast_0_piece0 in memory on 0078b745cbba:45897 (size: 35.5 KiB, free: 434.4 MiB)
[2025-03-30T16:48:22.082+0000] {spark_submit.py:645} INFO - 25/03/30 16:48:22 INFO SparkContext: Created broadcast 0 from json at NativeMethodAccessorImpl.java:0
[2025-03-30T16:48:23.353+0000] {spark_submit.py:645} INFO - 25/03/30 16:48:23 INFO FileInputFormat: Total input files to process : 1
[2025-03-30T16:48:23.431+0000] {spark_submit.py:645} INFO - 25/03/30 16:48:23 INFO FileInputFormat: Total input files to process : 1
[2025-03-30T16:48:23.464+0000] {spark_submit.py:645} INFO - 25/03/30 16:48:23 INFO SparkContext: Starting job: json at NativeMethodAccessorImpl.java:0
[2025-03-30T16:48:23.521+0000] {spark_submit.py:645} INFO - 25/03/30 16:48:23 INFO DAGScheduler: Got job 0 (json at NativeMethodAccessorImpl.java:0) with 1 output partitions
[2025-03-30T16:48:23.522+0000] {spark_submit.py:645} INFO - 25/03/30 16:48:23 INFO DAGScheduler: Final stage: ResultStage 0 (json at NativeMethodAccessorImpl.java:0)
[2025-03-30T16:48:23.522+0000] {spark_submit.py:645} INFO - 25/03/30 16:48:23 INFO DAGScheduler: Parents of final stage: List()
[2025-03-30T16:48:23.537+0000] {spark_submit.py:645} INFO - 25/03/30 16:48:23 INFO DAGScheduler: Missing parents: List()
[2025-03-30T16:48:23.541+0000] {spark_submit.py:645} INFO - 25/03/30 16:48:23 INFO DAGScheduler: Submitting ResultStage 0 (MapPartitionsRDD[2] at json at NativeMethodAccessorImpl.java:0), which has no missing parents
[2025-03-30T16:48:23.679+0000] {spark_submit.py:645} INFO - 25/03/30 16:48:23 INFO MemoryStore: Block broadcast_1 stored as values in memory (estimated size 9.3 KiB, free 434.2 MiB)
[2025-03-30T16:48:23.703+0000] {spark_submit.py:645} INFO - 25/03/30 16:48:23 INFO MemoryStore: Block broadcast_1_piece0 stored as bytes in memory (estimated size 5.0 KiB, free 434.1 MiB)
[2025-03-30T16:48:23.704+0000] {spark_submit.py:645} INFO - 25/03/30 16:48:23 INFO BlockManagerInfo: Added broadcast_1_piece0 in memory on 0078b745cbba:45897 (size: 5.0 KiB, free: 434.4 MiB)
[2025-03-30T16:48:23.707+0000] {spark_submit.py:645} INFO - 25/03/30 16:48:23 INFO SparkContext: Created broadcast 1 from broadcast at DAGScheduler.scala:1585
[2025-03-30T16:48:23.756+0000] {spark_submit.py:645} INFO - 25/03/30 16:48:23 INFO DAGScheduler: Submitting 1 missing tasks from ResultStage 0 (MapPartitionsRDD[2] at json at NativeMethodAccessorImpl.java:0) (first 15 tasks are for partitions Vector(0))
[2025-03-30T16:48:23.756+0000] {spark_submit.py:645} INFO - 25/03/30 16:48:23 INFO TaskSchedulerImpl: Adding task set 0.0 with 1 tasks resource profile 0
[2025-03-30T16:48:24.346+0000] {spark_submit.py:645} INFO - 25/03/30 16:48:24 INFO StandaloneSchedulerBackend$StandaloneDriverEndpoint: Registered executor NettyRpcEndpointRef(spark-client://Executor) (172.18.0.5:34852) with ID 1,  ResourceProfileId 0
[2025-03-30T16:48:24.571+0000] {spark_submit.py:645} INFO - 25/03/30 16:48:24 INFO StandaloneSchedulerBackend$StandaloneDriverEndpoint: Registered executor NettyRpcEndpointRef(spark-client://Executor) (172.18.0.5:34846) with ID 0,  ResourceProfileId 0
[2025-03-30T16:48:24.572+0000] {spark_submit.py:645} INFO - 25/03/30 16:48:24 INFO BlockManagerMasterEndpoint: Registering block manager 172.18.0.5:35299 with 127.2 MiB RAM, BlockManagerId(0, 172.18.0.5, 35299, None)
[2025-03-30T16:48:24.584+0000] {spark_submit.py:645} INFO - 25/03/30 16:48:24 INFO BlockManagerMasterEndpoint: Registering block manager 172.18.0.5:41813 with 127.2 MiB RAM, BlockManagerId(1, 172.18.0.5, 41813, None)
[2025-03-30T16:48:24.827+0000] {spark_submit.py:645} INFO - 25/03/30 16:48:24 INFO StandaloneSchedulerBackend$StandaloneDriverEndpoint: Registered executor NettyRpcEndpointRef(spark-client://Executor) (172.18.0.6:45494) with ID 3,  ResourceProfileId 0
[2025-03-30T16:48:25.093+0000] {spark_submit.py:645} INFO - 25/03/30 16:48:25 INFO StandaloneSchedulerBackend$StandaloneDriverEndpoint: Registered executor NettyRpcEndpointRef(spark-client://Executor) (172.18.0.6:45504) with ID 2,  ResourceProfileId 0
[2025-03-30T16:48:25.530+0000] {spark_submit.py:645} INFO - 25/03/30 16:48:25 INFO BlockManagerMasterEndpoint: Registering block manager 172.18.0.6:32945 with 127.2 MiB RAM, BlockManagerId(3, 172.18.0.6, 32945, None)
[2025-03-30T16:48:25.531+0000] {spark_submit.py:645} INFO - 25/03/30 16:48:25 INFO BlockManagerMasterEndpoint: Registering block manager 172.18.0.6:37811 with 127.2 MiB RAM, BlockManagerId(2, 172.18.0.6, 37811, None)
[2025-03-30T16:49:22.835+0000] {spark_submit.py:645} INFO - 25/03/30 16:49:22 INFO TaskSetManager: Starting task 0.0 in stage 0.0 (TID 0) (172.18.0.5, executor 0, partition 0, PROCESS_LOCAL, 9420 bytes)
[2025-03-30T16:49:27.530+0000] {spark_submit.py:645} INFO - 25/03/30 16:49:27 INFO BlockManagerInfo: Added broadcast_1_piece0 in memory on 172.18.0.5:35299 (size: 5.0 KiB, free: 127.2 MiB)
[2025-03-30T16:49:34.424+0000] {spark_submit.py:645} INFO - 25/03/30 16:49:34 INFO BlockManagerInfo: Added broadcast_0_piece0 in memory on 172.18.0.5:35299 (size: 35.5 KiB, free: 127.2 MiB)
[2025-03-30T16:50:01.249+0000] {spark_submit.py:645} INFO - 25/03/30 16:50:01 INFO TaskSetManager: Finished task 0.0 in stage 0.0 (TID 0) in 38929 ms on 172.18.0.5 (executor 0) (1/1)
[2025-03-30T16:50:01.251+0000] {spark_submit.py:645} INFO - 25/03/30 16:50:01 INFO TaskSchedulerImpl: Removed TaskSet 0.0, whose tasks have all completed, from pool
[2025-03-30T16:50:01.261+0000] {spark_submit.py:645} INFO - 25/03/30 16:50:01 INFO DAGScheduler: ResultStage 0 (json at NativeMethodAccessorImpl.java:0) finished in 97.683 s
[2025-03-30T16:50:01.265+0000] {spark_submit.py:645} INFO - 25/03/30 16:50:01 INFO DAGScheduler: Job 0 is finished. Cancelling potential speculative or zombie tasks for this job
[2025-03-30T16:50:01.266+0000] {spark_submit.py:645} INFO - 25/03/30 16:50:01 INFO TaskSchedulerImpl: Killing all running tasks in stage 0: Stage finished
[2025-03-30T16:50:01.281+0000] {spark_submit.py:645} INFO - 25/03/30 16:50:01 INFO DAGScheduler: Job 0 finished: json at NativeMethodAccessorImpl.java:0, took 98.746780 s
[2025-03-30T16:50:02.011+0000] {spark_submit.py:645} INFO - 25/03/30 16:50:02 INFO BlockManagerInfo: Removed broadcast_1_piece0 on 0078b745cbba:45897 in memory (size: 5.0 KiB, free: 434.4 MiB)
[2025-03-30T16:50:02.039+0000] {spark_submit.py:645} INFO - 25/03/30 16:50:02 INFO BlockManagerInfo: Removed broadcast_1_piece0 on 172.18.0.5:35299 in memory (size: 5.0 KiB, free: 127.2 MiB)
[2025-03-30T16:50:02.279+0000] {spark_submit.py:645} INFO - 2025-03-30 16:50:02,279 - INFO - Leitura finalizada !!!!!!!.
[2025-03-30T16:50:02.280+0000] {spark_submit.py:645} INFO - 2025-03-30 16:50:02,279 - INFO - Processo de transformação iniciada.
[2025-03-30T16:50:02.591+0000] {spark_submit.py:645} INFO - root
[2025-03-30T16:50:02.594+0000] {spark_submit.py:645} INFO - |-- artist_id: string (nullable = true)
[2025-03-30T16:50:02.595+0000] {spark_submit.py:645} INFO - |-- artist_name: string (nullable = true)
[2025-03-30T16:50:02.595+0000] {spark_submit.py:645} INFO - |-- external_url: string (nullable = true)
[2025-03-30T16:50:02.596+0000] {spark_submit.py:645} INFO - 
[2025-03-30T16:50:02.596+0000] {spark_submit.py:645} INFO - None
[2025-03-30T16:50:02.596+0000] {spark_submit.py:645} INFO - 2025-03-30 16:50:02,591 - INFO - Processo finalizado.
[2025-03-30T16:50:02.597+0000] {spark_submit.py:645} INFO - 25/03/30 16:50:02 INFO SparkContext: SparkContext is stopping with exitCode 0.
[2025-03-30T16:50:02.608+0000] {spark_submit.py:645} INFO - 25/03/30 16:50:02 INFO SparkUI: Stopped Spark web UI at http://0078b745cbba:4040
[2025-03-30T16:50:02.613+0000] {spark_submit.py:645} INFO - 25/03/30 16:50:02 INFO StandaloneSchedulerBackend: Shutting down all executors
[2025-03-30T16:50:02.613+0000] {spark_submit.py:645} INFO - 25/03/30 16:50:02 INFO StandaloneSchedulerBackend$StandaloneDriverEndpoint: Asking each executor to shut down
[2025-03-30T16:50:02.768+0000] {spark_submit.py:645} INFO - 25/03/30 16:50:02 INFO MapOutputTrackerMasterEndpoint: MapOutputTrackerMasterEndpoint stopped!
[2025-03-30T16:50:02.978+0000] {spark_submit.py:645} INFO - 25/03/30 16:50:02 INFO MemoryStore: MemoryStore cleared
[2025-03-30T16:50:02.980+0000] {spark_submit.py:645} INFO - 25/03/30 16:50:02 INFO BlockManager: BlockManager stopped
[2025-03-30T16:50:02.996+0000] {spark_submit.py:645} INFO - 25/03/30 16:50:02 INFO BlockManagerMaster: BlockManagerMaster stopped
[2025-03-30T16:50:03.003+0000] {spark_submit.py:645} INFO - 25/03/30 16:50:03 INFO OutputCommitCoordinator$OutputCommitCoordinatorEndpoint: OutputCommitCoordinator stopped!
[2025-03-30T16:50:03.158+0000] {spark_submit.py:645} INFO - 25/03/30 16:50:03 INFO SparkContext: Successfully stopped SparkContext
[2025-03-30T16:50:03.589+0000] {spark_submit.py:645} INFO - 2025-03-30 16:50:03,569 - INFO - Closing down clientserver connection
[2025-03-30T16:50:03.635+0000] {spark_submit.py:645} INFO - 25/03/30 16:50:03 INFO ShutdownHookManager: Shutdown hook called
[2025-03-30T16:50:03.635+0000] {spark_submit.py:645} INFO - 25/03/30 16:50:03 INFO ShutdownHookManager: Deleting directory /tmp/spark-782f1785-accf-4b1e-9659-e82eb0de84f2
[2025-03-30T16:50:03.678+0000] {spark_submit.py:645} INFO - 25/03/30 16:50:03 INFO ShutdownHookManager: Deleting directory /tmp/spark-782f1785-accf-4b1e-9659-e82eb0de84f2/pyspark-39d0ed31-278d-4a0d-9cde-432c0c4835e6
[2025-03-30T16:50:03.714+0000] {spark_submit.py:645} INFO - 25/03/30 16:50:03 INFO ShutdownHookManager: Deleting directory /tmp/spark-b09a765d-7832-4b68-9862-ea658ff40158
[2025-03-30T16:50:03.779+0000] {spark_submit.py:645} INFO - 25/03/30 16:50:03 INFO MetricsSystemImpl: Stopping s3a-file-system metrics system...
[2025-03-30T16:50:03.780+0000] {spark_submit.py:645} INFO - 25/03/30 16:50:03 INFO MetricsSystemImpl: s3a-file-system metrics system stopped.
[2025-03-30T16:50:03.781+0000] {spark_submit.py:645} INFO - 25/03/30 16:50:03 INFO MetricsSystemImpl: s3a-file-system metrics system shutdown complete.
[2025-03-30T16:50:03.845+0000] {python.py:237} INFO - Done. Returned value was: None
[2025-03-30T16:50:03.845+0000] {taskinstance.py:441} INFO - ::group::Post task execution logs
[2025-03-30T16:50:03.862+0000] {taskinstance.py:1206} INFO - Marking task as SUCCESS. dag_id=etl_pipeline, task_id=transformation, run_id=manual__2025-03-26T13:33:39.761724+00:00, execution_date=20250326T133339, start_date=20250330T164804, end_date=20250330T165003
[2025-03-30T16:50:04.026+0000] {local_task_job_runner.py:240} INFO - Task exited with return code 0
[2025-03-30T16:50:04.051+0000] {taskinstance.py:3503} INFO - 0 downstream tasks scheduled from follow-on schedule check
[2025-03-30T16:50:04.120+0000] {local_task_job_runner.py:222} INFO - ::endgroup::
