[2025-03-30T16:14:47.984+0000] {local_task_job_runner.py:120} INFO - ::group::Pre task execution logs
[2025-03-30T16:14:48.022+0000] {taskinstance.py:2076} INFO - Dependencies all met for dep_context=non-requeueable deps ti=<TaskInstance: etl_pipeline.transformation manual__2025-03-26T13:33:39.761724+00:00 [queued]>
[2025-03-30T16:14:48.032+0000] {taskinstance.py:2076} INFO - Dependencies all met for dep_context=requeueable deps ti=<TaskInstance: etl_pipeline.transformation manual__2025-03-26T13:33:39.761724+00:00 [queued]>
[2025-03-30T16:14:48.033+0000] {taskinstance.py:2306} INFO - Starting attempt 56 of 57
[2025-03-30T16:14:48.083+0000] {taskinstance.py:2330} INFO - Executing <Task(PythonOperator): transformation> on 2025-03-26 13:33:39.761724+00:00
[2025-03-30T16:14:48.088+0000] {standard_task_runner.py:63} INFO - Started process 250 to run task
[2025-03-30T16:14:48.091+0000] {standard_task_runner.py:90} INFO - Running: ['***', 'tasks', 'run', 'etl_pipeline', 'transformation', 'manual__2025-03-26T13:33:39.761724+00:00', '--job-id', '104', '--raw', '--subdir', 'DAGS_FOLDER/etl_pipeline.py', '--cfg-path', '/tmp/tmpyrj1hyiz']
[2025-03-30T16:14:48.093+0000] {standard_task_runner.py:91} INFO - Job 104: Subtask transformation
[2025-03-30T16:14:48.171+0000] {task_command.py:426} INFO - Running <TaskInstance: etl_pipeline.transformation manual__2025-03-26T13:33:39.761724+00:00 [running]> on host 0078b745cbba
[2025-03-30T16:14:48.387+0000] {taskinstance.py:2648} INFO - Exporting env vars: AIRFLOW_CTX_DAG_OWNER='lobobranco' AIRFLOW_CTX_DAG_ID='etl_pipeline' AIRFLOW_CTX_TASK_ID='transformation' AIRFLOW_CTX_EXECUTION_DATE='2025-03-26T13:33:39.761724+00:00' AIRFLOW_CTX_TRY_NUMBER='56' AIRFLOW_CTX_DAG_RUN_ID='manual__2025-03-26T13:33:39.761724+00:00'
[2025-03-30T16:14:48.388+0000] {taskinstance.py:430} INFO - ::endgroup::
[2025-03-30T16:14:48.510+0000] {etl_pipeline.py:76} INFO - Transforming data from file: s3://raw/playlist_20250329_132856.json
[2025-03-30T16:14:48.511+0000] {logging_mixin.py:188} INFO - File Path: s3://raw/playlist_20250329_132856.json
[2025-03-30T16:14:48.512+0000] {logging_mixin.py:188} INFO - Processed Bucket: processed
[2025-03-30T16:14:48.513+0000] {baseoperator.py:400} WARNING - SparkSubmitOperator.execute cannot be called outside TaskInstance!
[2025-03-30T16:14:48.526+0000] {base.py:84} INFO - Using connection ID 'spark_default' for task execution.
[2025-03-30T16:14:48.527+0000] {spark_submit.py:328} ERROR - Failed to decode base64 keytab: Incorrect padding
[2025-03-30T16:14:48.528+0000] {spark_submit.py:305} INFO - Could not load connection string spark_default, defaulting to spark://spark-master:7077
[2025-03-30T16:14:48.529+0000] {spark_submit.py:474} INFO - Spark-Submit cmd: spark-submit --master spark://spark-master:7077 --conf spark.executor.memory=512m --conf spark.executor.cores=1 --conf spark.jars=/opt/spark_job/jars/aws-java-sdk-bundle-1.12.262.jar,/opt/spark_job/jars/hadoop-aws-3.3.4.jar --conf spark.hadoop.fs.s3a.endpoint=http://minio:9000 --conf spark.hadoop.fs.s3a.access.key=admin --conf spark.hadoop.fs.s3a.secret.key=****** --conf spark.hadoop.fs.s3a.impl=org.apache.hadoop.fs.s3a.S3AFileSystem --conf spark.hadoop.fs.s3a.path.style.access=true --principal *** --name arrow-spark --verbose --deploy-mode client /opt/spark_job/data_transformation.py s3://raw/playlist_20250329_132856.json processed
[2025-03-30T16:14:49.364+0000] {spark_submit.py:645} INFO - /home/***/.local/lib/python3.11/site-packages/pyspark/bin/load-spark-env.sh: line 68: ps: command not found
[2025-03-30T16:15:03.734+0000] {spark_submit.py:645} INFO - Using properties file: null
[2025-03-30T16:15:04.013+0000] {spark_submit.py:645} INFO - Parsed arguments:
[2025-03-30T16:15:04.014+0000] {spark_submit.py:645} INFO - master                  spark://spark-master:7077
[2025-03-30T16:15:04.014+0000] {spark_submit.py:645} INFO - remote                  null
[2025-03-30T16:15:04.015+0000] {spark_submit.py:645} INFO - deployMode              client
[2025-03-30T16:15:04.016+0000] {spark_submit.py:645} INFO - executorMemory          512m
[2025-03-30T16:15:04.016+0000] {spark_submit.py:645} INFO - executorCores           1
[2025-03-30T16:15:04.017+0000] {spark_submit.py:645} INFO - totalExecutorCores      null
[2025-03-30T16:15:04.017+0000] {spark_submit.py:645} INFO - propertiesFile          null
[2025-03-30T16:15:04.018+0000] {spark_submit.py:645} INFO - driverMemory            null
[2025-03-30T16:15:04.018+0000] {spark_submit.py:645} INFO - driverCores             null
[2025-03-30T16:15:04.019+0000] {spark_submit.py:645} INFO - driverExtraClassPath    null
[2025-03-30T16:15:04.019+0000] {spark_submit.py:645} INFO - driverExtraLibraryPath  null
[2025-03-30T16:15:04.020+0000] {spark_submit.py:645} INFO - driverExtraJavaOptions  null
[2025-03-30T16:15:04.021+0000] {spark_submit.py:645} INFO - supervise               false
[2025-03-30T16:15:04.022+0000] {spark_submit.py:645} INFO - queue                   null
[2025-03-30T16:15:04.023+0000] {spark_submit.py:645} INFO - numExecutors            null
[2025-03-30T16:15:04.023+0000] {spark_submit.py:645} INFO - files                   null
[2025-03-30T16:15:04.024+0000] {spark_submit.py:645} INFO - pyFiles                 null
[2025-03-30T16:15:04.025+0000] {spark_submit.py:645} INFO - archives                null
[2025-03-30T16:15:04.026+0000] {spark_submit.py:645} INFO - mainClass               null
[2025-03-30T16:15:04.026+0000] {spark_submit.py:645} INFO - primaryResource         file:/opt/spark_job/data_transformation.py
[2025-03-30T16:15:04.027+0000] {spark_submit.py:645} INFO - name                    arrow-spark
[2025-03-30T16:15:04.028+0000] {spark_submit.py:645} INFO - childArgs               [s3://raw/playlist_20250329_132856.json processed]
[2025-03-30T16:15:04.028+0000] {spark_submit.py:645} INFO - jars                    /opt/spark_job/jars/aws-java-sdk-bundle-1.12.262.jar,/opt/spark_job/jars/hadoop-aws-3.3.4.jar
[2025-03-30T16:15:04.029+0000] {spark_submit.py:645} INFO - packages                null
[2025-03-30T16:15:04.029+0000] {spark_submit.py:645} INFO - packagesExclusions      null
[2025-03-30T16:15:04.030+0000] {spark_submit.py:645} INFO - repositories            null
[2025-03-30T16:15:04.030+0000] {spark_submit.py:645} INFO - verbose                 true
[2025-03-30T16:15:04.031+0000] {spark_submit.py:645} INFO - 
[2025-03-30T16:15:04.031+0000] {spark_submit.py:645} INFO - Spark properties used, including those specified through
[2025-03-30T16:15:04.032+0000] {spark_submit.py:645} INFO - --conf and those from the properties file null:
[2025-03-30T16:15:04.032+0000] {spark_submit.py:645} INFO - (spark.executor.cores,1)
[2025-03-30T16:15:04.033+0000] {spark_submit.py:645} INFO - (spark.executor.memory,512m)
[2025-03-30T16:15:04.033+0000] {spark_submit.py:645} INFO - (spark.hadoop.fs.s3a.access.key,*********(redacted))
[2025-03-30T16:15:04.034+0000] {spark_submit.py:645} INFO - (spark.hadoop.fs.s3a.endpoint,http://minio:9000)
[2025-03-30T16:15:04.034+0000] {spark_submit.py:645} INFO - (spark.hadoop.fs.s3a.impl,org.apache.hadoop.fs.s3a.S3AFileSystem)
[2025-03-30T16:15:04.034+0000] {spark_submit.py:645} INFO - (spark.hadoop.fs.s3a.path.style.access,true)
[2025-03-30T16:15:04.035+0000] {spark_submit.py:645} INFO - (spark.hadoop.fs.s3a.secret.key,*********(redacted))
[2025-03-30T16:15:04.035+0000] {spark_submit.py:645} INFO - (spark.jars,/opt/spark_job/jars/aws-java-sdk-bundle-1.12.262.jar,/opt/spark_job/jars/hadoop-aws-3.3.4.jar)
[2025-03-30T16:15:04.036+0000] {spark_submit.py:645} INFO - 
[2025-03-30T16:15:04.036+0000] {spark_submit.py:645} INFO - 
[2025-03-30T16:15:05.388+0000] {spark_submit.py:645} INFO - 25/03/30 16:15:05 WARN NativeCodeLoader: Unable to load native-hadoop library for your platform... using builtin-java classes where applicable
[2025-03-30T16:15:05.950+0000] {spark_submit.py:645} INFO - Main class:
[2025-03-30T16:15:05.951+0000] {spark_submit.py:645} INFO - org.apache.spark.deploy.PythonRunner
[2025-03-30T16:15:05.952+0000] {spark_submit.py:645} INFO - Arguments:
[2025-03-30T16:15:05.953+0000] {spark_submit.py:645} INFO - file:/opt/spark_job/data_transformation.py
[2025-03-30T16:15:05.953+0000] {spark_submit.py:645} INFO - null
[2025-03-30T16:15:05.954+0000] {spark_submit.py:645} INFO - s3://raw/playlist_20250329_132856.json
[2025-03-30T16:15:05.954+0000] {spark_submit.py:645} INFO - processed
[2025-03-30T16:15:05.956+0000] {spark_submit.py:645} INFO - Spark config:
[2025-03-30T16:15:05.957+0000] {spark_submit.py:645} INFO - (spark.app.name,arrow-spark)
[2025-03-30T16:15:05.957+0000] {spark_submit.py:645} INFO - (spark.app.submitTime,1743351305929)
[2025-03-30T16:15:05.958+0000] {spark_submit.py:645} INFO - (spark.executor.cores,1)
[2025-03-30T16:15:05.958+0000] {spark_submit.py:645} INFO - (spark.executor.memory,512m)
[2025-03-30T16:15:05.959+0000] {spark_submit.py:645} INFO - (spark.hadoop.fs.s3a.access.key,*********(redacted))
[2025-03-30T16:15:05.960+0000] {spark_submit.py:645} INFO - (spark.hadoop.fs.s3a.endpoint,http://minio:9000)
[2025-03-30T16:15:05.961+0000] {spark_submit.py:645} INFO - (spark.hadoop.fs.s3a.impl,org.apache.hadoop.fs.s3a.S3AFileSystem)
[2025-03-30T16:15:05.961+0000] {spark_submit.py:645} INFO - (spark.hadoop.fs.s3a.path.style.access,true)
[2025-03-30T16:15:05.962+0000] {spark_submit.py:645} INFO - (spark.hadoop.fs.s3a.secret.key,*********(redacted))
[2025-03-30T16:15:05.962+0000] {spark_submit.py:645} INFO - (spark.jars,file:///opt/spark_job/jars/aws-java-sdk-bundle-1.12.262.jar,file:///opt/spark_job/jars/hadoop-aws-3.3.4.jar)
[2025-03-30T16:15:05.963+0000] {spark_submit.py:645} INFO - (spark.kerberos.principal,***)
[2025-03-30T16:15:05.963+0000] {spark_submit.py:645} INFO - (spark.master,spark://spark-master:7077)
[2025-03-30T16:15:05.964+0000] {spark_submit.py:645} INFO - (spark.repl.local.jars,file:///opt/spark_job/jars/aws-java-sdk-bundle-1.12.262.jar,file:///opt/spark_job/jars/hadoop-aws-3.3.4.jar)
[2025-03-30T16:15:05.965+0000] {spark_submit.py:645} INFO - (spark.submit.deployMode,client)
[2025-03-30T16:15:05.965+0000] {spark_submit.py:645} INFO - (spark.submit.pyFiles,)
[2025-03-30T16:15:05.966+0000] {spark_submit.py:645} INFO - Classpath elements:
[2025-03-30T16:15:05.966+0000] {spark_submit.py:645} INFO - file:///opt/spark_job/jars/aws-java-sdk-bundle-1.12.262.jar
[2025-03-30T16:15:05.967+0000] {spark_submit.py:645} INFO - file:///opt/spark_job/jars/hadoop-aws-3.3.4.jar
[2025-03-30T16:15:05.968+0000] {spark_submit.py:645} INFO - 
[2025-03-30T16:15:05.968+0000] {spark_submit.py:645} INFO - 
[2025-03-30T16:15:08.112+0000] {spark_submit.py:645} INFO - 2025-03-30 16:15:08,111 - INFO - Iniciando a configuração da Spark Session
[2025-03-30T16:15:09.177+0000] {spark_submit.py:645} INFO - 25/03/30 16:15:09 INFO SparkContext: Running Spark version 3.5.5
[2025-03-30T16:15:09.178+0000] {spark_submit.py:645} INFO - 25/03/30 16:15:09 INFO SparkContext: OS info Linux, 5.15.153.1-microsoft-standard-WSL2, amd64
[2025-03-30T16:15:09.179+0000] {spark_submit.py:645} INFO - 25/03/30 16:15:09 INFO SparkContext: Java version 17.0.14
[2025-03-30T16:15:09.255+0000] {spark_submit.py:645} INFO - 25/03/30 16:15:09 INFO ResourceUtils: ==============================================================
[2025-03-30T16:15:09.256+0000] {spark_submit.py:645} INFO - 25/03/30 16:15:09 INFO ResourceUtils: No custom resources configured for spark.driver.
[2025-03-30T16:15:09.257+0000] {spark_submit.py:645} INFO - 25/03/30 16:15:09 INFO ResourceUtils: ==============================================================
[2025-03-30T16:15:09.257+0000] {spark_submit.py:645} INFO - 25/03/30 16:15:09 INFO SparkContext: Submitted application: Minio Integration with PySpark
[2025-03-30T16:15:09.306+0000] {spark_submit.py:645} INFO - 25/03/30 16:15:09 INFO ResourceProfile: Default ResourceProfile created, executor resources: Map(cores -> name: cores, amount: 1, script: , vendor: , memory -> name: memory, amount: 512, script: , vendor: , offHeap -> name: offHeap, amount: 0, script: , vendor: ), task resources: Map(cpus -> name: cpus, amount: 1.0)
[2025-03-30T16:15:09.319+0000] {spark_submit.py:645} INFO - 25/03/30 16:15:09 INFO ResourceProfile: Limiting resource is cpus at 1 tasks per executor
[2025-03-30T16:15:09.322+0000] {spark_submit.py:645} INFO - 25/03/30 16:15:09 INFO ResourceProfileManager: Added ResourceProfile id: 0
[2025-03-30T16:15:09.587+0000] {spark_submit.py:645} INFO - 25/03/30 16:15:09 INFO SecurityManager: Changing view acls to: ***
[2025-03-30T16:15:09.588+0000] {spark_submit.py:645} INFO - 25/03/30 16:15:09 INFO SecurityManager: Changing modify acls to: ***
[2025-03-30T16:15:09.589+0000] {spark_submit.py:645} INFO - 25/03/30 16:15:09 INFO SecurityManager: Changing view acls groups to:
[2025-03-30T16:15:09.590+0000] {spark_submit.py:645} INFO - 25/03/30 16:15:09 INFO SecurityManager: Changing modify acls groups to:
[2025-03-30T16:15:09.590+0000] {spark_submit.py:645} INFO - 25/03/30 16:15:09 INFO SecurityManager: SecurityManager: authentication disabled; ui acls disabled; users with view permissions: ***; groups with view permissions: EMPTY; users with modify permissions: ***; groups with modify permissions: EMPTY
[2025-03-30T16:15:10.364+0000] {spark_submit.py:645} INFO - 25/03/30 16:15:10 INFO Utils: Successfully started service 'sparkDriver' on port 34785.
[2025-03-30T16:15:10.498+0000] {spark_submit.py:645} INFO - 25/03/30 16:15:10 INFO SparkEnv: Registering MapOutputTracker
[2025-03-30T16:15:10.570+0000] {spark_submit.py:645} INFO - 25/03/30 16:15:10 INFO SparkEnv: Registering BlockManagerMaster
[2025-03-30T16:15:10.592+0000] {spark_submit.py:645} INFO - 25/03/30 16:15:10 INFO BlockManagerMasterEndpoint: Using org.apache.spark.storage.DefaultTopologyMapper for getting topology information
[2025-03-30T16:15:10.593+0000] {spark_submit.py:645} INFO - 25/03/30 16:15:10 INFO BlockManagerMasterEndpoint: BlockManagerMasterEndpoint up
[2025-03-30T16:15:10.601+0000] {spark_submit.py:645} INFO - 25/03/30 16:15:10 INFO SparkEnv: Registering BlockManagerMasterHeartbeat
[2025-03-30T16:15:10.700+0000] {spark_submit.py:645} INFO - 25/03/30 16:15:10 INFO DiskBlockManager: Created local directory at /tmp/blockmgr-a13320f4-4197-496d-9871-0beec9cac03e
[2025-03-30T16:15:10.717+0000] {spark_submit.py:645} INFO - 25/03/30 16:15:10 INFO MemoryStore: MemoryStore started with capacity 434.4 MiB
[2025-03-30T16:15:10.743+0000] {spark_submit.py:645} INFO - 25/03/30 16:15:10 INFO SparkEnv: Registering OutputCommitCoordinator
[2025-03-30T16:15:11.223+0000] {spark_submit.py:645} INFO - 25/03/30 16:15:11 INFO JettyUtils: Start Jetty 0.0.0.0:4040 for SparkUI
[2025-03-30T16:15:11.484+0000] {spark_submit.py:645} INFO - 25/03/30 16:15:11 INFO Utils: Successfully started service 'SparkUI' on port 4040.
[2025-03-30T16:15:11.557+0000] {spark_submit.py:645} INFO - 25/03/30 16:15:11 INFO SparkContext: Added JAR file:///opt/spark_job/jars/aws-java-sdk-bundle-1.12.262.jar at spark://0078b745cbba:34785/jars/aws-java-sdk-bundle-1.12.262.jar with timestamp 1743351309122
[2025-03-30T16:15:11.558+0000] {spark_submit.py:645} INFO - 25/03/30 16:15:11 INFO SparkContext: Added JAR file:///opt/spark_job/jars/hadoop-aws-3.3.4.jar at spark://0078b745cbba:34785/jars/hadoop-aws-3.3.4.jar with timestamp 1743351309122
[2025-03-30T16:15:11.738+0000] {spark_submit.py:645} INFO - 25/03/30 16:15:11 INFO StandaloneAppClient$ClientEndpoint: Connecting to master spark://spark-master:7077...
[2025-03-30T16:15:11.900+0000] {spark_submit.py:645} INFO - 25/03/30 16:15:11 INFO TransportClientFactory: Successfully created connection to spark-master/172.18.0.7:7077 after 97 ms (0 ms spent in bootstraps)
[2025-03-30T16:15:12.196+0000] {spark_submit.py:645} INFO - 25/03/30 16:15:12 INFO StandaloneSchedulerBackend: Connected to Spark cluster with app ID app-20250330161512-0000
[2025-03-30T16:15:12.311+0000] {spark_submit.py:645} INFO - 25/03/30 16:15:12 INFO Utils: Successfully started service 'org.apache.spark.network.netty.NettyBlockTransferService' on port 43551.
[2025-03-30T16:15:12.312+0000] {spark_submit.py:645} INFO - 25/03/30 16:15:12 INFO NettyBlockTransferService: Server created on 0078b745cbba:43551
[2025-03-30T16:15:12.334+0000] {spark_submit.py:645} INFO - 25/03/30 16:15:12 INFO BlockManager: Using org.apache.spark.storage.RandomBlockReplicationPolicy for block replication policy
[2025-03-30T16:15:12.346+0000] {spark_submit.py:645} INFO - 25/03/30 16:15:12 INFO StandaloneAppClient$ClientEndpoint: Executor added: app-20250330161512-0000/0 on worker-20250330161211-172.18.0.5-39215 (172.18.0.5:39215) with 1 core(s)
[2025-03-30T16:15:12.347+0000] {spark_submit.py:645} INFO - 25/03/30 16:15:12 INFO StandaloneSchedulerBackend: Granted executor ID app-20250330161512-0000/0 on hostPort 172.18.0.5:39215 with 1 core(s), 512.0 MiB RAM
[2025-03-30T16:15:12.360+0000] {spark_submit.py:645} INFO - 25/03/30 16:15:12 INFO StandaloneAppClient$ClientEndpoint: Executor added: app-20250330161512-0000/1 on worker-20250330161211-172.18.0.5-39215 (172.18.0.5:39215) with 1 core(s)
[2025-03-30T16:15:12.363+0000] {spark_submit.py:645} INFO - 25/03/30 16:15:12 INFO StandaloneSchedulerBackend: Granted executor ID app-20250330161512-0000/1 on hostPort 172.18.0.5:39215 with 1 core(s), 512.0 MiB RAM
[2025-03-30T16:15:12.369+0000] {spark_submit.py:645} INFO - 25/03/30 16:15:12 INFO BlockManagerMaster: Registering BlockManager BlockManagerId(driver, 0078b745cbba, 43551, None)
[2025-03-30T16:15:12.372+0000] {spark_submit.py:645} INFO - 25/03/30 16:15:12 INFO StandaloneAppClient$ClientEndpoint: Executor added: app-20250330161512-0000/2 on worker-20250330161211-172.18.0.6-45483 (172.18.0.6:45483) with 1 core(s)
[2025-03-30T16:15:12.374+0000] {spark_submit.py:645} INFO - 25/03/30 16:15:12 INFO StandaloneSchedulerBackend: Granted executor ID app-20250330161512-0000/2 on hostPort 172.18.0.6:45483 with 1 core(s), 512.0 MiB RAM
[2025-03-30T16:15:12.374+0000] {spark_submit.py:645} INFO - 25/03/30 16:15:12 INFO BlockManagerMasterEndpoint: Registering block manager 0078b745cbba:43551 with 434.4 MiB RAM, BlockManagerId(driver, 0078b745cbba, 43551, None)
[2025-03-30T16:15:12.376+0000] {spark_submit.py:645} INFO - 25/03/30 16:15:12 INFO BlockManagerMaster: Registered BlockManager BlockManagerId(driver, 0078b745cbba, 43551, None)
[2025-03-30T16:15:12.378+0000] {spark_submit.py:645} INFO - 25/03/30 16:15:12 INFO BlockManager: Initialized BlockManager: BlockManagerId(driver, 0078b745cbba, 43551, None)
[2025-03-30T16:15:12.381+0000] {spark_submit.py:645} INFO - 25/03/30 16:15:12 INFO StandaloneAppClient$ClientEndpoint: Executor added: app-20250330161512-0000/3 on worker-20250330161211-172.18.0.6-45483 (172.18.0.6:45483) with 1 core(s)
[2025-03-30T16:15:12.383+0000] {spark_submit.py:645} INFO - 25/03/30 16:15:12 INFO StandaloneSchedulerBackend: Granted executor ID app-20250330161512-0000/3 on hostPort 172.18.0.6:45483 with 1 core(s), 512.0 MiB RAM
[2025-03-30T16:15:13.112+0000] {spark_submit.py:645} INFO - 25/03/30 16:15:13 INFO StandaloneAppClient$ClientEndpoint: Executor updated: app-20250330161512-0000/1 is now RUNNING
[2025-03-30T16:15:13.114+0000] {spark_submit.py:645} INFO - 25/03/30 16:15:13 INFO StandaloneAppClient$ClientEndpoint: Executor updated: app-20250330161512-0000/0 is now RUNNING
[2025-03-30T16:15:13.115+0000] {spark_submit.py:645} INFO - 25/03/30 16:15:13 INFO StandaloneAppClient$ClientEndpoint: Executor updated: app-20250330161512-0000/3 is now RUNNING
[2025-03-30T16:15:13.149+0000] {spark_submit.py:645} INFO - 25/03/30 16:15:13 INFO StandaloneAppClient$ClientEndpoint: Executor updated: app-20250330161512-0000/2 is now RUNNING
[2025-03-30T16:15:13.742+0000] {spark_submit.py:645} INFO - 25/03/30 16:15:13 INFO StandaloneSchedulerBackend: SchedulerBackend is ready for scheduling beginning after reached minRegisteredResourcesRatio: 0.0
[2025-03-30T16:15:15.126+0000] {spark_submit.py:645} INFO - 2025-03-30 16:15:15,104 - INFO - Spark Session criada com sucesso
[2025-03-30T16:15:15.132+0000] {spark_submit.py:645} INFO - Traceback (most recent call last):
[2025-03-30T16:15:15.154+0000] {spark_submit.py:645} INFO - File "/opt/spark_job/data_transformation.py", line 66, in <module>
[2025-03-30T16:15:15.180+0000] {spark_submit.py:645} INFO - data_transformation(spark)
[2025-03-30T16:15:15.200+0000] {spark_submit.py:645} INFO - File "/opt/spark_job/data_transformation.py", line 12, in data_transformation
[2025-03-30T16:15:15.208+0000] {spark_submit.py:645} INFO - logging.info(f"{processed_bucket}.")
[2025-03-30T16:15:15.210+0000] {spark_submit.py:645} INFO - ^^^^^^^^^^^^^^^^
[2025-03-30T16:15:15.242+0000] {spark_submit.py:645} INFO - UnboundLocalError: cannot access local variable 'processed_bucket' where it is not associated with a value
[2025-03-30T16:15:15.256+0000] {spark_submit.py:645} INFO - 2025-03-30 16:15:15,163 - INFO - Closing down clientserver connection
[2025-03-30T16:15:15.714+0000] {spark_submit.py:645} INFO - 25/03/30 16:15:15 INFO SparkContext: Invoking stop() from shutdown hook
[2025-03-30T16:15:18.786+0000] {spark_submit.py:645} INFO - 25/03/30 16:15:15 INFO SparkContext: SparkContext is stopping with exitCode 0.
[2025-03-30T16:15:19.260+0000] {spark_submit.py:645} INFO - 25/03/30 16:15:19 INFO SparkUI: Stopped Spark web UI at http://0078b745cbba:4040
[2025-03-30T16:15:19.297+0000] {spark_submit.py:645} INFO - 25/03/30 16:15:19 INFO StandaloneSchedulerBackend: Shutting down all executors
[2025-03-30T16:15:19.387+0000] {spark_submit.py:645} INFO - 25/03/30 16:15:19 INFO StandaloneSchedulerBackend$StandaloneDriverEndpoint: Asking each executor to shut down
[2025-03-30T16:15:19.702+0000] {spark_submit.py:645} INFO - 25/03/30 16:15:19 INFO MapOutputTrackerMasterEndpoint: MapOutputTrackerMasterEndpoint stopped!
[2025-03-30T16:15:19.946+0000] {spark_submit.py:645} INFO - 25/03/30 16:15:19 INFO MemoryStore: MemoryStore cleared
[2025-03-30T16:15:19.951+0000] {spark_submit.py:645} INFO - 25/03/30 16:15:19 INFO BlockManager: BlockManager stopped
[2025-03-30T16:15:19.969+0000] {spark_submit.py:645} INFO - 25/03/30 16:15:19 INFO BlockManagerMaster: BlockManagerMaster stopped
[2025-03-30T16:15:19.978+0000] {spark_submit.py:645} INFO - 25/03/30 16:15:19 INFO OutputCommitCoordinator$OutputCommitCoordinatorEndpoint: OutputCommitCoordinator stopped!
[2025-03-30T16:15:20.059+0000] {spark_submit.py:645} INFO - 25/03/30 16:15:20 INFO SparkContext: Successfully stopped SparkContext
[2025-03-30T16:15:20.093+0000] {spark_submit.py:645} INFO - 25/03/30 16:15:20 INFO ShutdownHookManager: Shutdown hook called
[2025-03-30T16:15:20.119+0000] {spark_submit.py:645} INFO - 25/03/30 16:15:20 INFO ShutdownHookManager: Deleting directory /tmp/spark-7fdc1264-dab2-4f93-b666-1a77dfadcb80
[2025-03-30T16:15:20.158+0000] {spark_submit.py:645} INFO - 25/03/30 16:15:20 INFO ShutdownHookManager: Deleting directory /tmp/spark-48f28cd8-628d-4b47-82e5-343cf82132a3
[2025-03-30T16:15:20.199+0000] {spark_submit.py:645} INFO - 25/03/30 16:15:20 INFO ShutdownHookManager: Deleting directory /tmp/spark-7fdc1264-dab2-4f93-b666-1a77dfadcb80/pyspark-860ee9a5-cb39-43fe-844e-e38e18fd4d3d
[2025-03-30T16:15:20.282+0000] {taskinstance.py:441} INFO - ::group::Post task execution logs
[2025-03-30T16:15:20.308+0000] {taskinstance.py:2905} ERROR - Task failed with exception
Traceback (most recent call last):
  File "/home/airflow/.local/lib/python3.11/site-packages/airflow/models/taskinstance.py", line 465, in _execute_task
    result = _execute_callable(context=context, **execute_callable_kwargs)
             ^^^^^^^^^^^^^^^^^^^^^^^^^^^^^^^^^^^^^^^^^^^^^^^^^^^^^^^^^^^^^
  File "/home/airflow/.local/lib/python3.11/site-packages/airflow/models/taskinstance.py", line 432, in _execute_callable
    return execute_callable(context=context, **execute_callable_kwargs)
           ^^^^^^^^^^^^^^^^^^^^^^^^^^^^^^^^^^^^^^^^^^^^^^^^^^^^^^^^^^^^
  File "/home/airflow/.local/lib/python3.11/site-packages/airflow/models/baseoperator.py", line 401, in wrapper
    return func(self, *args, **kwargs)
           ^^^^^^^^^^^^^^^^^^^^^^^^^^^
  File "/home/airflow/.local/lib/python3.11/site-packages/airflow/operators/python.py", line 235, in execute
    return_value = self.execute_callable()
                   ^^^^^^^^^^^^^^^^^^^^^^^
  File "/home/airflow/.local/lib/python3.11/site-packages/airflow/operators/python.py", line 252, in execute_callable
    return self.python_callable(*self.op_args, **self.op_kwargs)
           ^^^^^^^^^^^^^^^^^^^^^^^^^^^^^^^^^^^^^^^^^^^^^^^^^^^^^
  File "/opt/airflow/dags/etl_pipeline.py", line 97, in spark_dtransformation
    ).execute(kwargs)
      ^^^^^^^^^^^^^^^
  File "/home/airflow/.local/lib/python3.11/site-packages/airflow/models/baseoperator.py", line 401, in wrapper
    return func(self, *args, **kwargs)
           ^^^^^^^^^^^^^^^^^^^^^^^^^^^
  File "/home/airflow/.local/lib/python3.11/site-packages/airflow/providers/apache/spark/operators/spark_submit.py", line 177, in execute
    self._hook.submit(self.application)
  File "/home/airflow/.local/lib/python3.11/site-packages/airflow/providers/apache/spark/hooks/spark_submit.py", line 567, in submit
    raise AirflowException(
airflow.exceptions.AirflowException: Cannot execute: spark-submit --master spark://spark-master:7077 --conf spark.executor.memory=512m --conf spark.executor.cores=1 --conf spark.jars=/opt/spark_job/jars/aws-java-sdk-bundle-1.12.262.jar,/opt/spark_job/jars/hadoop-aws-3.3.4.jar --conf spark.hadoop.fs.s3a.endpoint=http://minio:9000 --conf spark.hadoop.fs.s3a.access.key=admin --conf spark.hadoop.fs.s3a.secret.key=****** --conf spark.hadoop.fs.s3a.impl=org.apache.hadoop.fs.s3a.S3AFileSystem --conf spark.hadoop.fs.s3a.path.style.access=true --principal *** --name arrow-spark --verbose --deploy-mode client /opt/spark_job/data_transformation.py s3://raw/playlist_20250329_132856.json processed. Error code is: 1.
[2025-03-30T16:15:20.523+0000] {taskinstance.py:1206} INFO - Marking task as UP_FOR_RETRY. dag_id=etl_pipeline, task_id=transformation, run_id=manual__2025-03-26T13:33:39.761724+00:00, execution_date=20250326T133339, start_date=20250330T161448, end_date=20250330T161520
[2025-03-30T16:15:21.169+0000] {standard_task_runner.py:110} ERROR - Failed to execute job 104 for task transformation (Cannot execute: spark-submit --master spark://spark-master:7077 --conf spark.executor.memory=512m --conf spark.executor.cores=1 --conf spark.jars=/opt/spark_job/jars/aws-java-sdk-bundle-1.12.262.jar,/opt/spark_job/jars/hadoop-aws-3.3.4.jar --conf spark.hadoop.fs.s3a.endpoint=http://minio:9000 --conf spark.hadoop.fs.s3a.access.key=admin --conf spark.hadoop.fs.s3a.secret.key=****** --conf spark.hadoop.fs.s3a.impl=org.apache.hadoop.fs.s3a.S3AFileSystem --conf spark.hadoop.fs.s3a.path.style.access=true --principal *** --name arrow-spark --verbose --deploy-mode client /opt/spark_job/data_transformation.py s3://raw/playlist_20250329_132856.json processed. Error code is: 1.; 250)
[2025-03-30T16:15:21.257+0000] {local_task_job_runner.py:240} INFO - Task exited with return code 1
[2025-03-30T16:15:21.327+0000] {taskinstance.py:3503} INFO - 0 downstream tasks scheduled from follow-on schedule check
[2025-03-30T16:15:21.367+0000] {local_task_job_runner.py:222} INFO - ::endgroup::
