[2025-03-30T18:31:07.470+0000] {local_task_job_runner.py:120} INFO - ::group::Pre task execution logs
[2025-03-30T18:31:07.726+0000] {taskinstance.py:2076} INFO - Dependencies all met for dep_context=non-requeueable deps ti=<TaskInstance: etl_pipeline.transformation manual__2025-03-26T13:33:39.761724+00:00 [queued]>
[2025-03-30T18:31:07.741+0000] {taskinstance.py:2076} INFO - Dependencies all met for dep_context=requeueable deps ti=<TaskInstance: etl_pipeline.transformation manual__2025-03-26T13:33:39.761724+00:00 [queued]>
[2025-03-30T18:31:07.742+0000] {taskinstance.py:2306} INFO - Starting attempt 75 of 76
[2025-03-30T18:31:07.833+0000] {taskinstance.py:2330} INFO - Executing <Task(PythonOperator): transformation> on 2025-03-26 13:33:39.761724+00:00
[2025-03-30T18:31:07.841+0000] {standard_task_runner.py:63} INFO - Started process 2063 to run task
[2025-03-30T18:31:07.844+0000] {standard_task_runner.py:90} INFO - Running: ['***', 'tasks', 'run', 'etl_pipeline', 'transformation', 'manual__2025-03-26T13:33:39.761724+00:00', '--job-id', '125', '--raw', '--subdir', 'DAGS_FOLDER/etl_pipeline.py', '--cfg-path', '/tmp/tmpedvlqk6s']
[2025-03-30T18:31:07.846+0000] {standard_task_runner.py:91} INFO - Job 125: Subtask transformation
[2025-03-30T18:31:08.007+0000] {task_command.py:426} INFO - Running <TaskInstance: etl_pipeline.transformation manual__2025-03-26T13:33:39.761724+00:00 [running]> on host 4962f173392a
[2025-03-30T18:31:08.204+0000] {taskinstance.py:2648} INFO - Exporting env vars: AIRFLOW_CTX_DAG_OWNER='lobobranco' AIRFLOW_CTX_DAG_ID='etl_pipeline' AIRFLOW_CTX_TASK_ID='transformation' AIRFLOW_CTX_EXECUTION_DATE='2025-03-26T13:33:39.761724+00:00' AIRFLOW_CTX_TRY_NUMBER='75' AIRFLOW_CTX_DAG_RUN_ID='manual__2025-03-26T13:33:39.761724+00:00'
[2025-03-30T18:31:08.206+0000] {taskinstance.py:430} INFO - ::endgroup::
[2025-03-30T18:31:08.233+0000] {etl_pipeline.py:76} INFO - Transforming data from file: s3://raw/playlist_20250329_132856.json
[2025-03-30T18:31:08.234+0000] {logging_mixin.py:188} INFO - File Path: s3://raw/playlist_20250329_132856.json
[2025-03-30T18:31:08.234+0000] {logging_mixin.py:188} INFO - Processed Bucket: processed
[2025-03-30T18:31:08.235+0000] {baseoperator.py:400} WARNING - SparkSubmitOperator.execute cannot be called outside TaskInstance!
[2025-03-30T18:31:08.247+0000] {base.py:84} INFO - Using connection ID 'spark_default' for task execution.
[2025-03-30T18:31:08.248+0000] {spark_submit.py:328} ERROR - Failed to decode base64 keytab: Incorrect padding
[2025-03-30T18:31:08.249+0000] {spark_submit.py:305} INFO - Could not load connection string spark_default, defaulting to spark://spark-master:7077
[2025-03-30T18:31:08.250+0000] {spark_submit.py:474} INFO - Spark-Submit cmd: spark-submit --master spark://spark-master:7077 --conf spark.executor.memory=512m --conf spark.executor.cores=1 --conf spark.jars=/opt/spark_job/jars/aws-java-sdk-bundle-1.12.262.jar,/opt/spark_job/jars/hadoop-aws-3.3.4.jar --conf spark.hadoop.fs.s3a.endpoint=http://minio:9000 --conf spark.hadoop.fs.s3a.access.key=admin --conf spark.hadoop.fs.s3a.secret.key=****** --conf spark.hadoop.fs.s3a.impl=org.apache.hadoop.fs.s3a.S3AFileSystem --conf spark.hadoop.fs.s3a.path.style.access=true --principal *** --name arrow-spark --verbose --deploy-mode client /opt/spark_job/data_transformation.py s3://raw/playlist_20250329_132856.json processed
[2025-03-30T18:31:08.399+0000] {spark_submit.py:645} INFO - /home/***/.local/lib/python3.11/site-packages/pyspark/bin/load-spark-env.sh: line 68: ps: command not found
[2025-03-30T18:31:12.949+0000] {spark_submit.py:645} INFO - Using properties file: null
[2025-03-30T18:31:13.071+0000] {spark_submit.py:645} INFO - Parsed arguments:
[2025-03-30T18:31:13.072+0000] {spark_submit.py:645} INFO - master                  spark://spark-master:7077
[2025-03-30T18:31:13.072+0000] {spark_submit.py:645} INFO - remote                  null
[2025-03-30T18:31:13.073+0000] {spark_submit.py:645} INFO - deployMode              client
[2025-03-30T18:31:13.073+0000] {spark_submit.py:645} INFO - executorMemory          512m
[2025-03-30T18:31:13.074+0000] {spark_submit.py:645} INFO - executorCores           1
[2025-03-30T18:31:13.075+0000] {spark_submit.py:645} INFO - totalExecutorCores      null
[2025-03-30T18:31:13.075+0000] {spark_submit.py:645} INFO - propertiesFile          null
[2025-03-30T18:31:13.076+0000] {spark_submit.py:645} INFO - driverMemory            null
[2025-03-30T18:31:13.076+0000] {spark_submit.py:645} INFO - driverCores             null
[2025-03-30T18:31:13.076+0000] {spark_submit.py:645} INFO - driverExtraClassPath    null
[2025-03-30T18:31:13.077+0000] {spark_submit.py:645} INFO - driverExtraLibraryPath  null
[2025-03-30T18:31:13.077+0000] {spark_submit.py:645} INFO - driverExtraJavaOptions  null
[2025-03-30T18:31:13.078+0000] {spark_submit.py:645} INFO - supervise               false
[2025-03-30T18:31:13.078+0000] {spark_submit.py:645} INFO - queue                   null
[2025-03-30T18:31:13.078+0000] {spark_submit.py:645} INFO - numExecutors            null
[2025-03-30T18:31:13.079+0000] {spark_submit.py:645} INFO - files                   null
[2025-03-30T18:31:13.079+0000] {spark_submit.py:645} INFO - pyFiles                 null
[2025-03-30T18:31:13.079+0000] {spark_submit.py:645} INFO - archives                null
[2025-03-30T18:31:13.080+0000] {spark_submit.py:645} INFO - mainClass               null
[2025-03-30T18:31:13.080+0000] {spark_submit.py:645} INFO - primaryResource         file:/opt/spark_job/data_transformation.py
[2025-03-30T18:31:13.080+0000] {spark_submit.py:645} INFO - name                    arrow-spark
[2025-03-30T18:31:13.081+0000] {spark_submit.py:645} INFO - childArgs               [s3://raw/playlist_20250329_132856.json processed]
[2025-03-30T18:31:13.081+0000] {spark_submit.py:645} INFO - jars                    /opt/spark_job/jars/aws-java-sdk-bundle-1.12.262.jar,/opt/spark_job/jars/hadoop-aws-3.3.4.jar
[2025-03-30T18:31:13.082+0000] {spark_submit.py:645} INFO - packages                null
[2025-03-30T18:31:13.082+0000] {spark_submit.py:645} INFO - packagesExclusions      null
[2025-03-30T18:31:13.083+0000] {spark_submit.py:645} INFO - repositories            null
[2025-03-30T18:31:13.083+0000] {spark_submit.py:645} INFO - verbose                 true
[2025-03-30T18:31:13.083+0000] {spark_submit.py:645} INFO - 
[2025-03-30T18:31:13.084+0000] {spark_submit.py:645} INFO - Spark properties used, including those specified through
[2025-03-30T18:31:13.084+0000] {spark_submit.py:645} INFO - --conf and those from the properties file null:
[2025-03-30T18:31:13.085+0000] {spark_submit.py:645} INFO - (spark.executor.cores,1)
[2025-03-30T18:31:13.085+0000] {spark_submit.py:645} INFO - (spark.executor.memory,512m)
[2025-03-30T18:31:13.085+0000] {spark_submit.py:645} INFO - (spark.hadoop.fs.s3a.access.key,*********(redacted))
[2025-03-30T18:31:13.086+0000] {spark_submit.py:645} INFO - (spark.hadoop.fs.s3a.endpoint,http://minio:9000)
[2025-03-30T18:31:13.086+0000] {spark_submit.py:645} INFO - (spark.hadoop.fs.s3a.impl,org.apache.hadoop.fs.s3a.S3AFileSystem)
[2025-03-30T18:31:13.087+0000] {spark_submit.py:645} INFO - (spark.hadoop.fs.s3a.path.style.access,true)
[2025-03-30T18:31:13.088+0000] {spark_submit.py:645} INFO - (spark.hadoop.fs.s3a.secret.key,*********(redacted))
[2025-03-30T18:31:13.089+0000] {spark_submit.py:645} INFO - (spark.jars,/opt/spark_job/jars/aws-java-sdk-bundle-1.12.262.jar,/opt/spark_job/jars/hadoop-aws-3.3.4.jar)
[2025-03-30T18:31:13.091+0000] {spark_submit.py:645} INFO - 
[2025-03-30T18:31:13.091+0000] {spark_submit.py:645} INFO - 
[2025-03-30T18:31:13.422+0000] {spark_submit.py:645} INFO - 25/03/30 18:31:13 WARN NativeCodeLoader: Unable to load native-hadoop library for your platform... using builtin-java classes where applicable
[2025-03-30T18:31:13.704+0000] {spark_submit.py:645} INFO - Main class:
[2025-03-30T18:31:13.705+0000] {spark_submit.py:645} INFO - org.apache.spark.deploy.PythonRunner
[2025-03-30T18:31:13.706+0000] {spark_submit.py:645} INFO - Arguments:
[2025-03-30T18:31:13.706+0000] {spark_submit.py:645} INFO - file:/opt/spark_job/data_transformation.py
[2025-03-30T18:31:13.707+0000] {spark_submit.py:645} INFO - null
[2025-03-30T18:31:13.711+0000] {spark_submit.py:645} INFO - s3://raw/playlist_20250329_132856.json
[2025-03-30T18:31:13.711+0000] {spark_submit.py:645} INFO - processed
[2025-03-30T18:31:13.712+0000] {spark_submit.py:645} INFO - Spark config:
[2025-03-30T18:31:13.712+0000] {spark_submit.py:645} INFO - (spark.app.name,arrow-spark)
[2025-03-30T18:31:13.713+0000] {spark_submit.py:645} INFO - (spark.app.submitTime,1743359473682)
[2025-03-30T18:31:13.713+0000] {spark_submit.py:645} INFO - (spark.executor.cores,1)
[2025-03-30T18:31:13.713+0000] {spark_submit.py:645} INFO - (spark.executor.memory,512m)
[2025-03-30T18:31:13.714+0000] {spark_submit.py:645} INFO - (spark.hadoop.fs.s3a.access.key,*********(redacted))
[2025-03-30T18:31:13.714+0000] {spark_submit.py:645} INFO - (spark.hadoop.fs.s3a.endpoint,http://minio:9000)
[2025-03-30T18:31:13.715+0000] {spark_submit.py:645} INFO - (spark.hadoop.fs.s3a.impl,org.apache.hadoop.fs.s3a.S3AFileSystem)
[2025-03-30T18:31:13.715+0000] {spark_submit.py:645} INFO - (spark.hadoop.fs.s3a.path.style.access,true)
[2025-03-30T18:31:13.716+0000] {spark_submit.py:645} INFO - (spark.hadoop.fs.s3a.secret.key,*********(redacted))
[2025-03-30T18:31:13.716+0000] {spark_submit.py:645} INFO - (spark.jars,file:///opt/spark_job/jars/aws-java-sdk-bundle-1.12.262.jar,file:///opt/spark_job/jars/hadoop-aws-3.3.4.jar)
[2025-03-30T18:31:13.716+0000] {spark_submit.py:645} INFO - (spark.kerberos.principal,***)
[2025-03-30T18:31:13.718+0000] {spark_submit.py:645} INFO - (spark.master,spark://spark-master:7077)
[2025-03-30T18:31:13.719+0000] {spark_submit.py:645} INFO - (spark.repl.local.jars,file:///opt/spark_job/jars/aws-java-sdk-bundle-1.12.262.jar,file:///opt/spark_job/jars/hadoop-aws-3.3.4.jar)
[2025-03-30T18:31:13.719+0000] {spark_submit.py:645} INFO - (spark.submit.deployMode,client)
[2025-03-30T18:31:13.719+0000] {spark_submit.py:645} INFO - (spark.submit.pyFiles,)
[2025-03-30T18:31:13.725+0000] {spark_submit.py:645} INFO - Classpath elements:
[2025-03-30T18:31:13.725+0000] {spark_submit.py:645} INFO - file:///opt/spark_job/jars/aws-java-sdk-bundle-1.12.262.jar
[2025-03-30T18:31:13.726+0000] {spark_submit.py:645} INFO - file:///opt/spark_job/jars/hadoop-aws-3.3.4.jar
[2025-03-30T18:31:13.726+0000] {spark_submit.py:645} INFO - 
[2025-03-30T18:31:13.727+0000] {spark_submit.py:645} INFO - 
[2025-03-30T18:31:19.545+0000] {spark_submit.py:645} INFO - 2025-03-30 18:31:19,545 - INFO - Iniciando a configuração da Spark Session
[2025-03-30T18:31:20.154+0000] {spark_submit.py:645} INFO - 25/03/30 18:31:20 INFO SparkContext: Running Spark version 3.5.3
[2025-03-30T18:31:20.155+0000] {spark_submit.py:645} INFO - 25/03/30 18:31:20 INFO SparkContext: OS info Linux, 5.15.153.1-microsoft-standard-WSL2, amd64
[2025-03-30T18:31:20.156+0000] {spark_submit.py:645} INFO - 25/03/30 18:31:20 INFO SparkContext: Java version 17.0.14
[2025-03-30T18:31:20.186+0000] {spark_submit.py:645} INFO - 25/03/30 18:31:20 INFO ResourceUtils: ==============================================================
[2025-03-30T18:31:20.187+0000] {spark_submit.py:645} INFO - 25/03/30 18:31:20 INFO ResourceUtils: No custom resources configured for spark.driver.
[2025-03-30T18:31:20.187+0000] {spark_submit.py:645} INFO - 25/03/30 18:31:20 INFO ResourceUtils: ==============================================================
[2025-03-30T18:31:20.188+0000] {spark_submit.py:645} INFO - 25/03/30 18:31:20 INFO SparkContext: Submitted application: Minio Integration with PySpark
[2025-03-30T18:31:20.208+0000] {spark_submit.py:645} INFO - 25/03/30 18:31:20 INFO ResourceProfile: Default ResourceProfile created, executor resources: Map(cores -> name: cores, amount: 1, script: , vendor: , memory -> name: memory, amount: 512, script: , vendor: , offHeap -> name: offHeap, amount: 0, script: , vendor: ), task resources: Map(cpus -> name: cpus, amount: 1.0)
[2025-03-30T18:31:20.220+0000] {spark_submit.py:645} INFO - 25/03/30 18:31:20 INFO ResourceProfile: Limiting resource is cpus at 1 tasks per executor
[2025-03-30T18:31:20.222+0000] {spark_submit.py:645} INFO - 25/03/30 18:31:20 INFO ResourceProfileManager: Added ResourceProfile id: 0
[2025-03-30T18:31:20.273+0000] {spark_submit.py:645} INFO - 25/03/30 18:31:20 INFO SecurityManager: Changing view acls to: ***
[2025-03-30T18:31:20.274+0000] {spark_submit.py:645} INFO - 25/03/30 18:31:20 INFO SecurityManager: Changing modify acls to: ***
[2025-03-30T18:31:20.274+0000] {spark_submit.py:645} INFO - 25/03/30 18:31:20 INFO SecurityManager: Changing view acls groups to:
[2025-03-30T18:31:20.275+0000] {spark_submit.py:645} INFO - 25/03/30 18:31:20 INFO SecurityManager: Changing modify acls groups to:
[2025-03-30T18:31:20.275+0000] {spark_submit.py:645} INFO - 25/03/30 18:31:20 INFO SecurityManager: SecurityManager: authentication disabled; ui acls disabled; users with view permissions: ***; groups with view permissions: EMPTY; users with modify permissions: ***; groups with modify permissions: EMPTY
[2025-03-30T18:31:20.926+0000] {spark_submit.py:645} INFO - 25/03/30 18:31:20 INFO Utils: Successfully started service 'sparkDriver' on port 34739.
[2025-03-30T18:31:20.956+0000] {spark_submit.py:645} INFO - 25/03/30 18:31:20 INFO SparkEnv: Registering MapOutputTracker
[2025-03-30T18:31:21.014+0000] {spark_submit.py:645} INFO - 25/03/30 18:31:21 INFO SparkEnv: Registering BlockManagerMaster
[2025-03-30T18:31:21.030+0000] {spark_submit.py:645} INFO - 25/03/30 18:31:21 INFO BlockManagerMasterEndpoint: Using org.apache.spark.storage.DefaultTopologyMapper for getting topology information
[2025-03-30T18:31:21.030+0000] {spark_submit.py:645} INFO - 25/03/30 18:31:21 INFO BlockManagerMasterEndpoint: BlockManagerMasterEndpoint up
[2025-03-30T18:31:21.065+0000] {spark_submit.py:645} INFO - 25/03/30 18:31:21 INFO SparkEnv: Registering BlockManagerMasterHeartbeat
[2025-03-30T18:31:21.084+0000] {spark_submit.py:645} INFO - 25/03/30 18:31:21 INFO DiskBlockManager: Created local directory at /tmp/blockmgr-4e690390-049b-4f2d-8618-150d47decfaf
[2025-03-30T18:31:21.118+0000] {spark_submit.py:645} INFO - 25/03/30 18:31:21 INFO MemoryStore: MemoryStore started with capacity 434.4 MiB
[2025-03-30T18:31:21.151+0000] {spark_submit.py:645} INFO - 25/03/30 18:31:21 INFO SparkEnv: Registering OutputCommitCoordinator
[2025-03-30T18:31:21.639+0000] {spark_submit.py:645} INFO - 25/03/30 18:31:21 INFO JettyUtils: Start Jetty 0.0.0.0:4040 for SparkUI
[2025-03-30T18:31:21.887+0000] {spark_submit.py:645} INFO - 25/03/30 18:31:21 INFO Utils: Successfully started service 'SparkUI' on port 4040.
[2025-03-30T18:31:22.065+0000] {spark_submit.py:645} INFO - 25/03/30 18:31:22 INFO SparkContext: Added JAR file:///opt/spark_job/jars/aws-java-sdk-bundle-1.12.262.jar at spark://4962f173392a:34739/jars/aws-java-sdk-bundle-1.12.262.jar with timestamp 1743359480145
[2025-03-30T18:31:22.069+0000] {spark_submit.py:645} INFO - 25/03/30 18:31:22 INFO SparkContext: Added JAR file:///opt/spark_job/jars/hadoop-aws-3.3.4.jar at spark://4962f173392a:34739/jars/hadoop-aws-3.3.4.jar with timestamp 1743359480145
[2025-03-30T18:31:22.276+0000] {spark_submit.py:645} INFO - 25/03/30 18:31:22 INFO StandaloneAppClient$ClientEndpoint: Connecting to master spark://spark-master:7077...
[2025-03-30T18:31:22.366+0000] {spark_submit.py:645} INFO - 25/03/30 18:31:22 INFO TransportClientFactory: Successfully created connection to spark-master/172.18.0.6:7077 after 37 ms (0 ms spent in bootstraps)
[2025-03-30T18:31:22.917+0000] {spark_submit.py:645} INFO - 25/03/30 18:31:22 INFO StandaloneSchedulerBackend: Connected to Spark cluster with app ID app-20250330183122-0008
[2025-03-30T18:31:22.961+0000] {spark_submit.py:645} INFO - 25/03/30 18:31:22 INFO StandaloneAppClient$ClientEndpoint: Executor added: app-20250330183122-0008/0 on worker-20250330171833-172.18.0.5-45767 (172.18.0.5:45767) with 1 core(s)
[2025-03-30T18:31:22.978+0000] {spark_submit.py:645} INFO - 25/03/30 18:31:22 INFO StandaloneSchedulerBackend: Granted executor ID app-20250330183122-0008/0 on hostPort 172.18.0.5:45767 with 1 core(s), 512.0 MiB RAM
[2025-03-30T18:31:23.061+0000] {spark_submit.py:645} INFO - 25/03/30 18:31:22 INFO StandaloneAppClient$ClientEndpoint: Executor added: app-20250330183122-0008/1 on worker-20250330171833-172.18.0.5-45767 (172.18.0.5:45767) with 1 core(s)
[2025-03-30T18:31:23.062+0000] {spark_submit.py:645} INFO - 25/03/30 18:31:22 INFO StandaloneSchedulerBackend: Granted executor ID app-20250330183122-0008/1 on hostPort 172.18.0.5:45767 with 1 core(s), 512.0 MiB RAM
[2025-03-30T18:31:23.117+0000] {spark_submit.py:645} INFO - 25/03/30 18:31:22 INFO StandaloneAppClient$ClientEndpoint: Executor added: app-20250330183122-0008/2 on worker-20250330171833-172.18.0.7-40325 (172.18.0.7:40325) with 1 core(s)
[2025-03-30T18:31:23.118+0000] {spark_submit.py:645} INFO - 25/03/30 18:31:22 INFO StandaloneSchedulerBackend: Granted executor ID app-20250330183122-0008/2 on hostPort 172.18.0.7:40325 with 1 core(s), 512.0 MiB RAM
[2025-03-30T18:31:23.118+0000] {spark_submit.py:645} INFO - 25/03/30 18:31:22 INFO Utils: Successfully started service 'org.apache.spark.network.netty.NettyBlockTransferService' on port 36931.
[2025-03-30T18:31:23.118+0000] {spark_submit.py:645} INFO - 25/03/30 18:31:22 INFO NettyBlockTransferService: Server created on 4962f173392a:36931
[2025-03-30T18:31:23.119+0000] {spark_submit.py:645} INFO - 25/03/30 18:31:22 INFO BlockManager: Using org.apache.spark.storage.RandomBlockReplicationPolicy for block replication policy
[2025-03-30T18:31:23.157+0000] {spark_submit.py:645} INFO - 25/03/30 18:31:23 INFO BlockManagerMaster: Registering BlockManager BlockManagerId(driver, 4962f173392a, 36931, None)
[2025-03-30T18:31:23.265+0000] {spark_submit.py:645} INFO - 25/03/30 18:31:23 INFO BlockManagerMasterEndpoint: Registering block manager 4962f173392a:36931 with 434.4 MiB RAM, BlockManagerId(driver, 4962f173392a, 36931, None)
[2025-03-30T18:31:23.269+0000] {spark_submit.py:645} INFO - 25/03/30 18:31:23 INFO BlockManagerMaster: Registered BlockManager BlockManagerId(driver, 4962f173392a, 36931, None)
[2025-03-30T18:31:23.383+0000] {spark_submit.py:645} INFO - 25/03/30 18:31:23 INFO BlockManager: Initialized BlockManager: BlockManagerId(driver, 4962f173392a, 36931, None)
[2025-03-30T18:31:24.125+0000] {spark_submit.py:645} INFO - 25/03/30 18:31:24 INFO StandaloneAppClient$ClientEndpoint: Executor added: app-20250330183122-0008/3 on worker-20250330171833-172.18.0.7-40325 (172.18.0.7:40325) with 1 core(s)
[2025-03-30T18:31:24.136+0000] {spark_submit.py:645} INFO - 25/03/30 18:31:24 INFO StandaloneSchedulerBackend: Granted executor ID app-20250330183122-0008/3 on hostPort 172.18.0.7:40325 with 1 core(s), 512.0 MiB RAM
[2025-03-30T18:31:25.021+0000] {spark_submit.py:645} INFO - 25/03/30 18:31:24 INFO StandaloneAppClient$ClientEndpoint: Executor updated: app-20250330183122-0008/0 is now RUNNING
[2025-03-30T18:31:25.022+0000] {spark_submit.py:645} INFO - 25/03/30 18:31:24 INFO StandaloneAppClient$ClientEndpoint: Executor updated: app-20250330183122-0008/1 is now RUNNING
[2025-03-30T18:31:25.808+0000] {spark_submit.py:645} INFO - 25/03/30 18:31:25 INFO StandaloneAppClient$ClientEndpoint: Executor updated: app-20250330183122-0008/2 is now RUNNING
[2025-03-30T18:31:25.968+0000] {spark_submit.py:645} INFO - 25/03/30 18:31:25 INFO StandaloneAppClient$ClientEndpoint: Executor updated: app-20250330183122-0008/3 is now RUNNING
[2025-03-30T18:31:26.418+0000] {spark_submit.py:645} INFO - 25/03/30 18:31:26 INFO StandaloneSchedulerBackend: SchedulerBackend is ready for scheduling beginning after reached minRegisteredResourcesRatio: 0.0
[2025-03-30T18:31:27.199+0000] {spark_submit.py:645} INFO - 2025-03-30 18:31:27,198 - INFO - Spark Session criada com sucesso
[2025-03-30T18:31:27.200+0000] {spark_submit.py:645} INFO - 3.5.3
[2025-03-30T18:31:27.200+0000] {spark_submit.py:645} INFO - 2025-03-30 18:31:27,198 - INFO - Leitura iniciada !!!!!!.
[2025-03-30T18:31:27.211+0000] {spark_submit.py:645} INFO - 25/03/30 18:31:27 INFO SharedState: Setting hive.metastore.warehouse.dir ('null') to the value of spark.sql.warehouse.dir.
[2025-03-30T18:31:27.246+0000] {spark_submit.py:645} INFO - 25/03/30 18:31:27 INFO SharedState: Warehouse path is 'file:/opt/spark-warehouse'.
[2025-03-30T18:31:32.041+0000] {spark_submit.py:645} INFO - 25/03/30 18:31:32 WARN MetricsConfig: Cannot locate configuration: tried hadoop-metrics2-s3a-file-system.properties,hadoop-metrics2.properties
[2025-03-30T18:31:32.087+0000] {spark_submit.py:645} INFO - 25/03/30 18:31:32 INFO MetricsSystemImpl: Scheduled Metric snapshot period at 10 second(s).
[2025-03-30T18:31:32.106+0000] {spark_submit.py:645} INFO - 25/03/30 18:31:32 INFO MetricsSystemImpl: s3a-file-system metrics system started
[2025-03-30T18:31:39.677+0000] {spark_submit.py:645} INFO - 25/03/30 18:31:39 INFO StandaloneSchedulerBackend$StandaloneDriverEndpoint: Registered executor NettyRpcEndpointRef(spark-client://Executor) (172.18.0.5:52582) with ID 1,  ResourceProfileId 0
[2025-03-30T18:31:39.872+0000] {spark_submit.py:645} INFO - 25/03/30 18:31:39 INFO BlockManagerMasterEndpoint: Registering block manager 172.18.0.5:35489 with 127.2 MiB RAM, BlockManagerId(1, 172.18.0.5, 35489, None)
[2025-03-30T18:31:41.418+0000] {spark_submit.py:645} INFO - 25/03/30 18:31:41 INFO StandaloneSchedulerBackend$StandaloneDriverEndpoint: Registered executor NettyRpcEndpointRef(spark-client://Executor) (172.18.0.7:45674) with ID 2,  ResourceProfileId 0
[2025-03-30T18:31:41.714+0000] {spark_submit.py:645} INFO - 25/03/30 18:31:41 INFO StandaloneSchedulerBackend$StandaloneDriverEndpoint: Registered executor NettyRpcEndpointRef(spark-client://Executor) (172.18.0.7:45680) with ID 3,  ResourceProfileId 0
[2025-03-30T18:31:42.157+0000] {spark_submit.py:645} INFO - 25/03/30 18:31:42 INFO StandaloneSchedulerBackend$StandaloneDriverEndpoint: Registered executor NettyRpcEndpointRef(spark-client://Executor) (172.18.0.5:52598) with ID 0,  ResourceProfileId 0
[2025-03-30T18:31:42.483+0000] {spark_submit.py:645} INFO - 25/03/30 18:31:42 INFO BlockManagerMasterEndpoint: Registering block manager 172.18.0.7:37357 with 127.2 MiB RAM, BlockManagerId(2, 172.18.0.7, 37357, None)
[2025-03-30T18:31:42.732+0000] {spark_submit.py:645} INFO - 25/03/30 18:31:42 INFO BlockManagerMasterEndpoint: Registering block manager 172.18.0.7:43581 with 127.2 MiB RAM, BlockManagerId(3, 172.18.0.7, 43581, None)
[2025-03-30T18:31:42.755+0000] {spark_submit.py:645} INFO - 25/03/30 18:31:42 INFO BlockManagerMasterEndpoint: Registering block manager 172.18.0.5:41853 with 127.2 MiB RAM, BlockManagerId(0, 172.18.0.5, 41853, None)
[2025-03-30T18:31:44.526+0000] {spark_submit.py:645} INFO - 25/03/30 18:31:44 INFO InMemoryFileIndex: It took 332 ms to list leaf files for 1 paths.
[2025-03-30T18:31:45.264+0000] {spark_submit.py:645} INFO - 25/03/30 18:31:45 INFO MemoryStore: Block broadcast_0 stored as values in memory (estimated size 209.2 KiB, free 434.2 MiB)
[2025-03-30T18:31:45.488+0000] {spark_submit.py:645} INFO - 25/03/30 18:31:45 INFO MemoryStore: Block broadcast_0_piece0 stored as bytes in memory (estimated size 35.4 KiB, free 434.2 MiB)
[2025-03-30T18:31:45.576+0000] {spark_submit.py:645} INFO - 25/03/30 18:31:45 INFO BlockManagerInfo: Added broadcast_0_piece0 in memory on 4962f173392a:36931 (size: 35.4 KiB, free: 434.4 MiB)
[2025-03-30T18:31:45.628+0000] {spark_submit.py:645} INFO - 25/03/30 18:31:45 INFO SparkContext: Created broadcast 0 from json at NativeMethodAccessorImpl.java:0
[2025-03-30T18:31:46.235+0000] {spark_submit.py:645} INFO - 25/03/30 18:31:46 INFO FileInputFormat: Total input files to process : 1
[2025-03-30T18:31:46.301+0000] {spark_submit.py:645} INFO - 25/03/30 18:31:46 INFO FileInputFormat: Total input files to process : 1
[2025-03-30T18:31:46.337+0000] {spark_submit.py:645} INFO - 25/03/30 18:31:46 INFO SparkContext: Starting job: json at NativeMethodAccessorImpl.java:0
[2025-03-30T18:31:46.364+0000] {spark_submit.py:645} INFO - 25/03/30 18:31:46 INFO DAGScheduler: Got job 0 (json at NativeMethodAccessorImpl.java:0) with 1 output partitions
[2025-03-30T18:31:46.400+0000] {spark_submit.py:645} INFO - 25/03/30 18:31:46 INFO DAGScheduler: Final stage: ResultStage 0 (json at NativeMethodAccessorImpl.java:0)
[2025-03-30T18:31:46.402+0000] {spark_submit.py:645} INFO - 25/03/30 18:31:46 INFO DAGScheduler: Parents of final stage: List()
[2025-03-30T18:31:46.435+0000] {spark_submit.py:645} INFO - 25/03/30 18:31:46 INFO DAGScheduler: Missing parents: List()
[2025-03-30T18:31:46.506+0000] {spark_submit.py:645} INFO - 25/03/30 18:31:46 INFO DAGScheduler: Submitting ResultStage 0 (MapPartitionsRDD[2] at json at NativeMethodAccessorImpl.java:0), which has no missing parents
[2025-03-30T18:31:46.563+0000] {spark_submit.py:645} INFO - 25/03/30 18:31:46 INFO MemoryStore: Block broadcast_1 stored as values in memory (estimated size 9.3 KiB, free 434.2 MiB)
[2025-03-30T18:31:46.564+0000] {spark_submit.py:645} INFO - 25/03/30 18:31:46 INFO MemoryStore: Block broadcast_1_piece0 stored as bytes in memory (estimated size 5.0 KiB, free 434.1 MiB)
[2025-03-30T18:31:46.573+0000] {spark_submit.py:645} INFO - 25/03/30 18:31:46 INFO BlockManagerInfo: Added broadcast_1_piece0 in memory on 4962f173392a:36931 (size: 5.0 KiB, free: 434.4 MiB)
[2025-03-30T18:31:46.591+0000] {spark_submit.py:645} INFO - 25/03/30 18:31:46 INFO SparkContext: Created broadcast 1 from broadcast at DAGScheduler.scala:1585
[2025-03-30T18:31:46.592+0000] {spark_submit.py:645} INFO - 25/03/30 18:31:46 INFO DAGScheduler: Submitting 1 missing tasks from ResultStage 0 (MapPartitionsRDD[2] at json at NativeMethodAccessorImpl.java:0) (first 15 tasks are for partitions Vector(0))
[2025-03-30T18:31:46.593+0000] {spark_submit.py:645} INFO - 25/03/30 18:31:46 INFO TaskSchedulerImpl: Adding task set 0.0 with 1 tasks resource profile 0
[2025-03-30T18:33:13.259+0000] {spark_submit.py:645} INFO - 25/03/30 18:33:12 INFO AsyncEventQueue: Process of event SparkListenerExecutorMetricsUpdate(driver,WrappedArray(),Map((-1,-1) -> org.apache.spark.executor.ExecutorMetrics@54debfeb)) by listener AppStatusListener took 2.610646012s.
[2025-03-30T18:33:50.693+0000] {spark_submit.py:645} INFO - 25/03/30 18:33:50 ERROR TransportRequestHandler: Error sending result StreamResponse[streamId=/jars/aws-java-sdk-bundle-1.12.262.jar,byteCount=280645251,body=FileSegmentManagedBuffer[file=/opt/spark_job/jars/aws-java-sdk-bundle-1.12.262.jar,offset=0,length=280645251]] to /172.18.0.5:33618; closing connection
[2025-03-30T18:33:50.694+0000] {spark_submit.py:645} INFO - java.io.IOException: Broken pipe
[2025-03-30T18:33:50.694+0000] {spark_submit.py:645} INFO - at java.base/sun.nio.ch.FileChannelImpl.transferTo0(Native Method)
[2025-03-30T18:33:50.719+0000] {spark_submit.py:645} INFO - at java.base/sun.nio.ch.FileChannelImpl.transferToDirectlyInternal(FileChannelImpl.java:508)
[2025-03-30T18:33:50.720+0000] {spark_submit.py:645} INFO - at java.base/sun.nio.ch.FileChannelImpl.transferToDirectly(FileChannelImpl.java:573)
[2025-03-30T18:33:50.720+0000] {spark_submit.py:645} INFO - at java.base/sun.nio.ch.FileChannelImpl.transferTo(FileChannelImpl.java:695)
[2025-03-30T18:33:50.720+0000] {spark_submit.py:645} INFO - at io.netty.channel.DefaultFileRegion.transferTo(DefaultFileRegion.java:130)
[2025-03-30T18:33:50.721+0000] {spark_submit.py:645} INFO - at org.apache.spark.network.protocol.MessageWithHeader.transferTo(MessageWithHeader.java:121)
[2025-03-30T18:33:50.721+0000] {spark_submit.py:645} INFO - at io.netty.channel.socket.nio.NioSocketChannel.doWriteFileRegion(NioSocketChannel.java:369)
[2025-03-30T18:33:50.721+0000] {spark_submit.py:645} INFO - at io.netty.channel.nio.AbstractNioByteChannel.doWriteInternal(AbstractNioByteChannel.java:238)
[2025-03-30T18:33:50.721+0000] {spark_submit.py:645} INFO - at io.netty.channel.nio.AbstractNioByteChannel.doWrite0(AbstractNioByteChannel.java:212)
[2025-03-30T18:33:50.722+0000] {spark_submit.py:645} INFO - at io.netty.channel.socket.nio.NioSocketChannel.doWrite(NioSocketChannel.java:407)
[2025-03-30T18:33:50.722+0000] {spark_submit.py:645} INFO - at io.netty.channel.AbstractChannel$AbstractUnsafe.flush0(AbstractChannel.java:931)
[2025-03-30T18:33:50.722+0000] {spark_submit.py:645} INFO - at io.netty.channel.nio.AbstractNioChannel$AbstractNioUnsafe.forceFlush(AbstractNioChannel.java:361)
[2025-03-30T18:33:50.820+0000] {spark_submit.py:645} INFO - at io.netty.channel.nio.NioEventLoop.processSelectedKey(NioEventLoop.java:782)
[2025-03-30T18:33:50.836+0000] {spark_submit.py:645} INFO - at io.netty.channel.nio.NioEventLoop.processSelectedKeysOptimized(NioEventLoop.java:724)
[2025-03-30T18:33:50.837+0000] {spark_submit.py:645} INFO - at io.netty.channel.nio.NioEventLoop.processSelectedKeys(NioEventLoop.java:650)
[2025-03-30T18:33:50.839+0000] {spark_submit.py:645} INFO - at io.netty.channel.nio.NioEventLoop.run(NioEventLoop.java:562)
[2025-03-30T18:33:50.839+0000] {spark_submit.py:645} INFO - at io.netty.util.concurrent.SingleThreadEventExecutor$4.run(SingleThreadEventExecutor.java:997)
[2025-03-30T18:33:50.883+0000] {spark_submit.py:645} INFO - at io.netty.util.internal.ThreadExecutorMap$2.run(ThreadExecutorMap.java:74)
[2025-03-30T18:33:50.883+0000] {spark_submit.py:645} INFO - at io.netty.util.concurrent.FastThreadLocalRunnable.run(FastThreadLocalRunnable.java:30)
[2025-03-30T18:33:50.884+0000] {spark_submit.py:645} INFO - at java.base/java.lang.Thread.run(Thread.java:840)
[2025-03-30T18:33:50.901+0000] {spark_submit.py:645} INFO - 25/03/30 18:33:50 ERROR TaskSchedulerImpl: Lost executor 0 on 172.18.0.5: Unable to create executor due to null
[2025-03-30T18:33:51.086+0000] {spark_submit.py:645} INFO - 25/03/30 18:33:51 INFO DAGScheduler: Executor lost: 0 (epoch 0)
[2025-03-30T18:33:51.217+0000] {spark_submit.py:645} INFO - 25/03/30 18:33:51 INFO BlockManagerMasterEndpoint: Trying to remove executor 0 from BlockManagerMaster.
[2025-03-30T18:33:51.218+0000] {spark_submit.py:645} INFO - 25/03/30 18:33:51 INFO BlockManagerMasterEndpoint: Removing block manager BlockManagerId(0, 172.18.0.5, 41853, None)
[2025-03-30T18:33:51.268+0000] {spark_submit.py:645} INFO - 25/03/30 18:33:51 INFO BlockManagerMaster: Removed 0 successfully in removeExecutor
[2025-03-30T18:33:51.365+0000] {spark_submit.py:645} INFO - 25/03/30 18:33:51 INFO DAGScheduler: Shuffle files lost for executor: 0 (epoch 0)
[2025-03-30T18:33:54.244+0000] {spark_submit.py:645} INFO - 25/03/30 18:33:54 INFO TaskSetManager: Starting task 0.0 in stage 0.0 (TID 0) (172.18.0.5, executor 1, partition 0, PROCESS_LOCAL, 9420 bytes)
[2025-03-30T18:33:54.985+0000] {spark_submit.py:645} INFO - 25/03/30 18:33:54 INFO StandaloneAppClient$ClientEndpoint: Executor updated: app-20250330183122-0008/0 is now EXITED (Command exited with code 1)
[2025-03-30T18:33:55.075+0000] {spark_submit.py:645} INFO - 25/03/30 18:33:54 INFO StandaloneSchedulerBackend: Executor app-20250330183122-0008/0 removed: Command exited with code 1
[2025-03-30T18:33:55.160+0000] {spark_submit.py:645} INFO - 25/03/30 18:33:55 INFO BlockManagerMaster: Removal of executor 0 requested
[2025-03-30T18:33:55.160+0000] {spark_submit.py:645} INFO - 25/03/30 18:33:55 INFO StandaloneSchedulerBackend$StandaloneDriverEndpoint: Asked to remove non-existent executor 0
[2025-03-30T18:33:55.161+0000] {spark_submit.py:645} INFO - 25/03/30 18:33:55 INFO BlockManagerMasterEndpoint: Trying to remove executor 0 from BlockManagerMaster.
[2025-03-30T18:34:02.513+0000] {spark_submit.py:645} INFO - 25/03/30 18:34:02 INFO BlockManagerInfo: Added broadcast_1_piece0 in memory on 172.18.0.5:35489 (size: 5.0 KiB, free: 127.2 MiB)
[2025-03-30T18:34:04.345+0000] {spark_submit.py:645} INFO - 25/03/30 18:34:04 INFO BlockManagerInfo: Added broadcast_0_piece0 in memory on 172.18.0.5:35489 (size: 35.4 KiB, free: 127.2 MiB)
[2025-03-30T18:34:14.296+0000] {spark_submit.py:645} INFO - 25/03/30 18:34:14 INFO StandaloneAppClient$ClientEndpoint: Executor added: app-20250330183122-0008/4 on worker-20250330171833-172.18.0.5-45767 (172.18.0.5:45767) with 1 core(s)
[2025-03-30T18:34:14.372+0000] {spark_submit.py:645} INFO - 25/03/30 18:34:14 INFO StandaloneSchedulerBackend: Granted executor ID app-20250330183122-0008/4 on hostPort 172.18.0.5:45767 with 1 core(s), 512.0 MiB RAM
[2025-03-30T18:34:21.828+0000] {spark_submit.py:645} INFO - 25/03/30 18:34:21 INFO StandaloneAppClient$ClientEndpoint: Executor updated: app-20250330183122-0008/4 is now RUNNING
[2025-03-30T18:34:42.328+0000] {spark_submit.py:645} INFO - 25/03/30 18:34:42 INFO TaskSetManager: Finished task 0.0 in stage 0.0 (TID 0) in 48133 ms on 172.18.0.5 (executor 1) (1/1)
[2025-03-30T18:34:42.375+0000] {spark_submit.py:645} INFO - 25/03/30 18:34:42 INFO DAGScheduler: ResultStage 0 (json at NativeMethodAccessorImpl.java:0) finished in 175.953 s
[2025-03-30T18:34:42.376+0000] {spark_submit.py:645} INFO - 25/03/30 18:34:42 INFO TaskSchedulerImpl: Removed TaskSet 0.0, whose tasks have all completed, from pool
[2025-03-30T18:34:42.384+0000] {spark_submit.py:645} INFO - 25/03/30 18:34:42 INFO DAGScheduler: Job 0 is finished. Cancelling potential speculative or zombie tasks for this job
[2025-03-30T18:34:42.482+0000] {spark_submit.py:645} INFO - 25/03/30 18:34:42 INFO TaskSchedulerImpl: Killing all running tasks in stage 0: Stage finished
[2025-03-30T18:34:42.514+0000] {spark_submit.py:645} INFO - 25/03/30 18:34:42 INFO DAGScheduler: Job 0 finished: json at NativeMethodAccessorImpl.java:0, took 176.386266 s
[2025-03-30T18:34:50.636+0000] {local_task_job_runner.py:310} WARNING - State of this instance has been externally set to restarting. Terminating instance.
[2025-03-30T18:34:50.639+0000] {local_task_job_runner.py:222} INFO - ::endgroup::
[2025-03-30T18:34:51.422+0000] {process_utils.py:132} INFO - Sending 15 to group 2063. PIDs of all processes in the group: [2064, 2123, 2063]
[2025-03-30T18:34:51.423+0000] {process_utils.py:87} INFO - Sending the signal 15 to group 2063
[2025-03-30T18:34:51.424+0000] {taskinstance.py:2611} ERROR - Received SIGTERM. Terminating subprocesses.
[2025-03-30T18:34:51.424+0000] {taskinstance.py:441} INFO - ::group::Post task execution logs
[2025-03-30T18:34:51.449+0000] {process_utils.py:80} INFO - Process psutil.Process(pid=2123, status='terminated', started='18:31:13') (2123) terminated with exit code None
[2025-03-30T18:34:51.522+0000] {taskinstance.py:2905} ERROR - Task failed with exception
Traceback (most recent call last):
  File "/home/airflow/.local/lib/python3.11/site-packages/airflow/models/taskinstance.py", line 465, in _execute_task
    result = _execute_callable(context=context, **execute_callable_kwargs)
             ^^^^^^^^^^^^^^^^^^^^^^^^^^^^^^^^^^^^^^^^^^^^^^^^^^^^^^^^^^^^^
  File "/home/airflow/.local/lib/python3.11/site-packages/airflow/models/taskinstance.py", line 432, in _execute_callable
    return execute_callable(context=context, **execute_callable_kwargs)
           ^^^^^^^^^^^^^^^^^^^^^^^^^^^^^^^^^^^^^^^^^^^^^^^^^^^^^^^^^^^^
  File "/home/airflow/.local/lib/python3.11/site-packages/airflow/models/baseoperator.py", line 401, in wrapper
    return func(self, *args, **kwargs)
           ^^^^^^^^^^^^^^^^^^^^^^^^^^^
  File "/home/airflow/.local/lib/python3.11/site-packages/airflow/operators/python.py", line 235, in execute
    return_value = self.execute_callable()
                   ^^^^^^^^^^^^^^^^^^^^^^^
  File "/home/airflow/.local/lib/python3.11/site-packages/airflow/operators/python.py", line 252, in execute_callable
    return self.python_callable(*self.op_args, **self.op_kwargs)
           ^^^^^^^^^^^^^^^^^^^^^^^^^^^^^^^^^^^^^^^^^^^^^^^^^^^^^
  File "/opt/airflow/dags/etl_pipeline.py", line 97, in spark_dtransformation
    ).execute(kwargs)
      ^^^^^^^^^^^^^^^
  File "/home/airflow/.local/lib/python3.11/site-packages/airflow/models/baseoperator.py", line 401, in wrapper
    return func(self, *args, **kwargs)
           ^^^^^^^^^^^^^^^^^^^^^^^^^^^
  File "/home/airflow/.local/lib/python3.11/site-packages/airflow/providers/apache/spark/operators/spark_submit.py", line 177, in execute
    self._hook.submit(self.application)
  File "/home/airflow/.local/lib/python3.11/site-packages/airflow/providers/apache/spark/hooks/spark_submit.py", line 555, in submit
    self._process_spark_submit_log(iter(self._submit_sp.stdout))  # type: ignore
    ^^^^^^^^^^^^^^^^^^^^^^^^^^^^^^^^^^^^^^^^^^^^^^^^^^^^^^^^^^^^
  File "/home/airflow/.local/lib/python3.11/site-packages/airflow/providers/apache/spark/hooks/spark_submit.py", line 604, in _process_spark_submit_log
    for line in itr:
  File "/home/airflow/.local/lib/python3.11/site-packages/airflow/models/taskinstance.py", line 2613, in signal_handler
    raise AirflowTaskTerminated("Task received SIGTERM signal")
airflow.exceptions.AirflowTaskTerminated: Task received SIGTERM signal
[2025-03-30T18:34:51.554+0000] {taskinstance.py:1206} INFO - Marking task as UP_FOR_RETRY. dag_id=etl_pipeline, task_id=transformation, run_id=manual__2025-03-26T13:33:39.761724+00:00, execution_date=20250326T133339, start_date=20250330T183107, end_date=20250330T183451
[2025-03-30T18:34:52.088+0000] {process_utils.py:80} INFO - Process psutil.Process(pid=2063, status='terminated', exitcode=2, started='18:31:07') (2063) terminated with exit code 2
[2025-03-30T18:34:53.394+0000] {process_utils.py:80} INFO - Process psutil.Process(pid=2064, status='terminated', started='18:31:07') (2064) terminated with exit code None
