[2025-03-26T19:26:56.888+0000] {local_task_job_runner.py:120} INFO - ::group::Pre task execution logs
[2025-03-26T19:26:56.924+0000] {taskinstance.py:2076} INFO - Dependencies all met for dep_context=non-requeueable deps ti=<TaskInstance: etl_pipeline.transformation manual__2025-03-26T13:33:39.761724+00:00 [queued]>
[2025-03-26T19:26:56.936+0000] {taskinstance.py:2076} INFO - Dependencies all met for dep_context=requeueable deps ti=<TaskInstance: etl_pipeline.transformation manual__2025-03-26T13:33:39.761724+00:00 [queued]>
[2025-03-26T19:26:56.937+0000] {taskinstance.py:2306} INFO - Starting attempt 26 of 26
[2025-03-26T19:26:56.970+0000] {taskinstance.py:2330} INFO - Executing <Task(PythonOperator): transformation> on 2025-03-26 13:33:39.761724+00:00
[2025-03-26T19:26:56.975+0000] {standard_task_runner.py:63} INFO - Started process 1713 to run task
[2025-03-26T19:26:56.979+0000] {standard_task_runner.py:90} INFO - Running: ['***', 'tasks', 'run', 'etl_pipeline', 'transformation', 'manual__2025-03-26T13:33:39.761724+00:00', '--job-id', '31', '--raw', '--subdir', 'DAGS_FOLDER/etl_pipeline.py', '--cfg-path', '/tmp/tmpcyvuxt80']
[2025-03-26T19:26:56.981+0000] {standard_task_runner.py:91} INFO - Job 31: Subtask transformation
[2025-03-26T19:26:57.050+0000] {task_command.py:426} INFO - Running <TaskInstance: etl_pipeline.transformation manual__2025-03-26T13:33:39.761724+00:00 [running]> on host 53e3672f02f0
[2025-03-26T19:26:57.186+0000] {taskinstance.py:2648} INFO - Exporting env vars: AIRFLOW_CTX_DAG_OWNER='lobobranco' AIRFLOW_CTX_DAG_ID='etl_pipeline' AIRFLOW_CTX_TASK_ID='transformation' AIRFLOW_CTX_EXECUTION_DATE='2025-03-26T13:33:39.761724+00:00' AIRFLOW_CTX_TRY_NUMBER='26' AIRFLOW_CTX_DAG_RUN_ID='manual__2025-03-26T13:33:39.761724+00:00'
[2025-03-26T19:26:57.188+0000] {taskinstance.py:430} INFO - ::endgroup::
[2025-03-26T19:26:57.214+0000] {etl_pipeline.py:76} INFO - Transforming data from file: s3://raw/playlist_20250326_133348.json
[2025-03-26T19:26:57.215+0000] {logging_mixin.py:188} INFO - File Path: s3://raw/playlist_20250326_133348.json
[2025-03-26T19:26:57.215+0000] {logging_mixin.py:188} INFO - Processed Bucket: processed
[2025-03-26T19:26:57.216+0000] {baseoperator.py:400} WARNING - SparkSubmitOperator.execute cannot be called outside TaskInstance!
[2025-03-26T19:26:57.231+0000] {base.py:84} INFO - Using connection ID 'spark_default' for task execution.
[2025-03-26T19:26:57.232+0000] {spark_submit.py:328} ERROR - Failed to decode base64 keytab: Incorrect padding
[2025-03-26T19:26:57.232+0000] {spark_submit.py:305} INFO - Could not load connection string spark_default, defaulting to spark://spark-master:7077
[2025-03-26T19:26:57.234+0000] {spark_submit.py:474} INFO - Spark-Submit cmd: spark-submit --master spark://spark-master:7077 --conf spark.executor.memory=1g --conf spark.executor.cores=1 --conf spark.jars=/opt/spark_job/jars/aws-java-sdk-bundle-1.12.262.jar,/opt/spark_job/jars/hadoop-aws-3.3.4.jar --conf spark.hadoop.fs.s3a.endpoint=http://minio:9000 --conf spark.hadoop.fs.s3a.access.key=admin --conf spark.hadoop.fs.s3a.secret.key=****** --conf spark.hadoop.fs.s3a.impl=org.apache.hadoop.fs.s3a.S3AFileSystem --conf spark.hadoop.fs.s3a.path.style.access=true --principal *** --name arrow-spark --verbose --deploy-mode client /opt/spark_job/data_transformation.py s3://raw/playlist_20250326_133348.json processed
[2025-03-26T19:26:57.318+0000] {spark_submit.py:645} INFO - /home/***/.local/lib/python3.11/site-packages/pyspark/bin/load-spark-env.sh: line 68: ps: command not found
[2025-03-26T19:26:58.686+0000] {spark_submit.py:645} INFO - Using properties file: null
[2025-03-26T19:26:58.803+0000] {spark_submit.py:645} INFO - Parsed arguments:
[2025-03-26T19:26:58.805+0000] {spark_submit.py:645} INFO - master                  spark://spark-master:7077
[2025-03-26T19:26:58.806+0000] {spark_submit.py:645} INFO - remote                  null
[2025-03-26T19:26:58.806+0000] {spark_submit.py:645} INFO - deployMode              client
[2025-03-26T19:26:58.807+0000] {spark_submit.py:645} INFO - executorMemory          1g
[2025-03-26T19:26:58.808+0000] {spark_submit.py:645} INFO - executorCores           1
[2025-03-26T19:26:58.809+0000] {spark_submit.py:645} INFO - totalExecutorCores      null
[2025-03-26T19:26:58.809+0000] {spark_submit.py:645} INFO - propertiesFile          null
[2025-03-26T19:26:58.810+0000] {spark_submit.py:645} INFO - driverMemory            null
[2025-03-26T19:26:58.810+0000] {spark_submit.py:645} INFO - driverCores             null
[2025-03-26T19:26:58.811+0000] {spark_submit.py:645} INFO - driverExtraClassPath    null
[2025-03-26T19:26:58.811+0000] {spark_submit.py:645} INFO - driverExtraLibraryPath  null
[2025-03-26T19:26:58.811+0000] {spark_submit.py:645} INFO - driverExtraJavaOptions  null
[2025-03-26T19:26:58.812+0000] {spark_submit.py:645} INFO - supervise               false
[2025-03-26T19:26:58.812+0000] {spark_submit.py:645} INFO - queue                   null
[2025-03-26T19:26:58.813+0000] {spark_submit.py:645} INFO - numExecutors            null
[2025-03-26T19:26:58.813+0000] {spark_submit.py:645} INFO - files                   null
[2025-03-26T19:26:58.813+0000] {spark_submit.py:645} INFO - pyFiles                 null
[2025-03-26T19:26:58.814+0000] {spark_submit.py:645} INFO - archives                null
[2025-03-26T19:26:58.814+0000] {spark_submit.py:645} INFO - mainClass               null
[2025-03-26T19:26:58.814+0000] {spark_submit.py:645} INFO - primaryResource         file:/opt/spark_job/data_transformation.py
[2025-03-26T19:26:58.815+0000] {spark_submit.py:645} INFO - name                    arrow-spark
[2025-03-26T19:26:58.815+0000] {spark_submit.py:645} INFO - childArgs               [s3://raw/playlist_20250326_133348.json processed]
[2025-03-26T19:26:58.815+0000] {spark_submit.py:645} INFO - jars                    /opt/spark_job/jars/aws-java-sdk-bundle-1.12.262.jar,/opt/spark_job/jars/hadoop-aws-3.3.4.jar
[2025-03-26T19:26:58.816+0000] {spark_submit.py:645} INFO - packages                null
[2025-03-26T19:26:58.816+0000] {spark_submit.py:645} INFO - packagesExclusions      null
[2025-03-26T19:26:58.816+0000] {spark_submit.py:645} INFO - repositories            null
[2025-03-26T19:26:58.817+0000] {spark_submit.py:645} INFO - verbose                 true
[2025-03-26T19:26:58.817+0000] {spark_submit.py:645} INFO - 
[2025-03-26T19:26:58.817+0000] {spark_submit.py:645} INFO - Spark properties used, including those specified through
[2025-03-26T19:26:58.818+0000] {spark_submit.py:645} INFO - --conf and those from the properties file null:
[2025-03-26T19:26:58.818+0000] {spark_submit.py:645} INFO - (spark.executor.cores,1)
[2025-03-26T19:26:58.818+0000] {spark_submit.py:645} INFO - (spark.executor.memory,1g)
[2025-03-26T19:26:58.819+0000] {spark_submit.py:645} INFO - (spark.hadoop.fs.s3a.access.key,*********(redacted))
[2025-03-26T19:26:58.819+0000] {spark_submit.py:645} INFO - (spark.hadoop.fs.s3a.endpoint,http://minio:9000)
[2025-03-26T19:26:58.819+0000] {spark_submit.py:645} INFO - (spark.hadoop.fs.s3a.impl,org.apache.hadoop.fs.s3a.S3AFileSystem)
[2025-03-26T19:26:58.820+0000] {spark_submit.py:645} INFO - (spark.hadoop.fs.s3a.path.style.access,true)
[2025-03-26T19:26:58.820+0000] {spark_submit.py:645} INFO - (spark.hadoop.fs.s3a.secret.key,*********(redacted))
[2025-03-26T19:26:58.820+0000] {spark_submit.py:645} INFO - (spark.jars,/opt/spark_job/jars/aws-java-sdk-bundle-1.12.262.jar,/opt/spark_job/jars/hadoop-aws-3.3.4.jar)
[2025-03-26T19:26:58.820+0000] {spark_submit.py:645} INFO - 
[2025-03-26T19:26:58.821+0000] {spark_submit.py:645} INFO - 
[2025-03-26T19:26:59.197+0000] {spark_submit.py:645} INFO - 25/03/26 19:26:59 WARN NativeCodeLoader: Unable to load native-hadoop library for your platform... using builtin-java classes where applicable
[2025-03-26T19:26:59.411+0000] {spark_submit.py:645} INFO - Main class:
[2025-03-26T19:26:59.412+0000] {spark_submit.py:645} INFO - org.apache.spark.deploy.PythonRunner
[2025-03-26T19:26:59.412+0000] {spark_submit.py:645} INFO - Arguments:
[2025-03-26T19:26:59.413+0000] {spark_submit.py:645} INFO - file:/opt/spark_job/data_transformation.py
[2025-03-26T19:26:59.413+0000] {spark_submit.py:645} INFO - null
[2025-03-26T19:26:59.414+0000] {spark_submit.py:645} INFO - s3://raw/playlist_20250326_133348.json
[2025-03-26T19:26:59.414+0000] {spark_submit.py:645} INFO - processed
[2025-03-26T19:26:59.415+0000] {spark_submit.py:645} INFO - Spark config:
[2025-03-26T19:26:59.416+0000] {spark_submit.py:645} INFO - (spark.app.name,arrow-spark)
[2025-03-26T19:26:59.416+0000] {spark_submit.py:645} INFO - (spark.app.submitTime,1743017219392)
[2025-03-26T19:26:59.416+0000] {spark_submit.py:645} INFO - (spark.executor.cores,1)
[2025-03-26T19:26:59.417+0000] {spark_submit.py:645} INFO - (spark.executor.memory,1g)
[2025-03-26T19:26:59.417+0000] {spark_submit.py:645} INFO - (spark.hadoop.fs.s3a.access.key,*********(redacted))
[2025-03-26T19:26:59.418+0000] {spark_submit.py:645} INFO - (spark.hadoop.fs.s3a.endpoint,http://minio:9000)
[2025-03-26T19:26:59.418+0000] {spark_submit.py:645} INFO - (spark.hadoop.fs.s3a.impl,org.apache.hadoop.fs.s3a.S3AFileSystem)
[2025-03-26T19:26:59.418+0000] {spark_submit.py:645} INFO - (spark.hadoop.fs.s3a.path.style.access,true)
[2025-03-26T19:26:59.419+0000] {spark_submit.py:645} INFO - (spark.hadoop.fs.s3a.secret.key,*********(redacted))
[2025-03-26T19:26:59.419+0000] {spark_submit.py:645} INFO - (spark.jars,file:///opt/spark_job/jars/aws-java-sdk-bundle-1.12.262.jar,file:///opt/spark_job/jars/hadoop-aws-3.3.4.jar)
[2025-03-26T19:26:59.420+0000] {spark_submit.py:645} INFO - (spark.kerberos.principal,***)
[2025-03-26T19:26:59.420+0000] {spark_submit.py:645} INFO - (spark.master,spark://spark-master:7077)
[2025-03-26T19:26:59.420+0000] {spark_submit.py:645} INFO - (spark.repl.local.jars,file:///opt/spark_job/jars/aws-java-sdk-bundle-1.12.262.jar,file:///opt/spark_job/jars/hadoop-aws-3.3.4.jar)
[2025-03-26T19:26:59.421+0000] {spark_submit.py:645} INFO - (spark.submit.deployMode,client)
[2025-03-26T19:26:59.421+0000] {spark_submit.py:645} INFO - (spark.submit.pyFiles,)
[2025-03-26T19:26:59.422+0000] {spark_submit.py:645} INFO - Classpath elements:
[2025-03-26T19:26:59.422+0000] {spark_submit.py:645} INFO - file:///opt/spark_job/jars/aws-java-sdk-bundle-1.12.262.jar
[2025-03-26T19:26:59.422+0000] {spark_submit.py:645} INFO - file:///opt/spark_job/jars/hadoop-aws-3.3.4.jar
[2025-03-26T19:26:59.423+0000] {spark_submit.py:645} INFO - 
[2025-03-26T19:26:59.423+0000] {spark_submit.py:645} INFO - 
[2025-03-26T19:27:00.629+0000] {spark_submit.py:645} INFO - 2025-03-26 19:27:00,629 - INFO - Iniciando a configuração da Spark Session
[2025-03-26T19:27:01.271+0000] {spark_submit.py:645} INFO - 25/03/26 19:27:01 INFO SparkContext: Running Spark version 3.5.5
[2025-03-26T19:27:01.272+0000] {spark_submit.py:645} INFO - 25/03/26 19:27:01 INFO SparkContext: OS info Linux, 5.15.153.1-microsoft-standard-WSL2, amd64
[2025-03-26T19:27:01.272+0000] {spark_submit.py:645} INFO - 25/03/26 19:27:01 INFO SparkContext: Java version 17.0.14
[2025-03-26T19:27:01.300+0000] {spark_submit.py:645} INFO - 25/03/26 19:27:01 INFO ResourceUtils: ==============================================================
[2025-03-26T19:27:01.300+0000] {spark_submit.py:645} INFO - 25/03/26 19:27:01 INFO ResourceUtils: No custom resources configured for spark.driver.
[2025-03-26T19:27:01.301+0000] {spark_submit.py:645} INFO - 25/03/26 19:27:01 INFO ResourceUtils: ==============================================================
[2025-03-26T19:27:01.301+0000] {spark_submit.py:645} INFO - 25/03/26 19:27:01 INFO SparkContext: Submitted application: Minio Integration with PySpark
[2025-03-26T19:27:01.325+0000] {spark_submit.py:645} INFO - 25/03/26 19:27:01 INFO ResourceProfile: Default ResourceProfile created, executor resources: Map(cores -> name: cores, amount: 1, script: , vendor: , memory -> name: memory, amount: 1024, script: , vendor: , offHeap -> name: offHeap, amount: 0, script: , vendor: ), task resources: Map(cpus -> name: cpus, amount: 1.0)
[2025-03-26T19:27:01.335+0000] {spark_submit.py:645} INFO - 25/03/26 19:27:01 INFO ResourceProfile: Limiting resource is cpus at 1 tasks per executor
[2025-03-26T19:27:01.337+0000] {spark_submit.py:645} INFO - 25/03/26 19:27:01 INFO ResourceProfileManager: Added ResourceProfile id: 0
[2025-03-26T19:27:01.385+0000] {spark_submit.py:645} INFO - 25/03/26 19:27:01 INFO SecurityManager: Changing view acls to: ***
[2025-03-26T19:27:01.385+0000] {spark_submit.py:645} INFO - 25/03/26 19:27:01 INFO SecurityManager: Changing modify acls to: ***
[2025-03-26T19:27:01.386+0000] {spark_submit.py:645} INFO - 25/03/26 19:27:01 INFO SecurityManager: Changing view acls groups to:
[2025-03-26T19:27:01.386+0000] {spark_submit.py:645} INFO - 25/03/26 19:27:01 INFO SecurityManager: Changing modify acls groups to:
[2025-03-26T19:27:01.387+0000] {spark_submit.py:645} INFO - 25/03/26 19:27:01 INFO SecurityManager: SecurityManager: authentication disabled; ui acls disabled; users with view permissions: ***; groups with view permissions: EMPTY; users with modify permissions: ***; groups with modify permissions: EMPTY
[2025-03-26T19:27:01.614+0000] {spark_submit.py:645} INFO - 25/03/26 19:27:01 INFO Utils: Successfully started service 'sparkDriver' on port 38691.
[2025-03-26T19:27:01.649+0000] {spark_submit.py:645} INFO - 25/03/26 19:27:01 INFO SparkEnv: Registering MapOutputTracker
[2025-03-26T19:27:01.688+0000] {spark_submit.py:645} INFO - 25/03/26 19:27:01 INFO SparkEnv: Registering BlockManagerMaster
[2025-03-26T19:27:01.707+0000] {spark_submit.py:645} INFO - 25/03/26 19:27:01 INFO BlockManagerMasterEndpoint: Using org.apache.spark.storage.DefaultTopologyMapper for getting topology information
[2025-03-26T19:27:01.708+0000] {spark_submit.py:645} INFO - 25/03/26 19:27:01 INFO BlockManagerMasterEndpoint: BlockManagerMasterEndpoint up
[2025-03-26T19:27:01.714+0000] {spark_submit.py:645} INFO - 25/03/26 19:27:01 INFO SparkEnv: Registering BlockManagerMasterHeartbeat
[2025-03-26T19:27:01.737+0000] {spark_submit.py:645} INFO - 25/03/26 19:27:01 INFO DiskBlockManager: Created local directory at /tmp/blockmgr-2d74741c-0458-4c46-badd-e27c666fb450
[2025-03-26T19:27:01.751+0000] {spark_submit.py:645} INFO - 25/03/26 19:27:01 INFO MemoryStore: MemoryStore started with capacity 434.4 MiB
[2025-03-26T19:27:01.767+0000] {spark_submit.py:645} INFO - 25/03/26 19:27:01 INFO SparkEnv: Registering OutputCommitCoordinator
[2025-03-26T19:27:01.894+0000] {spark_submit.py:645} INFO - 25/03/26 19:27:01 INFO JettyUtils: Start Jetty 0.0.0.0:4040 for SparkUI
[2025-03-26T19:27:01.980+0000] {spark_submit.py:645} INFO - 25/03/26 19:27:01 INFO Utils: Successfully started service 'SparkUI' on port 4040.
[2025-03-26T19:27:02.020+0000] {spark_submit.py:645} INFO - 25/03/26 19:27:02 INFO SparkContext: Added JAR file:///opt/spark_job/jars/aws-java-sdk-bundle-1.12.262.jar at spark://53e3672f02f0:38691/jars/aws-java-sdk-bundle-1.12.262.jar with timestamp 1743017221263
[2025-03-26T19:27:02.021+0000] {spark_submit.py:645} INFO - 25/03/26 19:27:02 INFO SparkContext: Added JAR file:///opt/spark_job/jars/hadoop-aws-3.3.4.jar at spark://53e3672f02f0:38691/jars/hadoop-aws-3.3.4.jar with timestamp 1743017221263
[2025-03-26T19:27:02.113+0000] {spark_submit.py:645} INFO - 25/03/26 19:27:02 INFO StandaloneAppClient$ClientEndpoint: Connecting to master spark://spark-master:7077...
[2025-03-26T19:27:02.168+0000] {spark_submit.py:645} INFO - 25/03/26 19:27:02 INFO TransportClientFactory: Successfully created connection to spark-master/172.18.0.7:7077 after 26 ms (0 ms spent in bootstraps)
[2025-03-26T19:27:02.276+0000] {spark_submit.py:645} INFO - 25/03/26 19:27:02 INFO StandaloneSchedulerBackend: Connected to Spark cluster with app ID app-20250326192702-0004
[2025-03-26T19:27:02.284+0000] {spark_submit.py:645} INFO - 25/03/26 19:27:02 INFO StandaloneAppClient$ClientEndpoint: Executor added: app-20250326192702-0004/0 on worker-20250326191948-172.18.0.6-43665 (172.18.0.6:43665) with 1 core(s)
[2025-03-26T19:27:02.286+0000] {spark_submit.py:645} INFO - 25/03/26 19:27:02 INFO StandaloneSchedulerBackend: Granted executor ID app-20250326192702-0004/0 on hostPort 172.18.0.6:43665 with 1 core(s), 1024.0 MiB RAM
[2025-03-26T19:27:02.286+0000] {spark_submit.py:645} INFO - 25/03/26 19:27:02 INFO StandaloneAppClient$ClientEndpoint: Executor added: app-20250326192702-0004/1 on worker-20250326191948-172.18.0.6-43665 (172.18.0.6:43665) with 1 core(s)
[2025-03-26T19:27:02.287+0000] {spark_submit.py:645} INFO - 25/03/26 19:27:02 INFO StandaloneSchedulerBackend: Granted executor ID app-20250326192702-0004/1 on hostPort 172.18.0.6:43665 with 1 core(s), 1024.0 MiB RAM
[2025-03-26T19:27:02.287+0000] {spark_submit.py:645} INFO - 25/03/26 19:27:02 INFO StandaloneAppClient$ClientEndpoint: Executor added: app-20250326192702-0004/2 on worker-20250326191948-172.18.0.5-44457 (172.18.0.5:44457) with 1 core(s)
[2025-03-26T19:27:02.290+0000] {spark_submit.py:645} INFO - 25/03/26 19:27:02 INFO StandaloneSchedulerBackend: Granted executor ID app-20250326192702-0004/2 on hostPort 172.18.0.5:44457 with 1 core(s), 1024.0 MiB RAM
[2025-03-26T19:27:02.291+0000] {spark_submit.py:645} INFO - 25/03/26 19:27:02 INFO StandaloneAppClient$ClientEndpoint: Executor added: app-20250326192702-0004/3 on worker-20250326191948-172.18.0.5-44457 (172.18.0.5:44457) with 1 core(s)
[2025-03-26T19:27:02.291+0000] {spark_submit.py:645} INFO - 25/03/26 19:27:02 INFO StandaloneSchedulerBackend: Granted executor ID app-20250326192702-0004/3 on hostPort 172.18.0.5:44457 with 1 core(s), 1024.0 MiB RAM
[2025-03-26T19:27:02.302+0000] {spark_submit.py:645} INFO - 25/03/26 19:27:02 INFO Utils: Successfully started service 'org.apache.spark.network.netty.NettyBlockTransferService' on port 40753.
[2025-03-26T19:27:02.303+0000] {spark_submit.py:645} INFO - 25/03/26 19:27:02 INFO NettyBlockTransferService: Server created on 53e3672f02f0:40753
[2025-03-26T19:27:02.304+0000] {spark_submit.py:645} INFO - 25/03/26 19:27:02 INFO BlockManager: Using org.apache.spark.storage.RandomBlockReplicationPolicy for block replication policy
[2025-03-26T19:27:02.323+0000] {spark_submit.py:645} INFO - 25/03/26 19:27:02 INFO BlockManagerMaster: Registering BlockManager BlockManagerId(driver, 53e3672f02f0, 40753, None)
[2025-03-26T19:27:02.324+0000] {spark_submit.py:645} INFO - 25/03/26 19:27:02 INFO BlockManagerMasterEndpoint: Registering block manager 53e3672f02f0:40753 with 434.4 MiB RAM, BlockManagerId(driver, 53e3672f02f0, 40753, None)
[2025-03-26T19:27:02.329+0000] {spark_submit.py:645} INFO - 25/03/26 19:27:02 INFO BlockManagerMaster: Registered BlockManager BlockManagerId(driver, 53e3672f02f0, 40753, None)
[2025-03-26T19:27:02.331+0000] {spark_submit.py:645} INFO - 25/03/26 19:27:02 INFO BlockManager: Initialized BlockManager: BlockManagerId(driver, 53e3672f02f0, 40753, None)
[2025-03-26T19:27:02.434+0000] {spark_submit.py:645} INFO - 25/03/26 19:27:02 INFO StandaloneAppClient$ClientEndpoint: Executor updated: app-20250326192702-0004/3 is now RUNNING
[2025-03-26T19:27:02.468+0000] {spark_submit.py:645} INFO - 25/03/26 19:27:02 INFO StandaloneAppClient$ClientEndpoint: Executor updated: app-20250326192702-0004/0 is now RUNNING
[2025-03-26T19:27:02.477+0000] {spark_submit.py:645} INFO - 25/03/26 19:27:02 INFO StandaloneAppClient$ClientEndpoint: Executor updated: app-20250326192702-0004/2 is now RUNNING
[2025-03-26T19:27:02.532+0000] {spark_submit.py:645} INFO - 25/03/26 19:27:02 INFO StandaloneAppClient$ClientEndpoint: Executor updated: app-20250326192702-0004/1 is now RUNNING
[2025-03-26T19:27:02.891+0000] {spark_submit.py:645} INFO - 25/03/26 19:27:02 INFO StandaloneSchedulerBackend: SchedulerBackend is ready for scheduling beginning after reached minRegisteredResourcesRatio: 0.0
[2025-03-26T19:27:03.433+0000] {spark_submit.py:645} INFO - 2025-03-26 19:27:03,429 - INFO - Spark Session criada com sucesso
[2025-03-26T19:27:03.443+0000] {spark_submit.py:645} INFO - 25/03/26 19:27:03 INFO SharedState: Setting hive.metastore.warehouse.dir ('null') to the value of spark.sql.warehouse.dir.
[2025-03-26T19:27:03.484+0000] {spark_submit.py:645} INFO - 25/03/26 19:27:03 INFO SharedState: Warehouse path is 'file:/opt/spark-warehouse'.
[2025-03-26T19:27:05.260+0000] {spark_submit.py:645} INFO - 25/03/26 19:27:05 WARN MetricsConfig: Cannot locate configuration: tried hadoop-metrics2-s3a-file-system.properties,hadoop-metrics2.properties
[2025-03-26T19:27:05.284+0000] {spark_submit.py:645} INFO - 25/03/26 19:27:05 INFO MetricsSystemImpl: Scheduled Metric snapshot period at 10 second(s).
[2025-03-26T19:27:05.285+0000] {spark_submit.py:645} INFO - 25/03/26 19:27:05 INFO MetricsSystemImpl: s3a-file-system metrics system started
[2025-03-26T19:27:09.788+0000] {spark_submit.py:645} INFO - 25/03/26 19:27:09 INFO InMemoryFileIndex: It took 175 ms to list leaf files for 1 paths.
[2025-03-26T19:27:10.121+0000] {spark_submit.py:645} INFO - 25/03/26 19:27:10 INFO MemoryStore: Block broadcast_0 stored as values in memory (estimated size 209.2 KiB, free 434.2 MiB)
[2025-03-26T19:27:10.306+0000] {spark_submit.py:645} INFO - 25/03/26 19:27:10 INFO MemoryStore: Block broadcast_0_piece0 stored as bytes in memory (estimated size 35.4 KiB, free 434.2 MiB)
[2025-03-26T19:27:10.307+0000] {spark_submit.py:645} INFO - 25/03/26 19:27:10 INFO BlockManagerInfo: Added broadcast_0_piece0 in memory on 53e3672f02f0:40753 (size: 35.4 KiB, free: 434.4 MiB)
[2025-03-26T19:27:10.314+0000] {spark_submit.py:645} INFO - 25/03/26 19:27:10 INFO SparkContext: Created broadcast 0 from json at NativeMethodAccessorImpl.java:0
[2025-03-26T19:27:11.164+0000] {spark_submit.py:645} INFO - 25/03/26 19:27:11 INFO FileInputFormat: Total input files to process : 1
[2025-03-26T19:27:11.175+0000] {spark_submit.py:645} INFO - 25/03/26 19:27:11 INFO FileInputFormat: Total input files to process : 1
[2025-03-26T19:27:11.204+0000] {spark_submit.py:645} INFO - 25/03/26 19:27:11 INFO SparkContext: Starting job: json at NativeMethodAccessorImpl.java:0
[2025-03-26T19:27:11.256+0000] {spark_submit.py:645} INFO - 25/03/26 19:27:11 INFO DAGScheduler: Got job 0 (json at NativeMethodAccessorImpl.java:0) with 1 output partitions
[2025-03-26T19:27:11.257+0000] {spark_submit.py:645} INFO - 25/03/26 19:27:11 INFO DAGScheduler: Final stage: ResultStage 0 (json at NativeMethodAccessorImpl.java:0)
[2025-03-26T19:27:11.265+0000] {spark_submit.py:645} INFO - 25/03/26 19:27:11 INFO DAGScheduler: Parents of final stage: List()
[2025-03-26T19:27:11.269+0000] {spark_submit.py:645} INFO - 25/03/26 19:27:11 INFO DAGScheduler: Missing parents: List()
[2025-03-26T19:27:11.281+0000] {spark_submit.py:645} INFO - 25/03/26 19:27:11 INFO DAGScheduler: Submitting ResultStage 0 (MapPartitionsRDD[2] at json at NativeMethodAccessorImpl.java:0), which has no missing parents
[2025-03-26T19:27:11.391+0000] {spark_submit.py:645} INFO - 25/03/26 19:27:11 INFO MemoryStore: Block broadcast_1 stored as values in memory (estimated size 9.3 KiB, free 434.2 MiB)
[2025-03-26T19:27:11.480+0000] {spark_submit.py:645} INFO - 25/03/26 19:27:11 INFO MemoryStore: Block broadcast_1_piece0 stored as bytes in memory (estimated size 5.0 KiB, free 434.1 MiB)
[2025-03-26T19:27:11.481+0000] {spark_submit.py:645} INFO - 25/03/26 19:27:11 INFO BlockManagerInfo: Added broadcast_1_piece0 in memory on 53e3672f02f0:40753 (size: 5.0 KiB, free: 434.4 MiB)
[2025-03-26T19:27:11.494+0000] {spark_submit.py:645} INFO - 25/03/26 19:27:11 INFO SparkContext: Created broadcast 1 from broadcast at DAGScheduler.scala:1585
[2025-03-26T19:27:11.528+0000] {spark_submit.py:645} INFO - 25/03/26 19:27:11 INFO DAGScheduler: Submitting 1 missing tasks from ResultStage 0 (MapPartitionsRDD[2] at json at NativeMethodAccessorImpl.java:0) (first 15 tasks are for partitions Vector(0))
[2025-03-26T19:27:11.533+0000] {spark_submit.py:645} INFO - 25/03/26 19:27:11 INFO TaskSchedulerImpl: Adding task set 0.0 with 1 tasks resource profile 0
[2025-03-26T19:27:12.846+0000] {spark_submit.py:645} INFO - 25/03/26 19:27:12 INFO StandaloneSchedulerBackend$StandaloneDriverEndpoint: Registered executor NettyRpcEndpointRef(spark-client://Executor) (172.18.0.6:39036) with ID 0,  ResourceProfileId 0
[2025-03-26T19:27:12.917+0000] {spark_submit.py:645} INFO - 25/03/26 19:27:12 INFO StandaloneSchedulerBackend$StandaloneDriverEndpoint: Registered executor NettyRpcEndpointRef(spark-client://Executor) (172.18.0.5:49554) with ID 2,  ResourceProfileId 0
[2025-03-26T19:27:12.926+0000] {spark_submit.py:645} INFO - 25/03/26 19:27:12 INFO StandaloneSchedulerBackend$StandaloneDriverEndpoint: Registered executor NettyRpcEndpointRef(spark-client://Executor) (172.18.0.6:39050) with ID 1,  ResourceProfileId 0
[2025-03-26T19:27:13.044+0000] {spark_submit.py:645} INFO - 25/03/26 19:27:13 INFO StandaloneSchedulerBackend$StandaloneDriverEndpoint: Registered executor NettyRpcEndpointRef(spark-client://Executor) (172.18.0.5:49552) with ID 3,  ResourceProfileId 0
[2025-03-26T19:27:13.127+0000] {spark_submit.py:645} INFO - 25/03/26 19:27:13 INFO BlockManagerMasterEndpoint: Registering block manager 172.18.0.5:36761 with 434.4 MiB RAM, BlockManagerId(2, 172.18.0.5, 36761, None)
[2025-03-26T19:27:13.129+0000] {spark_submit.py:645} INFO - 25/03/26 19:27:13 INFO BlockManagerMasterEndpoint: Registering block manager 172.18.0.6:45499 with 434.4 MiB RAM, BlockManagerId(0, 172.18.0.6, 45499, None)
[2025-03-26T19:27:13.156+0000] {spark_submit.py:645} INFO - 25/03/26 19:27:13 INFO BlockManagerMasterEndpoint: Registering block manager 172.18.0.6:34687 with 434.4 MiB RAM, BlockManagerId(1, 172.18.0.6, 34687, None)
[2025-03-26T19:27:13.291+0000] {spark_submit.py:645} INFO - 25/03/26 19:27:13 INFO BlockManagerMasterEndpoint: Registering block manager 172.18.0.5:39999 with 434.4 MiB RAM, BlockManagerId(3, 172.18.0.5, 39999, None)
[2025-03-26T19:28:26.761+0000] {local_task_job_runner.py:310} WARNING - State of this instance has been externally set to success. Terminating instance.
[2025-03-26T19:28:26.864+0000] {local_task_job_runner.py:222} INFO - ::endgroup::
[2025-03-26T19:28:27.139+0000] {process_utils.py:132} INFO - Sending 15 to group 1713. PIDs of all processes in the group: [1714, 1769, 1713]
[2025-03-26T19:28:27.161+0000] {process_utils.py:87} INFO - Sending the signal 15 to group 1713
[2025-03-26T19:28:27.388+0000] {taskinstance.py:2611} ERROR - Received SIGTERM. Terminating subprocesses.
[2025-03-26T19:28:27.418+0000] {taskinstance.py:441} INFO - ::group::Post task execution logs
[2025-03-26T19:28:27.730+0000] {process_utils.py:80} INFO - Process psutil.Process(pid=1769, status='terminated', started='19:26:59') (1769) terminated with exit code None
[2025-03-26T19:28:29.356+0000] {process_utils.py:80} INFO - Process psutil.Process(pid=1713, status='terminated', exitcode=0, started='19:26:56') (1713) terminated with exit code 0
[2025-03-26T19:28:36.097+0000] {process_utils.py:80} INFO - Process psutil.Process(pid=1714, status='terminated', started='19:26:56') (1714) terminated with exit code None
