[2025-03-26T14:28:39.259+0000] {local_task_job_runner.py:120} INFO - ::group::Pre task execution logs
[2025-03-26T14:28:39.294+0000] {taskinstance.py:2076} INFO - Dependencies all met for dep_context=non-requeueable deps ti=<TaskInstance: etl_pipeline.transformation manual__2025-03-26T13:33:39.761724+00:00 [queued]>
[2025-03-26T14:28:39.305+0000] {taskinstance.py:2076} INFO - Dependencies all met for dep_context=requeueable deps ti=<TaskInstance: etl_pipeline.transformation manual__2025-03-26T13:33:39.761724+00:00 [queued]>
[2025-03-26T14:28:39.306+0000] {taskinstance.py:2306} INFO - Starting attempt 14 of 15
[2025-03-26T14:28:39.347+0000] {taskinstance.py:2330} INFO - Executing <Task(PythonOperator): transformation> on 2025-03-26 13:33:39.761724+00:00
[2025-03-26T14:28:39.355+0000] {standard_task_runner.py:63} INFO - Started process 1436 to run task
[2025-03-26T14:28:39.359+0000] {standard_task_runner.py:90} INFO - Running: ['***', 'tasks', 'run', 'etl_pipeline', 'transformation', 'manual__2025-03-26T13:33:39.761724+00:00', '--job-id', '18', '--raw', '--subdir', 'DAGS_FOLDER/etl_pipeline.py', '--cfg-path', '/tmp/tmpjjejrqwm']
[2025-03-26T14:28:39.362+0000] {standard_task_runner.py:91} INFO - Job 18: Subtask transformation
[2025-03-26T14:28:39.481+0000] {task_command.py:426} INFO - Running <TaskInstance: etl_pipeline.transformation manual__2025-03-26T13:33:39.761724+00:00 [running]> on host 1ef5fffc4c4a
[2025-03-26T14:28:39.656+0000] {taskinstance.py:2648} INFO - Exporting env vars: AIRFLOW_CTX_DAG_OWNER='lobobranco' AIRFLOW_CTX_DAG_ID='etl_pipeline' AIRFLOW_CTX_TASK_ID='transformation' AIRFLOW_CTX_EXECUTION_DATE='2025-03-26T13:33:39.761724+00:00' AIRFLOW_CTX_TRY_NUMBER='14' AIRFLOW_CTX_DAG_RUN_ID='manual__2025-03-26T13:33:39.761724+00:00'
[2025-03-26T14:28:39.657+0000] {taskinstance.py:430} INFO - ::endgroup::
[2025-03-26T14:28:39.684+0000] {etl_pipeline.py:76} INFO - Transforming data from file: s3://raw/playlist_20250326_133348.json
[2025-03-26T14:28:39.686+0000] {baseoperator.py:400} WARNING - SparkSubmitOperator.execute cannot be called outside TaskInstance!
[2025-03-26T14:28:39.707+0000] {base.py:84} INFO - Using connection ID 'spark_default' for task execution.
[2025-03-26T14:28:39.708+0000] {spark_submit.py:328} ERROR - Failed to decode base64 keytab: Incorrect padding
[2025-03-26T14:28:39.709+0000] {spark_submit.py:305} INFO - Could not load connection string spark_default, defaulting to spark://spark-master:7077
[2025-03-26T14:28:39.711+0000] {spark_submit.py:474} INFO - Spark-Submit cmd: spark-submit --master spark://spark-master:7077 --conf spark.executor.memory=2g --conf spark.executor.cores=2 --conf spark.jars=/opt/spark_job/jars/aws-java-sdk-bundle-1.12.262.jar,/opt/spark_job/jars/hadoop-aws-3.3.4.jar --conf spark.hadoop.fs.s3a.endpoint=http://minio:9000 --conf spark.hadoop.fs.s3a.access.key=admin --conf spark.hadoop.fs.s3a.secret.key=****** --conf spark.hadoop.fs.s3a.impl=org.apache.hadoop.fs.s3a.S3AFileSystem --conf spark.hadoop.fs.s3a.path.style.access=true --principal *** --name arrow-spark --verbose --deploy-mode client /opt/spark_job/data_transformation.py s3://raw/playlist_20250326_133348.json
[2025-03-26T14:28:39.880+0000] {spark_submit.py:645} INFO - /home/***/.local/lib/python3.11/site-packages/pyspark/bin/load-spark-env.sh: line 68: ps: command not found
[2025-03-26T14:28:42.720+0000] {spark_submit.py:645} INFO - Using properties file: null
[2025-03-26T14:28:42.870+0000] {spark_submit.py:645} INFO - Parsed arguments:
[2025-03-26T14:28:42.871+0000] {spark_submit.py:645} INFO - master                  spark://spark-master:7077
[2025-03-26T14:28:42.872+0000] {spark_submit.py:645} INFO - remote                  null
[2025-03-26T14:28:42.872+0000] {spark_submit.py:645} INFO - deployMode              client
[2025-03-26T14:28:42.873+0000] {spark_submit.py:645} INFO - executorMemory          2g
[2025-03-26T14:28:42.873+0000] {spark_submit.py:645} INFO - executorCores           2
[2025-03-26T14:28:42.874+0000] {spark_submit.py:645} INFO - totalExecutorCores      null
[2025-03-26T14:28:42.874+0000] {spark_submit.py:645} INFO - propertiesFile          null
[2025-03-26T14:28:42.874+0000] {spark_submit.py:645} INFO - driverMemory            null
[2025-03-26T14:28:42.875+0000] {spark_submit.py:645} INFO - driverCores             null
[2025-03-26T14:28:42.875+0000] {spark_submit.py:645} INFO - driverExtraClassPath    null
[2025-03-26T14:28:42.875+0000] {spark_submit.py:645} INFO - driverExtraLibraryPath  null
[2025-03-26T14:28:42.875+0000] {spark_submit.py:645} INFO - driverExtraJavaOptions  null
[2025-03-26T14:28:42.876+0000] {spark_submit.py:645} INFO - supervise               false
[2025-03-26T14:28:42.876+0000] {spark_submit.py:645} INFO - queue                   null
[2025-03-26T14:28:42.877+0000] {spark_submit.py:645} INFO - numExecutors            null
[2025-03-26T14:28:42.877+0000] {spark_submit.py:645} INFO - files                   null
[2025-03-26T14:28:42.877+0000] {spark_submit.py:645} INFO - pyFiles                 null
[2025-03-26T14:28:42.877+0000] {spark_submit.py:645} INFO - archives                null
[2025-03-26T14:28:42.878+0000] {spark_submit.py:645} INFO - mainClass               null
[2025-03-26T14:28:42.878+0000] {spark_submit.py:645} INFO - primaryResource         file:/opt/spark_job/data_transformation.py
[2025-03-26T14:28:42.879+0000] {spark_submit.py:645} INFO - name                    arrow-spark
[2025-03-26T14:28:42.879+0000] {spark_submit.py:645} INFO - childArgs               [s3://raw/playlist_20250326_133348.json]
[2025-03-26T14:28:42.879+0000] {spark_submit.py:645} INFO - jars                    /opt/spark_job/jars/aws-java-sdk-bundle-1.12.262.jar,/opt/spark_job/jars/hadoop-aws-3.3.4.jar
[2025-03-26T14:28:42.880+0000] {spark_submit.py:645} INFO - packages                null
[2025-03-26T14:28:42.880+0000] {spark_submit.py:645} INFO - packagesExclusions      null
[2025-03-26T14:28:42.880+0000] {spark_submit.py:645} INFO - repositories            null
[2025-03-26T14:28:42.881+0000] {spark_submit.py:645} INFO - verbose                 true
[2025-03-26T14:28:42.881+0000] {spark_submit.py:645} INFO - 
[2025-03-26T14:28:42.881+0000] {spark_submit.py:645} INFO - Spark properties used, including those specified through
[2025-03-26T14:28:42.881+0000] {spark_submit.py:645} INFO - --conf and those from the properties file null:
[2025-03-26T14:28:42.882+0000] {spark_submit.py:645} INFO - (spark.executor.cores,2)
[2025-03-26T14:28:42.882+0000] {spark_submit.py:645} INFO - (spark.executor.memory,2g)
[2025-03-26T14:28:42.882+0000] {spark_submit.py:645} INFO - (spark.hadoop.fs.s3a.access.key,*********(redacted))
[2025-03-26T14:28:42.883+0000] {spark_submit.py:645} INFO - (spark.hadoop.fs.s3a.endpoint,http://minio:9000)
[2025-03-26T14:28:42.883+0000] {spark_submit.py:645} INFO - (spark.hadoop.fs.s3a.impl,org.apache.hadoop.fs.s3a.S3AFileSystem)
[2025-03-26T14:28:42.883+0000] {spark_submit.py:645} INFO - (spark.hadoop.fs.s3a.path.style.access,true)
[2025-03-26T14:28:42.883+0000] {spark_submit.py:645} INFO - (spark.hadoop.fs.s3a.secret.key,*********(redacted))
[2025-03-26T14:28:42.884+0000] {spark_submit.py:645} INFO - (spark.jars,/opt/spark_job/jars/aws-java-sdk-bundle-1.12.262.jar,/opt/spark_job/jars/hadoop-aws-3.3.4.jar)
[2025-03-26T14:28:42.884+0000] {spark_submit.py:645} INFO - 
[2025-03-26T14:28:42.884+0000] {spark_submit.py:645} INFO - 
[2025-03-26T14:28:43.184+0000] {spark_submit.py:645} INFO - 25/03/26 14:28:43 WARN NativeCodeLoader: Unable to load native-hadoop library for your platform... using builtin-java classes where applicable
[2025-03-26T14:28:43.430+0000] {spark_submit.py:645} INFO - Main class:
[2025-03-26T14:28:43.431+0000] {spark_submit.py:645} INFO - org.apache.spark.deploy.PythonRunner
[2025-03-26T14:28:43.431+0000] {spark_submit.py:645} INFO - Arguments:
[2025-03-26T14:28:43.432+0000] {spark_submit.py:645} INFO - file:/opt/spark_job/data_transformation.py
[2025-03-26T14:28:43.432+0000] {spark_submit.py:645} INFO - null
[2025-03-26T14:28:43.432+0000] {spark_submit.py:645} INFO - s3://raw/playlist_20250326_133348.json
[2025-03-26T14:28:43.434+0000] {spark_submit.py:645} INFO - Spark config:
[2025-03-26T14:28:43.435+0000] {spark_submit.py:645} INFO - (spark.app.name,arrow-spark)
[2025-03-26T14:28:43.438+0000] {spark_submit.py:645} INFO - (spark.app.submitTime,1742999323409)
[2025-03-26T14:28:43.439+0000] {spark_submit.py:645} INFO - (spark.executor.cores,2)
[2025-03-26T14:28:43.441+0000] {spark_submit.py:645} INFO - (spark.executor.memory,2g)
[2025-03-26T14:28:43.441+0000] {spark_submit.py:645} INFO - (spark.hadoop.fs.s3a.access.key,*********(redacted))
[2025-03-26T14:28:43.442+0000] {spark_submit.py:645} INFO - (spark.hadoop.fs.s3a.endpoint,http://minio:9000)
[2025-03-26T14:28:43.442+0000] {spark_submit.py:645} INFO - (spark.hadoop.fs.s3a.impl,org.apache.hadoop.fs.s3a.S3AFileSystem)
[2025-03-26T14:28:43.442+0000] {spark_submit.py:645} INFO - (spark.hadoop.fs.s3a.path.style.access,true)
[2025-03-26T14:28:43.443+0000] {spark_submit.py:645} INFO - (spark.hadoop.fs.s3a.secret.key,*********(redacted))
[2025-03-26T14:28:43.443+0000] {spark_submit.py:645} INFO - (spark.jars,file:///opt/spark_job/jars/aws-java-sdk-bundle-1.12.262.jar,file:///opt/spark_job/jars/hadoop-aws-3.3.4.jar)
[2025-03-26T14:28:43.444+0000] {spark_submit.py:645} INFO - (spark.kerberos.principal,***)
[2025-03-26T14:28:43.444+0000] {spark_submit.py:645} INFO - (spark.master,spark://spark-master:7077)
[2025-03-26T14:28:43.444+0000] {spark_submit.py:645} INFO - (spark.repl.local.jars,file:///opt/spark_job/jars/aws-java-sdk-bundle-1.12.262.jar,file:///opt/spark_job/jars/hadoop-aws-3.3.4.jar)
[2025-03-26T14:28:43.445+0000] {spark_submit.py:645} INFO - (spark.submit.deployMode,client)
[2025-03-26T14:28:43.445+0000] {spark_submit.py:645} INFO - (spark.submit.pyFiles,)
[2025-03-26T14:28:43.446+0000] {spark_submit.py:645} INFO - Classpath elements:
[2025-03-26T14:28:43.446+0000] {spark_submit.py:645} INFO - file:///opt/spark_job/jars/aws-java-sdk-bundle-1.12.262.jar
[2025-03-26T14:28:43.446+0000] {spark_submit.py:645} INFO - file:///opt/spark_job/jars/hadoop-aws-3.3.4.jar
[2025-03-26T14:28:43.447+0000] {spark_submit.py:645} INFO - 
[2025-03-26T14:28:43.447+0000] {spark_submit.py:645} INFO - 
[2025-03-26T14:28:45.774+0000] {spark_submit.py:645} INFO - 25/03/26 14:28:45 INFO SparkContext: Running Spark version 3.5.5
[2025-03-26T14:28:45.776+0000] {spark_submit.py:645} INFO - 25/03/26 14:28:45 INFO SparkContext: OS info Linux, 5.15.153.1-microsoft-standard-WSL2, amd64
[2025-03-26T14:28:45.777+0000] {spark_submit.py:645} INFO - 25/03/26 14:28:45 INFO SparkContext: Java version 17.0.14
[2025-03-26T14:28:45.826+0000] {spark_submit.py:645} INFO - 25/03/26 14:28:45 INFO ResourceUtils: ==============================================================
[2025-03-26T14:28:45.827+0000] {spark_submit.py:645} INFO - 25/03/26 14:28:45 INFO ResourceUtils: No custom resources configured for spark.driver.
[2025-03-26T14:28:45.828+0000] {spark_submit.py:645} INFO - 25/03/26 14:28:45 INFO ResourceUtils: ==============================================================
[2025-03-26T14:28:45.829+0000] {spark_submit.py:645} INFO - 25/03/26 14:28:45 INFO SparkContext: Submitted application: Minio Integration with PySpark
[2025-03-26T14:28:45.865+0000] {spark_submit.py:645} INFO - 25/03/26 14:28:45 INFO ResourceProfile: Default ResourceProfile created, executor resources: Map(cores -> name: cores, amount: 2, script: , vendor: , memory -> name: memory, amount: 2048, script: , vendor: , offHeap -> name: offHeap, amount: 0, script: , vendor: ), task resources: Map(cpus -> name: cpus, amount: 1.0)
[2025-03-26T14:28:45.886+0000] {spark_submit.py:645} INFO - 25/03/26 14:28:45 INFO ResourceProfile: Limiting resource is cpus at 2 tasks per executor
[2025-03-26T14:28:45.888+0000] {spark_submit.py:645} INFO - 25/03/26 14:28:45 INFO ResourceProfileManager: Added ResourceProfile id: 0
[2025-03-26T14:28:45.985+0000] {spark_submit.py:645} INFO - 25/03/26 14:28:45 INFO SecurityManager: Changing view acls to: ***
[2025-03-26T14:28:45.987+0000] {spark_submit.py:645} INFO - 25/03/26 14:28:45 INFO SecurityManager: Changing modify acls to: ***
[2025-03-26T14:28:45.989+0000] {spark_submit.py:645} INFO - 25/03/26 14:28:45 INFO SecurityManager: Changing view acls groups to:
[2025-03-26T14:28:46.000+0000] {spark_submit.py:645} INFO - 25/03/26 14:28:45 INFO SecurityManager: Changing modify acls groups to:
[2025-03-26T14:28:46.002+0000] {spark_submit.py:645} INFO - 25/03/26 14:28:45 INFO SecurityManager: SecurityManager: authentication disabled; ui acls disabled; users with view permissions: ***; groups with view permissions: EMPTY; users with modify permissions: ***; groups with modify permissions: EMPTY
[2025-03-26T14:28:46.357+0000] {spark_submit.py:645} INFO - 25/03/26 14:28:46 INFO Utils: Successfully started service 'sparkDriver' on port 38571.
[2025-03-26T14:28:46.420+0000] {spark_submit.py:645} INFO - 25/03/26 14:28:46 INFO SparkEnv: Registering MapOutputTracker
[2025-03-26T14:28:46.471+0000] {spark_submit.py:645} INFO - 25/03/26 14:28:46 INFO SparkEnv: Registering BlockManagerMaster
[2025-03-26T14:28:46.494+0000] {spark_submit.py:645} INFO - 25/03/26 14:28:46 INFO BlockManagerMasterEndpoint: Using org.apache.spark.storage.DefaultTopologyMapper for getting topology information
[2025-03-26T14:28:46.495+0000] {spark_submit.py:645} INFO - 25/03/26 14:28:46 INFO BlockManagerMasterEndpoint: BlockManagerMasterEndpoint up
[2025-03-26T14:28:46.501+0000] {spark_submit.py:645} INFO - 25/03/26 14:28:46 INFO SparkEnv: Registering BlockManagerMasterHeartbeat
[2025-03-26T14:28:46.527+0000] {spark_submit.py:645} INFO - 25/03/26 14:28:46 INFO DiskBlockManager: Created local directory at /tmp/blockmgr-f9d75980-94d7-4e31-b64d-a4413e78a595
[2025-03-26T14:28:46.541+0000] {spark_submit.py:645} INFO - 25/03/26 14:28:46 INFO MemoryStore: MemoryStore started with capacity 434.4 MiB
[2025-03-26T14:28:46.559+0000] {spark_submit.py:645} INFO - 25/03/26 14:28:46 INFO SparkEnv: Registering OutputCommitCoordinator
[2025-03-26T14:28:46.691+0000] {spark_submit.py:645} INFO - 25/03/26 14:28:46 INFO JettyUtils: Start Jetty 0.0.0.0:4040 for SparkUI
[2025-03-26T14:28:46.791+0000] {spark_submit.py:645} INFO - 25/03/26 14:28:46 INFO Utils: Successfully started service 'SparkUI' on port 4040.
[2025-03-26T14:28:46.848+0000] {spark_submit.py:645} INFO - 25/03/26 14:28:46 INFO SparkContext: Added JAR file:///opt/spark_job/jars/aws-java-sdk-bundle-1.12.262.jar at spark://1ef5fffc4c4a:38571/jars/aws-java-sdk-bundle-1.12.262.jar with timestamp 1742999325763
[2025-03-26T14:28:46.850+0000] {spark_submit.py:645} INFO - 25/03/26 14:28:46 INFO SparkContext: Added JAR file:///opt/spark_job/jars/hadoop-aws-3.3.4.jar at spark://1ef5fffc4c4a:38571/jars/hadoop-aws-3.3.4.jar with timestamp 1742999325763
[2025-03-26T14:28:46.967+0000] {spark_submit.py:645} INFO - 25/03/26 14:28:46 INFO StandaloneAppClient$ClientEndpoint: Connecting to master spark://spark-master:7077...
[2025-03-26T14:28:47.102+0000] {spark_submit.py:645} INFO - 25/03/26 14:28:47 INFO TransportClientFactory: Successfully created connection to spark-master/172.18.0.8:7077 after 60 ms (0 ms spent in bootstraps)
[2025-03-26T14:28:47.640+0000] {spark_submit.py:645} INFO - 25/03/26 14:28:47 INFO StandaloneSchedulerBackend: Connected to Spark cluster with app ID app-20250326142847-0000
[2025-03-26T14:28:47.660+0000] {spark_submit.py:645} INFO - 25/03/26 14:28:47 INFO Utils: Successfully started service 'org.apache.spark.network.netty.NettyBlockTransferService' on port 37761.
[2025-03-26T14:28:47.660+0000] {spark_submit.py:645} INFO - 25/03/26 14:28:47 INFO NettyBlockTransferService: Server created on 1ef5fffc4c4a:37761
[2025-03-26T14:28:47.662+0000] {spark_submit.py:645} INFO - 25/03/26 14:28:47 INFO BlockManager: Using org.apache.spark.storage.RandomBlockReplicationPolicy for block replication policy
[2025-03-26T14:28:47.674+0000] {spark_submit.py:645} INFO - 25/03/26 14:28:47 INFO BlockManagerMaster: Registering BlockManager BlockManagerId(driver, 1ef5fffc4c4a, 37761, None)
[2025-03-26T14:28:47.678+0000] {spark_submit.py:645} INFO - 25/03/26 14:28:47 INFO BlockManagerMasterEndpoint: Registering block manager 1ef5fffc4c4a:37761 with 434.4 MiB RAM, BlockManagerId(driver, 1ef5fffc4c4a, 37761, None)
[2025-03-26T14:28:47.681+0000] {spark_submit.py:645} INFO - 25/03/26 14:28:47 INFO BlockManagerMaster: Registered BlockManager BlockManagerId(driver, 1ef5fffc4c4a, 37761, None)
[2025-03-26T14:28:47.682+0000] {spark_submit.py:645} INFO - 25/03/26 14:28:47 INFO BlockManager: Initialized BlockManager: BlockManagerId(driver, 1ef5fffc4c4a, 37761, None)
[2025-03-26T14:28:48.244+0000] {spark_submit.py:645} INFO - 25/03/26 14:28:48 INFO StandaloneSchedulerBackend: SchedulerBackend is ready for scheduling beginning after reached minRegisteredResourcesRatio: 0.0
[2025-03-26T14:28:54.927+0000] {spark_submit.py:645} INFO - 25/03/26 14:28:54 INFO SharedState: Setting hive.metastore.warehouse.dir ('null') to the value of spark.sql.warehouse.dir.
[2025-03-26T14:28:55.950+0000] {spark_submit.py:645} INFO - 25/03/26 14:28:54 INFO SharedState: Warehouse path is 'file:/opt/spark-warehouse'.
[2025-03-26T14:29:00.661+0000] {spark_submit.py:645} INFO - 25/03/26 14:29:00 INFO StandaloneAppClient$ClientEndpoint: Executor added: app-20250326142847-0000/0 on worker-20250326142430-172.18.0.7-38431 (172.18.0.7:38431) with 2 core(s)
[2025-03-26T14:29:00.768+0000] {spark_submit.py:645} INFO - 25/03/26 14:29:00 INFO StandaloneSchedulerBackend: Granted executor ID app-20250326142847-0000/0 on hostPort 172.18.0.7:38431 with 2 core(s), 2.0 GiB RAM
[2025-03-26T14:29:00.778+0000] {spark_submit.py:645} INFO - 25/03/26 14:29:00 INFO StandaloneAppClient$ClientEndpoint: Executor added: app-20250326142847-0000/1 on worker-20250326142429-172.18.0.6-44057 (172.18.0.6:44057) with 2 core(s)
[2025-03-26T14:29:00.784+0000] {spark_submit.py:645} INFO - 25/03/26 14:29:00 INFO StandaloneSchedulerBackend: Granted executor ID app-20250326142847-0000/1 on hostPort 172.18.0.6:44057 with 2 core(s), 2.0 GiB RAM
[2025-03-26T14:29:02.608+0000] {spark_submit.py:645} INFO - 25/03/26 14:29:02 INFO StandaloneAppClient$ClientEndpoint: Executor updated: app-20250326142847-0000/0 is now RUNNING
[2025-03-26T14:29:02.622+0000] {spark_submit.py:645} INFO - 25/03/26 14:29:02 INFO StandaloneAppClient$ClientEndpoint: Executor updated: app-20250326142847-0000/1 is now RUNNING
[2025-03-26T14:29:02.636+0000] {spark_submit.py:645} INFO - 25/03/26 14:29:02 WARN MetricsConfig: Cannot locate configuration: tried hadoop-metrics2-s3a-file-system.properties,hadoop-metrics2.properties
[2025-03-26T14:29:02.689+0000] {spark_submit.py:645} INFO - 25/03/26 14:29:02 INFO MetricsSystemImpl: Scheduled Metric snapshot period at 10 second(s).
[2025-03-26T14:29:02.690+0000] {spark_submit.py:645} INFO - 25/03/26 14:29:02 INFO MetricsSystemImpl: s3a-file-system metrics system started
[2025-03-26T14:29:22.134+0000] {spark_submit.py:645} INFO - 25/03/26 14:29:22 INFO InMemoryFileIndex: It took 332 ms to list leaf files for 1 paths.
[2025-03-26T14:29:22.404+0000] {spark_submit.py:645} INFO - 25/03/26 14:29:22 INFO MemoryStore: Block broadcast_0 stored as values in memory (estimated size 209.2 KiB, free 434.2 MiB)
[2025-03-26T14:29:22.858+0000] {spark_submit.py:645} INFO - 25/03/26 14:29:22 INFO MemoryStore: Block broadcast_0_piece0 stored as bytes in memory (estimated size 35.5 KiB, free 434.2 MiB)
[2025-03-26T14:29:22.869+0000] {spark_submit.py:645} INFO - 25/03/26 14:29:22 INFO BlockManagerInfo: Added broadcast_0_piece0 in memory on 1ef5fffc4c4a:37761 (size: 35.5 KiB, free: 434.4 MiB)
[2025-03-26T14:29:22.874+0000] {spark_submit.py:645} INFO - 25/03/26 14:29:22 INFO SparkContext: Created broadcast 0 from json at NativeMethodAccessorImpl.java:0
[2025-03-26T14:29:24.134+0000] {spark_submit.py:645} INFO - 25/03/26 14:29:24 INFO FileInputFormat: Total input files to process : 1
[2025-03-26T14:29:24.147+0000] {spark_submit.py:645} INFO - 25/03/26 14:29:24 INFO FileInputFormat: Total input files to process : 1
[2025-03-26T14:29:24.202+0000] {spark_submit.py:645} INFO - 25/03/26 14:29:24 INFO SparkContext: Starting job: json at NativeMethodAccessorImpl.java:0
[2025-03-26T14:29:24.260+0000] {spark_submit.py:645} INFO - 25/03/26 14:29:24 INFO DAGScheduler: Got job 0 (json at NativeMethodAccessorImpl.java:0) with 1 output partitions
[2025-03-26T14:29:24.262+0000] {spark_submit.py:645} INFO - 25/03/26 14:29:24 INFO DAGScheduler: Final stage: ResultStage 0 (json at NativeMethodAccessorImpl.java:0)
[2025-03-26T14:29:24.265+0000] {spark_submit.py:645} INFO - 25/03/26 14:29:24 INFO DAGScheduler: Parents of final stage: List()
[2025-03-26T14:29:24.271+0000] {spark_submit.py:645} INFO - 25/03/26 14:29:24 INFO DAGScheduler: Missing parents: List()
[2025-03-26T14:29:24.272+0000] {spark_submit.py:645} INFO - 25/03/26 14:29:24 INFO DAGScheduler: Submitting ResultStage 0 (MapPartitionsRDD[2] at json at NativeMethodAccessorImpl.java:0), which has no missing parents
[2025-03-26T14:29:24.391+0000] {spark_submit.py:645} INFO - 25/03/26 14:29:24 INFO MemoryStore: Block broadcast_1 stored as values in memory (estimated size 9.3 KiB, free 434.2 MiB)
[2025-03-26T14:29:24.396+0000] {spark_submit.py:645} INFO - 25/03/26 14:29:24 INFO MemoryStore: Block broadcast_1_piece0 stored as bytes in memory (estimated size 5.0 KiB, free 434.1 MiB)
[2025-03-26T14:29:24.417+0000] {spark_submit.py:645} INFO - 25/03/26 14:29:24 INFO BlockManagerInfo: Added broadcast_1_piece0 in memory on 1ef5fffc4c4a:37761 (size: 5.0 KiB, free: 434.4 MiB)
[2025-03-26T14:29:24.417+0000] {spark_submit.py:645} INFO - 25/03/26 14:29:24 INFO SparkContext: Created broadcast 1 from broadcast at DAGScheduler.scala:1585
[2025-03-26T14:29:24.449+0000] {spark_submit.py:645} INFO - 25/03/26 14:29:24 INFO DAGScheduler: Submitting 1 missing tasks from ResultStage 0 (MapPartitionsRDD[2] at json at NativeMethodAccessorImpl.java:0) (first 15 tasks are for partitions Vector(0))
[2025-03-26T14:29:24.450+0000] {spark_submit.py:645} INFO - 25/03/26 14:29:24 INFO TaskSchedulerImpl: Adding task set 0.0 with 1 tasks resource profile 0
[2025-03-26T14:29:24.695+0000] {spark_submit.py:645} INFO - 25/03/26 14:29:24 INFO StandaloneSchedulerBackend$StandaloneDriverEndpoint: Registered executor NettyRpcEndpointRef(spark-client://Executor) (172.18.0.6:46990) with ID 1,  ResourceProfileId 0
[2025-03-26T14:29:24.698+0000] {spark_submit.py:645} INFO - 25/03/26 14:29:24 INFO StandaloneSchedulerBackend$StandaloneDriverEndpoint: Registered executor NettyRpcEndpointRef(spark-client://Executor) (172.18.0.7:58704) with ID 0,  ResourceProfileId 0
[2025-03-26T14:29:24.850+0000] {spark_submit.py:645} INFO - 25/03/26 14:29:24 INFO BlockManagerMasterEndpoint: Registering block manager 172.18.0.6:32899 with 1048.8 MiB RAM, BlockManagerId(1, 172.18.0.6, 32899, None)
[2025-03-26T14:29:24.866+0000] {spark_submit.py:645} INFO - 25/03/26 14:29:24 INFO BlockManagerMasterEndpoint: Registering block manager 172.18.0.7:36669 with 1048.8 MiB RAM, BlockManagerId(0, 172.18.0.7, 36669, None)
[2025-03-26T14:30:30.554+0000] {spark_submit.py:645} INFO - 25/03/26 14:30:30 INFO TaskSetManager: Starting task 0.0 in stage 0.0 (TID 0) (172.18.0.6, executor 1, partition 0, PROCESS_LOCAL, 9420 bytes)
[2025-03-26T14:30:33.621+0000] {spark_submit.py:645} INFO - 25/03/26 14:30:33 INFO BlockManagerInfo: Added broadcast_1_piece0 in memory on 172.18.0.6:32899 (size: 5.0 KiB, free: 1048.8 MiB)
[2025-03-26T14:30:43.140+0000] {spark_submit.py:645} INFO - 25/03/26 14:30:43 INFO BlockManagerInfo: Added broadcast_0_piece0 in memory on 172.18.0.6:32899 (size: 35.5 KiB, free: 1048.8 MiB)
[2025-03-26T14:31:09.906+0000] {spark_submit.py:645} INFO - 25/03/26 14:31:09 INFO TaskSetManager: Finished task 0.0 in stage 0.0 (TID 0) in 39489 ms on 172.18.0.6 (executor 1) (1/1)
[2025-03-26T14:31:09.914+0000] {spark_submit.py:645} INFO - 25/03/26 14:31:09 INFO TaskSchedulerImpl: Removed TaskSet 0.0, whose tasks have all completed, from pool
[2025-03-26T14:31:09.929+0000] {spark_submit.py:645} INFO - 25/03/26 14:31:09 INFO DAGScheduler: ResultStage 0 (json at NativeMethodAccessorImpl.java:0) finished in 105.587 s
[2025-03-26T14:31:09.935+0000] {spark_submit.py:645} INFO - 25/03/26 14:31:09 INFO DAGScheduler: Job 0 is finished. Cancelling potential speculative or zombie tasks for this job
[2025-03-26T14:31:09.937+0000] {spark_submit.py:645} INFO - 25/03/26 14:31:09 INFO TaskSchedulerImpl: Killing all running tasks in stage 0: Stage finished
[2025-03-26T14:31:10.021+0000] {spark_submit.py:645} INFO - 25/03/26 14:31:10 INFO DAGScheduler: Job 0 finished: json at NativeMethodAccessorImpl.java:0, took 105.755010 s
[2025-03-26T14:31:13.610+0000] {spark_submit.py:645} INFO - Traceback (most recent call last):
[2025-03-26T14:31:13.611+0000] {spark_submit.py:645} INFO - File "/opt/spark_job/data_transformation.py", line 50, in <module>
[2025-03-26T14:31:13.614+0000] {spark_submit.py:645} INFO - data_transformation(spark, file_path)
[2025-03-26T14:31:13.614+0000] {spark_submit.py:645} INFO - File "/opt/spark_job/data_transformation.py", line 32, in data_transformation
[2025-03-26T14:31:13.617+0000] {spark_submit.py:645} INFO - logger.info(f"Data written successfully to {file_full_path}")
[2025-03-26T14:31:13.618+0000] {spark_submit.py:645} INFO - ^^^^^^^^^^^^^^
[2025-03-26T14:31:13.618+0000] {spark_submit.py:645} INFO - UnboundLocalError: cannot access local variable 'file_full_path' where it is not associated with a value
[2025-03-26T14:31:13.689+0000] {spark_submit.py:645} INFO - 25/03/26 14:31:13 INFO SparkContext: Invoking stop() from shutdown hook
[2025-03-26T14:31:13.690+0000] {spark_submit.py:645} INFO - 25/03/26 14:31:13 INFO SparkContext: SparkContext is stopping with exitCode 0.
[2025-03-26T14:31:13.699+0000] {spark_submit.py:645} INFO - 25/03/26 14:31:13 INFO SparkUI: Stopped Spark web UI at http://1ef5fffc4c4a:4040
[2025-03-26T14:31:13.703+0000] {spark_submit.py:645} INFO - 25/03/26 14:31:13 INFO StandaloneSchedulerBackend: Shutting down all executors
[2025-03-26T14:31:13.704+0000] {spark_submit.py:645} INFO - 25/03/26 14:31:13 INFO StandaloneSchedulerBackend$StandaloneDriverEndpoint: Asking each executor to shut down
[2025-03-26T14:31:13.742+0000] {spark_submit.py:645} INFO - 25/03/26 14:31:13 INFO MapOutputTrackerMasterEndpoint: MapOutputTrackerMasterEndpoint stopped!
[2025-03-26T14:31:13.809+0000] {spark_submit.py:645} INFO - 25/03/26 14:31:13 INFO MemoryStore: MemoryStore cleared
[2025-03-26T14:31:13.811+0000] {spark_submit.py:645} INFO - 25/03/26 14:31:13 INFO BlockManager: BlockManager stopped
[2025-03-26T14:31:13.820+0000] {spark_submit.py:645} INFO - 25/03/26 14:31:13 INFO BlockManagerMaster: BlockManagerMaster stopped
[2025-03-26T14:31:13.824+0000] {spark_submit.py:645} INFO - 25/03/26 14:31:13 INFO OutputCommitCoordinator$OutputCommitCoordinatorEndpoint: OutputCommitCoordinator stopped!
[2025-03-26T14:31:13.848+0000] {spark_submit.py:645} INFO - 25/03/26 14:31:13 INFO SparkContext: Successfully stopped SparkContext
[2025-03-26T14:31:13.849+0000] {spark_submit.py:645} INFO - 25/03/26 14:31:13 INFO ShutdownHookManager: Shutdown hook called
[2025-03-26T14:31:13.849+0000] {spark_submit.py:645} INFO - 25/03/26 14:31:13 INFO ShutdownHookManager: Deleting directory /tmp/spark-f2cf416a-d469-4398-b0ff-b6927dd62656
[2025-03-26T14:31:13.855+0000] {spark_submit.py:645} INFO - 25/03/26 14:31:13 INFO ShutdownHookManager: Deleting directory /tmp/spark-f2cf416a-d469-4398-b0ff-b6927dd62656/pyspark-8b00c2f9-2cad-4b6c-971e-4bfd48bc5088
[2025-03-26T14:31:13.861+0000] {spark_submit.py:645} INFO - 25/03/26 14:31:13 INFO ShutdownHookManager: Deleting directory /tmp/spark-11967f31-7634-4a5b-9899-241964942c66
[2025-03-26T14:31:13.879+0000] {spark_submit.py:645} INFO - 25/03/26 14:31:13 INFO MetricsSystemImpl: Stopping s3a-file-system metrics system...
[2025-03-26T14:31:13.879+0000] {spark_submit.py:645} INFO - 25/03/26 14:31:13 INFO MetricsSystemImpl: s3a-file-system metrics system stopped.
[2025-03-26T14:31:13.880+0000] {spark_submit.py:645} INFO - 25/03/26 14:31:13 INFO MetricsSystemImpl: s3a-file-system metrics system shutdown complete.
[2025-03-26T14:31:13.926+0000] {taskinstance.py:441} INFO - ::group::Post task execution logs
[2025-03-26T14:31:13.939+0000] {taskinstance.py:2905} ERROR - Task failed with exception
Traceback (most recent call last):
  File "/home/airflow/.local/lib/python3.11/site-packages/airflow/models/taskinstance.py", line 465, in _execute_task
    result = _execute_callable(context=context, **execute_callable_kwargs)
             ^^^^^^^^^^^^^^^^^^^^^^^^^^^^^^^^^^^^^^^^^^^^^^^^^^^^^^^^^^^^^
  File "/home/airflow/.local/lib/python3.11/site-packages/airflow/models/taskinstance.py", line 432, in _execute_callable
    return execute_callable(context=context, **execute_callable_kwargs)
           ^^^^^^^^^^^^^^^^^^^^^^^^^^^^^^^^^^^^^^^^^^^^^^^^^^^^^^^^^^^^
  File "/home/airflow/.local/lib/python3.11/site-packages/airflow/models/baseoperator.py", line 401, in wrapper
    return func(self, *args, **kwargs)
           ^^^^^^^^^^^^^^^^^^^^^^^^^^^
  File "/home/airflow/.local/lib/python3.11/site-packages/airflow/operators/python.py", line 235, in execute
    return_value = self.execute_callable()
                   ^^^^^^^^^^^^^^^^^^^^^^^
  File "/home/airflow/.local/lib/python3.11/site-packages/airflow/operators/python.py", line 252, in execute_callable
    return self.python_callable(*self.op_args, **self.op_kwargs)
           ^^^^^^^^^^^^^^^^^^^^^^^^^^^^^^^^^^^^^^^^^^^^^^^^^^^^^
  File "/opt/airflow/dags/etl_pipeline.py", line 95, in spark_dtransformation
    ).execute(kwargs)
      ^^^^^^^^^^^^^^^
  File "/home/airflow/.local/lib/python3.11/site-packages/airflow/models/baseoperator.py", line 401, in wrapper
    return func(self, *args, **kwargs)
           ^^^^^^^^^^^^^^^^^^^^^^^^^^^
  File "/home/airflow/.local/lib/python3.11/site-packages/airflow/providers/apache/spark/operators/spark_submit.py", line 177, in execute
    self._hook.submit(self.application)
  File "/home/airflow/.local/lib/python3.11/site-packages/airflow/providers/apache/spark/hooks/spark_submit.py", line 567, in submit
    raise AirflowException(
airflow.exceptions.AirflowException: Cannot execute: spark-submit --master spark://spark-master:7077 --conf spark.executor.memory=2g --conf spark.executor.cores=2 --conf spark.jars=/opt/spark_job/jars/aws-java-sdk-bundle-1.12.262.jar,/opt/spark_job/jars/hadoop-aws-3.3.4.jar --conf spark.hadoop.fs.s3a.endpoint=http://minio:9000 --conf spark.hadoop.fs.s3a.access.key=admin --conf spark.hadoop.fs.s3a.secret.key=****** --conf spark.hadoop.fs.s3a.impl=org.apache.hadoop.fs.s3a.S3AFileSystem --conf spark.hadoop.fs.s3a.path.style.access=true --principal *** --name arrow-spark --verbose --deploy-mode client /opt/spark_job/data_transformation.py s3://raw/playlist_20250326_133348.json. Error code is: 1.
[2025-03-26T14:31:13.947+0000] {taskinstance.py:1206} INFO - Marking task as UP_FOR_RETRY. dag_id=etl_pipeline, task_id=transformation, run_id=manual__2025-03-26T13:33:39.761724+00:00, execution_date=20250326T133339, start_date=20250326T142839, end_date=20250326T143113
[2025-03-26T14:31:13.997+0000] {standard_task_runner.py:110} ERROR - Failed to execute job 18 for task transformation (Cannot execute: spark-submit --master spark://spark-master:7077 --conf spark.executor.memory=2g --conf spark.executor.cores=2 --conf spark.jars=/opt/spark_job/jars/aws-java-sdk-bundle-1.12.262.jar,/opt/spark_job/jars/hadoop-aws-3.3.4.jar --conf spark.hadoop.fs.s3a.endpoint=http://minio:9000 --conf spark.hadoop.fs.s3a.access.key=admin --conf spark.hadoop.fs.s3a.secret.key=****** --conf spark.hadoop.fs.s3a.impl=org.apache.hadoop.fs.s3a.S3AFileSystem --conf spark.hadoop.fs.s3a.path.style.access=true --principal *** --name arrow-spark --verbose --deploy-mode client /opt/spark_job/data_transformation.py s3://raw/playlist_20250326_133348.json. Error code is: 1.; 1436)
[2025-03-26T14:31:14.049+0000] {local_task_job_runner.py:240} INFO - Task exited with return code 1
[2025-03-26T14:31:14.075+0000] {taskinstance.py:3503} INFO - 0 downstream tasks scheduled from follow-on schedule check
[2025-03-26T14:31:14.106+0000] {local_task_job_runner.py:222} INFO - ::endgroup::
