[2025-03-29T01:10:22.423+0000] {local_task_job_runner.py:120} INFO - ::group::Pre task execution logs
[2025-03-29T01:10:22.456+0000] {taskinstance.py:2076} INFO - Dependencies all met for dep_context=non-requeueable deps ti=<TaskInstance: etl_pipeline.transformation manual__2025-03-26T13:33:39.761724+00:00 [queued]>
[2025-03-29T01:10:22.464+0000] {taskinstance.py:2076} INFO - Dependencies all met for dep_context=requeueable deps ti=<TaskInstance: etl_pipeline.transformation manual__2025-03-26T13:33:39.761724+00:00 [queued]>
[2025-03-29T01:10:22.465+0000] {taskinstance.py:2306} INFO - Starting attempt 51 of 50
[2025-03-29T01:10:22.616+0000] {taskinstance.py:2330} INFO - Executing <Task(PythonOperator): transformation> on 2025-03-26 13:33:39.761724+00:00
[2025-03-29T01:10:22.622+0000] {standard_task_runner.py:63} INFO - Started process 171 to run task
[2025-03-29T01:10:22.624+0000] {standard_task_runner.py:90} INFO - Running: ['***', 'tasks', 'run', 'etl_pipeline', 'transformation', 'manual__2025-03-26T13:33:39.761724+00:00', '--job-id', '96', '--raw', '--subdir', 'DAGS_FOLDER/etl_pipeline.py', '--cfg-path', '/tmp/tmplaqoqlm3']
[2025-03-29T01:10:22.627+0000] {standard_task_runner.py:91} INFO - Job 96: Subtask transformation
[2025-03-29T01:10:22.729+0000] {task_command.py:426} INFO - Running <TaskInstance: etl_pipeline.transformation manual__2025-03-26T13:33:39.761724+00:00 [running]> on host 0078b745cbba
[2025-03-29T01:10:23.102+0000] {taskinstance.py:2648} INFO - Exporting env vars: AIRFLOW_CTX_DAG_OWNER='lobobranco' AIRFLOW_CTX_DAG_ID='etl_pipeline' AIRFLOW_CTX_TASK_ID='transformation' AIRFLOW_CTX_EXECUTION_DATE='2025-03-26T13:33:39.761724+00:00' AIRFLOW_CTX_TRY_NUMBER='51' AIRFLOW_CTX_DAG_RUN_ID='manual__2025-03-26T13:33:39.761724+00:00'
[2025-03-29T01:10:23.103+0000] {taskinstance.py:430} INFO - ::endgroup::
[2025-03-29T01:10:23.129+0000] {etl_pipeline.py:76} INFO - Transforming data from file: s3://raw/playlist_20250328_235234.json
[2025-03-29T01:10:23.130+0000] {logging_mixin.py:188} INFO - File Path: s3://raw/playlist_20250328_235234.json
[2025-03-29T01:10:23.130+0000] {logging_mixin.py:188} INFO - Processed Bucket: processed
[2025-03-29T01:10:23.132+0000] {baseoperator.py:400} WARNING - SparkSubmitOperator.execute cannot be called outside TaskInstance!
[2025-03-29T01:10:23.143+0000] {base.py:84} INFO - Using connection ID 'spark_default' for task execution.
[2025-03-29T01:10:23.144+0000] {spark_submit.py:328} ERROR - Failed to decode base64 keytab: Incorrect padding
[2025-03-29T01:10:23.145+0000] {spark_submit.py:305} INFO - Could not load connection string spark_default, defaulting to spark://spark-master:7077
[2025-03-29T01:10:23.146+0000] {spark_submit.py:474} INFO - Spark-Submit cmd: spark-submit --master spark://spark-master:7077 --conf spark.executor.memory=512m --conf spark.executor.cores=1 --conf spark.jars=/opt/spark_job/jars/aws-java-sdk-bundle-1.12.262.jar,/opt/spark_job/jars/hadoop-aws-3.3.4.jar --conf spark.hadoop.fs.s3a.endpoint=http://minio:9000 --conf spark.hadoop.fs.s3a.access.key=admin --conf spark.hadoop.fs.s3a.secret.key=****** --conf spark.hadoop.fs.s3a.impl=org.apache.hadoop.fs.s3a.S3AFileSystem --conf spark.hadoop.fs.s3a.path.style.access=true --principal *** --name arrow-spark --verbose --deploy-mode client /opt/spark_job/data_transformation.py s3://raw/playlist_20250328_235234.json processed
[2025-03-29T01:10:23.484+0000] {spark_submit.py:645} INFO - /home/***/.local/lib/python3.11/site-packages/pyspark/bin/load-spark-env.sh: line 68: ps: command not found
[2025-03-29T01:10:25.208+0000] {spark_submit.py:645} INFO - Using properties file: null
[2025-03-29T01:10:25.339+0000] {spark_submit.py:645} INFO - Parsed arguments:
[2025-03-29T01:10:25.340+0000] {spark_submit.py:645} INFO - master                  spark://spark-master:7077
[2025-03-29T01:10:25.340+0000] {spark_submit.py:645} INFO - remote                  null
[2025-03-29T01:10:25.341+0000] {spark_submit.py:645} INFO - deployMode              client
[2025-03-29T01:10:25.341+0000] {spark_submit.py:645} INFO - executorMemory          512m
[2025-03-29T01:10:25.341+0000] {spark_submit.py:645} INFO - executorCores           1
[2025-03-29T01:10:25.342+0000] {spark_submit.py:645} INFO - totalExecutorCores      null
[2025-03-29T01:10:25.342+0000] {spark_submit.py:645} INFO - propertiesFile          null
[2025-03-29T01:10:25.342+0000] {spark_submit.py:645} INFO - driverMemory            null
[2025-03-29T01:10:25.343+0000] {spark_submit.py:645} INFO - driverCores             null
[2025-03-29T01:10:25.343+0000] {spark_submit.py:645} INFO - driverExtraClassPath    null
[2025-03-29T01:10:25.343+0000] {spark_submit.py:645} INFO - driverExtraLibraryPath  null
[2025-03-29T01:10:25.343+0000] {spark_submit.py:645} INFO - driverExtraJavaOptions  null
[2025-03-29T01:10:25.344+0000] {spark_submit.py:645} INFO - supervise               false
[2025-03-29T01:10:25.344+0000] {spark_submit.py:645} INFO - queue                   null
[2025-03-29T01:10:25.344+0000] {spark_submit.py:645} INFO - numExecutors            null
[2025-03-29T01:10:25.345+0000] {spark_submit.py:645} INFO - files                   null
[2025-03-29T01:10:25.345+0000] {spark_submit.py:645} INFO - pyFiles                 null
[2025-03-29T01:10:25.345+0000] {spark_submit.py:645} INFO - archives                null
[2025-03-29T01:10:25.346+0000] {spark_submit.py:645} INFO - mainClass               null
[2025-03-29T01:10:25.346+0000] {spark_submit.py:645} INFO - primaryResource         file:/opt/spark_job/data_transformation.py
[2025-03-29T01:10:25.347+0000] {spark_submit.py:645} INFO - name                    arrow-spark
[2025-03-29T01:10:25.347+0000] {spark_submit.py:645} INFO - childArgs               [s3://raw/playlist_20250328_235234.json processed]
[2025-03-29T01:10:25.347+0000] {spark_submit.py:645} INFO - jars                    /opt/spark_job/jars/aws-java-sdk-bundle-1.12.262.jar,/opt/spark_job/jars/hadoop-aws-3.3.4.jar
[2025-03-29T01:10:25.347+0000] {spark_submit.py:645} INFO - packages                null
[2025-03-29T01:10:25.348+0000] {spark_submit.py:645} INFO - packagesExclusions      null
[2025-03-29T01:10:25.348+0000] {spark_submit.py:645} INFO - repositories            null
[2025-03-29T01:10:25.348+0000] {spark_submit.py:645} INFO - verbose                 true
[2025-03-29T01:10:25.349+0000] {spark_submit.py:645} INFO - 
[2025-03-29T01:10:25.349+0000] {spark_submit.py:645} INFO - Spark properties used, including those specified through
[2025-03-29T01:10:25.349+0000] {spark_submit.py:645} INFO - --conf and those from the properties file null:
[2025-03-29T01:10:25.350+0000] {spark_submit.py:645} INFO - (spark.executor.cores,1)
[2025-03-29T01:10:25.350+0000] {spark_submit.py:645} INFO - (spark.executor.memory,512m)
[2025-03-29T01:10:25.350+0000] {spark_submit.py:645} INFO - (spark.hadoop.fs.s3a.access.key,*********(redacted))
[2025-03-29T01:10:25.351+0000] {spark_submit.py:645} INFO - (spark.hadoop.fs.s3a.endpoint,http://minio:9000)
[2025-03-29T01:10:25.351+0000] {spark_submit.py:645} INFO - (spark.hadoop.fs.s3a.impl,org.apache.hadoop.fs.s3a.S3AFileSystem)
[2025-03-29T01:10:25.351+0000] {spark_submit.py:645} INFO - (spark.hadoop.fs.s3a.path.style.access,true)
[2025-03-29T01:10:25.351+0000] {spark_submit.py:645} INFO - (spark.hadoop.fs.s3a.secret.key,*********(redacted))
[2025-03-29T01:10:25.352+0000] {spark_submit.py:645} INFO - (spark.jars,/opt/spark_job/jars/aws-java-sdk-bundle-1.12.262.jar,/opt/spark_job/jars/hadoop-aws-3.3.4.jar)
[2025-03-29T01:10:25.352+0000] {spark_submit.py:645} INFO - 
[2025-03-29T01:10:25.352+0000] {spark_submit.py:645} INFO - 
[2025-03-29T01:10:25.686+0000] {spark_submit.py:645} INFO - 25/03/29 01:10:25 WARN NativeCodeLoader: Unable to load native-hadoop library for your platform... using builtin-java classes where applicable
[2025-03-29T01:10:25.896+0000] {spark_submit.py:645} INFO - Main class:
[2025-03-29T01:10:25.897+0000] {spark_submit.py:645} INFO - org.apache.spark.deploy.PythonRunner
[2025-03-29T01:10:25.897+0000] {spark_submit.py:645} INFO - Arguments:
[2025-03-29T01:10:25.897+0000] {spark_submit.py:645} INFO - file:/opt/spark_job/data_transformation.py
[2025-03-29T01:10:25.898+0000] {spark_submit.py:645} INFO - null
[2025-03-29T01:10:25.898+0000] {spark_submit.py:645} INFO - s3://raw/playlist_20250328_235234.json
[2025-03-29T01:10:25.898+0000] {spark_submit.py:645} INFO - processed
[2025-03-29T01:10:25.900+0000] {spark_submit.py:645} INFO - Spark config:
[2025-03-29T01:10:25.900+0000] {spark_submit.py:645} INFO - (spark.app.name,arrow-spark)
[2025-03-29T01:10:25.901+0000] {spark_submit.py:645} INFO - (spark.app.submitTime,1743210625876)
[2025-03-29T01:10:25.901+0000] {spark_submit.py:645} INFO - (spark.executor.cores,1)
[2025-03-29T01:10:25.901+0000] {spark_submit.py:645} INFO - (spark.executor.memory,512m)
[2025-03-29T01:10:25.902+0000] {spark_submit.py:645} INFO - (spark.hadoop.fs.s3a.access.key,*********(redacted))
[2025-03-29T01:10:25.902+0000] {spark_submit.py:645} INFO - (spark.hadoop.fs.s3a.endpoint,http://minio:9000)
[2025-03-29T01:10:25.902+0000] {spark_submit.py:645} INFO - (spark.hadoop.fs.s3a.impl,org.apache.hadoop.fs.s3a.S3AFileSystem)
[2025-03-29T01:10:25.903+0000] {spark_submit.py:645} INFO - (spark.hadoop.fs.s3a.path.style.access,true)
[2025-03-29T01:10:25.903+0000] {spark_submit.py:645} INFO - (spark.hadoop.fs.s3a.secret.key,*********(redacted))
[2025-03-29T01:10:25.904+0000] {spark_submit.py:645} INFO - (spark.jars,file:///opt/spark_job/jars/aws-java-sdk-bundle-1.12.262.jar,file:///opt/spark_job/jars/hadoop-aws-3.3.4.jar)
[2025-03-29T01:10:25.904+0000] {spark_submit.py:645} INFO - (spark.kerberos.principal,***)
[2025-03-29T01:10:25.904+0000] {spark_submit.py:645} INFO - (spark.master,spark://spark-master:7077)
[2025-03-29T01:10:25.905+0000] {spark_submit.py:645} INFO - (spark.repl.local.jars,file:///opt/spark_job/jars/aws-java-sdk-bundle-1.12.262.jar,file:///opt/spark_job/jars/hadoop-aws-3.3.4.jar)
[2025-03-29T01:10:25.905+0000] {spark_submit.py:645} INFO - (spark.submit.deployMode,client)
[2025-03-29T01:10:25.906+0000] {spark_submit.py:645} INFO - (spark.submit.pyFiles,)
[2025-03-29T01:10:25.906+0000] {spark_submit.py:645} INFO - Classpath elements:
[2025-03-29T01:10:25.907+0000] {spark_submit.py:645} INFO - file:///opt/spark_job/jars/aws-java-sdk-bundle-1.12.262.jar
[2025-03-29T01:10:25.907+0000] {spark_submit.py:645} INFO - file:///opt/spark_job/jars/hadoop-aws-3.3.4.jar
[2025-03-29T01:10:25.908+0000] {spark_submit.py:645} INFO - 
[2025-03-29T01:10:25.908+0000] {spark_submit.py:645} INFO - 
[2025-03-29T01:10:29.411+0000] {spark_submit.py:645} INFO - 2025-03-29 01:10:29,410 - INFO - Iniciando a configuração da Spark Session
[2025-03-29T01:10:30.090+0000] {spark_submit.py:645} INFO - 25/03/29 01:10:30 INFO SparkContext: Running Spark version 3.5.5
[2025-03-29T01:10:30.091+0000] {spark_submit.py:645} INFO - 25/03/29 01:10:30 INFO SparkContext: OS info Linux, 5.15.153.1-microsoft-standard-WSL2, amd64
[2025-03-29T01:10:30.091+0000] {spark_submit.py:645} INFO - 25/03/29 01:10:30 INFO SparkContext: Java version 17.0.14
[2025-03-29T01:10:30.124+0000] {spark_submit.py:645} INFO - 25/03/29 01:10:30 INFO ResourceUtils: ==============================================================
[2025-03-29T01:10:30.125+0000] {spark_submit.py:645} INFO - 25/03/29 01:10:30 INFO ResourceUtils: No custom resources configured for spark.driver.
[2025-03-29T01:10:30.125+0000] {spark_submit.py:645} INFO - 25/03/29 01:10:30 INFO ResourceUtils: ==============================================================
[2025-03-29T01:10:30.126+0000] {spark_submit.py:645} INFO - 25/03/29 01:10:30 INFO SparkContext: Submitted application: Minio Integration with PySpark
[2025-03-29T01:10:30.148+0000] {spark_submit.py:645} INFO - 25/03/29 01:10:30 INFO ResourceProfile: Default ResourceProfile created, executor resources: Map(cores -> name: cores, amount: 1, script: , vendor: , memory -> name: memory, amount: 512, script: , vendor: , offHeap -> name: offHeap, amount: 0, script: , vendor: ), task resources: Map(cpus -> name: cpus, amount: 1.0)
[2025-03-29T01:10:30.160+0000] {spark_submit.py:645} INFO - 25/03/29 01:10:30 INFO ResourceProfile: Limiting resource is cpus at 1 tasks per executor
[2025-03-29T01:10:30.163+0000] {spark_submit.py:645} INFO - 25/03/29 01:10:30 INFO ResourceProfileManager: Added ResourceProfile id: 0
[2025-03-29T01:10:30.215+0000] {spark_submit.py:645} INFO - 25/03/29 01:10:30 INFO SecurityManager: Changing view acls to: ***
[2025-03-29T01:10:30.216+0000] {spark_submit.py:645} INFO - 25/03/29 01:10:30 INFO SecurityManager: Changing modify acls to: ***
[2025-03-29T01:10:30.217+0000] {spark_submit.py:645} INFO - 25/03/29 01:10:30 INFO SecurityManager: Changing view acls groups to:
[2025-03-29T01:10:30.219+0000] {spark_submit.py:645} INFO - 25/03/29 01:10:30 INFO SecurityManager: Changing modify acls groups to:
[2025-03-29T01:10:30.220+0000] {spark_submit.py:645} INFO - 25/03/29 01:10:30 INFO SecurityManager: SecurityManager: authentication disabled; ui acls disabled; users with view permissions: ***; groups with view permissions: EMPTY; users with modify permissions: ***; groups with modify permissions: EMPTY
[2025-03-29T01:10:30.473+0000] {spark_submit.py:645} INFO - 25/03/29 01:10:30 INFO Utils: Successfully started service 'sparkDriver' on port 44693.
[2025-03-29T01:10:30.534+0000] {spark_submit.py:645} INFO - 25/03/29 01:10:30 INFO SparkEnv: Registering MapOutputTracker
[2025-03-29T01:10:30.575+0000] {spark_submit.py:645} INFO - 25/03/29 01:10:30 INFO SparkEnv: Registering BlockManagerMaster
[2025-03-29T01:10:30.596+0000] {spark_submit.py:645} INFO - 25/03/29 01:10:30 INFO BlockManagerMasterEndpoint: Using org.apache.spark.storage.DefaultTopologyMapper for getting topology information
[2025-03-29T01:10:30.596+0000] {spark_submit.py:645} INFO - 25/03/29 01:10:30 INFO BlockManagerMasterEndpoint: BlockManagerMasterEndpoint up
[2025-03-29T01:10:30.600+0000] {spark_submit.py:645} INFO - 25/03/29 01:10:30 INFO SparkEnv: Registering BlockManagerMasterHeartbeat
[2025-03-29T01:10:30.621+0000] {spark_submit.py:645} INFO - 25/03/29 01:10:30 INFO DiskBlockManager: Created local directory at /tmp/blockmgr-91de0ddf-595f-4d8b-8a5d-f39f0f4a0b8a
[2025-03-29T01:10:30.635+0000] {spark_submit.py:645} INFO - 25/03/29 01:10:30 INFO MemoryStore: MemoryStore started with capacity 434.4 MiB
[2025-03-29T01:10:30.649+0000] {spark_submit.py:645} INFO - 25/03/29 01:10:30 INFO SparkEnv: Registering OutputCommitCoordinator
[2025-03-29T01:10:30.782+0000] {spark_submit.py:645} INFO - 25/03/29 01:10:30 INFO JettyUtils: Start Jetty 0.0.0.0:4040 for SparkUI
[2025-03-29T01:10:30.878+0000] {spark_submit.py:645} INFO - 25/03/29 01:10:30 INFO Utils: Successfully started service 'SparkUI' on port 4040.
[2025-03-29T01:10:30.934+0000] {spark_submit.py:645} INFO - 25/03/29 01:10:30 INFO SparkContext: Added JAR file:///opt/spark_job/jars/aws-java-sdk-bundle-1.12.262.jar at spark://0078b745cbba:44693/jars/aws-java-sdk-bundle-1.12.262.jar with timestamp 1743210630083
[2025-03-29T01:10:30.937+0000] {spark_submit.py:645} INFO - 25/03/29 01:10:30 INFO SparkContext: Added JAR file:///opt/spark_job/jars/hadoop-aws-3.3.4.jar at spark://0078b745cbba:44693/jars/hadoop-aws-3.3.4.jar with timestamp 1743210630083
[2025-03-29T01:10:31.032+0000] {spark_submit.py:645} INFO - 25/03/29 01:10:31 INFO StandaloneAppClient$ClientEndpoint: Connecting to master spark://spark-master:7077...
[2025-03-29T01:10:34.484+0000] {spark_submit.py:645} INFO - 25/03/29 01:10:34 WARN TransportClientFactory: DNS resolution failed for spark-master/<unresolved>:7077 took 3434 ms
[2025-03-29T01:10:34.517+0000] {spark_submit.py:645} INFO - 25/03/29 01:10:34 WARN StandaloneAppClient$ClientEndpoint: Failed to connect to master spark-master:7077
[2025-03-29T01:10:34.518+0000] {spark_submit.py:645} INFO - org.apache.spark.SparkException: Exception thrown in awaitResult:
[2025-03-29T01:10:34.518+0000] {spark_submit.py:645} INFO - at org.apache.spark.util.SparkThreadUtils$.awaitResult(SparkThreadUtils.scala:56)
[2025-03-29T01:10:34.518+0000] {spark_submit.py:645} INFO - at org.apache.spark.util.ThreadUtils$.awaitResult(ThreadUtils.scala:310)
[2025-03-29T01:10:34.518+0000] {spark_submit.py:645} INFO - at org.apache.spark.rpc.RpcTimeout.awaitResult(RpcTimeout.scala:75)
[2025-03-29T01:10:34.519+0000] {spark_submit.py:645} INFO - at org.apache.spark.rpc.RpcEnv.setupEndpointRefByURI(RpcEnv.scala:102)
[2025-03-29T01:10:34.520+0000] {spark_submit.py:645} INFO - at org.apache.spark.rpc.RpcEnv.setupEndpointRef(RpcEnv.scala:110)
[2025-03-29T01:10:34.520+0000] {spark_submit.py:645} INFO - at org.apache.spark.deploy.client.StandaloneAppClient$ClientEndpoint$$anon$1.run(StandaloneAppClient.scala:108)
[2025-03-29T01:10:34.521+0000] {spark_submit.py:645} INFO - at java.base/java.util.concurrent.Executors$RunnableAdapter.call(Executors.java:539)
[2025-03-29T01:10:34.521+0000] {spark_submit.py:645} INFO - at java.base/java.util.concurrent.FutureTask.run(FutureTask.java:264)
[2025-03-29T01:10:34.521+0000] {spark_submit.py:645} INFO - at java.base/java.util.concurrent.ThreadPoolExecutor.runWorker(ThreadPoolExecutor.java:1136)
[2025-03-29T01:10:34.522+0000] {spark_submit.py:645} INFO - at java.base/java.util.concurrent.ThreadPoolExecutor$Worker.run(ThreadPoolExecutor.java:635)
[2025-03-29T01:10:34.522+0000] {spark_submit.py:645} INFO - at java.base/java.lang.Thread.run(Thread.java:840)
[2025-03-29T01:10:34.522+0000] {spark_submit.py:645} INFO - Caused by: java.io.IOException: Failed to connect to spark-master/<unresolved>:7077
[2025-03-29T01:10:34.523+0000] {spark_submit.py:645} INFO - at org.apache.spark.network.client.TransportClientFactory.createClient(TransportClientFactory.java:294)
[2025-03-29T01:10:34.523+0000] {spark_submit.py:645} INFO - at org.apache.spark.network.client.TransportClientFactory.createClient(TransportClientFactory.java:214)
[2025-03-29T01:10:34.523+0000] {spark_submit.py:645} INFO - at org.apache.spark.network.client.TransportClientFactory.createClient(TransportClientFactory.java:226)
[2025-03-29T01:10:34.523+0000] {spark_submit.py:645} INFO - at org.apache.spark.rpc.netty.NettyRpcEnv.createClient(NettyRpcEnv.scala:204)
[2025-03-29T01:10:34.524+0000] {spark_submit.py:645} INFO - at org.apache.spark.rpc.netty.Outbox$$anon$1.call(Outbox.scala:202)
[2025-03-29T01:10:34.524+0000] {spark_submit.py:645} INFO - at org.apache.spark.rpc.netty.Outbox$$anon$1.call(Outbox.scala:198)
[2025-03-29T01:10:34.524+0000] {spark_submit.py:645} INFO - ... 4 more
[2025-03-29T01:10:34.525+0000] {spark_submit.py:645} INFO - Caused by: java.net.UnknownHostException: spark-master
[2025-03-29T01:10:34.525+0000] {spark_submit.py:645} INFO - at java.base/java.net.InetAddress$CachedAddresses.get(InetAddress.java:801)
[2025-03-29T01:10:34.525+0000] {spark_submit.py:645} INFO - at java.base/java.net.InetAddress.getAllByName0(InetAddress.java:1533)
[2025-03-29T01:10:34.526+0000] {spark_submit.py:645} INFO - at java.base/java.net.InetAddress.getAllByName(InetAddress.java:1385)
[2025-03-29T01:10:34.526+0000] {spark_submit.py:645} INFO - at java.base/java.net.InetAddress.getAllByName(InetAddress.java:1306)
[2025-03-29T01:10:34.526+0000] {spark_submit.py:645} INFO - at java.base/java.net.InetAddress.getByName(InetAddress.java:1256)
[2025-03-29T01:10:34.527+0000] {spark_submit.py:645} INFO - at io.netty.util.internal.SocketUtils$8.run(SocketUtils.java:156)
[2025-03-29T01:10:34.527+0000] {spark_submit.py:645} INFO - at io.netty.util.internal.SocketUtils$8.run(SocketUtils.java:153)
[2025-03-29T01:10:34.527+0000] {spark_submit.py:645} INFO - at java.base/java.security.AccessController.doPrivileged(AccessController.java:569)
[2025-03-29T01:10:34.528+0000] {spark_submit.py:645} INFO - at io.netty.util.internal.SocketUtils.addressByName(SocketUtils.java:153)
[2025-03-29T01:10:34.528+0000] {spark_submit.py:645} INFO - at io.netty.resolver.DefaultNameResolver.doResolve(DefaultNameResolver.java:41)
[2025-03-29T01:10:34.528+0000] {spark_submit.py:645} INFO - at io.netty.resolver.SimpleNameResolver.resolve(SimpleNameResolver.java:61)
[2025-03-29T01:10:34.529+0000] {spark_submit.py:645} INFO - at io.netty.resolver.SimpleNameResolver.resolve(SimpleNameResolver.java:53)
[2025-03-29T01:10:34.529+0000] {spark_submit.py:645} INFO - at io.netty.resolver.InetSocketAddressResolver.doResolve(InetSocketAddressResolver.java:55)
[2025-03-29T01:10:34.529+0000] {spark_submit.py:645} INFO - at io.netty.resolver.InetSocketAddressResolver.doResolve(InetSocketAddressResolver.java:31)
[2025-03-29T01:10:34.530+0000] {spark_submit.py:645} INFO - at io.netty.resolver.AbstractAddressResolver.resolve(AbstractAddressResolver.java:106)
[2025-03-29T01:10:34.530+0000] {spark_submit.py:645} INFO - at io.netty.bootstrap.Bootstrap.doResolveAndConnect0(Bootstrap.java:220)
[2025-03-29T01:10:34.530+0000] {spark_submit.py:645} INFO - at io.netty.bootstrap.Bootstrap.access$000(Bootstrap.java:46)
[2025-03-29T01:10:34.531+0000] {spark_submit.py:645} INFO - at io.netty.bootstrap.Bootstrap$1.operationComplete(Bootstrap.java:189)
[2025-03-29T01:10:34.531+0000] {spark_submit.py:645} INFO - at io.netty.bootstrap.Bootstrap$1.operationComplete(Bootstrap.java:175)
[2025-03-29T01:10:34.531+0000] {spark_submit.py:645} INFO - at io.netty.util.concurrent.DefaultPromise.notifyListener0(DefaultPromise.java:590)
[2025-03-29T01:10:34.532+0000] {spark_submit.py:645} INFO - at io.netty.util.concurrent.DefaultPromise.notifyListenersNow(DefaultPromise.java:557)
[2025-03-29T01:10:34.532+0000] {spark_submit.py:645} INFO - at io.netty.util.concurrent.DefaultPromise.notifyListeners(DefaultPromise.java:492)
[2025-03-29T01:10:34.532+0000] {spark_submit.py:645} INFO - at io.netty.util.concurrent.DefaultPromise.setValue0(DefaultPromise.java:636)
[2025-03-29T01:10:34.532+0000] {spark_submit.py:645} INFO - at io.netty.util.concurrent.DefaultPromise.setSuccess0(DefaultPromise.java:625)
[2025-03-29T01:10:34.533+0000] {spark_submit.py:645} INFO - at io.netty.util.concurrent.DefaultPromise.trySuccess(DefaultPromise.java:105)
[2025-03-29T01:10:34.533+0000] {spark_submit.py:645} INFO - at io.netty.channel.DefaultChannelPromise.trySuccess(DefaultChannelPromise.java:84)
[2025-03-29T01:10:34.533+0000] {spark_submit.py:645} INFO - at io.netty.channel.AbstractChannel$AbstractUnsafe.safeSetSuccess(AbstractChannel.java:990)
[2025-03-29T01:10:34.534+0000] {spark_submit.py:645} INFO - at io.netty.channel.AbstractChannel$AbstractUnsafe.register0(AbstractChannel.java:516)
[2025-03-29T01:10:34.534+0000] {spark_submit.py:645} INFO - at io.netty.channel.AbstractChannel$AbstractUnsafe.access$200(AbstractChannel.java:429)
[2025-03-29T01:10:34.534+0000] {spark_submit.py:645} INFO - at io.netty.channel.AbstractChannel$AbstractUnsafe$1.run(AbstractChannel.java:486)
[2025-03-29T01:10:34.535+0000] {spark_submit.py:645} INFO - at io.netty.util.concurrent.AbstractEventExecutor.runTask(AbstractEventExecutor.java:174)
[2025-03-29T01:10:34.535+0000] {spark_submit.py:645} INFO - at io.netty.util.concurrent.AbstractEventExecutor.safeExecute(AbstractEventExecutor.java:167)
[2025-03-29T01:10:34.535+0000] {spark_submit.py:645} INFO - at io.netty.util.concurrent.SingleThreadEventExecutor.runAllTasks(SingleThreadEventExecutor.java:470)
[2025-03-29T01:10:34.536+0000] {spark_submit.py:645} INFO - at io.netty.channel.nio.NioEventLoop.run(NioEventLoop.java:569)
[2025-03-29T01:10:34.536+0000] {spark_submit.py:645} INFO - at io.netty.util.concurrent.SingleThreadEventExecutor$4.run(SingleThreadEventExecutor.java:997)
[2025-03-29T01:10:34.536+0000] {spark_submit.py:645} INFO - at io.netty.util.internal.ThreadExecutorMap$2.run(ThreadExecutorMap.java:74)
[2025-03-29T01:10:34.536+0000] {spark_submit.py:645} INFO - at io.netty.util.concurrent.FastThreadLocalRunnable.run(FastThreadLocalRunnable.java:30)
[2025-03-29T01:10:34.537+0000] {spark_submit.py:645} INFO - ... 1 more
[2025-03-29T01:10:51.032+0000] {spark_submit.py:645} INFO - 25/03/29 01:10:51 INFO StandaloneAppClient$ClientEndpoint: Connecting to master spark://spark-master:7077...
[2025-03-29T01:10:54.396+0000] {spark_submit.py:645} INFO - 25/03/29 01:10:54 WARN TransportClientFactory: DNS resolution failed for spark-master/<unresolved>:7077 took 3363 ms
[2025-03-29T01:10:54.400+0000] {spark_submit.py:645} INFO - 25/03/29 01:10:54 WARN StandaloneAppClient$ClientEndpoint: Failed to connect to master spark-master:7077
[2025-03-29T01:10:54.400+0000] {spark_submit.py:645} INFO - org.apache.spark.SparkException: Exception thrown in awaitResult:
[2025-03-29T01:10:54.401+0000] {spark_submit.py:645} INFO - at org.apache.spark.util.SparkThreadUtils$.awaitResult(SparkThreadUtils.scala:56)
[2025-03-29T01:10:54.401+0000] {spark_submit.py:645} INFO - at org.apache.spark.util.ThreadUtils$.awaitResult(ThreadUtils.scala:310)
[2025-03-29T01:10:54.402+0000] {spark_submit.py:645} INFO - at org.apache.spark.rpc.RpcTimeout.awaitResult(RpcTimeout.scala:75)
[2025-03-29T01:10:54.402+0000] {spark_submit.py:645} INFO - at org.apache.spark.rpc.RpcEnv.setupEndpointRefByURI(RpcEnv.scala:102)
[2025-03-29T01:10:54.402+0000] {spark_submit.py:645} INFO - at org.apache.spark.rpc.RpcEnv.setupEndpointRef(RpcEnv.scala:110)
[2025-03-29T01:10:54.403+0000] {spark_submit.py:645} INFO - at org.apache.spark.deploy.client.StandaloneAppClient$ClientEndpoint$$anon$1.run(StandaloneAppClient.scala:108)
[2025-03-29T01:10:54.403+0000] {spark_submit.py:645} INFO - at java.base/java.util.concurrent.Executors$RunnableAdapter.call(Executors.java:539)
[2025-03-29T01:10:54.403+0000] {spark_submit.py:645} INFO - at java.base/java.util.concurrent.FutureTask.run(FutureTask.java:264)
[2025-03-29T01:10:54.404+0000] {spark_submit.py:645} INFO - at java.base/java.util.concurrent.ThreadPoolExecutor.runWorker(ThreadPoolExecutor.java:1136)
[2025-03-29T01:10:54.404+0000] {spark_submit.py:645} INFO - at java.base/java.util.concurrent.ThreadPoolExecutor$Worker.run(ThreadPoolExecutor.java:635)
[2025-03-29T01:10:54.404+0000] {spark_submit.py:645} INFO - at java.base/java.lang.Thread.run(Thread.java:840)
[2025-03-29T01:10:54.405+0000] {spark_submit.py:645} INFO - Caused by: java.io.IOException: Failed to connect to spark-master/<unresolved>:7077
[2025-03-29T01:10:54.405+0000] {spark_submit.py:645} INFO - at org.apache.spark.network.client.TransportClientFactory.createClient(TransportClientFactory.java:294)
[2025-03-29T01:10:54.406+0000] {spark_submit.py:645} INFO - at org.apache.spark.network.client.TransportClientFactory.createClient(TransportClientFactory.java:214)
[2025-03-29T01:10:54.406+0000] {spark_submit.py:645} INFO - at org.apache.spark.network.client.TransportClientFactory.createClient(TransportClientFactory.java:226)
[2025-03-29T01:10:54.406+0000] {spark_submit.py:645} INFO - at org.apache.spark.rpc.netty.NettyRpcEnv.createClient(NettyRpcEnv.scala:204)
[2025-03-29T01:10:54.407+0000] {spark_submit.py:645} INFO - at org.apache.spark.rpc.netty.Outbox$$anon$1.call(Outbox.scala:202)
[2025-03-29T01:10:54.407+0000] {spark_submit.py:645} INFO - at org.apache.spark.rpc.netty.Outbox$$anon$1.call(Outbox.scala:198)
[2025-03-29T01:10:54.407+0000] {spark_submit.py:645} INFO - ... 4 more
[2025-03-29T01:10:54.407+0000] {spark_submit.py:645} INFO - Caused by: java.net.UnknownHostException: spark-master
[2025-03-29T01:10:54.408+0000] {spark_submit.py:645} INFO - at java.base/java.net.InetAddress$CachedAddresses.get(InetAddress.java:801)
[2025-03-29T01:10:54.408+0000] {spark_submit.py:645} INFO - at java.base/java.net.InetAddress.getAllByName0(InetAddress.java:1533)
[2025-03-29T01:10:54.408+0000] {spark_submit.py:645} INFO - at java.base/java.net.InetAddress.getAllByName(InetAddress.java:1385)
[2025-03-29T01:10:54.409+0000] {spark_submit.py:645} INFO - at java.base/java.net.InetAddress.getAllByName(InetAddress.java:1306)
[2025-03-29T01:10:54.409+0000] {spark_submit.py:645} INFO - at java.base/java.net.InetAddress.getByName(InetAddress.java:1256)
[2025-03-29T01:10:54.409+0000] {spark_submit.py:645} INFO - at io.netty.util.internal.SocketUtils$8.run(SocketUtils.java:156)
[2025-03-29T01:10:54.410+0000] {spark_submit.py:645} INFO - at io.netty.util.internal.SocketUtils$8.run(SocketUtils.java:153)
[2025-03-29T01:10:54.410+0000] {spark_submit.py:645} INFO - at java.base/java.security.AccessController.doPrivileged(AccessController.java:569)
[2025-03-29T01:10:54.410+0000] {spark_submit.py:645} INFO - at io.netty.util.internal.SocketUtils.addressByName(SocketUtils.java:153)
[2025-03-29T01:10:54.411+0000] {spark_submit.py:645} INFO - at io.netty.resolver.DefaultNameResolver.doResolve(DefaultNameResolver.java:41)
[2025-03-29T01:10:54.411+0000] {spark_submit.py:645} INFO - at io.netty.resolver.SimpleNameResolver.resolve(SimpleNameResolver.java:61)
[2025-03-29T01:10:54.411+0000] {spark_submit.py:645} INFO - at io.netty.resolver.SimpleNameResolver.resolve(SimpleNameResolver.java:53)
[2025-03-29T01:10:54.412+0000] {spark_submit.py:645} INFO - at io.netty.resolver.InetSocketAddressResolver.doResolve(InetSocketAddressResolver.java:55)
[2025-03-29T01:10:54.412+0000] {spark_submit.py:645} INFO - at io.netty.resolver.InetSocketAddressResolver.doResolve(InetSocketAddressResolver.java:31)
[2025-03-29T01:10:54.412+0000] {spark_submit.py:645} INFO - at io.netty.resolver.AbstractAddressResolver.resolve(AbstractAddressResolver.java:106)
[2025-03-29T01:10:54.412+0000] {spark_submit.py:645} INFO - at io.netty.bootstrap.Bootstrap.doResolveAndConnect0(Bootstrap.java:220)
[2025-03-29T01:10:54.413+0000] {spark_submit.py:645} INFO - at io.netty.bootstrap.Bootstrap.access$000(Bootstrap.java:46)
[2025-03-29T01:10:54.413+0000] {spark_submit.py:645} INFO - at io.netty.bootstrap.Bootstrap$1.operationComplete(Bootstrap.java:189)
[2025-03-29T01:10:54.413+0000] {spark_submit.py:645} INFO - at io.netty.bootstrap.Bootstrap$1.operationComplete(Bootstrap.java:175)
[2025-03-29T01:10:54.414+0000] {spark_submit.py:645} INFO - at io.netty.util.concurrent.DefaultPromise.notifyListener0(DefaultPromise.java:590)
[2025-03-29T01:10:54.414+0000] {spark_submit.py:645} INFO - at io.netty.util.concurrent.DefaultPromise.notifyListenersNow(DefaultPromise.java:557)
[2025-03-29T01:10:54.414+0000] {spark_submit.py:645} INFO - at io.netty.util.concurrent.DefaultPromise.notifyListeners(DefaultPromise.java:492)
[2025-03-29T01:10:54.414+0000] {spark_submit.py:645} INFO - at io.netty.util.concurrent.DefaultPromise.setValue0(DefaultPromise.java:636)
[2025-03-29T01:10:54.415+0000] {spark_submit.py:645} INFO - at io.netty.util.concurrent.DefaultPromise.setSuccess0(DefaultPromise.java:625)
[2025-03-29T01:10:54.415+0000] {spark_submit.py:645} INFO - at io.netty.util.concurrent.DefaultPromise.trySuccess(DefaultPromise.java:105)
[2025-03-29T01:10:54.415+0000] {spark_submit.py:645} INFO - at io.netty.channel.DefaultChannelPromise.trySuccess(DefaultChannelPromise.java:84)
[2025-03-29T01:10:54.416+0000] {spark_submit.py:645} INFO - at io.netty.channel.AbstractChannel$AbstractUnsafe.safeSetSuccess(AbstractChannel.java:990)
[2025-03-29T01:10:54.416+0000] {spark_submit.py:645} INFO - at io.netty.channel.AbstractChannel$AbstractUnsafe.register0(AbstractChannel.java:516)
[2025-03-29T01:10:54.416+0000] {spark_submit.py:645} INFO - at io.netty.channel.AbstractChannel$AbstractUnsafe.access$200(AbstractChannel.java:429)
[2025-03-29T01:10:54.417+0000] {spark_submit.py:645} INFO - at io.netty.channel.AbstractChannel$AbstractUnsafe$1.run(AbstractChannel.java:486)
[2025-03-29T01:10:54.417+0000] {spark_submit.py:645} INFO - at io.netty.util.concurrent.AbstractEventExecutor.runTask(AbstractEventExecutor.java:174)
[2025-03-29T01:10:54.417+0000] {spark_submit.py:645} INFO - at io.netty.util.concurrent.AbstractEventExecutor.safeExecute(AbstractEventExecutor.java:167)
[2025-03-29T01:10:54.417+0000] {spark_submit.py:645} INFO - at io.netty.util.concurrent.SingleThreadEventExecutor.runAllTasks(SingleThreadEventExecutor.java:470)
[2025-03-29T01:10:54.418+0000] {spark_submit.py:645} INFO - at io.netty.channel.nio.NioEventLoop.run(NioEventLoop.java:569)
[2025-03-29T01:10:54.418+0000] {spark_submit.py:645} INFO - at io.netty.util.concurrent.SingleThreadEventExecutor$4.run(SingleThreadEventExecutor.java:997)
[2025-03-29T01:10:54.418+0000] {spark_submit.py:645} INFO - at io.netty.util.internal.ThreadExecutorMap$2.run(ThreadExecutorMap.java:74)
[2025-03-29T01:10:54.419+0000] {spark_submit.py:645} INFO - at io.netty.util.concurrent.FastThreadLocalRunnable.run(FastThreadLocalRunnable.java:30)
[2025-03-29T01:10:54.419+0000] {spark_submit.py:645} INFO - ... 1 more
[2025-03-29T01:11:11.032+0000] {spark_submit.py:645} INFO - 25/03/29 01:11:11 INFO StandaloneAppClient$ClientEndpoint: Connecting to master spark://spark-master:7077...
[2025-03-29T01:11:14.346+0000] {spark_submit.py:645} INFO - 25/03/29 01:11:14 WARN TransportClientFactory: DNS resolution failed for spark-master/<unresolved>:7077 took 3311 ms
[2025-03-29T01:11:14.349+0000] {spark_submit.py:645} INFO - 25/03/29 01:11:14 WARN StandaloneAppClient$ClientEndpoint: Failed to connect to master spark-master:7077
[2025-03-29T01:11:14.350+0000] {spark_submit.py:645} INFO - org.apache.spark.SparkException: Exception thrown in awaitResult:
[2025-03-29T01:11:14.350+0000] {spark_submit.py:645} INFO - at org.apache.spark.util.SparkThreadUtils$.awaitResult(SparkThreadUtils.scala:56)
[2025-03-29T01:11:14.351+0000] {spark_submit.py:645} INFO - at org.apache.spark.util.ThreadUtils$.awaitResult(ThreadUtils.scala:310)
[2025-03-29T01:11:14.351+0000] {spark_submit.py:645} INFO - at org.apache.spark.rpc.RpcTimeout.awaitResult(RpcTimeout.scala:75)
[2025-03-29T01:11:14.352+0000] {spark_submit.py:645} INFO - at org.apache.spark.rpc.RpcEnv.setupEndpointRefByURI(RpcEnv.scala:102)
[2025-03-29T01:11:14.352+0000] {spark_submit.py:645} INFO - at org.apache.spark.rpc.RpcEnv.setupEndpointRef(RpcEnv.scala:110)
[2025-03-29T01:11:14.353+0000] {spark_submit.py:645} INFO - at org.apache.spark.deploy.client.StandaloneAppClient$ClientEndpoint$$anon$1.run(StandaloneAppClient.scala:108)
[2025-03-29T01:11:14.353+0000] {spark_submit.py:645} INFO - at java.base/java.util.concurrent.Executors$RunnableAdapter.call(Executors.java:539)
[2025-03-29T01:11:14.354+0000] {spark_submit.py:645} INFO - at java.base/java.util.concurrent.FutureTask.run(FutureTask.java:264)
[2025-03-29T01:11:14.354+0000] {spark_submit.py:645} INFO - at java.base/java.util.concurrent.ThreadPoolExecutor.runWorker(ThreadPoolExecutor.java:1136)
[2025-03-29T01:11:14.354+0000] {spark_submit.py:645} INFO - at java.base/java.util.concurrent.ThreadPoolExecutor$Worker.run(ThreadPoolExecutor.java:635)
[2025-03-29T01:11:14.355+0000] {spark_submit.py:645} INFO - at java.base/java.lang.Thread.run(Thread.java:840)
[2025-03-29T01:11:14.355+0000] {spark_submit.py:645} INFO - Caused by: java.io.IOException: Failed to connect to spark-master/<unresolved>:7077
[2025-03-29T01:11:14.355+0000] {spark_submit.py:645} INFO - at org.apache.spark.network.client.TransportClientFactory.createClient(TransportClientFactory.java:294)
[2025-03-29T01:11:14.356+0000] {spark_submit.py:645} INFO - at org.apache.spark.network.client.TransportClientFactory.createClient(TransportClientFactory.java:214)
[2025-03-29T01:11:14.356+0000] {spark_submit.py:645} INFO - at org.apache.spark.network.client.TransportClientFactory.createClient(TransportClientFactory.java:226)
[2025-03-29T01:11:14.357+0000] {spark_submit.py:645} INFO - at org.apache.spark.rpc.netty.NettyRpcEnv.createClient(NettyRpcEnv.scala:204)
[2025-03-29T01:11:14.357+0000] {spark_submit.py:645} INFO - at org.apache.spark.rpc.netty.Outbox$$anon$1.call(Outbox.scala:202)
[2025-03-29T01:11:14.357+0000] {spark_submit.py:645} INFO - at org.apache.spark.rpc.netty.Outbox$$anon$1.call(Outbox.scala:198)
[2025-03-29T01:11:14.358+0000] {spark_submit.py:645} INFO - ... 4 more
[2025-03-29T01:11:14.358+0000] {spark_submit.py:645} INFO - Caused by: java.net.UnknownHostException: spark-master
[2025-03-29T01:11:14.358+0000] {spark_submit.py:645} INFO - at java.base/java.net.InetAddress$CachedAddresses.get(InetAddress.java:801)
[2025-03-29T01:11:14.359+0000] {spark_submit.py:645} INFO - at java.base/java.net.InetAddress.getAllByName0(InetAddress.java:1533)
[2025-03-29T01:11:14.359+0000] {spark_submit.py:645} INFO - at java.base/java.net.InetAddress.getAllByName(InetAddress.java:1385)
[2025-03-29T01:11:14.360+0000] {spark_submit.py:645} INFO - at java.base/java.net.InetAddress.getAllByName(InetAddress.java:1306)
[2025-03-29T01:11:14.360+0000] {spark_submit.py:645} INFO - at java.base/java.net.InetAddress.getByName(InetAddress.java:1256)
[2025-03-29T01:11:14.360+0000] {spark_submit.py:645} INFO - at io.netty.util.internal.SocketUtils$8.run(SocketUtils.java:156)
[2025-03-29T01:11:14.361+0000] {spark_submit.py:645} INFO - at io.netty.util.internal.SocketUtils$8.run(SocketUtils.java:153)
[2025-03-29T01:11:14.361+0000] {spark_submit.py:645} INFO - at java.base/java.security.AccessController.doPrivileged(AccessController.java:569)
[2025-03-29T01:11:14.361+0000] {spark_submit.py:645} INFO - at io.netty.util.internal.SocketUtils.addressByName(SocketUtils.java:153)
[2025-03-29T01:11:14.362+0000] {spark_submit.py:645} INFO - at io.netty.resolver.DefaultNameResolver.doResolve(DefaultNameResolver.java:41)
[2025-03-29T01:11:14.362+0000] {spark_submit.py:645} INFO - at io.netty.resolver.SimpleNameResolver.resolve(SimpleNameResolver.java:61)
[2025-03-29T01:11:14.362+0000] {spark_submit.py:645} INFO - at io.netty.resolver.SimpleNameResolver.resolve(SimpleNameResolver.java:53)
[2025-03-29T01:11:14.363+0000] {spark_submit.py:645} INFO - at io.netty.resolver.InetSocketAddressResolver.doResolve(InetSocketAddressResolver.java:55)
[2025-03-29T01:11:14.363+0000] {spark_submit.py:645} INFO - at io.netty.resolver.InetSocketAddressResolver.doResolve(InetSocketAddressResolver.java:31)
[2025-03-29T01:11:14.363+0000] {spark_submit.py:645} INFO - at io.netty.resolver.AbstractAddressResolver.resolve(AbstractAddressResolver.java:106)
[2025-03-29T01:11:14.364+0000] {spark_submit.py:645} INFO - at io.netty.bootstrap.Bootstrap.doResolveAndConnect0(Bootstrap.java:220)
[2025-03-29T01:11:14.364+0000] {spark_submit.py:645} INFO - at io.netty.bootstrap.Bootstrap.access$000(Bootstrap.java:46)
[2025-03-29T01:11:14.364+0000] {spark_submit.py:645} INFO - at io.netty.bootstrap.Bootstrap$1.operationComplete(Bootstrap.java:189)
[2025-03-29T01:11:14.364+0000] {spark_submit.py:645} INFO - at io.netty.bootstrap.Bootstrap$1.operationComplete(Bootstrap.java:175)
[2025-03-29T01:11:14.365+0000] {spark_submit.py:645} INFO - at io.netty.util.concurrent.DefaultPromise.notifyListener0(DefaultPromise.java:590)
[2025-03-29T01:11:14.365+0000] {spark_submit.py:645} INFO - at io.netty.util.concurrent.DefaultPromise.notifyListenersNow(DefaultPromise.java:557)
[2025-03-29T01:11:14.366+0000] {spark_submit.py:645} INFO - at io.netty.util.concurrent.DefaultPromise.notifyListeners(DefaultPromise.java:492)
[2025-03-29T01:11:14.366+0000] {spark_submit.py:645} INFO - at io.netty.util.concurrent.DefaultPromise.setValue0(DefaultPromise.java:636)
[2025-03-29T01:11:14.367+0000] {spark_submit.py:645} INFO - at io.netty.util.concurrent.DefaultPromise.setSuccess0(DefaultPromise.java:625)
[2025-03-29T01:11:14.367+0000] {spark_submit.py:645} INFO - at io.netty.util.concurrent.DefaultPromise.trySuccess(DefaultPromise.java:105)
[2025-03-29T01:11:14.367+0000] {spark_submit.py:645} INFO - at io.netty.channel.DefaultChannelPromise.trySuccess(DefaultChannelPromise.java:84)
[2025-03-29T01:11:14.368+0000] {spark_submit.py:645} INFO - at io.netty.channel.AbstractChannel$AbstractUnsafe.safeSetSuccess(AbstractChannel.java:990)
[2025-03-29T01:11:14.368+0000] {spark_submit.py:645} INFO - at io.netty.channel.AbstractChannel$AbstractUnsafe.register0(AbstractChannel.java:516)
[2025-03-29T01:11:14.368+0000] {spark_submit.py:645} INFO - at io.netty.channel.AbstractChannel$AbstractUnsafe.access$200(AbstractChannel.java:429)
[2025-03-29T01:11:14.368+0000] {spark_submit.py:645} INFO - at io.netty.channel.AbstractChannel$AbstractUnsafe$1.run(AbstractChannel.java:486)
[2025-03-29T01:11:14.369+0000] {spark_submit.py:645} INFO - at io.netty.util.concurrent.AbstractEventExecutor.runTask(AbstractEventExecutor.java:174)
[2025-03-29T01:11:14.369+0000] {spark_submit.py:645} INFO - at io.netty.util.concurrent.AbstractEventExecutor.safeExecute(AbstractEventExecutor.java:167)
[2025-03-29T01:11:14.369+0000] {spark_submit.py:645} INFO - at io.netty.util.concurrent.SingleThreadEventExecutor.runAllTasks(SingleThreadEventExecutor.java:470)
[2025-03-29T01:11:14.370+0000] {spark_submit.py:645} INFO - at io.netty.channel.nio.NioEventLoop.run(NioEventLoop.java:569)
[2025-03-29T01:11:14.370+0000] {spark_submit.py:645} INFO - at io.netty.util.concurrent.SingleThreadEventExecutor$4.run(SingleThreadEventExecutor.java:997)
[2025-03-29T01:11:14.370+0000] {spark_submit.py:645} INFO - at io.netty.util.internal.ThreadExecutorMap$2.run(ThreadExecutorMap.java:74)
[2025-03-29T01:11:14.371+0000] {spark_submit.py:645} INFO - at io.netty.util.concurrent.FastThreadLocalRunnable.run(FastThreadLocalRunnable.java:30)
[2025-03-29T01:11:14.371+0000] {spark_submit.py:645} INFO - ... 1 more
[2025-03-29T01:11:31.033+0000] {spark_submit.py:645} INFO - 25/03/29 01:11:31 WARN StandaloneSchedulerBackend: Application ID is not initialized yet.
[2025-03-29T01:11:31.035+0000] {spark_submit.py:645} INFO - 25/03/29 01:11:31 ERROR StandaloneSchedulerBackend: Application has been killed. Reason: All masters are unresponsive! Giving up.
[2025-03-29T01:11:31.043+0000] {spark_submit.py:645} INFO - 25/03/29 01:11:31 INFO Utils: Successfully started service 'org.apache.spark.network.netty.NettyBlockTransferService' on port 40341.
[2025-03-29T01:11:31.044+0000] {spark_submit.py:645} INFO - 25/03/29 01:11:31 INFO NettyBlockTransferService: Server created on 0078b745cbba:40341
[2025-03-29T01:11:31.045+0000] {spark_submit.py:645} INFO - 25/03/29 01:11:31 INFO BlockManager: Using org.apache.spark.storage.RandomBlockReplicationPolicy for block replication policy
[2025-03-29T01:11:31.061+0000] {spark_submit.py:645} INFO - 25/03/29 01:11:31 INFO BlockManagerMaster: Registering BlockManager BlockManagerId(driver, 0078b745cbba, 40341, None)
[2025-03-29T01:11:31.070+0000] {spark_submit.py:645} INFO - 25/03/29 01:11:31 INFO BlockManagerMasterEndpoint: Registering block manager 0078b745cbba:40341 with 434.4 MiB RAM, BlockManagerId(driver, 0078b745cbba, 40341, None)
[2025-03-29T01:11:31.073+0000] {spark_submit.py:645} INFO - 25/03/29 01:11:31 INFO BlockManagerMaster: Registered BlockManager BlockManagerId(driver, 0078b745cbba, 40341, None)
[2025-03-29T01:11:31.075+0000] {spark_submit.py:645} INFO - 25/03/29 01:11:31 INFO BlockManager: Initialized BlockManager: BlockManagerId(driver, 0078b745cbba, 40341, None)
[2025-03-29T01:11:31.288+0000] {spark_submit.py:645} INFO - 25/03/29 01:11:31 INFO StandaloneSchedulerBackend: SchedulerBackend is ready for scheduling beginning after reached minRegisteredResourcesRatio: 0.0
[2025-03-29T01:11:31.503+0000] {spark_submit.py:645} INFO - 2025-03-29 01:11:31,502 - INFO - Spark Session criada com sucesso
[2025-03-29T01:11:31.629+0000] {spark_submit.py:645} INFO - 25/03/29 01:11:31 INFO SparkContext: SparkContext is stopping with exitCode 0.
[2025-03-29T01:11:31.643+0000] {spark_submit.py:645} INFO - 25/03/29 01:11:31 INFO SparkUI: Stopped Spark web UI at http://0078b745cbba:4040
[2025-03-29T01:11:31.649+0000] {spark_submit.py:645} INFO - 25/03/29 01:11:31 INFO StandaloneSchedulerBackend: Shutting down all executors
[2025-03-29T01:11:31.653+0000] {spark_submit.py:645} INFO - 25/03/29 01:11:31 INFO StandaloneSchedulerBackend$StandaloneDriverEndpoint: Asking each executor to shut down
[2025-03-29T01:11:31.657+0000] {spark_submit.py:645} INFO - 25/03/29 01:11:31 WARN StandaloneAppClient$ClientEndpoint: Drop UnregisterApplication(null) because has not yet connected to master
[2025-03-29T01:11:31.669+0000] {spark_submit.py:645} INFO - 25/03/29 01:11:31 INFO MapOutputTrackerMasterEndpoint: MapOutputTrackerMasterEndpoint stopped!
[2025-03-29T01:11:31.682+0000] {spark_submit.py:645} INFO - 25/03/29 01:11:31 INFO MemoryStore: MemoryStore cleared
[2025-03-29T01:11:31.683+0000] {spark_submit.py:645} INFO - 25/03/29 01:11:31 INFO BlockManager: BlockManager stopped
[2025-03-29T01:11:31.690+0000] {spark_submit.py:645} INFO - 25/03/29 01:11:31 INFO BlockManagerMaster: BlockManagerMaster stopped
[2025-03-29T01:11:31.690+0000] {spark_submit.py:645} INFO - 25/03/29 01:11:31 INFO OutputCommitCoordinator$OutputCommitCoordinatorEndpoint: OutputCommitCoordinator stopped!
[2025-03-29T01:11:31.705+0000] {spark_submit.py:645} INFO - 25/03/29 01:11:31 INFO SparkContext: Successfully stopped SparkContext
[2025-03-29T01:11:35.458+0000] {spark_submit.py:645} INFO - 25/03/29 01:11:35 INFO SharedState: Setting hive.metastore.warehouse.dir ('null') to the value of spark.sql.warehouse.dir.
[2025-03-29T01:11:35.461+0000] {spark_submit.py:645} INFO - 25/03/29 01:11:35 INFO SharedState: Warehouse path is 'file:/opt/spark-warehouse'.
[2025-03-29T01:11:35.520+0000] {spark_submit.py:645} INFO - Traceback (most recent call last):
[2025-03-29T01:11:35.521+0000] {spark_submit.py:645} INFO - File "/opt/spark_job/data_transformation.py", line 46, in <module>
[2025-03-29T01:11:35.523+0000] {spark_submit.py:645} INFO - data_transformation(spark, file_path, processed_bucket, writer)
[2025-03-29T01:11:35.523+0000] {spark_submit.py:645} INFO - File "/opt/spark_job/data_transformation.py", line 24, in data_transformation
[2025-03-29T01:11:35.525+0000] {spark_submit.py:645} INFO - df = spark.createDataFrame(data, columns)
[2025-03-29T01:11:35.526+0000] {spark_submit.py:645} INFO - ^^^^^^^^^^^^^^^^^^^^^^^^^^^^^^^^^^^^
[2025-03-29T01:11:35.526+0000] {spark_submit.py:645} INFO - File "/home/***/.local/lib/python3.11/site-packages/pyspark/python/lib/pyspark.zip/pyspark/sql/session.py", line 1443, in createDataFrame
[2025-03-29T01:11:35.527+0000] {spark_submit.py:645} INFO - File "/home/***/.local/lib/python3.11/site-packages/pyspark/python/lib/pyspark.zip/pyspark/sql/session.py", line 1485, in _create_dataframe
[2025-03-29T01:11:35.527+0000] {spark_submit.py:645} INFO - File "/home/***/.local/lib/python3.11/site-packages/pyspark/python/lib/pyspark.zip/pyspark/sql/session.py", line 1093, in _createFromLocal
[2025-03-29T01:11:35.527+0000] {spark_submit.py:645} INFO - File "/home/***/.local/lib/python3.11/site-packages/pyspark/python/lib/pyspark.zip/pyspark/sql/session.py", line 952, in _inferSchemaFromList
[2025-03-29T01:11:35.528+0000] {spark_submit.py:645} INFO - File "/home/***/.local/lib/python3.11/site-packages/pyspark/python/lib/pyspark.zip/pyspark/sql/session.py", line 624, in _jconf
[2025-03-29T01:11:35.529+0000] {spark_submit.py:645} INFO - File "/home/***/.local/lib/python3.11/site-packages/pyspark/python/lib/py4j-0.10.9.7-src.zip/py4j/java_gateway.py", line 1322, in __call__
[2025-03-29T01:11:35.529+0000] {spark_submit.py:645} INFO - File "/home/***/.local/lib/python3.11/site-packages/pyspark/python/lib/pyspark.zip/pyspark/errors/exceptions/captured.py", line 179, in deco
[2025-03-29T01:11:35.530+0000] {spark_submit.py:645} INFO - File "/home/***/.local/lib/python3.11/site-packages/pyspark/python/lib/py4j-0.10.9.7-src.zip/py4j/protocol.py", line 326, in get_return_value
[2025-03-29T01:11:35.530+0000] {spark_submit.py:645} INFO - py4j.protocol.Py4JJavaError: An error occurred while calling o34.sessionState.
[2025-03-29T01:11:35.530+0000] {spark_submit.py:645} INFO - : java.lang.IllegalStateException: LiveListenerBus is stopped.
[2025-03-29T01:11:35.531+0000] {spark_submit.py:645} INFO - at org.apache.spark.scheduler.LiveListenerBus.addToQueue(LiveListenerBus.scala:92)
[2025-03-29T01:11:35.535+0000] {spark_submit.py:645} INFO - at org.apache.spark.scheduler.LiveListenerBus.addToStatusQueue(LiveListenerBus.scala:75)
[2025-03-29T01:11:35.535+0000] {spark_submit.py:645} INFO - at org.apache.spark.sql.internal.SharedState.<init>(SharedState.scala:115)
[2025-03-29T01:11:35.535+0000] {spark_submit.py:645} INFO - at org.apache.spark.sql.SparkSession.$anonfun$sharedState$1(SparkSession.scala:143)
[2025-03-29T01:11:35.536+0000] {spark_submit.py:645} INFO - at scala.Option.getOrElse(Option.scala:189)
[2025-03-29T01:11:35.536+0000] {spark_submit.py:645} INFO - at org.apache.spark.sql.SparkSession.sharedState$lzycompute(SparkSession.scala:143)
[2025-03-29T01:11:35.536+0000] {spark_submit.py:645} INFO - at org.apache.spark.sql.SparkSession.sharedState(SparkSession.scala:142)
[2025-03-29T01:11:35.537+0000] {spark_submit.py:645} INFO - at org.apache.spark.sql.SparkSession.$anonfun$sessionState$2(SparkSession.scala:162)
[2025-03-29T01:11:35.537+0000] {spark_submit.py:645} INFO - at scala.Option.getOrElse(Option.scala:189)
[2025-03-29T01:11:35.537+0000] {spark_submit.py:645} INFO - at org.apache.spark.sql.SparkSession.sessionState$lzycompute(SparkSession.scala:160)
[2025-03-29T01:11:35.538+0000] {spark_submit.py:645} INFO - at org.apache.spark.sql.SparkSession.sessionState(SparkSession.scala:157)
[2025-03-29T01:11:35.539+0000] {spark_submit.py:645} INFO - at java.base/jdk.internal.reflect.NativeMethodAccessorImpl.invoke0(Native Method)
[2025-03-29T01:11:35.539+0000] {spark_submit.py:645} INFO - at java.base/jdk.internal.reflect.NativeMethodAccessorImpl.invoke(NativeMethodAccessorImpl.java:77)
[2025-03-29T01:11:35.540+0000] {spark_submit.py:645} INFO - at java.base/jdk.internal.reflect.DelegatingMethodAccessorImpl.invoke(DelegatingMethodAccessorImpl.java:43)
[2025-03-29T01:11:35.540+0000] {spark_submit.py:645} INFO - at java.base/java.lang.reflect.Method.invoke(Method.java:569)
[2025-03-29T01:11:35.541+0000] {spark_submit.py:645} INFO - at py4j.reflection.MethodInvoker.invoke(MethodInvoker.java:244)
[2025-03-29T01:11:35.541+0000] {spark_submit.py:645} INFO - at py4j.reflection.ReflectionEngine.invoke(ReflectionEngine.java:374)
[2025-03-29T01:11:35.542+0000] {spark_submit.py:645} INFO - at py4j.Gateway.invoke(Gateway.java:282)
[2025-03-29T01:11:35.542+0000] {spark_submit.py:645} INFO - at py4j.commands.AbstractCommand.invokeMethod(AbstractCommand.java:132)
[2025-03-29T01:11:35.543+0000] {spark_submit.py:645} INFO - at py4j.commands.CallCommand.execute(CallCommand.java:79)
[2025-03-29T01:11:35.544+0000] {spark_submit.py:645} INFO - at py4j.ClientServerConnection.waitForCommands(ClientServerConnection.java:182)
[2025-03-29T01:11:35.544+0000] {spark_submit.py:645} INFO - at py4j.ClientServerConnection.run(ClientServerConnection.java:106)
[2025-03-29T01:11:35.544+0000] {spark_submit.py:645} INFO - at java.base/java.lang.Thread.run(Thread.java:840)
[2025-03-29T01:11:35.545+0000] {spark_submit.py:645} INFO - 
[2025-03-29T01:11:35.545+0000] {spark_submit.py:645} INFO - 2025-03-29 01:11:35,530 - INFO - Closing down clientserver connection
[2025-03-29T01:11:35.869+0000] {spark_submit.py:645} INFO - 25/03/29 01:11:35 INFO ShutdownHookManager: Shutdown hook called
[2025-03-29T01:11:35.870+0000] {spark_submit.py:645} INFO - 25/03/29 01:11:35 INFO ShutdownHookManager: Deleting directory /tmp/spark-58161345-4486-48a7-a7fa-0516439165f1
[2025-03-29T01:11:35.879+0000] {spark_submit.py:645} INFO - 25/03/29 01:11:35 INFO ShutdownHookManager: Deleting directory /tmp/spark-58161345-4486-48a7-a7fa-0516439165f1/pyspark-5c587810-bb1a-4742-851a-0525eb3b25ee
[2025-03-29T01:11:35.886+0000] {spark_submit.py:645} INFO - 25/03/29 01:11:35 INFO ShutdownHookManager: Deleting directory /tmp/spark-ed2f8520-dfc3-43ca-a9fc-fba60bcd1847
[2025-03-29T01:11:35.948+0000] {taskinstance.py:441} INFO - ::group::Post task execution logs
[2025-03-29T01:11:35.959+0000] {taskinstance.py:2905} ERROR - Task failed with exception
Traceback (most recent call last):
  File "/home/airflow/.local/lib/python3.11/site-packages/airflow/models/taskinstance.py", line 465, in _execute_task
    result = _execute_callable(context=context, **execute_callable_kwargs)
             ^^^^^^^^^^^^^^^^^^^^^^^^^^^^^^^^^^^^^^^^^^^^^^^^^^^^^^^^^^^^^
  File "/home/airflow/.local/lib/python3.11/site-packages/airflow/models/taskinstance.py", line 432, in _execute_callable
    return execute_callable(context=context, **execute_callable_kwargs)
           ^^^^^^^^^^^^^^^^^^^^^^^^^^^^^^^^^^^^^^^^^^^^^^^^^^^^^^^^^^^^
  File "/home/airflow/.local/lib/python3.11/site-packages/airflow/models/baseoperator.py", line 401, in wrapper
    return func(self, *args, **kwargs)
           ^^^^^^^^^^^^^^^^^^^^^^^^^^^
  File "/home/airflow/.local/lib/python3.11/site-packages/airflow/operators/python.py", line 235, in execute
    return_value = self.execute_callable()
                   ^^^^^^^^^^^^^^^^^^^^^^^
  File "/home/airflow/.local/lib/python3.11/site-packages/airflow/operators/python.py", line 252, in execute_callable
    return self.python_callable(*self.op_args, **self.op_kwargs)
           ^^^^^^^^^^^^^^^^^^^^^^^^^^^^^^^^^^^^^^^^^^^^^^^^^^^^^
  File "/opt/airflow/dags/etl_pipeline.py", line 97, in spark_dtransformation
    ).execute(kwargs)
      ^^^^^^^^^^^^^^^
  File "/home/airflow/.local/lib/python3.11/site-packages/airflow/models/baseoperator.py", line 401, in wrapper
    return func(self, *args, **kwargs)
           ^^^^^^^^^^^^^^^^^^^^^^^^^^^
  File "/home/airflow/.local/lib/python3.11/site-packages/airflow/providers/apache/spark/operators/spark_submit.py", line 177, in execute
    self._hook.submit(self.application)
  File "/home/airflow/.local/lib/python3.11/site-packages/airflow/providers/apache/spark/hooks/spark_submit.py", line 567, in submit
    raise AirflowException(
airflow.exceptions.AirflowException: Cannot execute: spark-submit --master spark://spark-master:7077 --conf spark.executor.memory=512m --conf spark.executor.cores=1 --conf spark.jars=/opt/spark_job/jars/aws-java-sdk-bundle-1.12.262.jar,/opt/spark_job/jars/hadoop-aws-3.3.4.jar --conf spark.hadoop.fs.s3a.endpoint=http://minio:9000 --conf spark.hadoop.fs.s3a.access.key=admin --conf spark.hadoop.fs.s3a.secret.key=****** --conf spark.hadoop.fs.s3a.impl=org.apache.hadoop.fs.s3a.S3AFileSystem --conf spark.hadoop.fs.s3a.path.style.access=true --principal *** --name arrow-spark --verbose --deploy-mode client /opt/spark_job/data_transformation.py s3://raw/playlist_20250328_235234.json processed. Error code is: 1.
[2025-03-29T01:11:35.967+0000] {taskinstance.py:1206} INFO - Marking task as FAILED. dag_id=etl_pipeline, task_id=transformation, run_id=manual__2025-03-26T13:33:39.761724+00:00, execution_date=20250326T133339, start_date=20250329T011022, end_date=20250329T011135
[2025-03-29T01:11:36.592+0000] {standard_task_runner.py:110} ERROR - Failed to execute job 96 for task transformation (Cannot execute: spark-submit --master spark://spark-master:7077 --conf spark.executor.memory=512m --conf spark.executor.cores=1 --conf spark.jars=/opt/spark_job/jars/aws-java-sdk-bundle-1.12.262.jar,/opt/spark_job/jars/hadoop-aws-3.3.4.jar --conf spark.hadoop.fs.s3a.endpoint=http://minio:9000 --conf spark.hadoop.fs.s3a.access.key=admin --conf spark.hadoop.fs.s3a.secret.key=****** --conf spark.hadoop.fs.s3a.impl=org.apache.hadoop.fs.s3a.S3AFileSystem --conf spark.hadoop.fs.s3a.path.style.access=true --principal *** --name arrow-spark --verbose --deploy-mode client /opt/spark_job/data_transformation.py s3://raw/playlist_20250328_235234.json processed. Error code is: 1.; 171)
[2025-03-29T01:11:36.672+0000] {local_task_job_runner.py:240} INFO - Task exited with return code 1
[2025-03-29T01:11:36.716+0000] {taskinstance.py:3503} INFO - 0 downstream tasks scheduled from follow-on schedule check
[2025-03-29T01:11:36.878+0000] {local_task_job_runner.py:222} INFO - ::endgroup::
