[2025-03-26T18:55:35.005+0000] {local_task_job_runner.py:120} INFO - ::group::Pre task execution logs
[2025-03-26T18:55:35.039+0000] {taskinstance.py:2076} INFO - Dependencies all met for dep_context=non-requeueable deps ti=<TaskInstance: etl_pipeline.transformation manual__2025-03-26T13:33:39.761724+00:00 [queued]>
[2025-03-26T18:55:35.049+0000] {taskinstance.py:2076} INFO - Dependencies all met for dep_context=requeueable deps ti=<TaskInstance: etl_pipeline.transformation manual__2025-03-26T13:33:39.761724+00:00 [queued]>
[2025-03-26T18:55:35.050+0000] {taskinstance.py:2306} INFO - Starting attempt 19 of 20
[2025-03-26T18:55:35.084+0000] {taskinstance.py:2330} INFO - Executing <Task(PythonOperator): transformation> on 2025-03-26 13:33:39.761724+00:00
[2025-03-26T18:55:35.090+0000] {standard_task_runner.py:63} INFO - Started process 402 to run task
[2025-03-26T18:55:35.093+0000] {standard_task_runner.py:90} INFO - Running: ['***', 'tasks', 'run', 'etl_pipeline', 'transformation', 'manual__2025-03-26T13:33:39.761724+00:00', '--job-id', '24', '--raw', '--subdir', 'DAGS_FOLDER/etl_pipeline.py', '--cfg-path', '/tmp/tmpqvertdde']
[2025-03-26T18:55:35.096+0000] {standard_task_runner.py:91} INFO - Job 24: Subtask transformation
[2025-03-26T18:55:35.175+0000] {task_command.py:426} INFO - Running <TaskInstance: etl_pipeline.transformation manual__2025-03-26T13:33:39.761724+00:00 [running]> on host 53e3672f02f0
[2025-03-26T18:55:35.312+0000] {taskinstance.py:2648} INFO - Exporting env vars: AIRFLOW_CTX_DAG_OWNER='lobobranco' AIRFLOW_CTX_DAG_ID='etl_pipeline' AIRFLOW_CTX_TASK_ID='transformation' AIRFLOW_CTX_EXECUTION_DATE='2025-03-26T13:33:39.761724+00:00' AIRFLOW_CTX_TRY_NUMBER='19' AIRFLOW_CTX_DAG_RUN_ID='manual__2025-03-26T13:33:39.761724+00:00'
[2025-03-26T18:55:35.313+0000] {taskinstance.py:430} INFO - ::endgroup::
[2025-03-26T18:55:35.342+0000] {etl_pipeline.py:76} INFO - Transforming data from file: s3://raw/playlist_20250326_133348.json
[2025-03-26T18:55:35.344+0000] {baseoperator.py:400} WARNING - SparkSubmitOperator.execute cannot be called outside TaskInstance!
[2025-03-26T18:55:35.356+0000] {base.py:84} INFO - Using connection ID 'spark_default' for task execution.
[2025-03-26T18:55:35.357+0000] {spark_submit.py:328} ERROR - Failed to decode base64 keytab: Incorrect padding
[2025-03-26T18:55:35.358+0000] {spark_submit.py:305} INFO - Could not load connection string spark_default, defaulting to spark://spark-master:7077
[2025-03-26T18:55:35.360+0000] {spark_submit.py:474} INFO - Spark-Submit cmd: spark-submit --master spark://spark-master:7077 --conf spark.executor.memory=2g --conf spark.executor.cores=2 --conf spark.jars=/opt/spark_job/jars/aws-java-sdk-bundle-1.12.262.jar,/opt/spark_job/jars/hadoop-aws-3.3.4.jar --conf spark.hadoop.fs.s3a.endpoint=http://minio:9000 --conf spark.hadoop.fs.s3a.access.key=admin --conf spark.hadoop.fs.s3a.secret.key=****** --conf spark.hadoop.fs.s3a.impl=org.apache.hadoop.fs.s3a.S3AFileSystem --conf spark.hadoop.fs.s3a.path.style.access=true --principal *** --name arrow-spark --verbose --deploy-mode client /opt/spark_job/data_transformation.py s3://raw/playlist_20250326_133348.json
[2025-03-26T18:55:35.454+0000] {spark_submit.py:645} INFO - /home/***/.local/lib/python3.11/site-packages/pyspark/bin/load-spark-env.sh: line 68: ps: command not found
[2025-03-26T18:55:37.298+0000] {spark_submit.py:645} INFO - Using properties file: null
[2025-03-26T18:55:37.429+0000] {spark_submit.py:645} INFO - Parsed arguments:
[2025-03-26T18:55:37.430+0000] {spark_submit.py:645} INFO - master                  spark://spark-master:7077
[2025-03-26T18:55:37.431+0000] {spark_submit.py:645} INFO - remote                  null
[2025-03-26T18:55:37.432+0000] {spark_submit.py:645} INFO - deployMode              client
[2025-03-26T18:55:37.433+0000] {spark_submit.py:645} INFO - executorMemory          2g
[2025-03-26T18:55:37.433+0000] {spark_submit.py:645} INFO - executorCores           2
[2025-03-26T18:55:37.433+0000] {spark_submit.py:645} INFO - totalExecutorCores      null
[2025-03-26T18:55:37.434+0000] {spark_submit.py:645} INFO - propertiesFile          null
[2025-03-26T18:55:37.434+0000] {spark_submit.py:645} INFO - driverMemory            null
[2025-03-26T18:55:37.434+0000] {spark_submit.py:645} INFO - driverCores             null
[2025-03-26T18:55:37.435+0000] {spark_submit.py:645} INFO - driverExtraClassPath    null
[2025-03-26T18:55:37.435+0000] {spark_submit.py:645} INFO - driverExtraLibraryPath  null
[2025-03-26T18:55:37.436+0000] {spark_submit.py:645} INFO - driverExtraJavaOptions  null
[2025-03-26T18:55:37.436+0000] {spark_submit.py:645} INFO - supervise               false
[2025-03-26T18:55:37.436+0000] {spark_submit.py:645} INFO - queue                   null
[2025-03-26T18:55:37.437+0000] {spark_submit.py:645} INFO - numExecutors            null
[2025-03-26T18:55:37.437+0000] {spark_submit.py:645} INFO - files                   null
[2025-03-26T18:55:37.438+0000] {spark_submit.py:645} INFO - pyFiles                 null
[2025-03-26T18:55:37.438+0000] {spark_submit.py:645} INFO - archives                null
[2025-03-26T18:55:37.438+0000] {spark_submit.py:645} INFO - mainClass               null
[2025-03-26T18:55:37.439+0000] {spark_submit.py:645} INFO - primaryResource         file:/opt/spark_job/data_transformation.py
[2025-03-26T18:55:37.439+0000] {spark_submit.py:645} INFO - name                    arrow-spark
[2025-03-26T18:55:37.439+0000] {spark_submit.py:645} INFO - childArgs               [s3://raw/playlist_20250326_133348.json]
[2025-03-26T18:55:37.440+0000] {spark_submit.py:645} INFO - jars                    /opt/spark_job/jars/aws-java-sdk-bundle-1.12.262.jar,/opt/spark_job/jars/hadoop-aws-3.3.4.jar
[2025-03-26T18:55:37.440+0000] {spark_submit.py:645} INFO - packages                null
[2025-03-26T18:55:37.440+0000] {spark_submit.py:645} INFO - packagesExclusions      null
[2025-03-26T18:55:37.441+0000] {spark_submit.py:645} INFO - repositories            null
[2025-03-26T18:55:37.441+0000] {spark_submit.py:645} INFO - verbose                 true
[2025-03-26T18:55:37.442+0000] {spark_submit.py:645} INFO - 
[2025-03-26T18:55:37.442+0000] {spark_submit.py:645} INFO - Spark properties used, including those specified through
[2025-03-26T18:55:37.442+0000] {spark_submit.py:645} INFO - --conf and those from the properties file null:
[2025-03-26T18:55:37.443+0000] {spark_submit.py:645} INFO - (spark.executor.cores,2)
[2025-03-26T18:55:37.443+0000] {spark_submit.py:645} INFO - (spark.executor.memory,2g)
[2025-03-26T18:55:37.444+0000] {spark_submit.py:645} INFO - (spark.hadoop.fs.s3a.access.key,*********(redacted))
[2025-03-26T18:55:37.444+0000] {spark_submit.py:645} INFO - (spark.hadoop.fs.s3a.endpoint,http://minio:9000)
[2025-03-26T18:55:37.445+0000] {spark_submit.py:645} INFO - (spark.hadoop.fs.s3a.impl,org.apache.hadoop.fs.s3a.S3AFileSystem)
[2025-03-26T18:55:37.445+0000] {spark_submit.py:645} INFO - (spark.hadoop.fs.s3a.path.style.access,true)
[2025-03-26T18:55:37.446+0000] {spark_submit.py:645} INFO - (spark.hadoop.fs.s3a.secret.key,*********(redacted))
[2025-03-26T18:55:37.446+0000] {spark_submit.py:645} INFO - (spark.jars,/opt/spark_job/jars/aws-java-sdk-bundle-1.12.262.jar,/opt/spark_job/jars/hadoop-aws-3.3.4.jar)
[2025-03-26T18:55:37.447+0000] {spark_submit.py:645} INFO - 
[2025-03-26T18:55:37.448+0000] {spark_submit.py:645} INFO - 
[2025-03-26T18:55:37.770+0000] {spark_submit.py:645} INFO - 25/03/26 18:55:37 WARN NativeCodeLoader: Unable to load native-hadoop library for your platform... using builtin-java classes where applicable
[2025-03-26T18:55:38.032+0000] {spark_submit.py:645} INFO - Main class:
[2025-03-26T18:55:38.033+0000] {spark_submit.py:645} INFO - org.apache.spark.deploy.PythonRunner
[2025-03-26T18:55:38.033+0000] {spark_submit.py:645} INFO - Arguments:
[2025-03-26T18:55:38.033+0000] {spark_submit.py:645} INFO - file:/opt/spark_job/data_transformation.py
[2025-03-26T18:55:38.034+0000] {spark_submit.py:645} INFO - null
[2025-03-26T18:55:38.034+0000] {spark_submit.py:645} INFO - s3://raw/playlist_20250326_133348.json
[2025-03-26T18:55:38.035+0000] {spark_submit.py:645} INFO - Spark config:
[2025-03-26T18:55:38.036+0000] {spark_submit.py:645} INFO - (spark.app.name,arrow-spark)
[2025-03-26T18:55:38.037+0000] {spark_submit.py:645} INFO - (spark.app.submitTime,1743015338011)
[2025-03-26T18:55:38.037+0000] {spark_submit.py:645} INFO - (spark.executor.cores,2)
[2025-03-26T18:55:38.037+0000] {spark_submit.py:645} INFO - (spark.executor.memory,2g)
[2025-03-26T18:55:38.038+0000] {spark_submit.py:645} INFO - (spark.hadoop.fs.s3a.access.key,*********(redacted))
[2025-03-26T18:55:38.038+0000] {spark_submit.py:645} INFO - (spark.hadoop.fs.s3a.endpoint,http://minio:9000)
[2025-03-26T18:55:38.039+0000] {spark_submit.py:645} INFO - (spark.hadoop.fs.s3a.impl,org.apache.hadoop.fs.s3a.S3AFileSystem)
[2025-03-26T18:55:38.039+0000] {spark_submit.py:645} INFO - (spark.hadoop.fs.s3a.path.style.access,true)
[2025-03-26T18:55:38.040+0000] {spark_submit.py:645} INFO - (spark.hadoop.fs.s3a.secret.key,*********(redacted))
[2025-03-26T18:55:38.040+0000] {spark_submit.py:645} INFO - (spark.jars,file:///opt/spark_job/jars/aws-java-sdk-bundle-1.12.262.jar,file:///opt/spark_job/jars/hadoop-aws-3.3.4.jar)
[2025-03-26T18:55:38.041+0000] {spark_submit.py:645} INFO - (spark.kerberos.principal,***)
[2025-03-26T18:55:38.042+0000] {spark_submit.py:645} INFO - (spark.master,spark://spark-master:7077)
[2025-03-26T18:55:38.043+0000] {spark_submit.py:645} INFO - (spark.repl.local.jars,file:///opt/spark_job/jars/aws-java-sdk-bundle-1.12.262.jar,file:///opt/spark_job/jars/hadoop-aws-3.3.4.jar)
[2025-03-26T18:55:38.043+0000] {spark_submit.py:645} INFO - (spark.submit.deployMode,client)
[2025-03-26T18:55:38.044+0000] {spark_submit.py:645} INFO - (spark.submit.pyFiles,)
[2025-03-26T18:55:38.045+0000] {spark_submit.py:645} INFO - Classpath elements:
[2025-03-26T18:55:38.046+0000] {spark_submit.py:645} INFO - file:///opt/spark_job/jars/aws-java-sdk-bundle-1.12.262.jar
[2025-03-26T18:55:38.047+0000] {spark_submit.py:645} INFO - file:///opt/spark_job/jars/hadoop-aws-3.3.4.jar
[2025-03-26T18:55:38.048+0000] {spark_submit.py:645} INFO - 
[2025-03-26T18:55:38.049+0000] {spark_submit.py:645} INFO - 
[2025-03-26T18:55:39.643+0000] {spark_submit.py:645} INFO - Traceback (most recent call last):
[2025-03-26T18:55:39.644+0000] {spark_submit.py:645} INFO - File "/opt/spark_job/data_transformation.py", line 45, in <module>
[2025-03-26T18:55:39.646+0000] {spark_submit.py:645} INFO - processed_bucket = sys.argv[2]
[2025-03-26T18:55:39.647+0000] {spark_submit.py:645} INFO - ~~~~~~~~^^^
[2025-03-26T18:55:39.647+0000] {spark_submit.py:645} INFO - IndexError: list index out of range
[2025-03-26T18:55:39.712+0000] {spark_submit.py:645} INFO - 25/03/26 18:55:39 INFO ShutdownHookManager: Shutdown hook called
[2025-03-26T18:55:39.713+0000] {spark_submit.py:645} INFO - 25/03/26 18:55:39 INFO ShutdownHookManager: Deleting directory /tmp/spark-771b4376-d005-4c86-8a41-813f13eb5a14
[2025-03-26T18:55:39.761+0000] {taskinstance.py:441} INFO - ::group::Post task execution logs
[2025-03-26T18:55:39.773+0000] {taskinstance.py:2905} ERROR - Task failed with exception
Traceback (most recent call last):
  File "/home/airflow/.local/lib/python3.11/site-packages/airflow/models/taskinstance.py", line 465, in _execute_task
    result = _execute_callable(context=context, **execute_callable_kwargs)
             ^^^^^^^^^^^^^^^^^^^^^^^^^^^^^^^^^^^^^^^^^^^^^^^^^^^^^^^^^^^^^
  File "/home/airflow/.local/lib/python3.11/site-packages/airflow/models/taskinstance.py", line 432, in _execute_callable
    return execute_callable(context=context, **execute_callable_kwargs)
           ^^^^^^^^^^^^^^^^^^^^^^^^^^^^^^^^^^^^^^^^^^^^^^^^^^^^^^^^^^^^
  File "/home/airflow/.local/lib/python3.11/site-packages/airflow/models/baseoperator.py", line 401, in wrapper
    return func(self, *args, **kwargs)
           ^^^^^^^^^^^^^^^^^^^^^^^^^^^
  File "/home/airflow/.local/lib/python3.11/site-packages/airflow/operators/python.py", line 235, in execute
    return_value = self.execute_callable()
                   ^^^^^^^^^^^^^^^^^^^^^^^
  File "/home/airflow/.local/lib/python3.11/site-packages/airflow/operators/python.py", line 252, in execute_callable
    return self.python_callable(*self.op_args, **self.op_kwargs)
           ^^^^^^^^^^^^^^^^^^^^^^^^^^^^^^^^^^^^^^^^^^^^^^^^^^^^^
  File "/opt/airflow/dags/etl_pipeline.py", line 95, in spark_dtransformation
    ).execute(kwargs)
      ^^^^^^^^^^^^^^^
  File "/home/airflow/.local/lib/python3.11/site-packages/airflow/models/baseoperator.py", line 401, in wrapper
    return func(self, *args, **kwargs)
           ^^^^^^^^^^^^^^^^^^^^^^^^^^^
  File "/home/airflow/.local/lib/python3.11/site-packages/airflow/providers/apache/spark/operators/spark_submit.py", line 177, in execute
    self._hook.submit(self.application)
  File "/home/airflow/.local/lib/python3.11/site-packages/airflow/providers/apache/spark/hooks/spark_submit.py", line 567, in submit
    raise AirflowException(
airflow.exceptions.AirflowException: Cannot execute: spark-submit --master spark://spark-master:7077 --conf spark.executor.memory=2g --conf spark.executor.cores=2 --conf spark.jars=/opt/spark_job/jars/aws-java-sdk-bundle-1.12.262.jar,/opt/spark_job/jars/hadoop-aws-3.3.4.jar --conf spark.hadoop.fs.s3a.endpoint=http://minio:9000 --conf spark.hadoop.fs.s3a.access.key=admin --conf spark.hadoop.fs.s3a.secret.key=****** --conf spark.hadoop.fs.s3a.impl=org.apache.hadoop.fs.s3a.S3AFileSystem --conf spark.hadoop.fs.s3a.path.style.access=true --principal *** --name arrow-spark --verbose --deploy-mode client /opt/spark_job/data_transformation.py s3://raw/playlist_20250326_133348.json. Error code is: 1.
[2025-03-26T18:55:39.781+0000] {taskinstance.py:1206} INFO - Marking task as UP_FOR_RETRY. dag_id=etl_pipeline, task_id=transformation, run_id=manual__2025-03-26T13:33:39.761724+00:00, execution_date=20250326T133339, start_date=20250326T185535, end_date=20250326T185539
[2025-03-26T18:55:39.823+0000] {standard_task_runner.py:110} ERROR - Failed to execute job 24 for task transformation (Cannot execute: spark-submit --master spark://spark-master:7077 --conf spark.executor.memory=2g --conf spark.executor.cores=2 --conf spark.jars=/opt/spark_job/jars/aws-java-sdk-bundle-1.12.262.jar,/opt/spark_job/jars/hadoop-aws-3.3.4.jar --conf spark.hadoop.fs.s3a.endpoint=http://minio:9000 --conf spark.hadoop.fs.s3a.access.key=admin --conf spark.hadoop.fs.s3a.secret.key=****** --conf spark.hadoop.fs.s3a.impl=org.apache.hadoop.fs.s3a.S3AFileSystem --conf spark.hadoop.fs.s3a.path.style.access=true --principal *** --name arrow-spark --verbose --deploy-mode client /opt/spark_job/data_transformation.py s3://raw/playlist_20250326_133348.json. Error code is: 1.; 402)
[2025-03-26T18:55:39.855+0000] {local_task_job_runner.py:240} INFO - Task exited with return code 1
[2025-03-26T18:55:39.882+0000] {taskinstance.py:3503} INFO - 0 downstream tasks scheduled from follow-on schedule check
[2025-03-26T18:55:39.900+0000] {local_task_job_runner.py:222} INFO - ::endgroup::
