[2025-03-26T19:56:14.674+0000] {local_task_job_runner.py:120} INFO - ::group::Pre task execution logs
[2025-03-26T19:56:14.722+0000] {taskinstance.py:2076} INFO - Dependencies all met for dep_context=non-requeueable deps ti=<TaskInstance: etl_pipeline.transformation manual__2025-03-26T13:33:39.761724+00:00 [queued]>
[2025-03-26T19:56:14.735+0000] {taskinstance.py:2076} INFO - Dependencies all met for dep_context=requeueable deps ti=<TaskInstance: etl_pipeline.transformation manual__2025-03-26T13:33:39.761724+00:00 [queued]>
[2025-03-26T19:56:14.737+0000] {taskinstance.py:2306} INFO - Starting attempt 31 of 32
[2025-03-26T19:56:14.799+0000] {taskinstance.py:2330} INFO - Executing <Task(PythonOperator): transformation> on 2025-03-26 13:33:39.761724+00:00
[2025-03-26T19:56:14.811+0000] {standard_task_runner.py:90} INFO - Running: ['***', 'tasks', 'run', 'etl_pipeline', 'transformation', 'manual__2025-03-26T13:33:39.761724+00:00', '--job-id', '36', '--raw', '--subdir', 'DAGS_FOLDER/etl_pipeline.py', '--cfg-path', '/tmp/tmpdl0bnpx5']
[2025-03-26T19:56:14.861+0000] {standard_task_runner.py:91} INFO - Job 36: Subtask transformation
[2025-03-26T19:56:14.827+0000] {standard_task_runner.py:63} INFO - Started process 2797 to run task
[2025-03-26T19:56:14.975+0000] {task_command.py:426} INFO - Running <TaskInstance: etl_pipeline.transformation manual__2025-03-26T13:33:39.761724+00:00 [running]> on host 53e3672f02f0
[2025-03-26T19:56:15.254+0000] {taskinstance.py:2648} INFO - Exporting env vars: AIRFLOW_CTX_DAG_OWNER='lobobranco' AIRFLOW_CTX_DAG_ID='etl_pipeline' AIRFLOW_CTX_TASK_ID='transformation' AIRFLOW_CTX_EXECUTION_DATE='2025-03-26T13:33:39.761724+00:00' AIRFLOW_CTX_TRY_NUMBER='31' AIRFLOW_CTX_DAG_RUN_ID='manual__2025-03-26T13:33:39.761724+00:00'
[2025-03-26T19:56:15.256+0000] {taskinstance.py:430} INFO - ::endgroup::
[2025-03-26T19:56:15.283+0000] {etl_pipeline.py:76} INFO - Transforming data from file: s3://raw/playlist_20250326_133348.json
[2025-03-26T19:56:15.284+0000] {logging_mixin.py:188} INFO - File Path: s3://raw/playlist_20250326_133348.json
[2025-03-26T19:56:15.284+0000] {logging_mixin.py:188} INFO - Processed Bucket: processed
[2025-03-26T19:56:15.286+0000] {baseoperator.py:400} WARNING - SparkSubmitOperator.execute cannot be called outside TaskInstance!
[2025-03-26T19:56:15.298+0000] {base.py:84} INFO - Using connection ID 'spark_default' for task execution.
[2025-03-26T19:56:15.299+0000] {spark_submit.py:328} ERROR - Failed to decode base64 keytab: Incorrect padding
[2025-03-26T19:56:15.300+0000] {spark_submit.py:305} INFO - Could not load connection string spark_default, defaulting to spark://spark-master:7077
[2025-03-26T19:56:15.301+0000] {spark_submit.py:474} INFO - Spark-Submit cmd: spark-submit --master spark://spark-master:7077 --conf spark.executor.memory=512m --conf spark.executor.cores=1 --conf spark.jars=/opt/spark_job/jars/aws-java-sdk-bundle-1.12.262.jar,/opt/spark_job/jars/hadoop-aws-3.3.4.jar --conf spark.hadoop.fs.s3a.endpoint=http://minio:9000 --conf spark.hadoop.fs.s3a.access.key=admin --conf spark.hadoop.fs.s3a.secret.key=****** --conf spark.hadoop.fs.s3a.impl=org.apache.hadoop.fs.s3a.S3AFileSystem --conf spark.hadoop.fs.s3a.path.style.access=true --principal *** --name arrow-spark --verbose --deploy-mode client /opt/spark_job/data_transformation.py s3://raw/playlist_20250326_133348.json processed
[2025-03-26T19:56:15.527+0000] {spark_submit.py:645} INFO - /home/***/.local/lib/python3.11/site-packages/pyspark/bin/load-spark-env.sh: line 68: ps: command not found
[2025-03-26T19:56:17.016+0000] {spark_submit.py:645} INFO - Using properties file: null
[2025-03-26T19:56:17.177+0000] {spark_submit.py:645} INFO - Parsed arguments:
[2025-03-26T19:56:17.177+0000] {spark_submit.py:645} INFO - master                  spark://spark-master:7077
[2025-03-26T19:56:17.178+0000] {spark_submit.py:645} INFO - remote                  null
[2025-03-26T19:56:17.178+0000] {spark_submit.py:645} INFO - deployMode              client
[2025-03-26T19:56:17.178+0000] {spark_submit.py:645} INFO - executorMemory          512m
[2025-03-26T19:56:17.179+0000] {spark_submit.py:645} INFO - executorCores           1
[2025-03-26T19:56:17.179+0000] {spark_submit.py:645} INFO - totalExecutorCores      null
[2025-03-26T19:56:17.180+0000] {spark_submit.py:645} INFO - propertiesFile          null
[2025-03-26T19:56:17.180+0000] {spark_submit.py:645} INFO - driverMemory            null
[2025-03-26T19:56:17.180+0000] {spark_submit.py:645} INFO - driverCores             null
[2025-03-26T19:56:17.181+0000] {spark_submit.py:645} INFO - driverExtraClassPath    null
[2025-03-26T19:56:17.181+0000] {spark_submit.py:645} INFO - driverExtraLibraryPath  null
[2025-03-26T19:56:17.181+0000] {spark_submit.py:645} INFO - driverExtraJavaOptions  null
[2025-03-26T19:56:17.182+0000] {spark_submit.py:645} INFO - supervise               false
[2025-03-26T19:56:17.182+0000] {spark_submit.py:645} INFO - queue                   null
[2025-03-26T19:56:17.183+0000] {spark_submit.py:645} INFO - numExecutors            null
[2025-03-26T19:56:17.183+0000] {spark_submit.py:645} INFO - files                   null
[2025-03-26T19:56:17.183+0000] {spark_submit.py:645} INFO - pyFiles                 null
[2025-03-26T19:56:17.184+0000] {spark_submit.py:645} INFO - archives                null
[2025-03-26T19:56:17.184+0000] {spark_submit.py:645} INFO - mainClass               null
[2025-03-26T19:56:17.184+0000] {spark_submit.py:645} INFO - primaryResource         file:/opt/spark_job/data_transformation.py
[2025-03-26T19:56:17.185+0000] {spark_submit.py:645} INFO - name                    arrow-spark
[2025-03-26T19:56:17.185+0000] {spark_submit.py:645} INFO - childArgs               [s3://raw/playlist_20250326_133348.json processed]
[2025-03-26T19:56:17.185+0000] {spark_submit.py:645} INFO - jars                    /opt/spark_job/jars/aws-java-sdk-bundle-1.12.262.jar,/opt/spark_job/jars/hadoop-aws-3.3.4.jar
[2025-03-26T19:56:17.186+0000] {spark_submit.py:645} INFO - packages                null
[2025-03-26T19:56:17.186+0000] {spark_submit.py:645} INFO - packagesExclusions      null
[2025-03-26T19:56:17.187+0000] {spark_submit.py:645} INFO - repositories            null
[2025-03-26T19:56:17.187+0000] {spark_submit.py:645} INFO - verbose                 true
[2025-03-26T19:56:17.187+0000] {spark_submit.py:645} INFO - 
[2025-03-26T19:56:17.188+0000] {spark_submit.py:645} INFO - Spark properties used, including those specified through
[2025-03-26T19:56:17.189+0000] {spark_submit.py:645} INFO - --conf and those from the properties file null:
[2025-03-26T19:56:17.189+0000] {spark_submit.py:645} INFO - (spark.executor.cores,1)
[2025-03-26T19:56:17.190+0000] {spark_submit.py:645} INFO - (spark.executor.memory,512m)
[2025-03-26T19:56:17.190+0000] {spark_submit.py:645} INFO - (spark.hadoop.fs.s3a.access.key,*********(redacted))
[2025-03-26T19:56:17.191+0000] {spark_submit.py:645} INFO - (spark.hadoop.fs.s3a.endpoint,http://minio:9000)
[2025-03-26T19:56:17.191+0000] {spark_submit.py:645} INFO - (spark.hadoop.fs.s3a.impl,org.apache.hadoop.fs.s3a.S3AFileSystem)
[2025-03-26T19:56:17.191+0000] {spark_submit.py:645} INFO - (spark.hadoop.fs.s3a.path.style.access,true)
[2025-03-26T19:56:17.192+0000] {spark_submit.py:645} INFO - (spark.hadoop.fs.s3a.secret.key,*********(redacted))
[2025-03-26T19:56:17.192+0000] {spark_submit.py:645} INFO - (spark.jars,/opt/spark_job/jars/aws-java-sdk-bundle-1.12.262.jar,/opt/spark_job/jars/hadoop-aws-3.3.4.jar)
[2025-03-26T19:56:17.192+0000] {spark_submit.py:645} INFO - 
[2025-03-26T19:56:17.193+0000] {spark_submit.py:645} INFO - 
[2025-03-26T19:56:17.508+0000] {spark_submit.py:645} INFO - 25/03/26 19:56:17 WARN NativeCodeLoader: Unable to load native-hadoop library for your platform... using builtin-java classes where applicable
[2025-03-26T19:56:17.737+0000] {spark_submit.py:645} INFO - Main class:
[2025-03-26T19:56:17.738+0000] {spark_submit.py:645} INFO - org.apache.spark.deploy.PythonRunner
[2025-03-26T19:56:17.739+0000] {spark_submit.py:645} INFO - Arguments:
[2025-03-26T19:56:17.740+0000] {spark_submit.py:645} INFO - file:/opt/spark_job/data_transformation.py
[2025-03-26T19:56:17.740+0000] {spark_submit.py:645} INFO - null
[2025-03-26T19:56:17.741+0000] {spark_submit.py:645} INFO - s3://raw/playlist_20250326_133348.json
[2025-03-26T19:56:17.741+0000] {spark_submit.py:645} INFO - processed
[2025-03-26T19:56:17.742+0000] {spark_submit.py:645} INFO - Spark config:
[2025-03-26T19:56:17.743+0000] {spark_submit.py:645} INFO - (spark.app.name,arrow-spark)
[2025-03-26T19:56:17.743+0000] {spark_submit.py:645} INFO - (spark.app.submitTime,1743018977715)
[2025-03-26T19:56:17.743+0000] {spark_submit.py:645} INFO - (spark.executor.cores,1)
[2025-03-26T19:56:17.744+0000] {spark_submit.py:645} INFO - (spark.executor.memory,512m)
[2025-03-26T19:56:17.744+0000] {spark_submit.py:645} INFO - (spark.hadoop.fs.s3a.access.key,*********(redacted))
[2025-03-26T19:56:17.744+0000] {spark_submit.py:645} INFO - (spark.hadoop.fs.s3a.endpoint,http://minio:9000)
[2025-03-26T19:56:17.745+0000] {spark_submit.py:645} INFO - (spark.hadoop.fs.s3a.impl,org.apache.hadoop.fs.s3a.S3AFileSystem)
[2025-03-26T19:56:17.745+0000] {spark_submit.py:645} INFO - (spark.hadoop.fs.s3a.path.style.access,true)
[2025-03-26T19:56:17.746+0000] {spark_submit.py:645} INFO - (spark.hadoop.fs.s3a.secret.key,*********(redacted))
[2025-03-26T19:56:17.746+0000] {spark_submit.py:645} INFO - (spark.jars,file:///opt/spark_job/jars/aws-java-sdk-bundle-1.12.262.jar,file:///opt/spark_job/jars/hadoop-aws-3.3.4.jar)
[2025-03-26T19:56:17.747+0000] {spark_submit.py:645} INFO - (spark.kerberos.principal,***)
[2025-03-26T19:56:17.747+0000] {spark_submit.py:645} INFO - (spark.master,spark://spark-master:7077)
[2025-03-26T19:56:17.747+0000] {spark_submit.py:645} INFO - (spark.repl.local.jars,file:///opt/spark_job/jars/aws-java-sdk-bundle-1.12.262.jar,file:///opt/spark_job/jars/hadoop-aws-3.3.4.jar)
[2025-03-26T19:56:17.748+0000] {spark_submit.py:645} INFO - (spark.submit.deployMode,client)
[2025-03-26T19:56:17.748+0000] {spark_submit.py:645} INFO - (spark.submit.pyFiles,)
[2025-03-26T19:56:17.748+0000] {spark_submit.py:645} INFO - Classpath elements:
[2025-03-26T19:56:17.749+0000] {spark_submit.py:645} INFO - file:///opt/spark_job/jars/aws-java-sdk-bundle-1.12.262.jar
[2025-03-26T19:56:17.749+0000] {spark_submit.py:645} INFO - file:///opt/spark_job/jars/hadoop-aws-3.3.4.jar
[2025-03-26T19:56:17.749+0000] {spark_submit.py:645} INFO - 
[2025-03-26T19:56:17.750+0000] {spark_submit.py:645} INFO - 
[2025-03-26T19:56:19.071+0000] {spark_submit.py:645} INFO - 2025-03-26 19:56:19,071 - INFO - Iniciando a configuração da Spark Session
[2025-03-26T19:56:19.771+0000] {spark_submit.py:645} INFO - 25/03/26 19:56:19 INFO SparkContext: Running Spark version 3.5.5
[2025-03-26T19:56:19.771+0000] {spark_submit.py:645} INFO - 25/03/26 19:56:19 INFO SparkContext: OS info Linux, 5.15.153.1-microsoft-standard-WSL2, amd64
[2025-03-26T19:56:19.772+0000] {spark_submit.py:645} INFO - 25/03/26 19:56:19 INFO SparkContext: Java version 17.0.14
[2025-03-26T19:56:19.805+0000] {spark_submit.py:645} INFO - 25/03/26 19:56:19 INFO ResourceUtils: ==============================================================
[2025-03-26T19:56:19.806+0000] {spark_submit.py:645} INFO - 25/03/26 19:56:19 INFO ResourceUtils: No custom resources configured for spark.driver.
[2025-03-26T19:56:19.806+0000] {spark_submit.py:645} INFO - 25/03/26 19:56:19 INFO ResourceUtils: ==============================================================
[2025-03-26T19:56:19.808+0000] {spark_submit.py:645} INFO - 25/03/26 19:56:19 INFO SparkContext: Submitted application: Minio Integration with PySpark
[2025-03-26T19:56:19.837+0000] {spark_submit.py:645} INFO - 25/03/26 19:56:19 INFO ResourceProfile: Default ResourceProfile created, executor resources: Map(cores -> name: cores, amount: 1, script: , vendor: , memory -> name: memory, amount: 512, script: , vendor: , offHeap -> name: offHeap, amount: 0, script: , vendor: ), task resources: Map(cpus -> name: cpus, amount: 1.0)
[2025-03-26T19:56:19.852+0000] {spark_submit.py:645} INFO - 25/03/26 19:56:19 INFO ResourceProfile: Limiting resource is cpus at 1 tasks per executor
[2025-03-26T19:56:19.854+0000] {spark_submit.py:645} INFO - 25/03/26 19:56:19 INFO ResourceProfileManager: Added ResourceProfile id: 0
[2025-03-26T19:56:19.920+0000] {spark_submit.py:645} INFO - 25/03/26 19:56:19 INFO SecurityManager: Changing view acls to: ***
[2025-03-26T19:56:19.920+0000] {spark_submit.py:645} INFO - 25/03/26 19:56:19 INFO SecurityManager: Changing modify acls to: ***
[2025-03-26T19:56:19.921+0000] {spark_submit.py:645} INFO - 25/03/26 19:56:19 INFO SecurityManager: Changing view acls groups to:
[2025-03-26T19:56:19.921+0000] {spark_submit.py:645} INFO - 25/03/26 19:56:19 INFO SecurityManager: Changing modify acls groups to:
[2025-03-26T19:56:19.922+0000] {spark_submit.py:645} INFO - 25/03/26 19:56:19 INFO SecurityManager: SecurityManager: authentication disabled; ui acls disabled; users with view permissions: ***; groups with view permissions: EMPTY; users with modify permissions: ***; groups with modify permissions: EMPTY
[2025-03-26T19:56:20.167+0000] {spark_submit.py:645} INFO - 25/03/26 19:56:20 INFO Utils: Successfully started service 'sparkDriver' on port 35343.
[2025-03-26T19:56:20.226+0000] {spark_submit.py:645} INFO - 25/03/26 19:56:20 INFO SparkEnv: Registering MapOutputTracker
[2025-03-26T19:56:20.263+0000] {spark_submit.py:645} INFO - 25/03/26 19:56:20 INFO SparkEnv: Registering BlockManagerMaster
[2025-03-26T19:56:20.283+0000] {spark_submit.py:645} INFO - 25/03/26 19:56:20 INFO BlockManagerMasterEndpoint: Using org.apache.spark.storage.DefaultTopologyMapper for getting topology information
[2025-03-26T19:56:20.284+0000] {spark_submit.py:645} INFO - 25/03/26 19:56:20 INFO BlockManagerMasterEndpoint: BlockManagerMasterEndpoint up
[2025-03-26T19:56:20.289+0000] {spark_submit.py:645} INFO - 25/03/26 19:56:20 INFO SparkEnv: Registering BlockManagerMasterHeartbeat
[2025-03-26T19:56:20.310+0000] {spark_submit.py:645} INFO - 25/03/26 19:56:20 INFO DiskBlockManager: Created local directory at /tmp/blockmgr-d506a3d7-d678-43a6-9231-aedad5b8e8e2
[2025-03-26T19:56:20.322+0000] {spark_submit.py:645} INFO - 25/03/26 19:56:20 INFO MemoryStore: MemoryStore started with capacity 434.4 MiB
[2025-03-26T19:56:20.337+0000] {spark_submit.py:645} INFO - 25/03/26 19:56:20 INFO SparkEnv: Registering OutputCommitCoordinator
[2025-03-26T19:56:20.452+0000] {spark_submit.py:645} INFO - 25/03/26 19:56:20 INFO JettyUtils: Start Jetty 0.0.0.0:4040 for SparkUI
[2025-03-26T19:56:20.529+0000] {spark_submit.py:645} INFO - 25/03/26 19:56:20 INFO Utils: Successfully started service 'SparkUI' on port 4040.
[2025-03-26T19:56:20.578+0000] {spark_submit.py:645} INFO - 25/03/26 19:56:20 INFO SparkContext: Added JAR file:///opt/spark_job/jars/aws-java-sdk-bundle-1.12.262.jar at spark://53e3672f02f0:35343/jars/aws-java-sdk-bundle-1.12.262.jar with timestamp 1743018979762
[2025-03-26T19:56:20.579+0000] {spark_submit.py:645} INFO - 25/03/26 19:56:20 INFO SparkContext: Added JAR file:///opt/spark_job/jars/hadoop-aws-3.3.4.jar at spark://53e3672f02f0:35343/jars/hadoop-aws-3.3.4.jar with timestamp 1743018979762
[2025-03-26T19:56:20.673+0000] {spark_submit.py:645} INFO - 25/03/26 19:56:20 INFO StandaloneAppClient$ClientEndpoint: Connecting to master spark://spark-master:7077...
[2025-03-26T19:56:20.727+0000] {spark_submit.py:645} INFO - 25/03/26 19:56:20 INFO TransportClientFactory: Successfully created connection to spark-master/172.18.0.7:7077 after 31 ms (0 ms spent in bootstraps)
[2025-03-26T19:56:20.851+0000] {spark_submit.py:645} INFO - 25/03/26 19:56:20 INFO StandaloneSchedulerBackend: Connected to Spark cluster with app ID app-20250326195620-0009
[2025-03-26T19:56:20.857+0000] {spark_submit.py:645} INFO - 25/03/26 19:56:20 INFO StandaloneAppClient$ClientEndpoint: Executor added: app-20250326195620-0009/0 on worker-20250326191948-172.18.0.6-43665 (172.18.0.6:43665) with 1 core(s)
[2025-03-26T19:56:20.862+0000] {spark_submit.py:645} INFO - 25/03/26 19:56:20 INFO StandaloneSchedulerBackend: Granted executor ID app-20250326195620-0009/0 on hostPort 172.18.0.6:43665 with 1 core(s), 512.0 MiB RAM
[2025-03-26T19:56:20.866+0000] {spark_submit.py:645} INFO - 25/03/26 19:56:20 INFO StandaloneAppClient$ClientEndpoint: Executor added: app-20250326195620-0009/1 on worker-20250326191948-172.18.0.6-43665 (172.18.0.6:43665) with 1 core(s)
[2025-03-26T19:56:20.872+0000] {spark_submit.py:645} INFO - 25/03/26 19:56:20 INFO StandaloneSchedulerBackend: Granted executor ID app-20250326195620-0009/1 on hostPort 172.18.0.6:43665 with 1 core(s), 512.0 MiB RAM
[2025-03-26T19:56:20.873+0000] {spark_submit.py:645} INFO - 25/03/26 19:56:20 INFO StandaloneAppClient$ClientEndpoint: Executor added: app-20250326195620-0009/2 on worker-20250326191948-172.18.0.5-44457 (172.18.0.5:44457) with 1 core(s)
[2025-03-26T19:56:20.878+0000] {spark_submit.py:645} INFO - 25/03/26 19:56:20 INFO StandaloneSchedulerBackend: Granted executor ID app-20250326195620-0009/2 on hostPort 172.18.0.5:44457 with 1 core(s), 512.0 MiB RAM
[2025-03-26T19:56:20.884+0000] {spark_submit.py:645} INFO - 25/03/26 19:56:20 INFO StandaloneAppClient$ClientEndpoint: Executor added: app-20250326195620-0009/3 on worker-20250326191948-172.18.0.5-44457 (172.18.0.5:44457) with 1 core(s)
[2025-03-26T19:56:20.888+0000] {spark_submit.py:645} INFO - 25/03/26 19:56:20 INFO StandaloneSchedulerBackend: Granted executor ID app-20250326195620-0009/3 on hostPort 172.18.0.5:44457 with 1 core(s), 512.0 MiB RAM
[2025-03-26T19:56:20.889+0000] {spark_submit.py:645} INFO - 25/03/26 19:56:20 INFO Utils: Successfully started service 'org.apache.spark.network.netty.NettyBlockTransferService' on port 37243.
[2025-03-26T19:56:20.893+0000] {spark_submit.py:645} INFO - 25/03/26 19:56:20 INFO NettyBlockTransferService: Server created on 53e3672f02f0:37243
[2025-03-26T19:56:20.896+0000] {spark_submit.py:645} INFO - 25/03/26 19:56:20 INFO BlockManager: Using org.apache.spark.storage.RandomBlockReplicationPolicy for block replication policy
[2025-03-26T19:56:20.898+0000] {spark_submit.py:645} INFO - 25/03/26 19:56:20 INFO BlockManagerMaster: Registering BlockManager BlockManagerId(driver, 53e3672f02f0, 37243, None)
[2025-03-26T19:56:20.903+0000] {spark_submit.py:645} INFO - 25/03/26 19:56:20 INFO BlockManagerMasterEndpoint: Registering block manager 53e3672f02f0:37243 with 434.4 MiB RAM, BlockManagerId(driver, 53e3672f02f0, 37243, None)
[2025-03-26T19:56:20.937+0000] {spark_submit.py:645} INFO - 25/03/26 19:56:20 INFO BlockManagerMaster: Registered BlockManager BlockManagerId(driver, 53e3672f02f0, 37243, None)
[2025-03-26T19:56:20.938+0000] {spark_submit.py:645} INFO - 25/03/26 19:56:20 INFO BlockManager: Initialized BlockManager: BlockManagerId(driver, 53e3672f02f0, 37243, None)
[2025-03-26T19:56:20.945+0000] {spark_submit.py:645} INFO - 25/03/26 19:56:20 INFO StandaloneAppClient$ClientEndpoint: Executor updated: app-20250326195620-0009/2 is now RUNNING
[2025-03-26T19:56:20.976+0000] {spark_submit.py:645} INFO - 25/03/26 19:56:20 INFO StandaloneAppClient$ClientEndpoint: Executor updated: app-20250326195620-0009/0 is now RUNNING
[2025-03-26T19:56:20.983+0000] {spark_submit.py:645} INFO - 25/03/26 19:56:20 INFO StandaloneAppClient$ClientEndpoint: Executor updated: app-20250326195620-0009/3 is now RUNNING
[2025-03-26T19:56:21.023+0000] {spark_submit.py:645} INFO - 25/03/26 19:56:21 INFO StandaloneAppClient$ClientEndpoint: Executor updated: app-20250326195620-0009/1 is now RUNNING
[2025-03-26T19:56:21.323+0000] {spark_submit.py:645} INFO - 25/03/26 19:56:21 INFO StandaloneSchedulerBackend: SchedulerBackend is ready for scheduling beginning after reached minRegisteredResourcesRatio: 0.0
[2025-03-26T19:56:21.631+0000] {spark_submit.py:645} INFO - 2025-03-26 19:56:21,631 - INFO - Spark Session criada com sucesso
[2025-03-26T19:56:21.644+0000] {spark_submit.py:645} INFO - 25/03/26 19:56:21 INFO SharedState: Setting hive.metastore.warehouse.dir ('null') to the value of spark.sql.warehouse.dir.
[2025-03-26T19:56:21.648+0000] {spark_submit.py:645} INFO - 25/03/26 19:56:21 INFO SharedState: Warehouse path is 'file:/opt/spark-warehouse'.
[2025-03-26T19:56:23.236+0000] {spark_submit.py:645} INFO - 25/03/26 19:56:23 WARN MetricsConfig: Cannot locate configuration: tried hadoop-metrics2-s3a-file-system.properties,hadoop-metrics2.properties
[2025-03-26T19:56:23.309+0000] {spark_submit.py:645} INFO - 25/03/26 19:56:23 INFO MetricsSystemImpl: Scheduled Metric snapshot period at 10 second(s).
[2025-03-26T19:56:23.310+0000] {spark_submit.py:645} INFO - 25/03/26 19:56:23 INFO MetricsSystemImpl: s3a-file-system metrics system started
[2025-03-26T19:56:27.443+0000] {spark_submit.py:645} INFO - 25/03/26 19:56:27 INFO InMemoryFileIndex: It took 213 ms to list leaf files for 1 paths.
[2025-03-26T19:56:27.774+0000] {spark_submit.py:645} INFO - 25/03/26 19:56:27 INFO MemoryStore: Block broadcast_0 stored as values in memory (estimated size 209.2 KiB, free 434.2 MiB)
[2025-03-26T19:56:27.931+0000] {spark_submit.py:645} INFO - 25/03/26 19:56:27 INFO MemoryStore: Block broadcast_0_piece0 stored as bytes in memory (estimated size 35.4 KiB, free 434.2 MiB)
[2025-03-26T19:56:27.947+0000] {spark_submit.py:645} INFO - 25/03/26 19:56:27 INFO BlockManagerInfo: Added broadcast_0_piece0 in memory on 53e3672f02f0:37243 (size: 35.4 KiB, free: 434.4 MiB)
[2025-03-26T19:56:27.977+0000] {spark_submit.py:645} INFO - 25/03/26 19:56:27 INFO SparkContext: Created broadcast 0 from json at NativeMethodAccessorImpl.java:0
[2025-03-26T19:56:29.058+0000] {spark_submit.py:645} INFO - 25/03/26 19:56:29 INFO FileInputFormat: Total input files to process : 1
[2025-03-26T19:56:29.076+0000] {spark_submit.py:645} INFO - 25/03/26 19:56:29 INFO FileInputFormat: Total input files to process : 1
[2025-03-26T19:56:29.131+0000] {spark_submit.py:645} INFO - 25/03/26 19:56:29 INFO SparkContext: Starting job: json at NativeMethodAccessorImpl.java:0
[2025-03-26T19:56:29.176+0000] {spark_submit.py:645} INFO - 25/03/26 19:56:29 INFO DAGScheduler: Got job 0 (json at NativeMethodAccessorImpl.java:0) with 1 output partitions
[2025-03-26T19:56:29.176+0000] {spark_submit.py:645} INFO - 25/03/26 19:56:29 INFO DAGScheduler: Final stage: ResultStage 0 (json at NativeMethodAccessorImpl.java:0)
[2025-03-26T19:56:29.177+0000] {spark_submit.py:645} INFO - 25/03/26 19:56:29 INFO DAGScheduler: Parents of final stage: List()
[2025-03-26T19:56:29.177+0000] {spark_submit.py:645} INFO - 25/03/26 19:56:29 INFO DAGScheduler: Missing parents: List()
[2025-03-26T19:56:29.177+0000] {spark_submit.py:645} INFO - 25/03/26 19:56:29 INFO DAGScheduler: Submitting ResultStage 0 (MapPartitionsRDD[2] at json at NativeMethodAccessorImpl.java:0), which has no missing parents
[2025-03-26T19:56:29.394+0000] {spark_submit.py:645} INFO - 25/03/26 19:56:29 INFO MemoryStore: Block broadcast_1 stored as values in memory (estimated size 9.3 KiB, free 434.2 MiB)
[2025-03-26T19:56:29.406+0000] {spark_submit.py:645} INFO - 25/03/26 19:56:29 INFO MemoryStore: Block broadcast_1_piece0 stored as bytes in memory (estimated size 5.0 KiB, free 434.1 MiB)
[2025-03-26T19:56:29.407+0000] {spark_submit.py:645} INFO - 25/03/26 19:56:29 INFO BlockManagerInfo: Added broadcast_1_piece0 in memory on 53e3672f02f0:37243 (size: 5.0 KiB, free: 434.4 MiB)
[2025-03-26T19:56:29.409+0000] {spark_submit.py:645} INFO - 25/03/26 19:56:29 INFO SparkContext: Created broadcast 1 from broadcast at DAGScheduler.scala:1585
[2025-03-26T19:56:29.485+0000] {spark_submit.py:645} INFO - 25/03/26 19:56:29 INFO DAGScheduler: Submitting 1 missing tasks from ResultStage 0 (MapPartitionsRDD[2] at json at NativeMethodAccessorImpl.java:0) (first 15 tasks are for partitions Vector(0))
[2025-03-26T19:56:29.489+0000] {spark_submit.py:645} INFO - 25/03/26 19:56:29 INFO TaskSchedulerImpl: Adding task set 0.0 with 1 tasks resource profile 0
[2025-03-26T19:56:30.834+0000] {spark_submit.py:645} INFO - 25/03/26 19:56:30 INFO StandaloneSchedulerBackend$StandaloneDriverEndpoint: Registered executor NettyRpcEndpointRef(spark-client://Executor) (172.18.0.5:37908) with ID 3,  ResourceProfileId 0
[2025-03-26T19:56:31.045+0000] {spark_submit.py:645} INFO - 25/03/26 19:56:31 INFO BlockManagerMasterEndpoint: Registering block manager 172.18.0.5:41025 with 127.2 MiB RAM, BlockManagerId(3, 172.18.0.5, 41025, None)
[2025-03-26T19:56:31.451+0000] {spark_submit.py:645} INFO - 25/03/26 19:56:31 INFO StandaloneSchedulerBackend$StandaloneDriverEndpoint: Registered executor NettyRpcEndpointRef(spark-client://Executor) (172.18.0.5:37922) with ID 2,  ResourceProfileId 0
[2025-03-26T19:56:31.536+0000] {spark_submit.py:645} INFO - 25/03/26 19:56:31 INFO StandaloneSchedulerBackend$StandaloneDriverEndpoint: Registered executor NettyRpcEndpointRef(spark-client://Executor) (172.18.0.6:39630) with ID 1,  ResourceProfileId 0
[2025-03-26T19:56:31.580+0000] {spark_submit.py:645} INFO - 25/03/26 19:56:31 INFO StandaloneSchedulerBackend$StandaloneDriverEndpoint: Registered executor NettyRpcEndpointRef(spark-client://Executor) (172.18.0.6:39626) with ID 0,  ResourceProfileId 0
[2025-03-26T19:56:31.688+0000] {spark_submit.py:645} INFO - 25/03/26 19:56:31 INFO BlockManagerMasterEndpoint: Registering block manager 172.18.0.5:32907 with 127.2 MiB RAM, BlockManagerId(2, 172.18.0.5, 32907, None)
[2025-03-26T19:56:31.887+0000] {spark_submit.py:645} INFO - 25/03/26 19:56:31 INFO BlockManagerMasterEndpoint: Registering block manager 172.18.0.6:41115 with 127.2 MiB RAM, BlockManagerId(1, 172.18.0.6, 41115, None)
[2025-03-26T19:56:31.910+0000] {spark_submit.py:645} INFO - 25/03/26 19:56:31 INFO BlockManagerMasterEndpoint: Registering block manager 172.18.0.6:40593 with 127.2 MiB RAM, BlockManagerId(0, 172.18.0.6, 40593, None)
[2025-03-26T19:57:12.122+0000] {spark_submit.py:645} INFO - 25/03/26 19:57:12 INFO TaskSetManager: Starting task 0.0 in stage 0.0 (TID 0) (172.18.0.5, executor 2, partition 0, PROCESS_LOCAL, 9420 bytes)
[2025-03-26T19:57:13.075+0000] {spark_submit.py:645} INFO - 25/03/26 19:57:13 INFO BlockManagerInfo: Added broadcast_1_piece0 in memory on 172.18.0.5:32907 (size: 5.0 KiB, free: 127.2 MiB)
[2025-03-26T19:57:13.738+0000] {spark_submit.py:645} INFO - 25/03/26 19:57:13 INFO BlockManagerInfo: Added broadcast_0_piece0 in memory on 172.18.0.5:32907 (size: 35.4 KiB, free: 127.2 MiB)
[2025-03-26T19:57:16.082+0000] {spark_submit.py:645} INFO - 25/03/26 19:57:16 INFO TaskSetManager: Finished task 0.0 in stage 0.0 (TID 0) in 3969 ms on 172.18.0.5 (executor 2) (1/1)
[2025-03-26T19:57:16.084+0000] {spark_submit.py:645} INFO - 25/03/26 19:57:16 INFO TaskSchedulerImpl: Removed TaskSet 0.0, whose tasks have all completed, from pool
[2025-03-26T19:57:16.088+0000] {spark_submit.py:645} INFO - 25/03/26 19:57:16 INFO DAGScheduler: ResultStage 0 (json at NativeMethodAccessorImpl.java:0) finished in 46.819 s
[2025-03-26T19:57:16.092+0000] {spark_submit.py:645} INFO - 25/03/26 19:57:16 INFO DAGScheduler: Job 0 is finished. Cancelling potential speculative or zombie tasks for this job
[2025-03-26T19:57:16.092+0000] {spark_submit.py:645} INFO - 25/03/26 19:57:16 INFO TaskSchedulerImpl: Killing all running tasks in stage 0: Stage finished
[2025-03-26T19:57:16.337+0000] {spark_submit.py:645} INFO - 25/03/26 19:57:16 INFO DAGScheduler: Job 0 finished: json at NativeMethodAccessorImpl.java:0, took 47.644114 s
[2025-03-26T19:57:17.692+0000] {spark_submit.py:645} INFO - 25/03/26 19:57:17 INFO BlockManagerInfo: Removed broadcast_1_piece0 on 53e3672f02f0:37243 in memory (size: 5.0 KiB, free: 434.4 MiB)
[2025-03-26T19:57:17.695+0000] {spark_submit.py:645} INFO - 25/03/26 19:57:17 INFO BlockManagerInfo: Removed broadcast_1_piece0 on 172.18.0.5:32907 in memory (size: 5.0 KiB, free: 127.2 MiB)
[2025-03-26T19:57:17.798+0000] {spark_submit.py:645} INFO - 25/03/26 19:57:17 INFO BlockManagerInfo: Removed broadcast_0_piece0 on 53e3672f02f0:37243 in memory (size: 35.4 KiB, free: 434.4 MiB)
[2025-03-26T19:57:17.799+0000] {spark_submit.py:645} INFO - 25/03/26 19:57:17 INFO BlockManagerInfo: Removed broadcast_0_piece0 on 172.18.0.5:32907 in memory (size: 35.4 KiB, free: 127.2 MiB)
[2025-03-26T19:57:18.199+0000] {spark_submit.py:645} INFO - 25/03/26 19:57:18 INFO FileSourceStrategy: Pushed Filters:
[2025-03-26T19:57:18.201+0000] {spark_submit.py:645} INFO - 25/03/26 19:57:18 INFO FileSourceStrategy: Post-Scan Filters:
[2025-03-26T19:57:18.839+0000] {spark_submit.py:645} INFO - 25/03/26 19:57:18 INFO CodeGenerator: Code generated in 339.081618 ms
[2025-03-26T19:57:18.845+0000] {spark_submit.py:645} INFO - 25/03/26 19:57:18 INFO MemoryStore: Block broadcast_2 stored as values in memory (estimated size 208.7 KiB, free 434.2 MiB)
[2025-03-26T19:57:18.857+0000] {spark_submit.py:645} INFO - 25/03/26 19:57:18 INFO MemoryStore: Block broadcast_2_piece0 stored as bytes in memory (estimated size 35.4 KiB, free 434.2 MiB)
[2025-03-26T19:57:18.859+0000] {spark_submit.py:645} INFO - 25/03/26 19:57:18 INFO BlockManagerInfo: Added broadcast_2_piece0 in memory on 53e3672f02f0:37243 (size: 35.4 KiB, free: 434.4 MiB)
[2025-03-26T19:57:18.860+0000] {spark_submit.py:645} INFO - 25/03/26 19:57:18 INFO SparkContext: Created broadcast 2 from showString at NativeMethodAccessorImpl.java:0
[2025-03-26T19:57:18.874+0000] {spark_submit.py:645} INFO - 25/03/26 19:57:18 INFO FileSourceScanExec: Planning scan with bin packing, max size: 4194304 bytes, open cost is considered as scanning 4194304 bytes.
[2025-03-26T19:57:18.928+0000] {spark_submit.py:645} INFO - 25/03/26 19:57:18 INFO SparkContext: Starting job: showString at NativeMethodAccessorImpl.java:0
[2025-03-26T19:57:18.930+0000] {spark_submit.py:645} INFO - 25/03/26 19:57:18 INFO DAGScheduler: Got job 1 (showString at NativeMethodAccessorImpl.java:0) with 1 output partitions
[2025-03-26T19:57:18.931+0000] {spark_submit.py:645} INFO - 25/03/26 19:57:18 INFO DAGScheduler: Final stage: ResultStage 1 (showString at NativeMethodAccessorImpl.java:0)
[2025-03-26T19:57:18.932+0000] {spark_submit.py:645} INFO - 25/03/26 19:57:18 INFO DAGScheduler: Parents of final stage: List()
[2025-03-26T19:57:18.933+0000] {spark_submit.py:645} INFO - 25/03/26 19:57:18 INFO DAGScheduler: Missing parents: List()
[2025-03-26T19:57:18.934+0000] {spark_submit.py:645} INFO - 25/03/26 19:57:18 INFO DAGScheduler: Submitting ResultStage 1 (MapPartitionsRDD[6] at showString at NativeMethodAccessorImpl.java:0), which has no missing parents
[2025-03-26T19:57:18.969+0000] {spark_submit.py:645} INFO - 25/03/26 19:57:18 INFO MemoryStore: Block broadcast_3 stored as values in memory (estimated size 52.3 KiB, free 434.1 MiB)
[2025-03-26T19:57:18.972+0000] {spark_submit.py:645} INFO - 25/03/26 19:57:18 INFO MemoryStore: Block broadcast_3_piece0 stored as bytes in memory (estimated size 16.3 KiB, free 434.1 MiB)
[2025-03-26T19:57:18.973+0000] {spark_submit.py:645} INFO - 25/03/26 19:57:18 INFO BlockManagerInfo: Added broadcast_3_piece0 in memory on 53e3672f02f0:37243 (size: 16.3 KiB, free: 434.3 MiB)
[2025-03-26T19:57:18.973+0000] {spark_submit.py:645} INFO - 25/03/26 19:57:18 INFO SparkContext: Created broadcast 3 from broadcast at DAGScheduler.scala:1585
[2025-03-26T19:57:18.974+0000] {spark_submit.py:645} INFO - 25/03/26 19:57:18 INFO DAGScheduler: Submitting 1 missing tasks from ResultStage 1 (MapPartitionsRDD[6] at showString at NativeMethodAccessorImpl.java:0) (first 15 tasks are for partitions Vector(0))
[2025-03-26T19:57:18.975+0000] {spark_submit.py:645} INFO - 25/03/26 19:57:18 INFO TaskSchedulerImpl: Adding task set 1.0 with 1 tasks resource profile 0
[2025-03-26T19:57:18.980+0000] {spark_submit.py:645} INFO - 25/03/26 19:57:18 INFO TaskSetManager: Starting task 0.0 in stage 1.0 (TID 1) (172.18.0.6, executor 1, partition 0, PROCESS_LOCAL, 9891 bytes)
[2025-03-26T19:57:19.349+0000] {spark_submit.py:645} INFO - 25/03/26 19:57:19 INFO BlockManagerInfo: Added broadcast_3_piece0 in memory on 172.18.0.6:41115 (size: 16.3 KiB, free: 127.2 MiB)
[2025-03-26T19:57:20.875+0000] {spark_submit.py:645} INFO - 25/03/26 19:57:20 INFO BlockManagerInfo: Added broadcast_2_piece0 in memory on 172.18.0.6:41115 (size: 35.4 KiB, free: 127.1 MiB)
[2025-03-26T19:57:23.241+0000] {spark_submit.py:645} INFO - 25/03/26 19:57:23 INFO TaskSetManager: Finished task 0.0 in stage 1.0 (TID 1) in 4265 ms on 172.18.0.6 (executor 1) (1/1)
[2025-03-26T19:57:23.243+0000] {spark_submit.py:645} INFO - 25/03/26 19:57:23 INFO TaskSchedulerImpl: Removed TaskSet 1.0, whose tasks have all completed, from pool
[2025-03-26T19:57:23.247+0000] {spark_submit.py:645} INFO - 25/03/26 19:57:23 INFO DAGScheduler: ResultStage 1 (showString at NativeMethodAccessorImpl.java:0) finished in 4.309 s
[2025-03-26T19:57:23.248+0000] {spark_submit.py:645} INFO - 25/03/26 19:57:23 INFO DAGScheduler: Job 1 is finished. Cancelling potential speculative or zombie tasks for this job
[2025-03-26T19:57:23.249+0000] {spark_submit.py:645} INFO - 25/03/26 19:57:23 INFO TaskSchedulerImpl: Killing all running tasks in stage 1: Stage finished
[2025-03-26T19:57:23.250+0000] {spark_submit.py:645} INFO - 25/03/26 19:57:23 INFO DAGScheduler: Job 1 finished: showString at NativeMethodAccessorImpl.java:0, took 4.319433 s
[2025-03-26T19:57:36.923+0000] {spark_submit.py:645} INFO - 25/03/26 19:57:36 INFO BlockManagerInfo: Removed broadcast_3_piece0 on 53e3672f02f0:37243 in memory (size: 16.3 KiB, free: 434.4 MiB)
[2025-03-26T19:57:36.928+0000] {spark_submit.py:645} INFO - 25/03/26 19:57:36 INFO BlockManagerInfo: Removed broadcast_3_piece0 on 172.18.0.6:41115 in memory (size: 16.3 KiB, free: 127.2 MiB)
[2025-03-26T19:57:44.362+0000] {spark_submit.py:645} INFO - 25/03/26 19:57:44 INFO CodeGenerator: Code generated in 20.078831 ms
[2025-03-26T19:57:44.556+0000] {spark_submit.py:645} INFO - +--------------------+
[2025-03-26T19:57:44.557+0000] {spark_submit.py:645} INFO - |               items|
[2025-03-26T19:57:44.558+0000] {spark_submit.py:645} INFO - +--------------------+
[2025-03-26T19:57:44.559+0000] {spark_submit.py:645} INFO - |[{2023-04-14T16:3...|
[2025-03-26T19:57:44.559+0000] {spark_submit.py:645} INFO - +--------------------+
[2025-03-26T19:57:44.561+0000] {spark_submit.py:645} INFO - 
[2025-03-26T19:57:44.562+0000] {spark_submit.py:645} INFO - None
[2025-03-26T19:57:44.562+0000] {spark_submit.py:645} INFO - 25/03/26 19:57:44 INFO SparkContext: SparkContext is stopping with exitCode 0.
[2025-03-26T19:57:44.570+0000] {spark_submit.py:645} INFO - 25/03/26 19:57:44 INFO SparkUI: Stopped Spark web UI at http://53e3672f02f0:4040
[2025-03-26T19:57:44.575+0000] {spark_submit.py:645} INFO - 25/03/26 19:57:44 INFO StandaloneSchedulerBackend: Shutting down all executors
[2025-03-26T19:57:44.575+0000] {spark_submit.py:645} INFO - 25/03/26 19:57:44 INFO StandaloneSchedulerBackend$StandaloneDriverEndpoint: Asking each executor to shut down
[2025-03-26T19:57:44.625+0000] {spark_submit.py:645} INFO - 25/03/26 19:57:44 INFO MapOutputTrackerMasterEndpoint: MapOutputTrackerMasterEndpoint stopped!
[2025-03-26T19:57:44.662+0000] {spark_submit.py:645} INFO - 25/03/26 19:57:44 INFO MemoryStore: MemoryStore cleared
[2025-03-26T19:57:44.666+0000] {spark_submit.py:645} INFO - 25/03/26 19:57:44 INFO BlockManager: BlockManager stopped
[2025-03-26T19:57:44.669+0000] {spark_submit.py:645} INFO - 25/03/26 19:57:44 INFO BlockManagerMaster: BlockManagerMaster stopped
[2025-03-26T19:57:44.676+0000] {spark_submit.py:645} INFO - 25/03/26 19:57:44 INFO OutputCommitCoordinator$OutputCommitCoordinatorEndpoint: OutputCommitCoordinator stopped!
[2025-03-26T19:57:44.698+0000] {spark_submit.py:645} INFO - 25/03/26 19:57:44 INFO SparkContext: Successfully stopped SparkContext
[2025-03-26T19:57:44.922+0000] {spark_submit.py:645} INFO - 2025-03-26 19:57:44,920 - INFO - Closing down clientserver connection
[2025-03-26T19:57:45.028+0000] {spark_submit.py:645} INFO - 25/03/26 19:57:45 INFO ShutdownHookManager: Shutdown hook called
[2025-03-26T19:57:45.028+0000] {spark_submit.py:645} INFO - 25/03/26 19:57:45 INFO ShutdownHookManager: Deleting directory /tmp/spark-784094d0-262a-4ef2-8b2e-cc0db39adcab
[2025-03-26T19:57:45.035+0000] {spark_submit.py:645} INFO - 25/03/26 19:57:45 INFO ShutdownHookManager: Deleting directory /tmp/spark-a5c69a09-4b7c-4043-a438-3221bc1a9338
[2025-03-26T19:57:45.050+0000] {spark_submit.py:645} INFO - 25/03/26 19:57:45 INFO ShutdownHookManager: Deleting directory /tmp/spark-784094d0-262a-4ef2-8b2e-cc0db39adcab/pyspark-e52141c1-9d6f-4d2b-b774-7e8c57b5a53e
[2025-03-26T19:57:45.077+0000] {spark_submit.py:645} INFO - 25/03/26 19:57:45 INFO MetricsSystemImpl: Stopping s3a-file-system metrics system...
[2025-03-26T19:57:45.078+0000] {spark_submit.py:645} INFO - 25/03/26 19:57:45 INFO MetricsSystemImpl: s3a-file-system metrics system stopped.
[2025-03-26T19:57:45.078+0000] {spark_submit.py:645} INFO - 25/03/26 19:57:45 INFO MetricsSystemImpl: s3a-file-system metrics system shutdown complete.
[2025-03-26T19:57:45.136+0000] {python.py:237} INFO - Done. Returned value was: None
[2025-03-26T19:57:45.137+0000] {taskinstance.py:441} INFO - ::group::Post task execution logs
[2025-03-26T19:57:45.150+0000] {taskinstance.py:1206} INFO - Marking task as SUCCESS. dag_id=etl_pipeline, task_id=transformation, run_id=manual__2025-03-26T13:33:39.761724+00:00, execution_date=20250326T133339, start_date=20250326T195614, end_date=20250326T195745
[2025-03-26T19:57:45.416+0000] {local_task_job_runner.py:240} INFO - Task exited with return code 0
[2025-03-26T19:57:45.442+0000] {taskinstance.py:3503} INFO - 0 downstream tasks scheduled from follow-on schedule check
[2025-03-26T19:57:45.541+0000] {local_task_job_runner.py:222} INFO - ::endgroup::
