[2025-03-26T14:07:51.006+0000] {local_task_job_runner.py:120} INFO - ::group::Pre task execution logs
[2025-03-26T14:07:51.055+0000] {taskinstance.py:2076} INFO - Dependencies all met for dep_context=non-requeueable deps ti=<TaskInstance: etl_pipeline.transformation manual__2025-03-26T13:33:39.761724+00:00 [queued]>
[2025-03-26T14:07:51.076+0000] {taskinstance.py:2076} INFO - Dependencies all met for dep_context=requeueable deps ti=<TaskInstance: etl_pipeline.transformation manual__2025-03-26T13:33:39.761724+00:00 [queued]>
[2025-03-26T14:07:51.077+0000] {taskinstance.py:2306} INFO - Starting attempt 10 of 11
[2025-03-26T14:07:51.136+0000] {taskinstance.py:2330} INFO - Executing <Task(PythonOperator): transformation> on 2025-03-26 13:33:39.761724+00:00
[2025-03-26T14:07:51.158+0000] {standard_task_runner.py:63} INFO - Started process 659 to run task
[2025-03-26T14:07:51.162+0000] {standard_task_runner.py:90} INFO - Running: ['***', 'tasks', 'run', 'etl_pipeline', 'transformation', 'manual__2025-03-26T13:33:39.761724+00:00', '--job-id', '14', '--raw', '--subdir', 'DAGS_FOLDER/etl_pipeline.py', '--cfg-path', '/tmp/tmp70wbdu36']
[2025-03-26T14:07:51.174+0000] {standard_task_runner.py:91} INFO - Job 14: Subtask transformation
[2025-03-26T14:07:51.322+0000] {task_command.py:426} INFO - Running <TaskInstance: etl_pipeline.transformation manual__2025-03-26T13:33:39.761724+00:00 [running]> on host 1ef5fffc4c4a
[2025-03-26T14:07:51.547+0000] {taskinstance.py:2648} INFO - Exporting env vars: AIRFLOW_CTX_DAG_OWNER='lobobranco' AIRFLOW_CTX_DAG_ID='etl_pipeline' AIRFLOW_CTX_TASK_ID='transformation' AIRFLOW_CTX_EXECUTION_DATE='2025-03-26T13:33:39.761724+00:00' AIRFLOW_CTX_TRY_NUMBER='10' AIRFLOW_CTX_DAG_RUN_ID='manual__2025-03-26T13:33:39.761724+00:00'
[2025-03-26T14:07:51.550+0000] {taskinstance.py:430} INFO - ::endgroup::
[2025-03-26T14:07:51.596+0000] {etl_pipeline.py:76} INFO - Transforming data from file: s3://raw/playlist_20250326_133348.json
[2025-03-26T14:07:51.598+0000] {baseoperator.py:400} WARNING - SparkSubmitOperator.execute cannot be called outside TaskInstance!
[2025-03-26T14:07:51.616+0000] {base.py:84} INFO - Using connection ID 'spark_default' for task execution.
[2025-03-26T14:07:51.617+0000] {spark_submit.py:328} ERROR - Failed to decode base64 keytab: Incorrect padding
[2025-03-26T14:07:51.619+0000] {spark_submit.py:305} INFO - Could not load connection string spark_default, defaulting to spark-master:7077:7077
[2025-03-26T14:07:51.621+0000] {spark_submit.py:474} INFO - Spark-Submit cmd: spark-submit --master spark-master:7077:7077 --conf spark.master=spark://spark-master:7077 --conf spark.executor.memory=2g --conf spark.executor.cores=2 --conf spark.jars=/opt/spark_job/jars/aws-java-sdk-bundle-1.12.262.jar,/opt/spark_job/jars/hadoop-aws-3.3.4.jar --conf spark.hadoop.fs.s3a.endpoint=http://minio:9000 --conf spark.hadoop.fs.s3a.access.key=admin --conf spark.hadoop.fs.s3a.secret.key=****** --conf spark.hadoop.fs.s3a.impl=org.apache.hadoop.fs.s3a.S3AFileSystem --conf spark.hadoop.fs.s3a.path.style.access=true --principal *** --name arrow-spark --verbose --deploy-mode client /opt/spark_job/data_transformation.py s3://raw/playlist_20250326_133348.json
[2025-03-26T14:07:51.732+0000] {spark_submit.py:645} INFO - /home/***/.local/lib/python3.11/site-packages/pyspark/bin/load-spark-env.sh: line 68: ps: command not found
[2025-03-26T14:07:57.038+0000] {spark_submit.py:645} INFO - Using properties file: null
[2025-03-26T14:07:57.177+0000] {spark_submit.py:645} INFO - Parsed arguments:
[2025-03-26T14:07:57.178+0000] {spark_submit.py:645} INFO - master                  spark-master:7077:7077
[2025-03-26T14:07:57.179+0000] {spark_submit.py:645} INFO - remote                  null
[2025-03-26T14:07:57.179+0000] {spark_submit.py:645} INFO - deployMode              client
[2025-03-26T14:07:57.180+0000] {spark_submit.py:645} INFO - executorMemory          2g
[2025-03-26T14:07:57.180+0000] {spark_submit.py:645} INFO - executorCores           2
[2025-03-26T14:07:57.181+0000] {spark_submit.py:645} INFO - totalExecutorCores      null
[2025-03-26T14:07:57.182+0000] {spark_submit.py:645} INFO - propertiesFile          null
[2025-03-26T14:07:57.183+0000] {spark_submit.py:645} INFO - driverMemory            null
[2025-03-26T14:07:57.183+0000] {spark_submit.py:645} INFO - driverCores             null
[2025-03-26T14:07:57.184+0000] {spark_submit.py:645} INFO - driverExtraClassPath    null
[2025-03-26T14:07:57.184+0000] {spark_submit.py:645} INFO - driverExtraLibraryPath  null
[2025-03-26T14:07:57.184+0000] {spark_submit.py:645} INFO - driverExtraJavaOptions  null
[2025-03-26T14:07:57.185+0000] {spark_submit.py:645} INFO - supervise               false
[2025-03-26T14:07:57.185+0000] {spark_submit.py:645} INFO - queue                   null
[2025-03-26T14:07:57.186+0000] {spark_submit.py:645} INFO - numExecutors            null
[2025-03-26T14:07:57.186+0000] {spark_submit.py:645} INFO - files                   null
[2025-03-26T14:07:57.186+0000] {spark_submit.py:645} INFO - pyFiles                 null
[2025-03-26T14:07:57.187+0000] {spark_submit.py:645} INFO - archives                null
[2025-03-26T14:07:57.187+0000] {spark_submit.py:645} INFO - mainClass               null
[2025-03-26T14:07:57.187+0000] {spark_submit.py:645} INFO - primaryResource         file:/opt/spark_job/data_transformation.py
[2025-03-26T14:07:57.188+0000] {spark_submit.py:645} INFO - name                    arrow-spark
[2025-03-26T14:07:57.189+0000] {spark_submit.py:645} INFO - childArgs               [s3://raw/playlist_20250326_133348.json]
[2025-03-26T14:07:57.189+0000] {spark_submit.py:645} INFO - jars                    /opt/spark_job/jars/aws-java-sdk-bundle-1.12.262.jar,/opt/spark_job/jars/hadoop-aws-3.3.4.jar
[2025-03-26T14:07:57.193+0000] {spark_submit.py:645} INFO - packages                null
[2025-03-26T14:07:57.193+0000] {spark_submit.py:645} INFO - packagesExclusions      null
[2025-03-26T14:07:57.194+0000] {spark_submit.py:645} INFO - repositories            null
[2025-03-26T14:07:57.194+0000] {spark_submit.py:645} INFO - verbose                 true
[2025-03-26T14:07:57.195+0000] {spark_submit.py:645} INFO - 
[2025-03-26T14:07:57.195+0000] {spark_submit.py:645} INFO - Spark properties used, including those specified through
[2025-03-26T14:07:57.195+0000] {spark_submit.py:645} INFO - --conf and those from the properties file null:
[2025-03-26T14:07:57.195+0000] {spark_submit.py:645} INFO - (spark.executor.cores,2)
[2025-03-26T14:07:57.196+0000] {spark_submit.py:645} INFO - (spark.executor.memory,2g)
[2025-03-26T14:07:57.196+0000] {spark_submit.py:645} INFO - (spark.hadoop.fs.s3a.access.key,*********(redacted))
[2025-03-26T14:07:57.196+0000] {spark_submit.py:645} INFO - (spark.hadoop.fs.s3a.endpoint,http://minio:9000)
[2025-03-26T14:07:57.197+0000] {spark_submit.py:645} INFO - (spark.hadoop.fs.s3a.impl,org.apache.hadoop.fs.s3a.S3AFileSystem)
[2025-03-26T14:07:57.197+0000] {spark_submit.py:645} INFO - (spark.hadoop.fs.s3a.path.style.access,true)
[2025-03-26T14:07:57.198+0000] {spark_submit.py:645} INFO - (spark.hadoop.fs.s3a.secret.key,*********(redacted))
[2025-03-26T14:07:57.198+0000] {spark_submit.py:645} INFO - (spark.jars,/opt/spark_job/jars/aws-java-sdk-bundle-1.12.262.jar,/opt/spark_job/jars/hadoop-aws-3.3.4.jar)
[2025-03-26T14:07:57.199+0000] {spark_submit.py:645} INFO - (spark.master,spark://spark-master:7077)
[2025-03-26T14:07:57.200+0000] {spark_submit.py:645} INFO - 
[2025-03-26T14:07:57.200+0000] {spark_submit.py:645} INFO - 
[2025-03-26T14:07:57.652+0000] {spark_submit.py:645} INFO - 25/03/26 14:07:57 WARN NativeCodeLoader: Unable to load native-hadoop library for your platform... using builtin-java classes where applicable
[2025-03-26T14:07:57.868+0000] {spark_submit.py:645} INFO - Main class:
[2025-03-26T14:07:57.869+0000] {spark_submit.py:645} INFO - org.apache.spark.deploy.PythonRunner
[2025-03-26T14:07:57.870+0000] {spark_submit.py:645} INFO - Arguments:
[2025-03-26T14:07:57.870+0000] {spark_submit.py:645} INFO - file:/opt/spark_job/data_transformation.py
[2025-03-26T14:07:57.870+0000] {spark_submit.py:645} INFO - null
[2025-03-26T14:07:57.871+0000] {spark_submit.py:645} INFO - s3://raw/playlist_20250326_133348.json
[2025-03-26T14:07:57.872+0000] {spark_submit.py:645} INFO - Spark config:
[2025-03-26T14:07:57.872+0000] {spark_submit.py:645} INFO - (spark.app.name,arrow-spark)
[2025-03-26T14:07:57.873+0000] {spark_submit.py:645} INFO - (spark.app.submitTime,1742998077850)
[2025-03-26T14:07:57.873+0000] {spark_submit.py:645} INFO - (spark.executor.cores,2)
[2025-03-26T14:07:57.873+0000] {spark_submit.py:645} INFO - (spark.executor.memory,2g)
[2025-03-26T14:07:57.873+0000] {spark_submit.py:645} INFO - (spark.hadoop.fs.s3a.access.key,*********(redacted))
[2025-03-26T14:07:57.874+0000] {spark_submit.py:645} INFO - (spark.hadoop.fs.s3a.endpoint,http://minio:9000)
[2025-03-26T14:07:57.874+0000] {spark_submit.py:645} INFO - (spark.hadoop.fs.s3a.impl,org.apache.hadoop.fs.s3a.S3AFileSystem)
[2025-03-26T14:07:57.875+0000] {spark_submit.py:645} INFO - (spark.hadoop.fs.s3a.path.style.access,true)
[2025-03-26T14:07:57.875+0000] {spark_submit.py:645} INFO - (spark.hadoop.fs.s3a.secret.key,*********(redacted))
[2025-03-26T14:07:57.875+0000] {spark_submit.py:645} INFO - (spark.jars,file:///opt/spark_job/jars/aws-java-sdk-bundle-1.12.262.jar,file:///opt/spark_job/jars/hadoop-aws-3.3.4.jar)
[2025-03-26T14:07:57.876+0000] {spark_submit.py:645} INFO - (spark.kerberos.principal,***)
[2025-03-26T14:07:57.876+0000] {spark_submit.py:645} INFO - (spark.master,spark-master:7077:7077)
[2025-03-26T14:07:57.876+0000] {spark_submit.py:645} INFO - (spark.repl.local.jars,file:///opt/spark_job/jars/aws-java-sdk-bundle-1.12.262.jar,file:///opt/spark_job/jars/hadoop-aws-3.3.4.jar)
[2025-03-26T14:07:57.877+0000] {spark_submit.py:645} INFO - (spark.submit.deployMode,client)
[2025-03-26T14:07:57.877+0000] {spark_submit.py:645} INFO - (spark.submit.pyFiles,)
[2025-03-26T14:07:57.878+0000] {spark_submit.py:645} INFO - Classpath elements:
[2025-03-26T14:07:57.878+0000] {spark_submit.py:645} INFO - file:///opt/spark_job/jars/aws-java-sdk-bundle-1.12.262.jar
[2025-03-26T14:07:57.879+0000] {spark_submit.py:645} INFO - file:///opt/spark_job/jars/hadoop-aws-3.3.4.jar
[2025-03-26T14:07:57.879+0000] {spark_submit.py:645} INFO - 
[2025-03-26T14:07:57.880+0000] {spark_submit.py:645} INFO - 
[2025-03-26T14:08:00.840+0000] {spark_submit.py:645} INFO - 25/03/26 14:08:00 INFO SparkContext: Running Spark version 3.5.5
[2025-03-26T14:08:00.841+0000] {spark_submit.py:645} INFO - 25/03/26 14:08:00 INFO SparkContext: OS info Linux, 5.15.153.1-microsoft-standard-WSL2, amd64
[2025-03-26T14:08:00.841+0000] {spark_submit.py:645} INFO - 25/03/26 14:08:00 INFO SparkContext: Java version 17.0.14
[2025-03-26T14:08:00.878+0000] {spark_submit.py:645} INFO - 25/03/26 14:08:00 INFO ResourceUtils: ==============================================================
[2025-03-26T14:08:00.878+0000] {spark_submit.py:645} INFO - 25/03/26 14:08:00 INFO ResourceUtils: No custom resources configured for spark.driver.
[2025-03-26T14:08:00.879+0000] {spark_submit.py:645} INFO - 25/03/26 14:08:00 INFO ResourceUtils: ==============================================================
[2025-03-26T14:08:00.879+0000] {spark_submit.py:645} INFO - 25/03/26 14:08:00 INFO SparkContext: Submitted application: Minio Integration with PySpark
[2025-03-26T14:08:00.899+0000] {spark_submit.py:645} INFO - 25/03/26 14:08:00 INFO ResourceProfile: Default ResourceProfile created, executor resources: Map(cores -> name: cores, amount: 2, script: , vendor: , memory -> name: memory, amount: 2048, script: , vendor: , offHeap -> name: offHeap, amount: 0, script: , vendor: ), task resources: Map(cpus -> name: cpus, amount: 1.0)
[2025-03-26T14:08:00.911+0000] {spark_submit.py:645} INFO - 25/03/26 14:08:00 INFO ResourceProfile: Limiting resource is cpus at 2 tasks per executor
[2025-03-26T14:08:00.914+0000] {spark_submit.py:645} INFO - 25/03/26 14:08:00 INFO ResourceProfileManager: Added ResourceProfile id: 0
[2025-03-26T14:08:00.976+0000] {spark_submit.py:645} INFO - 25/03/26 14:08:00 INFO SecurityManager: Changing view acls to: ***
[2025-03-26T14:08:00.977+0000] {spark_submit.py:645} INFO - 25/03/26 14:08:00 INFO SecurityManager: Changing modify acls to: ***
[2025-03-26T14:08:00.977+0000] {spark_submit.py:645} INFO - 25/03/26 14:08:00 INFO SecurityManager: Changing view acls groups to:
[2025-03-26T14:08:00.977+0000] {spark_submit.py:645} INFO - 25/03/26 14:08:00 INFO SecurityManager: Changing modify acls groups to:
[2025-03-26T14:08:00.978+0000] {spark_submit.py:645} INFO - 25/03/26 14:08:00 INFO SecurityManager: SecurityManager: authentication disabled; ui acls disabled; users with view permissions: ***; groups with view permissions: EMPTY; users with modify permissions: ***; groups with modify permissions: EMPTY
[2025-03-26T14:08:01.958+0000] {spark_submit.py:645} INFO - 25/03/26 14:08:01 INFO Utils: Successfully started service 'sparkDriver' on port 41523.
[2025-03-26T14:08:02.004+0000] {spark_submit.py:645} INFO - 25/03/26 14:08:02 INFO SparkEnv: Registering MapOutputTracker
[2025-03-26T14:08:02.049+0000] {spark_submit.py:645} INFO - 25/03/26 14:08:02 INFO SparkEnv: Registering BlockManagerMaster
[2025-03-26T14:08:02.068+0000] {spark_submit.py:645} INFO - 25/03/26 14:08:02 INFO BlockManagerMasterEndpoint: Using org.apache.spark.storage.DefaultTopologyMapper for getting topology information
[2025-03-26T14:08:02.069+0000] {spark_submit.py:645} INFO - 25/03/26 14:08:02 INFO BlockManagerMasterEndpoint: BlockManagerMasterEndpoint up
[2025-03-26T14:08:02.073+0000] {spark_submit.py:645} INFO - 25/03/26 14:08:02 INFO SparkEnv: Registering BlockManagerMasterHeartbeat
[2025-03-26T14:08:02.093+0000] {spark_submit.py:645} INFO - 25/03/26 14:08:02 INFO DiskBlockManager: Created local directory at /tmp/blockmgr-bac5e91f-c31b-4d2b-99d8-ed056d65fea9
[2025-03-26T14:08:02.107+0000] {spark_submit.py:645} INFO - 25/03/26 14:08:02 INFO MemoryStore: MemoryStore started with capacity 434.4 MiB
[2025-03-26T14:08:02.121+0000] {spark_submit.py:645} INFO - 25/03/26 14:08:02 INFO SparkEnv: Registering OutputCommitCoordinator
[2025-03-26T14:08:02.260+0000] {spark_submit.py:645} INFO - 25/03/26 14:08:02 INFO JettyUtils: Start Jetty 0.0.0.0:4040 for SparkUI
[2025-03-26T14:08:02.331+0000] {spark_submit.py:645} INFO - 25/03/26 14:08:02 INFO Utils: Successfully started service 'SparkUI' on port 4040.
[2025-03-26T14:08:02.367+0000] {spark_submit.py:645} INFO - 25/03/26 14:08:02 INFO SparkContext: Added JAR file:///opt/spark_job/jars/aws-java-sdk-bundle-1.12.262.jar at spark://1ef5fffc4c4a:41523/jars/aws-java-sdk-bundle-1.12.262.jar with timestamp 1742998080830
[2025-03-26T14:08:02.369+0000] {spark_submit.py:645} INFO - 25/03/26 14:08:02 INFO SparkContext: Added JAR file:///opt/spark_job/jars/hadoop-aws-3.3.4.jar at spark://1ef5fffc4c4a:41523/jars/hadoop-aws-3.3.4.jar with timestamp 1742998080830
[2025-03-26T14:08:02.467+0000] {spark_submit.py:645} INFO - 25/03/26 14:08:02 ERROR SparkContext: Error initializing SparkContext.
[2025-03-26T14:08:02.468+0000] {spark_submit.py:645} INFO - org.apache.spark.SparkException: Could not parse Master URL: 'spark-master:7077:7077'
[2025-03-26T14:08:02.469+0000] {spark_submit.py:645} INFO - at org.apache.spark.SparkContext$.org$apache$spark$SparkContext$$createTaskScheduler(SparkContext.scala:3194)
[2025-03-26T14:08:02.469+0000] {spark_submit.py:645} INFO - at org.apache.spark.SparkContext.<init>(SparkContext.scala:577)
[2025-03-26T14:08:02.470+0000] {spark_submit.py:645} INFO - at org.apache.spark.api.java.JavaSparkContext.<init>(JavaSparkContext.scala:58)
[2025-03-26T14:08:02.470+0000] {spark_submit.py:645} INFO - at java.base/jdk.internal.reflect.NativeConstructorAccessorImpl.newInstance0(Native Method)
[2025-03-26T14:08:02.471+0000] {spark_submit.py:645} INFO - at java.base/jdk.internal.reflect.NativeConstructorAccessorImpl.newInstance(NativeConstructorAccessorImpl.java:77)
[2025-03-26T14:08:02.472+0000] {spark_submit.py:645} INFO - at java.base/jdk.internal.reflect.DelegatingConstructorAccessorImpl.newInstance(DelegatingConstructorAccessorImpl.java:45)
[2025-03-26T14:08:02.473+0000] {spark_submit.py:645} INFO - at java.base/java.lang.reflect.Constructor.newInstanceWithCaller(Constructor.java:500)
[2025-03-26T14:08:02.474+0000] {spark_submit.py:645} INFO - at java.base/java.lang.reflect.Constructor.newInstance(Constructor.java:481)
[2025-03-26T14:08:02.474+0000] {spark_submit.py:645} INFO - at py4j.reflection.MethodInvoker.invoke(MethodInvoker.java:247)
[2025-03-26T14:08:02.475+0000] {spark_submit.py:645} INFO - at py4j.reflection.ReflectionEngine.invoke(ReflectionEngine.java:374)
[2025-03-26T14:08:02.475+0000] {spark_submit.py:645} INFO - at py4j.Gateway.invoke(Gateway.java:238)
[2025-03-26T14:08:02.475+0000] {spark_submit.py:645} INFO - at py4j.commands.ConstructorCommand.invokeConstructor(ConstructorCommand.java:80)
[2025-03-26T14:08:02.476+0000] {spark_submit.py:645} INFO - at py4j.commands.ConstructorCommand.execute(ConstructorCommand.java:69)
[2025-03-26T14:08:02.476+0000] {spark_submit.py:645} INFO - at py4j.ClientServerConnection.waitForCommands(ClientServerConnection.java:182)
[2025-03-26T14:08:02.477+0000] {spark_submit.py:645} INFO - at py4j.ClientServerConnection.run(ClientServerConnection.java:106)
[2025-03-26T14:08:02.478+0000] {spark_submit.py:645} INFO - at java.base/java.lang.Thread.run(Thread.java:840)
[2025-03-26T14:08:02.478+0000] {spark_submit.py:645} INFO - 25/03/26 14:08:02 INFO SparkContext: SparkContext is stopping with exitCode 0.
[2025-03-26T14:08:02.483+0000] {spark_submit.py:645} INFO - 25/03/26 14:08:02 INFO SparkUI: Stopped Spark web UI at http://1ef5fffc4c4a:4040
[2025-03-26T14:08:02.510+0000] {spark_submit.py:645} INFO - 25/03/26 14:08:02 INFO MapOutputTrackerMasterEndpoint: MapOutputTrackerMasterEndpoint stopped!
[2025-03-26T14:08:02.526+0000] {spark_submit.py:645} INFO - 25/03/26 14:08:02 INFO MemoryStore: MemoryStore cleared
[2025-03-26T14:08:02.526+0000] {spark_submit.py:645} INFO - 25/03/26 14:08:02 INFO BlockManager: BlockManager stopped
[2025-03-26T14:08:02.533+0000] {spark_submit.py:645} INFO - 25/03/26 14:08:02 INFO BlockManagerMaster: BlockManagerMaster stopped
[2025-03-26T14:08:02.533+0000] {spark_submit.py:645} INFO - 25/03/26 14:08:02 WARN MetricsSystem: Stopping a MetricsSystem that is not running
[2025-03-26T14:08:02.543+0000] {spark_submit.py:645} INFO - 25/03/26 14:08:02 INFO OutputCommitCoordinator$OutputCommitCoordinatorEndpoint: OutputCommitCoordinator stopped!
[2025-03-26T14:08:03.095+0000] {spark_submit.py:645} INFO - 25/03/26 14:08:03 INFO SparkContext: Successfully stopped SparkContext
[2025-03-26T14:08:03.096+0000] {spark_submit.py:645} INFO - Traceback (most recent call last):
[2025-03-26T14:08:03.096+0000] {spark_submit.py:645} INFO - File "/opt/spark_job/data_transformation.py", line 42, in <module>
[2025-03-26T14:08:03.098+0000] {spark_submit.py:645} INFO - spark = create_spark_session()
[2025-03-26T14:08:03.099+0000] {spark_submit.py:645} INFO - ^^^^^^^^^^^^^^^^^^^^^^
[2025-03-26T14:08:03.100+0000] {spark_submit.py:645} INFO - File "/opt/spark_job/data_transformation.py", line 14, in create_spark_session
[2025-03-26T14:08:03.101+0000] {spark_submit.py:645} INFO - .getOrCreate()
[2025-03-26T14:08:03.101+0000] {spark_submit.py:645} INFO - ^^^^^^^^^^^^^
[2025-03-26T14:08:03.102+0000] {spark_submit.py:645} INFO - File "/home/***/.local/lib/python3.11/site-packages/pyspark/python/lib/pyspark.zip/pyspark/sql/session.py", line 497, in getOrCreate
[2025-03-26T14:08:03.103+0000] {spark_submit.py:645} INFO - File "/home/***/.local/lib/python3.11/site-packages/pyspark/python/lib/pyspark.zip/pyspark/context.py", line 515, in getOrCreate
[2025-03-26T14:08:03.104+0000] {spark_submit.py:645} INFO - File "/home/***/.local/lib/python3.11/site-packages/pyspark/python/lib/pyspark.zip/pyspark/context.py", line 203, in __init__
[2025-03-26T14:08:03.105+0000] {spark_submit.py:645} INFO - File "/home/***/.local/lib/python3.11/site-packages/pyspark/python/lib/pyspark.zip/pyspark/context.py", line 296, in _do_init
[2025-03-26T14:08:03.105+0000] {spark_submit.py:645} INFO - File "/home/***/.local/lib/python3.11/site-packages/pyspark/python/lib/pyspark.zip/pyspark/context.py", line 421, in _initialize_context
[2025-03-26T14:08:03.106+0000] {spark_submit.py:645} INFO - File "/home/***/.local/lib/python3.11/site-packages/pyspark/python/lib/py4j-0.10.9.7-src.zip/py4j/java_gateway.py", line 1587, in __call__
[2025-03-26T14:08:03.106+0000] {spark_submit.py:645} INFO - File "/home/***/.local/lib/python3.11/site-packages/pyspark/python/lib/py4j-0.10.9.7-src.zip/py4j/protocol.py", line 326, in get_return_value
[2025-03-26T14:08:03.106+0000] {spark_submit.py:645} INFO - py4j.protocol.Py4JJavaError: An error occurred while calling None.org.apache.spark.api.java.JavaSparkContext.
[2025-03-26T14:08:03.107+0000] {spark_submit.py:645} INFO - : org.apache.spark.SparkException: Could not parse Master URL: 'spark-master:7077:7077'
[2025-03-26T14:08:03.107+0000] {spark_submit.py:645} INFO - at org.apache.spark.SparkContext$.org$apache$spark$SparkContext$$createTaskScheduler(SparkContext.scala:3194)
[2025-03-26T14:08:03.108+0000] {spark_submit.py:645} INFO - at org.apache.spark.SparkContext.<init>(SparkContext.scala:577)
[2025-03-26T14:08:03.108+0000] {spark_submit.py:645} INFO - at org.apache.spark.api.java.JavaSparkContext.<init>(JavaSparkContext.scala:58)
[2025-03-26T14:08:03.108+0000] {spark_submit.py:645} INFO - at java.base/jdk.internal.reflect.NativeConstructorAccessorImpl.newInstance0(Native Method)
[2025-03-26T14:08:03.109+0000] {spark_submit.py:645} INFO - at java.base/jdk.internal.reflect.NativeConstructorAccessorImpl.newInstance(NativeConstructorAccessorImpl.java:77)
[2025-03-26T14:08:03.109+0000] {spark_submit.py:645} INFO - at java.base/jdk.internal.reflect.DelegatingConstructorAccessorImpl.newInstance(DelegatingConstructorAccessorImpl.java:45)
[2025-03-26T14:08:03.109+0000] {spark_submit.py:645} INFO - at java.base/java.lang.reflect.Constructor.newInstanceWithCaller(Constructor.java:500)
[2025-03-26T14:08:03.110+0000] {spark_submit.py:645} INFO - at java.base/java.lang.reflect.Constructor.newInstance(Constructor.java:481)
[2025-03-26T14:08:03.110+0000] {spark_submit.py:645} INFO - at py4j.reflection.MethodInvoker.invoke(MethodInvoker.java:247)
[2025-03-26T14:08:03.110+0000] {spark_submit.py:645} INFO - at py4j.reflection.ReflectionEngine.invoke(ReflectionEngine.java:374)
[2025-03-26T14:08:03.111+0000] {spark_submit.py:645} INFO - at py4j.Gateway.invoke(Gateway.java:238)
[2025-03-26T14:08:03.111+0000] {spark_submit.py:645} INFO - at py4j.commands.ConstructorCommand.invokeConstructor(ConstructorCommand.java:80)
[2025-03-26T14:08:03.111+0000] {spark_submit.py:645} INFO - at py4j.commands.ConstructorCommand.execute(ConstructorCommand.java:69)
[2025-03-26T14:08:03.112+0000] {spark_submit.py:645} INFO - at py4j.ClientServerConnection.waitForCommands(ClientServerConnection.java:182)
[2025-03-26T14:08:03.112+0000] {spark_submit.py:645} INFO - at py4j.ClientServerConnection.run(ClientServerConnection.java:106)
[2025-03-26T14:08:03.112+0000] {spark_submit.py:645} INFO - at java.base/java.lang.Thread.run(Thread.java:840)
[2025-03-26T14:08:03.113+0000] {spark_submit.py:645} INFO - 
[2025-03-26T14:08:03.361+0000] {spark_submit.py:645} INFO - 25/03/26 14:08:03 INFO ShutdownHookManager: Shutdown hook called
[2025-03-26T14:08:03.363+0000] {spark_submit.py:645} INFO - 25/03/26 14:08:03 INFO ShutdownHookManager: Deleting directory /tmp/spark-04d27f17-ee63-4879-9b83-a342e1a71f7c
[2025-03-26T14:08:03.385+0000] {spark_submit.py:645} INFO - 25/03/26 14:08:03 INFO ShutdownHookManager: Deleting directory /tmp/spark-93b82773-7203-45d7-93ea-c0923fc501c5
[2025-03-26T14:08:03.476+0000] {taskinstance.py:441} INFO - ::group::Post task execution logs
[2025-03-26T14:08:03.491+0000] {taskinstance.py:2905} ERROR - Task failed with exception
Traceback (most recent call last):
  File "/home/airflow/.local/lib/python3.11/site-packages/airflow/models/taskinstance.py", line 465, in _execute_task
    result = _execute_callable(context=context, **execute_callable_kwargs)
             ^^^^^^^^^^^^^^^^^^^^^^^^^^^^^^^^^^^^^^^^^^^^^^^^^^^^^^^^^^^^^
  File "/home/airflow/.local/lib/python3.11/site-packages/airflow/models/taskinstance.py", line 432, in _execute_callable
    return execute_callable(context=context, **execute_callable_kwargs)
           ^^^^^^^^^^^^^^^^^^^^^^^^^^^^^^^^^^^^^^^^^^^^^^^^^^^^^^^^^^^^
  File "/home/airflow/.local/lib/python3.11/site-packages/airflow/models/baseoperator.py", line 401, in wrapper
    return func(self, *args, **kwargs)
           ^^^^^^^^^^^^^^^^^^^^^^^^^^^
  File "/home/airflow/.local/lib/python3.11/site-packages/airflow/operators/python.py", line 235, in execute
    return_value = self.execute_callable()
                   ^^^^^^^^^^^^^^^^^^^^^^^
  File "/home/airflow/.local/lib/python3.11/site-packages/airflow/operators/python.py", line 252, in execute_callable
    return self.python_callable(*self.op_args, **self.op_kwargs)
           ^^^^^^^^^^^^^^^^^^^^^^^^^^^^^^^^^^^^^^^^^^^^^^^^^^^^^
  File "/opt/airflow/dags/etl_pipeline.py", line 96, in spark_dtransformation
    ).execute(kwargs)
      ^^^^^^^^^^^^^^^
  File "/home/airflow/.local/lib/python3.11/site-packages/airflow/models/baseoperator.py", line 401, in wrapper
    return func(self, *args, **kwargs)
           ^^^^^^^^^^^^^^^^^^^^^^^^^^^
  File "/home/airflow/.local/lib/python3.11/site-packages/airflow/providers/apache/spark/operators/spark_submit.py", line 177, in execute
    self._hook.submit(self.application)
  File "/home/airflow/.local/lib/python3.11/site-packages/airflow/providers/apache/spark/hooks/spark_submit.py", line 567, in submit
    raise AirflowException(
airflow.exceptions.AirflowException: Cannot execute: spark-submit --master spark-master:7077:7077 --conf spark.master=spark://spark-master:7077 --conf spark.executor.memory=2g --conf spark.executor.cores=2 --conf spark.jars=/opt/spark_job/jars/aws-java-sdk-bundle-1.12.262.jar,/opt/spark_job/jars/hadoop-aws-3.3.4.jar --conf spark.hadoop.fs.s3a.endpoint=http://minio:9000 --conf spark.hadoop.fs.s3a.access.key=admin --conf spark.hadoop.fs.s3a.secret.key=****** --conf spark.hadoop.fs.s3a.impl=org.apache.hadoop.fs.s3a.S3AFileSystem --conf spark.hadoop.fs.s3a.path.style.access=true --principal *** --name arrow-spark --verbose --deploy-mode client /opt/spark_job/data_transformation.py s3://raw/playlist_20250326_133348.json. Error code is: 1.
[2025-03-26T14:08:03.500+0000] {taskinstance.py:1206} INFO - Marking task as UP_FOR_RETRY. dag_id=etl_pipeline, task_id=transformation, run_id=manual__2025-03-26T13:33:39.761724+00:00, execution_date=20250326T133339, start_date=20250326T140751, end_date=20250326T140803
[2025-03-26T14:08:03.547+0000] {standard_task_runner.py:110} ERROR - Failed to execute job 14 for task transformation (Cannot execute: spark-submit --master spark-master:7077:7077 --conf spark.master=spark://spark-master:7077 --conf spark.executor.memory=2g --conf spark.executor.cores=2 --conf spark.jars=/opt/spark_job/jars/aws-java-sdk-bundle-1.12.262.jar,/opt/spark_job/jars/hadoop-aws-3.3.4.jar --conf spark.hadoop.fs.s3a.endpoint=http://minio:9000 --conf spark.hadoop.fs.s3a.access.key=admin --conf spark.hadoop.fs.s3a.secret.key=****** --conf spark.hadoop.fs.s3a.impl=org.apache.hadoop.fs.s3a.S3AFileSystem --conf spark.hadoop.fs.s3a.path.style.access=true --principal *** --name arrow-spark --verbose --deploy-mode client /opt/spark_job/data_transformation.py s3://raw/playlist_20250326_133348.json. Error code is: 1.; 659)
[2025-03-26T14:08:03.569+0000] {local_task_job_runner.py:240} INFO - Task exited with return code 1
[2025-03-26T14:08:03.596+0000] {taskinstance.py:3503} INFO - 0 downstream tasks scheduled from follow-on schedule check
[2025-03-26T14:08:03.634+0000] {local_task_job_runner.py:222} INFO - ::endgroup::
