[2025-03-28T23:57:44.453+0000] {local_task_job_runner.py:120} INFO - ::group::Pre task execution logs
[2025-03-28T23:57:44.485+0000] {taskinstance.py:2076} INFO - Dependencies all met for dep_context=non-requeueable deps ti=<TaskInstance: etl_pipeline.transformation manual__2025-03-26T13:33:39.761724+00:00 [queued]>
[2025-03-28T23:57:44.495+0000] {taskinstance.py:2076} INFO - Dependencies all met for dep_context=requeueable deps ti=<TaskInstance: etl_pipeline.transformation manual__2025-03-26T13:33:39.761724+00:00 [queued]>
[2025-03-28T23:57:44.496+0000] {taskinstance.py:2306} INFO - Starting attempt 44 of 45
[2025-03-28T23:57:44.545+0000] {taskinstance.py:2330} INFO - Executing <Task(PythonOperator): transformation> on 2025-03-26 13:33:39.761724+00:00
[2025-03-28T23:57:44.551+0000] {standard_task_runner.py:63} INFO - Started process 670 to run task
[2025-03-28T23:57:44.554+0000] {standard_task_runner.py:90} INFO - Running: ['***', 'tasks', 'run', 'etl_pipeline', 'transformation', 'manual__2025-03-26T13:33:39.761724+00:00', '--job-id', '56', '--raw', '--subdir', 'DAGS_FOLDER/etl_pipeline.py', '--cfg-path', '/tmp/tmpy3rifygo']
[2025-03-28T23:57:44.557+0000] {standard_task_runner.py:91} INFO - Job 56: Subtask transformation
[2025-03-28T23:57:44.668+0000] {task_command.py:426} INFO - Running <TaskInstance: etl_pipeline.transformation manual__2025-03-26T13:33:39.761724+00:00 [running]> on host 9a51e41eb88a
[2025-03-28T23:57:44.893+0000] {taskinstance.py:2648} INFO - Exporting env vars: AIRFLOW_CTX_DAG_OWNER='lobobranco' AIRFLOW_CTX_DAG_ID='etl_pipeline' AIRFLOW_CTX_TASK_ID='transformation' AIRFLOW_CTX_EXECUTION_DATE='2025-03-26T13:33:39.761724+00:00' AIRFLOW_CTX_TRY_NUMBER='44' AIRFLOW_CTX_DAG_RUN_ID='manual__2025-03-26T13:33:39.761724+00:00'
[2025-03-28T23:57:44.895+0000] {taskinstance.py:430} INFO - ::endgroup::
[2025-03-28T23:57:44.920+0000] {etl_pipeline.py:76} INFO - Transforming data from file: s3://raw/playlist_20250328_235234.json
[2025-03-28T23:57:44.921+0000] {logging_mixin.py:188} INFO - File Path: s3://raw/playlist_20250328_235234.json
[2025-03-28T23:57:44.921+0000] {logging_mixin.py:188} INFO - Processed Bucket: processed
[2025-03-28T23:57:44.922+0000] {baseoperator.py:400} WARNING - SparkSubmitOperator.execute cannot be called outside TaskInstance!
[2025-03-28T23:57:44.933+0000] {base.py:84} INFO - Using connection ID 'spark_default' for task execution.
[2025-03-28T23:57:44.934+0000] {spark_submit.py:328} ERROR - Failed to decode base64 keytab: Incorrect padding
[2025-03-28T23:57:44.935+0000] {spark_submit.py:305} INFO - Could not load connection string spark_default, defaulting to spark://spark-master:7077
[2025-03-28T23:57:44.937+0000] {spark_submit.py:474} INFO - Spark-Submit cmd: spark-submit --master spark://spark-master:7077 --conf spark.executor.memory=512m --conf spark.executor.cores=1 --conf spark.jars=/opt/spark_job/jars/aws-java-sdk-bundle-1.12.262.jar,/opt/spark_job/jars/hadoop-aws-3.3.4.jar --conf spark.hadoop.fs.s3a.endpoint=http://minio:9000 --conf spark.hadoop.fs.s3a.access.key=admin --conf spark.hadoop.fs.s3a.secret.key=****** --conf spark.hadoop.fs.s3a.impl=org.apache.hadoop.fs.s3a.S3AFileSystem --conf spark.hadoop.fs.s3a.path.style.access=true --principal *** --name arrow-spark --verbose --deploy-mode client /opt/spark_job/data_transformation.py s3://raw/playlist_20250328_235234.json processed
[2025-03-28T23:57:45.022+0000] {spark_submit.py:645} INFO - /home/***/.local/lib/python3.11/site-packages/pyspark/bin/load-spark-env.sh: line 68: ps: command not found
[2025-03-28T23:57:46.590+0000] {spark_submit.py:645} INFO - Using properties file: null
[2025-03-28T23:57:46.709+0000] {spark_submit.py:645} INFO - Parsed arguments:
[2025-03-28T23:57:46.710+0000] {spark_submit.py:645} INFO - master                  spark://spark-master:7077
[2025-03-28T23:57:46.710+0000] {spark_submit.py:645} INFO - remote                  null
[2025-03-28T23:57:46.711+0000] {spark_submit.py:645} INFO - deployMode              client
[2025-03-28T23:57:46.711+0000] {spark_submit.py:645} INFO - executorMemory          512m
[2025-03-28T23:57:46.712+0000] {spark_submit.py:645} INFO - executorCores           1
[2025-03-28T23:57:46.713+0000] {spark_submit.py:645} INFO - totalExecutorCores      null
[2025-03-28T23:57:46.713+0000] {spark_submit.py:645} INFO - propertiesFile          null
[2025-03-28T23:57:46.713+0000] {spark_submit.py:645} INFO - driverMemory            null
[2025-03-28T23:57:46.714+0000] {spark_submit.py:645} INFO - driverCores             null
[2025-03-28T23:57:46.714+0000] {spark_submit.py:645} INFO - driverExtraClassPath    null
[2025-03-28T23:57:46.714+0000] {spark_submit.py:645} INFO - driverExtraLibraryPath  null
[2025-03-28T23:57:46.715+0000] {spark_submit.py:645} INFO - driverExtraJavaOptions  null
[2025-03-28T23:57:46.715+0000] {spark_submit.py:645} INFO - supervise               false
[2025-03-28T23:57:46.715+0000] {spark_submit.py:645} INFO - queue                   null
[2025-03-28T23:57:46.716+0000] {spark_submit.py:645} INFO - numExecutors            null
[2025-03-28T23:57:46.716+0000] {spark_submit.py:645} INFO - files                   null
[2025-03-28T23:57:46.716+0000] {spark_submit.py:645} INFO - pyFiles                 null
[2025-03-28T23:57:46.717+0000] {spark_submit.py:645} INFO - archives                null
[2025-03-28T23:57:46.717+0000] {spark_submit.py:645} INFO - mainClass               null
[2025-03-28T23:57:46.717+0000] {spark_submit.py:645} INFO - primaryResource         file:/opt/spark_job/data_transformation.py
[2025-03-28T23:57:46.718+0000] {spark_submit.py:645} INFO - name                    arrow-spark
[2025-03-28T23:57:46.718+0000] {spark_submit.py:645} INFO - childArgs               [s3://raw/playlist_20250328_235234.json processed]
[2025-03-28T23:57:46.718+0000] {spark_submit.py:645} INFO - jars                    /opt/spark_job/jars/aws-java-sdk-bundle-1.12.262.jar,/opt/spark_job/jars/hadoop-aws-3.3.4.jar
[2025-03-28T23:57:46.719+0000] {spark_submit.py:645} INFO - packages                null
[2025-03-28T23:57:46.719+0000] {spark_submit.py:645} INFO - packagesExclusions      null
[2025-03-28T23:57:46.719+0000] {spark_submit.py:645} INFO - repositories            null
[2025-03-28T23:57:46.720+0000] {spark_submit.py:645} INFO - verbose                 true
[2025-03-28T23:57:46.720+0000] {spark_submit.py:645} INFO - 
[2025-03-28T23:57:46.720+0000] {spark_submit.py:645} INFO - Spark properties used, including those specified through
[2025-03-28T23:57:46.721+0000] {spark_submit.py:645} INFO - --conf and those from the properties file null:
[2025-03-28T23:57:46.721+0000] {spark_submit.py:645} INFO - (spark.executor.cores,1)
[2025-03-28T23:57:46.722+0000] {spark_submit.py:645} INFO - (spark.executor.memory,512m)
[2025-03-28T23:57:46.723+0000] {spark_submit.py:645} INFO - (spark.hadoop.fs.s3a.access.key,*********(redacted))
[2025-03-28T23:57:46.723+0000] {spark_submit.py:645} INFO - (spark.hadoop.fs.s3a.endpoint,http://minio:9000)
[2025-03-28T23:57:46.724+0000] {spark_submit.py:645} INFO - (spark.hadoop.fs.s3a.impl,org.apache.hadoop.fs.s3a.S3AFileSystem)
[2025-03-28T23:57:46.725+0000] {spark_submit.py:645} INFO - (spark.hadoop.fs.s3a.path.style.access,true)
[2025-03-28T23:57:46.725+0000] {spark_submit.py:645} INFO - (spark.hadoop.fs.s3a.secret.key,*********(redacted))
[2025-03-28T23:57:46.726+0000] {spark_submit.py:645} INFO - (spark.jars,/opt/spark_job/jars/aws-java-sdk-bundle-1.12.262.jar,/opt/spark_job/jars/hadoop-aws-3.3.4.jar)
[2025-03-28T23:57:46.726+0000] {spark_submit.py:645} INFO - 
[2025-03-28T23:57:46.727+0000] {spark_submit.py:645} INFO - 
[2025-03-28T23:57:47.045+0000] {spark_submit.py:645} INFO - 25/03/28 23:57:47 WARN NativeCodeLoader: Unable to load native-hadoop library for your platform... using builtin-java classes where applicable
[2025-03-28T23:57:47.245+0000] {spark_submit.py:645} INFO - Main class:
[2025-03-28T23:57:47.246+0000] {spark_submit.py:645} INFO - org.apache.spark.deploy.PythonRunner
[2025-03-28T23:57:47.247+0000] {spark_submit.py:645} INFO - Arguments:
[2025-03-28T23:57:47.247+0000] {spark_submit.py:645} INFO - file:/opt/spark_job/data_transformation.py
[2025-03-28T23:57:47.248+0000] {spark_submit.py:645} INFO - null
[2025-03-28T23:57:47.248+0000] {spark_submit.py:645} INFO - s3://raw/playlist_20250328_235234.json
[2025-03-28T23:57:47.248+0000] {spark_submit.py:645} INFO - processed
[2025-03-28T23:57:47.250+0000] {spark_submit.py:645} INFO - Spark config:
[2025-03-28T23:57:47.251+0000] {spark_submit.py:645} INFO - (spark.app.name,arrow-spark)
[2025-03-28T23:57:47.251+0000] {spark_submit.py:645} INFO - (spark.app.submitTime,1743206267224)
[2025-03-28T23:57:47.251+0000] {spark_submit.py:645} INFO - (spark.executor.cores,1)
[2025-03-28T23:57:47.252+0000] {spark_submit.py:645} INFO - (spark.executor.memory,512m)
[2025-03-28T23:57:47.252+0000] {spark_submit.py:645} INFO - (spark.hadoop.fs.s3a.access.key,*********(redacted))
[2025-03-28T23:57:47.253+0000] {spark_submit.py:645} INFO - (spark.hadoop.fs.s3a.endpoint,http://minio:9000)
[2025-03-28T23:57:47.253+0000] {spark_submit.py:645} INFO - (spark.hadoop.fs.s3a.impl,org.apache.hadoop.fs.s3a.S3AFileSystem)
[2025-03-28T23:57:47.254+0000] {spark_submit.py:645} INFO - (spark.hadoop.fs.s3a.path.style.access,true)
[2025-03-28T23:57:47.254+0000] {spark_submit.py:645} INFO - (spark.hadoop.fs.s3a.secret.key,*********(redacted))
[2025-03-28T23:57:47.255+0000] {spark_submit.py:645} INFO - (spark.jars,file:///opt/spark_job/jars/aws-java-sdk-bundle-1.12.262.jar,file:///opt/spark_job/jars/hadoop-aws-3.3.4.jar)
[2025-03-28T23:57:47.255+0000] {spark_submit.py:645} INFO - (spark.kerberos.principal,***)
[2025-03-28T23:57:47.256+0000] {spark_submit.py:645} INFO - (spark.master,spark://spark-master:7077)
[2025-03-28T23:57:47.256+0000] {spark_submit.py:645} INFO - (spark.repl.local.jars,file:///opt/spark_job/jars/aws-java-sdk-bundle-1.12.262.jar,file:///opt/spark_job/jars/hadoop-aws-3.3.4.jar)
[2025-03-28T23:57:47.257+0000] {spark_submit.py:645} INFO - (spark.submit.deployMode,client)
[2025-03-28T23:57:47.257+0000] {spark_submit.py:645} INFO - (spark.submit.pyFiles,)
[2025-03-28T23:57:47.258+0000] {spark_submit.py:645} INFO - Classpath elements:
[2025-03-28T23:57:47.259+0000] {spark_submit.py:645} INFO - file:///opt/spark_job/jars/aws-java-sdk-bundle-1.12.262.jar
[2025-03-28T23:57:47.259+0000] {spark_submit.py:645} INFO - file:///opt/spark_job/jars/hadoop-aws-3.3.4.jar
[2025-03-28T23:57:47.260+0000] {spark_submit.py:645} INFO - 
[2025-03-28T23:57:47.260+0000] {spark_submit.py:645} INFO - 
[2025-03-28T23:57:48.407+0000] {spark_submit.py:645} INFO - 2025-03-28 23:57:48,407 - INFO - Iniciando a configuração da Spark Session
[2025-03-28T23:57:48.919+0000] {spark_submit.py:645} INFO - 25/03/28 23:57:48 INFO SparkContext: Running Spark version 3.5.5
[2025-03-28T23:57:48.919+0000] {spark_submit.py:645} INFO - 25/03/28 23:57:48 INFO SparkContext: OS info Linux, 5.15.153.1-microsoft-standard-WSL2, amd64
[2025-03-28T23:57:48.920+0000] {spark_submit.py:645} INFO - 25/03/28 23:57:48 INFO SparkContext: Java version 17.0.14
[2025-03-28T23:57:48.949+0000] {spark_submit.py:645} INFO - 25/03/28 23:57:48 INFO ResourceUtils: ==============================================================
[2025-03-28T23:57:48.950+0000] {spark_submit.py:645} INFO - 25/03/28 23:57:48 INFO ResourceUtils: No custom resources configured for spark.driver.
[2025-03-28T23:57:48.951+0000] {spark_submit.py:645} INFO - 25/03/28 23:57:48 INFO ResourceUtils: ==============================================================
[2025-03-28T23:57:48.951+0000] {spark_submit.py:645} INFO - 25/03/28 23:57:48 INFO SparkContext: Submitted application: Minio Integration with PySpark
[2025-03-28T23:57:48.974+0000] {spark_submit.py:645} INFO - 25/03/28 23:57:48 INFO ResourceProfile: Default ResourceProfile created, executor resources: Map(cores -> name: cores, amount: 1, script: , vendor: , memory -> name: memory, amount: 512, script: , vendor: , offHeap -> name: offHeap, amount: 0, script: , vendor: ), task resources: Map(cpus -> name: cpus, amount: 1.0)
[2025-03-28T23:57:48.985+0000] {spark_submit.py:645} INFO - 25/03/28 23:57:48 INFO ResourceProfile: Limiting resource is cpus at 1 tasks per executor
[2025-03-28T23:57:48.988+0000] {spark_submit.py:645} INFO - 25/03/28 23:57:48 INFO ResourceProfileManager: Added ResourceProfile id: 0
[2025-03-28T23:57:49.037+0000] {spark_submit.py:645} INFO - 25/03/28 23:57:49 INFO SecurityManager: Changing view acls to: ***
[2025-03-28T23:57:49.038+0000] {spark_submit.py:645} INFO - 25/03/28 23:57:49 INFO SecurityManager: Changing modify acls to: ***
[2025-03-28T23:57:49.038+0000] {spark_submit.py:645} INFO - 25/03/28 23:57:49 INFO SecurityManager: Changing view acls groups to:
[2025-03-28T23:57:49.039+0000] {spark_submit.py:645} INFO - 25/03/28 23:57:49 INFO SecurityManager: Changing modify acls groups to:
[2025-03-28T23:57:49.039+0000] {spark_submit.py:645} INFO - 25/03/28 23:57:49 INFO SecurityManager: SecurityManager: authentication disabled; ui acls disabled; users with view permissions: ***; groups with view permissions: EMPTY; users with modify permissions: ***; groups with modify permissions: EMPTY
[2025-03-28T23:57:49.290+0000] {spark_submit.py:645} INFO - 25/03/28 23:57:49 INFO Utils: Successfully started service 'sparkDriver' on port 43603.
[2025-03-28T23:57:49.329+0000] {spark_submit.py:645} INFO - 25/03/28 23:57:49 INFO SparkEnv: Registering MapOutputTracker
[2025-03-28T23:57:49.358+0000] {spark_submit.py:645} INFO - 25/03/28 23:57:49 INFO SparkEnv: Registering BlockManagerMaster
[2025-03-28T23:57:49.376+0000] {spark_submit.py:645} INFO - 25/03/28 23:57:49 INFO BlockManagerMasterEndpoint: Using org.apache.spark.storage.DefaultTopologyMapper for getting topology information
[2025-03-28T23:57:49.377+0000] {spark_submit.py:645} INFO - 25/03/28 23:57:49 INFO BlockManagerMasterEndpoint: BlockManagerMasterEndpoint up
[2025-03-28T23:57:49.384+0000] {spark_submit.py:645} INFO - 25/03/28 23:57:49 INFO SparkEnv: Registering BlockManagerMasterHeartbeat
[2025-03-28T23:57:49.404+0000] {spark_submit.py:645} INFO - 25/03/28 23:57:49 INFO DiskBlockManager: Created local directory at /tmp/blockmgr-b85d16dc-1e68-460d-8656-f65271692273
[2025-03-28T23:57:49.417+0000] {spark_submit.py:645} INFO - 25/03/28 23:57:49 INFO MemoryStore: MemoryStore started with capacity 434.4 MiB
[2025-03-28T23:57:49.431+0000] {spark_submit.py:645} INFO - 25/03/28 23:57:49 INFO SparkEnv: Registering OutputCommitCoordinator
[2025-03-28T23:57:49.548+0000] {spark_submit.py:645} INFO - 25/03/28 23:57:49 INFO JettyUtils: Start Jetty 0.0.0.0:4040 for SparkUI
[2025-03-28T23:57:49.628+0000] {spark_submit.py:645} INFO - 25/03/28 23:57:49 INFO Utils: Successfully started service 'SparkUI' on port 4040.
[2025-03-28T23:57:49.680+0000] {spark_submit.py:645} INFO - 25/03/28 23:57:49 INFO SparkContext: Added JAR file:///opt/spark_job/jars/aws-java-sdk-bundle-1.12.262.jar at spark://9a51e41eb88a:43603/jars/aws-java-sdk-bundle-1.12.262.jar with timestamp 1743206268911
[2025-03-28T23:57:49.681+0000] {spark_submit.py:645} INFO - 25/03/28 23:57:49 INFO SparkContext: Added JAR file:///opt/spark_job/jars/hadoop-aws-3.3.4.jar at spark://9a51e41eb88a:43603/jars/hadoop-aws-3.3.4.jar with timestamp 1743206268911
[2025-03-28T23:57:49.769+0000] {spark_submit.py:645} INFO - 25/03/28 23:57:49 INFO StandaloneAppClient$ClientEndpoint: Connecting to master spark://spark-master:7077...
[2025-03-28T23:57:49.826+0000] {spark_submit.py:645} INFO - 25/03/28 23:57:49 INFO TransportClientFactory: Successfully created connection to spark-master/172.18.0.6:7077 after 32 ms (0 ms spent in bootstraps)
[2025-03-28T23:57:49.980+0000] {spark_submit.py:645} INFO - 25/03/28 23:57:49 INFO StandaloneSchedulerBackend: Connected to Spark cluster with app ID app-20250328235749-0002
[2025-03-28T23:57:49.982+0000] {spark_submit.py:645} INFO - 25/03/28 23:57:49 INFO StandaloneAppClient$ClientEndpoint: Executor added: app-20250328235749-0002/0 on worker-20250328234144-172.18.0.7-36857 (172.18.0.7:36857) with 1 core(s)
[2025-03-28T23:57:49.986+0000] {spark_submit.py:645} INFO - 25/03/28 23:57:49 INFO StandaloneSchedulerBackend: Granted executor ID app-20250328235749-0002/0 on hostPort 172.18.0.7:36857 with 1 core(s), 512.0 MiB RAM
[2025-03-28T23:57:49.988+0000] {spark_submit.py:645} INFO - 25/03/28 23:57:49 INFO StandaloneAppClient$ClientEndpoint: Executor added: app-20250328235749-0002/1 on worker-20250328234144-172.18.0.7-36857 (172.18.0.7:36857) with 1 core(s)
[2025-03-28T23:57:49.992+0000] {spark_submit.py:645} INFO - 25/03/28 23:57:49 INFO StandaloneSchedulerBackend: Granted executor ID app-20250328235749-0002/1 on hostPort 172.18.0.7:36857 with 1 core(s), 512.0 MiB RAM
[2025-03-28T23:57:49.992+0000] {spark_submit.py:645} INFO - 25/03/28 23:57:49 INFO StandaloneAppClient$ClientEndpoint: Executor added: app-20250328235749-0002/2 on worker-20250328234144-172.18.0.5-44197 (172.18.0.5:44197) with 1 core(s)
[2025-03-28T23:57:49.992+0000] {spark_submit.py:645} INFO - 25/03/28 23:57:49 INFO StandaloneSchedulerBackend: Granted executor ID app-20250328235749-0002/2 on hostPort 172.18.0.5:44197 with 1 core(s), 512.0 MiB RAM
[2025-03-28T23:57:50.006+0000] {spark_submit.py:645} INFO - 25/03/28 23:57:49 INFO StandaloneAppClient$ClientEndpoint: Executor added: app-20250328235749-0002/3 on worker-20250328234144-172.18.0.5-44197 (172.18.0.5:44197) with 1 core(s)
[2025-03-28T23:57:50.007+0000] {spark_submit.py:645} INFO - 25/03/28 23:57:50 INFO StandaloneSchedulerBackend: Granted executor ID app-20250328235749-0002/3 on hostPort 172.18.0.5:44197 with 1 core(s), 512.0 MiB RAM
[2025-03-28T23:57:50.014+0000] {spark_submit.py:645} INFO - 25/03/28 23:57:50 INFO Utils: Successfully started service 'org.apache.spark.network.netty.NettyBlockTransferService' on port 38757.
[2025-03-28T23:57:50.029+0000] {spark_submit.py:645} INFO - 25/03/28 23:57:50 INFO NettyBlockTransferService: Server created on 9a51e41eb88a:38757
[2025-03-28T23:57:50.031+0000] {spark_submit.py:645} INFO - 25/03/28 23:57:50 INFO BlockManager: Using org.apache.spark.storage.RandomBlockReplicationPolicy for block replication policy
[2025-03-28T23:57:50.031+0000] {spark_submit.py:645} INFO - 25/03/28 23:57:50 INFO BlockManagerMaster: Registering BlockManager BlockManagerId(driver, 9a51e41eb88a, 38757, None)
[2025-03-28T23:57:50.036+0000] {spark_submit.py:645} INFO - 25/03/28 23:57:50 INFO BlockManagerMasterEndpoint: Registering block manager 9a51e41eb88a:38757 with 434.4 MiB RAM, BlockManagerId(driver, 9a51e41eb88a, 38757, None)
[2025-03-28T23:57:50.044+0000] {spark_submit.py:645} INFO - 25/03/28 23:57:50 INFO BlockManagerMaster: Registered BlockManager BlockManagerId(driver, 9a51e41eb88a, 38757, None)
[2025-03-28T23:57:50.045+0000] {spark_submit.py:645} INFO - 25/03/28 23:57:50 INFO BlockManager: Initialized BlockManager: BlockManagerId(driver, 9a51e41eb88a, 38757, None)
[2025-03-28T23:57:50.183+0000] {spark_submit.py:645} INFO - 25/03/28 23:57:50 INFO StandaloneAppClient$ClientEndpoint: Executor updated: app-20250328235749-0002/2 is now RUNNING
[2025-03-28T23:57:50.184+0000] {spark_submit.py:645} INFO - 25/03/28 23:57:50 INFO StandaloneAppClient$ClientEndpoint: Executor updated: app-20250328235749-0002/3 is now RUNNING
[2025-03-28T23:57:50.239+0000] {spark_submit.py:645} INFO - 25/03/28 23:57:50 INFO StandaloneAppClient$ClientEndpoint: Executor updated: app-20250328235749-0002/0 is now RUNNING
[2025-03-28T23:57:50.269+0000] {spark_submit.py:645} INFO - 25/03/28 23:57:50 INFO StandaloneAppClient$ClientEndpoint: Executor updated: app-20250328235749-0002/1 is now RUNNING
[2025-03-28T23:57:50.466+0000] {spark_submit.py:645} INFO - 25/03/28 23:57:50 INFO StandaloneSchedulerBackend: SchedulerBackend is ready for scheduling beginning after reached minRegisteredResourcesRatio: 0.0
[2025-03-28T23:57:50.951+0000] {spark_submit.py:645} INFO - 2025-03-28 23:57:50,944 - INFO - Spark Session criada com sucesso
[2025-03-28T23:57:50.978+0000] {spark_submit.py:645} INFO - 25/03/28 23:57:50 INFO SharedState: Setting hive.metastore.warehouse.dir ('null') to the value of spark.sql.warehouse.dir.
[2025-03-28T23:57:50.994+0000] {spark_submit.py:645} INFO - 25/03/28 23:57:50 INFO SharedState: Warehouse path is 'file:/opt/spark-warehouse'.
[2025-03-28T23:57:53.036+0000] {spark_submit.py:645} INFO - 25/03/28 23:57:53 WARN MetricsConfig: Cannot locate configuration: tried hadoop-metrics2-s3a-file-system.properties,hadoop-metrics2.properties
[2025-03-28T23:57:53.071+0000] {spark_submit.py:645} INFO - 25/03/28 23:57:53 INFO MetricsSystemImpl: Scheduled Metric snapshot period at 10 second(s).
[2025-03-28T23:57:53.072+0000] {spark_submit.py:645} INFO - 25/03/28 23:57:53 INFO MetricsSystemImpl: s3a-file-system metrics system started
[2025-03-28T23:57:56.910+0000] {spark_submit.py:645} INFO - 25/03/28 23:57:56 INFO InMemoryFileIndex: It took 190 ms to list leaf files for 1 paths.
[2025-03-28T23:57:57.283+0000] {spark_submit.py:645} INFO - 25/03/28 23:57:57 INFO MemoryStore: Block broadcast_0 stored as values in memory (estimated size 209.2 KiB, free 434.2 MiB)
[2025-03-28T23:57:57.427+0000] {spark_submit.py:645} INFO - 25/03/28 23:57:57 INFO MemoryStore: Block broadcast_0_piece0 stored as bytes in memory (estimated size 35.5 KiB, free 434.2 MiB)
[2025-03-28T23:57:57.432+0000] {spark_submit.py:645} INFO - 25/03/28 23:57:57 INFO BlockManagerInfo: Added broadcast_0_piece0 in memory on 9a51e41eb88a:38757 (size: 35.5 KiB, free: 434.4 MiB)
[2025-03-28T23:57:57.442+0000] {spark_submit.py:645} INFO - 25/03/28 23:57:57 INFO SparkContext: Created broadcast 0 from json at NativeMethodAccessorImpl.java:0
[2025-03-28T23:57:58.337+0000] {spark_submit.py:645} INFO - 25/03/28 23:57:58 INFO FileInputFormat: Total input files to process : 1
[2025-03-28T23:57:58.349+0000] {spark_submit.py:645} INFO - 25/03/28 23:57:58 INFO FileInputFormat: Total input files to process : 1
[2025-03-28T23:57:58.381+0000] {spark_submit.py:645} INFO - 25/03/28 23:57:58 INFO SparkContext: Starting job: json at NativeMethodAccessorImpl.java:0
[2025-03-28T23:57:58.418+0000] {spark_submit.py:645} INFO - 25/03/28 23:57:58 INFO DAGScheduler: Got job 0 (json at NativeMethodAccessorImpl.java:0) with 1 output partitions
[2025-03-28T23:57:58.419+0000] {spark_submit.py:645} INFO - 25/03/28 23:57:58 INFO DAGScheduler: Final stage: ResultStage 0 (json at NativeMethodAccessorImpl.java:0)
[2025-03-28T23:57:58.432+0000] {spark_submit.py:645} INFO - 25/03/28 23:57:58 INFO DAGScheduler: Parents of final stage: List()
[2025-03-28T23:57:58.435+0000] {spark_submit.py:645} INFO - 25/03/28 23:57:58 INFO DAGScheduler: Missing parents: List()
[2025-03-28T23:57:58.455+0000] {spark_submit.py:645} INFO - 25/03/28 23:57:58 INFO DAGScheduler: Submitting ResultStage 0 (MapPartitionsRDD[2] at json at NativeMethodAccessorImpl.java:0), which has no missing parents
[2025-03-28T23:57:58.613+0000] {spark_submit.py:645} INFO - 25/03/28 23:57:58 INFO MemoryStore: Block broadcast_1 stored as values in memory (estimated size 9.3 KiB, free 434.2 MiB)
[2025-03-28T23:57:58.719+0000] {spark_submit.py:645} INFO - 25/03/28 23:57:58 INFO MemoryStore: Block broadcast_1_piece0 stored as bytes in memory (estimated size 5.0 KiB, free 434.1 MiB)
[2025-03-28T23:57:58.720+0000] {spark_submit.py:645} INFO - 25/03/28 23:57:58 INFO BlockManagerInfo: Added broadcast_1_piece0 in memory on 9a51e41eb88a:38757 (size: 5.0 KiB, free: 434.4 MiB)
[2025-03-28T23:57:58.720+0000] {spark_submit.py:645} INFO - 25/03/28 23:57:58 INFO SparkContext: Created broadcast 1 from broadcast at DAGScheduler.scala:1585
[2025-03-28T23:57:58.721+0000] {spark_submit.py:645} INFO - 25/03/28 23:57:58 INFO DAGScheduler: Submitting 1 missing tasks from ResultStage 0 (MapPartitionsRDD[2] at json at NativeMethodAccessorImpl.java:0) (first 15 tasks are for partitions Vector(0))
[2025-03-28T23:57:58.721+0000] {spark_submit.py:645} INFO - 25/03/28 23:57:58 INFO TaskSchedulerImpl: Adding task set 0.0 with 1 tasks resource profile 0
[2025-03-28T23:58:00.304+0000] {spark_submit.py:645} INFO - 25/03/28 23:58:00 INFO StandaloneSchedulerBackend$StandaloneDriverEndpoint: Registered executor NettyRpcEndpointRef(spark-client://Executor) (172.18.0.5:52250) with ID 3,  ResourceProfileId 0
[2025-03-28T23:58:00.454+0000] {spark_submit.py:645} INFO - 25/03/28 23:58:00 INFO StandaloneSchedulerBackend$StandaloneDriverEndpoint: Registered executor NettyRpcEndpointRef(spark-client://Executor) (172.18.0.5:52266) with ID 2,  ResourceProfileId 0
[2025-03-28T23:58:00.603+0000] {spark_submit.py:645} INFO - 25/03/28 23:58:00 INFO BlockManagerMasterEndpoint: Registering block manager 172.18.0.5:37919 with 127.2 MiB RAM, BlockManagerId(3, 172.18.0.5, 37919, None)
[2025-03-28T23:58:00.715+0000] {spark_submit.py:645} INFO - 25/03/28 23:58:00 INFO BlockManagerMasterEndpoint: Registering block manager 172.18.0.5:45365 with 127.2 MiB RAM, BlockManagerId(2, 172.18.0.5, 45365, None)
[2025-03-28T23:58:01.108+0000] {spark_submit.py:645} INFO - 25/03/28 23:58:01 INFO StandaloneSchedulerBackend$StandaloneDriverEndpoint: Registered executor NettyRpcEndpointRef(spark-client://Executor) (172.18.0.7:38502) with ID 0,  ResourceProfileId 0
[2025-03-28T23:58:01.406+0000] {spark_submit.py:645} INFO - 25/03/28 23:58:01 INFO StandaloneSchedulerBackend$StandaloneDriverEndpoint: Registered executor NettyRpcEndpointRef(spark-client://Executor) (172.18.0.7:38492) with ID 1,  ResourceProfileId 0
[2025-03-28T23:58:01.457+0000] {spark_submit.py:645} INFO - 25/03/28 23:58:01 INFO BlockManagerMasterEndpoint: Registering block manager 172.18.0.7:33023 with 127.2 MiB RAM, BlockManagerId(0, 172.18.0.7, 33023, None)
[2025-03-28T23:58:01.535+0000] {spark_submit.py:645} INFO - 25/03/28 23:58:01 INFO BlockManagerMasterEndpoint: Registering block manager 172.18.0.7:35253 with 127.2 MiB RAM, BlockManagerId(1, 172.18.0.7, 35253, None)
[2025-03-28T23:59:25.313+0000] {spark_submit.py:645} INFO - 25/03/28 23:59:25 INFO TaskSetManager: Starting task 0.0 in stage 0.0 (TID 0) (172.18.0.5, executor 2, partition 0, PROCESS_LOCAL, 9420 bytes)
[2025-03-28T23:59:30.173+0000] {spark_submit.py:645} INFO - 25/03/28 23:59:30 INFO BlockManagerInfo: Added broadcast_1_piece0 in memory on 172.18.0.5:45365 (size: 5.0 KiB, free: 127.2 MiB)
[2025-03-28T23:59:41.471+0000] {spark_submit.py:645} INFO - 25/03/28 23:59:41 INFO BlockManagerInfo: Added broadcast_0_piece0 in memory on 172.18.0.5:45365 (size: 35.5 KiB, free: 127.2 MiB)
[2025-03-28T23:59:57.989+0000] {spark_submit.py:645} INFO - 25/03/28 23:59:57 INFO TaskSetManager: Finished task 0.0 in stage 0.0 (TID 0) in 33080 ms on 172.18.0.5 (executor 2) (1/1)
[2025-03-28T23:59:57.990+0000] {spark_submit.py:645} INFO - 25/03/28 23:59:57 INFO DAGScheduler: ResultStage 0 (json at NativeMethodAccessorImpl.java:0) finished in 119.456 s
[2025-03-28T23:59:58.037+0000] {spark_submit.py:645} INFO - 25/03/28 23:59:57 INFO DAGScheduler: Job 0 is finished. Cancelling potential speculative or zombie tasks for this job
[2025-03-28T23:59:58.038+0000] {spark_submit.py:645} INFO - 25/03/28 23:59:57 INFO TaskSchedulerImpl: Removed TaskSet 0.0, whose tasks have all completed, from pool
[2025-03-28T23:59:58.039+0000] {spark_submit.py:645} INFO - 25/03/28 23:59:57 INFO TaskSchedulerImpl: Killing all running tasks in stage 0: Stage finished
[2025-03-28T23:59:58.040+0000] {spark_submit.py:645} INFO - 25/03/28 23:59:58 INFO DAGScheduler: Job 0 finished: json at NativeMethodAccessorImpl.java:0, took 119.791203 s
[2025-03-28T23:59:59.668+0000] {spark_submit.py:645} INFO - 25/03/28 23:59:59 INFO BlockManagerInfo: Removed broadcast_0_piece0 on 9a51e41eb88a:38757 in memory (size: 35.5 KiB, free: 434.4 MiB)
[2025-03-28T23:59:59.708+0000] {spark_submit.py:645} INFO - 25/03/28 23:59:59 INFO BlockManagerInfo: Removed broadcast_0_piece0 on 172.18.0.5:45365 in memory (size: 35.5 KiB, free: 127.2 MiB)
[2025-03-28T23:59:59.840+0000] {spark_submit.py:645} INFO - 25/03/28 23:59:59 WARN FileSystem: Failed to initialize fileystem s3a://processed_bucket: java.lang.IllegalArgumentException: bucket is null/empty
[2025-03-28T23:59:59.870+0000] {spark_submit.py:645} INFO - Traceback (most recent call last):
[2025-03-28T23:59:59.871+0000] {spark_submit.py:645} INFO - File "/opt/spark_job/data_transformation.py", line 39, in <module>
[2025-03-28T23:59:59.937+0000] {spark_submit.py:645} INFO - 25/03/28 23:59:59 INFO BlockManagerInfo: Removed broadcast_1_piece0 on 172.18.0.5:45365 in memory (size: 5.0 KiB, free: 127.2 MiB)
[2025-03-28T23:59:59.971+0000] {spark_submit.py:645} INFO - data_transformation(spark, file_path, processed_bucket, writer)
[2025-03-28T23:59:59.975+0000] {spark_submit.py:645} INFO - File "/opt/spark_job/data_transformation.py", line 23, in data_transformation
[2025-03-28T23:59:59.984+0000] {spark_submit.py:645} INFO - 25/03/28 23:59:59 INFO BlockManagerInfo: Removed broadcast_1_piece0 on 9a51e41eb88a:38757 in memory (size: 5.0 KiB, free: 434.4 MiB)
[2025-03-28T23:59:59.986+0000] {spark_submit.py:645} INFO - df_raw.write.mode("overwrite").parquet(bucket_path)
[2025-03-28T23:59:59.986+0000] {spark_submit.py:645} INFO - File "/home/***/.local/lib/python3.11/site-packages/pyspark/python/lib/pyspark.zip/pyspark/sql/readwriter.py", line 1721, in parquet
[2025-03-28T23:59:59.987+0000] {spark_submit.py:645} INFO - File "/home/***/.local/lib/python3.11/site-packages/pyspark/python/lib/py4j-0.10.9.7-src.zip/py4j/java_gateway.py", line 1322, in __call__
[2025-03-28T23:59:59.989+0000] {spark_submit.py:645} INFO - File "/home/***/.local/lib/python3.11/site-packages/pyspark/python/lib/pyspark.zip/pyspark/errors/exceptions/captured.py", line 185, in deco
[2025-03-29T00:00:00.012+0000] {spark_submit.py:645} INFO - pyspark.errors.exceptions.captured.IllegalArgumentException: bucket is null/empty
[2025-03-29T00:00:00.014+0000] {spark_submit.py:645} INFO - 2025-03-29 00:00:00,003 - INFO - Closing down clientserver connection
[2025-03-29T00:00:00.197+0000] {spark_submit.py:645} INFO - 25/03/29 00:00:00 INFO SparkContext: Invoking stop() from shutdown hook
[2025-03-29T00:00:00.198+0000] {spark_submit.py:645} INFO - 25/03/29 00:00:00 INFO SparkContext: SparkContext is stopping with exitCode 0.
[2025-03-29T00:00:00.233+0000] {spark_submit.py:645} INFO - 25/03/29 00:00:00 INFO SparkUI: Stopped Spark web UI at http://9a51e41eb88a:4040
[2025-03-29T00:00:00.373+0000] {spark_submit.py:645} INFO - 25/03/29 00:00:00 INFO StandaloneSchedulerBackend: Shutting down all executors
[2025-03-29T00:00:00.378+0000] {spark_submit.py:645} INFO - 25/03/29 00:00:00 INFO StandaloneSchedulerBackend$StandaloneDriverEndpoint: Asking each executor to shut down
[2025-03-29T00:00:00.849+0000] {spark_submit.py:645} INFO - 25/03/29 00:00:00 INFO MapOutputTrackerMasterEndpoint: MapOutputTrackerMasterEndpoint stopped!
[2025-03-29T00:00:02.108+0000] {spark_submit.py:645} INFO - 25/03/29 00:00:02 INFO MemoryStore: MemoryStore cleared
[2025-03-29T00:00:02.109+0000] {spark_submit.py:645} INFO - 25/03/29 00:00:02 INFO BlockManager: BlockManager stopped
[2025-03-29T00:00:02.109+0000] {spark_submit.py:645} INFO - 25/03/29 00:00:02 INFO BlockManagerMaster: BlockManagerMaster stopped
[2025-03-29T00:00:02.111+0000] {spark_submit.py:645} INFO - 25/03/29 00:00:02 INFO OutputCommitCoordinator$OutputCommitCoordinatorEndpoint: OutputCommitCoordinator stopped!
[2025-03-29T00:00:02.197+0000] {spark_submit.py:645} INFO - 25/03/29 00:00:02 INFO SparkContext: Successfully stopped SparkContext
[2025-03-29T00:00:02.200+0000] {spark_submit.py:645} INFO - 25/03/29 00:00:02 INFO ShutdownHookManager: Shutdown hook called
[2025-03-29T00:00:02.200+0000] {spark_submit.py:645} INFO - 25/03/29 00:00:02 INFO ShutdownHookManager: Deleting directory /tmp/spark-1038a4a5-ccfc-4147-9c22-b7a95b593cda
[2025-03-29T00:00:02.285+0000] {spark_submit.py:645} INFO - 25/03/29 00:00:02 INFO ShutdownHookManager: Deleting directory /tmp/spark-50eabc1a-3a72-4859-9d27-93b049c6d11a
[2025-03-29T00:00:02.330+0000] {spark_submit.py:645} INFO - 25/03/29 00:00:02 INFO ShutdownHookManager: Deleting directory /tmp/spark-50eabc1a-3a72-4859-9d27-93b049c6d11a/pyspark-5f51c804-4e62-41b2-9227-e272e602022c
[2025-03-29T00:00:02.358+0000] {spark_submit.py:645} INFO - 25/03/29 00:00:02 INFO MetricsSystemImpl: Stopping s3a-file-system metrics system...
[2025-03-29T00:00:02.358+0000] {spark_submit.py:645} INFO - 25/03/29 00:00:02 INFO MetricsSystemImpl: s3a-file-system metrics system stopped.
[2025-03-29T00:00:02.359+0000] {spark_submit.py:645} INFO - 25/03/29 00:00:02 INFO MetricsSystemImpl: s3a-file-system metrics system shutdown complete.
[2025-03-29T00:00:02.423+0000] {taskinstance.py:441} INFO - ::group::Post task execution logs
[2025-03-29T00:00:02.435+0000] {taskinstance.py:2905} ERROR - Task failed with exception
Traceback (most recent call last):
  File "/home/airflow/.local/lib/python3.11/site-packages/airflow/models/taskinstance.py", line 465, in _execute_task
    result = _execute_callable(context=context, **execute_callable_kwargs)
             ^^^^^^^^^^^^^^^^^^^^^^^^^^^^^^^^^^^^^^^^^^^^^^^^^^^^^^^^^^^^^
  File "/home/airflow/.local/lib/python3.11/site-packages/airflow/models/taskinstance.py", line 432, in _execute_callable
    return execute_callable(context=context, **execute_callable_kwargs)
           ^^^^^^^^^^^^^^^^^^^^^^^^^^^^^^^^^^^^^^^^^^^^^^^^^^^^^^^^^^^^
  File "/home/airflow/.local/lib/python3.11/site-packages/airflow/models/baseoperator.py", line 401, in wrapper
    return func(self, *args, **kwargs)
           ^^^^^^^^^^^^^^^^^^^^^^^^^^^
  File "/home/airflow/.local/lib/python3.11/site-packages/airflow/operators/python.py", line 235, in execute
    return_value = self.execute_callable()
                   ^^^^^^^^^^^^^^^^^^^^^^^
  File "/home/airflow/.local/lib/python3.11/site-packages/airflow/operators/python.py", line 252, in execute_callable
    return self.python_callable(*self.op_args, **self.op_kwargs)
           ^^^^^^^^^^^^^^^^^^^^^^^^^^^^^^^^^^^^^^^^^^^^^^^^^^^^^
  File "/opt/airflow/dags/etl_pipeline.py", line 97, in spark_dtransformation
    ).execute(kwargs)
      ^^^^^^^^^^^^^^^
  File "/home/airflow/.local/lib/python3.11/site-packages/airflow/models/baseoperator.py", line 401, in wrapper
    return func(self, *args, **kwargs)
           ^^^^^^^^^^^^^^^^^^^^^^^^^^^
  File "/home/airflow/.local/lib/python3.11/site-packages/airflow/providers/apache/spark/operators/spark_submit.py", line 177, in execute
    self._hook.submit(self.application)
  File "/home/airflow/.local/lib/python3.11/site-packages/airflow/providers/apache/spark/hooks/spark_submit.py", line 567, in submit
    raise AirflowException(
airflow.exceptions.AirflowException: Cannot execute: spark-submit --master spark://spark-master:7077 --conf spark.executor.memory=512m --conf spark.executor.cores=1 --conf spark.jars=/opt/spark_job/jars/aws-java-sdk-bundle-1.12.262.jar,/opt/spark_job/jars/hadoop-aws-3.3.4.jar --conf spark.hadoop.fs.s3a.endpoint=http://minio:9000 --conf spark.hadoop.fs.s3a.access.key=admin --conf spark.hadoop.fs.s3a.secret.key=****** --conf spark.hadoop.fs.s3a.impl=org.apache.hadoop.fs.s3a.S3AFileSystem --conf spark.hadoop.fs.s3a.path.style.access=true --principal *** --name arrow-spark --verbose --deploy-mode client /opt/spark_job/data_transformation.py s3://raw/playlist_20250328_235234.json processed. Error code is: 1.
[2025-03-29T00:00:02.512+0000] {taskinstance.py:1206} INFO - Marking task as UP_FOR_RETRY. dag_id=etl_pipeline, task_id=transformation, run_id=manual__2025-03-26T13:33:39.761724+00:00, execution_date=20250326T133339, start_date=20250328T235744, end_date=20250329T000002
[2025-03-29T00:00:02.605+0000] {standard_task_runner.py:110} ERROR - Failed to execute job 56 for task transformation (Cannot execute: spark-submit --master spark://spark-master:7077 --conf spark.executor.memory=512m --conf spark.executor.cores=1 --conf spark.jars=/opt/spark_job/jars/aws-java-sdk-bundle-1.12.262.jar,/opt/spark_job/jars/hadoop-aws-3.3.4.jar --conf spark.hadoop.fs.s3a.endpoint=http://minio:9000 --conf spark.hadoop.fs.s3a.access.key=admin --conf spark.hadoop.fs.s3a.secret.key=****** --conf spark.hadoop.fs.s3a.impl=org.apache.hadoop.fs.s3a.S3AFileSystem --conf spark.hadoop.fs.s3a.path.style.access=true --principal *** --name arrow-spark --verbose --deploy-mode client /opt/spark_job/data_transformation.py s3://raw/playlist_20250328_235234.json processed. Error code is: 1.; 670)
[2025-03-29T00:00:02.655+0000] {local_task_job_runner.py:240} INFO - Task exited with return code 1
[2025-03-29T00:00:02.679+0000] {taskinstance.py:3503} INFO - 0 downstream tasks scheduled from follow-on schedule check
[2025-03-29T00:00:02.731+0000] {local_task_job_runner.py:222} INFO - ::endgroup::
