[2025-03-30T16:43:14.214+0000] {local_task_job_runner.py:120} INFO - ::group::Pre task execution logs
[2025-03-30T16:43:14.267+0000] {taskinstance.py:2076} INFO - Dependencies all met for dep_context=non-requeueable deps ti=<TaskInstance: etl_pipeline.transformation manual__2025-03-26T13:33:39.761724+00:00 [queued]>
[2025-03-30T16:43:14.275+0000] {taskinstance.py:2076} INFO - Dependencies all met for dep_context=requeueable deps ti=<TaskInstance: etl_pipeline.transformation manual__2025-03-26T13:33:39.761724+00:00 [queued]>
[2025-03-30T16:43:14.276+0000] {taskinstance.py:2306} INFO - Starting attempt 63 of 64
[2025-03-30T16:43:14.325+0000] {taskinstance.py:2330} INFO - Executing <Task(PythonOperator): transformation> on 2025-03-26 13:33:39.761724+00:00
[2025-03-30T16:43:14.331+0000] {standard_task_runner.py:63} INFO - Started process 1845 to run task
[2025-03-30T16:43:14.334+0000] {standard_task_runner.py:90} INFO - Running: ['***', 'tasks', 'run', 'etl_pipeline', 'transformation', 'manual__2025-03-26T13:33:39.761724+00:00', '--job-id', '111', '--raw', '--subdir', 'DAGS_FOLDER/etl_pipeline.py', '--cfg-path', '/tmp/tmp2mh3qcr9']
[2025-03-30T16:43:14.337+0000] {standard_task_runner.py:91} INFO - Job 111: Subtask transformation
[2025-03-30T16:43:14.438+0000] {task_command.py:426} INFO - Running <TaskInstance: etl_pipeline.transformation manual__2025-03-26T13:33:39.761724+00:00 [running]> on host 0078b745cbba
[2025-03-30T16:43:14.754+0000] {taskinstance.py:2648} INFO - Exporting env vars: AIRFLOW_CTX_DAG_OWNER='lobobranco' AIRFLOW_CTX_DAG_ID='etl_pipeline' AIRFLOW_CTX_TASK_ID='transformation' AIRFLOW_CTX_EXECUTION_DATE='2025-03-26T13:33:39.761724+00:00' AIRFLOW_CTX_TRY_NUMBER='63' AIRFLOW_CTX_DAG_RUN_ID='manual__2025-03-26T13:33:39.761724+00:00'
[2025-03-30T16:43:14.755+0000] {taskinstance.py:430} INFO - ::endgroup::
[2025-03-30T16:43:14.784+0000] {etl_pipeline.py:76} INFO - Transforming data from file: s3://raw/playlist_20250329_132856.json
[2025-03-30T16:43:14.785+0000] {logging_mixin.py:188} INFO - File Path: s3://raw/playlist_20250329_132856.json
[2025-03-30T16:43:14.786+0000] {logging_mixin.py:188} INFO - Processed Bucket: processed
[2025-03-30T16:43:14.787+0000] {baseoperator.py:400} WARNING - SparkSubmitOperator.execute cannot be called outside TaskInstance!
[2025-03-30T16:43:14.800+0000] {base.py:84} INFO - Using connection ID 'spark_default' for task execution.
[2025-03-30T16:43:14.801+0000] {spark_submit.py:328} ERROR - Failed to decode base64 keytab: Incorrect padding
[2025-03-30T16:43:14.802+0000] {spark_submit.py:305} INFO - Could not load connection string spark_default, defaulting to spark://spark-master:7077
[2025-03-30T16:43:14.803+0000] {spark_submit.py:474} INFO - Spark-Submit cmd: spark-submit --master spark://spark-master:7077 --conf spark.executor.memory=512m --conf spark.executor.cores=1 --conf spark.jars=/opt/spark_job/jars/aws-java-sdk-bundle-1.12.262.jar,/opt/spark_job/jars/hadoop-aws-3.3.4.jar --conf spark.hadoop.fs.s3a.endpoint=http://minio:9000 --conf spark.hadoop.fs.s3a.access.key=admin --conf spark.hadoop.fs.s3a.secret.key=****** --conf spark.hadoop.fs.s3a.impl=org.apache.hadoop.fs.s3a.S3AFileSystem --conf spark.hadoop.fs.s3a.path.style.access=true --principal *** --name arrow-spark --verbose --deploy-mode client /opt/spark_job/data_transformation.py s3://raw/playlist_20250329_132856.json processed
[2025-03-30T16:43:14.846+0000] {spark_submit.py:645} INFO - /home/***/.local/lib/python3.11/site-packages/pyspark/bin/load-spark-env.sh: line 68: ps: command not found
[2025-03-30T16:43:16.349+0000] {spark_submit.py:645} INFO - Using properties file: null
[2025-03-30T16:43:16.459+0000] {spark_submit.py:645} INFO - Parsed arguments:
[2025-03-30T16:43:16.460+0000] {spark_submit.py:645} INFO - master                  spark://spark-master:7077
[2025-03-30T16:43:16.460+0000] {spark_submit.py:645} INFO - remote                  null
[2025-03-30T16:43:16.461+0000] {spark_submit.py:645} INFO - deployMode              client
[2025-03-30T16:43:16.461+0000] {spark_submit.py:645} INFO - executorMemory          512m
[2025-03-30T16:43:16.462+0000] {spark_submit.py:645} INFO - executorCores           1
[2025-03-30T16:43:16.462+0000] {spark_submit.py:645} INFO - totalExecutorCores      null
[2025-03-30T16:43:16.462+0000] {spark_submit.py:645} INFO - propertiesFile          null
[2025-03-30T16:43:16.463+0000] {spark_submit.py:645} INFO - driverMemory            null
[2025-03-30T16:43:16.463+0000] {spark_submit.py:645} INFO - driverCores             null
[2025-03-30T16:43:16.463+0000] {spark_submit.py:645} INFO - driverExtraClassPath    null
[2025-03-30T16:43:16.464+0000] {spark_submit.py:645} INFO - driverExtraLibraryPath  null
[2025-03-30T16:43:16.464+0000] {spark_submit.py:645} INFO - driverExtraJavaOptions  null
[2025-03-30T16:43:16.465+0000] {spark_submit.py:645} INFO - supervise               false
[2025-03-30T16:43:16.465+0000] {spark_submit.py:645} INFO - queue                   null
[2025-03-30T16:43:16.466+0000] {spark_submit.py:645} INFO - numExecutors            null
[2025-03-30T16:43:16.466+0000] {spark_submit.py:645} INFO - files                   null
[2025-03-30T16:43:16.466+0000] {spark_submit.py:645} INFO - pyFiles                 null
[2025-03-30T16:43:16.467+0000] {spark_submit.py:645} INFO - archives                null
[2025-03-30T16:43:16.467+0000] {spark_submit.py:645} INFO - mainClass               null
[2025-03-30T16:43:16.467+0000] {spark_submit.py:645} INFO - primaryResource         file:/opt/spark_job/data_transformation.py
[2025-03-30T16:43:16.467+0000] {spark_submit.py:645} INFO - name                    arrow-spark
[2025-03-30T16:43:16.468+0000] {spark_submit.py:645} INFO - childArgs               [s3://raw/playlist_20250329_132856.json processed]
[2025-03-30T16:43:16.468+0000] {spark_submit.py:645} INFO - jars                    /opt/spark_job/jars/aws-java-sdk-bundle-1.12.262.jar,/opt/spark_job/jars/hadoop-aws-3.3.4.jar
[2025-03-30T16:43:16.468+0000] {spark_submit.py:645} INFO - packages                null
[2025-03-30T16:43:16.469+0000] {spark_submit.py:645} INFO - packagesExclusions      null
[2025-03-30T16:43:16.469+0000] {spark_submit.py:645} INFO - repositories            null
[2025-03-30T16:43:16.469+0000] {spark_submit.py:645} INFO - verbose                 true
[2025-03-30T16:43:16.470+0000] {spark_submit.py:645} INFO - 
[2025-03-30T16:43:16.470+0000] {spark_submit.py:645} INFO - Spark properties used, including those specified through
[2025-03-30T16:43:16.470+0000] {spark_submit.py:645} INFO - --conf and those from the properties file null:
[2025-03-30T16:43:16.471+0000] {spark_submit.py:645} INFO - (spark.executor.cores,1)
[2025-03-30T16:43:16.471+0000] {spark_submit.py:645} INFO - (spark.executor.memory,512m)
[2025-03-30T16:43:16.471+0000] {spark_submit.py:645} INFO - (spark.hadoop.fs.s3a.access.key,*********(redacted))
[2025-03-30T16:43:16.471+0000] {spark_submit.py:645} INFO - (spark.hadoop.fs.s3a.endpoint,http://minio:9000)
[2025-03-30T16:43:16.472+0000] {spark_submit.py:645} INFO - (spark.hadoop.fs.s3a.impl,org.apache.hadoop.fs.s3a.S3AFileSystem)
[2025-03-30T16:43:16.472+0000] {spark_submit.py:645} INFO - (spark.hadoop.fs.s3a.path.style.access,true)
[2025-03-30T16:43:16.472+0000] {spark_submit.py:645} INFO - (spark.hadoop.fs.s3a.secret.key,*********(redacted))
[2025-03-30T16:43:16.473+0000] {spark_submit.py:645} INFO - (spark.jars,/opt/spark_job/jars/aws-java-sdk-bundle-1.12.262.jar,/opt/spark_job/jars/hadoop-aws-3.3.4.jar)
[2025-03-30T16:43:16.473+0000] {spark_submit.py:645} INFO - 
[2025-03-30T16:43:16.473+0000] {spark_submit.py:645} INFO - 
[2025-03-30T16:43:16.802+0000] {spark_submit.py:645} INFO - 25/03/30 16:43:16 WARN NativeCodeLoader: Unable to load native-hadoop library for your platform... using builtin-java classes where applicable
[2025-03-30T16:43:17.001+0000] {spark_submit.py:645} INFO - Main class:
[2025-03-30T16:43:17.001+0000] {spark_submit.py:645} INFO - org.apache.spark.deploy.PythonRunner
[2025-03-30T16:43:17.002+0000] {spark_submit.py:645} INFO - Arguments:
[2025-03-30T16:43:17.002+0000] {spark_submit.py:645} INFO - file:/opt/spark_job/data_transformation.py
[2025-03-30T16:43:17.002+0000] {spark_submit.py:645} INFO - null
[2025-03-30T16:43:17.005+0000] {spark_submit.py:645} INFO - s3://raw/playlist_20250329_132856.json
[2025-03-30T16:43:17.006+0000] {spark_submit.py:645} INFO - processed
[2025-03-30T16:43:17.006+0000] {spark_submit.py:645} INFO - Spark config:
[2025-03-30T16:43:17.006+0000] {spark_submit.py:645} INFO - (spark.app.name,arrow-spark)
[2025-03-30T16:43:17.008+0000] {spark_submit.py:645} INFO - (spark.app.submitTime,1743352996984)
[2025-03-30T16:43:17.008+0000] {spark_submit.py:645} INFO - (spark.executor.cores,1)
[2025-03-30T16:43:17.009+0000] {spark_submit.py:645} INFO - (spark.executor.memory,512m)
[2025-03-30T16:43:17.009+0000] {spark_submit.py:645} INFO - (spark.hadoop.fs.s3a.access.key,*********(redacted))
[2025-03-30T16:43:17.009+0000] {spark_submit.py:645} INFO - (spark.hadoop.fs.s3a.endpoint,http://minio:9000)
[2025-03-30T16:43:17.010+0000] {spark_submit.py:645} INFO - (spark.hadoop.fs.s3a.impl,org.apache.hadoop.fs.s3a.S3AFileSystem)
[2025-03-30T16:43:17.010+0000] {spark_submit.py:645} INFO - (spark.hadoop.fs.s3a.path.style.access,true)
[2025-03-30T16:43:17.011+0000] {spark_submit.py:645} INFO - (spark.hadoop.fs.s3a.secret.key,*********(redacted))
[2025-03-30T16:43:17.011+0000] {spark_submit.py:645} INFO - (spark.jars,file:///opt/spark_job/jars/aws-java-sdk-bundle-1.12.262.jar,file:///opt/spark_job/jars/hadoop-aws-3.3.4.jar)
[2025-03-30T16:43:17.011+0000] {spark_submit.py:645} INFO - (spark.kerberos.principal,***)
[2025-03-30T16:43:17.012+0000] {spark_submit.py:645} INFO - (spark.master,spark://spark-master:7077)
[2025-03-30T16:43:17.012+0000] {spark_submit.py:645} INFO - (spark.repl.local.jars,file:///opt/spark_job/jars/aws-java-sdk-bundle-1.12.262.jar,file:///opt/spark_job/jars/hadoop-aws-3.3.4.jar)
[2025-03-30T16:43:17.013+0000] {spark_submit.py:645} INFO - (spark.submit.deployMode,client)
[2025-03-30T16:43:17.013+0000] {spark_submit.py:645} INFO - (spark.submit.pyFiles,)
[2025-03-30T16:43:17.013+0000] {spark_submit.py:645} INFO - Classpath elements:
[2025-03-30T16:43:17.014+0000] {spark_submit.py:645} INFO - file:///opt/spark_job/jars/aws-java-sdk-bundle-1.12.262.jar
[2025-03-30T16:43:17.014+0000] {spark_submit.py:645} INFO - file:///opt/spark_job/jars/hadoop-aws-3.3.4.jar
[2025-03-30T16:43:17.015+0000] {spark_submit.py:645} INFO - 
[2025-03-30T16:43:17.015+0000] {spark_submit.py:645} INFO - 
[2025-03-30T16:43:18.152+0000] {spark_submit.py:645} INFO - 2025-03-30 16:43:18,152 - INFO - Iniciando a configuração da Spark Session
[2025-03-30T16:43:18.644+0000] {spark_submit.py:645} INFO - 25/03/30 16:43:18 INFO SparkContext: Running Spark version 3.5.5
[2025-03-30T16:43:18.645+0000] {spark_submit.py:645} INFO - 25/03/30 16:43:18 INFO SparkContext: OS info Linux, 5.15.153.1-microsoft-standard-WSL2, amd64
[2025-03-30T16:43:18.645+0000] {spark_submit.py:645} INFO - 25/03/30 16:43:18 INFO SparkContext: Java version 17.0.14
[2025-03-30T16:43:18.673+0000] {spark_submit.py:645} INFO - 25/03/30 16:43:18 INFO ResourceUtils: ==============================================================
[2025-03-30T16:43:18.674+0000] {spark_submit.py:645} INFO - 25/03/30 16:43:18 INFO ResourceUtils: No custom resources configured for spark.driver.
[2025-03-30T16:43:18.674+0000] {spark_submit.py:645} INFO - 25/03/30 16:43:18 INFO ResourceUtils: ==============================================================
[2025-03-30T16:43:18.676+0000] {spark_submit.py:645} INFO - 25/03/30 16:43:18 INFO SparkContext: Submitted application: Minio Integration with PySpark
[2025-03-30T16:43:18.699+0000] {spark_submit.py:645} INFO - 25/03/30 16:43:18 INFO ResourceProfile: Default ResourceProfile created, executor resources: Map(cores -> name: cores, amount: 1, script: , vendor: , memory -> name: memory, amount: 512, script: , vendor: , offHeap -> name: offHeap, amount: 0, script: , vendor: ), task resources: Map(cpus -> name: cpus, amount: 1.0)
[2025-03-30T16:43:18.710+0000] {spark_submit.py:645} INFO - 25/03/30 16:43:18 INFO ResourceProfile: Limiting resource is cpus at 1 tasks per executor
[2025-03-30T16:43:18.713+0000] {spark_submit.py:645} INFO - 25/03/30 16:43:18 INFO ResourceProfileManager: Added ResourceProfile id: 0
[2025-03-30T16:43:18.763+0000] {spark_submit.py:645} INFO - 25/03/30 16:43:18 INFO SecurityManager: Changing view acls to: ***
[2025-03-30T16:43:18.764+0000] {spark_submit.py:645} INFO - 25/03/30 16:43:18 INFO SecurityManager: Changing modify acls to: ***
[2025-03-30T16:43:18.764+0000] {spark_submit.py:645} INFO - 25/03/30 16:43:18 INFO SecurityManager: Changing view acls groups to:
[2025-03-30T16:43:18.765+0000] {spark_submit.py:645} INFO - 25/03/30 16:43:18 INFO SecurityManager: Changing modify acls groups to:
[2025-03-30T16:43:18.765+0000] {spark_submit.py:645} INFO - 25/03/30 16:43:18 INFO SecurityManager: SecurityManager: authentication disabled; ui acls disabled; users with view permissions: ***; groups with view permissions: EMPTY; users with modify permissions: ***; groups with modify permissions: EMPTY
[2025-03-30T16:43:19.016+0000] {spark_submit.py:645} INFO - 25/03/30 16:43:19 INFO Utils: Successfully started service 'sparkDriver' on port 44517.
[2025-03-30T16:43:19.061+0000] {spark_submit.py:645} INFO - 25/03/30 16:43:19 INFO SparkEnv: Registering MapOutputTracker
[2025-03-30T16:43:19.108+0000] {spark_submit.py:645} INFO - 25/03/30 16:43:19 INFO SparkEnv: Registering BlockManagerMaster
[2025-03-30T16:43:19.134+0000] {spark_submit.py:645} INFO - 25/03/30 16:43:19 INFO BlockManagerMasterEndpoint: Using org.apache.spark.storage.DefaultTopologyMapper for getting topology information
[2025-03-30T16:43:19.135+0000] {spark_submit.py:645} INFO - 25/03/30 16:43:19 INFO BlockManagerMasterEndpoint: BlockManagerMasterEndpoint up
[2025-03-30T16:43:19.142+0000] {spark_submit.py:645} INFO - 25/03/30 16:43:19 INFO SparkEnv: Registering BlockManagerMasterHeartbeat
[2025-03-30T16:43:19.189+0000] {spark_submit.py:645} INFO - 25/03/30 16:43:19 INFO DiskBlockManager: Created local directory at /tmp/blockmgr-9b518271-e726-423e-ae28-3a1e86006290
[2025-03-30T16:43:19.211+0000] {spark_submit.py:645} INFO - 25/03/30 16:43:19 INFO MemoryStore: MemoryStore started with capacity 434.4 MiB
[2025-03-30T16:43:19.231+0000] {spark_submit.py:645} INFO - 25/03/30 16:43:19 INFO SparkEnv: Registering OutputCommitCoordinator
[2025-03-30T16:43:19.352+0000] {spark_submit.py:645} INFO - 25/03/30 16:43:19 INFO JettyUtils: Start Jetty 0.0.0.0:4040 for SparkUI
[2025-03-30T16:43:19.432+0000] {spark_submit.py:645} INFO - 25/03/30 16:43:19 INFO Utils: Successfully started service 'SparkUI' on port 4040.
[2025-03-30T16:43:19.480+0000] {spark_submit.py:645} INFO - 25/03/30 16:43:19 INFO SparkContext: Added JAR file:///opt/spark_job/jars/aws-java-sdk-bundle-1.12.262.jar at spark://0078b745cbba:44517/jars/aws-java-sdk-bundle-1.12.262.jar with timestamp 1743352998637
[2025-03-30T16:43:19.482+0000] {spark_submit.py:645} INFO - 25/03/30 16:43:19 INFO SparkContext: Added JAR file:///opt/spark_job/jars/hadoop-aws-3.3.4.jar at spark://0078b745cbba:44517/jars/hadoop-aws-3.3.4.jar with timestamp 1743352998637
[2025-03-30T16:43:19.583+0000] {spark_submit.py:645} INFO - 25/03/30 16:43:19 INFO StandaloneAppClient$ClientEndpoint: Connecting to master spark://spark-master:7077...
[2025-03-30T16:43:19.633+0000] {spark_submit.py:645} INFO - 25/03/30 16:43:19 INFO TransportClientFactory: Successfully created connection to spark-master/172.18.0.7:7077 after 26 ms (0 ms spent in bootstraps)
[2025-03-30T16:43:19.761+0000] {spark_submit.py:645} INFO - 25/03/30 16:43:19 INFO StandaloneSchedulerBackend: Connected to Spark cluster with app ID app-20250330164319-0007
[2025-03-30T16:43:19.785+0000] {spark_submit.py:645} INFO - 25/03/30 16:43:19 INFO StandaloneAppClient$ClientEndpoint: Executor added: app-20250330164319-0007/0 on worker-20250330161211-172.18.0.5-39215 (172.18.0.5:39215) with 1 core(s)
[2025-03-30T16:43:19.786+0000] {spark_submit.py:645} INFO - 25/03/30 16:43:19 INFO StandaloneSchedulerBackend: Granted executor ID app-20250330164319-0007/0 on hostPort 172.18.0.5:39215 with 1 core(s), 512.0 MiB RAM
[2025-03-30T16:43:19.786+0000] {spark_submit.py:645} INFO - 25/03/30 16:43:19 INFO StandaloneAppClient$ClientEndpoint: Executor added: app-20250330164319-0007/1 on worker-20250330161211-172.18.0.5-39215 (172.18.0.5:39215) with 1 core(s)
[2025-03-30T16:43:19.787+0000] {spark_submit.py:645} INFO - 25/03/30 16:43:19 INFO StandaloneSchedulerBackend: Granted executor ID app-20250330164319-0007/1 on hostPort 172.18.0.5:39215 with 1 core(s), 512.0 MiB RAM
[2025-03-30T16:43:19.826+0000] {spark_submit.py:645} INFO - 25/03/30 16:43:19 INFO StandaloneAppClient$ClientEndpoint: Executor added: app-20250330164319-0007/2 on worker-20250330161211-172.18.0.6-45483 (172.18.0.6:45483) with 1 core(s)
[2025-03-30T16:43:19.864+0000] {spark_submit.py:645} INFO - 25/03/30 16:43:19 INFO StandaloneSchedulerBackend: Granted executor ID app-20250330164319-0007/2 on hostPort 172.18.0.6:45483 with 1 core(s), 512.0 MiB RAM
[2025-03-30T16:43:19.865+0000] {spark_submit.py:645} INFO - 25/03/30 16:43:19 INFO StandaloneAppClient$ClientEndpoint: Executor added: app-20250330164319-0007/3 on worker-20250330161211-172.18.0.6-45483 (172.18.0.6:45483) with 1 core(s)
[2025-03-30T16:43:19.866+0000] {spark_submit.py:645} INFO - 25/03/30 16:43:19 INFO StandaloneSchedulerBackend: Granted executor ID app-20250330164319-0007/3 on hostPort 172.18.0.6:45483 with 1 core(s), 512.0 MiB RAM
[2025-03-30T16:43:19.906+0000] {spark_submit.py:645} INFO - 25/03/30 16:43:19 INFO Utils: Successfully started service 'org.apache.spark.network.netty.NettyBlockTransferService' on port 45977.
[2025-03-30T16:43:19.939+0000] {spark_submit.py:645} INFO - 25/03/30 16:43:19 INFO NettyBlockTransferService: Server created on 0078b745cbba:45977
[2025-03-30T16:43:19.958+0000] {spark_submit.py:645} INFO - 25/03/30 16:43:19 INFO BlockManager: Using org.apache.spark.storage.RandomBlockReplicationPolicy for block replication policy
[2025-03-30T16:43:19.982+0000] {spark_submit.py:645} INFO - 25/03/30 16:43:19 INFO BlockManagerMaster: Registering BlockManager BlockManagerId(driver, 0078b745cbba, 45977, None)
[2025-03-30T16:43:20.031+0000] {spark_submit.py:645} INFO - 25/03/30 16:43:19 INFO BlockManagerMasterEndpoint: Registering block manager 0078b745cbba:45977 with 434.4 MiB RAM, BlockManagerId(driver, 0078b745cbba, 45977, None)
[2025-03-30T16:43:20.055+0000] {spark_submit.py:645} INFO - 25/03/30 16:43:19 INFO BlockManagerMaster: Registered BlockManager BlockManagerId(driver, 0078b745cbba, 45977, None)
[2025-03-30T16:43:20.071+0000] {spark_submit.py:645} INFO - 25/03/30 16:43:19 INFO BlockManager: Initialized BlockManager: BlockManagerId(driver, 0078b745cbba, 45977, None)
[2025-03-30T16:43:20.758+0000] {spark_submit.py:645} INFO - 25/03/30 16:43:20 INFO StandaloneSchedulerBackend: SchedulerBackend is ready for scheduling beginning after reached minRegisteredResourcesRatio: 0.0
[2025-03-30T16:43:20.790+0000] {spark_submit.py:645} INFO - 25/03/30 16:43:20 INFO StandaloneAppClient$ClientEndpoint: Executor updated: app-20250330164319-0007/2 is now RUNNING
[2025-03-30T16:43:20.924+0000] {spark_submit.py:645} INFO - 25/03/30 16:43:20 INFO StandaloneAppClient$ClientEndpoint: Executor updated: app-20250330164319-0007/0 is now RUNNING
[2025-03-30T16:43:21.285+0000] {spark_submit.py:645} INFO - 25/03/30 16:43:21 INFO StandaloneAppClient$ClientEndpoint: Executor updated: app-20250330164319-0007/3 is now RUNNING
[2025-03-30T16:43:21.341+0000] {spark_submit.py:645} INFO - 2025-03-30 16:43:21,337 - INFO - Spark Session criada com sucesso
[2025-03-30T16:43:21.353+0000] {spark_submit.py:645} INFO - 2025-03-30 16:43:21,337 - INFO - Leitura iniciada !!!!!!.
[2025-03-30T16:43:21.442+0000] {spark_submit.py:645} INFO - 25/03/30 16:43:21 INFO SharedState: Setting hive.metastore.warehouse.dir ('null') to the value of spark.sql.warehouse.dir.
[2025-03-30T16:43:21.497+0000] {spark_submit.py:645} INFO - 25/03/30 16:43:21 INFO SharedState: Warehouse path is 'file:/opt/spark-warehouse'.
[2025-03-30T16:43:21.634+0000] {spark_submit.py:645} INFO - 25/03/30 16:43:21 INFO StandaloneAppClient$ClientEndpoint: Executor updated: app-20250330164319-0007/1 is now RUNNING
[2025-03-30T16:43:24.014+0000] {spark_submit.py:645} INFO - 25/03/30 16:43:24 WARN MetricsConfig: Cannot locate configuration: tried hadoop-metrics2-s3a-file-system.properties,hadoop-metrics2.properties
[2025-03-30T16:43:24.103+0000] {spark_submit.py:645} INFO - 25/03/30 16:43:24 INFO MetricsSystemImpl: Scheduled Metric snapshot period at 10 second(s).
[2025-03-30T16:43:24.105+0000] {spark_submit.py:645} INFO - 25/03/30 16:43:24 INFO MetricsSystemImpl: s3a-file-system metrics system started
[2025-03-30T16:43:28.457+0000] {spark_submit.py:645} INFO - 25/03/30 16:43:28 INFO InMemoryFileIndex: It took 228 ms to list leaf files for 1 paths.
[2025-03-30T16:43:28.700+0000] {spark_submit.py:645} INFO - 25/03/30 16:43:28 INFO MemoryStore: Block broadcast_0 stored as values in memory (estimated size 209.2 KiB, free 434.2 MiB)
[2025-03-30T16:43:29.027+0000] {spark_submit.py:645} INFO - 25/03/30 16:43:29 INFO MemoryStore: Block broadcast_0_piece0 stored as bytes in memory (estimated size 35.5 KiB, free 434.2 MiB)
[2025-03-30T16:43:29.034+0000] {spark_submit.py:645} INFO - 25/03/30 16:43:29 INFO BlockManagerInfo: Added broadcast_0_piece0 in memory on 0078b745cbba:45977 (size: 35.5 KiB, free: 434.4 MiB)
[2025-03-30T16:43:29.054+0000] {spark_submit.py:645} INFO - 25/03/30 16:43:29 INFO SparkContext: Created broadcast 0 from json at NativeMethodAccessorImpl.java:0
[2025-03-30T16:43:29.816+0000] {spark_submit.py:645} INFO - 25/03/30 16:43:29 INFO FileInputFormat: Total input files to process : 1
[2025-03-30T16:43:29.857+0000] {spark_submit.py:645} INFO - 25/03/30 16:43:29 INFO FileInputFormat: Total input files to process : 1
[2025-03-30T16:43:29.919+0000] {spark_submit.py:645} INFO - 25/03/30 16:43:29 INFO SparkContext: Starting job: json at NativeMethodAccessorImpl.java:0
[2025-03-30T16:43:29.962+0000] {spark_submit.py:645} INFO - 25/03/30 16:43:29 INFO DAGScheduler: Got job 0 (json at NativeMethodAccessorImpl.java:0) with 1 output partitions
[2025-03-30T16:43:29.963+0000] {spark_submit.py:645} INFO - 25/03/30 16:43:29 INFO DAGScheduler: Final stage: ResultStage 0 (json at NativeMethodAccessorImpl.java:0)
[2025-03-30T16:43:29.967+0000] {spark_submit.py:645} INFO - 25/03/30 16:43:29 INFO DAGScheduler: Parents of final stage: List()
[2025-03-30T16:43:29.972+0000] {spark_submit.py:645} INFO - 25/03/30 16:43:29 INFO DAGScheduler: Missing parents: List()
[2025-03-30T16:43:29.992+0000] {spark_submit.py:645} INFO - 25/03/30 16:43:29 INFO DAGScheduler: Submitting ResultStage 0 (MapPartitionsRDD[2] at json at NativeMethodAccessorImpl.java:0), which has no missing parents
[2025-03-30T16:43:30.141+0000] {spark_submit.py:645} INFO - 25/03/30 16:43:30 INFO MemoryStore: Block broadcast_1 stored as values in memory (estimated size 9.3 KiB, free 434.2 MiB)
[2025-03-30T16:43:30.147+0000] {spark_submit.py:645} INFO - 25/03/30 16:43:30 INFO MemoryStore: Block broadcast_1_piece0 stored as bytes in memory (estimated size 5.0 KiB, free 434.1 MiB)
[2025-03-30T16:43:30.147+0000] {spark_submit.py:645} INFO - 25/03/30 16:43:30 INFO BlockManagerInfo: Added broadcast_1_piece0 in memory on 0078b745cbba:45977 (size: 5.0 KiB, free: 434.4 MiB)
[2025-03-30T16:43:30.148+0000] {spark_submit.py:645} INFO - 25/03/30 16:43:30 INFO SparkContext: Created broadcast 1 from broadcast at DAGScheduler.scala:1585
[2025-03-30T16:43:30.184+0000] {spark_submit.py:645} INFO - 25/03/30 16:43:30 INFO DAGScheduler: Submitting 1 missing tasks from ResultStage 0 (MapPartitionsRDD[2] at json at NativeMethodAccessorImpl.java:0) (first 15 tasks are for partitions Vector(0))
[2025-03-30T16:43:30.205+0000] {spark_submit.py:645} INFO - 25/03/30 16:43:30 INFO TaskSchedulerImpl: Adding task set 0.0 with 1 tasks resource profile 0
[2025-03-30T16:43:31.389+0000] {spark_submit.py:645} INFO - 25/03/30 16:43:31 INFO StandaloneSchedulerBackend$StandaloneDriverEndpoint: Registered executor NettyRpcEndpointRef(spark-client://Executor) (172.18.0.5:50678) with ID 0,  ResourceProfileId 0
[2025-03-30T16:43:31.540+0000] {spark_submit.py:645} INFO - 25/03/30 16:43:31 INFO StandaloneSchedulerBackend$StandaloneDriverEndpoint: Registered executor NettyRpcEndpointRef(spark-client://Executor) (172.18.0.6:54522) with ID 2,  ResourceProfileId 0
[2025-03-30T16:43:31.580+0000] {spark_submit.py:645} INFO - 25/03/30 16:43:31 INFO StandaloneSchedulerBackend$StandaloneDriverEndpoint: Registered executor NettyRpcEndpointRef(spark-client://Executor) (172.18.0.6:54524) with ID 3,  ResourceProfileId 0
[2025-03-30T16:43:31.666+0000] {spark_submit.py:645} INFO - 25/03/30 16:43:31 INFO BlockManagerMasterEndpoint: Registering block manager 172.18.0.5:32851 with 127.2 MiB RAM, BlockManagerId(0, 172.18.0.5, 32851, None)
[2025-03-30T16:43:31.759+0000] {spark_submit.py:645} INFO - 25/03/30 16:43:31 INFO BlockManagerMasterEndpoint: Registering block manager 172.18.0.6:42123 with 127.2 MiB RAM, BlockManagerId(2, 172.18.0.6, 42123, None)
[2025-03-30T16:43:31.812+0000] {spark_submit.py:645} INFO - 25/03/30 16:43:31 INFO BlockManagerMasterEndpoint: Registering block manager 172.18.0.6:39845 with 127.2 MiB RAM, BlockManagerId(3, 172.18.0.6, 39845, None)
[2025-03-30T16:43:32.072+0000] {spark_submit.py:645} INFO - 25/03/30 16:43:32 INFO StandaloneSchedulerBackend$StandaloneDriverEndpoint: Registered executor NettyRpcEndpointRef(spark-client://Executor) (172.18.0.5:50690) with ID 1,  ResourceProfileId 0
[2025-03-30T16:43:32.498+0000] {spark_submit.py:645} INFO - 25/03/30 16:43:32 INFO BlockManagerMasterEndpoint: Registering block manager 172.18.0.5:36557 with 127.2 MiB RAM, BlockManagerId(1, 172.18.0.5, 36557, None)
[2025-03-30T16:46:25.610+0000] {spark_submit.py:645} INFO - 25/03/30 16:46:25 INFO TaskSetManager: Starting task 0.0 in stage 0.0 (TID 0) (172.18.0.5, executor 0, partition 0, PROCESS_LOCAL, 9420 bytes)
[2025-03-30T16:46:32.671+0000] {spark_submit.py:645} INFO - 25/03/30 16:46:32 INFO BlockManagerInfo: Added broadcast_1_piece0 in memory on 172.18.0.5:32851 (size: 5.0 KiB, free: 127.2 MiB)
[2025-03-30T16:46:40.937+0000] {spark_submit.py:645} INFO - 25/03/30 16:46:40 INFO BlockManagerInfo: Added broadcast_0_piece0 in memory on 172.18.0.5:32851 (size: 35.5 KiB, free: 127.2 MiB)
[2025-03-30T16:47:05.893+0000] {spark_submit.py:645} INFO - 25/03/30 16:47:05 INFO TaskSetManager: Finished task 0.0 in stage 0.0 (TID 0) in 40371 ms on 172.18.0.5 (executor 0) (1/1)
[2025-03-30T16:47:06.195+0000] {spark_submit.py:645} INFO - 25/03/30 16:47:06 INFO TaskSchedulerImpl: Removed TaskSet 0.0, whose tasks have all completed, from pool
[2025-03-30T16:47:06.202+0000] {spark_submit.py:645} INFO - 25/03/30 16:47:06 INFO DAGScheduler: ResultStage 0 (json at NativeMethodAccessorImpl.java:0) finished in 216.166 s
[2025-03-30T16:47:06.270+0000] {spark_submit.py:645} INFO - 25/03/30 16:47:06 INFO DAGScheduler: Job 0 is finished. Cancelling potential speculative or zombie tasks for this job
[2025-03-30T16:47:06.365+0000] {spark_submit.py:645} INFO - 25/03/30 16:47:06 INFO TaskSchedulerImpl: Killing all running tasks in stage 0: Stage finished
[2025-03-30T16:47:06.453+0000] {spark_submit.py:645} INFO - 25/03/30 16:47:06 INFO DAGScheduler: Job 0 finished: json at NativeMethodAccessorImpl.java:0, took 217.060405 s
[2025-03-30T16:47:08.034+0000] {spark_submit.py:645} INFO - 2025-03-30 16:47:08,007 - INFO - Leitura finalizada !!!!!!!.
[2025-03-30T16:47:08.044+0000] {spark_submit.py:645} INFO - 2025-03-30 16:47:08,007 - INFO - Processo de transformação iniciada.
[2025-03-30T16:47:08.581+0000] {spark_submit.py:645} INFO - 25/03/30 16:47:08 INFO BlockManagerInfo: Removed broadcast_0_piece0 on 172.18.0.5:32851 in memory (size: 35.5 KiB, free: 127.2 MiB)
[2025-03-30T16:47:08.618+0000] {spark_submit.py:645} INFO - 25/03/30 16:47:08 INFO BlockManagerInfo: Removed broadcast_0_piece0 on 0078b745cbba:45977 in memory (size: 35.5 KiB, free: 434.4 MiB)
[2025-03-30T16:47:08.884+0000] {spark_submit.py:645} INFO - 25/03/30 16:47:08 INFO BlockManagerInfo: Removed broadcast_1_piece0 on 172.18.0.5:32851 in memory (size: 5.0 KiB, free: 127.2 MiB)
[2025-03-30T16:47:08.897+0000] {spark_submit.py:645} INFO - 25/03/30 16:47:08 INFO BlockManagerInfo: Removed broadcast_1_piece0 on 0078b745cbba:45977 in memory (size: 5.0 KiB, free: 434.4 MiB)
[2025-03-30T16:47:09.622+0000] {spark_submit.py:645} INFO - 25/03/30 16:47:09 INFO FileSourceStrategy: Pushed Filters:
[2025-03-30T16:47:09.626+0000] {spark_submit.py:645} INFO - 25/03/30 16:47:09 INFO FileSourceStrategy: Post-Scan Filters: (size(items#0.track.artists, true) > 0),isnotnull(items#0.track.artists)
[2025-03-30T16:47:11.884+0000] {spark_submit.py:645} INFO - 25/03/30 16:47:11 INFO CodeGenerator: Code generated in 1220.595915 ms
[2025-03-30T16:47:11.929+0000] {spark_submit.py:645} INFO - 25/03/30 16:47:11 INFO MemoryStore: Block broadcast_2 stored as values in memory (estimated size 208.7 KiB, free 434.2 MiB)
[2025-03-30T16:47:11.987+0000] {spark_submit.py:645} INFO - 25/03/30 16:47:11 INFO MemoryStore: Block broadcast_2_piece0 stored as bytes in memory (estimated size 35.4 KiB, free 434.2 MiB)
[2025-03-30T16:47:11.988+0000] {spark_submit.py:645} INFO - 25/03/30 16:47:11 INFO BlockManagerInfo: Added broadcast_2_piece0 in memory on 0078b745cbba:45977 (size: 35.4 KiB, free: 434.4 MiB)
[2025-03-30T16:47:11.989+0000] {spark_submit.py:645} INFO - 25/03/30 16:47:11 INFO SparkContext: Created broadcast 2 from showString at NativeMethodAccessorImpl.java:0
[2025-03-30T16:47:12.025+0000] {spark_submit.py:645} INFO - 25/03/30 16:47:11 INFO FileSourceScanExec: Planning scan with bin packing, max size: 4194304 bytes, open cost is considered as scanning 4194304 bytes.
[2025-03-30T16:47:12.207+0000] {spark_submit.py:645} INFO - 25/03/30 16:47:12 INFO DAGScheduler: Registering RDD 7 (showString at NativeMethodAccessorImpl.java:0) as input to shuffle 0
[2025-03-30T16:47:12.217+0000] {spark_submit.py:645} INFO - 25/03/30 16:47:12 INFO DAGScheduler: Got map stage job 1 (showString at NativeMethodAccessorImpl.java:0) with 1 output partitions
[2025-03-30T16:47:12.239+0000] {spark_submit.py:645} INFO - 25/03/30 16:47:12 INFO DAGScheduler: Final stage: ShuffleMapStage 1 (showString at NativeMethodAccessorImpl.java:0)
[2025-03-30T16:47:12.257+0000] {spark_submit.py:645} INFO - 25/03/30 16:47:12 INFO DAGScheduler: Parents of final stage: List()
[2025-03-30T16:47:12.314+0000] {spark_submit.py:645} INFO - 25/03/30 16:47:12 INFO DAGScheduler: Missing parents: List()
[2025-03-30T16:47:12.315+0000] {spark_submit.py:645} INFO - 25/03/30 16:47:12 INFO DAGScheduler: Submitting ShuffleMapStage 1 (MapPartitionsRDD[7] at showString at NativeMethodAccessorImpl.java:0), which has no missing parents
[2025-03-30T16:47:12.316+0000] {spark_submit.py:645} INFO - 25/03/30 16:47:12 INFO MemoryStore: Block broadcast_3 stored as values in memory (estimated size 90.9 KiB, free 434.1 MiB)
[2025-03-30T16:47:12.366+0000] {spark_submit.py:645} INFO - 25/03/30 16:47:12 INFO MemoryStore: Block broadcast_3_piece0 stored as bytes in memory (estimated size 30.6 KiB, free 434.0 MiB)
[2025-03-30T16:47:12.376+0000] {spark_submit.py:645} INFO - 25/03/30 16:47:12 INFO BlockManagerInfo: Added broadcast_3_piece0 in memory on 0078b745cbba:45977 (size: 30.6 KiB, free: 434.3 MiB)
[2025-03-30T16:47:12.378+0000] {spark_submit.py:645} INFO - 25/03/30 16:47:12 INFO SparkContext: Created broadcast 3 from broadcast at DAGScheduler.scala:1585
[2025-03-30T16:47:12.390+0000] {spark_submit.py:645} INFO - 25/03/30 16:47:12 INFO DAGScheduler: Submitting 1 missing tasks from ShuffleMapStage 1 (MapPartitionsRDD[7] at showString at NativeMethodAccessorImpl.java:0) (first 15 tasks are for partitions Vector(0))
[2025-03-30T16:47:12.393+0000] {spark_submit.py:645} INFO - 25/03/30 16:47:12 INFO TaskSchedulerImpl: Adding task set 1.0 with 1 tasks resource profile 0
[2025-03-30T16:47:12.397+0000] {spark_submit.py:645} INFO - 25/03/30 16:47:12 INFO TaskSetManager: Starting task 0.0 in stage 1.0 (TID 1) (172.18.0.6, executor 3, partition 0, PROCESS_LOCAL, 9880 bytes)
[2025-03-30T16:47:14.051+0000] {spark_submit.py:645} INFO - 25/03/30 16:47:14 INFO BlockManagerInfo: Added broadcast_3_piece0 in memory on 172.18.0.6:39845 (size: 30.6 KiB, free: 127.2 MiB)
[2025-03-30T16:47:19.601+0000] {spark_submit.py:645} INFO - 25/03/30 16:47:19 INFO BlockManagerInfo: Added broadcast_2_piece0 in memory on 172.18.0.6:39845 (size: 35.4 KiB, free: 127.1 MiB)
[2025-03-30T16:47:26.336+0000] {spark_submit.py:645} INFO - 25/03/30 16:47:26 INFO TaskSetManager: Finished task 0.0 in stage 1.0 (TID 1) in 13944 ms on 172.18.0.6 (executor 3) (1/1)
[2025-03-30T16:47:26.337+0000] {spark_submit.py:645} INFO - 25/03/30 16:47:26 INFO TaskSchedulerImpl: Removed TaskSet 1.0, whose tasks have all completed, from pool
[2025-03-30T16:47:26.339+0000] {spark_submit.py:645} INFO - 25/03/30 16:47:26 INFO DAGScheduler: ShuffleMapStage 1 (showString at NativeMethodAccessorImpl.java:0) finished in 14.149 s
[2025-03-30T16:47:26.340+0000] {spark_submit.py:645} INFO - 25/03/30 16:47:26 INFO DAGScheduler: looking for newly runnable stages
[2025-03-30T16:47:26.341+0000] {spark_submit.py:645} INFO - 25/03/30 16:47:26 INFO DAGScheduler: running: Set()
[2025-03-30T16:47:26.341+0000] {spark_submit.py:645} INFO - 25/03/30 16:47:26 INFO DAGScheduler: waiting: Set()
[2025-03-30T16:47:26.342+0000] {spark_submit.py:645} INFO - 25/03/30 16:47:26 INFO DAGScheduler: failed: Set()
[2025-03-30T16:47:26.386+0000] {spark_submit.py:645} INFO - 25/03/30 16:47:26 INFO ShufflePartitionsUtil: For shuffle(0), advisory target size: 67108864, actual target size 1048576, minimum partition size: 1048576
[2025-03-30T16:47:26.438+0000] {spark_submit.py:645} INFO - 25/03/30 16:47:26 INFO CodeGenerator: Code generated in 14.146421 ms
[2025-03-30T16:47:26.507+0000] {spark_submit.py:645} INFO - 25/03/30 16:47:26 INFO BlockManagerInfo: Removed broadcast_3_piece0 on 0078b745cbba:45977 in memory (size: 30.6 KiB, free: 434.4 MiB)
[2025-03-30T16:47:26.511+0000] {spark_submit.py:645} INFO - 25/03/30 16:47:26 INFO SparkContext: Starting job: showString at NativeMethodAccessorImpl.java:0
[2025-03-30T16:47:26.517+0000] {spark_submit.py:645} INFO - 25/03/30 16:47:26 INFO BlockManagerInfo: Removed broadcast_3_piece0 on 172.18.0.6:39845 in memory (size: 30.6 KiB, free: 127.2 MiB)
[2025-03-30T16:47:26.523+0000] {spark_submit.py:645} INFO - 25/03/30 16:47:26 INFO DAGScheduler: Got job 2 (showString at NativeMethodAccessorImpl.java:0) with 1 output partitions
[2025-03-30T16:47:26.524+0000] {spark_submit.py:645} INFO - 25/03/30 16:47:26 INFO DAGScheduler: Final stage: ResultStage 3 (showString at NativeMethodAccessorImpl.java:0)
[2025-03-30T16:47:26.525+0000] {spark_submit.py:645} INFO - 25/03/30 16:47:26 INFO DAGScheduler: Parents of final stage: List(ShuffleMapStage 2)
[2025-03-30T16:47:26.526+0000] {spark_submit.py:645} INFO - 25/03/30 16:47:26 INFO DAGScheduler: Missing parents: List()
[2025-03-30T16:47:26.527+0000] {spark_submit.py:645} INFO - 25/03/30 16:47:26 INFO DAGScheduler: Submitting ResultStage 3 (MapPartitionsRDD[11] at showString at NativeMethodAccessorImpl.java:0), which has no missing parents
[2025-03-30T16:47:26.561+0000] {spark_submit.py:645} INFO - 25/03/30 16:47:26 INFO MemoryStore: Block broadcast_4 stored as values in memory (estimated size 47.3 KiB, free 434.1 MiB)
[2025-03-30T16:47:26.564+0000] {spark_submit.py:645} INFO - 25/03/30 16:47:26 INFO MemoryStore: Block broadcast_4_piece0 stored as bytes in memory (estimated size 21.6 KiB, free 434.1 MiB)
[2025-03-30T16:47:26.566+0000] {spark_submit.py:645} INFO - 25/03/30 16:47:26 INFO BlockManagerInfo: Added broadcast_4_piece0 in memory on 0078b745cbba:45977 (size: 21.6 KiB, free: 434.3 MiB)
[2025-03-30T16:47:26.568+0000] {spark_submit.py:645} INFO - 25/03/30 16:47:26 INFO SparkContext: Created broadcast 4 from broadcast at DAGScheduler.scala:1585
[2025-03-30T16:47:26.569+0000] {spark_submit.py:645} INFO - 25/03/30 16:47:26 INFO DAGScheduler: Submitting 1 missing tasks from ResultStage 3 (MapPartitionsRDD[11] at showString at NativeMethodAccessorImpl.java:0) (first 15 tasks are for partitions Vector(0))
[2025-03-30T16:47:26.570+0000] {spark_submit.py:645} INFO - 25/03/30 16:47:26 INFO TaskSchedulerImpl: Adding task set 3.0 with 1 tasks resource profile 0
[2025-03-30T16:47:26.577+0000] {spark_submit.py:645} INFO - 25/03/30 16:47:26 INFO TaskSetManager: Starting task 0.0 in stage 3.0 (TID 2) (172.18.0.6, executor 3, partition 0, NODE_LOCAL, 9289 bytes)
[2025-03-30T16:47:26.669+0000] {spark_submit.py:645} INFO - 25/03/30 16:47:26 INFO BlockManagerInfo: Added broadcast_4_piece0 in memory on 172.18.0.6:39845 (size: 21.6 KiB, free: 127.1 MiB)
[2025-03-30T16:47:26.754+0000] {spark_submit.py:645} INFO - 25/03/30 16:47:26 WARN TaskSetManager: Lost task 0.0 in stage 3.0 (TID 2) (172.18.0.6 executor 3): java.io.InvalidClassException: org.apache.spark.sql.execution.adaptive.QueryStageExec; local class incompatible: stream classdesc serialVersionUID = 4868766362518037199, local class serialVersionUID = -7522441263233448734
[2025-03-30T16:47:26.754+0000] {spark_submit.py:645} INFO - at java.base/java.io.ObjectStreamClass.initNonProxy(ObjectStreamClass.java:597)
[2025-03-30T16:47:26.755+0000] {spark_submit.py:645} INFO - at java.base/java.io.ObjectInputStream.readNonProxyDesc(ObjectInputStream.java:2051)
[2025-03-30T16:47:26.755+0000] {spark_submit.py:645} INFO - at java.base/java.io.ObjectInputStream.readClassDesc(ObjectInputStream.java:1898)
[2025-03-30T16:47:26.755+0000] {spark_submit.py:645} INFO - at java.base/java.io.ObjectInputStream.readNonProxyDesc(ObjectInputStream.java:2051)
[2025-03-30T16:47:26.756+0000] {spark_submit.py:645} INFO - at java.base/java.io.ObjectInputStream.readClassDesc(ObjectInputStream.java:1898)
[2025-03-30T16:47:26.756+0000] {spark_submit.py:645} INFO - at java.base/java.io.ObjectInputStream.readNonProxyDesc(ObjectInputStream.java:2051)
[2025-03-30T16:47:26.756+0000] {spark_submit.py:645} INFO - at java.base/java.io.ObjectInputStream.readClassDesc(ObjectInputStream.java:1898)
[2025-03-30T16:47:26.756+0000] {spark_submit.py:645} INFO - at java.base/java.io.ObjectInputStream.readOrdinaryObject(ObjectInputStream.java:2224)
[2025-03-30T16:47:26.757+0000] {spark_submit.py:645} INFO - at java.base/java.io.ObjectInputStream.readObject0(ObjectInputStream.java:1733)
[2025-03-30T16:47:26.757+0000] {spark_submit.py:645} INFO - at java.base/java.io.ObjectInputStream$FieldValues.<init>(ObjectInputStream.java:2606)
[2025-03-30T16:47:26.757+0000] {spark_submit.py:645} INFO - at java.base/java.io.ObjectInputStream.readSerialData(ObjectInputStream.java:2457)
[2025-03-30T16:47:26.757+0000] {spark_submit.py:645} INFO - at java.base/java.io.ObjectInputStream.readOrdinaryObject(ObjectInputStream.java:2257)
[2025-03-30T16:47:26.758+0000] {spark_submit.py:645} INFO - at java.base/java.io.ObjectInputStream.readObject0(ObjectInputStream.java:1733)
[2025-03-30T16:47:26.758+0000] {spark_submit.py:645} INFO - at java.base/java.io.ObjectInputStream$FieldValues.<init>(ObjectInputStream.java:2606)
[2025-03-30T16:47:26.758+0000] {spark_submit.py:645} INFO - at java.base/java.io.ObjectInputStream.readSerialData(ObjectInputStream.java:2457)
[2025-03-30T16:47:26.759+0000] {spark_submit.py:645} INFO - at java.base/java.io.ObjectInputStream.readOrdinaryObject(ObjectInputStream.java:2257)
[2025-03-30T16:47:26.759+0000] {spark_submit.py:645} INFO - at java.base/java.io.ObjectInputStream.readObject0(ObjectInputStream.java:1733)
[2025-03-30T16:47:26.759+0000] {spark_submit.py:645} INFO - at java.base/java.io.ObjectInputStream$FieldValues.<init>(ObjectInputStream.java:2606)
[2025-03-30T16:47:26.759+0000] {spark_submit.py:645} INFO - at java.base/java.io.ObjectInputStream.readSerialData(ObjectInputStream.java:2457)
[2025-03-30T16:47:26.760+0000] {spark_submit.py:645} INFO - at java.base/java.io.ObjectInputStream.readOrdinaryObject(ObjectInputStream.java:2257)
[2025-03-30T16:47:26.762+0000] {spark_submit.py:645} INFO - at java.base/java.io.ObjectInputStream.readObject0(ObjectInputStream.java:1733)
[2025-03-30T16:47:26.763+0000] {spark_submit.py:645} INFO - at java.base/java.io.ObjectInputStream.readArray(ObjectInputStream.java:2157)
[2025-03-30T16:47:26.763+0000] {spark_submit.py:645} INFO - at java.base/java.io.ObjectInputStream.readObject0(ObjectInputStream.java:1721)
[2025-03-30T16:47:26.764+0000] {spark_submit.py:645} INFO - at java.base/java.io.ObjectInputStream$FieldValues.<init>(ObjectInputStream.java:2606)
[2025-03-30T16:47:26.764+0000] {spark_submit.py:645} INFO - at java.base/java.io.ObjectInputStream.readSerialData(ObjectInputStream.java:2457)
[2025-03-30T16:47:26.764+0000] {spark_submit.py:645} INFO - at java.base/java.io.ObjectInputStream.readOrdinaryObject(ObjectInputStream.java:2257)
[2025-03-30T16:47:26.765+0000] {spark_submit.py:645} INFO - at java.base/java.io.ObjectInputStream.readObject0(ObjectInputStream.java:1733)
[2025-03-30T16:47:26.765+0000] {spark_submit.py:645} INFO - at java.base/java.io.ObjectInputStream.readArray(ObjectInputStream.java:2157)
[2025-03-30T16:47:26.766+0000] {spark_submit.py:645} INFO - at java.base/java.io.ObjectInputStream.readObject0(ObjectInputStream.java:1721)
[2025-03-30T16:47:26.769+0000] {spark_submit.py:645} INFO - at java.base/java.io.ObjectInputStream$FieldValues.<init>(ObjectInputStream.java:2606)
[2025-03-30T16:47:26.770+0000] {spark_submit.py:645} INFO - at java.base/java.io.ObjectInputStream.readSerialData(ObjectInputStream.java:2457)
[2025-03-30T16:47:26.770+0000] {spark_submit.py:645} INFO - at java.base/java.io.ObjectInputStream.readOrdinaryObject(ObjectInputStream.java:2257)
[2025-03-30T16:47:26.771+0000] {spark_submit.py:645} INFO - at java.base/java.io.ObjectInputStream.readObject0(ObjectInputStream.java:1733)
[2025-03-30T16:47:26.771+0000] {spark_submit.py:645} INFO - at java.base/java.io.ObjectInputStream.readArray(ObjectInputStream.java:2157)
[2025-03-30T16:47:26.777+0000] {spark_submit.py:645} INFO - at java.base/java.io.ObjectInputStream.readObject0(ObjectInputStream.java:1721)
[2025-03-30T16:47:26.777+0000] {spark_submit.py:645} INFO - at java.base/java.io.ObjectInputStream$FieldValues.<init>(ObjectInputStream.java:2606)
[2025-03-30T16:47:26.778+0000] {spark_submit.py:645} INFO - at java.base/java.io.ObjectInputStream.readSerialData(ObjectInputStream.java:2457)
[2025-03-30T16:47:26.778+0000] {spark_submit.py:645} INFO - at java.base/java.io.ObjectInputStream.readOrdinaryObject(ObjectInputStream.java:2257)
[2025-03-30T16:47:26.779+0000] {spark_submit.py:645} INFO - at java.base/java.io.ObjectInputStream.readObject0(ObjectInputStream.java:1733)
[2025-03-30T16:47:26.779+0000] {spark_submit.py:645} INFO - at java.base/java.io.ObjectInputStream$FieldValues.<init>(ObjectInputStream.java:2606)
[2025-03-30T16:47:26.787+0000] {spark_submit.py:645} INFO - at java.base/java.io.ObjectInputStream.readSerialData(ObjectInputStream.java:2457)
[2025-03-30T16:47:26.788+0000] {spark_submit.py:645} INFO - at java.base/java.io.ObjectInputStream.readOrdinaryObject(ObjectInputStream.java:2257)
[2025-03-30T16:47:26.788+0000] {spark_submit.py:645} INFO - at java.base/java.io.ObjectInputStream.readObject0(ObjectInputStream.java:1733)
[2025-03-30T16:47:26.789+0000] {spark_submit.py:645} INFO - at java.base/java.io.ObjectInputStream$FieldValues.<init>(ObjectInputStream.java:2606)
[2025-03-30T16:47:26.789+0000] {spark_submit.py:645} INFO - at java.base/java.io.ObjectInputStream.readSerialData(ObjectInputStream.java:2457)
[2025-03-30T16:47:26.789+0000] {spark_submit.py:645} INFO - at java.base/java.io.ObjectInputStream.readOrdinaryObject(ObjectInputStream.java:2257)
[2025-03-30T16:47:26.790+0000] {spark_submit.py:645} INFO - at java.base/java.io.ObjectInputStream.readObject0(ObjectInputStream.java:1733)
[2025-03-30T16:47:26.790+0000] {spark_submit.py:645} INFO - at java.base/java.io.ObjectInputStream.readObject(ObjectInputStream.java:509)
[2025-03-30T16:47:26.790+0000] {spark_submit.py:645} INFO - at java.base/java.io.ObjectInputStream.readObject(ObjectInputStream.java:467)
[2025-03-30T16:47:26.791+0000] {spark_submit.py:645} INFO - at scala.collection.immutable.List$SerializationProxy.readObject(List.scala:527)
[2025-03-30T16:47:26.791+0000] {spark_submit.py:645} INFO - at jdk.internal.reflect.GeneratedMethodAccessor6.invoke(Unknown Source)
[2025-03-30T16:47:26.791+0000] {spark_submit.py:645} INFO - at java.base/jdk.internal.reflect.DelegatingMethodAccessorImpl.invoke(DelegatingMethodAccessorImpl.java:43)
[2025-03-30T16:47:26.792+0000] {spark_submit.py:645} INFO - at java.base/java.lang.reflect.Method.invoke(Method.java:569)
[2025-03-30T16:47:26.792+0000] {spark_submit.py:645} INFO - at java.base/java.io.ObjectStreamClass.invokeReadObject(ObjectStreamClass.java:1100)
[2025-03-30T16:47:26.792+0000] {spark_submit.py:645} INFO - at java.base/java.io.ObjectInputStream.readSerialData(ObjectInputStream.java:2423)
[2025-03-30T16:47:26.793+0000] {spark_submit.py:645} INFO - at java.base/java.io.ObjectInputStream.readOrdinaryObject(ObjectInputStream.java:2257)
[2025-03-30T16:47:26.793+0000] {spark_submit.py:645} INFO - at java.base/java.io.ObjectInputStream.readObject0(ObjectInputStream.java:1733)
[2025-03-30T16:47:26.794+0000] {spark_submit.py:645} INFO - at java.base/java.io.ObjectInputStream$FieldValues.<init>(ObjectInputStream.java:2606)
[2025-03-30T16:47:26.794+0000] {spark_submit.py:645} INFO - at java.base/java.io.ObjectInputStream.readSerialData(ObjectInputStream.java:2457)
[2025-03-30T16:47:26.794+0000] {spark_submit.py:645} INFO - at java.base/java.io.ObjectInputStream.readOrdinaryObject(ObjectInputStream.java:2257)
[2025-03-30T16:47:26.795+0000] {spark_submit.py:645} INFO - at java.base/java.io.ObjectInputStream.readObject0(ObjectInputStream.java:1733)
[2025-03-30T16:47:26.795+0000] {spark_submit.py:645} INFO - at java.base/java.io.ObjectInputStream$FieldValues.<init>(ObjectInputStream.java:2606)
[2025-03-30T16:47:26.795+0000] {spark_submit.py:645} INFO - at java.base/java.io.ObjectInputStream.readSerialData(ObjectInputStream.java:2457)
[2025-03-30T16:47:26.795+0000] {spark_submit.py:645} INFO - at java.base/java.io.ObjectInputStream.readOrdinaryObject(ObjectInputStream.java:2257)
[2025-03-30T16:47:26.796+0000] {spark_submit.py:645} INFO - at java.base/java.io.ObjectInputStream.readObject0(ObjectInputStream.java:1733)
[2025-03-30T16:47:26.796+0000] {spark_submit.py:645} INFO - at java.base/java.io.ObjectInputStream.readObject(ObjectInputStream.java:509)
[2025-03-30T16:47:26.796+0000] {spark_submit.py:645} INFO - at java.base/java.io.ObjectInputStream.readObject(ObjectInputStream.java:467)
[2025-03-30T16:47:26.797+0000] {spark_submit.py:645} INFO - at scala.collection.immutable.List$SerializationProxy.readObject(List.scala:527)
[2025-03-30T16:47:26.797+0000] {spark_submit.py:645} INFO - at jdk.internal.reflect.GeneratedMethodAccessor6.invoke(Unknown Source)
[2025-03-30T16:47:26.797+0000] {spark_submit.py:645} INFO - at java.base/jdk.internal.reflect.DelegatingMethodAccessorImpl.invoke(DelegatingMethodAccessorImpl.java:43)
[2025-03-30T16:47:26.797+0000] {spark_submit.py:645} INFO - at java.base/java.lang.reflect.Method.invoke(Method.java:569)
[2025-03-30T16:47:26.798+0000] {spark_submit.py:645} INFO - at java.base/java.io.ObjectStreamClass.invokeReadObject(ObjectStreamClass.java:1100)
[2025-03-30T16:47:26.798+0000] {spark_submit.py:645} INFO - at java.base/java.io.ObjectInputStream.readSerialData(ObjectInputStream.java:2423)
[2025-03-30T16:47:26.798+0000] {spark_submit.py:645} INFO - at java.base/java.io.ObjectInputStream.readOrdinaryObject(ObjectInputStream.java:2257)
[2025-03-30T16:47:26.798+0000] {spark_submit.py:645} INFO - at java.base/java.io.ObjectInputStream.readObject0(ObjectInputStream.java:1733)
[2025-03-30T16:47:26.799+0000] {spark_submit.py:645} INFO - at java.base/java.io.ObjectInputStream$FieldValues.<init>(ObjectInputStream.java:2606)
[2025-03-30T16:47:26.799+0000] {spark_submit.py:645} INFO - at java.base/java.io.ObjectInputStream.readSerialData(ObjectInputStream.java:2457)
[2025-03-30T16:47:26.799+0000] {spark_submit.py:645} INFO - at java.base/java.io.ObjectInputStream.readOrdinaryObject(ObjectInputStream.java:2257)
[2025-03-30T16:47:26.808+0000] {spark_submit.py:645} INFO - at java.base/java.io.ObjectInputStream.readObject0(ObjectInputStream.java:1733)
[2025-03-30T16:47:26.809+0000] {spark_submit.py:645} INFO - at java.base/java.io.ObjectInputStream$FieldValues.<init>(ObjectInputStream.java:2606)
[2025-03-30T16:47:26.809+0000] {spark_submit.py:645} INFO - at java.base/java.io.ObjectInputStream.readSerialData(ObjectInputStream.java:2457)
[2025-03-30T16:47:26.809+0000] {spark_submit.py:645} INFO - at java.base/java.io.ObjectInputStream.readOrdinaryObject(ObjectInputStream.java:2257)
[2025-03-30T16:47:26.810+0000] {spark_submit.py:645} INFO - at java.base/java.io.ObjectInputStream.readObject0(ObjectInputStream.java:1733)
[2025-03-30T16:47:26.810+0000] {spark_submit.py:645} INFO - at java.base/java.io.ObjectInputStream.readObject(ObjectInputStream.java:509)
[2025-03-30T16:47:26.810+0000] {spark_submit.py:645} INFO - at java.base/java.io.ObjectInputStream.readObject(ObjectInputStream.java:467)
[2025-03-30T16:47:26.810+0000] {spark_submit.py:645} INFO - at org.apache.spark.serializer.JavaDeserializationStream.readObject(JavaSerializer.scala:87)
[2025-03-30T16:47:26.811+0000] {spark_submit.py:645} INFO - at org.apache.spark.serializer.JavaSerializerInstance.deserialize(JavaSerializer.scala:129)
[2025-03-30T16:47:26.811+0000] {spark_submit.py:645} INFO - at org.apache.spark.scheduler.ResultTask.runTask(ResultTask.scala:86)
[2025-03-30T16:47:26.811+0000] {spark_submit.py:645} INFO - at org.apache.spark.TaskContext.runTaskWithListeners(TaskContext.scala:166)
[2025-03-30T16:47:26.811+0000] {spark_submit.py:645} INFO - at org.apache.spark.scheduler.Task.run(Task.scala:141)
[2025-03-30T16:47:26.812+0000] {spark_submit.py:645} INFO - at org.apache.spark.executor.Executor$TaskRunner.$anonfun$run$4(Executor.scala:620)
[2025-03-30T16:47:26.812+0000] {spark_submit.py:645} INFO - at org.apache.spark.util.SparkErrorUtils.tryWithSafeFinally(SparkErrorUtils.scala:64)
[2025-03-30T16:47:26.812+0000] {spark_submit.py:645} INFO - at org.apache.spark.util.SparkErrorUtils.tryWithSafeFinally$(SparkErrorUtils.scala:61)
[2025-03-30T16:47:26.813+0000] {spark_submit.py:645} INFO - at org.apache.spark.util.Utils$.tryWithSafeFinally(Utils.scala:94)
[2025-03-30T16:47:26.813+0000] {spark_submit.py:645} INFO - at org.apache.spark.executor.Executor$TaskRunner.run(Executor.scala:623)
[2025-03-30T16:47:26.813+0000] {spark_submit.py:645} INFO - at java.base/java.util.concurrent.ThreadPoolExecutor.runWorker(ThreadPoolExecutor.java:1136)
[2025-03-30T16:47:26.813+0000] {spark_submit.py:645} INFO - at java.base/java.util.concurrent.ThreadPoolExecutor$Worker.run(ThreadPoolExecutor.java:635)
[2025-03-30T16:47:26.814+0000] {spark_submit.py:645} INFO - at java.base/java.lang.Thread.run(Thread.java:840)
[2025-03-30T16:47:26.814+0000] {spark_submit.py:645} INFO - 
[2025-03-30T16:47:26.814+0000] {spark_submit.py:645} INFO - 25/03/30 16:47:26 INFO TaskSetManager: Starting task 0.1 in stage 3.0 (TID 3) (172.18.0.6, executor 2, partition 0, NODE_LOCAL, 9289 bytes)
[2025-03-30T16:47:28.514+0000] {local_task_job_runner.py:310} WARNING - State of this instance has been externally set to success. Terminating instance.
[2025-03-30T16:47:28.542+0000] {local_task_job_runner.py:222} INFO - ::endgroup::
[2025-03-30T16:47:29.100+0000] {process_utils.py:132} INFO - Sending 15 to group 1845. PIDs of all processes in the group: [1846, 1900, 1845]
[2025-03-30T16:47:29.100+0000] {process_utils.py:87} INFO - Sending the signal 15 to group 1845
[2025-03-30T16:47:29.101+0000] {taskinstance.py:2611} ERROR - Received SIGTERM. Terminating subprocesses.
[2025-03-30T16:47:29.102+0000] {taskinstance.py:441} INFO - ::group::Post task execution logs
[2025-03-30T16:47:29.463+0000] {process_utils.py:80} INFO - Process psutil.Process(pid=1900, status='terminated', started='16:43:16') (1900) terminated with exit code None
[2025-03-30T16:47:29.702+0000] {process_utils.py:80} INFO - Process psutil.Process(pid=1845, status='terminated', exitcode=0, started='16:43:13') (1845) terminated with exit code 0
[2025-03-30T16:47:31.033+0000] {process_utils.py:80} INFO - Process psutil.Process(pid=1846, status='terminated', started='16:43:14') (1846) terminated with exit code None
