[2025-03-26T19:18:12.819+0000] {local_task_job_runner.py:120} INFO - ::group::Pre task execution logs
[2025-03-26T19:18:12.857+0000] {taskinstance.py:2076} INFO - Dependencies all met for dep_context=non-requeueable deps ti=<TaskInstance: etl_pipeline.transformation manual__2025-03-26T13:33:39.761724+00:00 [queued]>
[2025-03-26T19:18:12.870+0000] {taskinstance.py:2076} INFO - Dependencies all met for dep_context=requeueable deps ti=<TaskInstance: etl_pipeline.transformation manual__2025-03-26T13:33:39.761724+00:00 [queued]>
[2025-03-26T19:18:12.954+0000] {taskinstance.py:2306} INFO - Starting attempt 24 of 25
[2025-03-26T19:18:12.994+0000] {taskinstance.py:2330} INFO - Executing <Task(PythonOperator): transformation> on 2025-03-26 13:33:39.761724+00:00
[2025-03-26T19:18:13.002+0000] {standard_task_runner.py:63} INFO - Started process 1276 to run task
[2025-03-26T19:18:13.010+0000] {standard_task_runner.py:90} INFO - Running: ['***', 'tasks', 'run', 'etl_pipeline', 'transformation', 'manual__2025-03-26T13:33:39.761724+00:00', '--job-id', '29', '--raw', '--subdir', 'DAGS_FOLDER/etl_pipeline.py', '--cfg-path', '/tmp/tmpeqhba3a9']
[2025-03-26T19:18:13.021+0000] {standard_task_runner.py:91} INFO - Job 29: Subtask transformation
[2025-03-26T19:18:13.104+0000] {task_command.py:426} INFO - Running <TaskInstance: etl_pipeline.transformation manual__2025-03-26T13:33:39.761724+00:00 [running]> on host 53e3672f02f0
[2025-03-26T19:18:13.251+0000] {taskinstance.py:2648} INFO - Exporting env vars: AIRFLOW_CTX_DAG_OWNER='lobobranco' AIRFLOW_CTX_DAG_ID='etl_pipeline' AIRFLOW_CTX_TASK_ID='transformation' AIRFLOW_CTX_EXECUTION_DATE='2025-03-26T13:33:39.761724+00:00' AIRFLOW_CTX_TRY_NUMBER='24' AIRFLOW_CTX_DAG_RUN_ID='manual__2025-03-26T13:33:39.761724+00:00'
[2025-03-26T19:18:13.253+0000] {taskinstance.py:430} INFO - ::endgroup::
[2025-03-26T19:18:13.288+0000] {etl_pipeline.py:76} INFO - Transforming data from file: s3://raw/playlist_20250326_133348.json
[2025-03-26T19:18:13.289+0000] {logging_mixin.py:188} INFO - File Path: s3://raw/playlist_20250326_133348.json
[2025-03-26T19:18:13.292+0000] {logging_mixin.py:188} INFO - Processed Bucket: processed
[2025-03-26T19:18:13.294+0000] {baseoperator.py:400} WARNING - SparkSubmitOperator.execute cannot be called outside TaskInstance!
[2025-03-26T19:18:13.310+0000] {base.py:84} INFO - Using connection ID 'spark_default' for task execution.
[2025-03-26T19:18:13.311+0000] {spark_submit.py:328} ERROR - Failed to decode base64 keytab: Incorrect padding
[2025-03-26T19:18:13.312+0000] {spark_submit.py:305} INFO - Could not load connection string spark_default, defaulting to spark://spark-master:7077
[2025-03-26T19:18:13.313+0000] {spark_submit.py:474} INFO - Spark-Submit cmd: spark-submit --master spark://spark-master:7077 --conf spark.jars=/opt/spark_job/jars/aws-java-sdk-bundle-1.12.262.jar,/opt/spark_job/jars/hadoop-aws-3.3.4.jar --conf spark.hadoop.fs.s3a.endpoint=http://minio:9000 --conf spark.hadoop.fs.s3a.access.key=admin --conf spark.hadoop.fs.s3a.secret.key=****** --conf spark.hadoop.fs.s3a.impl=org.apache.hadoop.fs.s3a.S3AFileSystem --conf spark.hadoop.fs.s3a.path.style.access=true --principal *** --name arrow-spark --verbose --deploy-mode client /opt/spark_job/data_transformation.py s3://raw/playlist_20250326_133348.json processed
[2025-03-26T19:18:13.407+0000] {spark_submit.py:645} INFO - /home/***/.local/lib/python3.11/site-packages/pyspark/bin/load-spark-env.sh: line 68: ps: command not found
[2025-03-26T19:18:14.756+0000] {spark_submit.py:645} INFO - Using properties file: null
[2025-03-26T19:18:14.867+0000] {spark_submit.py:645} INFO - Parsed arguments:
[2025-03-26T19:18:14.867+0000] {spark_submit.py:645} INFO - master                  spark://spark-master:7077
[2025-03-26T19:18:14.868+0000] {spark_submit.py:645} INFO - remote                  null
[2025-03-26T19:18:14.868+0000] {spark_submit.py:645} INFO - deployMode              client
[2025-03-26T19:18:14.869+0000] {spark_submit.py:645} INFO - executorMemory          null
[2025-03-26T19:18:14.870+0000] {spark_submit.py:645} INFO - executorCores           null
[2025-03-26T19:18:14.870+0000] {spark_submit.py:645} INFO - totalExecutorCores      null
[2025-03-26T19:18:14.871+0000] {spark_submit.py:645} INFO - propertiesFile          null
[2025-03-26T19:18:14.871+0000] {spark_submit.py:645} INFO - driverMemory            null
[2025-03-26T19:18:14.872+0000] {spark_submit.py:645} INFO - driverCores             null
[2025-03-26T19:18:14.872+0000] {spark_submit.py:645} INFO - driverExtraClassPath    null
[2025-03-26T19:18:14.872+0000] {spark_submit.py:645} INFO - driverExtraLibraryPath  null
[2025-03-26T19:18:14.873+0000] {spark_submit.py:645} INFO - driverExtraJavaOptions  null
[2025-03-26T19:18:14.873+0000] {spark_submit.py:645} INFO - supervise               false
[2025-03-26T19:18:14.873+0000] {spark_submit.py:645} INFO - queue                   null
[2025-03-26T19:18:14.873+0000] {spark_submit.py:645} INFO - numExecutors            null
[2025-03-26T19:18:14.874+0000] {spark_submit.py:645} INFO - files                   null
[2025-03-26T19:18:14.874+0000] {spark_submit.py:645} INFO - pyFiles                 null
[2025-03-26T19:18:14.874+0000] {spark_submit.py:645} INFO - archives                null
[2025-03-26T19:18:14.875+0000] {spark_submit.py:645} INFO - mainClass               null
[2025-03-26T19:18:14.875+0000] {spark_submit.py:645} INFO - primaryResource         file:/opt/spark_job/data_transformation.py
[2025-03-26T19:18:14.875+0000] {spark_submit.py:645} INFO - name                    arrow-spark
[2025-03-26T19:18:14.876+0000] {spark_submit.py:645} INFO - childArgs               [s3://raw/playlist_20250326_133348.json processed]
[2025-03-26T19:18:14.876+0000] {spark_submit.py:645} INFO - jars                    /opt/spark_job/jars/aws-java-sdk-bundle-1.12.262.jar,/opt/spark_job/jars/hadoop-aws-3.3.4.jar
[2025-03-26T19:18:14.877+0000] {spark_submit.py:645} INFO - packages                null
[2025-03-26T19:18:14.877+0000] {spark_submit.py:645} INFO - packagesExclusions      null
[2025-03-26T19:18:14.877+0000] {spark_submit.py:645} INFO - repositories            null
[2025-03-26T19:18:14.878+0000] {spark_submit.py:645} INFO - verbose                 true
[2025-03-26T19:18:14.878+0000] {spark_submit.py:645} INFO - 
[2025-03-26T19:18:14.878+0000] {spark_submit.py:645} INFO - Spark properties used, including those specified through
[2025-03-26T19:18:14.879+0000] {spark_submit.py:645} INFO - --conf and those from the properties file null:
[2025-03-26T19:18:14.879+0000] {spark_submit.py:645} INFO - (spark.hadoop.fs.s3a.access.key,*********(redacted))
[2025-03-26T19:18:14.880+0000] {spark_submit.py:645} INFO - (spark.hadoop.fs.s3a.endpoint,http://minio:9000)
[2025-03-26T19:18:14.880+0000] {spark_submit.py:645} INFO - (spark.hadoop.fs.s3a.impl,org.apache.hadoop.fs.s3a.S3AFileSystem)
[2025-03-26T19:18:14.881+0000] {spark_submit.py:645} INFO - (spark.hadoop.fs.s3a.path.style.access,true)
[2025-03-26T19:18:14.881+0000] {spark_submit.py:645} INFO - (spark.hadoop.fs.s3a.secret.key,*********(redacted))
[2025-03-26T19:18:14.881+0000] {spark_submit.py:645} INFO - (spark.jars,/opt/spark_job/jars/aws-java-sdk-bundle-1.12.262.jar,/opt/spark_job/jars/hadoop-aws-3.3.4.jar)
[2025-03-26T19:18:14.882+0000] {spark_submit.py:645} INFO - 
[2025-03-26T19:18:14.882+0000] {spark_submit.py:645} INFO - 
[2025-03-26T19:18:15.191+0000] {spark_submit.py:645} INFO - 25/03/26 19:18:15 WARN NativeCodeLoader: Unable to load native-hadoop library for your platform... using builtin-java classes where applicable
[2025-03-26T19:18:15.386+0000] {spark_submit.py:645} INFO - Main class:
[2025-03-26T19:18:15.386+0000] {spark_submit.py:645} INFO - org.apache.spark.deploy.PythonRunner
[2025-03-26T19:18:15.387+0000] {spark_submit.py:645} INFO - Arguments:
[2025-03-26T19:18:15.387+0000] {spark_submit.py:645} INFO - file:/opt/spark_job/data_transformation.py
[2025-03-26T19:18:15.388+0000] {spark_submit.py:645} INFO - null
[2025-03-26T19:18:15.388+0000] {spark_submit.py:645} INFO - s3://raw/playlist_20250326_133348.json
[2025-03-26T19:18:15.388+0000] {spark_submit.py:645} INFO - processed
[2025-03-26T19:18:15.389+0000] {spark_submit.py:645} INFO - Spark config:
[2025-03-26T19:18:15.389+0000] {spark_submit.py:645} INFO - (spark.app.name,arrow-spark)
[2025-03-26T19:18:15.389+0000] {spark_submit.py:645} INFO - (spark.app.submitTime,1743016695368)
[2025-03-26T19:18:15.390+0000] {spark_submit.py:645} INFO - (spark.hadoop.fs.s3a.access.key,*********(redacted))
[2025-03-26T19:18:15.390+0000] {spark_submit.py:645} INFO - (spark.hadoop.fs.s3a.endpoint,http://minio:9000)
[2025-03-26T19:18:15.390+0000] {spark_submit.py:645} INFO - (spark.hadoop.fs.s3a.impl,org.apache.hadoop.fs.s3a.S3AFileSystem)
[2025-03-26T19:18:15.391+0000] {spark_submit.py:645} INFO - (spark.hadoop.fs.s3a.path.style.access,true)
[2025-03-26T19:18:15.391+0000] {spark_submit.py:645} INFO - (spark.hadoop.fs.s3a.secret.key,*********(redacted))
[2025-03-26T19:18:15.391+0000] {spark_submit.py:645} INFO - (spark.jars,file:///opt/spark_job/jars/aws-java-sdk-bundle-1.12.262.jar,file:///opt/spark_job/jars/hadoop-aws-3.3.4.jar)
[2025-03-26T19:18:15.392+0000] {spark_submit.py:645} INFO - (spark.kerberos.principal,***)
[2025-03-26T19:18:15.392+0000] {spark_submit.py:645} INFO - (spark.master,spark://spark-master:7077)
[2025-03-26T19:18:15.393+0000] {spark_submit.py:645} INFO - (spark.repl.local.jars,file:///opt/spark_job/jars/aws-java-sdk-bundle-1.12.262.jar,file:///opt/spark_job/jars/hadoop-aws-3.3.4.jar)
[2025-03-26T19:18:15.393+0000] {spark_submit.py:645} INFO - (spark.submit.deployMode,client)
[2025-03-26T19:18:15.393+0000] {spark_submit.py:645} INFO - (spark.submit.pyFiles,)
[2025-03-26T19:18:15.394+0000] {spark_submit.py:645} INFO - Classpath elements:
[2025-03-26T19:18:15.394+0000] {spark_submit.py:645} INFO - file:///opt/spark_job/jars/aws-java-sdk-bundle-1.12.262.jar
[2025-03-26T19:18:15.394+0000] {spark_submit.py:645} INFO - file:///opt/spark_job/jars/hadoop-aws-3.3.4.jar
[2025-03-26T19:18:15.395+0000] {spark_submit.py:645} INFO - 
[2025-03-26T19:18:15.395+0000] {spark_submit.py:645} INFO - 
[2025-03-26T19:18:16.477+0000] {spark_submit.py:645} INFO - 2025-03-26 19:18:16,477 - INFO - Iniciando a configuração da Spark Session
[2025-03-26T19:18:16.956+0000] {spark_submit.py:645} INFO - 25/03/26 19:18:16 INFO SparkContext: Running Spark version 3.5.5
[2025-03-26T19:18:16.957+0000] {spark_submit.py:645} INFO - 25/03/26 19:18:16 INFO SparkContext: OS info Linux, 5.15.153.1-microsoft-standard-WSL2, amd64
[2025-03-26T19:18:16.958+0000] {spark_submit.py:645} INFO - 25/03/26 19:18:16 INFO SparkContext: Java version 17.0.14
[2025-03-26T19:18:16.986+0000] {spark_submit.py:645} INFO - 25/03/26 19:18:16 INFO ResourceUtils: ==============================================================
[2025-03-26T19:18:16.987+0000] {spark_submit.py:645} INFO - 25/03/26 19:18:16 INFO ResourceUtils: No custom resources configured for spark.driver.
[2025-03-26T19:18:16.987+0000] {spark_submit.py:645} INFO - 25/03/26 19:18:16 INFO ResourceUtils: ==============================================================
[2025-03-26T19:18:16.988+0000] {spark_submit.py:645} INFO - 25/03/26 19:18:16 INFO SparkContext: Submitted application: Minio Integration with PySpark
[2025-03-26T19:18:17.009+0000] {spark_submit.py:645} INFO - 25/03/26 19:18:17 INFO ResourceProfile: Default ResourceProfile created, executor resources: Map(memory -> name: memory, amount: 1024, script: , vendor: , offHeap -> name: offHeap, amount: 0, script: , vendor: ), task resources: Map(cpus -> name: cpus, amount: 1.0)
[2025-03-26T19:18:17.019+0000] {spark_submit.py:645} INFO - 25/03/26 19:18:17 INFO ResourceProfile: Limiting resource is cpu
[2025-03-26T19:18:17.020+0000] {spark_submit.py:645} INFO - 25/03/26 19:18:17 INFO ResourceProfileManager: Added ResourceProfile id: 0
[2025-03-26T19:18:17.069+0000] {spark_submit.py:645} INFO - 25/03/26 19:18:17 INFO SecurityManager: Changing view acls to: ***
[2025-03-26T19:18:17.070+0000] {spark_submit.py:645} INFO - 25/03/26 19:18:17 INFO SecurityManager: Changing modify acls to: ***
[2025-03-26T19:18:17.071+0000] {spark_submit.py:645} INFO - 25/03/26 19:18:17 INFO SecurityManager: Changing view acls groups to:
[2025-03-26T19:18:17.072+0000] {spark_submit.py:645} INFO - 25/03/26 19:18:17 INFO SecurityManager: Changing modify acls groups to:
[2025-03-26T19:18:17.073+0000] {spark_submit.py:645} INFO - 25/03/26 19:18:17 INFO SecurityManager: SecurityManager: authentication disabled; ui acls disabled; users with view permissions: ***; groups with view permissions: EMPTY; users with modify permissions: ***; groups with modify permissions: EMPTY
[2025-03-26T19:18:17.324+0000] {spark_submit.py:645} INFO - 25/03/26 19:18:17 INFO Utils: Successfully started service 'sparkDriver' on port 46327.
[2025-03-26T19:18:17.395+0000] {spark_submit.py:645} INFO - 25/03/26 19:18:17 INFO SparkEnv: Registering MapOutputTracker
[2025-03-26T19:18:17.434+0000] {spark_submit.py:645} INFO - 25/03/26 19:18:17 INFO SparkEnv: Registering BlockManagerMaster
[2025-03-26T19:18:17.460+0000] {spark_submit.py:645} INFO - 25/03/26 19:18:17 INFO BlockManagerMasterEndpoint: Using org.apache.spark.storage.DefaultTopologyMapper for getting topology information
[2025-03-26T19:18:17.460+0000] {spark_submit.py:645} INFO - 25/03/26 19:18:17 INFO BlockManagerMasterEndpoint: BlockManagerMasterEndpoint up
[2025-03-26T19:18:17.467+0000] {spark_submit.py:645} INFO - 25/03/26 19:18:17 INFO SparkEnv: Registering BlockManagerMasterHeartbeat
[2025-03-26T19:18:17.500+0000] {spark_submit.py:645} INFO - 25/03/26 19:18:17 INFO DiskBlockManager: Created local directory at /tmp/blockmgr-af865cf4-1c69-4342-8721-3946b3e80eaf
[2025-03-26T19:18:17.510+0000] {spark_submit.py:645} INFO - 25/03/26 19:18:17 INFO MemoryStore: MemoryStore started with capacity 434.4 MiB
[2025-03-26T19:18:17.527+0000] {spark_submit.py:645} INFO - 25/03/26 19:18:17 INFO SparkEnv: Registering OutputCommitCoordinator
[2025-03-26T19:18:17.669+0000] {spark_submit.py:645} INFO - 25/03/26 19:18:17 INFO JettyUtils: Start Jetty 0.0.0.0:4040 for SparkUI
[2025-03-26T19:18:17.780+0000] {spark_submit.py:645} INFO - 25/03/26 19:18:17 INFO Utils: Successfully started service 'SparkUI' on port 4040.
[2025-03-26T19:18:17.825+0000] {spark_submit.py:645} INFO - 25/03/26 19:18:17 INFO SparkContext: Added JAR file:///opt/spark_job/jars/aws-java-sdk-bundle-1.12.262.jar at spark://53e3672f02f0:46327/jars/aws-java-sdk-bundle-1.12.262.jar with timestamp 1743016696948
[2025-03-26T19:18:17.826+0000] {spark_submit.py:645} INFO - 25/03/26 19:18:17 INFO SparkContext: Added JAR file:///opt/spark_job/jars/hadoop-aws-3.3.4.jar at spark://53e3672f02f0:46327/jars/hadoop-aws-3.3.4.jar with timestamp 1743016696948
[2025-03-26T19:18:17.969+0000] {spark_submit.py:645} INFO - 25/03/26 19:18:17 INFO StandaloneAppClient$ClientEndpoint: Connecting to master spark://spark-master:7077...
[2025-03-26T19:18:18.015+0000] {spark_submit.py:645} INFO - 25/03/26 19:18:18 INFO TransportClientFactory: Successfully created connection to spark-master/172.18.0.7:7077 after 25 ms (0 ms spent in bootstraps)
[2025-03-26T19:18:18.107+0000] {spark_submit.py:645} INFO - 25/03/26 19:18:18 INFO StandaloneSchedulerBackend: Connected to Spark cluster with app ID app-20250326191818-0002
[2025-03-26T19:18:18.114+0000] {spark_submit.py:645} INFO - 25/03/26 19:18:18 INFO Utils: Successfully started service 'org.apache.spark.network.netty.NettyBlockTransferService' on port 45005.
[2025-03-26T19:18:18.115+0000] {spark_submit.py:645} INFO - 25/03/26 19:18:18 INFO NettyBlockTransferService: Server created on 53e3672f02f0:45005
[2025-03-26T19:18:18.117+0000] {spark_submit.py:645} INFO - 25/03/26 19:18:18 INFO BlockManager: Using org.apache.spark.storage.RandomBlockReplicationPolicy for block replication policy
[2025-03-26T19:18:18.123+0000] {spark_submit.py:645} INFO - 25/03/26 19:18:18 INFO BlockManagerMaster: Registering BlockManager BlockManagerId(driver, 53e3672f02f0, 45005, None)
[2025-03-26T19:18:18.126+0000] {spark_submit.py:645} INFO - 25/03/26 19:18:18 INFO BlockManagerMasterEndpoint: Registering block manager 53e3672f02f0:45005 with 434.4 MiB RAM, BlockManagerId(driver, 53e3672f02f0, 45005, None)
[2025-03-26T19:18:18.129+0000] {spark_submit.py:645} INFO - 25/03/26 19:18:18 INFO BlockManagerMaster: Registered BlockManager BlockManagerId(driver, 53e3672f02f0, 45005, None)
[2025-03-26T19:18:18.130+0000] {spark_submit.py:645} INFO - 25/03/26 19:18:18 INFO BlockManager: Initialized BlockManager: BlockManagerId(driver, 53e3672f02f0, 45005, None)
[2025-03-26T19:18:18.310+0000] {spark_submit.py:645} INFO - 25/03/26 19:18:18 INFO StandaloneSchedulerBackend: SchedulerBackend is ready for scheduling beginning after reached minRegisteredResourcesRatio: 0.0
[2025-03-26T19:18:18.477+0000] {spark_submit.py:645} INFO - 2025-03-26 19:18:18,476 - INFO - Spark Session criada com sucesso
[2025-03-26T19:18:18.483+0000] {spark_submit.py:645} INFO - 25/03/26 19:18:18 INFO SharedState: Setting hive.metastore.warehouse.dir ('null') to the value of spark.sql.warehouse.dir.
[2025-03-26T19:18:18.485+0000] {spark_submit.py:645} INFO - 25/03/26 19:18:18 INFO SharedState: Warehouse path is 'file:/opt/spark-warehouse'.
[2025-03-26T19:18:19.403+0000] {spark_submit.py:645} INFO - 25/03/26 19:18:19 WARN MetricsConfig: Cannot locate configuration: tried hadoop-metrics2-s3a-file-system.properties,hadoop-metrics2.properties
[2025-03-26T19:18:19.414+0000] {spark_submit.py:645} INFO - 25/03/26 19:18:19 INFO MetricsSystemImpl: Scheduled Metric snapshot period at 10 second(s).
[2025-03-26T19:18:19.415+0000] {spark_submit.py:645} INFO - 25/03/26 19:18:19 INFO MetricsSystemImpl: s3a-file-system metrics system started
[2025-03-26T19:18:21.078+0000] {spark_submit.py:645} INFO - 25/03/26 19:18:21 INFO InMemoryFileIndex: It took 72 ms to list leaf files for 1 paths.
[2025-03-26T19:18:21.244+0000] {spark_submit.py:645} INFO - 25/03/26 19:18:21 INFO MemoryStore: Block broadcast_0 stored as values in memory (estimated size 208.9 KiB, free 434.2 MiB)
[2025-03-26T19:18:21.299+0000] {spark_submit.py:645} INFO - 25/03/26 19:18:21 INFO MemoryStore: Block broadcast_0_piece0 stored as bytes in memory (estimated size 35.4 KiB, free 434.2 MiB)
[2025-03-26T19:18:21.302+0000] {spark_submit.py:645} INFO - 25/03/26 19:18:21 INFO BlockManagerInfo: Added broadcast_0_piece0 in memory on 53e3672f02f0:45005 (size: 35.4 KiB, free: 434.4 MiB)
[2025-03-26T19:18:21.307+0000] {spark_submit.py:645} INFO - 25/03/26 19:18:21 INFO SparkContext: Created broadcast 0 from json at NativeMethodAccessorImpl.java:0
[2025-03-26T19:18:21.652+0000] {spark_submit.py:645} INFO - 25/03/26 19:18:21 INFO FileInputFormat: Total input files to process : 1
[2025-03-26T19:18:21.662+0000] {spark_submit.py:645} INFO - 25/03/26 19:18:21 INFO FileInputFormat: Total input files to process : 1
[2025-03-26T19:18:21.677+0000] {spark_submit.py:645} INFO - 25/03/26 19:18:21 INFO SparkContext: Starting job: json at NativeMethodAccessorImpl.java:0
[2025-03-26T19:18:21.692+0000] {spark_submit.py:645} INFO - 25/03/26 19:18:21 INFO DAGScheduler: Got job 0 (json at NativeMethodAccessorImpl.java:0) with 1 output partitions
[2025-03-26T19:18:21.693+0000] {spark_submit.py:645} INFO - 25/03/26 19:18:21 INFO DAGScheduler: Final stage: ResultStage 0 (json at NativeMethodAccessorImpl.java:0)
[2025-03-26T19:18:21.693+0000] {spark_submit.py:645} INFO - 25/03/26 19:18:21 INFO DAGScheduler: Parents of final stage: List()
[2025-03-26T19:18:21.694+0000] {spark_submit.py:645} INFO - 25/03/26 19:18:21 INFO DAGScheduler: Missing parents: List()
[2025-03-26T19:18:21.700+0000] {spark_submit.py:645} INFO - 25/03/26 19:18:21 INFO DAGScheduler: Submitting ResultStage 0 (MapPartitionsRDD[2] at json at NativeMethodAccessorImpl.java:0), which has no missing parents
[2025-03-26T19:18:21.749+0000] {spark_submit.py:645} INFO - 25/03/26 19:18:21 INFO MemoryStore: Block broadcast_1 stored as values in memory (estimated size 9.3 KiB, free 434.2 MiB)
[2025-03-26T19:18:21.751+0000] {spark_submit.py:645} INFO - 25/03/26 19:18:21 INFO MemoryStore: Block broadcast_1_piece0 stored as bytes in memory (estimated size 5.0 KiB, free 434.1 MiB)
[2025-03-26T19:18:21.752+0000] {spark_submit.py:645} INFO - 25/03/26 19:18:21 INFO BlockManagerInfo: Added broadcast_1_piece0 in memory on 53e3672f02f0:45005 (size: 5.0 KiB, free: 434.4 MiB)
[2025-03-26T19:18:21.753+0000] {spark_submit.py:645} INFO - 25/03/26 19:18:21 INFO SparkContext: Created broadcast 1 from broadcast at DAGScheduler.scala:1585
[2025-03-26T19:18:21.770+0000] {spark_submit.py:645} INFO - 25/03/26 19:18:21 INFO DAGScheduler: Submitting 1 missing tasks from ResultStage 0 (MapPartitionsRDD[2] at json at NativeMethodAccessorImpl.java:0) (first 15 tasks are for partitions Vector(0))
[2025-03-26T19:18:21.771+0000] {spark_submit.py:645} INFO - 25/03/26 19:18:21 INFO TaskSchedulerImpl: Adding task set 0.0 with 1 tasks resource profile 0
[2025-03-26T19:18:36.784+0000] {spark_submit.py:645} INFO - 25/03/26 19:18:36 WARN TaskSchedulerImpl: Initial job has not accepted any resources; check your cluster UI to ensure that workers are registered and have sufficient resources
[2025-03-26T19:18:51.784+0000] {spark_submit.py:645} INFO - 25/03/26 19:18:51 WARN TaskSchedulerImpl: Initial job has not accepted any resources; check your cluster UI to ensure that workers are registered and have sufficient resources
[2025-03-26T19:19:06.783+0000] {spark_submit.py:645} INFO - 25/03/26 19:19:06 WARN TaskSchedulerImpl: Initial job has not accepted any resources; check your cluster UI to ensure that workers are registered and have sufficient resources
[2025-03-26T19:19:21.793+0000] {spark_submit.py:645} INFO - 25/03/26 19:19:21 WARN TaskSchedulerImpl: Initial job has not accepted any resources; check your cluster UI to ensure that workers are registered and have sufficient resources
[2025-03-26T19:19:29.548+0000] {local_task_job_runner.py:310} WARNING - State of this instance has been externally set to success. Terminating instance.
[2025-03-26T19:19:29.549+0000] {local_task_job_runner.py:222} INFO - ::endgroup::
[2025-03-26T19:19:29.551+0000] {process_utils.py:132} INFO - Sending 15 to group 1276. PIDs of all processes in the group: [1277, 1332, 1276]
[2025-03-26T19:19:29.551+0000] {process_utils.py:87} INFO - Sending the signal 15 to group 1276
[2025-03-26T19:19:29.552+0000] {taskinstance.py:2611} ERROR - Received SIGTERM. Terminating subprocesses.
[2025-03-26T19:19:29.553+0000] {taskinstance.py:441} INFO - ::group::Post task execution logs
[2025-03-26T19:19:29.560+0000] {process_utils.py:80} INFO - Process psutil.Process(pid=1332, status='terminated', started='19:18:14') (1332) terminated with exit code None
[2025-03-26T19:19:29.694+0000] {process_utils.py:80} INFO - Process psutil.Process(pid=1276, status='terminated', exitcode=0, started='19:18:12') (1276) terminated with exit code 0
[2025-03-26T19:19:29.699+0000] {process_utils.py:80} INFO - Process psutil.Process(pid=1277, status='terminated', started='19:18:12') (1277) terminated with exit code None
