[2025-03-26T20:10:18.919+0000] {local_task_job_runner.py:120} INFO - ::group::Pre task execution logs
[2025-03-26T20:10:18.966+0000] {taskinstance.py:2076} INFO - Dependencies all met for dep_context=non-requeueable deps ti=<TaskInstance: etl_pipeline.transformation manual__2025-03-26T13:33:39.761724+00:00 [queued]>
[2025-03-26T20:10:18.978+0000] {taskinstance.py:2076} INFO - Dependencies all met for dep_context=requeueable deps ti=<TaskInstance: etl_pipeline.transformation manual__2025-03-26T13:33:39.761724+00:00 [queued]>
[2025-03-26T20:10:18.979+0000] {taskinstance.py:2306} INFO - Starting attempt 34 of 35
[2025-03-26T20:10:19.062+0000] {taskinstance.py:2330} INFO - Executing <Task(PythonOperator): transformation> on 2025-03-26 13:33:39.761724+00:00
[2025-03-26T20:10:19.069+0000] {standard_task_runner.py:63} INFO - Started process 3494 to run task
[2025-03-26T20:10:19.073+0000] {standard_task_runner.py:90} INFO - Running: ['***', 'tasks', 'run', 'etl_pipeline', 'transformation', 'manual__2025-03-26T13:33:39.761724+00:00', '--job-id', '39', '--raw', '--subdir', 'DAGS_FOLDER/etl_pipeline.py', '--cfg-path', '/tmp/tmpy4aebwcz']
[2025-03-26T20:10:19.075+0000] {standard_task_runner.py:91} INFO - Job 39: Subtask transformation
[2025-03-26T20:10:19.228+0000] {task_command.py:426} INFO - Running <TaskInstance: etl_pipeline.transformation manual__2025-03-26T13:33:39.761724+00:00 [running]> on host 53e3672f02f0
[2025-03-26T20:10:19.446+0000] {taskinstance.py:2648} INFO - Exporting env vars: AIRFLOW_CTX_DAG_OWNER='lobobranco' AIRFLOW_CTX_DAG_ID='etl_pipeline' AIRFLOW_CTX_TASK_ID='transformation' AIRFLOW_CTX_EXECUTION_DATE='2025-03-26T13:33:39.761724+00:00' AIRFLOW_CTX_TRY_NUMBER='34' AIRFLOW_CTX_DAG_RUN_ID='manual__2025-03-26T13:33:39.761724+00:00'
[2025-03-26T20:10:19.447+0000] {taskinstance.py:430} INFO - ::endgroup::
[2025-03-26T20:10:19.477+0000] {etl_pipeline.py:76} INFO - Transforming data from file: s3://raw/playlist_20250326_133348.json
[2025-03-26T20:10:19.478+0000] {logging_mixin.py:188} INFO - File Path: s3://raw/playlist_20250326_133348.json
[2025-03-26T20:10:19.479+0000] {logging_mixin.py:188} INFO - Processed Bucket: processed
[2025-03-26T20:10:19.480+0000] {baseoperator.py:400} WARNING - SparkSubmitOperator.execute cannot be called outside TaskInstance!
[2025-03-26T20:10:19.493+0000] {base.py:84} INFO - Using connection ID 'spark_default' for task execution.
[2025-03-26T20:10:19.494+0000] {spark_submit.py:328} ERROR - Failed to decode base64 keytab: Incorrect padding
[2025-03-26T20:10:19.494+0000] {spark_submit.py:305} INFO - Could not load connection string spark_default, defaulting to spark://spark-master:7077
[2025-03-26T20:10:19.496+0000] {spark_submit.py:474} INFO - Spark-Submit cmd: spark-submit --master spark://spark-master:7077 --conf spark.executor.memory=512m --conf spark.executor.cores=1 --conf spark.jars=/opt/spark_job/jars/aws-java-sdk-bundle-1.12.262.jar,/opt/spark_job/jars/hadoop-aws-3.3.4.jar --conf spark.hadoop.fs.s3a.endpoint=http://minio:9000 --conf spark.hadoop.fs.s3a.access.key=admin --conf spark.hadoop.fs.s3a.secret.key=****** --conf spark.hadoop.fs.s3a.impl=org.apache.hadoop.fs.s3a.S3AFileSystem --conf spark.hadoop.fs.s3a.path.style.access=true --principal *** --name arrow-spark --verbose --deploy-mode client /opt/spark_job/data_transformation.py s3://raw/playlist_20250326_133348.json processed
[2025-03-26T20:10:19.588+0000] {spark_submit.py:645} INFO - /home/***/.local/lib/python3.11/site-packages/pyspark/bin/load-spark-env.sh: line 68: ps: command not found
[2025-03-26T20:10:21.038+0000] {spark_submit.py:645} INFO - Using properties file: null
[2025-03-26T20:10:21.169+0000] {spark_submit.py:645} INFO - Parsed arguments:
[2025-03-26T20:10:21.170+0000] {spark_submit.py:645} INFO - master                  spark://spark-master:7077
[2025-03-26T20:10:21.170+0000] {spark_submit.py:645} INFO - remote                  null
[2025-03-26T20:10:21.171+0000] {spark_submit.py:645} INFO - deployMode              client
[2025-03-26T20:10:21.171+0000] {spark_submit.py:645} INFO - executorMemory          512m
[2025-03-26T20:10:21.172+0000] {spark_submit.py:645} INFO - executorCores           1
[2025-03-26T20:10:21.172+0000] {spark_submit.py:645} INFO - totalExecutorCores      null
[2025-03-26T20:10:21.173+0000] {spark_submit.py:645} INFO - propertiesFile          null
[2025-03-26T20:10:21.173+0000] {spark_submit.py:645} INFO - driverMemory            null
[2025-03-26T20:10:21.173+0000] {spark_submit.py:645} INFO - driverCores             null
[2025-03-26T20:10:21.174+0000] {spark_submit.py:645} INFO - driverExtraClassPath    null
[2025-03-26T20:10:21.175+0000] {spark_submit.py:645} INFO - driverExtraLibraryPath  null
[2025-03-26T20:10:21.176+0000] {spark_submit.py:645} INFO - driverExtraJavaOptions  null
[2025-03-26T20:10:21.176+0000] {spark_submit.py:645} INFO - supervise               false
[2025-03-26T20:10:21.177+0000] {spark_submit.py:645} INFO - queue                   null
[2025-03-26T20:10:21.178+0000] {spark_submit.py:645} INFO - numExecutors            null
[2025-03-26T20:10:21.178+0000] {spark_submit.py:645} INFO - files                   null
[2025-03-26T20:10:21.178+0000] {spark_submit.py:645} INFO - pyFiles                 null
[2025-03-26T20:10:21.179+0000] {spark_submit.py:645} INFO - archives                null
[2025-03-26T20:10:21.179+0000] {spark_submit.py:645} INFO - mainClass               null
[2025-03-26T20:10:21.179+0000] {spark_submit.py:645} INFO - primaryResource         file:/opt/spark_job/data_transformation.py
[2025-03-26T20:10:21.180+0000] {spark_submit.py:645} INFO - name                    arrow-spark
[2025-03-26T20:10:21.180+0000] {spark_submit.py:645} INFO - childArgs               [s3://raw/playlist_20250326_133348.json processed]
[2025-03-26T20:10:21.181+0000] {spark_submit.py:645} INFO - jars                    /opt/spark_job/jars/aws-java-sdk-bundle-1.12.262.jar,/opt/spark_job/jars/hadoop-aws-3.3.4.jar
[2025-03-26T20:10:21.181+0000] {spark_submit.py:645} INFO - packages                null
[2025-03-26T20:10:21.181+0000] {spark_submit.py:645} INFO - packagesExclusions      null
[2025-03-26T20:10:21.182+0000] {spark_submit.py:645} INFO - repositories            null
[2025-03-26T20:10:21.182+0000] {spark_submit.py:645} INFO - verbose                 true
[2025-03-26T20:10:21.183+0000] {spark_submit.py:645} INFO - 
[2025-03-26T20:10:21.183+0000] {spark_submit.py:645} INFO - Spark properties used, including those specified through
[2025-03-26T20:10:21.184+0000] {spark_submit.py:645} INFO - --conf and those from the properties file null:
[2025-03-26T20:10:21.184+0000] {spark_submit.py:645} INFO - (spark.executor.cores,1)
[2025-03-26T20:10:21.184+0000] {spark_submit.py:645} INFO - (spark.executor.memory,512m)
[2025-03-26T20:10:21.185+0000] {spark_submit.py:645} INFO - (spark.hadoop.fs.s3a.access.key,*********(redacted))
[2025-03-26T20:10:21.185+0000] {spark_submit.py:645} INFO - (spark.hadoop.fs.s3a.endpoint,http://minio:9000)
[2025-03-26T20:10:21.186+0000] {spark_submit.py:645} INFO - (spark.hadoop.fs.s3a.impl,org.apache.hadoop.fs.s3a.S3AFileSystem)
[2025-03-26T20:10:21.186+0000] {spark_submit.py:645} INFO - (spark.hadoop.fs.s3a.path.style.access,true)
[2025-03-26T20:10:21.187+0000] {spark_submit.py:645} INFO - (spark.hadoop.fs.s3a.secret.key,*********(redacted))
[2025-03-26T20:10:21.187+0000] {spark_submit.py:645} INFO - (spark.jars,/opt/spark_job/jars/aws-java-sdk-bundle-1.12.262.jar,/opt/spark_job/jars/hadoop-aws-3.3.4.jar)
[2025-03-26T20:10:21.188+0000] {spark_submit.py:645} INFO - 
[2025-03-26T20:10:21.188+0000] {spark_submit.py:645} INFO - 
[2025-03-26T20:10:21.540+0000] {spark_submit.py:645} INFO - 25/03/26 20:10:21 WARN NativeCodeLoader: Unable to load native-hadoop library for your platform... using builtin-java classes where applicable
[2025-03-26T20:10:21.761+0000] {spark_submit.py:645} INFO - Main class:
[2025-03-26T20:10:21.762+0000] {spark_submit.py:645} INFO - org.apache.spark.deploy.PythonRunner
[2025-03-26T20:10:21.762+0000] {spark_submit.py:645} INFO - Arguments:
[2025-03-26T20:10:21.763+0000] {spark_submit.py:645} INFO - file:/opt/spark_job/data_transformation.py
[2025-03-26T20:10:21.763+0000] {spark_submit.py:645} INFO - null
[2025-03-26T20:10:21.764+0000] {spark_submit.py:645} INFO - s3://raw/playlist_20250326_133348.json
[2025-03-26T20:10:21.764+0000] {spark_submit.py:645} INFO - processed
[2025-03-26T20:10:21.765+0000] {spark_submit.py:645} INFO - Spark config:
[2025-03-26T20:10:21.765+0000] {spark_submit.py:645} INFO - (spark.app.name,arrow-spark)
[2025-03-26T20:10:21.766+0000] {spark_submit.py:645} INFO - (spark.app.submitTime,1743019821741)
[2025-03-26T20:10:21.767+0000] {spark_submit.py:645} INFO - (spark.executor.cores,1)
[2025-03-26T20:10:21.768+0000] {spark_submit.py:645} INFO - (spark.executor.memory,512m)
[2025-03-26T20:10:21.768+0000] {spark_submit.py:645} INFO - (spark.hadoop.fs.s3a.access.key,*********(redacted))
[2025-03-26T20:10:21.769+0000] {spark_submit.py:645} INFO - (spark.hadoop.fs.s3a.endpoint,http://minio:9000)
[2025-03-26T20:10:21.769+0000] {spark_submit.py:645} INFO - (spark.hadoop.fs.s3a.impl,org.apache.hadoop.fs.s3a.S3AFileSystem)
[2025-03-26T20:10:21.769+0000] {spark_submit.py:645} INFO - (spark.hadoop.fs.s3a.path.style.access,true)
[2025-03-26T20:10:21.770+0000] {spark_submit.py:645} INFO - (spark.hadoop.fs.s3a.secret.key,*********(redacted))
[2025-03-26T20:10:21.770+0000] {spark_submit.py:645} INFO - (spark.jars,file:///opt/spark_job/jars/aws-java-sdk-bundle-1.12.262.jar,file:///opt/spark_job/jars/hadoop-aws-3.3.4.jar)
[2025-03-26T20:10:21.770+0000] {spark_submit.py:645} INFO - (spark.kerberos.principal,***)
[2025-03-26T20:10:21.771+0000] {spark_submit.py:645} INFO - (spark.master,spark://spark-master:7077)
[2025-03-26T20:10:21.771+0000] {spark_submit.py:645} INFO - (spark.repl.local.jars,file:///opt/spark_job/jars/aws-java-sdk-bundle-1.12.262.jar,file:///opt/spark_job/jars/hadoop-aws-3.3.4.jar)
[2025-03-26T20:10:21.772+0000] {spark_submit.py:645} INFO - (spark.submit.deployMode,client)
[2025-03-26T20:10:21.772+0000] {spark_submit.py:645} INFO - (spark.submit.pyFiles,)
[2025-03-26T20:10:21.773+0000] {spark_submit.py:645} INFO - Classpath elements:
[2025-03-26T20:10:21.773+0000] {spark_submit.py:645} INFO - file:///opt/spark_job/jars/aws-java-sdk-bundle-1.12.262.jar
[2025-03-26T20:10:21.774+0000] {spark_submit.py:645} INFO - file:///opt/spark_job/jars/hadoop-aws-3.3.4.jar
[2025-03-26T20:10:21.774+0000] {spark_submit.py:645} INFO - 
[2025-03-26T20:10:21.775+0000] {spark_submit.py:645} INFO - 
[2025-03-26T20:10:23.072+0000] {spark_submit.py:645} INFO - 2025-03-26 20:10:23,072 - INFO - Iniciando a configuração da Spark Session
[2025-03-26T20:10:23.773+0000] {spark_submit.py:645} INFO - 25/03/26 20:10:23 INFO SparkContext: Running Spark version 3.5.5
[2025-03-26T20:10:23.773+0000] {spark_submit.py:645} INFO - 25/03/26 20:10:23 INFO SparkContext: OS info Linux, 5.15.153.1-microsoft-standard-WSL2, amd64
[2025-03-26T20:10:23.774+0000] {spark_submit.py:645} INFO - 25/03/26 20:10:23 INFO SparkContext: Java version 17.0.14
[2025-03-26T20:10:23.816+0000] {spark_submit.py:645} INFO - 25/03/26 20:10:23 INFO ResourceUtils: ==============================================================
[2025-03-26T20:10:23.816+0000] {spark_submit.py:645} INFO - 25/03/26 20:10:23 INFO ResourceUtils: No custom resources configured for spark.driver.
[2025-03-26T20:10:23.817+0000] {spark_submit.py:645} INFO - 25/03/26 20:10:23 INFO ResourceUtils: ==============================================================
[2025-03-26T20:10:23.818+0000] {spark_submit.py:645} INFO - 25/03/26 20:10:23 INFO SparkContext: Submitted application: Minio Integration with PySpark
[2025-03-26T20:10:23.843+0000] {spark_submit.py:645} INFO - 25/03/26 20:10:23 INFO ResourceProfile: Default ResourceProfile created, executor resources: Map(cores -> name: cores, amount: 1, script: , vendor: , memory -> name: memory, amount: 512, script: , vendor: , offHeap -> name: offHeap, amount: 0, script: , vendor: ), task resources: Map(cpus -> name: cpus, amount: 1.0)
[2025-03-26T20:10:23.854+0000] {spark_submit.py:645} INFO - 25/03/26 20:10:23 INFO ResourceProfile: Limiting resource is cpus at 1 tasks per executor
[2025-03-26T20:10:23.857+0000] {spark_submit.py:645} INFO - 25/03/26 20:10:23 INFO ResourceProfileManager: Added ResourceProfile id: 0
[2025-03-26T20:10:23.919+0000] {spark_submit.py:645} INFO - 25/03/26 20:10:23 INFO SecurityManager: Changing view acls to: ***
[2025-03-26T20:10:23.920+0000] {spark_submit.py:645} INFO - 25/03/26 20:10:23 INFO SecurityManager: Changing modify acls to: ***
[2025-03-26T20:10:23.921+0000] {spark_submit.py:645} INFO - 25/03/26 20:10:23 INFO SecurityManager: Changing view acls groups to:
[2025-03-26T20:10:23.921+0000] {spark_submit.py:645} INFO - 25/03/26 20:10:23 INFO SecurityManager: Changing modify acls groups to:
[2025-03-26T20:10:23.922+0000] {spark_submit.py:645} INFO - 25/03/26 20:10:23 INFO SecurityManager: SecurityManager: authentication disabled; ui acls disabled; users with view permissions: ***; groups with view permissions: EMPTY; users with modify permissions: ***; groups with modify permissions: EMPTY
[2025-03-26T20:10:24.163+0000] {spark_submit.py:645} INFO - 25/03/26 20:10:24 INFO Utils: Successfully started service 'sparkDriver' on port 32815.
[2025-03-26T20:10:24.222+0000] {spark_submit.py:645} INFO - 25/03/26 20:10:24 INFO SparkEnv: Registering MapOutputTracker
[2025-03-26T20:10:24.267+0000] {spark_submit.py:645} INFO - 25/03/26 20:10:24 INFO SparkEnv: Registering BlockManagerMaster
[2025-03-26T20:10:24.290+0000] {spark_submit.py:645} INFO - 25/03/26 20:10:24 INFO BlockManagerMasterEndpoint: Using org.apache.spark.storage.DefaultTopologyMapper for getting topology information
[2025-03-26T20:10:24.291+0000] {spark_submit.py:645} INFO - 25/03/26 20:10:24 INFO BlockManagerMasterEndpoint: BlockManagerMasterEndpoint up
[2025-03-26T20:10:24.297+0000] {spark_submit.py:645} INFO - 25/03/26 20:10:24 INFO SparkEnv: Registering BlockManagerMasterHeartbeat
[2025-03-26T20:10:24.321+0000] {spark_submit.py:645} INFO - 25/03/26 20:10:24 INFO DiskBlockManager: Created local directory at /tmp/blockmgr-8448ae7d-6707-49d3-9643-8be031b0cb3a
[2025-03-26T20:10:24.335+0000] {spark_submit.py:645} INFO - 25/03/26 20:10:24 INFO MemoryStore: MemoryStore started with capacity 434.4 MiB
[2025-03-26T20:10:24.348+0000] {spark_submit.py:645} INFO - 25/03/26 20:10:24 INFO SparkEnv: Registering OutputCommitCoordinator
[2025-03-26T20:10:24.465+0000] {spark_submit.py:645} INFO - 25/03/26 20:10:24 INFO JettyUtils: Start Jetty 0.0.0.0:4040 for SparkUI
[2025-03-26T20:10:24.559+0000] {spark_submit.py:645} INFO - 25/03/26 20:10:24 INFO Utils: Successfully started service 'SparkUI' on port 4040.
[2025-03-26T20:10:24.597+0000] {spark_submit.py:645} INFO - 25/03/26 20:10:24 INFO SparkContext: Added JAR file:///opt/spark_job/jars/aws-java-sdk-bundle-1.12.262.jar at spark://53e3672f02f0:32815/jars/aws-java-sdk-bundle-1.12.262.jar with timestamp 1743019823766
[2025-03-26T20:10:24.598+0000] {spark_submit.py:645} INFO - 25/03/26 20:10:24 INFO SparkContext: Added JAR file:///opt/spark_job/jars/hadoop-aws-3.3.4.jar at spark://53e3672f02f0:32815/jars/hadoop-aws-3.3.4.jar with timestamp 1743019823766
[2025-03-26T20:10:24.685+0000] {spark_submit.py:645} INFO - 25/03/26 20:10:24 INFO StandaloneAppClient$ClientEndpoint: Connecting to master spark://spark-master:7077...
[2025-03-26T20:10:24.734+0000] {spark_submit.py:645} INFO - 25/03/26 20:10:24 INFO TransportClientFactory: Successfully created connection to spark-master/172.18.0.7:7077 after 27 ms (0 ms spent in bootstraps)
[2025-03-26T20:10:24.851+0000] {spark_submit.py:645} INFO - 25/03/26 20:10:24 INFO StandaloneSchedulerBackend: Connected to Spark cluster with app ID app-20250326201024-0012
[2025-03-26T20:10:24.871+0000] {spark_submit.py:645} INFO - 25/03/26 20:10:24 INFO StandaloneAppClient$ClientEndpoint: Executor added: app-20250326201024-0012/0 on worker-20250326191948-172.18.0.6-43665 (172.18.0.6:43665) with 1 core(s)
[2025-03-26T20:10:24.872+0000] {spark_submit.py:645} INFO - 25/03/26 20:10:24 INFO StandaloneSchedulerBackend: Granted executor ID app-20250326201024-0012/0 on hostPort 172.18.0.6:43665 with 1 core(s), 512.0 MiB RAM
[2025-03-26T20:10:24.873+0000] {spark_submit.py:645} INFO - 25/03/26 20:10:24 INFO StandaloneAppClient$ClientEndpoint: Executor added: app-20250326201024-0012/1 on worker-20250326191948-172.18.0.6-43665 (172.18.0.6:43665) with 1 core(s)
[2025-03-26T20:10:24.873+0000] {spark_submit.py:645} INFO - 25/03/26 20:10:24 INFO StandaloneSchedulerBackend: Granted executor ID app-20250326201024-0012/1 on hostPort 172.18.0.6:43665 with 1 core(s), 512.0 MiB RAM
[2025-03-26T20:10:24.873+0000] {spark_submit.py:645} INFO - 25/03/26 20:10:24 INFO StandaloneAppClient$ClientEndpoint: Executor added: app-20250326201024-0012/2 on worker-20250326191948-172.18.0.5-44457 (172.18.0.5:44457) with 1 core(s)
[2025-03-26T20:10:24.886+0000] {spark_submit.py:645} INFO - 25/03/26 20:10:24 INFO StandaloneSchedulerBackend: Granted executor ID app-20250326201024-0012/2 on hostPort 172.18.0.5:44457 with 1 core(s), 512.0 MiB RAM
[2025-03-26T20:10:24.887+0000] {spark_submit.py:645} INFO - 25/03/26 20:10:24 INFO StandaloneAppClient$ClientEndpoint: Executor added: app-20250326201024-0012/3 on worker-20250326191948-172.18.0.5-44457 (172.18.0.5:44457) with 1 core(s)
[2025-03-26T20:10:24.888+0000] {spark_submit.py:645} INFO - 25/03/26 20:10:24 INFO StandaloneSchedulerBackend: Granted executor ID app-20250326201024-0012/3 on hostPort 172.18.0.5:44457 with 1 core(s), 512.0 MiB RAM
[2025-03-26T20:10:24.908+0000] {spark_submit.py:645} INFO - 25/03/26 20:10:24 INFO Utils: Successfully started service 'org.apache.spark.network.netty.NettyBlockTransferService' on port 46867.
[2025-03-26T20:10:24.914+0000] {spark_submit.py:645} INFO - 25/03/26 20:10:24 INFO NettyBlockTransferService: Server created on 53e3672f02f0:46867
[2025-03-26T20:10:24.923+0000] {spark_submit.py:645} INFO - 25/03/26 20:10:24 INFO BlockManager: Using org.apache.spark.storage.RandomBlockReplicationPolicy for block replication policy
[2025-03-26T20:10:24.933+0000] {spark_submit.py:645} INFO - 25/03/26 20:10:24 INFO StandaloneAppClient$ClientEndpoint: Executor updated: app-20250326201024-0012/3 is now RUNNING
[2025-03-26T20:10:24.934+0000] {spark_submit.py:645} INFO - 25/03/26 20:10:24 INFO BlockManagerMaster: Registering BlockManager BlockManagerId(driver, 53e3672f02f0, 46867, None)
[2025-03-26T20:10:24.943+0000] {spark_submit.py:645} INFO - 25/03/26 20:10:24 INFO BlockManagerMasterEndpoint: Registering block manager 53e3672f02f0:46867 with 434.4 MiB RAM, BlockManagerId(driver, 53e3672f02f0, 46867, None)
[2025-03-26T20:10:24.947+0000] {spark_submit.py:645} INFO - 25/03/26 20:10:24 INFO BlockManagerMaster: Registered BlockManager BlockManagerId(driver, 53e3672f02f0, 46867, None)
[2025-03-26T20:10:24.949+0000] {spark_submit.py:645} INFO - 25/03/26 20:10:24 INFO StandaloneAppClient$ClientEndpoint: Executor updated: app-20250326201024-0012/2 is now RUNNING
[2025-03-26T20:10:24.951+0000] {spark_submit.py:645} INFO - 25/03/26 20:10:24 INFO BlockManager: Initialized BlockManager: BlockManagerId(driver, 53e3672f02f0, 46867, None)
[2025-03-26T20:10:24.959+0000] {spark_submit.py:645} INFO - 25/03/26 20:10:24 INFO StandaloneAppClient$ClientEndpoint: Executor updated: app-20250326201024-0012/0 is now RUNNING
[2025-03-26T20:10:24.971+0000] {spark_submit.py:645} INFO - 25/03/26 20:10:24 INFO StandaloneAppClient$ClientEndpoint: Executor updated: app-20250326201024-0012/1 is now RUNNING
[2025-03-26T20:10:25.383+0000] {spark_submit.py:645} INFO - 25/03/26 20:10:25 INFO StandaloneSchedulerBackend: SchedulerBackend is ready for scheduling beginning after reached minRegisteredResourcesRatio: 0.0
[2025-03-26T20:10:25.775+0000] {spark_submit.py:645} INFO - 2025-03-26 20:10:25,775 - INFO - Spark Session criada com sucesso
[2025-03-26T20:10:25.804+0000] {spark_submit.py:645} INFO - 25/03/26 20:10:25 INFO SharedState: Setting hive.metastore.warehouse.dir ('null') to the value of spark.sql.warehouse.dir.
[2025-03-26T20:10:25.807+0000] {spark_submit.py:645} INFO - 25/03/26 20:10:25 INFO SharedState: Warehouse path is 'file:/opt/spark-warehouse'.
[2025-03-26T20:10:27.886+0000] {spark_submit.py:645} INFO - 25/03/26 20:10:27 WARN MetricsConfig: Cannot locate configuration: tried hadoop-metrics2-s3a-file-system.properties,hadoop-metrics2.properties
[2025-03-26T20:10:27.933+0000] {spark_submit.py:645} INFO - 25/03/26 20:10:27 INFO MetricsSystemImpl: Scheduled Metric snapshot period at 10 second(s).
[2025-03-26T20:10:27.934+0000] {spark_submit.py:645} INFO - 25/03/26 20:10:27 INFO MetricsSystemImpl: s3a-file-system metrics system started
[2025-03-26T20:10:31.865+0000] {spark_submit.py:645} INFO - 25/03/26 20:10:31 INFO InMemoryFileIndex: It took 277 ms to list leaf files for 1 paths.
[2025-03-26T20:10:32.278+0000] {spark_submit.py:645} INFO - 25/03/26 20:10:32 INFO MemoryStore: Block broadcast_0 stored as values in memory (estimated size 209.2 KiB, free 434.2 MiB)
[2025-03-26T20:10:32.472+0000] {spark_submit.py:645} INFO - 25/03/26 20:10:32 INFO MemoryStore: Block broadcast_0_piece0 stored as bytes in memory (estimated size 35.4 KiB, free 434.2 MiB)
[2025-03-26T20:10:32.481+0000] {spark_submit.py:645} INFO - 25/03/26 20:10:32 INFO BlockManagerInfo: Added broadcast_0_piece0 in memory on 53e3672f02f0:46867 (size: 35.4 KiB, free: 434.4 MiB)
[2025-03-26T20:10:32.491+0000] {spark_submit.py:645} INFO - 25/03/26 20:10:32 INFO SparkContext: Created broadcast 0 from json at NativeMethodAccessorImpl.java:0
[2025-03-26T20:10:33.368+0000] {spark_submit.py:645} INFO - 25/03/26 20:10:33 INFO FileInputFormat: Total input files to process : 1
[2025-03-26T20:10:33.383+0000] {spark_submit.py:645} INFO - 25/03/26 20:10:33 INFO FileInputFormat: Total input files to process : 1
[2025-03-26T20:10:33.417+0000] {spark_submit.py:645} INFO - 25/03/26 20:10:33 INFO SparkContext: Starting job: json at NativeMethodAccessorImpl.java:0
[2025-03-26T20:10:33.495+0000] {spark_submit.py:645} INFO - 25/03/26 20:10:33 INFO DAGScheduler: Got job 0 (json at NativeMethodAccessorImpl.java:0) with 1 output partitions
[2025-03-26T20:10:33.518+0000] {spark_submit.py:645} INFO - 25/03/26 20:10:33 INFO DAGScheduler: Final stage: ResultStage 0 (json at NativeMethodAccessorImpl.java:0)
[2025-03-26T20:10:33.519+0000] {spark_submit.py:645} INFO - 25/03/26 20:10:33 INFO DAGScheduler: Parents of final stage: List()
[2025-03-26T20:10:33.523+0000] {spark_submit.py:645} INFO - 25/03/26 20:10:33 INFO DAGScheduler: Missing parents: List()
[2025-03-26T20:10:33.601+0000] {spark_submit.py:645} INFO - 25/03/26 20:10:33 INFO DAGScheduler: Submitting ResultStage 0 (MapPartitionsRDD[2] at json at NativeMethodAccessorImpl.java:0), which has no missing parents
[2025-03-26T20:10:33.788+0000] {spark_submit.py:645} INFO - 25/03/26 20:10:33 INFO MemoryStore: Block broadcast_1 stored as values in memory (estimated size 9.3 KiB, free 434.2 MiB)
[2025-03-26T20:10:33.875+0000] {spark_submit.py:645} INFO - 25/03/26 20:10:33 INFO MemoryStore: Block broadcast_1_piece0 stored as bytes in memory (estimated size 5.0 KiB, free 434.1 MiB)
[2025-03-26T20:10:33.877+0000] {spark_submit.py:645} INFO - 25/03/26 20:10:33 INFO BlockManagerInfo: Added broadcast_1_piece0 in memory on 53e3672f02f0:46867 (size: 5.0 KiB, free: 434.4 MiB)
[2025-03-26T20:10:33.887+0000] {spark_submit.py:645} INFO - 25/03/26 20:10:33 INFO SparkContext: Created broadcast 1 from broadcast at DAGScheduler.scala:1585
[2025-03-26T20:10:33.934+0000] {spark_submit.py:645} INFO - 25/03/26 20:10:33 INFO DAGScheduler: Submitting 1 missing tasks from ResultStage 0 (MapPartitionsRDD[2] at json at NativeMethodAccessorImpl.java:0) (first 15 tasks are for partitions Vector(0))
[2025-03-26T20:10:33.935+0000] {spark_submit.py:645} INFO - 25/03/26 20:10:33 INFO TaskSchedulerImpl: Adding task set 0.0 with 1 tasks resource profile 0
[2025-03-26T20:10:35.570+0000] {spark_submit.py:645} INFO - 25/03/26 20:10:35 INFO StandaloneSchedulerBackend$StandaloneDriverEndpoint: Registered executor NettyRpcEndpointRef(spark-client://Executor) (172.18.0.5:40190) with ID 2,  ResourceProfileId 0
[2025-03-26T20:10:35.587+0000] {spark_submit.py:645} INFO - 25/03/26 20:10:35 INFO StandaloneSchedulerBackend$StandaloneDriverEndpoint: Registered executor NettyRpcEndpointRef(spark-client://Executor) (172.18.0.5:40196) with ID 3,  ResourceProfileId 0
[2025-03-26T20:10:35.776+0000] {spark_submit.py:645} INFO - 25/03/26 20:10:35 INFO StandaloneSchedulerBackend$StandaloneDriverEndpoint: Registered executor NettyRpcEndpointRef(spark-client://Executor) (172.18.0.6:35106) with ID 0,  ResourceProfileId 0
[2025-03-26T20:10:35.791+0000] {spark_submit.py:645} INFO - 25/03/26 20:10:35 INFO BlockManagerMasterEndpoint: Registering block manager 172.18.0.5:44429 with 127.2 MiB RAM, BlockManagerId(2, 172.18.0.5, 44429, None)
[2025-03-26T20:10:35.815+0000] {spark_submit.py:645} INFO - 25/03/26 20:10:35 INFO BlockManagerMasterEndpoint: Registering block manager 172.18.0.5:39063 with 127.2 MiB RAM, BlockManagerId(3, 172.18.0.5, 39063, None)
[2025-03-26T20:10:35.981+0000] {spark_submit.py:645} INFO - 25/03/26 20:10:35 INFO BlockManagerMasterEndpoint: Registering block manager 172.18.0.6:39215 with 127.2 MiB RAM, BlockManagerId(0, 172.18.0.6, 39215, None)
[2025-03-26T20:10:36.105+0000] {spark_submit.py:645} INFO - 25/03/26 20:10:36 INFO StandaloneSchedulerBackend$StandaloneDriverEndpoint: Registered executor NettyRpcEndpointRef(spark-client://Executor) (172.18.0.6:35122) with ID 1,  ResourceProfileId 0
[2025-03-26T20:10:36.300+0000] {spark_submit.py:645} INFO - 25/03/26 20:10:36 INFO BlockManagerMasterEndpoint: Registering block manager 172.18.0.6:34355 with 127.2 MiB RAM, BlockManagerId(1, 172.18.0.6, 34355, None)
[2025-03-26T20:11:57.100+0000] {spark_submit.py:645} INFO - 25/03/26 20:11:57 INFO TaskSetManager: Starting task 0.0 in stage 0.0 (TID 0) (172.18.0.6, executor 1, partition 0, PROCESS_LOCAL, 9420 bytes)
[2025-03-26T20:11:59.901+0000] {spark_submit.py:645} INFO - 25/03/26 20:11:59 INFO BlockManagerInfo: Added broadcast_1_piece0 in memory on 172.18.0.6:34355 (size: 5.0 KiB, free: 127.2 MiB)
[2025-03-26T20:12:00.781+0000] {spark_submit.py:645} INFO - 25/03/26 20:12:00 INFO BlockManagerInfo: Added broadcast_0_piece0 in memory on 172.18.0.6:34355 (size: 35.4 KiB, free: 127.2 MiB)
[2025-03-26T20:12:05.306+0000] {spark_submit.py:645} INFO - 25/03/26 20:12:05 INFO TaskSetManager: Finished task 0.0 in stage 0.0 (TID 0) in 8255 ms on 172.18.0.6 (executor 1) (1/1)
[2025-03-26T20:12:05.569+0000] {spark_submit.py:645} INFO - 25/03/26 20:12:05 INFO DAGScheduler: ResultStage 0 (json at NativeMethodAccessorImpl.java:0) finished in 91.646 s
[2025-03-26T20:12:05.601+0000] {spark_submit.py:645} INFO - 25/03/26 20:12:05 INFO DAGScheduler: Job 0 is finished. Cancelling potential speculative or zombie tasks for this job
[2025-03-26T20:12:05.630+0000] {spark_submit.py:645} INFO - 25/03/26 20:12:05 INFO TaskSchedulerImpl: Removed TaskSet 0.0, whose tasks have all completed, from pool
[2025-03-26T20:12:05.717+0000] {spark_submit.py:645} INFO - 25/03/26 20:12:05 INFO TaskSchedulerImpl: Killing all running tasks in stage 0: Stage finished
[2025-03-26T20:12:05.736+0000] {spark_submit.py:645} INFO - 25/03/26 20:12:05 INFO DAGScheduler: Job 0 finished: json at NativeMethodAccessorImpl.java:0, took 91.915757 s
[2025-03-26T20:12:05.778+0000] {spark_submit.py:645} INFO - 25/03/26 20:12:05 INFO BlockManagerInfo: Removed broadcast_1_piece0 on 53e3672f02f0:46867 in memory (size: 5.0 KiB, free: 434.4 MiB)
[2025-03-26T20:12:05.813+0000] {spark_submit.py:645} INFO - 25/03/26 20:12:05 INFO BlockManagerInfo: Removed broadcast_1_piece0 on 172.18.0.6:34355 in memory (size: 5.0 KiB, free: 127.2 MiB)
[2025-03-26T20:12:06.592+0000] {spark_submit.py:645} INFO - 2025-03-26 20:12:06,592 - WARNING - Erro ao salvar o DataFrame no caminho s3a://processed/artists: 'DataFrameWriter' object has no attribute 'write'
[2025-03-26T20:12:06.593+0000] {spark_submit.py:645} INFO - Traceback (most recent call last):
[2025-03-26T20:12:06.594+0000] {spark_submit.py:645} INFO - File "/opt/spark_job/data_transformation.py", line 31, in data_transformation
[2025-03-26T20:12:06.635+0000] {spark_submit.py:645} INFO - df_artists.write.write \
[2025-03-26T20:12:06.636+0000] {spark_submit.py:645} INFO - ^^^^^^^^^^^^^^^^^^^^^^
[2025-03-26T20:12:06.637+0000] {spark_submit.py:645} INFO - AttributeError: 'DataFrameWriter' object has no attribute 'write'. Did you mean: '_jwrite'?
[2025-03-26T20:12:06.637+0000] {spark_submit.py:645} INFO - 
[2025-03-26T20:12:06.638+0000] {spark_submit.py:645} INFO - During handling of the above exception, another exception occurred:
[2025-03-26T20:12:06.638+0000] {spark_submit.py:645} INFO - 
[2025-03-26T20:12:06.639+0000] {spark_submit.py:645} INFO - Traceback (most recent call last):
[2025-03-26T20:12:06.639+0000] {spark_submit.py:645} INFO - File "/opt/spark_job/data_transformation.py", line 69, in <module>
[2025-03-26T20:12:06.640+0000] {spark_submit.py:645} INFO - data_transformation(spark, file_path, processed_bucket, writer)
[2025-03-26T20:12:06.640+0000] {spark_submit.py:645} INFO - File "/opt/spark_job/data_transformation.py", line 42, in data_transformation
[2025-03-26T20:12:06.641+0000] {spark_submit.py:645} INFO - raise Exception(f"Falha ao gravar o DataFrame: {str(e)}")
[2025-03-26T20:12:06.642+0000] {spark_submit.py:645} INFO - Exception: Falha ao gravar o DataFrame: 'DataFrameWriter' object has no attribute 'write'
[2025-03-26T20:12:06.644+0000] {spark_submit.py:645} INFO - 2025-03-26 20:12:06,641 - INFO - Closing down clientserver connection
[2025-03-26T20:12:06.713+0000] {spark_submit.py:645} INFO - 25/03/26 20:12:06 INFO SparkContext: Invoking stop() from shutdown hook
[2025-03-26T20:12:06.713+0000] {spark_submit.py:645} INFO - 25/03/26 20:12:06 INFO SparkContext: SparkContext is stopping with exitCode 0.
[2025-03-26T20:12:06.724+0000] {spark_submit.py:645} INFO - 25/03/26 20:12:06 INFO SparkUI: Stopped Spark web UI at http://53e3672f02f0:4040
[2025-03-26T20:12:06.729+0000] {spark_submit.py:645} INFO - 25/03/26 20:12:06 INFO StandaloneSchedulerBackend: Shutting down all executors
[2025-03-26T20:12:06.730+0000] {spark_submit.py:645} INFO - 25/03/26 20:12:06 INFO StandaloneSchedulerBackend$StandaloneDriverEndpoint: Asking each executor to shut down
[2025-03-26T20:12:06.791+0000] {spark_submit.py:645} INFO - 25/03/26 20:12:06 INFO MapOutputTrackerMasterEndpoint: MapOutputTrackerMasterEndpoint stopped!
[2025-03-26T20:12:06.811+0000] {spark_submit.py:645} INFO - 25/03/26 20:12:06 INFO MemoryStore: MemoryStore cleared
[2025-03-26T20:12:06.846+0000] {spark_submit.py:645} INFO - 25/03/26 20:12:06 INFO BlockManager: BlockManager stopped
[2025-03-26T20:12:06.849+0000] {spark_submit.py:645} INFO - 25/03/26 20:12:06 INFO BlockManagerMaster: BlockManagerMaster stopped
[2025-03-26T20:12:06.856+0000] {spark_submit.py:645} INFO - 25/03/26 20:12:06 INFO OutputCommitCoordinator$OutputCommitCoordinatorEndpoint: OutputCommitCoordinator stopped!
[2025-03-26T20:12:06.905+0000] {spark_submit.py:645} INFO - 25/03/26 20:12:06 INFO SparkContext: Successfully stopped SparkContext
[2025-03-26T20:12:06.906+0000] {spark_submit.py:645} INFO - 25/03/26 20:12:06 INFO ShutdownHookManager: Shutdown hook called
[2025-03-26T20:12:06.907+0000] {spark_submit.py:645} INFO - 25/03/26 20:12:06 INFO ShutdownHookManager: Deleting directory /tmp/spark-2cd0966c-2476-48f7-8ee3-d81687a7af05
[2025-03-26T20:12:06.916+0000] {spark_submit.py:645} INFO - 25/03/26 20:12:06 INFO ShutdownHookManager: Deleting directory /tmp/spark-973768c7-f5cb-48a0-92cd-e9f9e754f712
[2025-03-26T20:12:06.956+0000] {spark_submit.py:645} INFO - 25/03/26 20:12:06 INFO ShutdownHookManager: Deleting directory /tmp/spark-2cd0966c-2476-48f7-8ee3-d81687a7af05/pyspark-9c0cd8ca-fd58-46cb-8162-d59c6c96c4dc
[2025-03-26T20:12:06.984+0000] {spark_submit.py:645} INFO - 25/03/26 20:12:06 INFO MetricsSystemImpl: Stopping s3a-file-system metrics system...
[2025-03-26T20:12:06.987+0000] {spark_submit.py:645} INFO - 25/03/26 20:12:06 INFO MetricsSystemImpl: s3a-file-system metrics system stopped.
[2025-03-26T20:12:06.988+0000] {spark_submit.py:645} INFO - 25/03/26 20:12:06 INFO MetricsSystemImpl: s3a-file-system metrics system shutdown complete.
[2025-03-26T20:12:07.061+0000] {taskinstance.py:441} INFO - ::group::Post task execution logs
[2025-03-26T20:12:07.077+0000] {taskinstance.py:2905} ERROR - Task failed with exception
Traceback (most recent call last):
  File "/home/airflow/.local/lib/python3.11/site-packages/airflow/models/taskinstance.py", line 465, in _execute_task
    result = _execute_callable(context=context, **execute_callable_kwargs)
             ^^^^^^^^^^^^^^^^^^^^^^^^^^^^^^^^^^^^^^^^^^^^^^^^^^^^^^^^^^^^^
  File "/home/airflow/.local/lib/python3.11/site-packages/airflow/models/taskinstance.py", line 432, in _execute_callable
    return execute_callable(context=context, **execute_callable_kwargs)
           ^^^^^^^^^^^^^^^^^^^^^^^^^^^^^^^^^^^^^^^^^^^^^^^^^^^^^^^^^^^^
  File "/home/airflow/.local/lib/python3.11/site-packages/airflow/models/baseoperator.py", line 401, in wrapper
    return func(self, *args, **kwargs)
           ^^^^^^^^^^^^^^^^^^^^^^^^^^^
  File "/home/airflow/.local/lib/python3.11/site-packages/airflow/operators/python.py", line 235, in execute
    return_value = self.execute_callable()
                   ^^^^^^^^^^^^^^^^^^^^^^^
  File "/home/airflow/.local/lib/python3.11/site-packages/airflow/operators/python.py", line 252, in execute_callable
    return self.python_callable(*self.op_args, **self.op_kwargs)
           ^^^^^^^^^^^^^^^^^^^^^^^^^^^^^^^^^^^^^^^^^^^^^^^^^^^^^
  File "/opt/airflow/dags/etl_pipeline.py", line 97, in spark_dtransformation
    ).execute(kwargs)
      ^^^^^^^^^^^^^^^
  File "/home/airflow/.local/lib/python3.11/site-packages/airflow/models/baseoperator.py", line 401, in wrapper
    return func(self, *args, **kwargs)
           ^^^^^^^^^^^^^^^^^^^^^^^^^^^
  File "/home/airflow/.local/lib/python3.11/site-packages/airflow/providers/apache/spark/operators/spark_submit.py", line 177, in execute
    self._hook.submit(self.application)
  File "/home/airflow/.local/lib/python3.11/site-packages/airflow/providers/apache/spark/hooks/spark_submit.py", line 567, in submit
    raise AirflowException(
airflow.exceptions.AirflowException: Cannot execute: spark-submit --master spark://spark-master:7077 --conf spark.executor.memory=512m --conf spark.executor.cores=1 --conf spark.jars=/opt/spark_job/jars/aws-java-sdk-bundle-1.12.262.jar,/opt/spark_job/jars/hadoop-aws-3.3.4.jar --conf spark.hadoop.fs.s3a.endpoint=http://minio:9000 --conf spark.hadoop.fs.s3a.access.key=admin --conf spark.hadoop.fs.s3a.secret.key=****** --conf spark.hadoop.fs.s3a.impl=org.apache.hadoop.fs.s3a.S3AFileSystem --conf spark.hadoop.fs.s3a.path.style.access=true --principal *** --name arrow-spark --verbose --deploy-mode client /opt/spark_job/data_transformation.py s3://raw/playlist_20250326_133348.json processed. Error code is: 1.
[2025-03-26T20:12:07.090+0000] {taskinstance.py:1206} INFO - Marking task as UP_FOR_RETRY. dag_id=etl_pipeline, task_id=transformation, run_id=manual__2025-03-26T13:33:39.761724+00:00, execution_date=20250326T133339, start_date=20250326T201018, end_date=20250326T201207
[2025-03-26T20:12:07.321+0000] {standard_task_runner.py:110} ERROR - Failed to execute job 39 for task transformation (Cannot execute: spark-submit --master spark://spark-master:7077 --conf spark.executor.memory=512m --conf spark.executor.cores=1 --conf spark.jars=/opt/spark_job/jars/aws-java-sdk-bundle-1.12.262.jar,/opt/spark_job/jars/hadoop-aws-3.3.4.jar --conf spark.hadoop.fs.s3a.endpoint=http://minio:9000 --conf spark.hadoop.fs.s3a.access.key=admin --conf spark.hadoop.fs.s3a.secret.key=****** --conf spark.hadoop.fs.s3a.impl=org.apache.hadoop.fs.s3a.S3AFileSystem --conf spark.hadoop.fs.s3a.path.style.access=true --principal *** --name arrow-spark --verbose --deploy-mode client /opt/spark_job/data_transformation.py s3://raw/playlist_20250326_133348.json processed. Error code is: 1.; 3494)
[2025-03-26T20:12:07.442+0000] {local_task_job_runner.py:240} INFO - Task exited with return code 1
[2025-03-26T20:12:07.486+0000] {taskinstance.py:3503} INFO - 0 downstream tasks scheduled from follow-on schedule check
[2025-03-26T20:12:07.588+0000] {local_task_job_runner.py:222} INFO - ::endgroup::
