[2025-03-26T19:52:19.648+0000] {local_task_job_runner.py:120} INFO - ::group::Pre task execution logs
[2025-03-26T19:52:19.684+0000] {taskinstance.py:2076} INFO - Dependencies all met for dep_context=non-requeueable deps ti=<TaskInstance: etl_pipeline.transformation manual__2025-03-26T13:33:39.761724+00:00 [queued]>
[2025-03-26T19:52:19.694+0000] {taskinstance.py:2076} INFO - Dependencies all met for dep_context=requeueable deps ti=<TaskInstance: etl_pipeline.transformation manual__2025-03-26T13:33:39.761724+00:00 [queued]>
[2025-03-26T19:52:19.695+0000] {taskinstance.py:2306} INFO - Starting attempt 29 of 30
[2025-03-26T19:52:19.736+0000] {taskinstance.py:2330} INFO - Executing <Task(PythonOperator): transformation> on 2025-03-26 13:33:39.761724+00:00
[2025-03-26T19:52:19.743+0000] {standard_task_runner.py:63} INFO - Started process 2430 to run task
[2025-03-26T19:52:19.767+0000] {standard_task_runner.py:90} INFO - Running: ['***', 'tasks', 'run', 'etl_pipeline', 'transformation', 'manual__2025-03-26T13:33:39.761724+00:00', '--job-id', '34', '--raw', '--subdir', 'DAGS_FOLDER/etl_pipeline.py', '--cfg-path', '/tmp/tmp1wa3ersp']
[2025-03-26T19:52:19.770+0000] {standard_task_runner.py:91} INFO - Job 34: Subtask transformation
[2025-03-26T19:52:19.950+0000] {task_command.py:426} INFO - Running <TaskInstance: etl_pipeline.transformation manual__2025-03-26T13:33:39.761724+00:00 [running]> on host 53e3672f02f0
[2025-03-26T19:52:20.170+0000] {taskinstance.py:2648} INFO - Exporting env vars: AIRFLOW_CTX_DAG_OWNER='lobobranco' AIRFLOW_CTX_DAG_ID='etl_pipeline' AIRFLOW_CTX_TASK_ID='transformation' AIRFLOW_CTX_EXECUTION_DATE='2025-03-26T13:33:39.761724+00:00' AIRFLOW_CTX_TRY_NUMBER='29' AIRFLOW_CTX_DAG_RUN_ID='manual__2025-03-26T13:33:39.761724+00:00'
[2025-03-26T19:52:20.172+0000] {taskinstance.py:430} INFO - ::endgroup::
[2025-03-26T19:52:20.210+0000] {etl_pipeline.py:76} INFO - Transforming data from file: s3://raw/playlist_20250326_133348.json
[2025-03-26T19:52:20.211+0000] {logging_mixin.py:188} INFO - File Path: s3://raw/playlist_20250326_133348.json
[2025-03-26T19:52:20.212+0000] {logging_mixin.py:188} INFO - Processed Bucket: processed
[2025-03-26T19:52:20.213+0000] {baseoperator.py:400} WARNING - SparkSubmitOperator.execute cannot be called outside TaskInstance!
[2025-03-26T19:52:20.226+0000] {base.py:84} INFO - Using connection ID 'spark_default' for task execution.
[2025-03-26T19:52:20.227+0000] {spark_submit.py:328} ERROR - Failed to decode base64 keytab: Incorrect padding
[2025-03-26T19:52:20.228+0000] {spark_submit.py:305} INFO - Could not load connection string spark_default, defaulting to spark://spark-master:7077
[2025-03-26T19:52:20.230+0000] {spark_submit.py:474} INFO - Spark-Submit cmd: spark-submit --master spark://spark-master:7077 --conf spark.executor.memory=512m --conf spark.executor.cores=1 --conf spark.jars=/opt/spark_job/jars/aws-java-sdk-bundle-1.12.262.jar,/opt/spark_job/jars/hadoop-aws-3.3.4.jar --conf spark.hadoop.fs.s3a.endpoint=http://minio:9000 --conf spark.hadoop.fs.s3a.access.key=admin --conf spark.hadoop.fs.s3a.secret.key=****** --conf spark.hadoop.fs.s3a.impl=org.apache.hadoop.fs.s3a.S3AFileSystem --conf spark.hadoop.fs.s3a.path.style.access=true --principal *** --name arrow-spark --verbose --deploy-mode client /opt/spark_job/data_transformation.py s3://raw/playlist_20250326_133348.json processed
[2025-03-26T19:52:20.345+0000] {spark_submit.py:645} INFO - /home/***/.local/lib/python3.11/site-packages/pyspark/bin/load-spark-env.sh: line 68: ps: command not found
[2025-03-26T19:52:21.775+0000] {spark_submit.py:645} INFO - Using properties file: null
[2025-03-26T19:52:21.905+0000] {spark_submit.py:645} INFO - Parsed arguments:
[2025-03-26T19:52:21.906+0000] {spark_submit.py:645} INFO - master                  spark://spark-master:7077
[2025-03-26T19:52:21.906+0000] {spark_submit.py:645} INFO - remote                  null
[2025-03-26T19:52:21.907+0000] {spark_submit.py:645} INFO - deployMode              client
[2025-03-26T19:52:21.907+0000] {spark_submit.py:645} INFO - executorMemory          512m
[2025-03-26T19:52:21.907+0000] {spark_submit.py:645} INFO - executorCores           1
[2025-03-26T19:52:21.908+0000] {spark_submit.py:645} INFO - totalExecutorCores      null
[2025-03-26T19:52:21.908+0000] {spark_submit.py:645} INFO - propertiesFile          null
[2025-03-26T19:52:21.908+0000] {spark_submit.py:645} INFO - driverMemory            null
[2025-03-26T19:52:21.909+0000] {spark_submit.py:645} INFO - driverCores             null
[2025-03-26T19:52:21.909+0000] {spark_submit.py:645} INFO - driverExtraClassPath    null
[2025-03-26T19:52:21.910+0000] {spark_submit.py:645} INFO - driverExtraLibraryPath  null
[2025-03-26T19:52:21.910+0000] {spark_submit.py:645} INFO - driverExtraJavaOptions  null
[2025-03-26T19:52:21.910+0000] {spark_submit.py:645} INFO - supervise               false
[2025-03-26T19:52:21.911+0000] {spark_submit.py:645} INFO - queue                   null
[2025-03-26T19:52:21.911+0000] {spark_submit.py:645} INFO - numExecutors            null
[2025-03-26T19:52:21.911+0000] {spark_submit.py:645} INFO - files                   null
[2025-03-26T19:52:21.912+0000] {spark_submit.py:645} INFO - pyFiles                 null
[2025-03-26T19:52:21.912+0000] {spark_submit.py:645} INFO - archives                null
[2025-03-26T19:52:21.912+0000] {spark_submit.py:645} INFO - mainClass               null
[2025-03-26T19:52:21.913+0000] {spark_submit.py:645} INFO - primaryResource         file:/opt/spark_job/data_transformation.py
[2025-03-26T19:52:21.913+0000] {spark_submit.py:645} INFO - name                    arrow-spark
[2025-03-26T19:52:21.914+0000] {spark_submit.py:645} INFO - childArgs               [s3://raw/playlist_20250326_133348.json processed]
[2025-03-26T19:52:21.914+0000] {spark_submit.py:645} INFO - jars                    /opt/spark_job/jars/aws-java-sdk-bundle-1.12.262.jar,/opt/spark_job/jars/hadoop-aws-3.3.4.jar
[2025-03-26T19:52:21.914+0000] {spark_submit.py:645} INFO - packages                null
[2025-03-26T19:52:21.914+0000] {spark_submit.py:645} INFO - packagesExclusions      null
[2025-03-26T19:52:21.915+0000] {spark_submit.py:645} INFO - repositories            null
[2025-03-26T19:52:21.915+0000] {spark_submit.py:645} INFO - verbose                 true
[2025-03-26T19:52:21.915+0000] {spark_submit.py:645} INFO - 
[2025-03-26T19:52:21.916+0000] {spark_submit.py:645} INFO - Spark properties used, including those specified through
[2025-03-26T19:52:21.916+0000] {spark_submit.py:645} INFO - --conf and those from the properties file null:
[2025-03-26T19:52:21.917+0000] {spark_submit.py:645} INFO - (spark.executor.cores,1)
[2025-03-26T19:52:21.917+0000] {spark_submit.py:645} INFO - (spark.executor.memory,512m)
[2025-03-26T19:52:21.917+0000] {spark_submit.py:645} INFO - (spark.hadoop.fs.s3a.access.key,*********(redacted))
[2025-03-26T19:52:21.918+0000] {spark_submit.py:645} INFO - (spark.hadoop.fs.s3a.endpoint,http://minio:9000)
[2025-03-26T19:52:21.918+0000] {spark_submit.py:645} INFO - (spark.hadoop.fs.s3a.impl,org.apache.hadoop.fs.s3a.S3AFileSystem)
[2025-03-26T19:52:21.918+0000] {spark_submit.py:645} INFO - (spark.hadoop.fs.s3a.path.style.access,true)
[2025-03-26T19:52:21.918+0000] {spark_submit.py:645} INFO - (spark.hadoop.fs.s3a.secret.key,*********(redacted))
[2025-03-26T19:52:21.919+0000] {spark_submit.py:645} INFO - (spark.jars,/opt/spark_job/jars/aws-java-sdk-bundle-1.12.262.jar,/opt/spark_job/jars/hadoop-aws-3.3.4.jar)
[2025-03-26T19:52:21.919+0000] {spark_submit.py:645} INFO - 
[2025-03-26T19:52:21.919+0000] {spark_submit.py:645} INFO - 
[2025-03-26T19:52:22.264+0000] {spark_submit.py:645} INFO - 25/03/26 19:52:22 WARN NativeCodeLoader: Unable to load native-hadoop library for your platform... using builtin-java classes where applicable
[2025-03-26T19:52:22.526+0000] {spark_submit.py:645} INFO - Main class:
[2025-03-26T19:52:22.527+0000] {spark_submit.py:645} INFO - org.apache.spark.deploy.PythonRunner
[2025-03-26T19:52:22.529+0000] {spark_submit.py:645} INFO - Arguments:
[2025-03-26T19:52:22.529+0000] {spark_submit.py:645} INFO - file:/opt/spark_job/data_transformation.py
[2025-03-26T19:52:22.530+0000] {spark_submit.py:645} INFO - null
[2025-03-26T19:52:22.530+0000] {spark_submit.py:645} INFO - s3://raw/playlist_20250326_133348.json
[2025-03-26T19:52:22.531+0000] {spark_submit.py:645} INFO - processed
[2025-03-26T19:52:22.536+0000] {spark_submit.py:645} INFO - Spark config:
[2025-03-26T19:52:22.536+0000] {spark_submit.py:645} INFO - (spark.app.name,arrow-spark)
[2025-03-26T19:52:22.537+0000] {spark_submit.py:645} INFO - (spark.app.submitTime,1743018742501)
[2025-03-26T19:52:22.537+0000] {spark_submit.py:645} INFO - (spark.executor.cores,1)
[2025-03-26T19:52:22.538+0000] {spark_submit.py:645} INFO - (spark.executor.memory,512m)
[2025-03-26T19:52:22.538+0000] {spark_submit.py:645} INFO - (spark.hadoop.fs.s3a.access.key,*********(redacted))
[2025-03-26T19:52:22.539+0000] {spark_submit.py:645} INFO - (spark.hadoop.fs.s3a.endpoint,http://minio:9000)
[2025-03-26T19:52:22.539+0000] {spark_submit.py:645} INFO - (spark.hadoop.fs.s3a.impl,org.apache.hadoop.fs.s3a.S3AFileSystem)
[2025-03-26T19:52:22.539+0000] {spark_submit.py:645} INFO - (spark.hadoop.fs.s3a.path.style.access,true)
[2025-03-26T19:52:22.540+0000] {spark_submit.py:645} INFO - (spark.hadoop.fs.s3a.secret.key,*********(redacted))
[2025-03-26T19:52:22.540+0000] {spark_submit.py:645} INFO - (spark.jars,file:///opt/spark_job/jars/aws-java-sdk-bundle-1.12.262.jar,file:///opt/spark_job/jars/hadoop-aws-3.3.4.jar)
[2025-03-26T19:52:22.540+0000] {spark_submit.py:645} INFO - (spark.kerberos.principal,***)
[2025-03-26T19:52:22.541+0000] {spark_submit.py:645} INFO - (spark.master,spark://spark-master:7077)
[2025-03-26T19:52:22.541+0000] {spark_submit.py:645} INFO - (spark.repl.local.jars,file:///opt/spark_job/jars/aws-java-sdk-bundle-1.12.262.jar,file:///opt/spark_job/jars/hadoop-aws-3.3.4.jar)
[2025-03-26T19:52:22.542+0000] {spark_submit.py:645} INFO - (spark.submit.deployMode,client)
[2025-03-26T19:52:22.542+0000] {spark_submit.py:645} INFO - (spark.submit.pyFiles,)
[2025-03-26T19:52:22.548+0000] {spark_submit.py:645} INFO - Classpath elements:
[2025-03-26T19:52:22.549+0000] {spark_submit.py:645} INFO - file:///opt/spark_job/jars/aws-java-sdk-bundle-1.12.262.jar
[2025-03-26T19:52:22.549+0000] {spark_submit.py:645} INFO - file:///opt/spark_job/jars/hadoop-aws-3.3.4.jar
[2025-03-26T19:52:22.549+0000] {spark_submit.py:645} INFO - 
[2025-03-26T19:52:22.550+0000] {spark_submit.py:645} INFO - 
[2025-03-26T19:52:24.335+0000] {spark_submit.py:645} INFO - 2025-03-26 19:52:24,334 - INFO - Iniciando a configuração da Spark Session
[2025-03-26T19:52:25.080+0000] {spark_submit.py:645} INFO - 25/03/26 19:52:25 INFO SparkContext: Running Spark version 3.5.5
[2025-03-26T19:52:25.081+0000] {spark_submit.py:645} INFO - 25/03/26 19:52:25 INFO SparkContext: OS info Linux, 5.15.153.1-microsoft-standard-WSL2, amd64
[2025-03-26T19:52:25.082+0000] {spark_submit.py:645} INFO - 25/03/26 19:52:25 INFO SparkContext: Java version 17.0.14
[2025-03-26T19:52:25.112+0000] {spark_submit.py:645} INFO - 25/03/26 19:52:25 INFO ResourceUtils: ==============================================================
[2025-03-26T19:52:25.113+0000] {spark_submit.py:645} INFO - 25/03/26 19:52:25 INFO ResourceUtils: No custom resources configured for spark.driver.
[2025-03-26T19:52:25.114+0000] {spark_submit.py:645} INFO - 25/03/26 19:52:25 INFO ResourceUtils: ==============================================================
[2025-03-26T19:52:25.115+0000] {spark_submit.py:645} INFO - 25/03/26 19:52:25 INFO SparkContext: Submitted application: Minio Integration with PySpark
[2025-03-26T19:52:25.136+0000] {spark_submit.py:645} INFO - 25/03/26 19:52:25 INFO ResourceProfile: Default ResourceProfile created, executor resources: Map(cores -> name: cores, amount: 1, script: , vendor: , memory -> name: memory, amount: 512, script: , vendor: , offHeap -> name: offHeap, amount: 0, script: , vendor: ), task resources: Map(cpus -> name: cpus, amount: 1.0)
[2025-03-26T19:52:25.147+0000] {spark_submit.py:645} INFO - 25/03/26 19:52:25 INFO ResourceProfile: Limiting resource is cpus at 1 tasks per executor
[2025-03-26T19:52:25.149+0000] {spark_submit.py:645} INFO - 25/03/26 19:52:25 INFO ResourceProfileManager: Added ResourceProfile id: 0
[2025-03-26T19:52:25.207+0000] {spark_submit.py:645} INFO - 25/03/26 19:52:25 INFO SecurityManager: Changing view acls to: ***
[2025-03-26T19:52:25.207+0000] {spark_submit.py:645} INFO - 25/03/26 19:52:25 INFO SecurityManager: Changing modify acls to: ***
[2025-03-26T19:52:25.209+0000] {spark_submit.py:645} INFO - 25/03/26 19:52:25 INFO SecurityManager: Changing view acls groups to:
[2025-03-26T19:52:25.210+0000] {spark_submit.py:645} INFO - 25/03/26 19:52:25 INFO SecurityManager: Changing modify acls groups to:
[2025-03-26T19:52:25.211+0000] {spark_submit.py:645} INFO - 25/03/26 19:52:25 INFO SecurityManager: SecurityManager: authentication disabled; ui acls disabled; users with view permissions: ***; groups with view permissions: EMPTY; users with modify permissions: ***; groups with modify permissions: EMPTY
[2025-03-26T19:52:25.466+0000] {spark_submit.py:645} INFO - 25/03/26 19:52:25 INFO Utils: Successfully started service 'sparkDriver' on port 46353.
[2025-03-26T19:52:25.523+0000] {spark_submit.py:645} INFO - 25/03/26 19:52:25 INFO SparkEnv: Registering MapOutputTracker
[2025-03-26T19:52:25.561+0000] {spark_submit.py:645} INFO - 25/03/26 19:52:25 INFO SparkEnv: Registering BlockManagerMaster
[2025-03-26T19:52:25.579+0000] {spark_submit.py:645} INFO - 25/03/26 19:52:25 INFO BlockManagerMasterEndpoint: Using org.apache.spark.storage.DefaultTopologyMapper for getting topology information
[2025-03-26T19:52:25.580+0000] {spark_submit.py:645} INFO - 25/03/26 19:52:25 INFO BlockManagerMasterEndpoint: BlockManagerMasterEndpoint up
[2025-03-26T19:52:25.585+0000] {spark_submit.py:645} INFO - 25/03/26 19:52:25 INFO SparkEnv: Registering BlockManagerMasterHeartbeat
[2025-03-26T19:52:25.607+0000] {spark_submit.py:645} INFO - 25/03/26 19:52:25 INFO DiskBlockManager: Created local directory at /tmp/blockmgr-4099d563-ecd9-4749-8f5e-acae6b1888b0
[2025-03-26T19:52:25.622+0000] {spark_submit.py:645} INFO - 25/03/26 19:52:25 INFO MemoryStore: MemoryStore started with capacity 434.4 MiB
[2025-03-26T19:52:25.637+0000] {spark_submit.py:645} INFO - 25/03/26 19:52:25 INFO SparkEnv: Registering OutputCommitCoordinator
[2025-03-26T19:52:25.764+0000] {spark_submit.py:645} INFO - 25/03/26 19:52:25 INFO JettyUtils: Start Jetty 0.0.0.0:4040 for SparkUI
[2025-03-26T19:52:25.856+0000] {spark_submit.py:645} INFO - 25/03/26 19:52:25 INFO Utils: Successfully started service 'SparkUI' on port 4040.
[2025-03-26T19:52:25.899+0000] {spark_submit.py:645} INFO - 25/03/26 19:52:25 INFO SparkContext: Added JAR file:///opt/spark_job/jars/aws-java-sdk-bundle-1.12.262.jar at spark://53e3672f02f0:46353/jars/aws-java-sdk-bundle-1.12.262.jar with timestamp 1743018745072
[2025-03-26T19:52:25.901+0000] {spark_submit.py:645} INFO - 25/03/26 19:52:25 INFO SparkContext: Added JAR file:///opt/spark_job/jars/hadoop-aws-3.3.4.jar at spark://53e3672f02f0:46353/jars/hadoop-aws-3.3.4.jar with timestamp 1743018745072
[2025-03-26T19:52:26.002+0000] {spark_submit.py:645} INFO - 25/03/26 19:52:26 INFO StandaloneAppClient$ClientEndpoint: Connecting to master spark://spark-master:7077...
[2025-03-26T19:52:26.058+0000] {spark_submit.py:645} INFO - 25/03/26 19:52:26 INFO TransportClientFactory: Successfully created connection to spark-master/172.18.0.7:7077 after 30 ms (0 ms spent in bootstraps)
[2025-03-26T19:52:26.173+0000] {spark_submit.py:645} INFO - 25/03/26 19:52:26 INFO StandaloneSchedulerBackend: Connected to Spark cluster with app ID app-20250326195226-0007
[2025-03-26T19:52:26.189+0000] {spark_submit.py:645} INFO - 25/03/26 19:52:26 INFO StandaloneAppClient$ClientEndpoint: Executor added: app-20250326195226-0007/0 on worker-20250326191948-172.18.0.6-43665 (172.18.0.6:43665) with 1 core(s)
[2025-03-26T19:52:26.193+0000] {spark_submit.py:645} INFO - 25/03/26 19:52:26 INFO StandaloneSchedulerBackend: Granted executor ID app-20250326195226-0007/0 on hostPort 172.18.0.6:43665 with 1 core(s), 512.0 MiB RAM
[2025-03-26T19:52:26.194+0000] {spark_submit.py:645} INFO - 25/03/26 19:52:26 INFO StandaloneAppClient$ClientEndpoint: Executor added: app-20250326195226-0007/1 on worker-20250326191948-172.18.0.6-43665 (172.18.0.6:43665) with 1 core(s)
[2025-03-26T19:52:26.194+0000] {spark_submit.py:645} INFO - 25/03/26 19:52:26 INFO StandaloneSchedulerBackend: Granted executor ID app-20250326195226-0007/1 on hostPort 172.18.0.6:43665 with 1 core(s), 512.0 MiB RAM
[2025-03-26T19:52:26.195+0000] {spark_submit.py:645} INFO - 25/03/26 19:52:26 INFO StandaloneAppClient$ClientEndpoint: Executor added: app-20250326195226-0007/2 on worker-20250326191948-172.18.0.5-44457 (172.18.0.5:44457) with 1 core(s)
[2025-03-26T19:52:26.195+0000] {spark_submit.py:645} INFO - 25/03/26 19:52:26 INFO StandaloneSchedulerBackend: Granted executor ID app-20250326195226-0007/2 on hostPort 172.18.0.5:44457 with 1 core(s), 512.0 MiB RAM
[2025-03-26T19:52:26.196+0000] {spark_submit.py:645} INFO - 25/03/26 19:52:26 INFO StandaloneAppClient$ClientEndpoint: Executor added: app-20250326195226-0007/3 on worker-20250326191948-172.18.0.5-44457 (172.18.0.5:44457) with 1 core(s)
[2025-03-26T19:52:26.196+0000] {spark_submit.py:645} INFO - 25/03/26 19:52:26 INFO StandaloneSchedulerBackend: Granted executor ID app-20250326195226-0007/3 on hostPort 172.18.0.5:44457 with 1 core(s), 512.0 MiB RAM
[2025-03-26T19:52:26.227+0000] {spark_submit.py:645} INFO - 25/03/26 19:52:26 INFO Utils: Successfully started service 'org.apache.spark.network.netty.NettyBlockTransferService' on port 33493.
[2025-03-26T19:52:26.228+0000] {spark_submit.py:645} INFO - 25/03/26 19:52:26 INFO NettyBlockTransferService: Server created on 53e3672f02f0:33493
[2025-03-26T19:52:26.231+0000] {spark_submit.py:645} INFO - 25/03/26 19:52:26 INFO BlockManager: Using org.apache.spark.storage.RandomBlockReplicationPolicy for block replication policy
[2025-03-26T19:52:26.251+0000] {spark_submit.py:645} INFO - 25/03/26 19:52:26 INFO BlockManagerMaster: Registering BlockManager BlockManagerId(driver, 53e3672f02f0, 33493, None)
[2025-03-26T19:52:26.253+0000] {spark_submit.py:645} INFO - 25/03/26 19:52:26 INFO BlockManagerMasterEndpoint: Registering block manager 53e3672f02f0:33493 with 434.4 MiB RAM, BlockManagerId(driver, 53e3672f02f0, 33493, None)
[2025-03-26T19:52:26.273+0000] {spark_submit.py:645} INFO - 25/03/26 19:52:26 INFO BlockManagerMaster: Registered BlockManager BlockManagerId(driver, 53e3672f02f0, 33493, None)
[2025-03-26T19:52:26.274+0000] {spark_submit.py:645} INFO - 25/03/26 19:52:26 INFO BlockManager: Initialized BlockManager: BlockManagerId(driver, 53e3672f02f0, 33493, None)
[2025-03-26T19:52:26.368+0000] {spark_submit.py:645} INFO - 25/03/26 19:52:26 INFO StandaloneAppClient$ClientEndpoint: Executor updated: app-20250326195226-0007/3 is now RUNNING
[2025-03-26T19:52:26.424+0000] {spark_submit.py:645} INFO - 25/03/26 19:52:26 INFO StandaloneAppClient$ClientEndpoint: Executor updated: app-20250326195226-0007/1 is now RUNNING
[2025-03-26T19:52:26.428+0000] {spark_submit.py:645} INFO - 25/03/26 19:52:26 INFO StandaloneAppClient$ClientEndpoint: Executor updated: app-20250326195226-0007/2 is now RUNNING
[2025-03-26T19:52:26.429+0000] {spark_submit.py:645} INFO - 25/03/26 19:52:26 INFO StandaloneAppClient$ClientEndpoint: Executor updated: app-20250326195226-0007/0 is now RUNNING
[2025-03-26T19:52:26.901+0000] {spark_submit.py:645} INFO - 25/03/26 19:52:26 INFO StandaloneSchedulerBackend: SchedulerBackend is ready for scheduling beginning after reached minRegisteredResourcesRatio: 0.0
[2025-03-26T19:52:27.195+0000] {spark_submit.py:645} INFO - 2025-03-26 19:52:27,194 - INFO - Spark Session criada com sucesso
[2025-03-26T19:52:27.202+0000] {spark_submit.py:645} INFO - 25/03/26 19:52:27 INFO SharedState: Setting hive.metastore.warehouse.dir ('null') to the value of spark.sql.warehouse.dir.
[2025-03-26T19:52:27.205+0000] {spark_submit.py:645} INFO - 25/03/26 19:52:27 INFO SharedState: Warehouse path is 'file:/opt/spark-warehouse'.
[2025-03-26T19:52:29.397+0000] {spark_submit.py:645} INFO - 25/03/26 19:52:29 WARN MetricsConfig: Cannot locate configuration: tried hadoop-metrics2-s3a-file-system.properties,hadoop-metrics2.properties
[2025-03-26T19:52:29.448+0000] {spark_submit.py:645} INFO - 25/03/26 19:52:29 INFO MetricsSystemImpl: Scheduled Metric snapshot period at 10 second(s).
[2025-03-26T19:52:29.448+0000] {spark_submit.py:645} INFO - 25/03/26 19:52:29 INFO MetricsSystemImpl: s3a-file-system metrics system started
[2025-03-26T19:52:29.935+0000] {local_task_job_runner.py:310} WARNING - State of this instance has been externally set to success. Terminating instance.
[2025-03-26T19:52:29.937+0000] {local_task_job_runner.py:222} INFO - ::endgroup::
[2025-03-26T19:52:29.953+0000] {process_utils.py:132} INFO - Sending 15 to group 2430. PIDs of all processes in the group: [2431, 2489, 2430]
[2025-03-26T19:52:29.954+0000] {process_utils.py:87} INFO - Sending the signal 15 to group 2430
[2025-03-26T19:52:29.955+0000] {taskinstance.py:2611} ERROR - Received SIGTERM. Terminating subprocesses.
[2025-03-26T19:52:29.958+0000] {taskinstance.py:441} INFO - ::group::Post task execution logs
[2025-03-26T19:52:30.136+0000] {process_utils.py:80} INFO - Process psutil.Process(pid=2430, status='terminated', exitcode=0, started='19:52:19') (2430) terminated with exit code 0
[2025-03-26T19:52:30.140+0000] {process_utils.py:80} INFO - Process psutil.Process(pid=2489, status='terminated', started='19:52:22') (2489) terminated with exit code None
[2025-03-26T19:52:30.418+0000] {process_utils.py:80} INFO - Process psutil.Process(pid=2431, status='terminated', started='19:52:20') (2431) terminated with exit code None
