[2025-03-26T13:45:22.940+0000] {local_task_job_runner.py:120} INFO - ::group::Pre task execution logs
[2025-03-26T13:45:22.972+0000] {taskinstance.py:2076} INFO - Dependencies all met for dep_context=non-requeueable deps ti=<TaskInstance: etl_pipeline.transformation manual__2025-03-26T13:33:39.761724+00:00 [queued]>
[2025-03-26T13:45:22.981+0000] {taskinstance.py:2076} INFO - Dependencies all met for dep_context=requeueable deps ti=<TaskInstance: etl_pipeline.transformation manual__2025-03-26T13:33:39.761724+00:00 [queued]>
[2025-03-26T13:45:22.982+0000] {taskinstance.py:2306} INFO - Starting attempt 4 of 5
[2025-03-26T13:45:23.012+0000] {taskinstance.py:2330} INFO - Executing <Task(PythonOperator): transformation> on 2025-03-26 13:33:39.761724+00:00
[2025-03-26T13:45:23.019+0000] {standard_task_runner.py:63} INFO - Started process 815 to run task
[2025-03-26T13:45:23.022+0000] {standard_task_runner.py:90} INFO - Running: ['***', 'tasks', 'run', 'etl_pipeline', 'transformation', 'manual__2025-03-26T13:33:39.761724+00:00', '--job-id', '7', '--raw', '--subdir', 'DAGS_FOLDER/etl_pipeline.py', '--cfg-path', '/tmp/tmpta6ehhs3']
[2025-03-26T13:45:23.024+0000] {standard_task_runner.py:91} INFO - Job 7: Subtask transformation
[2025-03-26T13:45:23.100+0000] {task_command.py:426} INFO - Running <TaskInstance: etl_pipeline.transformation manual__2025-03-26T13:33:39.761724+00:00 [running]> on host 9d8a997eda77
[2025-03-26T13:45:23.221+0000] {taskinstance.py:2648} INFO - Exporting env vars: AIRFLOW_CTX_DAG_OWNER='lobobranco' AIRFLOW_CTX_DAG_ID='etl_pipeline' AIRFLOW_CTX_TASK_ID='transformation' AIRFLOW_CTX_EXECUTION_DATE='2025-03-26T13:33:39.761724+00:00' AIRFLOW_CTX_TRY_NUMBER='4' AIRFLOW_CTX_DAG_RUN_ID='manual__2025-03-26T13:33:39.761724+00:00'
[2025-03-26T13:45:23.222+0000] {taskinstance.py:430} INFO - ::endgroup::
[2025-03-26T13:45:23.247+0000] {etl_pipeline.py:76} INFO - Transforming data from file: s3://raw/playlist_20250326_133348.json
[2025-03-26T13:45:23.249+0000] {baseoperator.py:400} WARNING - SparkSubmitOperator.execute cannot be called outside TaskInstance!
[2025-03-26T13:45:23.260+0000] {base.py:84} INFO - Using connection ID 'spark_default' for task execution.
[2025-03-26T13:45:23.260+0000] {spark_submit.py:328} ERROR - Failed to decode base64 keytab: Incorrect padding
[2025-03-26T13:45:23.261+0000] {spark_submit.py:305} INFO - Could not load connection string spark_default, defaulting to spark://spark-master:7077:7077
[2025-03-26T13:45:23.263+0000] {spark_submit.py:474} INFO - Spark-Submit cmd: spark-submit --master spark://spark-master:7077:7077 --conf spark.master=spark://spark-master:7077 --conf spark.executor.memory=2g --conf spark.executor.cores=2 --conf spark.jars=/opt/spark_job/aws-java-sdk-bundle-1.12.262.jar,/opt/spark_job/jars/hadoop-aws-3.3.4.jar --conf spark.hadoop.fs.s3a.endpoint=http://minio:9000 --conf spark.hadoop.fs.s3a.access.key=admin --conf spark.hadoop.fs.s3a.secret.key=****** --conf spark.hadoop.fs.s3a.impl=org.apache.hadoop.fs.s3a.S3AFileSystem --conf spark.hadoop.fs.s3a.path.style.access=true --name arrow-spark --verbose --deploy-mode client /spark_job/data_transformation.py s3://raw/playlist_20250326_133348.json
[2025-03-26T13:45:23.348+0000] {spark_submit.py:645} INFO - /home/***/.local/lib/python3.11/site-packages/pyspark/bin/load-spark-env.sh: line 68: ps: command not found
[2025-03-26T13:45:25.062+0000] {spark_submit.py:645} INFO - Using properties file: null
[2025-03-26T13:45:25.192+0000] {spark_submit.py:645} INFO - Parsed arguments:
[2025-03-26T13:45:25.193+0000] {spark_submit.py:645} INFO - master                  spark://spark-master:7077:7077
[2025-03-26T13:45:25.193+0000] {spark_submit.py:645} INFO - remote                  null
[2025-03-26T13:45:25.194+0000] {spark_submit.py:645} INFO - deployMode              client
[2025-03-26T13:45:25.194+0000] {spark_submit.py:645} INFO - executorMemory          2g
[2025-03-26T13:45:25.194+0000] {spark_submit.py:645} INFO - executorCores           2
[2025-03-26T13:45:25.195+0000] {spark_submit.py:645} INFO - totalExecutorCores      null
[2025-03-26T13:45:25.195+0000] {spark_submit.py:645} INFO - propertiesFile          null
[2025-03-26T13:45:25.195+0000] {spark_submit.py:645} INFO - driverMemory            null
[2025-03-26T13:45:25.196+0000] {spark_submit.py:645} INFO - driverCores             null
[2025-03-26T13:45:25.196+0000] {spark_submit.py:645} INFO - driverExtraClassPath    null
[2025-03-26T13:45:25.196+0000] {spark_submit.py:645} INFO - driverExtraLibraryPath  null
[2025-03-26T13:45:25.197+0000] {spark_submit.py:645} INFO - driverExtraJavaOptions  null
[2025-03-26T13:45:25.197+0000] {spark_submit.py:645} INFO - supervise               false
[2025-03-26T13:45:25.198+0000] {spark_submit.py:645} INFO - queue                   null
[2025-03-26T13:45:25.198+0000] {spark_submit.py:645} INFO - numExecutors            null
[2025-03-26T13:45:25.198+0000] {spark_submit.py:645} INFO - files                   null
[2025-03-26T13:45:25.199+0000] {spark_submit.py:645} INFO - pyFiles                 null
[2025-03-26T13:45:25.199+0000] {spark_submit.py:645} INFO - archives                null
[2025-03-26T13:45:25.199+0000] {spark_submit.py:645} INFO - mainClass               null
[2025-03-26T13:45:25.200+0000] {spark_submit.py:645} INFO - primaryResource         file:/spark_job/data_transformation.py
[2025-03-26T13:45:25.200+0000] {spark_submit.py:645} INFO - name                    arrow-spark
[2025-03-26T13:45:25.200+0000] {spark_submit.py:645} INFO - childArgs               [s3://raw/playlist_20250326_133348.json]
[2025-03-26T13:45:25.201+0000] {spark_submit.py:645} INFO - jars                    /opt/spark_job/aws-java-sdk-bundle-1.12.262.jar,/opt/spark_job/jars/hadoop-aws-3.3.4.jar
[2025-03-26T13:45:25.201+0000] {spark_submit.py:645} INFO - packages                null
[2025-03-26T13:45:25.201+0000] {spark_submit.py:645} INFO - packagesExclusions      null
[2025-03-26T13:45:25.202+0000] {spark_submit.py:645} INFO - repositories            null
[2025-03-26T13:45:25.202+0000] {spark_submit.py:645} INFO - verbose                 true
[2025-03-26T13:45:25.202+0000] {spark_submit.py:645} INFO - 
[2025-03-26T13:45:25.203+0000] {spark_submit.py:645} INFO - Spark properties used, including those specified through
[2025-03-26T13:45:25.204+0000] {spark_submit.py:645} INFO - --conf and those from the properties file null:
[2025-03-26T13:45:25.205+0000] {spark_submit.py:645} INFO - (spark.executor.cores,2)
[2025-03-26T13:45:25.205+0000] {spark_submit.py:645} INFO - (spark.executor.memory,2g)
[2025-03-26T13:45:25.206+0000] {spark_submit.py:645} INFO - (spark.hadoop.fs.s3a.access.key,*********(redacted))
[2025-03-26T13:45:25.206+0000] {spark_submit.py:645} INFO - (spark.hadoop.fs.s3a.endpoint,http://minio:9000)
[2025-03-26T13:45:25.207+0000] {spark_submit.py:645} INFO - (spark.hadoop.fs.s3a.impl,org.apache.hadoop.fs.s3a.S3AFileSystem)
[2025-03-26T13:45:25.207+0000] {spark_submit.py:645} INFO - (spark.hadoop.fs.s3a.path.style.access,true)
[2025-03-26T13:45:25.212+0000] {spark_submit.py:645} INFO - (spark.hadoop.fs.s3a.secret.key,*********(redacted))
[2025-03-26T13:45:25.213+0000] {spark_submit.py:645} INFO - (spark.jars,/opt/spark_job/aws-java-sdk-bundle-1.12.262.jar,/opt/spark_job/jars/hadoop-aws-3.3.4.jar)
[2025-03-26T13:45:25.219+0000] {spark_submit.py:645} INFO - (spark.master,spark://spark-master:7077)
[2025-03-26T13:45:25.223+0000] {spark_submit.py:645} INFO - 
[2025-03-26T13:45:25.236+0000] {spark_submit.py:645} INFO - 
[2025-03-26T13:45:25.545+0000] {spark_submit.py:645} INFO - 25/03/26 13:45:25 WARN NativeCodeLoader: Unable to load native-hadoop library for your platform... using builtin-java classes where applicable
[2025-03-26T13:45:25.736+0000] {spark_submit.py:645} INFO - Main class:
[2025-03-26T13:45:25.737+0000] {spark_submit.py:645} INFO - org.apache.spark.deploy.PythonRunner
[2025-03-26T13:45:25.738+0000] {spark_submit.py:645} INFO - Arguments:
[2025-03-26T13:45:25.738+0000] {spark_submit.py:645} INFO - file:/spark_job/data_transformation.py
[2025-03-26T13:45:25.738+0000] {spark_submit.py:645} INFO - null
[2025-03-26T13:45:25.739+0000] {spark_submit.py:645} INFO - s3://raw/playlist_20250326_133348.json
[2025-03-26T13:45:25.740+0000] {spark_submit.py:645} INFO - Spark config:
[2025-03-26T13:45:25.740+0000] {spark_submit.py:645} INFO - (spark.app.name,arrow-spark)
[2025-03-26T13:45:25.741+0000] {spark_submit.py:645} INFO - (spark.app.submitTime,1742996725719)
[2025-03-26T13:45:25.741+0000] {spark_submit.py:645} INFO - (spark.executor.cores,2)
[2025-03-26T13:45:25.742+0000] {spark_submit.py:645} INFO - (spark.executor.memory,2g)
[2025-03-26T13:45:25.742+0000] {spark_submit.py:645} INFO - (spark.hadoop.fs.s3a.access.key,*********(redacted))
[2025-03-26T13:45:25.742+0000] {spark_submit.py:645} INFO - (spark.hadoop.fs.s3a.endpoint,http://minio:9000)
[2025-03-26T13:45:25.743+0000] {spark_submit.py:645} INFO - (spark.hadoop.fs.s3a.impl,org.apache.hadoop.fs.s3a.S3AFileSystem)
[2025-03-26T13:45:25.743+0000] {spark_submit.py:645} INFO - (spark.hadoop.fs.s3a.path.style.access,true)
[2025-03-26T13:45:25.743+0000] {spark_submit.py:645} INFO - (spark.hadoop.fs.s3a.secret.key,*********(redacted))
[2025-03-26T13:45:25.744+0000] {spark_submit.py:645} INFO - (spark.jars,file:/opt/spark_job/aws-java-sdk-bundle-1.12.262.jar,file:/opt/spark_job/jars/hadoop-aws-3.3.4.jar)
[2025-03-26T13:45:25.744+0000] {spark_submit.py:645} INFO - (spark.master,spark://spark-master:7077:7077)
[2025-03-26T13:45:25.744+0000] {spark_submit.py:645} INFO - (spark.repl.local.jars,file:/opt/spark_job/aws-java-sdk-bundle-1.12.262.jar,file:/opt/spark_job/jars/hadoop-aws-3.3.4.jar)
[2025-03-26T13:45:25.745+0000] {spark_submit.py:645} INFO - (spark.submit.deployMode,client)
[2025-03-26T13:45:25.745+0000] {spark_submit.py:645} INFO - (spark.submit.pyFiles,)
[2025-03-26T13:45:25.745+0000] {spark_submit.py:645} INFO - Classpath elements:
[2025-03-26T13:45:25.746+0000] {spark_submit.py:645} INFO - file:/opt/spark_job/aws-java-sdk-bundle-1.12.262.jar
[2025-03-26T13:45:25.746+0000] {spark_submit.py:645} INFO - file:/opt/spark_job/jars/hadoop-aws-3.3.4.jar
[2025-03-26T13:45:25.746+0000] {spark_submit.py:645} INFO - 
[2025-03-26T13:45:25.746+0000] {spark_submit.py:645} INFO - 
[2025-03-26T13:45:25.747+0000] {spark_submit.py:645} INFO - 25/03/26 13:45:25 WARN DependencyUtils: Local jar /opt/spark_job/aws-java-sdk-bundle-1.12.262.jar does not exist, skipping.
[2025-03-26T13:45:25.747+0000] {spark_submit.py:645} INFO - 25/03/26 13:45:25 WARN DependencyUtils: Local jar /opt/spark_job/jars/hadoop-aws-3.3.4.jar does not exist, skipping.
[2025-03-26T13:45:27.081+0000] {spark_submit.py:645} INFO - 25/03/26 13:45:27 INFO SparkContext: Running Spark version 3.5.5
[2025-03-26T13:45:27.082+0000] {spark_submit.py:645} INFO - 25/03/26 13:45:27 INFO SparkContext: OS info Linux, 5.15.153.1-microsoft-standard-WSL2, amd64
[2025-03-26T13:45:27.082+0000] {spark_submit.py:645} INFO - 25/03/26 13:45:27 INFO SparkContext: Java version 17.0.14
[2025-03-26T13:45:27.119+0000] {spark_submit.py:645} INFO - 25/03/26 13:45:27 INFO ResourceUtils: ==============================================================
[2025-03-26T13:45:27.120+0000] {spark_submit.py:645} INFO - 25/03/26 13:45:27 INFO ResourceUtils: No custom resources configured for spark.driver.
[2025-03-26T13:45:27.120+0000] {spark_submit.py:645} INFO - 25/03/26 13:45:27 INFO ResourceUtils: ==============================================================
[2025-03-26T13:45:27.121+0000] {spark_submit.py:645} INFO - 25/03/26 13:45:27 INFO SparkContext: Submitted application: Minio Integration with PySpark
[2025-03-26T13:45:27.157+0000] {spark_submit.py:645} INFO - 25/03/26 13:45:27 INFO ResourceProfile: Default ResourceProfile created, executor resources: Map(cores -> name: cores, amount: 2, script: , vendor: , memory -> name: memory, amount: 2048, script: , vendor: , offHeap -> name: offHeap, amount: 0, script: , vendor: ), task resources: Map(cpus -> name: cpus, amount: 1.0)
[2025-03-26T13:45:27.193+0000] {spark_submit.py:645} INFO - 25/03/26 13:45:27 INFO ResourceProfile: Limiting resource is cpus at 2 tasks per executor
[2025-03-26T13:45:27.195+0000] {spark_submit.py:645} INFO - 25/03/26 13:45:27 INFO ResourceProfileManager: Added ResourceProfile id: 0
[2025-03-26T13:45:27.265+0000] {spark_submit.py:645} INFO - 25/03/26 13:45:27 INFO SecurityManager: Changing view acls to: ***
[2025-03-26T13:45:27.266+0000] {spark_submit.py:645} INFO - 25/03/26 13:45:27 INFO SecurityManager: Changing modify acls to: ***
[2025-03-26T13:45:27.266+0000] {spark_submit.py:645} INFO - 25/03/26 13:45:27 INFO SecurityManager: Changing view acls groups to:
[2025-03-26T13:45:27.267+0000] {spark_submit.py:645} INFO - 25/03/26 13:45:27 INFO SecurityManager: Changing modify acls groups to:
[2025-03-26T13:45:27.267+0000] {spark_submit.py:645} INFO - 25/03/26 13:45:27 INFO SecurityManager: SecurityManager: authentication disabled; ui acls disabled; users with view permissions: ***; groups with view permissions: EMPTY; users with modify permissions: ***; groups with modify permissions: EMPTY
[2025-03-26T13:45:27.529+0000] {spark_submit.py:645} INFO - 25/03/26 13:45:27 INFO Utils: Successfully started service 'sparkDriver' on port 36027.
[2025-03-26T13:45:27.563+0000] {spark_submit.py:645} INFO - 25/03/26 13:45:27 INFO SparkEnv: Registering MapOutputTracker
[2025-03-26T13:45:27.602+0000] {spark_submit.py:645} INFO - 25/03/26 13:45:27 INFO SparkEnv: Registering BlockManagerMaster
[2025-03-26T13:45:27.623+0000] {spark_submit.py:645} INFO - 25/03/26 13:45:27 INFO BlockManagerMasterEndpoint: Using org.apache.spark.storage.DefaultTopologyMapper for getting topology information
[2025-03-26T13:45:27.624+0000] {spark_submit.py:645} INFO - 25/03/26 13:45:27 INFO BlockManagerMasterEndpoint: BlockManagerMasterEndpoint up
[2025-03-26T13:45:27.628+0000] {spark_submit.py:645} INFO - 25/03/26 13:45:27 INFO SparkEnv: Registering BlockManagerMasterHeartbeat
[2025-03-26T13:45:27.647+0000] {spark_submit.py:645} INFO - 25/03/26 13:45:27 INFO DiskBlockManager: Created local directory at /tmp/blockmgr-7e26499c-2bfc-4c2c-b283-db5d7702873a
[2025-03-26T13:45:27.661+0000] {spark_submit.py:645} INFO - 25/03/26 13:45:27 INFO MemoryStore: MemoryStore started with capacity 434.4 MiB
[2025-03-26T13:45:27.678+0000] {spark_submit.py:645} INFO - 25/03/26 13:45:27 INFO SparkEnv: Registering OutputCommitCoordinator
[2025-03-26T13:45:27.811+0000] {spark_submit.py:645} INFO - 25/03/26 13:45:27 INFO JettyUtils: Start Jetty 0.0.0.0:4040 for SparkUI
[2025-03-26T13:45:27.896+0000] {spark_submit.py:645} INFO - 25/03/26 13:45:27 INFO Utils: Successfully started service 'SparkUI' on port 4040.
[2025-03-26T13:45:27.946+0000] {spark_submit.py:645} INFO - 25/03/26 13:45:27 ERROR SparkContext: Failed to add file:/opt/spark_job/aws-java-sdk-bundle-1.12.262.jar to Spark environment
[2025-03-26T13:45:27.947+0000] {spark_submit.py:645} INFO - java.io.FileNotFoundException: Jar /opt/spark_job/aws-java-sdk-bundle-1.12.262.jar not found
[2025-03-26T13:45:27.947+0000] {spark_submit.py:645} INFO - at org.apache.spark.SparkContext.addLocalJarFile$1(SparkContext.scala:2095)
[2025-03-26T13:45:27.947+0000] {spark_submit.py:645} INFO - at org.apache.spark.SparkContext.addJar(SparkContext.scala:2151)
[2025-03-26T13:45:27.947+0000] {spark_submit.py:645} INFO - at org.apache.spark.SparkContext.$anonfun$new$15(SparkContext.scala:521)
[2025-03-26T13:45:27.948+0000] {spark_submit.py:645} INFO - at org.apache.spark.SparkContext.$anonfun$new$15$adapted(SparkContext.scala:521)
[2025-03-26T13:45:27.948+0000] {spark_submit.py:645} INFO - at scala.collection.mutable.ResizableArray.foreach(ResizableArray.scala:62)
[2025-03-26T13:45:27.948+0000] {spark_submit.py:645} INFO - at scala.collection.mutable.ResizableArray.foreach$(ResizableArray.scala:55)
[2025-03-26T13:45:27.949+0000] {spark_submit.py:645} INFO - at scala.collection.mutable.ArrayBuffer.foreach(ArrayBuffer.scala:49)
[2025-03-26T13:45:27.949+0000] {spark_submit.py:645} INFO - at org.apache.spark.SparkContext.<init>(SparkContext.scala:521)
[2025-03-26T13:45:27.949+0000] {spark_submit.py:645} INFO - at org.apache.spark.api.java.JavaSparkContext.<init>(JavaSparkContext.scala:58)
[2025-03-26T13:45:27.949+0000] {spark_submit.py:645} INFO - at java.base/jdk.internal.reflect.NativeConstructorAccessorImpl.newInstance0(Native Method)
[2025-03-26T13:45:27.950+0000] {spark_submit.py:645} INFO - at java.base/jdk.internal.reflect.NativeConstructorAccessorImpl.newInstance(NativeConstructorAccessorImpl.java:77)
[2025-03-26T13:45:27.950+0000] {spark_submit.py:645} INFO - at java.base/jdk.internal.reflect.DelegatingConstructorAccessorImpl.newInstance(DelegatingConstructorAccessorImpl.java:45)
[2025-03-26T13:45:27.950+0000] {spark_submit.py:645} INFO - at java.base/java.lang.reflect.Constructor.newInstanceWithCaller(Constructor.java:500)
[2025-03-26T13:45:27.951+0000] {spark_submit.py:645} INFO - at java.base/java.lang.reflect.Constructor.newInstance(Constructor.java:481)
[2025-03-26T13:45:27.951+0000] {spark_submit.py:645} INFO - at py4j.reflection.MethodInvoker.invoke(MethodInvoker.java:247)
[2025-03-26T13:45:27.951+0000] {spark_submit.py:645} INFO - at py4j.reflection.ReflectionEngine.invoke(ReflectionEngine.java:374)
[2025-03-26T13:45:27.951+0000] {spark_submit.py:645} INFO - at py4j.Gateway.invoke(Gateway.java:238)
[2025-03-26T13:45:27.952+0000] {spark_submit.py:645} INFO - at py4j.commands.ConstructorCommand.invokeConstructor(ConstructorCommand.java:80)
[2025-03-26T13:45:27.952+0000] {spark_submit.py:645} INFO - at py4j.commands.ConstructorCommand.execute(ConstructorCommand.java:69)
[2025-03-26T13:45:27.952+0000] {spark_submit.py:645} INFO - at py4j.ClientServerConnection.waitForCommands(ClientServerConnection.java:182)
[2025-03-26T13:45:27.953+0000] {spark_submit.py:645} INFO - at py4j.ClientServerConnection.run(ClientServerConnection.java:106)
[2025-03-26T13:45:27.953+0000] {spark_submit.py:645} INFO - at java.base/java.lang.Thread.run(Thread.java:840)
[2025-03-26T13:45:27.953+0000] {spark_submit.py:645} INFO - 25/03/26 13:45:27 ERROR SparkContext: Failed to add file:/opt/spark_job/jars/hadoop-aws-3.3.4.jar to Spark environment
[2025-03-26T13:45:27.953+0000] {spark_submit.py:645} INFO - java.io.FileNotFoundException: Jar /opt/spark_job/jars/hadoop-aws-3.3.4.jar not found
[2025-03-26T13:45:27.954+0000] {spark_submit.py:645} INFO - at org.apache.spark.SparkContext.addLocalJarFile$1(SparkContext.scala:2095)
[2025-03-26T13:45:27.954+0000] {spark_submit.py:645} INFO - at org.apache.spark.SparkContext.addJar(SparkContext.scala:2151)
[2025-03-26T13:45:27.954+0000] {spark_submit.py:645} INFO - at org.apache.spark.SparkContext.$anonfun$new$15(SparkContext.scala:521)
[2025-03-26T13:45:27.954+0000] {spark_submit.py:645} INFO - at org.apache.spark.SparkContext.$anonfun$new$15$adapted(SparkContext.scala:521)
[2025-03-26T13:45:27.955+0000] {spark_submit.py:645} INFO - at scala.collection.mutable.ResizableArray.foreach(ResizableArray.scala:62)
[2025-03-26T13:45:27.955+0000] {spark_submit.py:645} INFO - at scala.collection.mutable.ResizableArray.foreach$(ResizableArray.scala:55)
[2025-03-26T13:45:27.956+0000] {spark_submit.py:645} INFO - at scala.collection.mutable.ArrayBuffer.foreach(ArrayBuffer.scala:49)
[2025-03-26T13:45:27.956+0000] {spark_submit.py:645} INFO - at org.apache.spark.SparkContext.<init>(SparkContext.scala:521)
[2025-03-26T13:45:27.956+0000] {spark_submit.py:645} INFO - at org.apache.spark.api.java.JavaSparkContext.<init>(JavaSparkContext.scala:58)
[2025-03-26T13:45:27.957+0000] {spark_submit.py:645} INFO - at java.base/jdk.internal.reflect.NativeConstructorAccessorImpl.newInstance0(Native Method)
[2025-03-26T13:45:27.957+0000] {spark_submit.py:645} INFO - at java.base/jdk.internal.reflect.NativeConstructorAccessorImpl.newInstance(NativeConstructorAccessorImpl.java:77)
[2025-03-26T13:45:27.957+0000] {spark_submit.py:645} INFO - at java.base/jdk.internal.reflect.DelegatingConstructorAccessorImpl.newInstance(DelegatingConstructorAccessorImpl.java:45)
[2025-03-26T13:45:27.958+0000] {spark_submit.py:645} INFO - at java.base/java.lang.reflect.Constructor.newInstanceWithCaller(Constructor.java:500)
[2025-03-26T13:45:27.958+0000] {spark_submit.py:645} INFO - at java.base/java.lang.reflect.Constructor.newInstance(Constructor.java:481)
[2025-03-26T13:45:27.958+0000] {spark_submit.py:645} INFO - at py4j.reflection.MethodInvoker.invoke(MethodInvoker.java:247)
[2025-03-26T13:45:27.958+0000] {spark_submit.py:645} INFO - at py4j.reflection.ReflectionEngine.invoke(ReflectionEngine.java:374)
[2025-03-26T13:45:27.959+0000] {spark_submit.py:645} INFO - at py4j.Gateway.invoke(Gateway.java:238)
[2025-03-26T13:45:27.959+0000] {spark_submit.py:645} INFO - at py4j.commands.ConstructorCommand.invokeConstructor(ConstructorCommand.java:80)
[2025-03-26T13:45:27.959+0000] {spark_submit.py:645} INFO - at py4j.commands.ConstructorCommand.execute(ConstructorCommand.java:69)
[2025-03-26T13:45:27.959+0000] {spark_submit.py:645} INFO - at py4j.ClientServerConnection.waitForCommands(ClientServerConnection.java:182)
[2025-03-26T13:45:27.960+0000] {spark_submit.py:645} INFO - at py4j.ClientServerConnection.run(ClientServerConnection.java:106)
[2025-03-26T13:45:27.960+0000] {spark_submit.py:645} INFO - at java.base/java.lang.Thread.run(Thread.java:840)
[2025-03-26T13:45:28.042+0000] {spark_submit.py:645} INFO - 25/03/26 13:45:28 ERROR SparkContext: Error initializing SparkContext.
[2025-03-26T13:45:28.043+0000] {spark_submit.py:645} INFO - org.apache.spark.SparkException: Invalid master URL: spark://spark-master:7077:7077
[2025-03-26T13:45:28.043+0000] {spark_submit.py:645} INFO - at org.apache.spark.util.Utils$.extractHostPortFromSparkUrl(Utils.scala:2401)
[2025-03-26T13:45:28.043+0000] {spark_submit.py:645} INFO - at org.apache.spark.rpc.RpcAddress$.fromSparkURL(RpcAddress.scala:54)
[2025-03-26T13:45:28.043+0000] {spark_submit.py:645} INFO - at org.apache.spark.deploy.client.StandaloneAppClient.$anonfun$masterRpcAddresses$1(StandaloneAppClient.scala:54)
[2025-03-26T13:45:28.044+0000] {spark_submit.py:645} INFO - at scala.collection.TraversableLike.$anonfun$map$1(TraversableLike.scala:286)
[2025-03-26T13:45:28.044+0000] {spark_submit.py:645} INFO - at scala.collection.IndexedSeqOptimized.foreach(IndexedSeqOptimized.scala:36)
[2025-03-26T13:45:28.044+0000] {spark_submit.py:645} INFO - at scala.collection.IndexedSeqOptimized.foreach$(IndexedSeqOptimized.scala:33)
[2025-03-26T13:45:28.044+0000] {spark_submit.py:645} INFO - at scala.collection.mutable.ArrayOps$ofRef.foreach(ArrayOps.scala:198)
[2025-03-26T13:45:28.045+0000] {spark_submit.py:645} INFO - at scala.collection.TraversableLike.map(TraversableLike.scala:286)
[2025-03-26T13:45:28.045+0000] {spark_submit.py:645} INFO - at scala.collection.TraversableLike.map$(TraversableLike.scala:279)
[2025-03-26T13:45:28.045+0000] {spark_submit.py:645} INFO - at scala.collection.mutable.ArrayOps$ofRef.map(ArrayOps.scala:198)
[2025-03-26T13:45:28.045+0000] {spark_submit.py:645} INFO - at org.apache.spark.deploy.client.StandaloneAppClient.<init>(StandaloneAppClient.scala:54)
[2025-03-26T13:45:28.046+0000] {spark_submit.py:645} INFO - at org.apache.spark.scheduler.cluster.StandaloneSchedulerBackend.start(StandaloneSchedulerBackend.scala:134)
[2025-03-26T13:45:28.046+0000] {spark_submit.py:645} INFO - at org.apache.spark.scheduler.TaskSchedulerImpl.start(TaskSchedulerImpl.scala:235)
[2025-03-26T13:45:28.046+0000] {spark_submit.py:645} INFO - at org.apache.spark.SparkContext.<init>(SparkContext.scala:599)
[2025-03-26T13:45:28.047+0000] {spark_submit.py:645} INFO - at org.apache.spark.api.java.JavaSparkContext.<init>(JavaSparkContext.scala:58)
[2025-03-26T13:45:28.047+0000] {spark_submit.py:645} INFO - at java.base/jdk.internal.reflect.NativeConstructorAccessorImpl.newInstance0(Native Method)
[2025-03-26T13:45:28.047+0000] {spark_submit.py:645} INFO - at java.base/jdk.internal.reflect.NativeConstructorAccessorImpl.newInstance(NativeConstructorAccessorImpl.java:77)
[2025-03-26T13:45:28.047+0000] {spark_submit.py:645} INFO - at java.base/jdk.internal.reflect.DelegatingConstructorAccessorImpl.newInstance(DelegatingConstructorAccessorImpl.java:45)
[2025-03-26T13:45:28.048+0000] {spark_submit.py:645} INFO - at java.base/java.lang.reflect.Constructor.newInstanceWithCaller(Constructor.java:500)
[2025-03-26T13:45:28.048+0000] {spark_submit.py:645} INFO - at java.base/java.lang.reflect.Constructor.newInstance(Constructor.java:481)
[2025-03-26T13:45:28.048+0000] {spark_submit.py:645} INFO - at py4j.reflection.MethodInvoker.invoke(MethodInvoker.java:247)
[2025-03-26T13:45:28.048+0000] {spark_submit.py:645} INFO - at py4j.reflection.ReflectionEngine.invoke(ReflectionEngine.java:374)
[2025-03-26T13:45:28.049+0000] {spark_submit.py:645} INFO - at py4j.Gateway.invoke(Gateway.java:238)
[2025-03-26T13:45:28.049+0000] {spark_submit.py:645} INFO - at py4j.commands.ConstructorCommand.invokeConstructor(ConstructorCommand.java:80)
[2025-03-26T13:45:28.049+0000] {spark_submit.py:645} INFO - at py4j.commands.ConstructorCommand.execute(ConstructorCommand.java:69)
[2025-03-26T13:45:28.049+0000] {spark_submit.py:645} INFO - at py4j.ClientServerConnection.waitForCommands(ClientServerConnection.java:182)
[2025-03-26T13:45:28.050+0000] {spark_submit.py:645} INFO - at py4j.ClientServerConnection.run(ClientServerConnection.java:106)
[2025-03-26T13:45:28.050+0000] {spark_submit.py:645} INFO - at java.base/java.lang.Thread.run(Thread.java:840)
[2025-03-26T13:45:28.050+0000] {spark_submit.py:645} INFO - 25/03/26 13:45:28 INFO SparkContext: SparkContext is stopping with exitCode 0.
[2025-03-26T13:45:28.063+0000] {spark_submit.py:645} INFO - 25/03/26 13:45:28 INFO SparkUI: Stopped Spark web UI at http://9d8a997eda77:4040
[2025-03-26T13:45:28.069+0000] {spark_submit.py:645} INFO - 25/03/26 13:45:28 INFO StandaloneSchedulerBackend: Shutting down all executors
[2025-03-26T13:45:28.074+0000] {spark_submit.py:645} INFO - 25/03/26 13:45:28 INFO StandaloneSchedulerBackend$StandaloneDriverEndpoint: Asking each executor to shut down
[2025-03-26T13:45:28.101+0000] {spark_submit.py:645} INFO - 25/03/26 13:45:28 INFO MapOutputTrackerMasterEndpoint: MapOutputTrackerMasterEndpoint stopped!
[2025-03-26T13:45:28.125+0000] {spark_submit.py:645} INFO - 25/03/26 13:45:28 INFO MemoryStore: MemoryStore cleared
[2025-03-26T13:45:28.126+0000] {spark_submit.py:645} INFO - 25/03/26 13:45:28 INFO BlockManager: BlockManager stopped
[2025-03-26T13:45:28.132+0000] {spark_submit.py:645} INFO - 25/03/26 13:45:28 INFO BlockManagerMaster: BlockManagerMaster stopped
[2025-03-26T13:45:28.135+0000] {spark_submit.py:645} INFO - 25/03/26 13:45:28 WARN MetricsSystem: Stopping a MetricsSystem that is not running
[2025-03-26T13:45:28.143+0000] {spark_submit.py:645} INFO - 25/03/26 13:45:28 INFO OutputCommitCoordinator$OutputCommitCoordinatorEndpoint: OutputCommitCoordinator stopped!
[2025-03-26T13:45:28.170+0000] {spark_submit.py:645} INFO - 25/03/26 13:45:28 INFO SparkContext: Successfully stopped SparkContext
[2025-03-26T13:45:28.170+0000] {spark_submit.py:645} INFO - Traceback (most recent call last):
[2025-03-26T13:45:28.171+0000] {spark_submit.py:645} INFO - File "/spark_job/data_transformation.py", line 42, in <module>
[2025-03-26T13:45:28.174+0000] {spark_submit.py:645} INFO - spark = create_spark_session()
[2025-03-26T13:45:28.175+0000] {spark_submit.py:645} INFO - ^^^^^^^^^^^^^^^^^^^^^^
[2025-03-26T13:45:28.176+0000] {spark_submit.py:645} INFO - File "/spark_job/data_transformation.py", line 14, in create_spark_session
[2025-03-26T13:45:28.178+0000] {spark_submit.py:645} INFO - .getOrCreate()
[2025-03-26T13:45:28.179+0000] {spark_submit.py:645} INFO - ^^^^^^^^^^^^^
[2025-03-26T13:45:28.179+0000] {spark_submit.py:645} INFO - File "/home/***/.local/lib/python3.11/site-packages/pyspark/python/lib/pyspark.zip/pyspark/sql/session.py", line 497, in getOrCreate
[2025-03-26T13:45:28.180+0000] {spark_submit.py:645} INFO - File "/home/***/.local/lib/python3.11/site-packages/pyspark/python/lib/pyspark.zip/pyspark/context.py", line 515, in getOrCreate
[2025-03-26T13:45:28.181+0000] {spark_submit.py:645} INFO - File "/home/***/.local/lib/python3.11/site-packages/pyspark/python/lib/pyspark.zip/pyspark/context.py", line 203, in __init__
[2025-03-26T13:45:28.182+0000] {spark_submit.py:645} INFO - File "/home/***/.local/lib/python3.11/site-packages/pyspark/python/lib/pyspark.zip/pyspark/context.py", line 296, in _do_init
[2025-03-26T13:45:28.185+0000] {spark_submit.py:645} INFO - File "/home/***/.local/lib/python3.11/site-packages/pyspark/python/lib/pyspark.zip/pyspark/context.py", line 421, in _initialize_context
[2025-03-26T13:45:28.186+0000] {spark_submit.py:645} INFO - File "/home/***/.local/lib/python3.11/site-packages/pyspark/python/lib/py4j-0.10.9.7-src.zip/py4j/java_gateway.py", line 1587, in __call__
[2025-03-26T13:45:28.186+0000] {spark_submit.py:645} INFO - File "/home/***/.local/lib/python3.11/site-packages/pyspark/python/lib/py4j-0.10.9.7-src.zip/py4j/protocol.py", line 326, in get_return_value
[2025-03-26T13:45:28.187+0000] {spark_submit.py:645} INFO - py4j.protocol.Py4JJavaError: An error occurred while calling None.org.apache.spark.api.java.JavaSparkContext.
[2025-03-26T13:45:28.187+0000] {spark_submit.py:645} INFO - : org.apache.spark.SparkException: Invalid master URL: spark://spark-master:7077:7077
[2025-03-26T13:45:28.188+0000] {spark_submit.py:645} INFO - at org.apache.spark.util.Utils$.extractHostPortFromSparkUrl(Utils.scala:2401)
[2025-03-26T13:45:28.188+0000] {spark_submit.py:645} INFO - at org.apache.spark.rpc.RpcAddress$.fromSparkURL(RpcAddress.scala:54)
[2025-03-26T13:45:28.189+0000] {spark_submit.py:645} INFO - at org.apache.spark.deploy.client.StandaloneAppClient.$anonfun$masterRpcAddresses$1(StandaloneAppClient.scala:54)
[2025-03-26T13:45:28.190+0000] {spark_submit.py:645} INFO - at scala.collection.TraversableLike.$anonfun$map$1(TraversableLike.scala:286)
[2025-03-26T13:45:28.191+0000] {spark_submit.py:645} INFO - at scala.collection.IndexedSeqOptimized.foreach(IndexedSeqOptimized.scala:36)
[2025-03-26T13:45:28.192+0000] {spark_submit.py:645} INFO - at scala.collection.IndexedSeqOptimized.foreach$(IndexedSeqOptimized.scala:33)
[2025-03-26T13:45:28.192+0000] {spark_submit.py:645} INFO - at scala.collection.mutable.ArrayOps$ofRef.foreach(ArrayOps.scala:198)
[2025-03-26T13:45:28.193+0000] {spark_submit.py:645} INFO - at scala.collection.TraversableLike.map(TraversableLike.scala:286)
[2025-03-26T13:45:28.194+0000] {spark_submit.py:645} INFO - at scala.collection.TraversableLike.map$(TraversableLike.scala:279)
[2025-03-26T13:45:28.194+0000] {spark_submit.py:645} INFO - at scala.collection.mutable.ArrayOps$ofRef.map(ArrayOps.scala:198)
[2025-03-26T13:45:28.195+0000] {spark_submit.py:645} INFO - at org.apache.spark.deploy.client.StandaloneAppClient.<init>(StandaloneAppClient.scala:54)
[2025-03-26T13:45:28.195+0000] {spark_submit.py:645} INFO - at org.apache.spark.scheduler.cluster.StandaloneSchedulerBackend.start(StandaloneSchedulerBackend.scala:134)
[2025-03-26T13:45:28.196+0000] {spark_submit.py:645} INFO - at org.apache.spark.scheduler.TaskSchedulerImpl.start(TaskSchedulerImpl.scala:235)
[2025-03-26T13:45:28.196+0000] {spark_submit.py:645} INFO - at org.apache.spark.SparkContext.<init>(SparkContext.scala:599)
[2025-03-26T13:45:28.197+0000] {spark_submit.py:645} INFO - at org.apache.spark.api.java.JavaSparkContext.<init>(JavaSparkContext.scala:58)
[2025-03-26T13:45:28.198+0000] {spark_submit.py:645} INFO - at java.base/jdk.internal.reflect.NativeConstructorAccessorImpl.newInstance0(Native Method)
[2025-03-26T13:45:28.198+0000] {spark_submit.py:645} INFO - at java.base/jdk.internal.reflect.NativeConstructorAccessorImpl.newInstance(NativeConstructorAccessorImpl.java:77)
[2025-03-26T13:45:28.199+0000] {spark_submit.py:645} INFO - at java.base/jdk.internal.reflect.DelegatingConstructorAccessorImpl.newInstance(DelegatingConstructorAccessorImpl.java:45)
[2025-03-26T13:45:28.199+0000] {spark_submit.py:645} INFO - at java.base/java.lang.reflect.Constructor.newInstanceWithCaller(Constructor.java:500)
[2025-03-26T13:45:28.199+0000] {spark_submit.py:645} INFO - at java.base/java.lang.reflect.Constructor.newInstance(Constructor.java:481)
[2025-03-26T13:45:28.200+0000] {spark_submit.py:645} INFO - at py4j.reflection.MethodInvoker.invoke(MethodInvoker.java:247)
[2025-03-26T13:45:28.200+0000] {spark_submit.py:645} INFO - at py4j.reflection.ReflectionEngine.invoke(ReflectionEngine.java:374)
[2025-03-26T13:45:28.201+0000] {spark_submit.py:645} INFO - at py4j.Gateway.invoke(Gateway.java:238)
[2025-03-26T13:45:28.201+0000] {spark_submit.py:645} INFO - at py4j.commands.ConstructorCommand.invokeConstructor(ConstructorCommand.java:80)
[2025-03-26T13:45:28.202+0000] {spark_submit.py:645} INFO - at py4j.commands.ConstructorCommand.execute(ConstructorCommand.java:69)
[2025-03-26T13:45:28.202+0000] {spark_submit.py:645} INFO - at py4j.ClientServerConnection.waitForCommands(ClientServerConnection.java:182)
[2025-03-26T13:45:28.203+0000] {spark_submit.py:645} INFO - at py4j.ClientServerConnection.run(ClientServerConnection.java:106)
[2025-03-26T13:45:28.204+0000] {spark_submit.py:645} INFO - at java.base/java.lang.Thread.run(Thread.java:840)
[2025-03-26T13:45:28.204+0000] {spark_submit.py:645} INFO - 
[2025-03-26T13:45:28.279+0000] {spark_submit.py:645} INFO - 25/03/26 13:45:28 INFO ShutdownHookManager: Shutdown hook called
[2025-03-26T13:45:28.280+0000] {spark_submit.py:645} INFO - 25/03/26 13:45:28 INFO ShutdownHookManager: Deleting directory /tmp/spark-35618020-3510-4562-b717-7b1c616677cc
[2025-03-26T13:45:28.286+0000] {spark_submit.py:645} INFO - 25/03/26 13:45:28 INFO ShutdownHookManager: Deleting directory /tmp/spark-0df3a164-6fa9-4e82-926e-753be97f7279
[2025-03-26T13:45:28.346+0000] {taskinstance.py:441} INFO - ::group::Post task execution logs
[2025-03-26T13:45:28.365+0000] {taskinstance.py:2905} ERROR - Task failed with exception
Traceback (most recent call last):
  File "/home/airflow/.local/lib/python3.11/site-packages/airflow/models/taskinstance.py", line 465, in _execute_task
    result = _execute_callable(context=context, **execute_callable_kwargs)
             ^^^^^^^^^^^^^^^^^^^^^^^^^^^^^^^^^^^^^^^^^^^^^^^^^^^^^^^^^^^^^
  File "/home/airflow/.local/lib/python3.11/site-packages/airflow/models/taskinstance.py", line 432, in _execute_callable
    return execute_callable(context=context, **execute_callable_kwargs)
           ^^^^^^^^^^^^^^^^^^^^^^^^^^^^^^^^^^^^^^^^^^^^^^^^^^^^^^^^^^^^
  File "/home/airflow/.local/lib/python3.11/site-packages/airflow/models/baseoperator.py", line 401, in wrapper
    return func(self, *args, **kwargs)
           ^^^^^^^^^^^^^^^^^^^^^^^^^^^
  File "/home/airflow/.local/lib/python3.11/site-packages/airflow/operators/python.py", line 235, in execute
    return_value = self.execute_callable()
                   ^^^^^^^^^^^^^^^^^^^^^^^
  File "/home/airflow/.local/lib/python3.11/site-packages/airflow/operators/python.py", line 252, in execute_callable
    return self.python_callable(*self.op_args, **self.op_kwargs)
           ^^^^^^^^^^^^^^^^^^^^^^^^^^^^^^^^^^^^^^^^^^^^^^^^^^^^^
  File "/opt/airflow/dags/etl_pipeline.py", line 96, in spark_dtransformation
    ).execute(kwargs)
      ^^^^^^^^^^^^^^^
  File "/home/airflow/.local/lib/python3.11/site-packages/airflow/models/baseoperator.py", line 401, in wrapper
    return func(self, *args, **kwargs)
           ^^^^^^^^^^^^^^^^^^^^^^^^^^^
  File "/home/airflow/.local/lib/python3.11/site-packages/airflow/providers/apache/spark/operators/spark_submit.py", line 177, in execute
    self._hook.submit(self.application)
  File "/home/airflow/.local/lib/python3.11/site-packages/airflow/providers/apache/spark/hooks/spark_submit.py", line 567, in submit
    raise AirflowException(
airflow.exceptions.AirflowException: Cannot execute: spark-submit --master spark://spark-master:7077:7077 --conf spark.master=spark://spark-master:7077 --conf spark.executor.memory=2g --conf spark.executor.cores=2 --conf spark.jars=/opt/spark_job/aws-java-sdk-bundle-1.12.262.jar,/opt/spark_job/jars/hadoop-aws-3.3.4.jar --conf spark.hadoop.fs.s3a.endpoint=http://minio:9000 --conf spark.hadoop.fs.s3a.access.key=admin --conf spark.hadoop.fs.s3a.secret.key=****** --conf spark.hadoop.fs.s3a.impl=org.apache.hadoop.fs.s3a.S3AFileSystem --conf spark.hadoop.fs.s3a.path.style.access=true --name arrow-spark --verbose --deploy-mode client /spark_job/data_transformation.py s3://raw/playlist_20250326_133348.json. Error code is: 1.
[2025-03-26T13:45:28.383+0000] {taskinstance.py:1206} INFO - Marking task as UP_FOR_RETRY. dag_id=etl_pipeline, task_id=transformation, run_id=manual__2025-03-26T13:33:39.761724+00:00, execution_date=20250326T133339, start_date=20250326T134522, end_date=20250326T134528
[2025-03-26T13:45:28.441+0000] {standard_task_runner.py:110} ERROR - Failed to execute job 7 for task transformation (Cannot execute: spark-submit --master spark://spark-master:7077:7077 --conf spark.master=spark://spark-master:7077 --conf spark.executor.memory=2g --conf spark.executor.cores=2 --conf spark.jars=/opt/spark_job/aws-java-sdk-bundle-1.12.262.jar,/opt/spark_job/jars/hadoop-aws-3.3.4.jar --conf spark.hadoop.fs.s3a.endpoint=http://minio:9000 --conf spark.hadoop.fs.s3a.access.key=admin --conf spark.hadoop.fs.s3a.secret.key=****** --conf spark.hadoop.fs.s3a.impl=org.apache.hadoop.fs.s3a.S3AFileSystem --conf spark.hadoop.fs.s3a.path.style.access=true --name arrow-spark --verbose --deploy-mode client /spark_job/data_transformation.py s3://raw/playlist_20250326_133348.json. Error code is: 1.; 815)
[2025-03-26T13:45:28.476+0000] {local_task_job_runner.py:240} INFO - Task exited with return code 1
[2025-03-26T13:45:28.515+0000] {taskinstance.py:3503} INFO - 0 downstream tasks scheduled from follow-on schedule check
[2025-03-26T13:45:28.537+0000] {local_task_job_runner.py:222} INFO - ::endgroup::
