[2025-03-30T17:39:22.282+0000] {local_task_job_runner.py:120} INFO - ::group::Pre task execution logs
[2025-03-30T17:39:22.353+0000] {taskinstance.py:2076} INFO - Dependencies all met for dep_context=non-requeueable deps ti=<TaskInstance: etl_pipeline.transformation manual__2025-03-26T13:33:39.761724+00:00 [queued]>
[2025-03-30T17:39:22.362+0000] {taskinstance.py:2076} INFO - Dependencies all met for dep_context=requeueable deps ti=<TaskInstance: etl_pipeline.transformation manual__2025-03-26T13:33:39.761724+00:00 [queued]>
[2025-03-30T17:39:22.363+0000] {taskinstance.py:2306} INFO - Starting attempt 69 of 70
[2025-03-30T17:39:22.417+0000] {taskinstance.py:2330} INFO - Executing <Task(PythonOperator): transformation> on 2025-03-26 13:33:39.761724+00:00
[2025-03-30T17:39:22.424+0000] {standard_task_runner.py:63} INFO - Started process 415 to run task
[2025-03-30T17:39:22.426+0000] {standard_task_runner.py:90} INFO - Running: ['***', 'tasks', 'run', 'etl_pipeline', 'transformation', 'manual__2025-03-26T13:33:39.761724+00:00', '--job-id', '119', '--raw', '--subdir', 'DAGS_FOLDER/etl_pipeline.py', '--cfg-path', '/tmp/tmpxhzf6jtp']
[2025-03-30T17:39:22.429+0000] {standard_task_runner.py:91} INFO - Job 119: Subtask transformation
[2025-03-30T17:39:22.500+0000] {task_command.py:426} INFO - Running <TaskInstance: etl_pipeline.transformation manual__2025-03-26T13:33:39.761724+00:00 [running]> on host 4962f173392a
[2025-03-30T17:39:22.625+0000] {taskinstance.py:2648} INFO - Exporting env vars: AIRFLOW_CTX_DAG_OWNER='lobobranco' AIRFLOW_CTX_DAG_ID='etl_pipeline' AIRFLOW_CTX_TASK_ID='transformation' AIRFLOW_CTX_EXECUTION_DATE='2025-03-26T13:33:39.761724+00:00' AIRFLOW_CTX_TRY_NUMBER='69' AIRFLOW_CTX_DAG_RUN_ID='manual__2025-03-26T13:33:39.761724+00:00'
[2025-03-30T17:39:22.626+0000] {taskinstance.py:430} INFO - ::endgroup::
[2025-03-30T17:39:22.651+0000] {etl_pipeline.py:76} INFO - Transforming data from file: s3://raw/playlist_20250329_132856.json
[2025-03-30T17:39:22.652+0000] {logging_mixin.py:188} INFO - File Path: s3://raw/playlist_20250329_132856.json
[2025-03-30T17:39:22.652+0000] {logging_mixin.py:188} INFO - Processed Bucket: processed
[2025-03-30T17:39:22.653+0000] {baseoperator.py:400} WARNING - SparkSubmitOperator.execute cannot be called outside TaskInstance!
[2025-03-30T17:39:22.665+0000] {base.py:84} INFO - Using connection ID 'spark_default' for task execution.
[2025-03-30T17:39:22.666+0000] {spark_submit.py:328} ERROR - Failed to decode base64 keytab: Incorrect padding
[2025-03-30T17:39:22.667+0000] {spark_submit.py:305} INFO - Could not load connection string spark_default, defaulting to spark://spark-master:7077
[2025-03-30T17:39:22.668+0000] {spark_submit.py:474} INFO - Spark-Submit cmd: spark-submit --master spark://spark-master:7077 --conf spark.executor.memory=512m --conf spark.executor.cores=1 --conf spark.jars=/opt/spark_job/jars/aws-java-sdk-bundle-1.12.262.jar,/opt/spark_job/jars/hadoop-aws-3.3.4.jar --conf spark.hadoop.fs.s3a.endpoint=http://minio:9000 --conf spark.hadoop.fs.s3a.access.key=admin --conf spark.hadoop.fs.s3a.secret.key=****** --conf spark.hadoop.fs.s3a.impl=org.apache.hadoop.fs.s3a.S3AFileSystem --conf spark.hadoop.fs.s3a.path.style.access=true --principal *** --name arrow-spark --verbose --deploy-mode client /opt/spark_job/data_transformation.py s3://raw/playlist_20250329_132856.json processed
[2025-03-30T17:39:22.785+0000] {spark_submit.py:645} INFO - /home/***/.local/lib/python3.11/site-packages/pyspark/bin/load-spark-env.sh: line 68: ps: command not found
[2025-03-30T17:39:25.024+0000] {spark_submit.py:645} INFO - Using properties file: null
[2025-03-30T17:39:25.157+0000] {spark_submit.py:645} INFO - Parsed arguments:
[2025-03-30T17:39:25.158+0000] {spark_submit.py:645} INFO - master                  spark://spark-master:7077
[2025-03-30T17:39:25.158+0000] {spark_submit.py:645} INFO - remote                  null
[2025-03-30T17:39:25.159+0000] {spark_submit.py:645} INFO - deployMode              client
[2025-03-30T17:39:25.160+0000] {spark_submit.py:645} INFO - executorMemory          512m
[2025-03-30T17:39:25.160+0000] {spark_submit.py:645} INFO - executorCores           1
[2025-03-30T17:39:25.161+0000] {spark_submit.py:645} INFO - totalExecutorCores      null
[2025-03-30T17:39:25.162+0000] {spark_submit.py:645} INFO - propertiesFile          null
[2025-03-30T17:39:25.162+0000] {spark_submit.py:645} INFO - driverMemory            null
[2025-03-30T17:39:25.163+0000] {spark_submit.py:645} INFO - driverCores             null
[2025-03-30T17:39:25.163+0000] {spark_submit.py:645} INFO - driverExtraClassPath    null
[2025-03-30T17:39:25.163+0000] {spark_submit.py:645} INFO - driverExtraLibraryPath  null
[2025-03-30T17:39:25.164+0000] {spark_submit.py:645} INFO - driverExtraJavaOptions  null
[2025-03-30T17:39:25.164+0000] {spark_submit.py:645} INFO - supervise               false
[2025-03-30T17:39:25.165+0000] {spark_submit.py:645} INFO - queue                   null
[2025-03-30T17:39:25.165+0000] {spark_submit.py:645} INFO - numExecutors            null
[2025-03-30T17:39:25.165+0000] {spark_submit.py:645} INFO - files                   null
[2025-03-30T17:39:25.166+0000] {spark_submit.py:645} INFO - pyFiles                 null
[2025-03-30T17:39:25.166+0000] {spark_submit.py:645} INFO - archives                null
[2025-03-30T17:39:25.166+0000] {spark_submit.py:645} INFO - mainClass               null
[2025-03-30T17:39:25.167+0000] {spark_submit.py:645} INFO - primaryResource         file:/opt/spark_job/data_transformation.py
[2025-03-30T17:39:25.167+0000] {spark_submit.py:645} INFO - name                    arrow-spark
[2025-03-30T17:39:25.167+0000] {spark_submit.py:645} INFO - childArgs               [s3://raw/playlist_20250329_132856.json processed]
[2025-03-30T17:39:25.168+0000] {spark_submit.py:645} INFO - jars                    /opt/spark_job/jars/aws-java-sdk-bundle-1.12.262.jar,/opt/spark_job/jars/hadoop-aws-3.3.4.jar
[2025-03-30T17:39:25.168+0000] {spark_submit.py:645} INFO - packages                null
[2025-03-30T17:39:25.168+0000] {spark_submit.py:645} INFO - packagesExclusions      null
[2025-03-30T17:39:25.169+0000] {spark_submit.py:645} INFO - repositories            null
[2025-03-30T17:39:25.169+0000] {spark_submit.py:645} INFO - verbose                 true
[2025-03-30T17:39:25.169+0000] {spark_submit.py:645} INFO - 
[2025-03-30T17:39:25.170+0000] {spark_submit.py:645} INFO - Spark properties used, including those specified through
[2025-03-30T17:39:25.170+0000] {spark_submit.py:645} INFO - --conf and those from the properties file null:
[2025-03-30T17:39:25.170+0000] {spark_submit.py:645} INFO - (spark.executor.cores,1)
[2025-03-30T17:39:25.171+0000] {spark_submit.py:645} INFO - (spark.executor.memory,512m)
[2025-03-30T17:39:25.171+0000] {spark_submit.py:645} INFO - (spark.hadoop.fs.s3a.access.key,*********(redacted))
[2025-03-30T17:39:25.172+0000] {spark_submit.py:645} INFO - (spark.hadoop.fs.s3a.endpoint,http://minio:9000)
[2025-03-30T17:39:25.172+0000] {spark_submit.py:645} INFO - (spark.hadoop.fs.s3a.impl,org.apache.hadoop.fs.s3a.S3AFileSystem)
[2025-03-30T17:39:25.173+0000] {spark_submit.py:645} INFO - (spark.hadoop.fs.s3a.path.style.access,true)
[2025-03-30T17:39:25.173+0000] {spark_submit.py:645} INFO - (spark.hadoop.fs.s3a.secret.key,*********(redacted))
[2025-03-30T17:39:25.173+0000] {spark_submit.py:645} INFO - (spark.jars,/opt/spark_job/jars/aws-java-sdk-bundle-1.12.262.jar,/opt/spark_job/jars/hadoop-aws-3.3.4.jar)
[2025-03-30T17:39:25.174+0000] {spark_submit.py:645} INFO - 
[2025-03-30T17:39:25.174+0000] {spark_submit.py:645} INFO - 
[2025-03-30T17:39:25.520+0000] {spark_submit.py:645} INFO - 25/03/30 17:39:25 WARN NativeCodeLoader: Unable to load native-hadoop library for your platform... using builtin-java classes where applicable
[2025-03-30T17:39:25.760+0000] {spark_submit.py:645} INFO - Main class:
[2025-03-30T17:39:25.766+0000] {spark_submit.py:645} INFO - org.apache.spark.deploy.PythonRunner
[2025-03-30T17:39:25.766+0000] {spark_submit.py:645} INFO - Arguments:
[2025-03-30T17:39:25.767+0000] {spark_submit.py:645} INFO - file:/opt/spark_job/data_transformation.py
[2025-03-30T17:39:25.767+0000] {spark_submit.py:645} INFO - null
[2025-03-30T17:39:25.767+0000] {spark_submit.py:645} INFO - s3://raw/playlist_20250329_132856.json
[2025-03-30T17:39:25.768+0000] {spark_submit.py:645} INFO - processed
[2025-03-30T17:39:25.768+0000] {spark_submit.py:645} INFO - Spark config:
[2025-03-30T17:39:25.768+0000] {spark_submit.py:645} INFO - (spark.app.name,arrow-spark)
[2025-03-30T17:39:25.769+0000] {spark_submit.py:645} INFO - (spark.app.submitTime,1743356365742)
[2025-03-30T17:39:25.769+0000] {spark_submit.py:645} INFO - (spark.executor.cores,1)
[2025-03-30T17:39:25.769+0000] {spark_submit.py:645} INFO - (spark.executor.memory,512m)
[2025-03-30T17:39:25.770+0000] {spark_submit.py:645} INFO - (spark.hadoop.fs.s3a.access.key,*********(redacted))
[2025-03-30T17:39:25.770+0000] {spark_submit.py:645} INFO - (spark.hadoop.fs.s3a.endpoint,http://minio:9000)
[2025-03-30T17:39:25.771+0000] {spark_submit.py:645} INFO - (spark.hadoop.fs.s3a.impl,org.apache.hadoop.fs.s3a.S3AFileSystem)
[2025-03-30T17:39:25.771+0000] {spark_submit.py:645} INFO - (spark.hadoop.fs.s3a.path.style.access,true)
[2025-03-30T17:39:25.771+0000] {spark_submit.py:645} INFO - (spark.hadoop.fs.s3a.secret.key,*********(redacted))
[2025-03-30T17:39:25.771+0000] {spark_submit.py:645} INFO - (spark.jars,file:///opt/spark_job/jars/aws-java-sdk-bundle-1.12.262.jar,file:///opt/spark_job/jars/hadoop-aws-3.3.4.jar)
[2025-03-30T17:39:25.772+0000] {spark_submit.py:645} INFO - (spark.kerberos.principal,***)
[2025-03-30T17:39:25.772+0000] {spark_submit.py:645} INFO - (spark.master,spark://spark-master:7077)
[2025-03-30T17:39:25.772+0000] {spark_submit.py:645} INFO - (spark.repl.local.jars,file:///opt/spark_job/jars/aws-java-sdk-bundle-1.12.262.jar,file:///opt/spark_job/jars/hadoop-aws-3.3.4.jar)
[2025-03-30T17:39:25.772+0000] {spark_submit.py:645} INFO - (spark.submit.deployMode,client)
[2025-03-30T17:39:25.773+0000] {spark_submit.py:645} INFO - (spark.submit.pyFiles,)
[2025-03-30T17:39:25.773+0000] {spark_submit.py:645} INFO - Classpath elements:
[2025-03-30T17:39:25.773+0000] {spark_submit.py:645} INFO - file:///opt/spark_job/jars/aws-java-sdk-bundle-1.12.262.jar
[2025-03-30T17:39:25.774+0000] {spark_submit.py:645} INFO - file:///opt/spark_job/jars/hadoop-aws-3.3.4.jar
[2025-03-30T17:39:25.774+0000] {spark_submit.py:645} INFO - 
[2025-03-30T17:39:25.774+0000] {spark_submit.py:645} INFO - 
[2025-03-30T17:39:26.823+0000] {spark_submit.py:645} INFO - 2025-03-30 17:39:26,823 - INFO - Iniciando a configuração da Spark Session
[2025-03-30T17:39:27.610+0000] {spark_submit.py:645} INFO - 25/03/30 17:39:27 INFO SparkContext: Running Spark version 3.5.3
[2025-03-30T17:39:27.611+0000] {spark_submit.py:645} INFO - 25/03/30 17:39:27 INFO SparkContext: OS info Linux, 5.15.153.1-microsoft-standard-WSL2, amd64
[2025-03-30T17:39:27.612+0000] {spark_submit.py:645} INFO - 25/03/30 17:39:27 INFO SparkContext: Java version 17.0.14
[2025-03-30T17:39:27.647+0000] {spark_submit.py:645} INFO - 25/03/30 17:39:27 INFO ResourceUtils: ==============================================================
[2025-03-30T17:39:27.648+0000] {spark_submit.py:645} INFO - 25/03/30 17:39:27 INFO ResourceUtils: No custom resources configured for spark.driver.
[2025-03-30T17:39:27.648+0000] {spark_submit.py:645} INFO - 25/03/30 17:39:27 INFO ResourceUtils: ==============================================================
[2025-03-30T17:39:27.648+0000] {spark_submit.py:645} INFO - 25/03/30 17:39:27 INFO SparkContext: Submitted application: Minio Integration with PySpark
[2025-03-30T17:39:27.672+0000] {spark_submit.py:645} INFO - 25/03/30 17:39:27 INFO ResourceProfile: Default ResourceProfile created, executor resources: Map(cores -> name: cores, amount: 1, script: , vendor: , memory -> name: memory, amount: 512, script: , vendor: , offHeap -> name: offHeap, amount: 0, script: , vendor: ), task resources: Map(cpus -> name: cpus, amount: 1.0)
[2025-03-30T17:39:27.684+0000] {spark_submit.py:645} INFO - 25/03/30 17:39:27 INFO ResourceProfile: Limiting resource is cpus at 1 tasks per executor
[2025-03-30T17:39:27.687+0000] {spark_submit.py:645} INFO - 25/03/30 17:39:27 INFO ResourceProfileManager: Added ResourceProfile id: 0
[2025-03-30T17:39:27.751+0000] {spark_submit.py:645} INFO - 25/03/30 17:39:27 INFO SecurityManager: Changing view acls to: ***
[2025-03-30T17:39:27.751+0000] {spark_submit.py:645} INFO - 25/03/30 17:39:27 INFO SecurityManager: Changing modify acls to: ***
[2025-03-30T17:39:27.752+0000] {spark_submit.py:645} INFO - 25/03/30 17:39:27 INFO SecurityManager: Changing view acls groups to:
[2025-03-30T17:39:27.753+0000] {spark_submit.py:645} INFO - 25/03/30 17:39:27 INFO SecurityManager: Changing modify acls groups to:
[2025-03-30T17:39:27.753+0000] {spark_submit.py:645} INFO - 25/03/30 17:39:27 INFO SecurityManager: SecurityManager: authentication disabled; ui acls disabled; users with view permissions: ***; groups with view permissions: EMPTY; users with modify permissions: ***; groups with modify permissions: EMPTY
[2025-03-30T17:39:28.005+0000] {spark_submit.py:645} INFO - 25/03/30 17:39:28 INFO Utils: Successfully started service 'sparkDriver' on port 44815.
[2025-03-30T17:39:28.033+0000] {spark_submit.py:645} INFO - 25/03/30 17:39:28 INFO SparkEnv: Registering MapOutputTracker
[2025-03-30T17:39:28.077+0000] {spark_submit.py:645} INFO - 25/03/30 17:39:28 INFO SparkEnv: Registering BlockManagerMaster
[2025-03-30T17:39:28.094+0000] {spark_submit.py:645} INFO - 25/03/30 17:39:28 INFO BlockManagerMasterEndpoint: Using org.apache.spark.storage.DefaultTopologyMapper for getting topology information
[2025-03-30T17:39:28.095+0000] {spark_submit.py:645} INFO - 25/03/30 17:39:28 INFO BlockManagerMasterEndpoint: BlockManagerMasterEndpoint up
[2025-03-30T17:39:28.099+0000] {spark_submit.py:645} INFO - 25/03/30 17:39:28 INFO SparkEnv: Registering BlockManagerMasterHeartbeat
[2025-03-30T17:39:28.119+0000] {spark_submit.py:645} INFO - 25/03/30 17:39:28 INFO DiskBlockManager: Created local directory at /tmp/blockmgr-29a66001-5031-487c-9ee2-a63b0a6ffbc5
[2025-03-30T17:39:28.132+0000] {spark_submit.py:645} INFO - 25/03/30 17:39:28 INFO MemoryStore: MemoryStore started with capacity 434.4 MiB
[2025-03-30T17:39:28.146+0000] {spark_submit.py:645} INFO - 25/03/30 17:39:28 INFO SparkEnv: Registering OutputCommitCoordinator
[2025-03-30T17:39:28.268+0000] {spark_submit.py:645} INFO - 25/03/30 17:39:28 INFO JettyUtils: Start Jetty 0.0.0.0:4040 for SparkUI
[2025-03-30T17:39:28.346+0000] {spark_submit.py:645} INFO - 25/03/30 17:39:28 INFO Utils: Successfully started service 'SparkUI' on port 4040.
[2025-03-30T17:39:28.391+0000] {spark_submit.py:645} INFO - 25/03/30 17:39:28 INFO SparkContext: Added JAR file:///opt/spark_job/jars/aws-java-sdk-bundle-1.12.262.jar at spark://4962f173392a:44815/jars/aws-java-sdk-bundle-1.12.262.jar with timestamp 1743356367600
[2025-03-30T17:39:28.393+0000] {spark_submit.py:645} INFO - 25/03/30 17:39:28 INFO SparkContext: Added JAR file:///opt/spark_job/jars/hadoop-aws-3.3.4.jar at spark://4962f173392a:44815/jars/hadoop-aws-3.3.4.jar with timestamp 1743356367600
[2025-03-30T17:39:28.491+0000] {spark_submit.py:645} INFO - 25/03/30 17:39:28 INFO StandaloneAppClient$ClientEndpoint: Connecting to master spark://spark-master:7077...
[2025-03-30T17:39:28.558+0000] {spark_submit.py:645} INFO - 25/03/30 17:39:28 INFO TransportClientFactory: Successfully created connection to spark-master/172.18.0.6:7077 after 30 ms (0 ms spent in bootstraps)
[2025-03-30T17:39:28.665+0000] {spark_submit.py:645} INFO - 25/03/30 17:39:28 INFO StandaloneSchedulerBackend: Connected to Spark cluster with app ID app-20250330173928-0002
[2025-03-30T17:39:28.666+0000] {spark_submit.py:645} INFO - 25/03/30 17:39:28 INFO StandaloneAppClient$ClientEndpoint: Executor added: app-20250330173928-0002/0 on worker-20250330171833-172.18.0.5-45767 (172.18.0.5:45767) with 1 core(s)
[2025-03-30T17:39:28.668+0000] {spark_submit.py:645} INFO - 25/03/30 17:39:28 INFO StandaloneSchedulerBackend: Granted executor ID app-20250330173928-0002/0 on hostPort 172.18.0.5:45767 with 1 core(s), 512.0 MiB RAM
[2025-03-30T17:39:28.685+0000] {spark_submit.py:645} INFO - 25/03/30 17:39:28 INFO StandaloneAppClient$ClientEndpoint: Executor added: app-20250330173928-0002/1 on worker-20250330171833-172.18.0.5-45767 (172.18.0.5:45767) with 1 core(s)
[2025-03-30T17:39:28.791+0000] {spark_submit.py:645} INFO - 25/03/30 17:39:28 INFO StandaloneSchedulerBackend: Granted executor ID app-20250330173928-0002/1 on hostPort 172.18.0.5:45767 with 1 core(s), 512.0 MiB RAM
[2025-03-30T17:39:28.792+0000] {spark_submit.py:645} INFO - 25/03/30 17:39:28 INFO StandaloneAppClient$ClientEndpoint: Executor added: app-20250330173928-0002/2 on worker-20250330171833-172.18.0.7-40325 (172.18.0.7:40325) with 1 core(s)
[2025-03-30T17:39:28.792+0000] {spark_submit.py:645} INFO - 25/03/30 17:39:28 INFO StandaloneSchedulerBackend: Granted executor ID app-20250330173928-0002/2 on hostPort 172.18.0.7:40325 with 1 core(s), 512.0 MiB RAM
[2025-03-30T17:39:28.793+0000] {spark_submit.py:645} INFO - 25/03/30 17:39:28 INFO StandaloneAppClient$ClientEndpoint: Executor added: app-20250330173928-0002/3 on worker-20250330171833-172.18.0.7-40325 (172.18.0.7:40325) with 1 core(s)
[2025-03-30T17:39:28.793+0000] {spark_submit.py:645} INFO - 25/03/30 17:39:28 INFO StandaloneSchedulerBackend: Granted executor ID app-20250330173928-0002/3 on hostPort 172.18.0.7:40325 with 1 core(s), 512.0 MiB RAM
[2025-03-30T17:39:28.793+0000] {spark_submit.py:645} INFO - 25/03/30 17:39:28 INFO Utils: Successfully started service 'org.apache.spark.network.netty.NettyBlockTransferService' on port 46775.
[2025-03-30T17:39:28.794+0000] {spark_submit.py:645} INFO - 25/03/30 17:39:28 INFO NettyBlockTransferService: Server created on 4962f173392a:46775
[2025-03-30T17:39:28.794+0000] {spark_submit.py:645} INFO - 25/03/30 17:39:28 INFO BlockManager: Using org.apache.spark.storage.RandomBlockReplicationPolicy for block replication policy
[2025-03-30T17:39:28.794+0000] {spark_submit.py:645} INFO - 25/03/30 17:39:28 INFO BlockManagerMaster: Registering BlockManager BlockManagerId(driver, 4962f173392a, 46775, None)
[2025-03-30T17:39:28.795+0000] {spark_submit.py:645} INFO - 25/03/30 17:39:28 INFO BlockManagerMasterEndpoint: Registering block manager 4962f173392a:46775 with 434.4 MiB RAM, BlockManagerId(driver, 4962f173392a, 46775, None)
[2025-03-30T17:39:28.795+0000] {spark_submit.py:645} INFO - 25/03/30 17:39:28 INFO BlockManagerMaster: Registered BlockManager BlockManagerId(driver, 4962f173392a, 46775, None)
[2025-03-30T17:39:28.795+0000] {spark_submit.py:645} INFO - 25/03/30 17:39:28 INFO BlockManager: Initialized BlockManager: BlockManagerId(driver, 4962f173392a, 46775, None)
[2025-03-30T17:39:29.566+0000] {spark_submit.py:645} INFO - 25/03/30 17:39:29 INFO StandaloneSchedulerBackend: SchedulerBackend is ready for scheduling beginning after reached minRegisteredResourcesRatio: 0.0
[2025-03-30T17:39:30.089+0000] {spark_submit.py:645} INFO - 2025-03-30 17:39:30,086 - INFO - Spark Session criada com sucesso
[2025-03-30T17:39:30.092+0000] {spark_submit.py:645} INFO - 2025-03-30 17:39:30,086 - INFO - Leitura iniciada !!!!!!.
[2025-03-30T17:39:30.098+0000] {spark_submit.py:645} INFO - 3.5.3
[2025-03-30T17:39:30.106+0000] {spark_submit.py:645} INFO - 25/03/30 17:39:30 INFO SharedState: Setting hive.metastore.warehouse.dir ('null') to the value of spark.sql.warehouse.dir.
[2025-03-30T17:39:30.119+0000] {spark_submit.py:645} INFO - 25/03/30 17:39:30 INFO SharedState: Warehouse path is 'file:/opt/spark-warehouse'.
[2025-03-30T17:39:30.894+0000] {spark_submit.py:645} INFO - 25/03/30 17:39:30 INFO StandaloneAppClient$ClientEndpoint: Executor updated: app-20250330173928-0002/0 is now RUNNING
[2025-03-30T17:39:30.899+0000] {spark_submit.py:645} INFO - 25/03/30 17:39:30 INFO StandaloneAppClient$ClientEndpoint: Executor updated: app-20250330173928-0002/2 is now RUNNING
[2025-03-30T17:39:30.953+0000] {spark_submit.py:645} INFO - 25/03/30 17:39:30 INFO StandaloneAppClient$ClientEndpoint: Executor updated: app-20250330173928-0002/3 is now RUNNING
[2025-03-30T17:39:30.953+0000] {spark_submit.py:645} INFO - 25/03/30 17:39:30 INFO StandaloneAppClient$ClientEndpoint: Executor updated: app-20250330173928-0002/1 is now RUNNING
[2025-03-30T17:39:32.384+0000] {spark_submit.py:645} INFO - 25/03/30 17:39:32 WARN MetricsConfig: Cannot locate configuration: tried hadoop-metrics2-s3a-file-system.properties,hadoop-metrics2.properties
[2025-03-30T17:39:32.400+0000] {spark_submit.py:645} INFO - 25/03/30 17:39:32 INFO MetricsSystemImpl: Scheduled Metric snapshot period at 10 second(s).
[2025-03-30T17:39:32.400+0000] {spark_submit.py:645} INFO - 25/03/30 17:39:32 INFO MetricsSystemImpl: s3a-file-system metrics system started
[2025-03-30T17:39:36.352+0000] {spark_submit.py:645} INFO - 25/03/30 17:39:36 INFO InMemoryFileIndex: It took 361 ms to list leaf files for 1 paths.
[2025-03-30T17:39:36.801+0000] {spark_submit.py:645} INFO - 25/03/30 17:39:36 INFO MemoryStore: Block broadcast_0 stored as values in memory (estimated size 209.2 KiB, free 434.2 MiB)
[2025-03-30T17:39:36.956+0000] {spark_submit.py:645} INFO - 25/03/30 17:39:36 INFO MemoryStore: Block broadcast_0_piece0 stored as bytes in memory (estimated size 35.4 KiB, free 434.2 MiB)
[2025-03-30T17:39:36.973+0000] {spark_submit.py:645} INFO - 25/03/30 17:39:36 INFO BlockManagerInfo: Added broadcast_0_piece0 in memory on 4962f173392a:46775 (size: 35.4 KiB, free: 434.4 MiB)
[2025-03-30T17:39:36.983+0000] {spark_submit.py:645} INFO - 25/03/30 17:39:36 INFO SparkContext: Created broadcast 0 from json at NativeMethodAccessorImpl.java:0
[2025-03-30T17:39:37.752+0000] {spark_submit.py:645} INFO - 25/03/30 17:39:37 INFO FileInputFormat: Total input files to process : 1
[2025-03-30T17:39:37.784+0000] {spark_submit.py:645} INFO - 25/03/30 17:39:37 INFO FileInputFormat: Total input files to process : 1
[2025-03-30T17:39:37.816+0000] {spark_submit.py:645} INFO - 25/03/30 17:39:37 INFO SparkContext: Starting job: json at NativeMethodAccessorImpl.java:0
[2025-03-30T17:39:37.849+0000] {spark_submit.py:645} INFO - 25/03/30 17:39:37 INFO DAGScheduler: Got job 0 (json at NativeMethodAccessorImpl.java:0) with 1 output partitions
[2025-03-30T17:39:37.852+0000] {spark_submit.py:645} INFO - 25/03/30 17:39:37 INFO DAGScheduler: Final stage: ResultStage 0 (json at NativeMethodAccessorImpl.java:0)
[2025-03-30T17:39:37.855+0000] {spark_submit.py:645} INFO - 25/03/30 17:39:37 INFO DAGScheduler: Parents of final stage: List()
[2025-03-30T17:39:37.856+0000] {spark_submit.py:645} INFO - 25/03/30 17:39:37 INFO DAGScheduler: Missing parents: List()
[2025-03-30T17:39:37.894+0000] {spark_submit.py:645} INFO - 25/03/30 17:39:37 INFO DAGScheduler: Submitting ResultStage 0 (MapPartitionsRDD[2] at json at NativeMethodAccessorImpl.java:0), which has no missing parents
[2025-03-30T17:39:38.024+0000] {spark_submit.py:645} INFO - 25/03/30 17:39:38 INFO MemoryStore: Block broadcast_1 stored as values in memory (estimated size 9.3 KiB, free 434.2 MiB)
[2025-03-30T17:39:38.059+0000] {spark_submit.py:645} INFO - 25/03/30 17:39:38 INFO MemoryStore: Block broadcast_1_piece0 stored as bytes in memory (estimated size 5.0 KiB, free 434.1 MiB)
[2025-03-30T17:39:38.063+0000] {spark_submit.py:645} INFO - 25/03/30 17:39:38 INFO BlockManagerInfo: Added broadcast_1_piece0 in memory on 4962f173392a:46775 (size: 5.0 KiB, free: 434.4 MiB)
[2025-03-30T17:39:38.064+0000] {spark_submit.py:645} INFO - 25/03/30 17:39:38 INFO SparkContext: Created broadcast 1 from broadcast at DAGScheduler.scala:1585
[2025-03-30T17:39:38.090+0000] {spark_submit.py:645} INFO - 25/03/30 17:39:38 INFO DAGScheduler: Submitting 1 missing tasks from ResultStage 0 (MapPartitionsRDD[2] at json at NativeMethodAccessorImpl.java:0) (first 15 tasks are for partitions Vector(0))
[2025-03-30T17:39:38.093+0000] {spark_submit.py:645} INFO - 25/03/30 17:39:38 INFO TaskSchedulerImpl: Adding task set 0.0 with 1 tasks resource profile 0
[2025-03-30T17:39:39.994+0000] {spark_submit.py:645} INFO - 25/03/30 17:39:39 INFO StandaloneSchedulerBackend$StandaloneDriverEndpoint: Registered executor NettyRpcEndpointRef(spark-client://Executor) (172.18.0.7:42712) with ID 3,  ResourceProfileId 0
[2025-03-30T17:39:39.996+0000] {spark_submit.py:645} INFO - 25/03/30 17:39:39 INFO StandaloneSchedulerBackend$StandaloneDriverEndpoint: Registered executor NettyRpcEndpointRef(spark-client://Executor) (172.18.0.7:42696) with ID 2,  ResourceProfileId 0
[2025-03-30T17:39:40.079+0000] {spark_submit.py:645} INFO - 25/03/30 17:39:40 INFO StandaloneSchedulerBackend$StandaloneDriverEndpoint: Registered executor NettyRpcEndpointRef(spark-client://Executor) (172.18.0.5:48276) with ID 1,  ResourceProfileId 0
[2025-03-30T17:39:40.127+0000] {spark_submit.py:645} INFO - 25/03/30 17:39:40 INFO StandaloneSchedulerBackend$StandaloneDriverEndpoint: Registered executor NettyRpcEndpointRef(spark-client://Executor) (172.18.0.5:48274) with ID 0,  ResourceProfileId 0
[2025-03-30T17:39:40.431+0000] {spark_submit.py:645} INFO - 25/03/30 17:39:40 INFO BlockManagerMasterEndpoint: Registering block manager 172.18.0.5:37901 with 127.2 MiB RAM, BlockManagerId(0, 172.18.0.5, 37901, None)
[2025-03-30T17:39:40.445+0000] {spark_submit.py:645} INFO - 25/03/30 17:39:40 INFO BlockManagerMasterEndpoint: Registering block manager 172.18.0.7:42575 with 127.2 MiB RAM, BlockManagerId(3, 172.18.0.7, 42575, None)
[2025-03-30T17:39:40.453+0000] {spark_submit.py:645} INFO - 25/03/30 17:39:40 INFO BlockManagerMasterEndpoint: Registering block manager 172.18.0.7:37765 with 127.2 MiB RAM, BlockManagerId(2, 172.18.0.7, 37765, None)
[2025-03-30T17:39:40.454+0000] {spark_submit.py:645} INFO - 25/03/30 17:39:40 INFO BlockManagerMasterEndpoint: Registering block manager 172.18.0.5:35781 with 127.2 MiB RAM, BlockManagerId(1, 172.18.0.5, 35781, None)
[2025-03-30T17:40:39.096+0000] {spark_submit.py:645} INFO - 25/03/30 17:40:39 INFO AsyncEventQueue: Process of event SparkListenerExecutorMetricsUpdate(0,WrappedArray(),Map()) by listener AppStatusListener took 3.339795079s.
[2025-03-30T17:41:08.329+0000] {spark_submit.py:645} INFO - 25/03/30 17:41:08 INFO TaskSetManager: Starting task 0.0 in stage 0.0 (TID 0) (172.18.0.5, executor 1, partition 0, PROCESS_LOCAL, 9420 bytes)
[2025-03-30T17:41:30.404+0000] {spark_submit.py:645} INFO - 25/03/30 17:41:30 INFO BlockManagerInfo: Added broadcast_1_piece0 in memory on 172.18.0.5:35781 (size: 5.0 KiB, free: 127.2 MiB)
[2025-03-30T17:41:34.169+0000] {spark_submit.py:645} INFO - 25/03/30 17:41:34 INFO BlockManagerInfo: Added broadcast_0_piece0 in memory on 172.18.0.5:35781 (size: 35.4 KiB, free: 127.2 MiB)
[2025-03-30T17:41:39.278+0000] {spark_submit.py:645} INFO - 25/03/30 17:41:39 INFO TaskSetManager: Finished task 0.0 in stage 0.0 (TID 0) in 30970 ms on 172.18.0.5 (executor 1) (1/1)
[2025-03-30T17:41:39.279+0000] {spark_submit.py:645} INFO - 25/03/30 17:41:39 INFO TaskSchedulerImpl: Removed TaskSet 0.0, whose tasks have all completed, from pool
[2025-03-30T17:41:39.284+0000] {spark_submit.py:645} INFO - 25/03/30 17:41:39 INFO DAGScheduler: ResultStage 0 (json at NativeMethodAccessorImpl.java:0) finished in 121.354 s
[2025-03-30T17:41:39.289+0000] {spark_submit.py:645} INFO - 25/03/30 17:41:39 INFO DAGScheduler: Job 0 is finished. Cancelling potential speculative or zombie tasks for this job
[2025-03-30T17:41:39.290+0000] {spark_submit.py:645} INFO - 25/03/30 17:41:39 INFO TaskSchedulerImpl: Killing all running tasks in stage 0: Stage finished
[2025-03-30T17:41:39.297+0000] {spark_submit.py:645} INFO - 25/03/30 17:41:39 INFO DAGScheduler: Job 0 finished: json at NativeMethodAccessorImpl.java:0, took 121.509813 s
[2025-03-30T17:41:39.934+0000] {spark_submit.py:645} INFO - 25/03/30 17:41:39 INFO BlockManagerInfo: Removed broadcast_1_piece0 on 4962f173392a:46775 in memory (size: 5.0 KiB, free: 434.4 MiB)
[2025-03-30T17:41:40.012+0000] {spark_submit.py:645} INFO - 25/03/30 17:41:39 INFO BlockManagerInfo: Removed broadcast_1_piece0 on 172.18.0.5:35781 in memory (size: 5.0 KiB, free: 127.2 MiB)
[2025-03-30T17:41:41.841+0000] {spark_submit.py:645} INFO - 2025-03-30 17:41:41,792 - INFO - Leitura finalizada !!!!!!!.
[2025-03-30T17:41:41.843+0000] {spark_submit.py:645} INFO - 2025-03-30 17:41:41,792 - INFO - Processo de transformação iniciada.
[2025-03-30T17:41:43.238+0000] {spark_submit.py:645} INFO - 25/03/30 17:41:43 INFO BlockManagerInfo: Removed broadcast_0_piece0 on 4962f173392a:46775 in memory (size: 35.4 KiB, free: 434.4 MiB)
[2025-03-30T17:41:43.241+0000] {spark_submit.py:645} INFO - 25/03/30 17:41:43 INFO BlockManagerInfo: Removed broadcast_0_piece0 on 172.18.0.5:35781 in memory (size: 35.4 KiB, free: 127.2 MiB)
[2025-03-30T17:41:43.334+0000] {spark_submit.py:645} INFO - 25/03/30 17:41:43 INFO FileSourceStrategy: Pushed Filters:
[2025-03-30T17:41:43.335+0000] {spark_submit.py:645} INFO - 25/03/30 17:41:43 INFO FileSourceStrategy: Post-Scan Filters: (size(items#0.track.artists, true) > 0),isnotnull(items#0.track.artists)
[2025-03-30T17:41:49.964+0000] {spark_submit.py:645} INFO - 25/03/30 17:41:49 INFO CodeGenerator: Code generated in 4425.193316 ms
[2025-03-30T17:41:49.973+0000] {spark_submit.py:645} INFO - 25/03/30 17:41:49 INFO MemoryStore: Block broadcast_2 stored as values in memory (estimated size 208.7 KiB, free 434.2 MiB)
[2025-03-30T17:41:49.996+0000] {spark_submit.py:645} INFO - 25/03/30 17:41:49 INFO MemoryStore: Block broadcast_2_piece0 stored as bytes in memory (estimated size 35.4 KiB, free 434.2 MiB)
[2025-03-30T17:41:49.998+0000] {spark_submit.py:645} INFO - 25/03/30 17:41:49 INFO BlockManagerInfo: Added broadcast_2_piece0 in memory on 4962f173392a:46775 (size: 35.4 KiB, free: 434.4 MiB)
[2025-03-30T17:41:50.002+0000] {spark_submit.py:645} INFO - 25/03/30 17:41:50 INFO SparkContext: Created broadcast 2 from count at NativeMethodAccessorImpl.java:0
[2025-03-30T17:41:50.015+0000] {spark_submit.py:645} INFO - 25/03/30 17:41:50 INFO FileSourceScanExec: Planning scan with bin packing, max size: 4194304 bytes, open cost is considered as scanning 4194304 bytes.
[2025-03-30T17:41:51.096+0000] {spark_submit.py:645} INFO - 25/03/30 17:41:51 INFO DAGScheduler: Registering RDD 6 (count at NativeMethodAccessorImpl.java:0) as input to shuffle 0
[2025-03-30T17:41:51.159+0000] {spark_submit.py:645} INFO - 25/03/30 17:41:51 INFO DAGScheduler: Got map stage job 1 (count at NativeMethodAccessorImpl.java:0) with 1 output partitions
[2025-03-30T17:41:51.161+0000] {spark_submit.py:645} INFO - 25/03/30 17:41:51 INFO DAGScheduler: Final stage: ShuffleMapStage 1 (count at NativeMethodAccessorImpl.java:0)
[2025-03-30T17:41:51.206+0000] {spark_submit.py:645} INFO - 25/03/30 17:41:51 INFO DAGScheduler: Parents of final stage: List()
[2025-03-30T17:41:51.208+0000] {spark_submit.py:645} INFO - 25/03/30 17:41:51 INFO DAGScheduler: Missing parents: List()
[2025-03-30T17:41:51.216+0000] {spark_submit.py:645} INFO - 25/03/30 17:41:51 INFO DAGScheduler: Submitting ShuffleMapStage 1 (MapPartitionsRDD[6] at count at NativeMethodAccessorImpl.java:0), which has no missing parents
[2025-03-30T17:41:51.219+0000] {spark_submit.py:645} INFO - 25/03/30 17:41:51 INFO MemoryStore: Block broadcast_3 stored as values in memory (estimated size 92.6 KiB, free 434.1 MiB)
[2025-03-30T17:41:51.220+0000] {spark_submit.py:645} INFO - 25/03/30 17:41:51 INFO MemoryStore: Block broadcast_3_piece0 stored as bytes in memory (estimated size 32.0 KiB, free 434.0 MiB)
[2025-03-30T17:41:51.221+0000] {spark_submit.py:645} INFO - 25/03/30 17:41:51 INFO BlockManagerInfo: Added broadcast_3_piece0 in memory on 4962f173392a:46775 (size: 32.0 KiB, free: 434.3 MiB)
[2025-03-30T17:41:51.223+0000] {spark_submit.py:645} INFO - 25/03/30 17:41:51 INFO SparkContext: Created broadcast 3 from broadcast at DAGScheduler.scala:1585
[2025-03-30T17:41:51.224+0000] {spark_submit.py:645} INFO - 25/03/30 17:41:51 INFO DAGScheduler: Submitting 1 missing tasks from ShuffleMapStage 1 (MapPartitionsRDD[6] at count at NativeMethodAccessorImpl.java:0) (first 15 tasks are for partitions Vector(0))
[2025-03-30T17:41:51.225+0000] {spark_submit.py:645} INFO - 25/03/30 17:41:51 INFO TaskSchedulerImpl: Adding task set 1.0 with 1 tasks resource profile 0
[2025-03-30T17:41:51.225+0000] {spark_submit.py:645} INFO - 25/03/30 17:41:51 INFO TaskSetManager: Starting task 0.0 in stage 1.0 (TID 1) (172.18.0.7, executor 3, partition 0, PROCESS_LOCAL, 9880 bytes)
[2025-03-30T17:41:52.146+0000] {spark_submit.py:645} INFO - 25/03/30 17:41:52 INFO BlockManagerInfo: Added broadcast_3_piece0 in memory on 172.18.0.7:42575 (size: 32.0 KiB, free: 127.2 MiB)
[2025-03-30T17:42:02.989+0000] {spark_submit.py:645} INFO - 25/03/30 17:42:02 INFO BlockManagerInfo: Added broadcast_2_piece0 in memory on 172.18.0.7:42575 (size: 35.4 KiB, free: 127.1 MiB)
[2025-03-30T17:42:07.269+0000] {spark_submit.py:645} INFO - 25/03/30 17:42:07 INFO TaskSetManager: Finished task 0.0 in stage 1.0 (TID 1) in 16056 ms on 172.18.0.7 (executor 3) (1/1)
[2025-03-30T17:42:07.282+0000] {spark_submit.py:645} INFO - 25/03/30 17:42:07 INFO TaskSchedulerImpl: Removed TaskSet 1.0, whose tasks have all completed, from pool
[2025-03-30T17:42:07.292+0000] {spark_submit.py:645} INFO - 25/03/30 17:42:07 INFO DAGScheduler: ShuffleMapStage 1 (count at NativeMethodAccessorImpl.java:0) finished in 16.207 s
[2025-03-30T17:42:07.294+0000] {spark_submit.py:645} INFO - 25/03/30 17:42:07 INFO DAGScheduler: looking for newly runnable stages
[2025-03-30T17:42:07.304+0000] {spark_submit.py:645} INFO - 25/03/30 17:42:07 INFO DAGScheduler: running: Set()
[2025-03-30T17:42:07.312+0000] {spark_submit.py:645} INFO - 25/03/30 17:42:07 INFO DAGScheduler: waiting: Set()
[2025-03-30T17:42:07.322+0000] {spark_submit.py:645} INFO - 25/03/30 17:42:07 INFO DAGScheduler: failed: Set()
[2025-03-30T17:42:07.743+0000] {spark_submit.py:645} INFO - 25/03/30 17:42:07 INFO ShufflePartitionsUtil: For shuffle(0), advisory target size: 67108864, actual target size 1048576, minimum partition size: 1048576
[2025-03-30T17:42:07.914+0000] {spark_submit.py:645} INFO - 25/03/30 17:42:07 INFO CodeGenerator: Code generated in 35.697596 ms
[2025-03-30T17:42:07.946+0000] {spark_submit.py:645} INFO - 25/03/30 17:42:07 INFO DAGScheduler: Registering RDD 9 (count at NativeMethodAccessorImpl.java:0) as input to shuffle 1
[2025-03-30T17:42:07.947+0000] {spark_submit.py:645} INFO - 25/03/30 17:42:07 INFO DAGScheduler: Got map stage job 2 (count at NativeMethodAccessorImpl.java:0) with 1 output partitions
[2025-03-30T17:42:07.948+0000] {spark_submit.py:645} INFO - 25/03/30 17:42:07 INFO DAGScheduler: Final stage: ShuffleMapStage 3 (count at NativeMethodAccessorImpl.java:0)
[2025-03-30T17:42:07.948+0000] {spark_submit.py:645} INFO - 25/03/30 17:42:07 INFO DAGScheduler: Parents of final stage: List(ShuffleMapStage 2)
[2025-03-30T17:42:07.948+0000] {spark_submit.py:645} INFO - 25/03/30 17:42:07 INFO DAGScheduler: Missing parents: List()
[2025-03-30T17:42:07.949+0000] {spark_submit.py:645} INFO - 25/03/30 17:42:07 INFO DAGScheduler: Submitting ShuffleMapStage 3 (MapPartitionsRDD[9] at count at NativeMethodAccessorImpl.java:0), which has no missing parents
[2025-03-30T17:42:07.970+0000] {spark_submit.py:645} INFO - 25/03/30 17:42:07 INFO MemoryStore: Block broadcast_4 stored as values in memory (estimated size 54.5 KiB, free 434.0 MiB)
[2025-03-30T17:42:08.005+0000] {spark_submit.py:645} INFO - 25/03/30 17:42:08 INFO MemoryStore: Block broadcast_4_piece0 stored as bytes in memory (estimated size 24.4 KiB, free 434.0 MiB)
[2025-03-30T17:42:08.056+0000] {spark_submit.py:645} INFO - 25/03/30 17:42:08 INFO BlockManagerInfo: Removed broadcast_3_piece0 on 4962f173392a:46775 in memory (size: 32.0 KiB, free: 434.4 MiB)
[2025-03-30T17:42:08.057+0000] {spark_submit.py:645} INFO - 25/03/30 17:42:08 INFO BlockManagerInfo: Added broadcast_4_piece0 in memory on 4962f173392a:46775 (size: 24.4 KiB, free: 434.3 MiB)
[2025-03-30T17:42:08.058+0000] {spark_submit.py:645} INFO - 25/03/30 17:42:08 INFO SparkContext: Created broadcast 4 from broadcast at DAGScheduler.scala:1585
[2025-03-30T17:42:08.059+0000] {spark_submit.py:645} INFO - 25/03/30 17:42:08 INFO DAGScheduler: Submitting 1 missing tasks from ShuffleMapStage 3 (MapPartitionsRDD[9] at count at NativeMethodAccessorImpl.java:0) (first 15 tasks are for partitions Vector(0))
[2025-03-30T17:42:08.059+0000] {spark_submit.py:645} INFO - 25/03/30 17:42:08 INFO TaskSchedulerImpl: Adding task set 3.0 with 1 tasks resource profile 0
[2025-03-30T17:42:08.067+0000] {spark_submit.py:645} INFO - 25/03/30 17:42:08 INFO TaskSetManager: Starting task 0.0 in stage 3.0 (TID 2) (172.18.0.7, executor 3, partition 0, NODE_LOCAL, 9278 bytes)
[2025-03-30T17:42:08.184+0000] {spark_submit.py:645} INFO - 25/03/30 17:42:08 INFO BlockManagerInfo: Added broadcast_4_piece0 in memory on 172.18.0.7:42575 (size: 24.4 KiB, free: 127.1 MiB)
[2025-03-30T17:42:08.365+0000] {spark_submit.py:645} INFO - 25/03/30 17:42:08 INFO BlockManagerInfo: Removed broadcast_3_piece0 on 172.18.0.7:42575 in memory (size: 32.0 KiB, free: 127.1 MiB)
[2025-03-30T17:42:08.374+0000] {spark_submit.py:645} INFO - 25/03/30 17:42:08 INFO MapOutputTrackerMasterEndpoint: Asked to send map output locations for shuffle 0 to 172.18.0.7:42712
[2025-03-30T17:42:10.149+0000] {spark_submit.py:645} INFO - 25/03/30 17:42:10 INFO TaskSetManager: Finished task 0.0 in stage 3.0 (TID 2) in 2084 ms on 172.18.0.7 (executor 3) (1/1)
[2025-03-30T17:42:10.151+0000] {spark_submit.py:645} INFO - 25/03/30 17:42:10 INFO TaskSchedulerImpl: Removed TaskSet 3.0, whose tasks have all completed, from pool
[2025-03-30T17:42:10.173+0000] {spark_submit.py:645} INFO - 25/03/30 17:42:10 INFO DAGScheduler: ShuffleMapStage 3 (count at NativeMethodAccessorImpl.java:0) finished in 2.186 s
[2025-03-30T17:42:10.173+0000] {spark_submit.py:645} INFO - 25/03/30 17:42:10 INFO DAGScheduler: looking for newly runnable stages
[2025-03-30T17:42:10.174+0000] {spark_submit.py:645} INFO - 25/03/30 17:42:10 INFO DAGScheduler: running: Set()
[2025-03-30T17:42:10.174+0000] {spark_submit.py:645} INFO - 25/03/30 17:42:10 INFO DAGScheduler: waiting: Set()
[2025-03-30T17:42:10.175+0000] {spark_submit.py:645} INFO - 25/03/30 17:42:10 INFO DAGScheduler: failed: Set()
[2025-03-30T17:42:10.298+0000] {spark_submit.py:645} INFO - 25/03/30 17:42:10 INFO CodeGenerator: Code generated in 19.210253 ms
[2025-03-30T17:42:10.317+0000] {spark_submit.py:645} INFO - 25/03/30 17:42:10 INFO SparkContext: Starting job: count at NativeMethodAccessorImpl.java:0
[2025-03-30T17:42:10.320+0000] {spark_submit.py:645} INFO - 25/03/30 17:42:10 INFO DAGScheduler: Got job 3 (count at NativeMethodAccessorImpl.java:0) with 1 output partitions
[2025-03-30T17:42:10.320+0000] {spark_submit.py:645} INFO - 25/03/30 17:42:10 INFO DAGScheduler: Final stage: ResultStage 6 (count at NativeMethodAccessorImpl.java:0)
[2025-03-30T17:42:10.321+0000] {spark_submit.py:645} INFO - 25/03/30 17:42:10 INFO DAGScheduler: Parents of final stage: List(ShuffleMapStage 5)
[2025-03-30T17:42:10.321+0000] {spark_submit.py:645} INFO - 25/03/30 17:42:10 INFO DAGScheduler: Missing parents: List()
[2025-03-30T17:42:10.321+0000] {spark_submit.py:645} INFO - 25/03/30 17:42:10 INFO DAGScheduler: Submitting ResultStage 6 (MapPartitionsRDD[12] at count at NativeMethodAccessorImpl.java:0), which has no missing parents
[2025-03-30T17:42:10.324+0000] {spark_submit.py:645} INFO - 25/03/30 17:42:10 INFO MemoryStore: Block broadcast_5 stored as values in memory (estimated size 12.5 KiB, free 434.1 MiB)
[2025-03-30T17:42:10.354+0000] {spark_submit.py:645} INFO - 25/03/30 17:42:10 INFO MemoryStore: Block broadcast_5_piece0 stored as bytes in memory (estimated size 5.9 KiB, free 434.1 MiB)
[2025-03-30T17:42:10.356+0000] {spark_submit.py:645} INFO - 25/03/30 17:42:10 INFO BlockManagerInfo: Added broadcast_5_piece0 in memory on 4962f173392a:46775 (size: 5.9 KiB, free: 434.3 MiB)
[2025-03-30T17:42:10.359+0000] {spark_submit.py:645} INFO - 25/03/30 17:42:10 INFO SparkContext: Created broadcast 5 from broadcast at DAGScheduler.scala:1585
[2025-03-30T17:42:10.360+0000] {spark_submit.py:645} INFO - 25/03/30 17:42:10 INFO DAGScheduler: Submitting 1 missing tasks from ResultStage 6 (MapPartitionsRDD[12] at count at NativeMethodAccessorImpl.java:0) (first 15 tasks are for partitions Vector(0))
[2025-03-30T17:42:10.361+0000] {spark_submit.py:645} INFO - 25/03/30 17:42:10 INFO TaskSchedulerImpl: Adding task set 6.0 with 1 tasks resource profile 0
[2025-03-30T17:42:10.377+0000] {spark_submit.py:645} INFO - 25/03/30 17:42:10 INFO TaskSetManager: Starting task 0.0 in stage 6.0 (TID 3) (172.18.0.7, executor 2, partition 0, NODE_LOCAL, 9289 bytes)
[2025-03-30T17:42:10.401+0000] {spark_submit.py:645} INFO - 25/03/30 17:42:10 INFO BlockManagerInfo: Removed broadcast_4_piece0 on 172.18.0.7:42575 in memory (size: 24.4 KiB, free: 127.2 MiB)
[2025-03-30T17:42:10.423+0000] {spark_submit.py:645} INFO - 25/03/30 17:42:10 INFO BlockManagerInfo: Removed broadcast_4_piece0 on 4962f173392a:46775 in memory (size: 24.4 KiB, free: 434.4 MiB)
[2025-03-30T17:42:12.018+0000] {spark_submit.py:645} INFO - 25/03/30 17:42:12 INFO BlockManagerInfo: Added broadcast_5_piece0 in memory on 172.18.0.7:37765 (size: 5.9 KiB, free: 127.2 MiB)
[2025-03-30T17:42:12.785+0000] {spark_submit.py:645} INFO - 25/03/30 17:42:12 INFO MapOutputTrackerMasterEndpoint: Asked to send map output locations for shuffle 1 to 172.18.0.7:42696
[2025-03-30T17:42:13.676+0000] {spark_submit.py:645} INFO - 25/03/30 17:42:13 INFO TaskSetManager: Finished task 0.0 in stage 6.0 (TID 3) in 3299 ms on 172.18.0.7 (executor 2) (1/1)
[2025-03-30T17:42:13.676+0000] {spark_submit.py:645} INFO - 25/03/30 17:42:13 INFO TaskSchedulerImpl: Removed TaskSet 6.0, whose tasks have all completed, from pool
[2025-03-30T17:42:13.678+0000] {spark_submit.py:645} INFO - 25/03/30 17:42:13 INFO DAGScheduler: ResultStage 6 (count at NativeMethodAccessorImpl.java:0) finished in 3.355 s
[2025-03-30T17:42:13.678+0000] {spark_submit.py:645} INFO - 25/03/30 17:42:13 INFO DAGScheduler: Job 3 is finished. Cancelling potential speculative or zombie tasks for this job
[2025-03-30T17:42:13.678+0000] {spark_submit.py:645} INFO - 25/03/30 17:42:13 INFO TaskSchedulerImpl: Killing all running tasks in stage 6: Stage finished
[2025-03-30T17:42:13.679+0000] {spark_submit.py:645} INFO - 25/03/30 17:42:13 INFO DAGScheduler: Job 3 finished: count at NativeMethodAccessorImpl.java:0, took 3.361022 s
[2025-03-30T17:42:13.687+0000] {spark_submit.py:645} INFO - 322
[2025-03-30T17:42:13.688+0000] {spark_submit.py:645} INFO - 2025-03-30 17:42:13,687 - INFO - Processo finalizado.
[2025-03-30T17:42:13.689+0000] {spark_submit.py:645} INFO - 25/03/30 17:42:13 INFO SparkContext: SparkContext is stopping with exitCode 0.
[2025-03-30T17:42:13.706+0000] {spark_submit.py:645} INFO - 25/03/30 17:42:13 INFO SparkUI: Stopped Spark web UI at http://4962f173392a:4040
[2025-03-30T17:42:13.710+0000] {spark_submit.py:645} INFO - 25/03/30 17:42:13 INFO StandaloneSchedulerBackend: Shutting down all executors
[2025-03-30T17:42:13.711+0000] {spark_submit.py:645} INFO - 25/03/30 17:42:13 INFO StandaloneSchedulerBackend$StandaloneDriverEndpoint: Asking each executor to shut down
[2025-03-30T17:42:13.844+0000] {spark_submit.py:645} INFO - 25/03/30 17:42:13 INFO MapOutputTrackerMasterEndpoint: MapOutputTrackerMasterEndpoint stopped!
[2025-03-30T17:42:14.031+0000] {spark_submit.py:645} INFO - 25/03/30 17:42:14 INFO MemoryStore: MemoryStore cleared
[2025-03-30T17:42:14.034+0000] {spark_submit.py:645} INFO - 25/03/30 17:42:14 INFO BlockManager: BlockManager stopped
[2025-03-30T17:42:14.044+0000] {spark_submit.py:645} INFO - 25/03/30 17:42:14 INFO BlockManagerMaster: BlockManagerMaster stopped
[2025-03-30T17:42:14.048+0000] {spark_submit.py:645} INFO - 25/03/30 17:42:14 INFO OutputCommitCoordinator$OutputCommitCoordinatorEndpoint: OutputCommitCoordinator stopped!
[2025-03-30T17:42:14.081+0000] {spark_submit.py:645} INFO - 25/03/30 17:42:14 INFO SparkContext: Successfully stopped SparkContext
[2025-03-30T17:42:14.471+0000] {spark_submit.py:645} INFO - 2025-03-30 17:42:14,470 - INFO - Closing down clientserver connection
[2025-03-30T17:42:14.566+0000] {spark_submit.py:645} INFO - 25/03/30 17:42:14 INFO ShutdownHookManager: Shutdown hook called
[2025-03-30T17:42:14.567+0000] {spark_submit.py:645} INFO - 25/03/30 17:42:14 INFO ShutdownHookManager: Deleting directory /tmp/spark-e6d2109d-4b75-4198-976a-7d6e60ecbb61/pyspark-60680553-f70b-47c5-924f-8760929e6419
[2025-03-30T17:42:14.573+0000] {spark_submit.py:645} INFO - 25/03/30 17:42:14 INFO ShutdownHookManager: Deleting directory /tmp/spark-e6d2109d-4b75-4198-976a-7d6e60ecbb61
[2025-03-30T17:42:14.592+0000] {spark_submit.py:645} INFO - 25/03/30 17:42:14 INFO ShutdownHookManager: Deleting directory /tmp/spark-d213c6c2-cabc-4d59-abd6-e848dbf8afe2
[2025-03-30T17:42:14.627+0000] {spark_submit.py:645} INFO - 25/03/30 17:42:14 INFO MetricsSystemImpl: Stopping s3a-file-system metrics system...
[2025-03-30T17:42:14.628+0000] {spark_submit.py:645} INFO - 25/03/30 17:42:14 INFO MetricsSystemImpl: s3a-file-system metrics system stopped.
[2025-03-30T17:42:14.628+0000] {spark_submit.py:645} INFO - 25/03/30 17:42:14 INFO MetricsSystemImpl: s3a-file-system metrics system shutdown complete.
[2025-03-30T17:42:14.691+0000] {python.py:237} INFO - Done. Returned value was: None
[2025-03-30T17:42:14.691+0000] {taskinstance.py:441} INFO - ::group::Post task execution logs
[2025-03-30T17:42:14.704+0000] {taskinstance.py:1206} INFO - Marking task as SUCCESS. dag_id=etl_pipeline, task_id=transformation, run_id=manual__2025-03-26T13:33:39.761724+00:00, execution_date=20250326T133339, start_date=20250330T173922, end_date=20250330T174214
[2025-03-30T17:42:14.848+0000] {local_task_job_runner.py:240} INFO - Task exited with return code 0
[2025-03-30T17:42:14.866+0000] {taskinstance.py:3503} INFO - 0 downstream tasks scheduled from follow-on schedule check
[2025-03-30T17:42:14.932+0000] {local_task_job_runner.py:222} INFO - ::endgroup::
