[2025-03-30T17:48:33.950+0000] {local_task_job_runner.py:120} INFO - ::group::Pre task execution logs
[2025-03-30T17:48:33.986+0000] {taskinstance.py:2076} INFO - Dependencies all met for dep_context=non-requeueable deps ti=<TaskInstance: etl_pipeline.transformation manual__2025-03-26T13:33:39.761724+00:00 [queued]>
[2025-03-30T17:48:33.995+0000] {taskinstance.py:2076} INFO - Dependencies all met for dep_context=requeueable deps ti=<TaskInstance: etl_pipeline.transformation manual__2025-03-26T13:33:39.761724+00:00 [queued]>
[2025-03-30T17:48:33.996+0000] {taskinstance.py:2306} INFO - Starting attempt 71 of 72
[2025-03-30T17:48:34.033+0000] {taskinstance.py:2330} INFO - Executing <Task(PythonOperator): transformation> on 2025-03-26 13:33:39.761724+00:00
[2025-03-30T17:48:34.041+0000] {standard_task_runner.py:63} INFO - Started process 863 to run task
[2025-03-30T17:48:34.044+0000] {standard_task_runner.py:90} INFO - Running: ['***', 'tasks', 'run', 'etl_pipeline', 'transformation', 'manual__2025-03-26T13:33:39.761724+00:00', '--job-id', '121', '--raw', '--subdir', 'DAGS_FOLDER/etl_pipeline.py', '--cfg-path', '/tmp/tmp_vcuahp2']
[2025-03-30T17:48:34.049+0000] {standard_task_runner.py:91} INFO - Job 121: Subtask transformation
[2025-03-30T17:48:34.145+0000] {task_command.py:426} INFO - Running <TaskInstance: etl_pipeline.transformation manual__2025-03-26T13:33:39.761724+00:00 [running]> on host 4962f173392a
[2025-03-30T17:48:34.297+0000] {taskinstance.py:2648} INFO - Exporting env vars: AIRFLOW_CTX_DAG_OWNER='lobobranco' AIRFLOW_CTX_DAG_ID='etl_pipeline' AIRFLOW_CTX_TASK_ID='transformation' AIRFLOW_CTX_EXECUTION_DATE='2025-03-26T13:33:39.761724+00:00' AIRFLOW_CTX_TRY_NUMBER='71' AIRFLOW_CTX_DAG_RUN_ID='manual__2025-03-26T13:33:39.761724+00:00'
[2025-03-30T17:48:34.298+0000] {taskinstance.py:430} INFO - ::endgroup::
[2025-03-30T17:48:34.324+0000] {etl_pipeline.py:76} INFO - Transforming data from file: s3://raw/playlist_20250329_132856.json
[2025-03-30T17:48:34.325+0000] {logging_mixin.py:188} INFO - File Path: s3://raw/playlist_20250329_132856.json
[2025-03-30T17:48:34.326+0000] {logging_mixin.py:188} INFO - Processed Bucket: processed
[2025-03-30T17:48:34.327+0000] {baseoperator.py:400} WARNING - SparkSubmitOperator.execute cannot be called outside TaskInstance!
[2025-03-30T17:48:34.339+0000] {base.py:84} INFO - Using connection ID 'spark_default' for task execution.
[2025-03-30T17:48:34.340+0000] {spark_submit.py:328} ERROR - Failed to decode base64 keytab: Incorrect padding
[2025-03-30T17:48:34.340+0000] {spark_submit.py:305} INFO - Could not load connection string spark_default, defaulting to spark://spark-master:7077
[2025-03-30T17:48:34.342+0000] {spark_submit.py:474} INFO - Spark-Submit cmd: spark-submit --master spark://spark-master:7077 --conf spark.executor.memory=512m --conf spark.executor.cores=1 --conf spark.jars=/opt/spark_job/jars/aws-java-sdk-bundle-1.12.262.jar,/opt/spark_job/jars/hadoop-aws-3.3.4.jar --conf spark.hadoop.fs.s3a.endpoint=http://minio:9000 --conf spark.hadoop.fs.s3a.access.key=admin --conf spark.hadoop.fs.s3a.secret.key=****** --conf spark.hadoop.fs.s3a.impl=org.apache.hadoop.fs.s3a.S3AFileSystem --conf spark.hadoop.fs.s3a.path.style.access=true --principal *** --name arrow-spark --verbose --deploy-mode client /opt/spark_job/data_transformation.py s3://raw/playlist_20250329_132856.json processed
[2025-03-30T17:48:34.382+0000] {spark_submit.py:645} INFO - /home/***/.local/lib/python3.11/site-packages/pyspark/bin/load-spark-env.sh: line 68: ps: command not found
[2025-03-30T17:48:35.937+0000] {spark_submit.py:645} INFO - Using properties file: null
[2025-03-30T17:48:36.060+0000] {spark_submit.py:645} INFO - Parsed arguments:
[2025-03-30T17:48:36.061+0000] {spark_submit.py:645} INFO - master                  spark://spark-master:7077
[2025-03-30T17:48:36.061+0000] {spark_submit.py:645} INFO - remote                  null
[2025-03-30T17:48:36.062+0000] {spark_submit.py:645} INFO - deployMode              client
[2025-03-30T17:48:36.062+0000] {spark_submit.py:645} INFO - executorMemory          512m
[2025-03-30T17:48:36.062+0000] {spark_submit.py:645} INFO - executorCores           1
[2025-03-30T17:48:36.063+0000] {spark_submit.py:645} INFO - totalExecutorCores      null
[2025-03-30T17:48:36.063+0000] {spark_submit.py:645} INFO - propertiesFile          null
[2025-03-30T17:48:36.064+0000] {spark_submit.py:645} INFO - driverMemory            null
[2025-03-30T17:48:36.065+0000] {spark_submit.py:645} INFO - driverCores             null
[2025-03-30T17:48:36.065+0000] {spark_submit.py:645} INFO - driverExtraClassPath    null
[2025-03-30T17:48:36.065+0000] {spark_submit.py:645} INFO - driverExtraLibraryPath  null
[2025-03-30T17:48:36.066+0000] {spark_submit.py:645} INFO - driverExtraJavaOptions  null
[2025-03-30T17:48:36.066+0000] {spark_submit.py:645} INFO - supervise               false
[2025-03-30T17:48:36.066+0000] {spark_submit.py:645} INFO - queue                   null
[2025-03-30T17:48:36.067+0000] {spark_submit.py:645} INFO - numExecutors            null
[2025-03-30T17:48:36.067+0000] {spark_submit.py:645} INFO - files                   null
[2025-03-30T17:48:36.068+0000] {spark_submit.py:645} INFO - pyFiles                 null
[2025-03-30T17:48:36.068+0000] {spark_submit.py:645} INFO - archives                null
[2025-03-30T17:48:36.068+0000] {spark_submit.py:645} INFO - mainClass               null
[2025-03-30T17:48:36.069+0000] {spark_submit.py:645} INFO - primaryResource         file:/opt/spark_job/data_transformation.py
[2025-03-30T17:48:36.069+0000] {spark_submit.py:645} INFO - name                    arrow-spark
[2025-03-30T17:48:36.069+0000] {spark_submit.py:645} INFO - childArgs               [s3://raw/playlist_20250329_132856.json processed]
[2025-03-30T17:48:36.070+0000] {spark_submit.py:645} INFO - jars                    /opt/spark_job/jars/aws-java-sdk-bundle-1.12.262.jar,/opt/spark_job/jars/hadoop-aws-3.3.4.jar
[2025-03-30T17:48:36.070+0000] {spark_submit.py:645} INFO - packages                null
[2025-03-30T17:48:36.070+0000] {spark_submit.py:645} INFO - packagesExclusions      null
[2025-03-30T17:48:36.071+0000] {spark_submit.py:645} INFO - repositories            null
[2025-03-30T17:48:36.071+0000] {spark_submit.py:645} INFO - verbose                 true
[2025-03-30T17:48:36.071+0000] {spark_submit.py:645} INFO - 
[2025-03-30T17:48:36.072+0000] {spark_submit.py:645} INFO - Spark properties used, including those specified through
[2025-03-30T17:48:36.072+0000] {spark_submit.py:645} INFO - --conf and those from the properties file null:
[2025-03-30T17:48:36.072+0000] {spark_submit.py:645} INFO - (spark.executor.cores,1)
[2025-03-30T17:48:36.073+0000] {spark_submit.py:645} INFO - (spark.executor.memory,512m)
[2025-03-30T17:48:36.073+0000] {spark_submit.py:645} INFO - (spark.hadoop.fs.s3a.access.key,*********(redacted))
[2025-03-30T17:48:36.073+0000] {spark_submit.py:645} INFO - (spark.hadoop.fs.s3a.endpoint,http://minio:9000)
[2025-03-30T17:48:36.073+0000] {spark_submit.py:645} INFO - (spark.hadoop.fs.s3a.impl,org.apache.hadoop.fs.s3a.S3AFileSystem)
[2025-03-30T17:48:36.074+0000] {spark_submit.py:645} INFO - (spark.hadoop.fs.s3a.path.style.access,true)
[2025-03-30T17:48:36.074+0000] {spark_submit.py:645} INFO - (spark.hadoop.fs.s3a.secret.key,*********(redacted))
[2025-03-30T17:48:36.074+0000] {spark_submit.py:645} INFO - (spark.jars,/opt/spark_job/jars/aws-java-sdk-bundle-1.12.262.jar,/opt/spark_job/jars/hadoop-aws-3.3.4.jar)
[2025-03-30T17:48:36.075+0000] {spark_submit.py:645} INFO - 
[2025-03-30T17:48:36.075+0000] {spark_submit.py:645} INFO - 
[2025-03-30T17:48:36.395+0000] {spark_submit.py:645} INFO - 25/03/30 17:48:36 WARN NativeCodeLoader: Unable to load native-hadoop library for your platform... using builtin-java classes where applicable
[2025-03-30T17:48:36.649+0000] {spark_submit.py:645} INFO - Main class:
[2025-03-30T17:48:36.650+0000] {spark_submit.py:645} INFO - org.apache.spark.deploy.PythonRunner
[2025-03-30T17:48:36.650+0000] {spark_submit.py:645} INFO - Arguments:
[2025-03-30T17:48:36.651+0000] {spark_submit.py:645} INFO - file:/opt/spark_job/data_transformation.py
[2025-03-30T17:48:36.652+0000] {spark_submit.py:645} INFO - null
[2025-03-30T17:48:36.656+0000] {spark_submit.py:645} INFO - s3://raw/playlist_20250329_132856.json
[2025-03-30T17:48:36.657+0000] {spark_submit.py:645} INFO - processed
[2025-03-30T17:48:36.657+0000] {spark_submit.py:645} INFO - Spark config:
[2025-03-30T17:48:36.658+0000] {spark_submit.py:645} INFO - (spark.app.name,arrow-spark)
[2025-03-30T17:48:36.658+0000] {spark_submit.py:645} INFO - (spark.app.submitTime,1743356916621)
[2025-03-30T17:48:36.658+0000] {spark_submit.py:645} INFO - (spark.executor.cores,1)
[2025-03-30T17:48:36.659+0000] {spark_submit.py:645} INFO - (spark.executor.memory,512m)
[2025-03-30T17:48:36.661+0000] {spark_submit.py:645} INFO - (spark.hadoop.fs.s3a.access.key,*********(redacted))
[2025-03-30T17:48:36.662+0000] {spark_submit.py:645} INFO - (spark.hadoop.fs.s3a.endpoint,http://minio:9000)
[2025-03-30T17:48:36.662+0000] {spark_submit.py:645} INFO - (spark.hadoop.fs.s3a.impl,org.apache.hadoop.fs.s3a.S3AFileSystem)
[2025-03-30T17:48:36.663+0000] {spark_submit.py:645} INFO - (spark.hadoop.fs.s3a.path.style.access,true)
[2025-03-30T17:48:36.663+0000] {spark_submit.py:645} INFO - (spark.hadoop.fs.s3a.secret.key,*********(redacted))
[2025-03-30T17:48:36.663+0000] {spark_submit.py:645} INFO - (spark.jars,file:///opt/spark_job/jars/aws-java-sdk-bundle-1.12.262.jar,file:///opt/spark_job/jars/hadoop-aws-3.3.4.jar)
[2025-03-30T17:48:36.664+0000] {spark_submit.py:645} INFO - (spark.kerberos.principal,***)
[2025-03-30T17:48:36.664+0000] {spark_submit.py:645} INFO - (spark.master,spark://spark-master:7077)
[2025-03-30T17:48:36.665+0000] {spark_submit.py:645} INFO - (spark.repl.local.jars,file:///opt/spark_job/jars/aws-java-sdk-bundle-1.12.262.jar,file:///opt/spark_job/jars/hadoop-aws-3.3.4.jar)
[2025-03-30T17:48:36.665+0000] {spark_submit.py:645} INFO - (spark.submit.deployMode,client)
[2025-03-30T17:48:36.666+0000] {spark_submit.py:645} INFO - (spark.submit.pyFiles,)
[2025-03-30T17:48:36.666+0000] {spark_submit.py:645} INFO - Classpath elements:
[2025-03-30T17:48:36.666+0000] {spark_submit.py:645} INFO - file:///opt/spark_job/jars/aws-java-sdk-bundle-1.12.262.jar
[2025-03-30T17:48:36.667+0000] {spark_submit.py:645} INFO - file:///opt/spark_job/jars/hadoop-aws-3.3.4.jar
[2025-03-30T17:48:36.667+0000] {spark_submit.py:645} INFO - 
[2025-03-30T17:48:36.667+0000] {spark_submit.py:645} INFO - 
[2025-03-30T17:48:37.642+0000] {spark_submit.py:645} INFO - 2025-03-30 17:48:37,641 - INFO - Iniciando a configuração da Spark Session
[2025-03-30T17:48:38.123+0000] {spark_submit.py:645} INFO - 25/03/30 17:48:38 INFO SparkContext: Running Spark version 3.5.3
[2025-03-30T17:48:38.123+0000] {spark_submit.py:645} INFO - 25/03/30 17:48:38 INFO SparkContext: OS info Linux, 5.15.153.1-microsoft-standard-WSL2, amd64
[2025-03-30T17:48:38.124+0000] {spark_submit.py:645} INFO - 25/03/30 17:48:38 INFO SparkContext: Java version 17.0.14
[2025-03-30T17:48:38.151+0000] {spark_submit.py:645} INFO - 25/03/30 17:48:38 INFO ResourceUtils: ==============================================================
[2025-03-30T17:48:38.152+0000] {spark_submit.py:645} INFO - 25/03/30 17:48:38 INFO ResourceUtils: No custom resources configured for spark.driver.
[2025-03-30T17:48:38.153+0000] {spark_submit.py:645} INFO - 25/03/30 17:48:38 INFO ResourceUtils: ==============================================================
[2025-03-30T17:48:38.153+0000] {spark_submit.py:645} INFO - 25/03/30 17:48:38 INFO SparkContext: Submitted application: Minio Integration with PySpark
[2025-03-30T17:48:38.174+0000] {spark_submit.py:645} INFO - 25/03/30 17:48:38 INFO ResourceProfile: Default ResourceProfile created, executor resources: Map(cores -> name: cores, amount: 1, script: , vendor: , memory -> name: memory, amount: 512, script: , vendor: , offHeap -> name: offHeap, amount: 0, script: , vendor: ), task resources: Map(cpus -> name: cpus, amount: 1.0)
[2025-03-30T17:48:38.187+0000] {spark_submit.py:645} INFO - 25/03/30 17:48:38 INFO ResourceProfile: Limiting resource is cpus at 1 tasks per executor
[2025-03-30T17:48:38.190+0000] {spark_submit.py:645} INFO - 25/03/30 17:48:38 INFO ResourceProfileManager: Added ResourceProfile id: 0
[2025-03-30T17:48:38.250+0000] {spark_submit.py:645} INFO - 25/03/30 17:48:38 INFO SecurityManager: Changing view acls to: ***
[2025-03-30T17:48:38.251+0000] {spark_submit.py:645} INFO - 25/03/30 17:48:38 INFO SecurityManager: Changing modify acls to: ***
[2025-03-30T17:48:38.251+0000] {spark_submit.py:645} INFO - 25/03/30 17:48:38 INFO SecurityManager: Changing view acls groups to:
[2025-03-30T17:48:38.252+0000] {spark_submit.py:645} INFO - 25/03/30 17:48:38 INFO SecurityManager: Changing modify acls groups to:
[2025-03-30T17:48:38.252+0000] {spark_submit.py:645} INFO - 25/03/30 17:48:38 INFO SecurityManager: SecurityManager: authentication disabled; ui acls disabled; users with view permissions: ***; groups with view permissions: EMPTY; users with modify permissions: ***; groups with modify permissions: EMPTY
[2025-03-30T17:48:38.509+0000] {spark_submit.py:645} INFO - 25/03/30 17:48:38 INFO Utils: Successfully started service 'sparkDriver' on port 39033.
[2025-03-30T17:48:38.587+0000] {spark_submit.py:645} INFO - 25/03/30 17:48:38 INFO SparkEnv: Registering MapOutputTracker
[2025-03-30T17:48:38.658+0000] {spark_submit.py:645} INFO - 25/03/30 17:48:38 INFO SparkEnv: Registering BlockManagerMaster
[2025-03-30T17:48:38.681+0000] {spark_submit.py:645} INFO - 25/03/30 17:48:38 INFO BlockManagerMasterEndpoint: Using org.apache.spark.storage.DefaultTopologyMapper for getting topology information
[2025-03-30T17:48:38.682+0000] {spark_submit.py:645} INFO - 25/03/30 17:48:38 INFO BlockManagerMasterEndpoint: BlockManagerMasterEndpoint up
[2025-03-30T17:48:38.686+0000] {spark_submit.py:645} INFO - 25/03/30 17:48:38 INFO SparkEnv: Registering BlockManagerMasterHeartbeat
[2025-03-30T17:48:38.721+0000] {spark_submit.py:645} INFO - 25/03/30 17:48:38 INFO DiskBlockManager: Created local directory at /tmp/blockmgr-47ac6ac6-4cb9-427b-b098-c53f17d03848
[2025-03-30T17:48:38.734+0000] {spark_submit.py:645} INFO - 25/03/30 17:48:38 INFO MemoryStore: MemoryStore started with capacity 434.4 MiB
[2025-03-30T17:48:38.749+0000] {spark_submit.py:645} INFO - 25/03/30 17:48:38 INFO SparkEnv: Registering OutputCommitCoordinator
[2025-03-30T17:48:38.920+0000] {spark_submit.py:645} INFO - 25/03/30 17:48:38 INFO JettyUtils: Start Jetty 0.0.0.0:4040 for SparkUI
[2025-03-30T17:48:39.006+0000] {spark_submit.py:645} INFO - 25/03/30 17:48:39 INFO Utils: Successfully started service 'SparkUI' on port 4040.
[2025-03-30T17:48:39.057+0000] {spark_submit.py:645} INFO - 25/03/30 17:48:39 INFO SparkContext: Added JAR file:///opt/spark_job/jars/aws-java-sdk-bundle-1.12.262.jar at spark://4962f173392a:39033/jars/aws-java-sdk-bundle-1.12.262.jar with timestamp 1743356918115
[2025-03-30T17:48:39.058+0000] {spark_submit.py:645} INFO - 25/03/30 17:48:39 INFO SparkContext: Added JAR file:///opt/spark_job/jars/hadoop-aws-3.3.4.jar at spark://4962f173392a:39033/jars/hadoop-aws-3.3.4.jar with timestamp 1743356918115
[2025-03-30T17:48:39.165+0000] {spark_submit.py:645} INFO - 25/03/30 17:48:39 INFO StandaloneAppClient$ClientEndpoint: Connecting to master spark://spark-master:7077...
[2025-03-30T17:48:39.246+0000] {spark_submit.py:645} INFO - 25/03/30 17:48:39 INFO TransportClientFactory: Successfully created connection to spark-master/172.18.0.6:7077 after 38 ms (0 ms spent in bootstraps)
[2025-03-30T17:48:39.486+0000] {spark_submit.py:645} INFO - 25/03/30 17:48:39 INFO StandaloneSchedulerBackend: Connected to Spark cluster with app ID app-20250330174839-0004
[2025-03-30T17:48:39.497+0000] {spark_submit.py:645} INFO - 25/03/30 17:48:39 INFO Utils: Successfully started service 'org.apache.spark.network.netty.NettyBlockTransferService' on port 38927.
[2025-03-30T17:48:39.498+0000] {spark_submit.py:645} INFO - 25/03/30 17:48:39 INFO NettyBlockTransferService: Server created on 4962f173392a:38927
[2025-03-30T17:48:39.498+0000] {spark_submit.py:645} INFO - 25/03/30 17:48:39 INFO BlockManager: Using org.apache.spark.storage.RandomBlockReplicationPolicy for block replication policy
[2025-03-30T17:48:39.509+0000] {spark_submit.py:645} INFO - 25/03/30 17:48:39 INFO BlockManagerMaster: Registering BlockManager BlockManagerId(driver, 4962f173392a, 38927, None)
[2025-03-30T17:48:39.513+0000] {spark_submit.py:645} INFO - 25/03/30 17:48:39 INFO BlockManagerMasterEndpoint: Registering block manager 4962f173392a:38927 with 434.4 MiB RAM, BlockManagerId(driver, 4962f173392a, 38927, None)
[2025-03-30T17:48:39.520+0000] {spark_submit.py:645} INFO - 25/03/30 17:48:39 INFO BlockManagerMaster: Registered BlockManager BlockManagerId(driver, 4962f173392a, 38927, None)
[2025-03-30T17:48:39.618+0000] {spark_submit.py:645} INFO - 25/03/30 17:48:39 INFO StandaloneAppClient$ClientEndpoint: Executor added: app-20250330174839-0004/0 on worker-20250330171833-172.18.0.5-45767 (172.18.0.5:45767) with 1 core(s)
[2025-03-30T17:48:39.625+0000] {spark_submit.py:645} INFO - 25/03/30 17:48:39 INFO StandaloneSchedulerBackend: Granted executor ID app-20250330174839-0004/0 on hostPort 172.18.0.5:45767 with 1 core(s), 512.0 MiB RAM
[2025-03-30T17:48:39.626+0000] {spark_submit.py:645} INFO - 25/03/30 17:48:39 INFO StandaloneAppClient$ClientEndpoint: Executor added: app-20250330174839-0004/1 on worker-20250330171833-172.18.0.5-45767 (172.18.0.5:45767) with 1 core(s)
[2025-03-30T17:48:39.627+0000] {spark_submit.py:645} INFO - 25/03/30 17:48:39 INFO StandaloneSchedulerBackend: Granted executor ID app-20250330174839-0004/1 on hostPort 172.18.0.5:45767 with 1 core(s), 512.0 MiB RAM
[2025-03-30T17:48:39.628+0000] {spark_submit.py:645} INFO - 25/03/30 17:48:39 INFO BlockManager: Initialized BlockManager: BlockManagerId(driver, 4962f173392a, 38927, None)
[2025-03-30T17:48:39.629+0000] {spark_submit.py:645} INFO - 25/03/30 17:48:39 INFO StandaloneAppClient$ClientEndpoint: Executor added: app-20250330174839-0004/2 on worker-20250330171833-172.18.0.7-40325 (172.18.0.7:40325) with 1 core(s)
[2025-03-30T17:48:39.631+0000] {spark_submit.py:645} INFO - 25/03/30 17:48:39 INFO StandaloneSchedulerBackend: Granted executor ID app-20250330174839-0004/2 on hostPort 172.18.0.7:40325 with 1 core(s), 512.0 MiB RAM
[2025-03-30T17:48:39.708+0000] {spark_submit.py:645} INFO - 25/03/30 17:48:39 INFO StandaloneAppClient$ClientEndpoint: Executor added: app-20250330174839-0004/3 on worker-20250330171833-172.18.0.7-40325 (172.18.0.7:40325) with 1 core(s)
[2025-03-30T17:48:39.709+0000] {spark_submit.py:645} INFO - 25/03/30 17:48:39 INFO StandaloneSchedulerBackend: Granted executor ID app-20250330174839-0004/3 on hostPort 172.18.0.7:40325 with 1 core(s), 512.0 MiB RAM
[2025-03-30T17:48:39.904+0000] {spark_submit.py:645} INFO - 25/03/30 17:48:39 INFO StandaloneAppClient$ClientEndpoint: Executor updated: app-20250330174839-0004/0 is now RUNNING
[2025-03-30T17:48:39.905+0000] {spark_submit.py:645} INFO - 25/03/30 17:48:39 INFO StandaloneAppClient$ClientEndpoint: Executor updated: app-20250330174839-0004/1 is now RUNNING
[2025-03-30T17:48:40.221+0000] {spark_submit.py:645} INFO - 25/03/30 17:48:40 INFO StandaloneAppClient$ClientEndpoint: Executor updated: app-20250330174839-0004/3 is now RUNNING
[2025-03-30T17:48:40.258+0000] {spark_submit.py:645} INFO - 25/03/30 17:48:40 INFO StandaloneAppClient$ClientEndpoint: Executor updated: app-20250330174839-0004/2 is now RUNNING
[2025-03-30T17:48:40.265+0000] {spark_submit.py:645} INFO - 25/03/30 17:48:40 INFO StandaloneSchedulerBackend: SchedulerBackend is ready for scheduling beginning after reached minRegisteredResourcesRatio: 0.0
[2025-03-30T17:48:40.570+0000] {spark_submit.py:645} INFO - 2025-03-30 17:48:40,570 - INFO - Spark Session criada com sucesso
[2025-03-30T17:48:40.571+0000] {spark_submit.py:645} INFO - 2025-03-30 17:48:40,570 - INFO - Leitura iniciada !!!!!!.
[2025-03-30T17:48:40.572+0000] {spark_submit.py:645} INFO - 3.5.3
[2025-03-30T17:48:40.577+0000] {spark_submit.py:645} INFO - 25/03/30 17:48:40 INFO SharedState: Setting hive.metastore.warehouse.dir ('null') to the value of spark.sql.warehouse.dir.
[2025-03-30T17:48:40.581+0000] {spark_submit.py:645} INFO - 25/03/30 17:48:40 INFO SharedState: Warehouse path is 'file:/opt/spark-warehouse'.
[2025-03-30T17:48:43.046+0000] {spark_submit.py:645} INFO - 25/03/30 17:48:43 WARN MetricsConfig: Cannot locate configuration: tried hadoop-metrics2-s3a-file-system.properties,hadoop-metrics2.properties
[2025-03-30T17:48:43.163+0000] {spark_submit.py:645} INFO - 25/03/30 17:48:43 INFO MetricsSystemImpl: Scheduled Metric snapshot period at 10 second(s).
[2025-03-30T17:48:43.164+0000] {spark_submit.py:645} INFO - 25/03/30 17:48:43 INFO MetricsSystemImpl: s3a-file-system metrics system started
[2025-03-30T17:48:46.881+0000] {spark_submit.py:645} INFO - 25/03/30 17:48:46 INFO InMemoryFileIndex: It took 247 ms to list leaf files for 1 paths.
[2025-03-30T17:48:47.429+0000] {spark_submit.py:645} INFO - 25/03/30 17:48:47 INFO MemoryStore: Block broadcast_0 stored as values in memory (estimated size 209.2 KiB, free 434.2 MiB)
[2025-03-30T17:48:47.818+0000] {spark_submit.py:645} INFO - 25/03/30 17:48:47 INFO MemoryStore: Block broadcast_0_piece0 stored as bytes in memory (estimated size 35.5 KiB, free 434.2 MiB)
[2025-03-30T17:48:47.830+0000] {spark_submit.py:645} INFO - 25/03/30 17:48:47 INFO BlockManagerInfo: Added broadcast_0_piece0 in memory on 4962f173392a:38927 (size: 35.5 KiB, free: 434.4 MiB)
[2025-03-30T17:48:47.841+0000] {spark_submit.py:645} INFO - 25/03/30 17:48:47 INFO SparkContext: Created broadcast 0 from json at NativeMethodAccessorImpl.java:0
[2025-03-30T17:48:48.495+0000] {spark_submit.py:645} INFO - 25/03/30 17:48:48 INFO FileInputFormat: Total input files to process : 1
[2025-03-30T17:48:48.513+0000] {spark_submit.py:645} INFO - 25/03/30 17:48:48 INFO FileInputFormat: Total input files to process : 1
[2025-03-30T17:48:48.622+0000] {spark_submit.py:645} INFO - 25/03/30 17:48:48 INFO SparkContext: Starting job: json at NativeMethodAccessorImpl.java:0
[2025-03-30T17:48:48.685+0000] {spark_submit.py:645} INFO - 25/03/30 17:48:48 INFO DAGScheduler: Got job 0 (json at NativeMethodAccessorImpl.java:0) with 1 output partitions
[2025-03-30T17:48:48.687+0000] {spark_submit.py:645} INFO - 25/03/30 17:48:48 INFO DAGScheduler: Final stage: ResultStage 0 (json at NativeMethodAccessorImpl.java:0)
[2025-03-30T17:48:48.687+0000] {spark_submit.py:645} INFO - 25/03/30 17:48:48 INFO DAGScheduler: Parents of final stage: List()
[2025-03-30T17:48:48.715+0000] {spark_submit.py:645} INFO - 25/03/30 17:48:48 INFO DAGScheduler: Missing parents: List()
[2025-03-30T17:48:48.739+0000] {spark_submit.py:645} INFO - 25/03/30 17:48:48 INFO DAGScheduler: Submitting ResultStage 0 (MapPartitionsRDD[2] at json at NativeMethodAccessorImpl.java:0), which has no missing parents
[2025-03-30T17:48:48.921+0000] {spark_submit.py:645} INFO - 25/03/30 17:48:48 INFO MemoryStore: Block broadcast_1 stored as values in memory (estimated size 9.3 KiB, free 434.2 MiB)
[2025-03-30T17:48:48.970+0000] {spark_submit.py:645} INFO - 25/03/30 17:48:48 INFO MemoryStore: Block broadcast_1_piece0 stored as bytes in memory (estimated size 5.0 KiB, free 434.1 MiB)
[2025-03-30T17:48:48.973+0000] {spark_submit.py:645} INFO - 25/03/30 17:48:48 INFO BlockManagerInfo: Added broadcast_1_piece0 in memory on 4962f173392a:38927 (size: 5.0 KiB, free: 434.4 MiB)
[2025-03-30T17:48:48.976+0000] {spark_submit.py:645} INFO - 25/03/30 17:48:48 INFO SparkContext: Created broadcast 1 from broadcast at DAGScheduler.scala:1585
[2025-03-30T17:48:49.012+0000] {spark_submit.py:645} INFO - 25/03/30 17:48:49 INFO DAGScheduler: Submitting 1 missing tasks from ResultStage 0 (MapPartitionsRDD[2] at json at NativeMethodAccessorImpl.java:0) (first 15 tasks are for partitions Vector(0))
[2025-03-30T17:48:49.013+0000] {spark_submit.py:645} INFO - 25/03/30 17:48:49 INFO TaskSchedulerImpl: Adding task set 0.0 with 1 tasks resource profile 0
[2025-03-30T17:48:51.018+0000] {spark_submit.py:645} INFO - 25/03/30 17:48:51 INFO StandaloneSchedulerBackend$StandaloneDriverEndpoint: Registered executor NettyRpcEndpointRef(spark-client://Executor) (172.18.0.7:37794) with ID 2,  ResourceProfileId 0
[2025-03-30T17:48:51.104+0000] {spark_submit.py:645} INFO - 25/03/30 17:48:51 INFO StandaloneSchedulerBackend$StandaloneDriverEndpoint: Registered executor NettyRpcEndpointRef(spark-client://Executor) (172.18.0.5:55376) with ID 1,  ResourceProfileId 0
[2025-03-30T17:48:51.367+0000] {spark_submit.py:645} INFO - 25/03/30 17:48:51 INFO BlockManagerMasterEndpoint: Registering block manager 172.18.0.7:33559 with 127.2 MiB RAM, BlockManagerId(2, 172.18.0.7, 33559, None)
[2025-03-30T17:48:51.456+0000] {spark_submit.py:645} INFO - 25/03/30 17:48:51 INFO BlockManagerMasterEndpoint: Registering block manager 172.18.0.5:42989 with 127.2 MiB RAM, BlockManagerId(1, 172.18.0.5, 42989, None)
[2025-03-30T17:48:51.567+0000] {spark_submit.py:645} INFO - 25/03/30 17:48:51 INFO StandaloneSchedulerBackend$StandaloneDriverEndpoint: Registered executor NettyRpcEndpointRef(spark-client://Executor) (172.18.0.5:55384) with ID 0,  ResourceProfileId 0
[2025-03-30T17:48:51.724+0000] {spark_submit.py:645} INFO - 25/03/30 17:48:51 INFO StandaloneSchedulerBackend$StandaloneDriverEndpoint: Registered executor NettyRpcEndpointRef(spark-client://Executor) (172.18.0.7:37804) with ID 3,  ResourceProfileId 0
[2025-03-30T17:48:51.935+0000] {spark_submit.py:645} INFO - 25/03/30 17:48:51 INFO BlockManagerMasterEndpoint: Registering block manager 172.18.0.5:34399 with 127.2 MiB RAM, BlockManagerId(0, 172.18.0.5, 34399, None)
[2025-03-30T17:48:52.126+0000] {spark_submit.py:645} INFO - 25/03/30 17:48:52 INFO BlockManagerMasterEndpoint: Registering block manager 172.18.0.7:44851 with 127.2 MiB RAM, BlockManagerId(3, 172.18.0.7, 44851, None)
[2025-03-30T17:50:50.452+0000] {spark_submit.py:645} INFO - 25/03/30 17:50:50 INFO TaskSetManager: Starting task 0.0 in stage 0.0 (TID 0) (172.18.0.5, executor 1, partition 0, PROCESS_LOCAL, 9420 bytes)
[2025-03-30T17:51:22.496+0000] {spark_submit.py:645} INFO - 25/03/30 17:51:22 INFO BlockManagerInfo: Added broadcast_1_piece0 in memory on 172.18.0.5:42989 (size: 5.0 KiB, free: 127.2 MiB)
[2025-03-30T17:51:32.875+0000] {spark_submit.py:645} INFO - 25/03/30 17:51:32 INFO BlockManagerInfo: Added broadcast_0_piece0 in memory on 172.18.0.5:42989 (size: 35.5 KiB, free: 127.2 MiB)
[2025-03-30T17:51:45.473+0000] {spark_submit.py:645} INFO - 25/03/30 17:51:45 INFO TaskSetManager: Finished task 0.0 in stage 0.0 (TID 0) in 56207 ms on 172.18.0.5 (executor 1) (1/1)
[2025-03-30T17:51:45.476+0000] {spark_submit.py:645} INFO - 25/03/30 17:51:45 INFO TaskSchedulerImpl: Removed TaskSet 0.0, whose tasks have all completed, from pool
[2025-03-30T17:51:45.481+0000] {spark_submit.py:645} INFO - 25/03/30 17:51:45 INFO DAGScheduler: ResultStage 0 (json at NativeMethodAccessorImpl.java:0) finished in 176.684 s
[2025-03-30T17:51:45.500+0000] {spark_submit.py:645} INFO - 25/03/30 17:51:45 INFO DAGScheduler: Job 0 is finished. Cancelling potential speculative or zombie tasks for this job
[2025-03-30T17:51:45.501+0000] {spark_submit.py:645} INFO - 25/03/30 17:51:45 INFO TaskSchedulerImpl: Killing all running tasks in stage 0: Stage finished
[2025-03-30T17:51:45.512+0000] {spark_submit.py:645} INFO - 25/03/30 17:51:45 INFO DAGScheduler: Job 0 finished: json at NativeMethodAccessorImpl.java:0, took 177.049471 s
[2025-03-30T17:51:55.648+0000] {spark_submit.py:645} INFO - 2025-03-30 17:51:55,518 - INFO - Leitura finalizada !!!!!!!.
[2025-03-30T17:51:55.648+0000] {spark_submit.py:645} INFO - 2025-03-30 17:51:55,647 - INFO - Processo de transformação iniciada.
[2025-03-30T17:51:55.955+0000] {spark_submit.py:645} INFO - 25/03/30 17:51:55 INFO BlockManagerInfo: Removed broadcast_0_piece0 on 4962f173392a:38927 in memory (size: 35.5 KiB, free: 434.4 MiB)
[2025-03-30T17:51:55.998+0000] {spark_submit.py:645} INFO - 25/03/30 17:51:55 INFO BlockManagerInfo: Removed broadcast_0_piece0 on 172.18.0.5:42989 in memory (size: 35.5 KiB, free: 127.2 MiB)
[2025-03-30T17:51:56.088+0000] {spark_submit.py:645} INFO - 25/03/30 17:51:56 INFO BlockManagerInfo: Removed broadcast_1_piece0 on 172.18.0.5:42989 in memory (size: 5.0 KiB, free: 127.2 MiB)
[2025-03-30T17:51:56.090+0000] {spark_submit.py:645} INFO - 25/03/30 17:51:56 INFO BlockManagerInfo: Removed broadcast_1_piece0 on 4962f173392a:38927 in memory (size: 5.0 KiB, free: 434.4 MiB)
[2025-03-30T17:51:59.005+0000] {spark_submit.py:645} INFO - 25/03/30 17:51:59 INFO FileSourceStrategy: Pushed Filters:
[2025-03-30T17:51:59.006+0000] {spark_submit.py:645} INFO - 25/03/30 17:51:59 INFO FileSourceStrategy: Post-Scan Filters: (size(items#0.track.artists, true) > 0),isnotnull(items#0.track.artists)
[2025-03-30T17:52:09.906+0000] {spark_submit.py:645} INFO - 25/03/30 17:52:09 INFO CodeGenerator: Code generated in 8443.059132 ms
[2025-03-30T17:52:09.922+0000] {spark_submit.py:645} INFO - 25/03/30 17:52:09 INFO MemoryStore: Block broadcast_2 stored as values in memory (estimated size 208.7 KiB, free 434.2 MiB)
[2025-03-30T17:52:09.953+0000] {spark_submit.py:645} INFO - 25/03/30 17:52:09 INFO MemoryStore: Block broadcast_2_piece0 stored as bytes in memory (estimated size 35.4 KiB, free 434.2 MiB)
[2025-03-30T17:52:09.984+0000] {spark_submit.py:645} INFO - 25/03/30 17:52:09 INFO BlockManagerInfo: Added broadcast_2_piece0 in memory on 4962f173392a:38927 (size: 35.4 KiB, free: 434.4 MiB)
[2025-03-30T17:52:10.005+0000] {spark_submit.py:645} INFO - 25/03/30 17:52:09 INFO SparkContext: Created broadcast 2 from parquet at NativeMethodAccessorImpl.java:0
[2025-03-30T17:52:10.018+0000] {spark_submit.py:645} INFO - 25/03/30 17:52:09 INFO FileSourceScanExec: Planning scan with bin packing, max size: 4194304 bytes, open cost is considered as scanning 4194304 bytes.
[2025-03-30T17:52:10.331+0000] {spark_submit.py:645} INFO - 25/03/30 17:52:10 INFO DAGScheduler: Registering RDD 7 (parquet at NativeMethodAccessorImpl.java:0) as input to shuffle 0
[2025-03-30T17:52:10.345+0000] {spark_submit.py:645} INFO - 25/03/30 17:52:10 INFO DAGScheduler: Got map stage job 1 (parquet at NativeMethodAccessorImpl.java:0) with 1 output partitions
[2025-03-30T17:52:10.348+0000] {spark_submit.py:645} INFO - 25/03/30 17:52:10 INFO DAGScheduler: Final stage: ShuffleMapStage 1 (parquet at NativeMethodAccessorImpl.java:0)
[2025-03-30T17:52:10.350+0000] {spark_submit.py:645} INFO - 25/03/30 17:52:10 INFO DAGScheduler: Parents of final stage: List()
[2025-03-30T17:52:10.353+0000] {spark_submit.py:645} INFO - 25/03/30 17:52:10 INFO DAGScheduler: Missing parents: List()
[2025-03-30T17:52:10.383+0000] {spark_submit.py:645} INFO - 25/03/30 17:52:10 INFO DAGScheduler: Submitting ShuffleMapStage 1 (MapPartitionsRDD[7] at parquet at NativeMethodAccessorImpl.java:0), which has no missing parents
[2025-03-30T17:52:10.446+0000] {spark_submit.py:645} INFO - 25/03/30 17:52:10 INFO MemoryStore: Block broadcast_3 stored as values in memory (estimated size 90.9 KiB, free 434.1 MiB)
[2025-03-30T17:52:10.479+0000] {spark_submit.py:645} INFO - 25/03/30 17:52:10 INFO MemoryStore: Block broadcast_3_piece0 stored as bytes in memory (estimated size 30.6 KiB, free 434.0 MiB)
[2025-03-30T17:52:10.480+0000] {spark_submit.py:645} INFO - 25/03/30 17:52:10 INFO BlockManagerInfo: Added broadcast_3_piece0 in memory on 4962f173392a:38927 (size: 30.6 KiB, free: 434.3 MiB)
[2025-03-30T17:52:10.483+0000] {spark_submit.py:645} INFO - 25/03/30 17:52:10 INFO SparkContext: Created broadcast 3 from broadcast at DAGScheduler.scala:1585
[2025-03-30T17:52:10.485+0000] {spark_submit.py:645} INFO - 25/03/30 17:52:10 INFO DAGScheduler: Submitting 1 missing tasks from ShuffleMapStage 1 (MapPartitionsRDD[7] at parquet at NativeMethodAccessorImpl.java:0) (first 15 tasks are for partitions Vector(0))
[2025-03-30T17:52:10.486+0000] {spark_submit.py:645} INFO - 25/03/30 17:52:10 INFO TaskSchedulerImpl: Adding task set 1.0 with 1 tasks resource profile 0
[2025-03-30T17:52:10.492+0000] {spark_submit.py:645} INFO - 25/03/30 17:52:10 INFO TaskSetManager: Starting task 0.0 in stage 1.0 (TID 1) (172.18.0.5, executor 0, partition 0, PROCESS_LOCAL, 9880 bytes)
[2025-03-30T17:52:16.020+0000] {spark_submit.py:645} INFO - 25/03/30 17:52:16 INFO BlockManagerInfo: Added broadcast_3_piece0 in memory on 172.18.0.5:34399 (size: 30.6 KiB, free: 127.2 MiB)
[2025-03-30T17:52:21.141+0000] {spark_submit.py:645} INFO - 25/03/30 17:52:21 INFO BlockManagerInfo: Added broadcast_2_piece0 in memory on 172.18.0.5:34399 (size: 35.4 KiB, free: 127.1 MiB)
[2025-03-30T17:52:36.050+0000] {spark_submit.py:645} INFO - 25/03/30 17:52:36 INFO TaskSetManager: Finished task 0.0 in stage 1.0 (TID 1) in 25563 ms on 172.18.0.5 (executor 0) (1/1)
[2025-03-30T17:52:36.051+0000] {spark_submit.py:645} INFO - 25/03/30 17:52:36 INFO TaskSchedulerImpl: Removed TaskSet 1.0, whose tasks have all completed, from pool
[2025-03-30T17:52:36.054+0000] {spark_submit.py:645} INFO - 25/03/30 17:52:36 INFO DAGScheduler: ShuffleMapStage 1 (parquet at NativeMethodAccessorImpl.java:0) finished in 25.652 s
[2025-03-30T17:52:36.055+0000] {spark_submit.py:645} INFO - 25/03/30 17:52:36 INFO DAGScheduler: looking for newly runnable stages
[2025-03-30T17:52:36.055+0000] {spark_submit.py:645} INFO - 25/03/30 17:52:36 INFO DAGScheduler: running: Set()
[2025-03-30T17:52:36.055+0000] {spark_submit.py:645} INFO - 25/03/30 17:52:36 INFO DAGScheduler: waiting: Set()
[2025-03-30T17:52:36.056+0000] {spark_submit.py:645} INFO - 25/03/30 17:52:36 INFO DAGScheduler: failed: Set()
[2025-03-30T17:52:36.082+0000] {spark_submit.py:645} INFO - 25/03/30 17:52:36 INFO ShufflePartitionsUtil: For shuffle(0), advisory target size: 67108864, actual target size 1048576, minimum partition size: 1048576
[2025-03-30T17:52:37.952+0000] {spark_submit.py:645} INFO - 25/03/30 17:52:37 INFO ParquetUtils: Using default output committer for Parquet: org.apache.parquet.hadoop.ParquetOutputCommitter
[2025-03-30T17:52:38.105+0000] {spark_submit.py:645} INFO - 25/03/30 17:52:38 INFO FileOutputCommitter: File Output Committer Algorithm version is 1
[2025-03-30T17:52:38.106+0000] {spark_submit.py:645} INFO - 25/03/30 17:52:38 INFO FileOutputCommitter: FileOutputCommitter skip cleanup _temporary folders under output directory:false, ignore cleanup failures: false
[2025-03-30T17:52:38.106+0000] {spark_submit.py:645} INFO - 25/03/30 17:52:38 INFO SQLHadoopMapReduceCommitProtocol: Using user defined output committer class org.apache.parquet.hadoop.ParquetOutputCommitter
[2025-03-30T17:52:38.107+0000] {spark_submit.py:645} INFO - 25/03/30 17:52:38 INFO FileOutputCommitter: File Output Committer Algorithm version is 1
[2025-03-30T17:52:38.107+0000] {spark_submit.py:645} INFO - 25/03/30 17:52:38 INFO FileOutputCommitter: FileOutputCommitter skip cleanup _temporary folders under output directory:false, ignore cleanup failures: false
[2025-03-30T17:52:38.108+0000] {spark_submit.py:645} INFO - 25/03/30 17:52:38 INFO SQLHadoopMapReduceCommitProtocol: Using output committer class org.apache.parquet.hadoop.ParquetOutputCommitter
[2025-03-30T17:52:50.585+0000] {spark_submit.py:645} INFO - 25/03/30 17:52:50 INFO CodeGenerator: Code generated in 82.983055 ms
[2025-03-30T17:52:50.611+0000] {spark_submit.py:645} INFO - 25/03/30 17:52:50 INFO SparkContext: Starting job: parquet at NativeMethodAccessorImpl.java:0
[2025-03-30T17:52:50.616+0000] {spark_submit.py:645} INFO - 25/03/30 17:52:50 INFO DAGScheduler: Got job 2 (parquet at NativeMethodAccessorImpl.java:0) with 1 output partitions
[2025-03-30T17:52:50.617+0000] {spark_submit.py:645} INFO - 25/03/30 17:52:50 INFO DAGScheduler: Final stage: ResultStage 3 (parquet at NativeMethodAccessorImpl.java:0)
[2025-03-30T17:52:50.617+0000] {spark_submit.py:645} INFO - 25/03/30 17:52:50 INFO DAGScheduler: Parents of final stage: List(ShuffleMapStage 2)
[2025-03-30T17:52:50.619+0000] {spark_submit.py:645} INFO - 25/03/30 17:52:50 INFO DAGScheduler: Missing parents: List()
[2025-03-30T17:52:50.620+0000] {spark_submit.py:645} INFO - 25/03/30 17:52:50 INFO DAGScheduler: Submitting ResultStage 3 (MapPartitionsRDD[11] at parquet at NativeMethodAccessorImpl.java:0), which has no missing parents
[2025-03-30T17:52:50.784+0000] {spark_submit.py:645} INFO - 25/03/30 17:52:50 INFO MemoryStore: Block broadcast_4 stored as values in memory (estimated size 251.1 KiB, free 433.8 MiB)
[2025-03-30T17:52:50.909+0000] {spark_submit.py:645} INFO - 25/03/30 17:52:50 INFO MemoryStore: Block broadcast_4_piece0 stored as bytes in memory (estimated size 94.1 KiB, free 433.7 MiB)
[2025-03-30T17:52:50.940+0000] {spark_submit.py:645} INFO - 25/03/30 17:52:50 INFO BlockManagerInfo: Removed broadcast_3_piece0 on 172.18.0.5:34399 in memory (size: 30.6 KiB, free: 127.2 MiB)
[2025-03-30T17:52:50.952+0000] {spark_submit.py:645} INFO - 25/03/30 17:52:50 INFO BlockManagerInfo: Added broadcast_4_piece0 in memory on 4962f173392a:38927 (size: 94.1 KiB, free: 434.2 MiB)
[2025-03-30T17:52:50.955+0000] {spark_submit.py:645} INFO - 25/03/30 17:52:50 INFO SparkContext: Created broadcast 4 from broadcast at DAGScheduler.scala:1585
[2025-03-30T17:52:50.956+0000] {spark_submit.py:645} INFO - 25/03/30 17:52:50 INFO DAGScheduler: Submitting 1 missing tasks from ResultStage 3 (MapPartitionsRDD[11] at parquet at NativeMethodAccessorImpl.java:0) (first 15 tasks are for partitions Vector(0))
[2025-03-30T17:52:50.959+0000] {spark_submit.py:645} INFO - 25/03/30 17:52:50 INFO TaskSchedulerImpl: Adding task set 3.0 with 1 tasks resource profile 0
[2025-03-30T17:52:50.961+0000] {spark_submit.py:645} INFO - 25/03/30 17:52:50 INFO BlockManagerInfo: Removed broadcast_3_piece0 on 4962f173392a:38927 in memory (size: 30.6 KiB, free: 434.3 MiB)
[2025-03-30T17:52:50.962+0000] {spark_submit.py:645} INFO - 25/03/30 17:52:50 INFO TaskSetManager: Starting task 0.0 in stage 3.0 (TID 2) (172.18.0.5, executor 0, partition 0, NODE_LOCAL, 9289 bytes)
[2025-03-30T17:52:52.022+0000] {spark_submit.py:645} INFO - 25/03/30 17:52:51 INFO BlockManagerInfo: Added broadcast_4_piece0 in memory on 172.18.0.5:34399 (size: 94.1 KiB, free: 127.1 MiB)
[2025-03-30T17:52:55.325+0000] {spark_submit.py:645} INFO - 25/03/30 17:52:55 INFO MapOutputTrackerMasterEndpoint: Asked to send map output locations for shuffle 0 to 172.18.0.5:55384
[2025-03-30T17:53:15.536+0000] {spark_submit.py:645} INFO - 25/03/30 17:53:15 INFO TaskSetManager: Finished task 0.0 in stage 3.0 (TID 2) in 24581 ms on 172.18.0.5 (executor 0) (1/1)
[2025-03-30T17:53:15.538+0000] {spark_submit.py:645} INFO - 25/03/30 17:53:15 INFO TaskSchedulerImpl: Removed TaskSet 3.0, whose tasks have all completed, from pool
[2025-03-30T17:53:15.539+0000] {spark_submit.py:645} INFO - 25/03/30 17:53:15 INFO DAGScheduler: ResultStage 3 (parquet at NativeMethodAccessorImpl.java:0) finished in 24.848 s
[2025-03-30T17:53:15.540+0000] {spark_submit.py:645} INFO - 25/03/30 17:53:15 INFO DAGScheduler: Job 2 is finished. Cancelling potential speculative or zombie tasks for this job
[2025-03-30T17:53:15.541+0000] {spark_submit.py:645} INFO - 25/03/30 17:53:15 INFO TaskSchedulerImpl: Killing all running tasks in stage 3: Stage finished
[2025-03-30T17:53:15.541+0000] {spark_submit.py:645} INFO - 25/03/30 17:53:15 INFO DAGScheduler: Job 2 finished: parquet at NativeMethodAccessorImpl.java:0, took 24.931337 s
[2025-03-30T17:53:15.543+0000] {spark_submit.py:645} INFO - 25/03/30 17:53:15 INFO FileFormatWriter: Start to commit write Job 3d8e1c6d-6f72-4ef4-a278-fd5d22139e96.
[2025-03-30T17:53:18.190+0000] {spark_submit.py:645} INFO - 25/03/30 17:53:18 INFO FileFormatWriter: Write Job 3d8e1c6d-6f72-4ef4-a278-fd5d22139e96 committed. Elapsed time: 2645 ms.
[2025-03-30T17:53:18.194+0000] {spark_submit.py:645} INFO - 25/03/30 17:53:18 INFO FileFormatWriter: Finished processing stats for write job 3d8e1c6d-6f72-4ef4-a278-fd5d22139e96.
[2025-03-30T17:53:18.197+0000] {spark_submit.py:645} INFO - 2025-03-30 17:53:18,197 - INFO - Data written successfully to s3a://processed/artist.parquet
[2025-03-30T17:53:18.198+0000] {spark_submit.py:645} INFO - 2025-03-30 17:53:18,197 - INFO - Processo finalizado.
[2025-03-30T17:53:18.200+0000] {spark_submit.py:645} INFO - 25/03/30 17:53:18 INFO SparkContext: SparkContext is stopping with exitCode 0.
[2025-03-30T17:53:18.208+0000] {spark_submit.py:645} INFO - 25/03/30 17:53:18 INFO SparkUI: Stopped Spark web UI at http://4962f173392a:4040
[2025-03-30T17:53:18.212+0000] {spark_submit.py:645} INFO - 25/03/30 17:53:18 INFO StandaloneSchedulerBackend: Shutting down all executors
[2025-03-30T17:53:18.212+0000] {spark_submit.py:645} INFO - 25/03/30 17:53:18 INFO StandaloneSchedulerBackend$StandaloneDriverEndpoint: Asking each executor to shut down
[2025-03-30T17:53:18.392+0000] {spark_submit.py:645} INFO - 25/03/30 17:53:18 INFO MapOutputTrackerMasterEndpoint: MapOutputTrackerMasterEndpoint stopped!
[2025-03-30T17:53:18.849+0000] {spark_submit.py:645} INFO - 25/03/30 17:53:18 INFO MemoryStore: MemoryStore cleared
[2025-03-30T17:53:18.850+0000] {spark_submit.py:645} INFO - 25/03/30 17:53:18 INFO BlockManager: BlockManager stopped
[2025-03-30T17:53:18.850+0000] {spark_submit.py:645} INFO - 25/03/30 17:53:18 INFO BlockManagerMaster: BlockManagerMaster stopped
[2025-03-30T17:53:18.852+0000] {spark_submit.py:645} INFO - 25/03/30 17:53:18 INFO OutputCommitCoordinator$OutputCommitCoordinatorEndpoint: OutputCommitCoordinator stopped!
[2025-03-30T17:53:19.155+0000] {spark_submit.py:645} INFO - 25/03/30 17:53:19 INFO SparkContext: Successfully stopped SparkContext
[2025-03-30T17:53:19.176+0000] {spark_submit.py:645} INFO - 2025-03-30 17:53:19,176 - INFO - Closing down clientserver connection
[2025-03-30T17:53:19.421+0000] {spark_submit.py:645} INFO - 25/03/30 17:53:19 INFO ShutdownHookManager: Shutdown hook called
[2025-03-30T17:53:19.422+0000] {spark_submit.py:645} INFO - 25/03/30 17:53:19 INFO ShutdownHookManager: Deleting directory /tmp/spark-4843b88c-1a23-4887-8825-29cde3e98326
[2025-03-30T17:53:19.428+0000] {spark_submit.py:645} INFO - 25/03/30 17:53:19 INFO ShutdownHookManager: Deleting directory /tmp/spark-0bbef6ae-1faa-4aae-8809-be832d9b4a4b
[2025-03-30T17:53:19.517+0000] {spark_submit.py:645} INFO - 25/03/30 17:53:19 INFO ShutdownHookManager: Deleting directory /tmp/spark-0bbef6ae-1faa-4aae-8809-be832d9b4a4b/pyspark-dc77b183-16d1-4b9a-940d-f5e9f2fe4ea4
[2025-03-30T17:53:19.574+0000] {spark_submit.py:645} INFO - 25/03/30 17:53:19 INFO MetricsSystemImpl: Stopping s3a-file-system metrics system...
[2025-03-30T17:53:19.574+0000] {spark_submit.py:645} INFO - 25/03/30 17:53:19 INFO MetricsSystemImpl: s3a-file-system metrics system stopped.
[2025-03-30T17:53:19.575+0000] {spark_submit.py:645} INFO - 25/03/30 17:53:19 INFO MetricsSystemImpl: s3a-file-system metrics system shutdown complete.
[2025-03-30T17:53:19.656+0000] {python.py:237} INFO - Done. Returned value was: None
[2025-03-30T17:53:19.657+0000] {taskinstance.py:441} INFO - ::group::Post task execution logs
[2025-03-30T17:53:19.687+0000] {taskinstance.py:1206} INFO - Marking task as SUCCESS. dag_id=etl_pipeline, task_id=transformation, run_id=manual__2025-03-26T13:33:39.761724+00:00, execution_date=20250326T133339, start_date=20250330T174833, end_date=20250330T175319
[2025-03-30T17:53:19.814+0000] {local_task_job_runner.py:240} INFO - Task exited with return code 0
[2025-03-30T17:53:19.833+0000] {taskinstance.py:3503} INFO - 0 downstream tasks scheduled from follow-on schedule check
[2025-03-30T17:53:19.878+0000] {local_task_job_runner.py:222} INFO - ::endgroup::
