[2025-03-29T00:01:23.482+0000] {local_task_job_runner.py:120} INFO - ::group::Pre task execution logs
[2025-03-29T00:01:23.554+0000] {taskinstance.py:2076} INFO - Dependencies all met for dep_context=non-requeueable deps ti=<TaskInstance: etl_pipeline.transformation manual__2025-03-26T13:33:39.761724+00:00 [queued]>
[2025-03-29T00:01:23.564+0000] {taskinstance.py:2076} INFO - Dependencies all met for dep_context=requeueable deps ti=<TaskInstance: etl_pipeline.transformation manual__2025-03-26T13:33:39.761724+00:00 [queued]>
[2025-03-29T00:01:23.565+0000] {taskinstance.py:2306} INFO - Starting attempt 45 of 46
[2025-03-29T00:01:23.626+0000] {taskinstance.py:2330} INFO - Executing <Task(PythonOperator): transformation> on 2025-03-26 13:33:39.761724+00:00
[2025-03-29T00:01:23.637+0000] {standard_task_runner.py:63} INFO - Started process 864 to run task
[2025-03-29T00:01:23.642+0000] {standard_task_runner.py:90} INFO - Running: ['***', 'tasks', 'run', 'etl_pipeline', 'transformation', 'manual__2025-03-26T13:33:39.761724+00:00', '--job-id', '57', '--raw', '--subdir', 'DAGS_FOLDER/etl_pipeline.py', '--cfg-path', '/tmp/tmpucg3v2ul']
[2025-03-29T00:01:23.644+0000] {standard_task_runner.py:91} INFO - Job 57: Subtask transformation
[2025-03-29T00:01:23.968+0000] {task_command.py:426} INFO - Running <TaskInstance: etl_pipeline.transformation manual__2025-03-26T13:33:39.761724+00:00 [running]> on host 9a51e41eb88a
[2025-03-29T00:01:24.184+0000] {taskinstance.py:2648} INFO - Exporting env vars: AIRFLOW_CTX_DAG_OWNER='lobobranco' AIRFLOW_CTX_DAG_ID='etl_pipeline' AIRFLOW_CTX_TASK_ID='transformation' AIRFLOW_CTX_EXECUTION_DATE='2025-03-26T13:33:39.761724+00:00' AIRFLOW_CTX_TRY_NUMBER='45' AIRFLOW_CTX_DAG_RUN_ID='manual__2025-03-26T13:33:39.761724+00:00'
[2025-03-29T00:01:24.185+0000] {taskinstance.py:430} INFO - ::endgroup::
[2025-03-29T00:01:24.210+0000] {etl_pipeline.py:76} INFO - Transforming data from file: s3://raw/playlist_20250328_235234.json
[2025-03-29T00:01:24.210+0000] {logging_mixin.py:188} INFO - File Path: s3://raw/playlist_20250328_235234.json
[2025-03-29T00:01:24.211+0000] {logging_mixin.py:188} INFO - Processed Bucket: processed
[2025-03-29T00:01:24.212+0000] {baseoperator.py:400} WARNING - SparkSubmitOperator.execute cannot be called outside TaskInstance!
[2025-03-29T00:01:24.224+0000] {base.py:84} INFO - Using connection ID 'spark_default' for task execution.
[2025-03-29T00:01:24.224+0000] {spark_submit.py:328} ERROR - Failed to decode base64 keytab: Incorrect padding
[2025-03-29T00:01:24.225+0000] {spark_submit.py:305} INFO - Could not load connection string spark_default, defaulting to spark://spark-master:7077
[2025-03-29T00:01:24.227+0000] {spark_submit.py:474} INFO - Spark-Submit cmd: spark-submit --master spark://spark-master:7077 --conf spark.executor.memory=512m --conf spark.executor.cores=1 --conf spark.jars=/opt/spark_job/jars/aws-java-sdk-bundle-1.12.262.jar,/opt/spark_job/jars/hadoop-aws-3.3.4.jar --conf spark.hadoop.fs.s3a.endpoint=http://minio:9000 --conf spark.hadoop.fs.s3a.access.key=admin --conf spark.hadoop.fs.s3a.secret.key=****** --conf spark.hadoop.fs.s3a.impl=org.apache.hadoop.fs.s3a.S3AFileSystem --conf spark.hadoop.fs.s3a.path.style.access=true --principal *** --name arrow-spark --verbose --deploy-mode client /opt/spark_job/data_transformation.py s3://raw/playlist_20250328_235234.json processed
[2025-03-29T00:01:25.331+0000] {spark_submit.py:645} INFO - /home/***/.local/lib/python3.11/site-packages/pyspark/bin/load-spark-env.sh: line 68: ps: command not found
[2025-03-29T00:01:31.185+0000] {spark_submit.py:645} INFO - Using properties file: null
[2025-03-29T00:01:31.407+0000] {spark_submit.py:645} INFO - Parsed arguments:
[2025-03-29T00:01:31.407+0000] {spark_submit.py:645} INFO - master                  spark://spark-master:7077
[2025-03-29T00:01:31.408+0000] {spark_submit.py:645} INFO - remote                  null
[2025-03-29T00:01:31.408+0000] {spark_submit.py:645} INFO - deployMode              client
[2025-03-29T00:01:31.409+0000] {spark_submit.py:645} INFO - executorMemory          512m
[2025-03-29T00:01:31.409+0000] {spark_submit.py:645} INFO - executorCores           1
[2025-03-29T00:01:31.410+0000] {spark_submit.py:645} INFO - totalExecutorCores      null
[2025-03-29T00:01:31.410+0000] {spark_submit.py:645} INFO - propertiesFile          null
[2025-03-29T00:01:31.410+0000] {spark_submit.py:645} INFO - driverMemory            null
[2025-03-29T00:01:31.411+0000] {spark_submit.py:645} INFO - driverCores             null
[2025-03-29T00:01:31.411+0000] {spark_submit.py:645} INFO - driverExtraClassPath    null
[2025-03-29T00:01:31.412+0000] {spark_submit.py:645} INFO - driverExtraLibraryPath  null
[2025-03-29T00:01:31.412+0000] {spark_submit.py:645} INFO - driverExtraJavaOptions  null
[2025-03-29T00:01:31.412+0000] {spark_submit.py:645} INFO - supervise               false
[2025-03-29T00:01:31.413+0000] {spark_submit.py:645} INFO - queue                   null
[2025-03-29T00:01:31.413+0000] {spark_submit.py:645} INFO - numExecutors            null
[2025-03-29T00:01:31.413+0000] {spark_submit.py:645} INFO - files                   null
[2025-03-29T00:01:31.414+0000] {spark_submit.py:645} INFO - pyFiles                 null
[2025-03-29T00:01:31.414+0000] {spark_submit.py:645} INFO - archives                null
[2025-03-29T00:01:31.415+0000] {spark_submit.py:645} INFO - mainClass               null
[2025-03-29T00:01:31.415+0000] {spark_submit.py:645} INFO - primaryResource         file:/opt/spark_job/data_transformation.py
[2025-03-29T00:01:31.415+0000] {spark_submit.py:645} INFO - name                    arrow-spark
[2025-03-29T00:01:31.416+0000] {spark_submit.py:645} INFO - childArgs               [s3://raw/playlist_20250328_235234.json processed]
[2025-03-29T00:01:31.416+0000] {spark_submit.py:645} INFO - jars                    /opt/spark_job/jars/aws-java-sdk-bundle-1.12.262.jar,/opt/spark_job/jars/hadoop-aws-3.3.4.jar
[2025-03-29T00:01:31.417+0000] {spark_submit.py:645} INFO - packages                null
[2025-03-29T00:01:31.417+0000] {spark_submit.py:645} INFO - packagesExclusions      null
[2025-03-29T00:01:31.417+0000] {spark_submit.py:645} INFO - repositories            null
[2025-03-29T00:01:31.418+0000] {spark_submit.py:645} INFO - verbose                 true
[2025-03-29T00:01:31.418+0000] {spark_submit.py:645} INFO - 
[2025-03-29T00:01:31.419+0000] {spark_submit.py:645} INFO - Spark properties used, including those specified through
[2025-03-29T00:01:31.419+0000] {spark_submit.py:645} INFO - --conf and those from the properties file null:
[2025-03-29T00:01:31.419+0000] {spark_submit.py:645} INFO - (spark.executor.cores,1)
[2025-03-29T00:01:31.420+0000] {spark_submit.py:645} INFO - (spark.executor.memory,512m)
[2025-03-29T00:01:31.420+0000] {spark_submit.py:645} INFO - (spark.hadoop.fs.s3a.access.key,*********(redacted))
[2025-03-29T00:01:31.420+0000] {spark_submit.py:645} INFO - (spark.hadoop.fs.s3a.endpoint,http://minio:9000)
[2025-03-29T00:01:31.421+0000] {spark_submit.py:645} INFO - (spark.hadoop.fs.s3a.impl,org.apache.hadoop.fs.s3a.S3AFileSystem)
[2025-03-29T00:01:31.421+0000] {spark_submit.py:645} INFO - (spark.hadoop.fs.s3a.path.style.access,true)
[2025-03-29T00:01:31.421+0000] {spark_submit.py:645} INFO - (spark.hadoop.fs.s3a.secret.key,*********(redacted))
[2025-03-29T00:01:31.422+0000] {spark_submit.py:645} INFO - (spark.jars,/opt/spark_job/jars/aws-java-sdk-bundle-1.12.262.jar,/opt/spark_job/jars/hadoop-aws-3.3.4.jar)
[2025-03-29T00:01:31.422+0000] {spark_submit.py:645} INFO - 
[2025-03-29T00:01:31.422+0000] {spark_submit.py:645} INFO - 
[2025-03-29T00:01:32.537+0000] {spark_submit.py:645} INFO - 25/03/29 00:01:32 WARN NativeCodeLoader: Unable to load native-hadoop library for your platform... using builtin-java classes where applicable
[2025-03-29T00:01:32.748+0000] {spark_submit.py:645} INFO - Main class:
[2025-03-29T00:01:32.748+0000] {spark_submit.py:645} INFO - org.apache.spark.deploy.PythonRunner
[2025-03-29T00:01:32.749+0000] {spark_submit.py:645} INFO - Arguments:
[2025-03-29T00:01:32.749+0000] {spark_submit.py:645} INFO - file:/opt/spark_job/data_transformation.py
[2025-03-29T00:01:32.749+0000] {spark_submit.py:645} INFO - null
[2025-03-29T00:01:32.750+0000] {spark_submit.py:645} INFO - s3://raw/playlist_20250328_235234.json
[2025-03-29T00:01:32.750+0000] {spark_submit.py:645} INFO - processed
[2025-03-29T00:01:32.751+0000] {spark_submit.py:645} INFO - Spark config:
[2025-03-29T00:01:32.751+0000] {spark_submit.py:645} INFO - (spark.app.name,arrow-spark)
[2025-03-29T00:01:32.751+0000] {spark_submit.py:645} INFO - (spark.app.submitTime,1743206492730)
[2025-03-29T00:01:32.752+0000] {spark_submit.py:645} INFO - (spark.executor.cores,1)
[2025-03-29T00:01:32.752+0000] {spark_submit.py:645} INFO - (spark.executor.memory,512m)
[2025-03-29T00:01:32.752+0000] {spark_submit.py:645} INFO - (spark.hadoop.fs.s3a.access.key,*********(redacted))
[2025-03-29T00:01:32.753+0000] {spark_submit.py:645} INFO - (spark.hadoop.fs.s3a.endpoint,http://minio:9000)
[2025-03-29T00:01:32.753+0000] {spark_submit.py:645} INFO - (spark.hadoop.fs.s3a.impl,org.apache.hadoop.fs.s3a.S3AFileSystem)
[2025-03-29T00:01:32.753+0000] {spark_submit.py:645} INFO - (spark.hadoop.fs.s3a.path.style.access,true)
[2025-03-29T00:01:32.754+0000] {spark_submit.py:645} INFO - (spark.hadoop.fs.s3a.secret.key,*********(redacted))
[2025-03-29T00:01:32.754+0000] {spark_submit.py:645} INFO - (spark.jars,file:///opt/spark_job/jars/aws-java-sdk-bundle-1.12.262.jar,file:///opt/spark_job/jars/hadoop-aws-3.3.4.jar)
[2025-03-29T00:01:32.754+0000] {spark_submit.py:645} INFO - (spark.kerberos.principal,***)
[2025-03-29T00:01:32.755+0000] {spark_submit.py:645} INFO - (spark.master,spark://spark-master:7077)
[2025-03-29T00:01:32.755+0000] {spark_submit.py:645} INFO - (spark.repl.local.jars,file:///opt/spark_job/jars/aws-java-sdk-bundle-1.12.262.jar,file:///opt/spark_job/jars/hadoop-aws-3.3.4.jar)
[2025-03-29T00:01:32.755+0000] {spark_submit.py:645} INFO - (spark.submit.deployMode,client)
[2025-03-29T00:01:32.756+0000] {spark_submit.py:645} INFO - (spark.submit.pyFiles,)
[2025-03-29T00:01:32.756+0000] {spark_submit.py:645} INFO - Classpath elements:
[2025-03-29T00:01:32.756+0000] {spark_submit.py:645} INFO - file:///opt/spark_job/jars/aws-java-sdk-bundle-1.12.262.jar
[2025-03-29T00:01:32.757+0000] {spark_submit.py:645} INFO - file:///opt/spark_job/jars/hadoop-aws-3.3.4.jar
[2025-03-29T00:01:32.757+0000] {spark_submit.py:645} INFO - 
[2025-03-29T00:01:32.757+0000] {spark_submit.py:645} INFO - 
[2025-03-29T00:01:35.972+0000] {spark_submit.py:645} INFO - 2025-03-29 00:01:35,971 - INFO - Iniciando a configuração da Spark Session
[2025-03-29T00:01:36.495+0000] {spark_submit.py:645} INFO - 25/03/29 00:01:36 INFO SparkContext: Running Spark version 3.5.5
[2025-03-29T00:01:36.495+0000] {spark_submit.py:645} INFO - 25/03/29 00:01:36 INFO SparkContext: OS info Linux, 5.15.153.1-microsoft-standard-WSL2, amd64
[2025-03-29T00:01:36.496+0000] {spark_submit.py:645} INFO - 25/03/29 00:01:36 INFO SparkContext: Java version 17.0.14
[2025-03-29T00:01:36.523+0000] {spark_submit.py:645} INFO - 25/03/29 00:01:36 INFO ResourceUtils: ==============================================================
[2025-03-29T00:01:36.523+0000] {spark_submit.py:645} INFO - 25/03/29 00:01:36 INFO ResourceUtils: No custom resources configured for spark.driver.
[2025-03-29T00:01:36.524+0000] {spark_submit.py:645} INFO - 25/03/29 00:01:36 INFO ResourceUtils: ==============================================================
[2025-03-29T00:01:36.524+0000] {spark_submit.py:645} INFO - 25/03/29 00:01:36 INFO SparkContext: Submitted application: Minio Integration with PySpark
[2025-03-29T00:01:36.548+0000] {spark_submit.py:645} INFO - 25/03/29 00:01:36 INFO ResourceProfile: Default ResourceProfile created, executor resources: Map(cores -> name: cores, amount: 1, script: , vendor: , memory -> name: memory, amount: 512, script: , vendor: , offHeap -> name: offHeap, amount: 0, script: , vendor: ), task resources: Map(cpus -> name: cpus, amount: 1.0)
[2025-03-29T00:01:36.558+0000] {spark_submit.py:645} INFO - 25/03/29 00:01:36 INFO ResourceProfile: Limiting resource is cpus at 1 tasks per executor
[2025-03-29T00:01:36.560+0000] {spark_submit.py:645} INFO - 25/03/29 00:01:36 INFO ResourceProfileManager: Added ResourceProfile id: 0
[2025-03-29T00:01:36.607+0000] {spark_submit.py:645} INFO - 25/03/29 00:01:36 INFO SecurityManager: Changing view acls to: ***
[2025-03-29T00:01:36.607+0000] {spark_submit.py:645} INFO - 25/03/29 00:01:36 INFO SecurityManager: Changing modify acls to: ***
[2025-03-29T00:01:36.608+0000] {spark_submit.py:645} INFO - 25/03/29 00:01:36 INFO SecurityManager: Changing view acls groups to:
[2025-03-29T00:01:36.608+0000] {spark_submit.py:645} INFO - 25/03/29 00:01:36 INFO SecurityManager: Changing modify acls groups to:
[2025-03-29T00:01:36.609+0000] {spark_submit.py:645} INFO - 25/03/29 00:01:36 INFO SecurityManager: SecurityManager: authentication disabled; ui acls disabled; users with view permissions: ***; groups with view permissions: EMPTY; users with modify permissions: ***; groups with modify permissions: EMPTY
[2025-03-29T00:01:36.828+0000] {spark_submit.py:645} INFO - 25/03/29 00:01:36 INFO Utils: Successfully started service 'sparkDriver' on port 44421.
[2025-03-29T00:01:36.872+0000] {spark_submit.py:645} INFO - 25/03/29 00:01:36 INFO SparkEnv: Registering MapOutputTracker
[2025-03-29T00:01:36.914+0000] {spark_submit.py:645} INFO - 25/03/29 00:01:36 INFO SparkEnv: Registering BlockManagerMaster
[2025-03-29T00:01:36.942+0000] {spark_submit.py:645} INFO - 25/03/29 00:01:36 INFO BlockManagerMasterEndpoint: Using org.apache.spark.storage.DefaultTopologyMapper for getting topology information
[2025-03-29T00:01:36.943+0000] {spark_submit.py:645} INFO - 25/03/29 00:01:36 INFO BlockManagerMasterEndpoint: BlockManagerMasterEndpoint up
[2025-03-29T00:01:36.948+0000] {spark_submit.py:645} INFO - 25/03/29 00:01:36 INFO SparkEnv: Registering BlockManagerMasterHeartbeat
[2025-03-29T00:01:36.994+0000] {spark_submit.py:645} INFO - 25/03/29 00:01:36 INFO DiskBlockManager: Created local directory at /tmp/blockmgr-249ba946-b9a7-4e57-8e7d-fd5ffb9bd34e
[2025-03-29T00:01:37.007+0000] {spark_submit.py:645} INFO - 25/03/29 00:01:37 INFO MemoryStore: MemoryStore started with capacity 434.4 MiB
[2025-03-29T00:01:37.021+0000] {spark_submit.py:645} INFO - 25/03/29 00:01:37 INFO SparkEnv: Registering OutputCommitCoordinator
[2025-03-29T00:01:37.128+0000] {spark_submit.py:645} INFO - 25/03/29 00:01:37 INFO JettyUtils: Start Jetty 0.0.0.0:4040 for SparkUI
[2025-03-29T00:01:37.197+0000] {spark_submit.py:645} INFO - 25/03/29 00:01:37 INFO Utils: Successfully started service 'SparkUI' on port 4040.
[2025-03-29T00:01:37.232+0000] {spark_submit.py:645} INFO - 25/03/29 00:01:37 INFO SparkContext: Added JAR file:///opt/spark_job/jars/aws-java-sdk-bundle-1.12.262.jar at spark://9a51e41eb88a:44421/jars/aws-java-sdk-bundle-1.12.262.jar with timestamp 1743206496487
[2025-03-29T00:01:37.233+0000] {spark_submit.py:645} INFO - 25/03/29 00:01:37 INFO SparkContext: Added JAR file:///opt/spark_job/jars/hadoop-aws-3.3.4.jar at spark://9a51e41eb88a:44421/jars/hadoop-aws-3.3.4.jar with timestamp 1743206496487
[2025-03-29T00:01:37.308+0000] {spark_submit.py:645} INFO - 25/03/29 00:01:37 INFO StandaloneAppClient$ClientEndpoint: Connecting to master spark://spark-master:7077...
[2025-03-29T00:01:37.359+0000] {spark_submit.py:645} INFO - 25/03/29 00:01:37 INFO TransportClientFactory: Successfully created connection to spark-master/172.18.0.6:7077 after 28 ms (0 ms spent in bootstraps)
[2025-03-29T00:01:37.527+0000] {spark_submit.py:645} INFO - 25/03/29 00:01:37 INFO StandaloneSchedulerBackend: Connected to Spark cluster with app ID app-20250329000137-0003
[2025-03-29T00:01:37.593+0000] {spark_submit.py:645} INFO - 25/03/29 00:01:37 INFO StandaloneAppClient$ClientEndpoint: Executor added: app-20250329000137-0003/0 on worker-20250328234144-172.18.0.7-36857 (172.18.0.7:36857) with 1 core(s)
[2025-03-29T00:01:37.594+0000] {spark_submit.py:645} INFO - 25/03/29 00:01:37 INFO StandaloneSchedulerBackend: Granted executor ID app-20250329000137-0003/0 on hostPort 172.18.0.7:36857 with 1 core(s), 512.0 MiB RAM
[2025-03-29T00:01:37.595+0000] {spark_submit.py:645} INFO - 25/03/29 00:01:37 INFO StandaloneAppClient$ClientEndpoint: Executor added: app-20250329000137-0003/1 on worker-20250328234144-172.18.0.7-36857 (172.18.0.7:36857) with 1 core(s)
[2025-03-29T00:01:37.595+0000] {spark_submit.py:645} INFO - 25/03/29 00:01:37 INFO StandaloneSchedulerBackend: Granted executor ID app-20250329000137-0003/1 on hostPort 172.18.0.7:36857 with 1 core(s), 512.0 MiB RAM
[2025-03-29T00:01:37.596+0000] {spark_submit.py:645} INFO - 25/03/29 00:01:37 INFO StandaloneAppClient$ClientEndpoint: Executor added: app-20250329000137-0003/2 on worker-20250328234144-172.18.0.5-44197 (172.18.0.5:44197) with 1 core(s)
[2025-03-29T00:01:37.597+0000] {spark_submit.py:645} INFO - 25/03/29 00:01:37 INFO StandaloneSchedulerBackend: Granted executor ID app-20250329000137-0003/2 on hostPort 172.18.0.5:44197 with 1 core(s), 512.0 MiB RAM
[2025-03-29T00:01:37.598+0000] {spark_submit.py:645} INFO - 25/03/29 00:01:37 INFO StandaloneAppClient$ClientEndpoint: Executor added: app-20250329000137-0003/3 on worker-20250328234144-172.18.0.5-44197 (172.18.0.5:44197) with 1 core(s)
[2025-03-29T00:01:37.599+0000] {spark_submit.py:645} INFO - 25/03/29 00:01:37 INFO StandaloneSchedulerBackend: Granted executor ID app-20250329000137-0003/3 on hostPort 172.18.0.5:44197 with 1 core(s), 512.0 MiB RAM
[2025-03-29T00:01:37.603+0000] {spark_submit.py:645} INFO - 25/03/29 00:01:37 INFO Utils: Successfully started service 'org.apache.spark.network.netty.NettyBlockTransferService' on port 46653.
[2025-03-29T00:01:37.608+0000] {spark_submit.py:645} INFO - 25/03/29 00:01:37 INFO NettyBlockTransferService: Server created on 9a51e41eb88a:46653
[2025-03-29T00:01:37.608+0000] {spark_submit.py:645} INFO - 25/03/29 00:01:37 INFO BlockManager: Using org.apache.spark.storage.RandomBlockReplicationPolicy for block replication policy
[2025-03-29T00:01:37.621+0000] {spark_submit.py:645} INFO - 25/03/29 00:01:37 INFO BlockManagerMaster: Registering BlockManager BlockManagerId(driver, 9a51e41eb88a, 46653, None)
[2025-03-29T00:01:37.625+0000] {spark_submit.py:645} INFO - 25/03/29 00:01:37 INFO BlockManagerMasterEndpoint: Registering block manager 9a51e41eb88a:46653 with 434.4 MiB RAM, BlockManagerId(driver, 9a51e41eb88a, 46653, None)
[2025-03-29T00:01:37.634+0000] {spark_submit.py:645} INFO - 25/03/29 00:01:37 INFO BlockManagerMaster: Registered BlockManager BlockManagerId(driver, 9a51e41eb88a, 46653, None)
[2025-03-29T00:01:37.636+0000] {spark_submit.py:645} INFO - 25/03/29 00:01:37 INFO BlockManager: Initialized BlockManager: BlockManagerId(driver, 9a51e41eb88a, 46653, None)
[2025-03-29T00:01:37.805+0000] {spark_submit.py:645} INFO - 25/03/29 00:01:37 INFO StandaloneAppClient$ClientEndpoint: Executor updated: app-20250329000137-0003/0 is now RUNNING
[2025-03-29T00:01:37.911+0000] {spark_submit.py:645} INFO - 25/03/29 00:01:37 INFO StandaloneAppClient$ClientEndpoint: Executor updated: app-20250329000137-0003/1 is now RUNNING
[2025-03-29T00:01:37.939+0000] {spark_submit.py:645} INFO - 25/03/29 00:01:37 INFO StandaloneAppClient$ClientEndpoint: Executor updated: app-20250329000137-0003/2 is now RUNNING
[2025-03-29T00:01:37.942+0000] {spark_submit.py:645} INFO - 25/03/29 00:01:37 INFO StandaloneAppClient$ClientEndpoint: Executor updated: app-20250329000137-0003/3 is now RUNNING
[2025-03-29T00:01:38.023+0000] {spark_submit.py:645} INFO - 25/03/29 00:01:38 INFO StandaloneSchedulerBackend: SchedulerBackend is ready for scheduling beginning after reached minRegisteredResourcesRatio: 0.0
[2025-03-29T00:01:38.198+0000] {spark_submit.py:645} INFO - 2025-03-29 00:01:38,197 - INFO - Spark Session criada com sucesso
[2025-03-29T00:01:38.203+0000] {spark_submit.py:645} INFO - 25/03/29 00:01:38 INFO SharedState: Setting hive.metastore.warehouse.dir ('null') to the value of spark.sql.warehouse.dir.
[2025-03-29T00:01:38.205+0000] {spark_submit.py:645} INFO - 25/03/29 00:01:38 INFO SharedState: Warehouse path is 'file:/opt/spark-warehouse'.
[2025-03-29T00:01:40.051+0000] {spark_submit.py:645} INFO - 25/03/29 00:01:40 WARN MetricsConfig: Cannot locate configuration: tried hadoop-metrics2-s3a-file-system.properties,hadoop-metrics2.properties
[2025-03-29T00:01:40.067+0000] {spark_submit.py:645} INFO - 25/03/29 00:01:40 INFO MetricsSystemImpl: Scheduled Metric snapshot period at 10 second(s).
[2025-03-29T00:01:40.068+0000] {spark_submit.py:645} INFO - 25/03/29 00:01:40 INFO MetricsSystemImpl: s3a-file-system metrics system started
[2025-03-29T00:01:43.782+0000] {spark_submit.py:645} INFO - 25/03/29 00:01:43 INFO InMemoryFileIndex: It took 250 ms to list leaf files for 1 paths.
[2025-03-29T00:01:44.241+0000] {spark_submit.py:645} INFO - 25/03/29 00:01:44 INFO MemoryStore: Block broadcast_0 stored as values in memory (estimated size 209.2 KiB, free 434.2 MiB)
[2025-03-29T00:01:44.787+0000] {spark_submit.py:645} INFO - 25/03/29 00:01:44 INFO MemoryStore: Block broadcast_0_piece0 stored as bytes in memory (estimated size 35.5 KiB, free 434.2 MiB)
[2025-03-29T00:01:44.853+0000] {spark_submit.py:645} INFO - 25/03/29 00:01:44 INFO BlockManagerInfo: Added broadcast_0_piece0 in memory on 9a51e41eb88a:46653 (size: 35.5 KiB, free: 434.4 MiB)
[2025-03-29T00:01:44.892+0000] {spark_submit.py:645} INFO - 25/03/29 00:01:44 INFO SparkContext: Created broadcast 0 from json at NativeMethodAccessorImpl.java:0
[2025-03-29T00:01:45.566+0000] {spark_submit.py:645} INFO - 25/03/29 00:01:45 INFO FileInputFormat: Total input files to process : 1
[2025-03-29T00:01:45.613+0000] {spark_submit.py:645} INFO - 25/03/29 00:01:45 INFO FileInputFormat: Total input files to process : 1
[2025-03-29T00:01:45.646+0000] {spark_submit.py:645} INFO - 25/03/29 00:01:45 INFO SparkContext: Starting job: json at NativeMethodAccessorImpl.java:0
[2025-03-29T00:01:45.706+0000] {spark_submit.py:645} INFO - 25/03/29 00:01:45 INFO DAGScheduler: Got job 0 (json at NativeMethodAccessorImpl.java:0) with 1 output partitions
[2025-03-29T00:01:45.712+0000] {spark_submit.py:645} INFO - 25/03/29 00:01:45 INFO DAGScheduler: Final stage: ResultStage 0 (json at NativeMethodAccessorImpl.java:0)
[2025-03-29T00:01:45.714+0000] {spark_submit.py:645} INFO - 25/03/29 00:01:45 INFO DAGScheduler: Parents of final stage: List()
[2025-03-29T00:01:45.717+0000] {spark_submit.py:645} INFO - 25/03/29 00:01:45 INFO DAGScheduler: Missing parents: List()
[2025-03-29T00:01:45.744+0000] {spark_submit.py:645} INFO - 25/03/29 00:01:45 INFO DAGScheduler: Submitting ResultStage 0 (MapPartitionsRDD[2] at json at NativeMethodAccessorImpl.java:0), which has no missing parents
[2025-03-29T00:01:45.875+0000] {spark_submit.py:645} INFO - 25/03/29 00:01:45 INFO MemoryStore: Block broadcast_1 stored as values in memory (estimated size 9.3 KiB, free 434.2 MiB)
[2025-03-29T00:01:45.936+0000] {spark_submit.py:645} INFO - 25/03/29 00:01:45 INFO MemoryStore: Block broadcast_1_piece0 stored as bytes in memory (estimated size 5.0 KiB, free 434.1 MiB)
[2025-03-29T00:01:45.950+0000] {spark_submit.py:645} INFO - 25/03/29 00:01:45 INFO BlockManagerInfo: Added broadcast_1_piece0 in memory on 9a51e41eb88a:46653 (size: 5.0 KiB, free: 434.4 MiB)
[2025-03-29T00:01:45.954+0000] {spark_submit.py:645} INFO - 25/03/29 00:01:45 INFO SparkContext: Created broadcast 1 from broadcast at DAGScheduler.scala:1585
[2025-03-29T00:01:45.997+0000] {spark_submit.py:645} INFO - 25/03/29 00:01:45 INFO DAGScheduler: Submitting 1 missing tasks from ResultStage 0 (MapPartitionsRDD[2] at json at NativeMethodAccessorImpl.java:0) (first 15 tasks are for partitions Vector(0))
[2025-03-29T00:01:46.019+0000] {spark_submit.py:645} INFO - 25/03/29 00:01:46 INFO TaskSchedulerImpl: Adding task set 0.0 with 1 tasks resource profile 0
[2025-03-29T00:01:48.425+0000] {spark_submit.py:645} INFO - 25/03/29 00:01:48 INFO StandaloneSchedulerBackend$StandaloneDriverEndpoint: Registered executor NettyRpcEndpointRef(spark-client://Executor) (172.18.0.5:33992) with ID 3,  ResourceProfileId 0
[2025-03-29T00:01:48.542+0000] {spark_submit.py:645} INFO - 25/03/29 00:01:48 INFO StandaloneSchedulerBackend$StandaloneDriverEndpoint: Registered executor NettyRpcEndpointRef(spark-client://Executor) (172.18.0.7:54848) with ID 0,  ResourceProfileId 0
[2025-03-29T00:01:48.575+0000] {spark_submit.py:645} INFO - 25/03/29 00:01:48 INFO BlockManagerMasterEndpoint: Registering block manager 172.18.0.5:41013 with 127.2 MiB RAM, BlockManagerId(3, 172.18.0.5, 41013, None)
[2025-03-29T00:01:48.829+0000] {spark_submit.py:645} INFO - 25/03/29 00:01:48 INFO BlockManagerMasterEndpoint: Registering block manager 172.18.0.7:33907 with 127.2 MiB RAM, BlockManagerId(0, 172.18.0.7, 33907, None)
[2025-03-29T00:01:49.150+0000] {spark_submit.py:645} INFO - 25/03/29 00:01:49 INFO StandaloneSchedulerBackend$StandaloneDriverEndpoint: Registered executor NettyRpcEndpointRef(spark-client://Executor) (172.18.0.7:54832) with ID 1,  ResourceProfileId 0
[2025-03-29T00:01:49.657+0000] {spark_submit.py:645} INFO - 25/03/29 00:01:49 INFO BlockManagerMasterEndpoint: Registering block manager 172.18.0.7:34307 with 127.2 MiB RAM, BlockManagerId(1, 172.18.0.7, 34307, None)
[2025-03-29T00:01:49.807+0000] {spark_submit.py:645} INFO - 25/03/29 00:01:49 INFO StandaloneSchedulerBackend$StandaloneDriverEndpoint: Registered executor NettyRpcEndpointRef(spark-client://Executor) (172.18.0.5:34008) with ID 2,  ResourceProfileId 0
[2025-03-29T00:01:50.116+0000] {spark_submit.py:645} INFO - 25/03/29 00:01:50 INFO BlockManagerMasterEndpoint: Registering block manager 172.18.0.5:42829 with 127.2 MiB RAM, BlockManagerId(2, 172.18.0.5, 42829, None)
[2025-03-29T00:02:20.235+0000] {spark_submit.py:645} INFO - 25/03/29 00:02:20 INFO TaskSetManager: Starting task 0.0 in stage 0.0 (TID 0) (172.18.0.7, executor 0, partition 0, PROCESS_LOCAL, 9420 bytes)
[2025-03-29T00:02:26.092+0000] {spark_submit.py:645} INFO - 25/03/29 00:02:26 INFO BlockManagerInfo: Added broadcast_1_piece0 in memory on 172.18.0.7:33907 (size: 5.0 KiB, free: 127.2 MiB)
[2025-03-29T00:02:31.578+0000] {spark_submit.py:645} INFO - 25/03/29 00:02:31 INFO BlockManagerInfo: Added broadcast_0_piece0 in memory on 172.18.0.7:33907 (size: 35.5 KiB, free: 127.2 MiB)
[2025-03-29T00:02:56.011+0000] {spark_submit.py:645} INFO - 25/03/29 00:02:56 INFO TaskSetManager: Finished task 0.0 in stage 0.0 (TID 0) in 35877 ms on 172.18.0.7 (executor 0) (1/1)
[2025-03-29T00:02:56.152+0000] {spark_submit.py:645} INFO - 25/03/29 00:02:56 INFO TaskSchedulerImpl: Removed TaskSet 0.0, whose tasks have all completed, from pool
[2025-03-29T00:02:56.508+0000] {spark_submit.py:645} INFO - 25/03/29 00:02:56 INFO DAGScheduler: ResultStage 0 (json at NativeMethodAccessorImpl.java:0) finished in 70.713 s
[2025-03-29T00:02:56.512+0000] {spark_submit.py:645} INFO - 25/03/29 00:02:56 INFO DAGScheduler: Job 0 is finished. Cancelling potential speculative or zombie tasks for this job
[2025-03-29T00:02:56.533+0000] {spark_submit.py:645} INFO - 25/03/29 00:02:56 INFO TaskSchedulerImpl: Killing all running tasks in stage 0: Stage finished
[2025-03-29T00:02:56.556+0000] {spark_submit.py:645} INFO - 25/03/29 00:02:56 INFO DAGScheduler: Job 0 finished: json at NativeMethodAccessorImpl.java:0, took 71.086454 s
[2025-03-29T00:03:06.736+0000] {spark_submit.py:645} INFO - 25/03/29 00:03:06 INFO BlockManagerInfo: Removed broadcast_0_piece0 on 9a51e41eb88a:46653 in memory (size: 35.5 KiB, free: 434.4 MiB)
[2025-03-29T00:03:06.757+0000] {spark_submit.py:645} INFO - 25/03/29 00:03:06 INFO BlockManagerInfo: Removed broadcast_0_piece0 on 172.18.0.7:33907 in memory (size: 35.5 KiB, free: 127.2 MiB)
[2025-03-29T00:03:08.002+0000] {spark_submit.py:645} INFO - 25/03/29 00:03:08 INFO BlockManagerInfo: Removed broadcast_1_piece0 on 172.18.0.7:33907 in memory (size: 5.0 KiB, free: 127.2 MiB)
[2025-03-29T00:03:08.016+0000] {spark_submit.py:645} INFO - 25/03/29 00:03:08 INFO BlockManagerInfo: Removed broadcast_1_piece0 on 9a51e41eb88a:46653 in memory (size: 5.0 KiB, free: 434.4 MiB)
[2025-03-29T00:03:12.392+0000] {spark_submit.py:645} INFO - 25/03/29 00:03:12 INFO FileSourceStrategy: Pushed Filters:
[2025-03-29T00:03:12.394+0000] {spark_submit.py:645} INFO - 25/03/29 00:03:12 INFO FileSourceStrategy: Post-Scan Filters:
[2025-03-29T00:03:12.572+0000] {spark_submit.py:645} INFO - Traceback (most recent call last):
[2025-03-29T00:03:12.572+0000] {spark_submit.py:645} INFO - File "/opt/spark_job/data_transformation.py", line 39, in <module>
[2025-03-29T00:03:12.713+0000] {spark_submit.py:645} INFO - data_transformation(spark, file_path, processed_bucket, writer)
[2025-03-29T00:03:12.714+0000] {spark_submit.py:645} INFO - File "/opt/spark_job/data_transformation.py", line 23, in data_transformation
[2025-03-29T00:03:12.716+0000] {spark_submit.py:645} INFO - df_raw.write.mode("overwrite").parquet(bucket_path)
[2025-03-29T00:03:12.717+0000] {spark_submit.py:645} INFO - File "/home/***/.local/lib/python3.11/site-packages/pyspark/python/lib/pyspark.zip/pyspark/sql/readwriter.py", line 1721, in parquet
[2025-03-29T00:03:12.717+0000] {spark_submit.py:645} INFO - File "/home/***/.local/lib/python3.11/site-packages/pyspark/python/lib/py4j-0.10.9.7-src.zip/py4j/java_gateway.py", line 1322, in __call__
[2025-03-29T00:03:12.717+0000] {spark_submit.py:645} INFO - File "/home/***/.local/lib/python3.11/site-packages/pyspark/python/lib/pyspark.zip/pyspark/errors/exceptions/captured.py", line 185, in deco
[2025-03-29T00:03:12.725+0000] {spark_submit.py:645} INFO - pyspark.errors.exceptions.captured.IllegalArgumentException: path must be absolute
[2025-03-29T00:03:12.725+0000] {spark_submit.py:645} INFO - 2025-03-29 00:03:12,725 - INFO - Closing down clientserver connection
[2025-03-29T00:03:12.795+0000] {spark_submit.py:645} INFO - 25/03/29 00:03:12 INFO SparkContext: Invoking stop() from shutdown hook
[2025-03-29T00:03:12.796+0000] {spark_submit.py:645} INFO - 25/03/29 00:03:12 INFO SparkContext: SparkContext is stopping with exitCode 0.
[2025-03-29T00:03:12.805+0000] {spark_submit.py:645} INFO - 25/03/29 00:03:12 INFO SparkUI: Stopped Spark web UI at http://9a51e41eb88a:4040
[2025-03-29T00:03:12.808+0000] {spark_submit.py:645} INFO - 25/03/29 00:03:12 INFO StandaloneSchedulerBackend: Shutting down all executors
[2025-03-29T00:03:12.809+0000] {spark_submit.py:645} INFO - 25/03/29 00:03:12 INFO StandaloneSchedulerBackend$StandaloneDriverEndpoint: Asking each executor to shut down
[2025-03-29T00:03:12.896+0000] {spark_submit.py:645} INFO - 25/03/29 00:03:12 INFO MapOutputTrackerMasterEndpoint: MapOutputTrackerMasterEndpoint stopped!
[2025-03-29T00:03:13.085+0000] {spark_submit.py:645} INFO - 25/03/29 00:03:13 INFO MemoryStore: MemoryStore cleared
[2025-03-29T00:03:13.086+0000] {spark_submit.py:645} INFO - 25/03/29 00:03:13 INFO BlockManager: BlockManager stopped
[2025-03-29T00:03:13.151+0000] {spark_submit.py:645} INFO - 25/03/29 00:03:13 INFO BlockManagerMaster: BlockManagerMaster stopped
[2025-03-29T00:03:13.174+0000] {spark_submit.py:645} INFO - 25/03/29 00:03:13 INFO OutputCommitCoordinator$OutputCommitCoordinatorEndpoint: OutputCommitCoordinator stopped!
[2025-03-29T00:03:13.212+0000] {spark_submit.py:645} INFO - 25/03/29 00:03:13 INFO SparkContext: Successfully stopped SparkContext
[2025-03-29T00:03:13.267+0000] {spark_submit.py:645} INFO - 25/03/29 00:03:13 INFO ShutdownHookManager: Shutdown hook called
[2025-03-29T00:03:13.269+0000] {spark_submit.py:645} INFO - 25/03/29 00:03:13 INFO ShutdownHookManager: Deleting directory /tmp/spark-2c0b08f0-5c1e-4b61-b2b2-5174e48f53c7
[2025-03-29T00:03:13.285+0000] {spark_submit.py:645} INFO - 25/03/29 00:03:13 INFO ShutdownHookManager: Deleting directory /tmp/spark-2c0b08f0-5c1e-4b61-b2b2-5174e48f53c7/pyspark-1e018757-c1cc-4a8c-a236-58757d34d21c
[2025-03-29T00:03:13.384+0000] {spark_submit.py:645} INFO - 25/03/29 00:03:13 INFO ShutdownHookManager: Deleting directory /tmp/spark-f75b7cda-c276-4151-a07d-e123d393a998
[2025-03-29T00:03:13.535+0000] {spark_submit.py:645} INFO - 25/03/29 00:03:13 INFO MetricsSystemImpl: Stopping s3a-file-system metrics system...
[2025-03-29T00:03:13.537+0000] {spark_submit.py:645} INFO - 25/03/29 00:03:13 INFO MetricsSystemImpl: s3a-file-system metrics system stopped.
[2025-03-29T00:03:13.539+0000] {spark_submit.py:645} INFO - 25/03/29 00:03:13 INFO MetricsSystemImpl: s3a-file-system metrics system shutdown complete.
[2025-03-29T00:03:13.628+0000] {taskinstance.py:441} INFO - ::group::Post task execution logs
[2025-03-29T00:03:13.641+0000] {taskinstance.py:2905} ERROR - Task failed with exception
Traceback (most recent call last):
  File "/home/airflow/.local/lib/python3.11/site-packages/airflow/models/taskinstance.py", line 465, in _execute_task
    result = _execute_callable(context=context, **execute_callable_kwargs)
             ^^^^^^^^^^^^^^^^^^^^^^^^^^^^^^^^^^^^^^^^^^^^^^^^^^^^^^^^^^^^^
  File "/home/airflow/.local/lib/python3.11/site-packages/airflow/models/taskinstance.py", line 432, in _execute_callable
    return execute_callable(context=context, **execute_callable_kwargs)
           ^^^^^^^^^^^^^^^^^^^^^^^^^^^^^^^^^^^^^^^^^^^^^^^^^^^^^^^^^^^^
  File "/home/airflow/.local/lib/python3.11/site-packages/airflow/models/baseoperator.py", line 401, in wrapper
    return func(self, *args, **kwargs)
           ^^^^^^^^^^^^^^^^^^^^^^^^^^^
  File "/home/airflow/.local/lib/python3.11/site-packages/airflow/operators/python.py", line 235, in execute
    return_value = self.execute_callable()
                   ^^^^^^^^^^^^^^^^^^^^^^^
  File "/home/airflow/.local/lib/python3.11/site-packages/airflow/operators/python.py", line 252, in execute_callable
    return self.python_callable(*self.op_args, **self.op_kwargs)
           ^^^^^^^^^^^^^^^^^^^^^^^^^^^^^^^^^^^^^^^^^^^^^^^^^^^^^
  File "/opt/airflow/dags/etl_pipeline.py", line 97, in spark_dtransformation
    ).execute(kwargs)
      ^^^^^^^^^^^^^^^
  File "/home/airflow/.local/lib/python3.11/site-packages/airflow/models/baseoperator.py", line 401, in wrapper
    return func(self, *args, **kwargs)
           ^^^^^^^^^^^^^^^^^^^^^^^^^^^
  File "/home/airflow/.local/lib/python3.11/site-packages/airflow/providers/apache/spark/operators/spark_submit.py", line 177, in execute
    self._hook.submit(self.application)
  File "/home/airflow/.local/lib/python3.11/site-packages/airflow/providers/apache/spark/hooks/spark_submit.py", line 567, in submit
    raise AirflowException(
airflow.exceptions.AirflowException: Cannot execute: spark-submit --master spark://spark-master:7077 --conf spark.executor.memory=512m --conf spark.executor.cores=1 --conf spark.jars=/opt/spark_job/jars/aws-java-sdk-bundle-1.12.262.jar,/opt/spark_job/jars/hadoop-aws-3.3.4.jar --conf spark.hadoop.fs.s3a.endpoint=http://minio:9000 --conf spark.hadoop.fs.s3a.access.key=admin --conf spark.hadoop.fs.s3a.secret.key=****** --conf spark.hadoop.fs.s3a.impl=org.apache.hadoop.fs.s3a.S3AFileSystem --conf spark.hadoop.fs.s3a.path.style.access=true --principal *** --name arrow-spark --verbose --deploy-mode client /opt/spark_job/data_transformation.py s3://raw/playlist_20250328_235234.json processed. Error code is: 1.
[2025-03-29T00:03:13.650+0000] {taskinstance.py:1206} INFO - Marking task as UP_FOR_RETRY. dag_id=etl_pipeline, task_id=transformation, run_id=manual__2025-03-26T13:33:39.761724+00:00, execution_date=20250326T133339, start_date=20250329T000123, end_date=20250329T000313
[2025-03-29T00:03:13.693+0000] {standard_task_runner.py:110} ERROR - Failed to execute job 57 for task transformation (Cannot execute: spark-submit --master spark://spark-master:7077 --conf spark.executor.memory=512m --conf spark.executor.cores=1 --conf spark.jars=/opt/spark_job/jars/aws-java-sdk-bundle-1.12.262.jar,/opt/spark_job/jars/hadoop-aws-3.3.4.jar --conf spark.hadoop.fs.s3a.endpoint=http://minio:9000 --conf spark.hadoop.fs.s3a.access.key=admin --conf spark.hadoop.fs.s3a.secret.key=****** --conf spark.hadoop.fs.s3a.impl=org.apache.hadoop.fs.s3a.S3AFileSystem --conf spark.hadoop.fs.s3a.path.style.access=true --principal *** --name arrow-spark --verbose --deploy-mode client /opt/spark_job/data_transformation.py s3://raw/playlist_20250328_235234.json processed. Error code is: 1.; 864)
[2025-03-29T00:03:13.711+0000] {local_task_job_runner.py:240} INFO - Task exited with return code 1
[2025-03-29T00:03:13.736+0000] {taskinstance.py:3503} INFO - 0 downstream tasks scheduled from follow-on schedule check
[2025-03-29T00:03:13.784+0000] {local_task_job_runner.py:222} INFO - ::endgroup::
