[2025-03-30T17:57:53.576+0000] {local_task_job_runner.py:120} INFO - ::group::Pre task execution logs
[2025-03-30T17:57:53.612+0000] {taskinstance.py:2076} INFO - Dependencies all met for dep_context=non-requeueable deps ti=<TaskInstance: etl_pipeline.transformation manual__2025-03-26T13:33:39.761724+00:00 [queued]>
[2025-03-30T17:57:53.621+0000] {taskinstance.py:2076} INFO - Dependencies all met for dep_context=requeueable deps ti=<TaskInstance: etl_pipeline.transformation manual__2025-03-26T13:33:39.761724+00:00 [queued]>
[2025-03-30T17:57:53.622+0000] {taskinstance.py:2306} INFO - Starting attempt 72 of 73
[2025-03-30T17:57:53.653+0000] {taskinstance.py:2330} INFO - Executing <Task(PythonOperator): transformation> on 2025-03-26 13:33:39.761724+00:00
[2025-03-30T17:57:53.661+0000] {standard_task_runner.py:63} INFO - Started process 1142 to run task
[2025-03-30T17:57:53.664+0000] {standard_task_runner.py:90} INFO - Running: ['***', 'tasks', 'run', 'etl_pipeline', 'transformation', 'manual__2025-03-26T13:33:39.761724+00:00', '--job-id', '122', '--raw', '--subdir', 'DAGS_FOLDER/etl_pipeline.py', '--cfg-path', '/tmp/tmpcup96rj0']
[2025-03-30T17:57:53.700+0000] {standard_task_runner.py:91} INFO - Job 122: Subtask transformation
[2025-03-30T17:57:53.807+0000] {task_command.py:426} INFO - Running <TaskInstance: etl_pipeline.transformation manual__2025-03-26T13:33:39.761724+00:00 [running]> on host 4962f173392a
[2025-03-30T17:57:53.998+0000] {taskinstance.py:2648} INFO - Exporting env vars: AIRFLOW_CTX_DAG_OWNER='lobobranco' AIRFLOW_CTX_DAG_ID='etl_pipeline' AIRFLOW_CTX_TASK_ID='transformation' AIRFLOW_CTX_EXECUTION_DATE='2025-03-26T13:33:39.761724+00:00' AIRFLOW_CTX_TRY_NUMBER='72' AIRFLOW_CTX_DAG_RUN_ID='manual__2025-03-26T13:33:39.761724+00:00'
[2025-03-30T17:57:53.999+0000] {taskinstance.py:430} INFO - ::endgroup::
[2025-03-30T17:57:54.053+0000] {etl_pipeline.py:76} INFO - Transforming data from file: s3://raw/playlist_20250329_132856.json
[2025-03-30T17:57:54.054+0000] {logging_mixin.py:188} INFO - File Path: s3://raw/playlist_20250329_132856.json
[2025-03-30T17:57:54.055+0000] {logging_mixin.py:188} INFO - Processed Bucket: processed
[2025-03-30T17:57:54.056+0000] {baseoperator.py:400} WARNING - SparkSubmitOperator.execute cannot be called outside TaskInstance!
[2025-03-30T17:57:54.074+0000] {base.py:84} INFO - Using connection ID 'spark_default' for task execution.
[2025-03-30T17:57:54.076+0000] {spark_submit.py:328} ERROR - Failed to decode base64 keytab: Incorrect padding
[2025-03-30T17:57:54.077+0000] {spark_submit.py:305} INFO - Could not load connection string spark_default, defaulting to spark://spark-master:7077
[2025-03-30T17:57:54.078+0000] {spark_submit.py:474} INFO - Spark-Submit cmd: spark-submit --master spark://spark-master:7077 --conf spark.executor.memory=512m --conf spark.executor.cores=1 --conf spark.jars=/opt/spark_job/jars/aws-java-sdk-bundle-1.12.262.jar,/opt/spark_job/jars/hadoop-aws-3.3.4.jar --conf spark.hadoop.fs.s3a.endpoint=http://minio:9000 --conf spark.hadoop.fs.s3a.access.key=admin --conf spark.hadoop.fs.s3a.secret.key=****** --conf spark.hadoop.fs.s3a.impl=org.apache.hadoop.fs.s3a.S3AFileSystem --conf spark.hadoop.fs.s3a.path.style.access=true --principal *** --name arrow-spark --verbose --deploy-mode client /opt/spark_job/data_transformation.py s3://raw/playlist_20250329_132856.json processed
[2025-03-30T17:57:54.336+0000] {spark_submit.py:645} INFO - /home/***/.local/lib/python3.11/site-packages/pyspark/bin/load-spark-env.sh: line 68: ps: command not found
[2025-03-30T17:57:56.084+0000] {spark_submit.py:645} INFO - Using properties file: null
[2025-03-30T17:57:56.266+0000] {spark_submit.py:645} INFO - Parsed arguments:
[2025-03-30T17:57:56.270+0000] {spark_submit.py:645} INFO - master                  spark://spark-master:7077
[2025-03-30T17:57:56.271+0000] {spark_submit.py:645} INFO - remote                  null
[2025-03-30T17:57:56.272+0000] {spark_submit.py:645} INFO - deployMode              client
[2025-03-30T17:57:56.272+0000] {spark_submit.py:645} INFO - executorMemory          512m
[2025-03-30T17:57:56.273+0000] {spark_submit.py:645} INFO - executorCores           1
[2025-03-30T17:57:56.273+0000] {spark_submit.py:645} INFO - totalExecutorCores      null
[2025-03-30T17:57:56.274+0000] {spark_submit.py:645} INFO - propertiesFile          null
[2025-03-30T17:57:56.275+0000] {spark_submit.py:645} INFO - driverMemory            null
[2025-03-30T17:57:56.275+0000] {spark_submit.py:645} INFO - driverCores             null
[2025-03-30T17:57:56.275+0000] {spark_submit.py:645} INFO - driverExtraClassPath    null
[2025-03-30T17:57:56.276+0000] {spark_submit.py:645} INFO - driverExtraLibraryPath  null
[2025-03-30T17:57:56.276+0000] {spark_submit.py:645} INFO - driverExtraJavaOptions  null
[2025-03-30T17:57:56.277+0000] {spark_submit.py:645} INFO - supervise               false
[2025-03-30T17:57:56.277+0000] {spark_submit.py:645} INFO - queue                   null
[2025-03-30T17:57:56.278+0000] {spark_submit.py:645} INFO - numExecutors            null
[2025-03-30T17:57:56.278+0000] {spark_submit.py:645} INFO - files                   null
[2025-03-30T17:57:56.278+0000] {spark_submit.py:645} INFO - pyFiles                 null
[2025-03-30T17:57:56.279+0000] {spark_submit.py:645} INFO - archives                null
[2025-03-30T17:57:56.279+0000] {spark_submit.py:645} INFO - mainClass               null
[2025-03-30T17:57:56.279+0000] {spark_submit.py:645} INFO - primaryResource         file:/opt/spark_job/data_transformation.py
[2025-03-30T17:57:56.280+0000] {spark_submit.py:645} INFO - name                    arrow-spark
[2025-03-30T17:57:56.280+0000] {spark_submit.py:645} INFO - childArgs               [s3://raw/playlist_20250329_132856.json processed]
[2025-03-30T17:57:56.280+0000] {spark_submit.py:645} INFO - jars                    /opt/spark_job/jars/aws-java-sdk-bundle-1.12.262.jar,/opt/spark_job/jars/hadoop-aws-3.3.4.jar
[2025-03-30T17:57:56.281+0000] {spark_submit.py:645} INFO - packages                null
[2025-03-30T17:57:56.281+0000] {spark_submit.py:645} INFO - packagesExclusions      null
[2025-03-30T17:57:56.281+0000] {spark_submit.py:645} INFO - repositories            null
[2025-03-30T17:57:56.282+0000] {spark_submit.py:645} INFO - verbose                 true
[2025-03-30T17:57:56.282+0000] {spark_submit.py:645} INFO - 
[2025-03-30T17:57:56.282+0000] {spark_submit.py:645} INFO - Spark properties used, including those specified through
[2025-03-30T17:57:56.283+0000] {spark_submit.py:645} INFO - --conf and those from the properties file null:
[2025-03-30T17:57:56.283+0000] {spark_submit.py:645} INFO - (spark.executor.cores,1)
[2025-03-30T17:57:56.283+0000] {spark_submit.py:645} INFO - (spark.executor.memory,512m)
[2025-03-30T17:57:56.284+0000] {spark_submit.py:645} INFO - (spark.hadoop.fs.s3a.access.key,*********(redacted))
[2025-03-30T17:57:56.284+0000] {spark_submit.py:645} INFO - (spark.hadoop.fs.s3a.endpoint,http://minio:9000)
[2025-03-30T17:57:56.284+0000] {spark_submit.py:645} INFO - (spark.hadoop.fs.s3a.impl,org.apache.hadoop.fs.s3a.S3AFileSystem)
[2025-03-30T17:57:56.285+0000] {spark_submit.py:645} INFO - (spark.hadoop.fs.s3a.path.style.access,true)
[2025-03-30T17:57:56.285+0000] {spark_submit.py:645} INFO - (spark.hadoop.fs.s3a.secret.key,*********(redacted))
[2025-03-30T17:57:56.285+0000] {spark_submit.py:645} INFO - (spark.jars,/opt/spark_job/jars/aws-java-sdk-bundle-1.12.262.jar,/opt/spark_job/jars/hadoop-aws-3.3.4.jar)
[2025-03-30T17:57:56.285+0000] {spark_submit.py:645} INFO - 
[2025-03-30T17:57:56.286+0000] {spark_submit.py:645} INFO - 
[2025-03-30T17:57:56.594+0000] {spark_submit.py:645} INFO - 25/03/30 17:57:56 WARN NativeCodeLoader: Unable to load native-hadoop library for your platform... using builtin-java classes where applicable
[2025-03-30T17:57:56.788+0000] {spark_submit.py:645} INFO - Main class:
[2025-03-30T17:57:56.789+0000] {spark_submit.py:645} INFO - org.apache.spark.deploy.PythonRunner
[2025-03-30T17:57:56.790+0000] {spark_submit.py:645} INFO - Arguments:
[2025-03-30T17:57:56.790+0000] {spark_submit.py:645} INFO - file:/opt/spark_job/data_transformation.py
[2025-03-30T17:57:56.791+0000] {spark_submit.py:645} INFO - null
[2025-03-30T17:57:56.791+0000] {spark_submit.py:645} INFO - s3://raw/playlist_20250329_132856.json
[2025-03-30T17:57:56.792+0000] {spark_submit.py:645} INFO - processed
[2025-03-30T17:57:56.796+0000] {spark_submit.py:645} INFO - Spark config:
[2025-03-30T17:57:56.796+0000] {spark_submit.py:645} INFO - (spark.app.name,arrow-spark)
[2025-03-30T17:57:56.797+0000] {spark_submit.py:645} INFO - (spark.app.submitTime,1743357476770)
[2025-03-30T17:57:56.797+0000] {spark_submit.py:645} INFO - (spark.executor.cores,1)
[2025-03-30T17:57:56.798+0000] {spark_submit.py:645} INFO - (spark.executor.memory,512m)
[2025-03-30T17:57:56.798+0000] {spark_submit.py:645} INFO - (spark.hadoop.fs.s3a.access.key,*********(redacted))
[2025-03-30T17:57:56.798+0000] {spark_submit.py:645} INFO - (spark.hadoop.fs.s3a.endpoint,http://minio:9000)
[2025-03-30T17:57:56.799+0000] {spark_submit.py:645} INFO - (spark.hadoop.fs.s3a.impl,org.apache.hadoop.fs.s3a.S3AFileSystem)
[2025-03-30T17:57:56.799+0000] {spark_submit.py:645} INFO - (spark.hadoop.fs.s3a.path.style.access,true)
[2025-03-30T17:57:56.799+0000] {spark_submit.py:645} INFO - (spark.hadoop.fs.s3a.secret.key,*********(redacted))
[2025-03-30T17:57:56.800+0000] {spark_submit.py:645} INFO - (spark.jars,file:///opt/spark_job/jars/aws-java-sdk-bundle-1.12.262.jar,file:///opt/spark_job/jars/hadoop-aws-3.3.4.jar)
[2025-03-30T17:57:56.800+0000] {spark_submit.py:645} INFO - (spark.kerberos.principal,***)
[2025-03-30T17:57:56.801+0000] {spark_submit.py:645} INFO - (spark.master,spark://spark-master:7077)
[2025-03-30T17:57:56.801+0000] {spark_submit.py:645} INFO - (spark.repl.local.jars,file:///opt/spark_job/jars/aws-java-sdk-bundle-1.12.262.jar,file:///opt/spark_job/jars/hadoop-aws-3.3.4.jar)
[2025-03-30T17:57:56.802+0000] {spark_submit.py:645} INFO - (spark.submit.deployMode,client)
[2025-03-30T17:57:56.802+0000] {spark_submit.py:645} INFO - (spark.submit.pyFiles,)
[2025-03-30T17:57:56.803+0000] {spark_submit.py:645} INFO - Classpath elements:
[2025-03-30T17:57:56.803+0000] {spark_submit.py:645} INFO - file:///opt/spark_job/jars/aws-java-sdk-bundle-1.12.262.jar
[2025-03-30T17:57:56.804+0000] {spark_submit.py:645} INFO - file:///opt/spark_job/jars/hadoop-aws-3.3.4.jar
[2025-03-30T17:57:56.805+0000] {spark_submit.py:645} INFO - 
[2025-03-30T17:57:56.805+0000] {spark_submit.py:645} INFO - 
[2025-03-30T17:57:58.988+0000] {spark_submit.py:645} INFO - 2025-03-30 17:57:58,987 - INFO - Iniciando a configuração da Spark Session
[2025-03-30T17:57:59.549+0000] {spark_submit.py:645} INFO - 25/03/30 17:57:59 INFO SparkContext: Running Spark version 3.5.3
[2025-03-30T17:57:59.549+0000] {spark_submit.py:645} INFO - 25/03/30 17:57:59 INFO SparkContext: OS info Linux, 5.15.153.1-microsoft-standard-WSL2, amd64
[2025-03-30T17:57:59.550+0000] {spark_submit.py:645} INFO - 25/03/30 17:57:59 INFO SparkContext: Java version 17.0.14
[2025-03-30T17:57:59.582+0000] {spark_submit.py:645} INFO - 25/03/30 17:57:59 INFO ResourceUtils: ==============================================================
[2025-03-30T17:57:59.582+0000] {spark_submit.py:645} INFO - 25/03/30 17:57:59 INFO ResourceUtils: No custom resources configured for spark.driver.
[2025-03-30T17:57:59.583+0000] {spark_submit.py:645} INFO - 25/03/30 17:57:59 INFO ResourceUtils: ==============================================================
[2025-03-30T17:57:59.583+0000] {spark_submit.py:645} INFO - 25/03/30 17:57:59 INFO SparkContext: Submitted application: Minio Integration with PySpark
[2025-03-30T17:57:59.605+0000] {spark_submit.py:645} INFO - 25/03/30 17:57:59 INFO ResourceProfile: Default ResourceProfile created, executor resources: Map(cores -> name: cores, amount: 1, script: , vendor: , memory -> name: memory, amount: 512, script: , vendor: , offHeap -> name: offHeap, amount: 0, script: , vendor: ), task resources: Map(cpus -> name: cpus, amount: 1.0)
[2025-03-30T17:57:59.619+0000] {spark_submit.py:645} INFO - 25/03/30 17:57:59 INFO ResourceProfile: Limiting resource is cpus at 1 tasks per executor
[2025-03-30T17:57:59.622+0000] {spark_submit.py:645} INFO - 25/03/30 17:57:59 INFO ResourceProfileManager: Added ResourceProfile id: 0
[2025-03-30T17:57:59.676+0000] {spark_submit.py:645} INFO - 25/03/30 17:57:59 INFO SecurityManager: Changing view acls to: ***
[2025-03-30T17:57:59.677+0000] {spark_submit.py:645} INFO - 25/03/30 17:57:59 INFO SecurityManager: Changing modify acls to: ***
[2025-03-30T17:57:59.677+0000] {spark_submit.py:645} INFO - 25/03/30 17:57:59 INFO SecurityManager: Changing view acls groups to:
[2025-03-30T17:57:59.677+0000] {spark_submit.py:645} INFO - 25/03/30 17:57:59 INFO SecurityManager: Changing modify acls groups to:
[2025-03-30T17:57:59.678+0000] {spark_submit.py:645} INFO - 25/03/30 17:57:59 INFO SecurityManager: SecurityManager: authentication disabled; ui acls disabled; users with view permissions: ***; groups with view permissions: EMPTY; users with modify permissions: ***; groups with modify permissions: EMPTY
[2025-03-30T17:57:59.935+0000] {spark_submit.py:645} INFO - 25/03/30 17:57:59 INFO Utils: Successfully started service 'sparkDriver' on port 41849.
[2025-03-30T17:57:59.986+0000] {spark_submit.py:645} INFO - 25/03/30 17:57:59 INFO SparkEnv: Registering MapOutputTracker
[2025-03-30T17:58:00.182+0000] {spark_submit.py:645} INFO - 25/03/30 17:58:00 INFO SparkEnv: Registering BlockManagerMaster
[2025-03-30T17:58:00.206+0000] {spark_submit.py:645} INFO - 25/03/30 17:58:00 INFO BlockManagerMasterEndpoint: Using org.apache.spark.storage.DefaultTopologyMapper for getting topology information
[2025-03-30T17:58:00.208+0000] {spark_submit.py:645} INFO - 25/03/30 17:58:00 INFO BlockManagerMasterEndpoint: BlockManagerMasterEndpoint up
[2025-03-30T17:58:00.214+0000] {spark_submit.py:645} INFO - 25/03/30 17:58:00 INFO SparkEnv: Registering BlockManagerMasterHeartbeat
[2025-03-30T17:58:00.236+0000] {spark_submit.py:645} INFO - 25/03/30 17:58:00 INFO DiskBlockManager: Created local directory at /tmp/blockmgr-a8b0263b-6c9d-4b3d-ba6e-24c86ce16140
[2025-03-30T17:58:00.252+0000] {spark_submit.py:645} INFO - 25/03/30 17:58:00 INFO MemoryStore: MemoryStore started with capacity 434.4 MiB
[2025-03-30T17:58:00.268+0000] {spark_submit.py:645} INFO - 25/03/30 17:58:00 INFO SparkEnv: Registering OutputCommitCoordinator
[2025-03-30T17:58:00.403+0000] {spark_submit.py:645} INFO - 25/03/30 17:58:00 INFO JettyUtils: Start Jetty 0.0.0.0:4040 for SparkUI
[2025-03-30T17:58:00.502+0000] {spark_submit.py:645} INFO - 25/03/30 17:58:00 INFO Utils: Successfully started service 'SparkUI' on port 4040.
[2025-03-30T17:58:00.549+0000] {spark_submit.py:645} INFO - 25/03/30 17:58:00 INFO SparkContext: Added JAR file:///opt/spark_job/jars/aws-java-sdk-bundle-1.12.262.jar at spark://4962f173392a:41849/jars/aws-java-sdk-bundle-1.12.262.jar with timestamp 1743357479539
[2025-03-30T17:58:00.551+0000] {spark_submit.py:645} INFO - 25/03/30 17:58:00 INFO SparkContext: Added JAR file:///opt/spark_job/jars/hadoop-aws-3.3.4.jar at spark://4962f173392a:41849/jars/hadoop-aws-3.3.4.jar with timestamp 1743357479539
[2025-03-30T17:58:00.671+0000] {spark_submit.py:645} INFO - 25/03/30 17:58:00 INFO StandaloneAppClient$ClientEndpoint: Connecting to master spark://spark-master:7077...
[2025-03-30T17:58:00.754+0000] {spark_submit.py:645} INFO - 25/03/30 17:58:00 INFO TransportClientFactory: Successfully created connection to spark-master/172.18.0.6:7077 after 39 ms (0 ms spent in bootstraps)
[2025-03-30T17:58:00.958+0000] {spark_submit.py:645} INFO - 25/03/30 17:58:00 INFO StandaloneSchedulerBackend: Connected to Spark cluster with app ID app-20250330175800-0005
[2025-03-30T17:58:00.959+0000] {spark_submit.py:645} INFO - 25/03/30 17:58:00 INFO StandaloneAppClient$ClientEndpoint: Executor added: app-20250330175800-0005/0 on worker-20250330171833-172.18.0.5-45767 (172.18.0.5:45767) with 1 core(s)
[2025-03-30T17:58:00.959+0000] {spark_submit.py:645} INFO - 25/03/30 17:58:00 INFO StandaloneSchedulerBackend: Granted executor ID app-20250330175800-0005/0 on hostPort 172.18.0.5:45767 with 1 core(s), 512.0 MiB RAM
[2025-03-30T17:58:00.959+0000] {spark_submit.py:645} INFO - 25/03/30 17:58:00 INFO StandaloneAppClient$ClientEndpoint: Executor added: app-20250330175800-0005/1 on worker-20250330171833-172.18.0.5-45767 (172.18.0.5:45767) with 1 core(s)
[2025-03-30T17:58:00.959+0000] {spark_submit.py:645} INFO - 25/03/30 17:58:00 INFO StandaloneSchedulerBackend: Granted executor ID app-20250330175800-0005/1 on hostPort 172.18.0.5:45767 with 1 core(s), 512.0 MiB RAM
[2025-03-30T17:58:00.960+0000] {spark_submit.py:645} INFO - 25/03/30 17:58:00 INFO StandaloneAppClient$ClientEndpoint: Executor added: app-20250330175800-0005/2 on worker-20250330171833-172.18.0.7-40325 (172.18.0.7:40325) with 1 core(s)
[2025-03-30T17:58:00.960+0000] {spark_submit.py:645} INFO - 25/03/30 17:58:00 INFO StandaloneSchedulerBackend: Granted executor ID app-20250330175800-0005/2 on hostPort 172.18.0.7:40325 with 1 core(s), 512.0 MiB RAM
[2025-03-30T17:58:00.960+0000] {spark_submit.py:645} INFO - 25/03/30 17:58:00 INFO StandaloneAppClient$ClientEndpoint: Executor added: app-20250330175800-0005/3 on worker-20250330171833-172.18.0.7-40325 (172.18.0.7:40325) with 1 core(s)
[2025-03-30T17:58:00.960+0000] {spark_submit.py:645} INFO - 25/03/30 17:58:00 INFO StandaloneSchedulerBackend: Granted executor ID app-20250330175800-0005/3 on hostPort 172.18.0.7:40325 with 1 core(s), 512.0 MiB RAM
[2025-03-30T17:58:00.968+0000] {spark_submit.py:645} INFO - 25/03/30 17:58:00 INFO Utils: Successfully started service 'org.apache.spark.network.netty.NettyBlockTransferService' on port 38019.
[2025-03-30T17:58:00.969+0000] {spark_submit.py:645} INFO - 25/03/30 17:58:00 INFO NettyBlockTransferService: Server created on 4962f173392a:38019
[2025-03-30T17:58:00.971+0000] {spark_submit.py:645} INFO - 25/03/30 17:58:00 INFO BlockManager: Using org.apache.spark.storage.RandomBlockReplicationPolicy for block replication policy
[2025-03-30T17:58:00.978+0000] {spark_submit.py:645} INFO - 25/03/30 17:58:00 INFO BlockManagerMaster: Registering BlockManager BlockManagerId(driver, 4962f173392a, 38019, None)
[2025-03-30T17:58:01.061+0000] {spark_submit.py:645} INFO - 25/03/30 17:58:00 INFO BlockManagerMasterEndpoint: Registering block manager 4962f173392a:38019 with 434.4 MiB RAM, BlockManagerId(driver, 4962f173392a, 38019, None)
[2025-03-30T17:58:01.063+0000] {spark_submit.py:645} INFO - 25/03/30 17:58:01 INFO BlockManagerMaster: Registered BlockManager BlockManagerId(driver, 4962f173392a, 38019, None)
[2025-03-30T17:58:01.063+0000] {spark_submit.py:645} INFO - 25/03/30 17:58:01 INFO BlockManager: Initialized BlockManager: BlockManagerId(driver, 4962f173392a, 38019, None)
[2025-03-30T17:58:01.738+0000] {spark_submit.py:645} INFO - 25/03/30 17:58:01 INFO StandaloneSchedulerBackend: SchedulerBackend is ready for scheduling beginning after reached minRegisteredResourcesRatio: 0.0
[2025-03-30T17:58:02.166+0000] {spark_submit.py:645} INFO - 2025-03-30 17:58:02,143 - INFO - Spark Session criada com sucesso
[2025-03-30T17:58:02.192+0000] {spark_submit.py:645} INFO - 2025-03-30 17:58:02,143 - INFO - Leitura iniciada !!!!!!.
[2025-03-30T17:58:02.220+0000] {spark_submit.py:645} INFO - 3.5.3
[2025-03-30T17:58:02.242+0000] {spark_submit.py:645} INFO - 25/03/30 17:58:02 INFO SharedState: Setting hive.metastore.warehouse.dir ('null') to the value of spark.sql.warehouse.dir.
[2025-03-30T17:58:02.270+0000] {spark_submit.py:645} INFO - 25/03/30 17:58:02 INFO SharedState: Warehouse path is 'file:/opt/spark-warehouse'.
[2025-03-30T17:58:07.165+0000] {spark_submit.py:645} INFO - 25/03/30 17:58:07 WARN MetricsConfig: Cannot locate configuration: tried hadoop-metrics2-s3a-file-system.properties,hadoop-metrics2.properties
[2025-03-30T17:58:07.355+0000] {spark_submit.py:645} INFO - 25/03/30 17:58:07 INFO MetricsSystemImpl: Scheduled Metric snapshot period at 10 second(s).
[2025-03-30T17:58:07.355+0000] {spark_submit.py:645} INFO - 25/03/30 17:58:07 INFO MetricsSystemImpl: s3a-file-system metrics system started
[2025-03-30T17:58:16.465+0000] {spark_submit.py:645} INFO - 25/03/30 17:58:16 INFO StandaloneAppClient$ClientEndpoint: Executor updated: app-20250330175800-0005/1 is now RUNNING
[2025-03-30T17:58:16.468+0000] {spark_submit.py:645} INFO - 25/03/30 17:58:16 INFO StandaloneAppClient$ClientEndpoint: Executor updated: app-20250330175800-0005/0 is now RUNNING
[2025-03-30T17:58:17.536+0000] {spark_submit.py:645} INFO - 25/03/30 17:58:17 INFO StandaloneAppClient$ClientEndpoint: Executor updated: app-20250330175800-0005/2 is now RUNNING
[2025-03-30T17:58:17.544+0000] {spark_submit.py:645} INFO - 25/03/30 17:58:17 INFO StandaloneAppClient$ClientEndpoint: Executor updated: app-20250330175800-0005/3 is now RUNNING
[2025-03-30T17:58:18.957+0000] {spark_submit.py:645} INFO - 25/03/30 17:58:18 INFO InMemoryFileIndex: It took 225 ms to list leaf files for 1 paths.
[2025-03-30T17:58:19.329+0000] {spark_submit.py:645} INFO - 25/03/30 17:58:19 INFO MemoryStore: Block broadcast_0 stored as values in memory (estimated size 209.2 KiB, free 434.2 MiB)
[2025-03-30T17:58:19.410+0000] {spark_submit.py:645} INFO - 25/03/30 17:58:19 INFO MemoryStore: Block broadcast_0_piece0 stored as bytes in memory (estimated size 35.4 KiB, free 434.2 MiB)
[2025-03-30T17:58:19.413+0000] {spark_submit.py:645} INFO - 25/03/30 17:58:19 INFO BlockManagerInfo: Added broadcast_0_piece0 in memory on 4962f173392a:38019 (size: 35.4 KiB, free: 434.4 MiB)
[2025-03-30T17:58:19.418+0000] {spark_submit.py:645} INFO - 25/03/30 17:58:19 INFO SparkContext: Created broadcast 0 from json at NativeMethodAccessorImpl.java:0
[2025-03-30T17:58:20.544+0000] {spark_submit.py:645} INFO - 25/03/30 17:58:20 INFO FileInputFormat: Total input files to process : 1
[2025-03-30T17:58:20.560+0000] {spark_submit.py:645} INFO - 25/03/30 17:58:20 INFO FileInputFormat: Total input files to process : 1
[2025-03-30T17:58:20.590+0000] {spark_submit.py:645} INFO - 25/03/30 17:58:20 INFO SparkContext: Starting job: json at NativeMethodAccessorImpl.java:0
[2025-03-30T17:58:20.615+0000] {spark_submit.py:645} INFO - 25/03/30 17:58:20 INFO DAGScheduler: Got job 0 (json at NativeMethodAccessorImpl.java:0) with 1 output partitions
[2025-03-30T17:58:20.617+0000] {spark_submit.py:645} INFO - 25/03/30 17:58:20 INFO DAGScheduler: Final stage: ResultStage 0 (json at NativeMethodAccessorImpl.java:0)
[2025-03-30T17:58:20.619+0000] {spark_submit.py:645} INFO - 25/03/30 17:58:20 INFO DAGScheduler: Parents of final stage: List()
[2025-03-30T17:58:20.621+0000] {spark_submit.py:645} INFO - 25/03/30 17:58:20 INFO DAGScheduler: Missing parents: List()
[2025-03-30T17:58:20.671+0000] {spark_submit.py:645} INFO - 25/03/30 17:58:20 INFO DAGScheduler: Submitting ResultStage 0 (MapPartitionsRDD[2] at json at NativeMethodAccessorImpl.java:0), which has no missing parents
[2025-03-30T17:58:20.819+0000] {spark_submit.py:645} INFO - 25/03/30 17:58:20 INFO MemoryStore: Block broadcast_1 stored as values in memory (estimated size 9.3 KiB, free 434.2 MiB)
[2025-03-30T17:58:20.847+0000] {spark_submit.py:645} INFO - 25/03/30 17:58:20 INFO MemoryStore: Block broadcast_1_piece0 stored as bytes in memory (estimated size 5.0 KiB, free 434.1 MiB)
[2025-03-30T17:58:20.856+0000] {spark_submit.py:645} INFO - 25/03/30 17:58:20 INFO BlockManagerInfo: Added broadcast_1_piece0 in memory on 4962f173392a:38019 (size: 5.0 KiB, free: 434.4 MiB)
[2025-03-30T17:58:20.858+0000] {spark_submit.py:645} INFO - 25/03/30 17:58:20 INFO SparkContext: Created broadcast 1 from broadcast at DAGScheduler.scala:1585
[2025-03-30T17:58:20.959+0000] {spark_submit.py:645} INFO - 25/03/30 17:58:20 INFO DAGScheduler: Submitting 1 missing tasks from ResultStage 0 (MapPartitionsRDD[2] at json at NativeMethodAccessorImpl.java:0) (first 15 tasks are for partitions Vector(0))
[2025-03-30T17:58:20.962+0000] {spark_submit.py:645} INFO - 25/03/30 17:58:20 INFO TaskSchedulerImpl: Adding task set 0.0 with 1 tasks resource profile 0
[2025-03-30T17:58:27.235+0000] {spark_submit.py:645} INFO - 25/03/30 17:58:27 INFO StandaloneSchedulerBackend$StandaloneDriverEndpoint: Registered executor NettyRpcEndpointRef(spark-client://Executor) (172.18.0.5:42792) with ID 1,  ResourceProfileId 0
[2025-03-30T17:58:27.263+0000] {spark_submit.py:645} INFO - 25/03/30 17:58:27 INFO StandaloneSchedulerBackend$StandaloneDriverEndpoint: Registered executor NettyRpcEndpointRef(spark-client://Executor) (172.18.0.7:43142) with ID 2,  ResourceProfileId 0
[2025-03-30T17:58:27.366+0000] {spark_submit.py:645} INFO - 25/03/30 17:58:27 INFO StandaloneSchedulerBackend$StandaloneDriverEndpoint: Registered executor NettyRpcEndpointRef(spark-client://Executor) (172.18.0.5:42802) with ID 0,  ResourceProfileId 0
[2025-03-30T17:58:27.475+0000] {spark_submit.py:645} INFO - 25/03/30 17:58:27 INFO StandaloneSchedulerBackend$StandaloneDriverEndpoint: Registered executor NettyRpcEndpointRef(spark-client://Executor) (172.18.0.7:43154) with ID 3,  ResourceProfileId 0
[2025-03-30T17:58:27.661+0000] {spark_submit.py:645} INFO - 25/03/30 17:58:27 INFO BlockManagerMasterEndpoint: Registering block manager 172.18.0.5:43387 with 127.2 MiB RAM, BlockManagerId(1, 172.18.0.5, 43387, None)
[2025-03-30T17:58:27.730+0000] {spark_submit.py:645} INFO - 25/03/30 17:58:27 INFO BlockManagerMasterEndpoint: Registering block manager 172.18.0.5:34839 with 127.2 MiB RAM, BlockManagerId(0, 172.18.0.5, 34839, None)
[2025-03-30T17:58:27.740+0000] {spark_submit.py:645} INFO - 25/03/30 17:58:27 INFO BlockManagerMasterEndpoint: Registering block manager 172.18.0.7:37425 with 127.2 MiB RAM, BlockManagerId(2, 172.18.0.7, 37425, None)
[2025-03-30T17:58:27.828+0000] {spark_submit.py:645} INFO - 25/03/30 17:58:27 INFO BlockManagerMasterEndpoint: Registering block manager 172.18.0.7:36593 with 127.2 MiB RAM, BlockManagerId(3, 172.18.0.7, 36593, None)
[2025-03-30T18:01:30.011+0000] {spark_submit.py:645} INFO - 25/03/30 18:01:29 INFO TaskSetManager: Starting task 0.0 in stage 0.0 (TID 0) (172.18.0.7, executor 3, partition 0, PROCESS_LOCAL, 9420 bytes)
[2025-03-30T18:01:40.270+0000] {spark_submit.py:645} INFO - 25/03/30 18:01:40 INFO BlockManagerInfo: Added broadcast_1_piece0 in memory on 172.18.0.7:36593 (size: 5.0 KiB, free: 127.2 MiB)
[2025-03-30T18:01:53.729+0000] {spark_submit.py:645} INFO - 25/03/30 18:01:53 INFO BlockManagerInfo: Added broadcast_0_piece0 in memory on 172.18.0.7:36593 (size: 35.4 KiB, free: 127.2 MiB)
[2025-03-30T18:02:13.693+0000] {spark_submit.py:645} INFO - 25/03/30 18:02:13 INFO TaskSetManager: Finished task 0.0 in stage 0.0 (TID 0) in 43852 ms on 172.18.0.7 (executor 3) (1/1)
[2025-03-30T18:02:13.695+0000] {spark_submit.py:645} INFO - 25/03/30 18:02:13 INFO TaskSchedulerImpl: Removed TaskSet 0.0, whose tasks have all completed, from pool
[2025-03-30T18:02:13.707+0000] {spark_submit.py:645} INFO - 25/03/30 18:02:13 INFO DAGScheduler: ResultStage 0 (json at NativeMethodAccessorImpl.java:0) finished in 232.977 s
[2025-03-30T18:02:13.708+0000] {spark_submit.py:645} INFO - 25/03/30 18:02:13 INFO DAGScheduler: Job 0 is finished. Cancelling potential speculative or zombie tasks for this job
[2025-03-30T18:02:13.715+0000] {spark_submit.py:645} INFO - 25/03/30 18:02:13 INFO TaskSchedulerImpl: Killing all running tasks in stage 0: Stage finished
[2025-03-30T18:02:13.723+0000] {spark_submit.py:645} INFO - 25/03/30 18:02:13 INFO DAGScheduler: Job 0 finished: json at NativeMethodAccessorImpl.java:0, took 233.142069 s
[2025-03-30T18:02:14.309+0000] {spark_submit.py:645} INFO - 25/03/30 18:02:14 INFO BlockManagerInfo: Removed broadcast_1_piece0 on 172.18.0.7:36593 in memory (size: 5.0 KiB, free: 127.2 MiB)
[2025-03-30T18:02:14.328+0000] {spark_submit.py:645} INFO - 25/03/30 18:02:14 INFO BlockManagerInfo: Removed broadcast_1_piece0 on 4962f173392a:38019 in memory (size: 5.0 KiB, free: 434.4 MiB)
[2025-03-30T18:02:14.420+0000] {spark_submit.py:645} INFO - 25/03/30 18:02:14 INFO BlockManagerInfo: Removed broadcast_0_piece0 on 172.18.0.7:36593 in memory (size: 35.4 KiB, free: 127.2 MiB)
[2025-03-30T18:02:14.425+0000] {spark_submit.py:645} INFO - 25/03/30 18:02:14 INFO BlockManagerInfo: Removed broadcast_0_piece0 on 4962f173392a:38019 in memory (size: 35.4 KiB, free: 434.4 MiB)
[2025-03-30T18:02:16.838+0000] {spark_submit.py:645} INFO - 2025-03-30 18:02:16,838 - INFO - Leitura finalizada !!!!!!!.
[2025-03-30T18:02:16.839+0000] {spark_submit.py:645} INFO - 2025-03-30 18:02:16,838 - INFO - Processo de transformação iniciada.
[2025-03-30T18:02:17.539+0000] {spark_submit.py:645} INFO - 2025-03-30 18:02:17,539 - INFO - Carregando dados ao bucket de arquivos tratados.
[2025-03-30T18:02:19.869+0000] {spark_submit.py:645} INFO - 25/03/30 18:02:19 INFO FileSourceStrategy: Pushed Filters:
[2025-03-30T18:02:19.879+0000] {spark_submit.py:645} INFO - 25/03/30 18:02:19 INFO FileSourceStrategy: Post-Scan Filters: (size(items#0.track.artists, true) > 0),isnotnull(items#0.track.artists)
[2025-03-30T18:02:21.870+0000] {spark_submit.py:645} INFO - 25/03/30 18:02:21 INFO CodeGenerator: Code generated in 1556.451258 ms
[2025-03-30T18:02:22.166+0000] {spark_submit.py:645} INFO - 25/03/30 18:02:21 INFO MemoryStore: Block broadcast_2 stored as values in memory (estimated size 208.7 KiB, free 434.2 MiB)
[2025-03-30T18:02:22.209+0000] {spark_submit.py:645} INFO - 25/03/30 18:02:21 INFO MemoryStore: Block broadcast_2_piece0 stored as bytes in memory (estimated size 35.4 KiB, free 434.2 MiB)
[2025-03-30T18:02:22.210+0000] {spark_submit.py:645} INFO - 25/03/30 18:02:22 INFO BlockManagerInfo: Added broadcast_2_piece0 in memory on 4962f173392a:38019 (size: 35.4 KiB, free: 434.4 MiB)
[2025-03-30T18:02:22.211+0000] {spark_submit.py:645} INFO - 25/03/30 18:02:22 INFO SparkContext: Created broadcast 2 from parquet at NativeMethodAccessorImpl.java:0
[2025-03-30T18:02:22.316+0000] {spark_submit.py:645} INFO - 25/03/30 18:02:22 INFO FileSourceScanExec: Planning scan with bin packing, max size: 4194304 bytes, open cost is considered as scanning 4194304 bytes.
[2025-03-30T18:02:22.872+0000] {spark_submit.py:645} INFO - 25/03/30 18:02:22 INFO DAGScheduler: Registering RDD 7 (parquet at NativeMethodAccessorImpl.java:0) as input to shuffle 0
[2025-03-30T18:02:22.953+0000] {spark_submit.py:645} INFO - 25/03/30 18:02:22 INFO DAGScheduler: Got map stage job 1 (parquet at NativeMethodAccessorImpl.java:0) with 1 output partitions
[2025-03-30T18:02:22.954+0000] {spark_submit.py:645} INFO - 25/03/30 18:02:22 INFO DAGScheduler: Final stage: ShuffleMapStage 1 (parquet at NativeMethodAccessorImpl.java:0)
[2025-03-30T18:02:22.955+0000] {spark_submit.py:645} INFO - 25/03/30 18:02:22 INFO DAGScheduler: Parents of final stage: List()
[2025-03-30T18:02:22.955+0000] {spark_submit.py:645} INFO - 25/03/30 18:02:22 INFO DAGScheduler: Missing parents: List()
[2025-03-30T18:02:23.098+0000] {spark_submit.py:645} INFO - 25/03/30 18:02:23 INFO DAGScheduler: Submitting ShuffleMapStage 1 (MapPartitionsRDD[7] at parquet at NativeMethodAccessorImpl.java:0), which has no missing parents
[2025-03-30T18:02:23.298+0000] {spark_submit.py:645} INFO - 25/03/30 18:02:23 INFO MemoryStore: Block broadcast_3 stored as values in memory (estimated size 90.9 KiB, free 434.1 MiB)
[2025-03-30T18:02:23.417+0000] {spark_submit.py:645} INFO - 25/03/30 18:02:23 INFO MemoryStore: Block broadcast_3_piece0 stored as bytes in memory (estimated size 30.6 KiB, free 434.0 MiB)
[2025-03-30T18:02:23.427+0000] {spark_submit.py:645} INFO - 25/03/30 18:02:23 INFO BlockManagerInfo: Added broadcast_3_piece0 in memory on 4962f173392a:38019 (size: 30.6 KiB, free: 434.3 MiB)
[2025-03-30T18:02:23.432+0000] {spark_submit.py:645} INFO - 25/03/30 18:02:23 INFO SparkContext: Created broadcast 3 from broadcast at DAGScheduler.scala:1585
[2025-03-30T18:02:23.442+0000] {spark_submit.py:645} INFO - 25/03/30 18:02:23 INFO DAGScheduler: Submitting 1 missing tasks from ShuffleMapStage 1 (MapPartitionsRDD[7] at parquet at NativeMethodAccessorImpl.java:0) (first 15 tasks are for partitions Vector(0))
[2025-03-30T18:02:23.443+0000] {spark_submit.py:645} INFO - 25/03/30 18:02:23 INFO TaskSchedulerImpl: Adding task set 1.0 with 1 tasks resource profile 0
[2025-03-30T18:02:23.529+0000] {spark_submit.py:645} INFO - 25/03/30 18:02:23 INFO TaskSetManager: Starting task 0.0 in stage 1.0 (TID 1) (172.18.0.7, executor 2, partition 0, PROCESS_LOCAL, 9880 bytes)
[2025-03-30T18:02:38.828+0000] {spark_submit.py:645} INFO - 25/03/30 18:02:38 INFO BlockManagerInfo: Added broadcast_3_piece0 in memory on 172.18.0.7:37425 (size: 30.6 KiB, free: 127.2 MiB)
[2025-03-30T18:02:53.140+0000] {spark_submit.py:645} INFO - 25/03/30 18:02:53 INFO BlockManagerInfo: Added broadcast_2_piece0 in memory on 172.18.0.7:37425 (size: 35.4 KiB, free: 127.1 MiB)
[2025-03-30T18:03:05.181+0000] {spark_submit.py:645} INFO - 25/03/30 18:03:05 INFO TaskSetManager: Finished task 0.0 in stage 1.0 (TID 1) in 41740 ms on 172.18.0.7 (executor 2) (1/1)
[2025-03-30T18:03:05.189+0000] {spark_submit.py:645} INFO - 25/03/30 18:03:05 INFO TaskSchedulerImpl: Removed TaskSet 1.0, whose tasks have all completed, from pool
[2025-03-30T18:03:05.189+0000] {spark_submit.py:645} INFO - 25/03/30 18:03:05 INFO DAGScheduler: ShuffleMapStage 1 (parquet at NativeMethodAccessorImpl.java:0) finished in 42.089 s
[2025-03-30T18:03:05.190+0000] {spark_submit.py:645} INFO - 25/03/30 18:03:05 INFO DAGScheduler: looking for newly runnable stages
[2025-03-30T18:03:05.191+0000] {spark_submit.py:645} INFO - 25/03/30 18:03:05 INFO DAGScheduler: running: Set()
[2025-03-30T18:03:05.193+0000] {spark_submit.py:645} INFO - 25/03/30 18:03:05 INFO DAGScheduler: waiting: Set()
[2025-03-30T18:03:05.195+0000] {spark_submit.py:645} INFO - 25/03/30 18:03:05 INFO DAGScheduler: failed: Set()
[2025-03-30T18:03:05.247+0000] {spark_submit.py:645} INFO - 25/03/30 18:03:05 INFO ShufflePartitionsUtil: For shuffle(0), advisory target size: 67108864, actual target size 1048576, minimum partition size: 1048576
[2025-03-30T18:03:05.422+0000] {spark_submit.py:645} INFO - 25/03/30 18:03:05 INFO ParquetUtils: Using default output committer for Parquet: org.apache.parquet.hadoop.ParquetOutputCommitter
[2025-03-30T18:03:05.485+0000] {spark_submit.py:645} INFO - 25/03/30 18:03:05 INFO FileOutputCommitter: File Output Committer Algorithm version is 1
[2025-03-30T18:03:05.486+0000] {spark_submit.py:645} INFO - 25/03/30 18:03:05 INFO FileOutputCommitter: FileOutputCommitter skip cleanup _temporary folders under output directory:false, ignore cleanup failures: false
[2025-03-30T18:03:05.486+0000] {spark_submit.py:645} INFO - 25/03/30 18:03:05 INFO SQLHadoopMapReduceCommitProtocol: Using user defined output committer class org.apache.parquet.hadoop.ParquetOutputCommitter
[2025-03-30T18:03:05.487+0000] {spark_submit.py:645} INFO - 25/03/30 18:03:05 INFO FileOutputCommitter: File Output Committer Algorithm version is 1
[2025-03-30T18:03:05.487+0000] {spark_submit.py:645} INFO - 25/03/30 18:03:05 INFO FileOutputCommitter: FileOutputCommitter skip cleanup _temporary folders under output directory:false, ignore cleanup failures: false
[2025-03-30T18:03:05.487+0000] {spark_submit.py:645} INFO - 25/03/30 18:03:05 INFO SQLHadoopMapReduceCommitProtocol: Using output committer class org.apache.parquet.hadoop.ParquetOutputCommitter
[2025-03-30T18:03:05.810+0000] {spark_submit.py:645} INFO - 25/03/30 18:03:05 INFO CodeGenerator: Code generated in 10.712228 ms
[2025-03-30T18:03:05.832+0000] {spark_submit.py:645} INFO - 25/03/30 18:03:05 INFO SparkContext: Starting job: parquet at NativeMethodAccessorImpl.java:0
[2025-03-30T18:03:05.834+0000] {spark_submit.py:645} INFO - 25/03/30 18:03:05 INFO DAGScheduler: Got job 2 (parquet at NativeMethodAccessorImpl.java:0) with 1 output partitions
[2025-03-30T18:03:05.835+0000] {spark_submit.py:645} INFO - 25/03/30 18:03:05 INFO DAGScheduler: Final stage: ResultStage 3 (parquet at NativeMethodAccessorImpl.java:0)
[2025-03-30T18:03:05.835+0000] {spark_submit.py:645} INFO - 25/03/30 18:03:05 INFO DAGScheduler: Parents of final stage: List(ShuffleMapStage 2)
[2025-03-30T18:03:05.836+0000] {spark_submit.py:645} INFO - 25/03/30 18:03:05 INFO DAGScheduler: Missing parents: List()
[2025-03-30T18:03:05.836+0000] {spark_submit.py:645} INFO - 25/03/30 18:03:05 INFO DAGScheduler: Submitting ResultStage 3 (MapPartitionsRDD[11] at parquet at NativeMethodAccessorImpl.java:0), which has no missing parents
[2025-03-30T18:03:05.928+0000] {spark_submit.py:645} INFO - 25/03/30 18:03:05 INFO MemoryStore: Block broadcast_4 stored as values in memory (estimated size 251.1 KiB, free 433.8 MiB)
[2025-03-30T18:03:05.986+0000] {spark_submit.py:645} INFO - 25/03/30 18:03:05 INFO MemoryStore: Block broadcast_4_piece0 stored as bytes in memory (estimated size 94.1 KiB, free 433.8 MiB)
[2025-03-30T18:03:05.992+0000] {spark_submit.py:645} INFO - 25/03/30 18:03:05 INFO BlockManagerInfo: Removed broadcast_3_piece0 on 4962f173392a:38019 in memory (size: 30.6 KiB, free: 434.4 MiB)
[2025-03-30T18:03:06.003+0000] {spark_submit.py:645} INFO - 25/03/30 18:03:06 INFO BlockManagerInfo: Removed broadcast_3_piece0 on 172.18.0.7:37425 in memory (size: 30.6 KiB, free: 127.2 MiB)
[2025-03-30T18:03:06.018+0000] {spark_submit.py:645} INFO - 25/03/30 18:03:06 INFO BlockManagerInfo: Added broadcast_4_piece0 in memory on 4962f173392a:38019 (size: 94.1 KiB, free: 434.3 MiB)
[2025-03-30T18:03:06.019+0000] {spark_submit.py:645} INFO - 25/03/30 18:03:06 INFO SparkContext: Created broadcast 4 from broadcast at DAGScheduler.scala:1585
[2025-03-30T18:03:06.022+0000] {spark_submit.py:645} INFO - 25/03/30 18:03:06 INFO DAGScheduler: Submitting 1 missing tasks from ResultStage 3 (MapPartitionsRDD[11] at parquet at NativeMethodAccessorImpl.java:0) (first 15 tasks are for partitions Vector(0))
[2025-03-30T18:03:06.024+0000] {spark_submit.py:645} INFO - 25/03/30 18:03:06 INFO TaskSchedulerImpl: Adding task set 3.0 with 1 tasks resource profile 0
[2025-03-30T18:03:06.040+0000] {spark_submit.py:645} INFO - 25/03/30 18:03:06 INFO TaskSetManager: Starting task 0.0 in stage 3.0 (TID 2) (172.18.0.7, executor 3, partition 0, NODE_LOCAL, 9289 bytes)
[2025-03-30T18:03:06.559+0000] {spark_submit.py:645} INFO - 25/03/30 18:03:06 INFO BlockManagerInfo: Added broadcast_4_piece0 in memory on 172.18.0.7:36593 (size: 94.1 KiB, free: 127.1 MiB)
[2025-03-30T18:03:08.214+0000] {spark_submit.py:645} INFO - 25/03/30 18:03:08 INFO MapOutputTrackerMasterEndpoint: Asked to send map output locations for shuffle 0 to 172.18.0.7:43154
[2025-03-30T18:03:20.599+0000] {spark_submit.py:645} INFO - 25/03/30 18:03:20 INFO TaskSetManager: Finished task 0.0 in stage 3.0 (TID 2) in 14560 ms on 172.18.0.7 (executor 3) (1/1)
[2025-03-30T18:03:20.608+0000] {spark_submit.py:645} INFO - 25/03/30 18:03:20 INFO TaskSchedulerImpl: Removed TaskSet 3.0, whose tasks have all completed, from pool
[2025-03-30T18:03:20.610+0000] {spark_submit.py:645} INFO - 25/03/30 18:03:20 INFO DAGScheduler: ResultStage 3 (parquet at NativeMethodAccessorImpl.java:0) finished in 14.760 s
[2025-03-30T18:03:20.610+0000] {spark_submit.py:645} INFO - 25/03/30 18:03:20 INFO DAGScheduler: Job 2 is finished. Cancelling potential speculative or zombie tasks for this job
[2025-03-30T18:03:20.611+0000] {spark_submit.py:645} INFO - 25/03/30 18:03:20 INFO TaskSchedulerImpl: Killing all running tasks in stage 3: Stage finished
[2025-03-30T18:03:20.612+0000] {spark_submit.py:645} INFO - 25/03/30 18:03:20 INFO DAGScheduler: Job 2 finished: parquet at NativeMethodAccessorImpl.java:0, took 14.778837 s
[2025-03-30T18:03:20.617+0000] {spark_submit.py:645} INFO - 25/03/30 18:03:20 INFO FileFormatWriter: Start to commit write Job f2a5f031-9f31-4fba-846b-04a96924c0e2.
[2025-03-30T18:03:27.508+0000] {spark_submit.py:645} INFO - 25/03/30 18:03:27 INFO FileFormatWriter: Write Job f2a5f031-9f31-4fba-846b-04a96924c0e2 committed. Elapsed time: 6860 ms.
[2025-03-30T18:03:27.570+0000] {spark_submit.py:645} INFO - 25/03/30 18:03:27 INFO FileFormatWriter: Finished processing stats for write job f2a5f031-9f31-4fba-846b-04a96924c0e2.
[2025-03-30T18:03:27.653+0000] {spark_submit.py:645} INFO - 2025-03-30 18:03:27,490 - INFO - Data written successfully to s3a://processed/artists.parquet
[2025-03-30T18:03:28.014+0000] {spark_submit.py:645} INFO - 25/03/30 18:03:27 INFO FileSourceStrategy: Pushed Filters: IsNotNull(items)
[2025-03-30T18:03:28.094+0000] {spark_submit.py:645} INFO - 25/03/30 18:03:27 INFO FileSourceStrategy: Post-Scan Filters: (size(items#0, true) > 0),isnotnull(items#0)
[2025-03-30T18:03:29.627+0000] {spark_submit.py:645} INFO - 25/03/30 18:03:29 INFO CodeGenerator: Code generated in 1102.723281 ms
[2025-03-30T18:03:29.759+0000] {spark_submit.py:645} INFO - 25/03/30 18:03:29 INFO MemoryStore: Block broadcast_5 stored as values in memory (estimated size 208.7 KiB, free 433.6 MiB)
[2025-03-30T18:03:30.070+0000] {spark_submit.py:645} INFO - 25/03/30 18:03:30 INFO MemoryStore: Block broadcast_5_piece0 stored as bytes in memory (estimated size 35.4 KiB, free 433.6 MiB)
[2025-03-30T18:03:30.135+0000] {spark_submit.py:645} INFO - 25/03/30 18:03:30 INFO BlockManagerInfo: Added broadcast_5_piece0 in memory on 4962f173392a:38019 (size: 35.4 KiB, free: 434.2 MiB)
[2025-03-30T18:03:30.137+0000] {spark_submit.py:645} INFO - 25/03/30 18:03:30 INFO SparkContext: Created broadcast 5 from parquet at NativeMethodAccessorImpl.java:0
[2025-03-30T18:03:30.141+0000] {spark_submit.py:645} INFO - 25/03/30 18:03:30 INFO FileSourceScanExec: Planning scan with bin packing, max size: 4194304 bytes, open cost is considered as scanning 4194304 bytes.
[2025-03-30T18:03:30.233+0000] {spark_submit.py:645} INFO - 25/03/30 18:03:30 INFO BlockManagerInfo: Removed broadcast_4_piece0 on 172.18.0.7:36593 in memory (size: 94.1 KiB, free: 127.2 MiB)
[2025-03-30T18:03:30.332+0000] {spark_submit.py:645} INFO - 25/03/30 18:03:30 INFO BlockManagerInfo: Removed broadcast_4_piece0 on 4962f173392a:38019 in memory (size: 94.1 KiB, free: 434.3 MiB)
[2025-03-30T18:03:30.335+0000] {spark_submit.py:645} INFO - 25/03/30 18:03:30 INFO DAGScheduler: Registering RDD 16 (parquet at NativeMethodAccessorImpl.java:0) as input to shuffle 1
[2025-03-30T18:03:30.336+0000] {spark_submit.py:645} INFO - 25/03/30 18:03:30 INFO DAGScheduler: Got map stage job 3 (parquet at NativeMethodAccessorImpl.java:0) with 1 output partitions
[2025-03-30T18:03:30.337+0000] {spark_submit.py:645} INFO - 25/03/30 18:03:30 INFO DAGScheduler: Final stage: ShuffleMapStage 4 (parquet at NativeMethodAccessorImpl.java:0)
[2025-03-30T18:03:30.337+0000] {spark_submit.py:645} INFO - 25/03/30 18:03:30 INFO DAGScheduler: Parents of final stage: List()
[2025-03-30T18:03:30.338+0000] {spark_submit.py:645} INFO - 25/03/30 18:03:30 INFO DAGScheduler: Missing parents: List()
[2025-03-30T18:03:30.338+0000] {spark_submit.py:645} INFO - 25/03/30 18:03:30 INFO DAGScheduler: Submitting ShuffleMapStage 4 (MapPartitionsRDD[16] at parquet at NativeMethodAccessorImpl.java:0), which has no missing parents
[2025-03-30T18:03:30.346+0000] {spark_submit.py:645} INFO - 25/03/30 18:03:30 INFO MemoryStore: Block broadcast_6 stored as values in memory (estimated size 148.9 KiB, free 433.8 MiB)
[2025-03-30T18:03:30.360+0000] {spark_submit.py:645} INFO - 25/03/30 18:03:30 INFO MemoryStore: Block broadcast_6_piece0 stored as bytes in memory (estimated size 42.8 KiB, free 433.7 MiB)
[2025-03-30T18:03:30.401+0000] {spark_submit.py:645} INFO - 25/03/30 18:03:30 INFO BlockManagerInfo: Added broadcast_6_piece0 in memory on 4962f173392a:38019 (size: 42.8 KiB, free: 434.3 MiB)
[2025-03-30T18:03:30.402+0000] {spark_submit.py:645} INFO - 25/03/30 18:03:30 INFO SparkContext: Created broadcast 6 from broadcast at DAGScheduler.scala:1585
[2025-03-30T18:03:30.403+0000] {spark_submit.py:645} INFO - 25/03/30 18:03:30 INFO DAGScheduler: Submitting 1 missing tasks from ShuffleMapStage 4 (MapPartitionsRDD[16] at parquet at NativeMethodAccessorImpl.java:0) (first 15 tasks are for partitions Vector(0))
[2025-03-30T18:03:30.404+0000] {spark_submit.py:645} INFO - 25/03/30 18:03:30 INFO TaskSchedulerImpl: Adding task set 4.0 with 1 tasks resource profile 0
[2025-03-30T18:03:30.407+0000] {spark_submit.py:645} INFO - 25/03/30 18:03:30 INFO TaskSetManager: Starting task 0.0 in stage 4.0 (TID 3) (172.18.0.7, executor 3, partition 0, PROCESS_LOCAL, 9880 bytes)
[2025-03-30T18:03:30.856+0000] {spark_submit.py:645} INFO - 25/03/30 18:03:30 INFO BlockManagerInfo: Added broadcast_6_piece0 in memory on 172.18.0.7:36593 (size: 42.8 KiB, free: 127.2 MiB)
[2025-03-30T18:03:36.116+0000] {spark_submit.py:645} INFO - 25/03/30 18:03:36 INFO BlockManagerInfo: Added broadcast_5_piece0 in memory on 172.18.0.7:36593 (size: 35.4 KiB, free: 127.1 MiB)
[2025-03-30T18:03:39.492+0000] {spark_submit.py:645} INFO - 25/03/30 18:03:39 INFO TaskSetManager: Finished task 0.0 in stage 4.0 (TID 3) in 9086 ms on 172.18.0.7 (executor 3) (1/1)
[2025-03-30T18:03:39.493+0000] {spark_submit.py:645} INFO - 25/03/30 18:03:39 INFO TaskSchedulerImpl: Removed TaskSet 4.0, whose tasks have all completed, from pool
[2025-03-30T18:03:39.493+0000] {spark_submit.py:645} INFO - 25/03/30 18:03:39 INFO DAGScheduler: ShuffleMapStage 4 (parquet at NativeMethodAccessorImpl.java:0) finished in 9.155 s
[2025-03-30T18:03:39.494+0000] {spark_submit.py:645} INFO - 25/03/30 18:03:39 INFO DAGScheduler: looking for newly runnable stages
[2025-03-30T18:03:39.494+0000] {spark_submit.py:645} INFO - 25/03/30 18:03:39 INFO DAGScheduler: running: Set()
[2025-03-30T18:03:39.495+0000] {spark_submit.py:645} INFO - 25/03/30 18:03:39 INFO DAGScheduler: waiting: Set()
[2025-03-30T18:03:39.495+0000] {spark_submit.py:645} INFO - 25/03/30 18:03:39 INFO DAGScheduler: failed: Set()
[2025-03-30T18:03:39.503+0000] {spark_submit.py:645} INFO - 25/03/30 18:03:39 INFO ShufflePartitionsUtil: For shuffle(1), advisory target size: 67108864, actual target size 1048576, minimum partition size: 1048576
[2025-03-30T18:03:39.538+0000] {spark_submit.py:645} INFO - 25/03/30 18:03:39 INFO ParquetUtils: Using default output committer for Parquet: org.apache.parquet.hadoop.ParquetOutputCommitter
[2025-03-30T18:03:39.539+0000] {spark_submit.py:645} INFO - 25/03/30 18:03:39 INFO FileOutputCommitter: File Output Committer Algorithm version is 1
[2025-03-30T18:03:39.540+0000] {spark_submit.py:645} INFO - 25/03/30 18:03:39 INFO FileOutputCommitter: FileOutputCommitter skip cleanup _temporary folders under output directory:false, ignore cleanup failures: false
[2025-03-30T18:03:39.541+0000] {spark_submit.py:645} INFO - 25/03/30 18:03:39 INFO SQLHadoopMapReduceCommitProtocol: Using user defined output committer class org.apache.parquet.hadoop.ParquetOutputCommitter
[2025-03-30T18:03:39.541+0000] {spark_submit.py:645} INFO - 25/03/30 18:03:39 INFO FileOutputCommitter: File Output Committer Algorithm version is 1
[2025-03-30T18:03:39.542+0000] {spark_submit.py:645} INFO - 25/03/30 18:03:39 INFO FileOutputCommitter: FileOutputCommitter skip cleanup _temporary folders under output directory:false, ignore cleanup failures: false
[2025-03-30T18:03:39.542+0000] {spark_submit.py:645} INFO - 25/03/30 18:03:39 INFO SQLHadoopMapReduceCommitProtocol: Using output committer class org.apache.parquet.hadoop.ParquetOutputCommitter
[2025-03-30T18:03:39.653+0000] {spark_submit.py:645} INFO - 25/03/30 18:03:39 INFO SparkContext: Starting job: parquet at NativeMethodAccessorImpl.java:0
[2025-03-30T18:03:39.655+0000] {spark_submit.py:645} INFO - 25/03/30 18:03:39 INFO DAGScheduler: Got job 4 (parquet at NativeMethodAccessorImpl.java:0) with 1 output partitions
[2025-03-30T18:03:39.658+0000] {spark_submit.py:645} INFO - 25/03/30 18:03:39 INFO DAGScheduler: Final stage: ResultStage 6 (parquet at NativeMethodAccessorImpl.java:0)
[2025-03-30T18:03:39.659+0000] {spark_submit.py:645} INFO - 25/03/30 18:03:39 INFO DAGScheduler: Parents of final stage: List(ShuffleMapStage 5)
[2025-03-30T18:03:39.659+0000] {spark_submit.py:645} INFO - 25/03/30 18:03:39 INFO DAGScheduler: Missing parents: List()
[2025-03-30T18:03:39.660+0000] {spark_submit.py:645} INFO - 25/03/30 18:03:39 INFO DAGScheduler: Submitting ResultStage 6 (MapPartitionsRDD[20] at parquet at NativeMethodAccessorImpl.java:0), which has no missing parents
[2025-03-30T18:03:39.697+0000] {spark_submit.py:645} INFO - 25/03/30 18:03:39 INFO MemoryStore: Block broadcast_7 stored as values in memory (estimated size 254.6 KiB, free 433.5 MiB)
[2025-03-30T18:03:39.724+0000] {spark_submit.py:645} INFO - 25/03/30 18:03:39 INFO BlockManagerInfo: Removed broadcast_6_piece0 on 4962f173392a:38019 in memory (size: 42.8 KiB, free: 434.3 MiB)
[2025-03-30T18:03:39.727+0000] {spark_submit.py:645} INFO - 25/03/30 18:03:39 INFO MemoryStore: Block broadcast_7_piece0 stored as bytes in memory (estimated size 94.8 KiB, free 433.6 MiB)
[2025-03-30T18:03:39.731+0000] {spark_submit.py:645} INFO - 25/03/30 18:03:39 INFO BlockManagerInfo: Removed broadcast_6_piece0 on 172.18.0.7:36593 in memory (size: 42.8 KiB, free: 127.2 MiB)
[2025-03-30T18:03:39.733+0000] {spark_submit.py:645} INFO - 25/03/30 18:03:39 INFO BlockManagerInfo: Added broadcast_7_piece0 in memory on 4962f173392a:38019 (size: 94.8 KiB, free: 434.2 MiB)
[2025-03-30T18:03:39.735+0000] {spark_submit.py:645} INFO - 25/03/30 18:03:39 INFO SparkContext: Created broadcast 7 from broadcast at DAGScheduler.scala:1585
[2025-03-30T18:03:39.736+0000] {spark_submit.py:645} INFO - 25/03/30 18:03:39 INFO DAGScheduler: Submitting 1 missing tasks from ResultStage 6 (MapPartitionsRDD[20] at parquet at NativeMethodAccessorImpl.java:0) (first 15 tasks are for partitions Vector(0))
[2025-03-30T18:03:39.737+0000] {spark_submit.py:645} INFO - 25/03/30 18:03:39 INFO TaskSchedulerImpl: Adding task set 6.0 with 1 tasks resource profile 0
[2025-03-30T18:03:39.739+0000] {spark_submit.py:645} INFO - 25/03/30 18:03:39 INFO TaskSetManager: Starting task 0.0 in stage 6.0 (TID 4) (172.18.0.7, executor 3, partition 0, NODE_LOCAL, 9289 bytes)
[2025-03-30T18:03:39.771+0000] {spark_submit.py:645} INFO - 25/03/30 18:03:39 INFO BlockManagerInfo: Added broadcast_7_piece0 in memory on 172.18.0.7:36593 (size: 94.8 KiB, free: 127.1 MiB)
[2025-03-30T18:03:39.870+0000] {spark_submit.py:645} INFO - 25/03/30 18:03:39 INFO MapOutputTrackerMasterEndpoint: Asked to send map output locations for shuffle 1 to 172.18.0.7:43154
[2025-03-30T18:03:43.071+0000] {spark_submit.py:645} INFO - 25/03/30 18:03:43 INFO TaskSetManager: Finished task 0.0 in stage 6.0 (TID 4) in 3333 ms on 172.18.0.7 (executor 3) (1/1)
[2025-03-30T18:03:43.072+0000] {spark_submit.py:645} INFO - 25/03/30 18:03:43 INFO TaskSchedulerImpl: Removed TaskSet 6.0, whose tasks have all completed, from pool
[2025-03-30T18:03:43.073+0000] {spark_submit.py:645} INFO - 25/03/30 18:03:43 INFO DAGScheduler: ResultStage 6 (parquet at NativeMethodAccessorImpl.java:0) finished in 3.408 s
[2025-03-30T18:03:43.074+0000] {spark_submit.py:645} INFO - 25/03/30 18:03:43 INFO DAGScheduler: Job 4 is finished. Cancelling potential speculative or zombie tasks for this job
[2025-03-30T18:03:43.075+0000] {spark_submit.py:645} INFO - 25/03/30 18:03:43 INFO TaskSchedulerImpl: Killing all running tasks in stage 6: Stage finished
[2025-03-30T18:03:43.075+0000] {spark_submit.py:645} INFO - 25/03/30 18:03:43 INFO DAGScheduler: Job 4 finished: parquet at NativeMethodAccessorImpl.java:0, took 3.420404 s
[2025-03-30T18:03:43.076+0000] {spark_submit.py:645} INFO - 25/03/30 18:03:43 INFO FileFormatWriter: Start to commit write Job 118a2bb0-ea59-4582-95e8-1a6f3e5a4b3e.
[2025-03-30T18:03:44.257+0000] {spark_submit.py:645} INFO - 25/03/30 18:03:44 INFO FileFormatWriter: Write Job 118a2bb0-ea59-4582-95e8-1a6f3e5a4b3e committed. Elapsed time: 1180 ms.
[2025-03-30T18:03:44.257+0000] {spark_submit.py:645} INFO - 25/03/30 18:03:44 INFO FileFormatWriter: Finished processing stats for write job 118a2bb0-ea59-4582-95e8-1a6f3e5a4b3e.
[2025-03-30T18:03:44.258+0000] {spark_submit.py:645} INFO - 2025-03-30 18:03:44,258 - INFO - Data written successfully to s3a://processed/albums.parquet
[2025-03-30T18:03:44.367+0000] {spark_submit.py:645} INFO - 25/03/30 18:03:44 INFO FileSourceStrategy: Pushed Filters: IsNotNull(items)
[2025-03-30T18:03:44.368+0000] {spark_submit.py:645} INFO - 25/03/30 18:03:44 INFO FileSourceStrategy: Post-Scan Filters: (size(items#0, true) > 0),isnotnull(items#0)
[2025-03-30T18:03:44.583+0000] {spark_submit.py:645} INFO - 25/03/30 18:03:44 INFO CodeGenerator: Code generated in 139.960676 ms
[2025-03-30T18:03:44.587+0000] {spark_submit.py:645} INFO - 25/03/30 18:03:44 INFO MemoryStore: Block broadcast_8 stored as values in memory (estimated size 208.7 KiB, free 433.4 MiB)
[2025-03-30T18:03:44.609+0000] {spark_submit.py:645} INFO - 25/03/30 18:03:44 INFO MemoryStore: Block broadcast_8_piece0 stored as bytes in memory (estimated size 35.4 KiB, free 433.3 MiB)
[2025-03-30T18:03:44.631+0000] {spark_submit.py:645} INFO - 25/03/30 18:03:44 INFO BlockManagerInfo: Added broadcast_8_piece0 in memory on 4962f173392a:38019 (size: 35.4 KiB, free: 434.2 MiB)
[2025-03-30T18:03:44.640+0000] {spark_submit.py:645} INFO - 25/03/30 18:03:44 INFO SparkContext: Created broadcast 8 from parquet at NativeMethodAccessorImpl.java:0
[2025-03-30T18:03:44.642+0000] {spark_submit.py:645} INFO - 25/03/30 18:03:44 INFO BlockManagerInfo: Removed broadcast_7_piece0 on 172.18.0.7:36593 in memory (size: 94.8 KiB, free: 127.2 MiB)
[2025-03-30T18:03:44.643+0000] {spark_submit.py:645} INFO - 25/03/30 18:03:44 INFO FileSourceScanExec: Planning scan with bin packing, max size: 4194304 bytes, open cost is considered as scanning 4194304 bytes.
[2025-03-30T18:03:44.646+0000] {spark_submit.py:645} INFO - 25/03/30 18:03:44 INFO BlockManagerInfo: Removed broadcast_7_piece0 on 4962f173392a:38019 in memory (size: 94.8 KiB, free: 434.3 MiB)
[2025-03-30T18:03:44.658+0000] {spark_submit.py:645} INFO - 25/03/30 18:03:44 INFO DAGScheduler: Registering RDD 25 (parquet at NativeMethodAccessorImpl.java:0) as input to shuffle 2
[2025-03-30T18:03:44.659+0000] {spark_submit.py:645} INFO - 25/03/30 18:03:44 INFO DAGScheduler: Got map stage job 5 (parquet at NativeMethodAccessorImpl.java:0) with 1 output partitions
[2025-03-30T18:03:44.661+0000] {spark_submit.py:645} INFO - 25/03/30 18:03:44 INFO DAGScheduler: Final stage: ShuffleMapStage 7 (parquet at NativeMethodAccessorImpl.java:0)
[2025-03-30T18:03:44.662+0000] {spark_submit.py:645} INFO - 25/03/30 18:03:44 INFO DAGScheduler: Parents of final stage: List()
[2025-03-30T18:03:44.662+0000] {spark_submit.py:645} INFO - 25/03/30 18:03:44 INFO DAGScheduler: Missing parents: List()
[2025-03-30T18:03:44.663+0000] {spark_submit.py:645} INFO - 25/03/30 18:03:44 INFO DAGScheduler: Submitting ShuffleMapStage 7 (MapPartitionsRDD[25] at parquet at NativeMethodAccessorImpl.java:0), which has no missing parents
[2025-03-30T18:03:44.666+0000] {spark_submit.py:645} INFO - 25/03/30 18:03:44 INFO MemoryStore: Block broadcast_9 stored as values in memory (estimated size 180.5 KiB, free 433.5 MiB)
[2025-03-30T18:03:44.679+0000] {spark_submit.py:645} INFO - 25/03/30 18:03:44 INFO MemoryStore: Block broadcast_9_piece0 stored as bytes in memory (estimated size 50.5 KiB, free 433.5 MiB)
[2025-03-30T18:03:44.688+0000] {spark_submit.py:645} INFO - 25/03/30 18:03:44 INFO BlockManagerInfo: Added broadcast_9_piece0 in memory on 4962f173392a:38019 (size: 50.5 KiB, free: 434.2 MiB)
[2025-03-30T18:03:44.692+0000] {spark_submit.py:645} INFO - 25/03/30 18:03:44 INFO SparkContext: Created broadcast 9 from broadcast at DAGScheduler.scala:1585
[2025-03-30T18:03:44.694+0000] {spark_submit.py:645} INFO - 25/03/30 18:03:44 INFO DAGScheduler: Submitting 1 missing tasks from ShuffleMapStage 7 (MapPartitionsRDD[25] at parquet at NativeMethodAccessorImpl.java:0) (first 15 tasks are for partitions Vector(0))
[2025-03-30T18:03:44.696+0000] {spark_submit.py:645} INFO - 25/03/30 18:03:44 INFO TaskSchedulerImpl: Adding task set 7.0 with 1 tasks resource profile 0
[2025-03-30T18:03:44.700+0000] {spark_submit.py:645} INFO - 25/03/30 18:03:44 INFO TaskSetManager: Starting task 0.0 in stage 7.0 (TID 5) (172.18.0.7, executor 2, partition 0, PROCESS_LOCAL, 9880 bytes)
[2025-03-30T18:03:44.701+0000] {spark_submit.py:645} INFO - 25/03/30 18:03:44 INFO BlockManagerInfo: Removed broadcast_5_piece0 on 4962f173392a:38019 in memory (size: 35.4 KiB, free: 434.3 MiB)
[2025-03-30T18:03:44.703+0000] {spark_submit.py:645} INFO - 25/03/30 18:03:44 INFO BlockManagerInfo: Removed broadcast_5_piece0 on 172.18.0.7:36593 in memory (size: 35.4 KiB, free: 127.2 MiB)
[2025-03-30T18:03:44.777+0000] {spark_submit.py:645} INFO - 25/03/30 18:03:44 INFO BlockManagerInfo: Added broadcast_9_piece0 in memory on 172.18.0.7:37425 (size: 50.5 KiB, free: 127.1 MiB)
[2025-03-30T18:03:45.296+0000] {spark_submit.py:645} INFO - 25/03/30 18:03:45 INFO BlockManagerInfo: Added broadcast_8_piece0 in memory on 172.18.0.7:37425 (size: 35.4 KiB, free: 127.1 MiB)
[2025-03-30T18:03:47.079+0000] {spark_submit.py:645} INFO - 25/03/30 18:03:47 INFO TaskSetManager: Finished task 0.0 in stage 7.0 (TID 5) in 2382 ms on 172.18.0.7 (executor 2) (1/1)
[2025-03-30T18:03:47.080+0000] {spark_submit.py:645} INFO - 25/03/30 18:03:47 INFO TaskSchedulerImpl: Removed TaskSet 7.0, whose tasks have all completed, from pool
[2025-03-30T18:03:47.081+0000] {spark_submit.py:645} INFO - 25/03/30 18:03:47 INFO DAGScheduler: ShuffleMapStage 7 (parquet at NativeMethodAccessorImpl.java:0) finished in 2.418 s
[2025-03-30T18:03:47.086+0000] {spark_submit.py:645} INFO - 25/03/30 18:03:47 INFO DAGScheduler: looking for newly runnable stages
[2025-03-30T18:03:47.091+0000] {spark_submit.py:645} INFO - 25/03/30 18:03:47 INFO DAGScheduler: running: Set()
[2025-03-30T18:03:47.109+0000] {spark_submit.py:645} INFO - 25/03/30 18:03:47 INFO DAGScheduler: waiting: Set()
[2025-03-30T18:03:47.110+0000] {spark_submit.py:645} INFO - 25/03/30 18:03:47 INFO DAGScheduler: failed: Set()
[2025-03-30T18:03:47.115+0000] {spark_submit.py:645} INFO - 25/03/30 18:03:47 INFO ShufflePartitionsUtil: For shuffle(2), advisory target size: 67108864, actual target size 1048576, minimum partition size: 1048576
[2025-03-30T18:03:47.161+0000] {spark_submit.py:645} INFO - 25/03/30 18:03:47 INFO ParquetUtils: Using default output committer for Parquet: org.apache.parquet.hadoop.ParquetOutputCommitter
[2025-03-30T18:03:47.162+0000] {spark_submit.py:645} INFO - 25/03/30 18:03:47 INFO FileOutputCommitter: File Output Committer Algorithm version is 1
[2025-03-30T18:03:47.163+0000] {spark_submit.py:645} INFO - 25/03/30 18:03:47 INFO FileOutputCommitter: FileOutputCommitter skip cleanup _temporary folders under output directory:false, ignore cleanup failures: false
[2025-03-30T18:03:47.163+0000] {spark_submit.py:645} INFO - 25/03/30 18:03:47 INFO SQLHadoopMapReduceCommitProtocol: Using user defined output committer class org.apache.parquet.hadoop.ParquetOutputCommitter
[2025-03-30T18:03:47.164+0000] {spark_submit.py:645} INFO - 25/03/30 18:03:47 INFO FileOutputCommitter: File Output Committer Algorithm version is 1
[2025-03-30T18:03:47.164+0000] {spark_submit.py:645} INFO - 25/03/30 18:03:47 INFO FileOutputCommitter: FileOutputCommitter skip cleanup _temporary folders under output directory:false, ignore cleanup failures: false
[2025-03-30T18:03:47.164+0000] {spark_submit.py:645} INFO - 25/03/30 18:03:47 INFO SQLHadoopMapReduceCommitProtocol: Using output committer class org.apache.parquet.hadoop.ParquetOutputCommitter
[2025-03-30T18:03:47.501+0000] {spark_submit.py:645} INFO - 25/03/30 18:03:47 INFO SparkContext: Starting job: parquet at NativeMethodAccessorImpl.java:0
[2025-03-30T18:03:47.502+0000] {spark_submit.py:645} INFO - 25/03/30 18:03:47 INFO DAGScheduler: Got job 6 (parquet at NativeMethodAccessorImpl.java:0) with 1 output partitions
[2025-03-30T18:03:47.503+0000] {spark_submit.py:645} INFO - 25/03/30 18:03:47 INFO DAGScheduler: Final stage: ResultStage 9 (parquet at NativeMethodAccessorImpl.java:0)
[2025-03-30T18:03:47.503+0000] {spark_submit.py:645} INFO - 25/03/30 18:03:47 INFO DAGScheduler: Parents of final stage: List(ShuffleMapStage 8)
[2025-03-30T18:03:47.504+0000] {spark_submit.py:645} INFO - 25/03/30 18:03:47 INFO DAGScheduler: Missing parents: List()
[2025-03-30T18:03:47.504+0000] {spark_submit.py:645} INFO - 25/03/30 18:03:47 INFO DAGScheduler: Submitting ResultStage 9 (MapPartitionsRDD[29] at parquet at NativeMethodAccessorImpl.java:0), which has no missing parents
[2025-03-30T18:03:47.526+0000] {spark_submit.py:645} INFO - 25/03/30 18:03:47 INFO MemoryStore: Block broadcast_10 stored as values in memory (estimated size 260.6 KiB, free 433.4 MiB)
[2025-03-30T18:03:47.535+0000] {spark_submit.py:645} INFO - 25/03/30 18:03:47 INFO MemoryStore: Block broadcast_10_piece0 stored as bytes in memory (estimated size 96.8 KiB, free 433.3 MiB)
[2025-03-30T18:03:47.542+0000] {spark_submit.py:645} INFO - 25/03/30 18:03:47 INFO BlockManagerInfo: Added broadcast_10_piece0 in memory on 4962f173392a:38019 (size: 96.8 KiB, free: 434.2 MiB)
[2025-03-30T18:03:47.544+0000] {spark_submit.py:645} INFO - 25/03/30 18:03:47 INFO SparkContext: Created broadcast 10 from broadcast at DAGScheduler.scala:1585
[2025-03-30T18:03:47.548+0000] {spark_submit.py:645} INFO - 25/03/30 18:03:47 INFO DAGScheduler: Submitting 1 missing tasks from ResultStage 9 (MapPartitionsRDD[29] at parquet at NativeMethodAccessorImpl.java:0) (first 15 tasks are for partitions Vector(0))
[2025-03-30T18:03:47.549+0000] {spark_submit.py:645} INFO - 25/03/30 18:03:47 INFO TaskSchedulerImpl: Adding task set 9.0 with 1 tasks resource profile 0
[2025-03-30T18:03:47.550+0000] {spark_submit.py:645} INFO - 25/03/30 18:03:47 INFO BlockManagerInfo: Removed broadcast_9_piece0 on 4962f173392a:38019 in memory (size: 50.5 KiB, free: 434.2 MiB)
[2025-03-30T18:03:47.551+0000] {spark_submit.py:645} INFO - 25/03/30 18:03:47 INFO TaskSetManager: Starting task 0.0 in stage 9.0 (TID 6) (172.18.0.7, executor 3, partition 0, NODE_LOCAL, 9289 bytes)
[2025-03-30T18:03:47.552+0000] {spark_submit.py:645} INFO - 25/03/30 18:03:47 INFO BlockManagerInfo: Removed broadcast_9_piece0 on 172.18.0.7:37425 in memory (size: 50.5 KiB, free: 127.1 MiB)
[2025-03-30T18:03:47.570+0000] {spark_submit.py:645} INFO - 25/03/30 18:03:47 INFO BlockManagerInfo: Added broadcast_10_piece0 in memory on 172.18.0.7:36593 (size: 96.8 KiB, free: 127.1 MiB)
[2025-03-30T18:03:47.645+0000] {spark_submit.py:645} INFO - 25/03/30 18:03:47 INFO MapOutputTrackerMasterEndpoint: Asked to send map output locations for shuffle 2 to 172.18.0.7:43154
[2025-03-30T18:03:50.243+0000] {spark_submit.py:645} INFO - 25/03/30 18:03:50 INFO TaskSetManager: Finished task 0.0 in stage 9.0 (TID 6) in 2696 ms on 172.18.0.7 (executor 3) (1/1)
[2025-03-30T18:03:50.264+0000] {spark_submit.py:645} INFO - 25/03/30 18:03:50 INFO TaskSchedulerImpl: Removed TaskSet 9.0, whose tasks have all completed, from pool
[2025-03-30T18:03:50.290+0000] {spark_submit.py:645} INFO - 25/03/30 18:03:50 INFO DAGScheduler: ResultStage 9 (parquet at NativeMethodAccessorImpl.java:0) finished in 2.735 s
[2025-03-30T18:03:50.291+0000] {spark_submit.py:645} INFO - 25/03/30 18:03:50 INFO DAGScheduler: Job 6 is finished. Cancelling potential speculative or zombie tasks for this job
[2025-03-30T18:03:50.291+0000] {spark_submit.py:645} INFO - 25/03/30 18:03:50 INFO TaskSchedulerImpl: Killing all running tasks in stage 9: Stage finished
[2025-03-30T18:03:50.292+0000] {spark_submit.py:645} INFO - 25/03/30 18:03:50 INFO DAGScheduler: Job 6 finished: parquet at NativeMethodAccessorImpl.java:0, took 2.744029 s
[2025-03-30T18:03:50.293+0000] {spark_submit.py:645} INFO - 25/03/30 18:03:50 INFO FileFormatWriter: Start to commit write Job 87a9074a-510b-47cb-8ffb-b1a632545796.
[2025-03-30T18:03:51.339+0000] {spark_submit.py:645} INFO - 25/03/30 18:03:51 INFO FileFormatWriter: Write Job 87a9074a-510b-47cb-8ffb-b1a632545796 committed. Elapsed time: 1091 ms.
[2025-03-30T18:03:51.339+0000] {spark_submit.py:645} INFO - 25/03/30 18:03:51 INFO FileFormatWriter: Finished processing stats for write job 87a9074a-510b-47cb-8ffb-b1a632545796.
[2025-03-30T18:03:51.340+0000] {spark_submit.py:645} INFO - 2025-03-30 18:03:51,339 - INFO - Data written successfully to s3a://processed/songs.parquet
[2025-03-30T18:03:51.340+0000] {spark_submit.py:645} INFO - 2025-03-30 18:03:51,340 - INFO - Processo finalizado.
[2025-03-30T18:03:51.341+0000] {spark_submit.py:645} INFO - 25/03/30 18:03:51 INFO SparkContext: SparkContext is stopping with exitCode 0.
[2025-03-30T18:03:51.350+0000] {spark_submit.py:645} INFO - 25/03/30 18:03:51 INFO SparkUI: Stopped Spark web UI at http://4962f173392a:4040
[2025-03-30T18:03:51.355+0000] {spark_submit.py:645} INFO - 25/03/30 18:03:51 INFO StandaloneSchedulerBackend: Shutting down all executors
[2025-03-30T18:03:51.355+0000] {spark_submit.py:645} INFO - 25/03/30 18:03:51 INFO StandaloneSchedulerBackend$StandaloneDriverEndpoint: Asking each executor to shut down
[2025-03-30T18:03:51.556+0000] {spark_submit.py:645} INFO - 25/03/30 18:03:51 INFO MapOutputTrackerMasterEndpoint: MapOutputTrackerMasterEndpoint stopped!
[2025-03-30T18:03:52.218+0000] {spark_submit.py:645} INFO - 25/03/30 18:03:52 INFO MemoryStore: MemoryStore cleared
[2025-03-30T18:03:52.252+0000] {spark_submit.py:645} INFO - 25/03/30 18:03:52 INFO BlockManager: BlockManager stopped
[2025-03-30T18:03:52.275+0000] {spark_submit.py:645} INFO - 25/03/30 18:03:52 INFO BlockManagerMaster: BlockManagerMaster stopped
[2025-03-30T18:03:52.276+0000] {spark_submit.py:645} INFO - 25/03/30 18:03:52 INFO OutputCommitCoordinator$OutputCommitCoordinatorEndpoint: OutputCommitCoordinator stopped!
[2025-03-30T18:03:52.553+0000] {spark_submit.py:645} INFO - 25/03/30 18:03:52 INFO SparkContext: Successfully stopped SparkContext
[2025-03-30T18:03:52.742+0000] {spark_submit.py:645} INFO - 2025-03-30 18:03:52,719 - INFO - Closing down clientserver connection
[2025-03-30T18:03:53.005+0000] {spark_submit.py:645} INFO - 25/03/30 18:03:53 INFO ShutdownHookManager: Shutdown hook called
[2025-03-30T18:03:53.007+0000] {spark_submit.py:645} INFO - 25/03/30 18:03:53 INFO ShutdownHookManager: Deleting directory /tmp/spark-49e0c6c3-7c2c-4520-9cfd-ea3203e4756b
[2025-03-30T18:03:53.026+0000] {spark_submit.py:645} INFO - 25/03/30 18:03:53 INFO ShutdownHookManager: Deleting directory /tmp/spark-9039d5c9-5055-49c0-ba21-cddff3b47bc1
[2025-03-30T18:03:53.032+0000] {spark_submit.py:645} INFO - 25/03/30 18:03:53 INFO ShutdownHookManager: Deleting directory /tmp/spark-49e0c6c3-7c2c-4520-9cfd-ea3203e4756b/pyspark-8e133e8c-093e-44c2-ac3c-6d28647c6860
[2025-03-30T18:03:53.083+0000] {spark_submit.py:645} INFO - 25/03/30 18:03:53 INFO MetricsSystemImpl: Stopping s3a-file-system metrics system...
[2025-03-30T18:03:53.084+0000] {spark_submit.py:645} INFO - 25/03/30 18:03:53 INFO MetricsSystemImpl: s3a-file-system metrics system stopped.
[2025-03-30T18:03:53.085+0000] {spark_submit.py:645} INFO - 25/03/30 18:03:53 INFO MetricsSystemImpl: s3a-file-system metrics system shutdown complete.
[2025-03-30T18:03:53.135+0000] {python.py:237} INFO - Done. Returned value was: None
[2025-03-30T18:03:53.136+0000] {taskinstance.py:441} INFO - ::group::Post task execution logs
[2025-03-30T18:03:53.168+0000] {taskinstance.py:1206} INFO - Marking task as SUCCESS. dag_id=etl_pipeline, task_id=transformation, run_id=manual__2025-03-26T13:33:39.761724+00:00, execution_date=20250326T133339, start_date=20250330T175753, end_date=20250330T180353
[2025-03-30T18:03:53.304+0000] {local_task_job_runner.py:240} INFO - Task exited with return code 0
[2025-03-30T18:03:53.345+0000] {taskinstance.py:3503} INFO - 0 downstream tasks scheduled from follow-on schedule check
[2025-03-30T18:03:53.380+0000] {local_task_job_runner.py:222} INFO - ::endgroup::
