[2025-03-26T18:58:35.237+0000] {local_task_job_runner.py:120} INFO - ::group::Pre task execution logs
[2025-03-26T18:58:35.274+0000] {taskinstance.py:2076} INFO - Dependencies all met for dep_context=non-requeueable deps ti=<TaskInstance: etl_pipeline.transformation manual__2025-03-26T13:33:39.761724+00:00 [queued]>
[2025-03-26T18:58:35.284+0000] {taskinstance.py:2076} INFO - Dependencies all met for dep_context=requeueable deps ti=<TaskInstance: etl_pipeline.transformation manual__2025-03-26T13:33:39.761724+00:00 [queued]>
[2025-03-26T18:58:35.285+0000] {taskinstance.py:2306} INFO - Starting attempt 20 of 21
[2025-03-26T18:58:35.318+0000] {taskinstance.py:2330} INFO - Executing <Task(PythonOperator): transformation> on 2025-03-26 13:33:39.761724+00:00
[2025-03-26T18:58:35.325+0000] {standard_task_runner.py:63} INFO - Started process 498 to run task
[2025-03-26T18:58:35.328+0000] {standard_task_runner.py:90} INFO - Running: ['***', 'tasks', 'run', 'etl_pipeline', 'transformation', 'manual__2025-03-26T13:33:39.761724+00:00', '--job-id', '25', '--raw', '--subdir', 'DAGS_FOLDER/etl_pipeline.py', '--cfg-path', '/tmp/tmpqbddeueg']
[2025-03-26T18:58:35.331+0000] {standard_task_runner.py:91} INFO - Job 25: Subtask transformation
[2025-03-26T18:58:35.406+0000] {task_command.py:426} INFO - Running <TaskInstance: etl_pipeline.transformation manual__2025-03-26T13:33:39.761724+00:00 [running]> on host 53e3672f02f0
[2025-03-26T18:58:35.554+0000] {taskinstance.py:2648} INFO - Exporting env vars: AIRFLOW_CTX_DAG_OWNER='lobobranco' AIRFLOW_CTX_DAG_ID='etl_pipeline' AIRFLOW_CTX_TASK_ID='transformation' AIRFLOW_CTX_EXECUTION_DATE='2025-03-26T13:33:39.761724+00:00' AIRFLOW_CTX_TRY_NUMBER='20' AIRFLOW_CTX_DAG_RUN_ID='manual__2025-03-26T13:33:39.761724+00:00'
[2025-03-26T18:58:35.555+0000] {taskinstance.py:430} INFO - ::endgroup::
[2025-03-26T18:58:35.604+0000] {etl_pipeline.py:76} INFO - Transforming data from file: s3://raw/playlist_20250326_133348.json
[2025-03-26T18:58:35.606+0000] {logging_mixin.py:188} INFO - File Path: s3://raw/playlist_20250326_133348.json
[2025-03-26T18:58:35.607+0000] {logging_mixin.py:188} INFO - Processed Bucket: processed
[2025-03-26T18:58:35.610+0000] {baseoperator.py:400} WARNING - SparkSubmitOperator.execute cannot be called outside TaskInstance!
[2025-03-26T18:58:35.634+0000] {base.py:84} INFO - Using connection ID 'spark_default' for task execution.
[2025-03-26T18:58:35.635+0000] {spark_submit.py:328} ERROR - Failed to decode base64 keytab: Incorrect padding
[2025-03-26T18:58:35.636+0000] {spark_submit.py:305} INFO - Could not load connection string spark_default, defaulting to spark://spark-master:7077
[2025-03-26T18:58:35.639+0000] {spark_submit.py:474} INFO - Spark-Submit cmd: spark-submit --master spark://spark-master:7077 --conf spark.executor.memory=2g --conf spark.executor.cores=2 --conf spark.jars=/opt/spark_job/jars/aws-java-sdk-bundle-1.12.262.jar,/opt/spark_job/jars/hadoop-aws-3.3.4.jar --conf spark.hadoop.fs.s3a.endpoint=http://minio:9000 --conf spark.hadoop.fs.s3a.access.key=admin --conf spark.hadoop.fs.s3a.secret.key=****** --conf spark.hadoop.fs.s3a.impl=org.apache.hadoop.fs.s3a.S3AFileSystem --conf spark.hadoop.fs.s3a.path.style.access=true --principal *** --name arrow-spark --verbose --deploy-mode client /opt/spark_job/data_transformation.py s3://raw/playlist_20250326_133348.json processed
[2025-03-26T18:58:35.781+0000] {spark_submit.py:645} INFO - /home/***/.local/lib/python3.11/site-packages/pyspark/bin/load-spark-env.sh: line 68: ps: command not found
[2025-03-26T18:58:37.552+0000] {spark_submit.py:645} INFO - Using properties file: null
[2025-03-26T18:58:37.690+0000] {spark_submit.py:645} INFO - Parsed arguments:
[2025-03-26T18:58:37.691+0000] {spark_submit.py:645} INFO - master                  spark://spark-master:7077
[2025-03-26T18:58:37.691+0000] {spark_submit.py:645} INFO - remote                  null
[2025-03-26T18:58:37.692+0000] {spark_submit.py:645} INFO - deployMode              client
[2025-03-26T18:58:37.692+0000] {spark_submit.py:645} INFO - executorMemory          2g
[2025-03-26T18:58:37.693+0000] {spark_submit.py:645} INFO - executorCores           2
[2025-03-26T18:58:37.693+0000] {spark_submit.py:645} INFO - totalExecutorCores      null
[2025-03-26T18:58:37.694+0000] {spark_submit.py:645} INFO - propertiesFile          null
[2025-03-26T18:58:37.695+0000] {spark_submit.py:645} INFO - driverMemory            null
[2025-03-26T18:58:37.695+0000] {spark_submit.py:645} INFO - driverCores             null
[2025-03-26T18:58:37.695+0000] {spark_submit.py:645} INFO - driverExtraClassPath    null
[2025-03-26T18:58:37.696+0000] {spark_submit.py:645} INFO - driverExtraLibraryPath  null
[2025-03-26T18:58:37.696+0000] {spark_submit.py:645} INFO - driverExtraJavaOptions  null
[2025-03-26T18:58:37.697+0000] {spark_submit.py:645} INFO - supervise               false
[2025-03-26T18:58:37.697+0000] {spark_submit.py:645} INFO - queue                   null
[2025-03-26T18:58:37.698+0000] {spark_submit.py:645} INFO - numExecutors            null
[2025-03-26T18:58:37.698+0000] {spark_submit.py:645} INFO - files                   null
[2025-03-26T18:58:37.698+0000] {spark_submit.py:645} INFO - pyFiles                 null
[2025-03-26T18:58:37.699+0000] {spark_submit.py:645} INFO - archives                null
[2025-03-26T18:58:37.699+0000] {spark_submit.py:645} INFO - mainClass               null
[2025-03-26T18:58:37.700+0000] {spark_submit.py:645} INFO - primaryResource         file:/opt/spark_job/data_transformation.py
[2025-03-26T18:58:37.700+0000] {spark_submit.py:645} INFO - name                    arrow-spark
[2025-03-26T18:58:37.701+0000] {spark_submit.py:645} INFO - childArgs               [s3://raw/playlist_20250326_133348.json processed]
[2025-03-26T18:58:37.702+0000] {spark_submit.py:645} INFO - jars                    /opt/spark_job/jars/aws-java-sdk-bundle-1.12.262.jar,/opt/spark_job/jars/hadoop-aws-3.3.4.jar
[2025-03-26T18:58:37.702+0000] {spark_submit.py:645} INFO - packages                null
[2025-03-26T18:58:37.703+0000] {spark_submit.py:645} INFO - packagesExclusions      null
[2025-03-26T18:58:37.703+0000] {spark_submit.py:645} INFO - repositories            null
[2025-03-26T18:58:37.704+0000] {spark_submit.py:645} INFO - verbose                 true
[2025-03-26T18:58:37.704+0000] {spark_submit.py:645} INFO - 
[2025-03-26T18:58:37.705+0000] {spark_submit.py:645} INFO - Spark properties used, including those specified through
[2025-03-26T18:58:37.706+0000] {spark_submit.py:645} INFO - --conf and those from the properties file null:
[2025-03-26T18:58:37.707+0000] {spark_submit.py:645} INFO - (spark.executor.cores,2)
[2025-03-26T18:58:37.708+0000] {spark_submit.py:645} INFO - (spark.executor.memory,2g)
[2025-03-26T18:58:37.708+0000] {spark_submit.py:645} INFO - (spark.hadoop.fs.s3a.access.key,*********(redacted))
[2025-03-26T18:58:37.709+0000] {spark_submit.py:645} INFO - (spark.hadoop.fs.s3a.endpoint,http://minio:9000)
[2025-03-26T18:58:37.709+0000] {spark_submit.py:645} INFO - (spark.hadoop.fs.s3a.impl,org.apache.hadoop.fs.s3a.S3AFileSystem)
[2025-03-26T18:58:37.710+0000] {spark_submit.py:645} INFO - (spark.hadoop.fs.s3a.path.style.access,true)
[2025-03-26T18:58:37.711+0000] {spark_submit.py:645} INFO - (spark.hadoop.fs.s3a.secret.key,*********(redacted))
[2025-03-26T18:58:37.711+0000] {spark_submit.py:645} INFO - (spark.jars,/opt/spark_job/jars/aws-java-sdk-bundle-1.12.262.jar,/opt/spark_job/jars/hadoop-aws-3.3.4.jar)
[2025-03-26T18:58:37.712+0000] {spark_submit.py:645} INFO - 
[2025-03-26T18:58:37.712+0000] {spark_submit.py:645} INFO - 
[2025-03-26T18:58:38.030+0000] {spark_submit.py:645} INFO - 25/03/26 18:58:38 WARN NativeCodeLoader: Unable to load native-hadoop library for your platform... using builtin-java classes where applicable
[2025-03-26T18:58:38.360+0000] {spark_submit.py:645} INFO - Main class:
[2025-03-26T18:58:38.361+0000] {spark_submit.py:645} INFO - org.apache.spark.deploy.PythonRunner
[2025-03-26T18:58:38.362+0000] {spark_submit.py:645} INFO - Arguments:
[2025-03-26T18:58:38.362+0000] {spark_submit.py:645} INFO - file:/opt/spark_job/data_transformation.py
[2025-03-26T18:58:38.363+0000] {spark_submit.py:645} INFO - null
[2025-03-26T18:58:38.363+0000] {spark_submit.py:645} INFO - s3://raw/playlist_20250326_133348.json
[2025-03-26T18:58:38.364+0000] {spark_submit.py:645} INFO - processed
[2025-03-26T18:58:38.364+0000] {spark_submit.py:645} INFO - Spark config:
[2025-03-26T18:58:38.365+0000] {spark_submit.py:645} INFO - (spark.app.name,arrow-spark)
[2025-03-26T18:58:38.365+0000] {spark_submit.py:645} INFO - (spark.app.submitTime,1743015518328)
[2025-03-26T18:58:38.365+0000] {spark_submit.py:645} INFO - (spark.executor.cores,2)
[2025-03-26T18:58:38.366+0000] {spark_submit.py:645} INFO - (spark.executor.memory,2g)
[2025-03-26T18:58:38.366+0000] {spark_submit.py:645} INFO - (spark.hadoop.fs.s3a.access.key,*********(redacted))
[2025-03-26T18:58:38.367+0000] {spark_submit.py:645} INFO - (spark.hadoop.fs.s3a.endpoint,http://minio:9000)
[2025-03-26T18:58:38.367+0000] {spark_submit.py:645} INFO - (spark.hadoop.fs.s3a.impl,org.apache.hadoop.fs.s3a.S3AFileSystem)
[2025-03-26T18:58:38.368+0000] {spark_submit.py:645} INFO - (spark.hadoop.fs.s3a.path.style.access,true)
[2025-03-26T18:58:38.369+0000] {spark_submit.py:645} INFO - (spark.hadoop.fs.s3a.secret.key,*********(redacted))
[2025-03-26T18:58:38.369+0000] {spark_submit.py:645} INFO - (spark.jars,file:///opt/spark_job/jars/aws-java-sdk-bundle-1.12.262.jar,file:///opt/spark_job/jars/hadoop-aws-3.3.4.jar)
[2025-03-26T18:58:38.370+0000] {spark_submit.py:645} INFO - (spark.kerberos.principal,***)
[2025-03-26T18:58:38.370+0000] {spark_submit.py:645} INFO - (spark.master,spark://spark-master:7077)
[2025-03-26T18:58:38.371+0000] {spark_submit.py:645} INFO - (spark.repl.local.jars,file:///opt/spark_job/jars/aws-java-sdk-bundle-1.12.262.jar,file:///opt/spark_job/jars/hadoop-aws-3.3.4.jar)
[2025-03-26T18:58:38.371+0000] {spark_submit.py:645} INFO - (spark.submit.deployMode,client)
[2025-03-26T18:58:38.372+0000] {spark_submit.py:645} INFO - (spark.submit.pyFiles,)
[2025-03-26T18:58:38.372+0000] {spark_submit.py:645} INFO - Classpath elements:
[2025-03-26T18:58:38.373+0000] {spark_submit.py:645} INFO - file:///opt/spark_job/jars/aws-java-sdk-bundle-1.12.262.jar
[2025-03-26T18:58:38.380+0000] {spark_submit.py:645} INFO - file:///opt/spark_job/jars/hadoop-aws-3.3.4.jar
[2025-03-26T18:58:38.381+0000] {spark_submit.py:645} INFO - 
[2025-03-26T18:58:38.382+0000] {spark_submit.py:645} INFO - 
[2025-03-26T18:58:39.839+0000] {spark_submit.py:645} INFO - 2025-03-26 18:58:39,838 - INFO - Iniciando a configuração da Spark Session
[2025-03-26T18:58:40.837+0000] {spark_submit.py:645} INFO - 25/03/26 18:58:40 INFO SparkContext: Running Spark version 3.5.5
[2025-03-26T18:58:40.837+0000] {spark_submit.py:645} INFO - 25/03/26 18:58:40 INFO SparkContext: OS info Linux, 5.15.153.1-microsoft-standard-WSL2, amd64
[2025-03-26T18:58:40.838+0000] {spark_submit.py:645} INFO - 25/03/26 18:58:40 INFO SparkContext: Java version 17.0.14
[2025-03-26T18:58:40.912+0000] {spark_submit.py:645} INFO - 25/03/26 18:58:40 INFO ResourceUtils: ==============================================================
[2025-03-26T18:58:40.913+0000] {spark_submit.py:645} INFO - 25/03/26 18:58:40 INFO ResourceUtils: No custom resources configured for spark.driver.
[2025-03-26T18:58:40.913+0000] {spark_submit.py:645} INFO - 25/03/26 18:58:40 INFO ResourceUtils: ==============================================================
[2025-03-26T18:58:40.914+0000] {spark_submit.py:645} INFO - 25/03/26 18:58:40 INFO SparkContext: Submitted application: Minio Integration with PySpark
[2025-03-26T18:58:40.975+0000] {spark_submit.py:645} INFO - 25/03/26 18:58:40 INFO ResourceProfile: Default ResourceProfile created, executor resources: Map(cores -> name: cores, amount: 2, script: , vendor: , memory -> name: memory, amount: 2048, script: , vendor: , offHeap -> name: offHeap, amount: 0, script: , vendor: ), task resources: Map(cpus -> name: cpus, amount: 1.0)
[2025-03-26T18:58:40.995+0000] {spark_submit.py:645} INFO - 25/03/26 18:58:40 INFO ResourceProfile: Limiting resource is cpus at 2 tasks per executor
[2025-03-26T18:58:40.999+0000] {spark_submit.py:645} INFO - 25/03/26 18:58:40 INFO ResourceProfileManager: Added ResourceProfile id: 0
[2025-03-26T18:58:41.257+0000] {spark_submit.py:645} INFO - 25/03/26 18:58:41 INFO SecurityManager: Changing view acls to: ***
[2025-03-26T18:58:41.258+0000] {spark_submit.py:645} INFO - 25/03/26 18:58:41 INFO SecurityManager: Changing modify acls to: ***
[2025-03-26T18:58:41.258+0000] {spark_submit.py:645} INFO - 25/03/26 18:58:41 INFO SecurityManager: Changing view acls groups to:
[2025-03-26T18:58:41.259+0000] {spark_submit.py:645} INFO - 25/03/26 18:58:41 INFO SecurityManager: Changing modify acls groups to:
[2025-03-26T18:58:41.260+0000] {spark_submit.py:645} INFO - 25/03/26 18:58:41 INFO SecurityManager: SecurityManager: authentication disabled; ui acls disabled; users with view permissions: ***; groups with view permissions: EMPTY; users with modify permissions: ***; groups with modify permissions: EMPTY
[2025-03-26T18:58:41.997+0000] {spark_submit.py:645} INFO - 25/03/26 18:58:41 INFO Utils: Successfully started service 'sparkDriver' on port 32901.
[2025-03-26T18:58:42.322+0000] {spark_submit.py:645} INFO - 25/03/26 18:58:42 INFO SparkEnv: Registering MapOutputTracker
[2025-03-26T18:58:42.496+0000] {spark_submit.py:645} INFO - 25/03/26 18:58:42 INFO SparkEnv: Registering BlockManagerMaster
[2025-03-26T18:58:42.566+0000] {spark_submit.py:645} INFO - 25/03/26 18:58:42 INFO BlockManagerMasterEndpoint: Using org.apache.spark.storage.DefaultTopologyMapper for getting topology information
[2025-03-26T18:58:42.566+0000] {spark_submit.py:645} INFO - 25/03/26 18:58:42 INFO BlockManagerMasterEndpoint: BlockManagerMasterEndpoint up
[2025-03-26T18:58:42.585+0000] {spark_submit.py:645} INFO - 25/03/26 18:58:42 INFO SparkEnv: Registering BlockManagerMasterHeartbeat
[2025-03-26T18:58:42.662+0000] {spark_submit.py:645} INFO - 25/03/26 18:58:42 INFO DiskBlockManager: Created local directory at /tmp/blockmgr-35936f98-fd2b-451b-a898-484c0f784870
[2025-03-26T18:58:42.690+0000] {spark_submit.py:645} INFO - 25/03/26 18:58:42 INFO MemoryStore: MemoryStore started with capacity 434.4 MiB
[2025-03-26T18:58:42.705+0000] {spark_submit.py:645} INFO - 25/03/26 18:58:42 INFO SparkEnv: Registering OutputCommitCoordinator
[2025-03-26T18:58:43.125+0000] {spark_submit.py:645} INFO - 25/03/26 18:58:43 INFO JettyUtils: Start Jetty 0.0.0.0:4040 for SparkUI
[2025-03-26T18:58:43.339+0000] {spark_submit.py:645} INFO - 25/03/26 18:58:43 INFO Utils: Successfully started service 'SparkUI' on port 4040.
[2025-03-26T18:58:43.425+0000] {spark_submit.py:645} INFO - 25/03/26 18:58:43 INFO SparkContext: Added JAR file:///opt/spark_job/jars/aws-java-sdk-bundle-1.12.262.jar at spark://53e3672f02f0:32901/jars/aws-java-sdk-bundle-1.12.262.jar with timestamp 1743015520779
[2025-03-26T18:58:43.426+0000] {spark_submit.py:645} INFO - 25/03/26 18:58:43 INFO SparkContext: Added JAR file:///opt/spark_job/jars/hadoop-aws-3.3.4.jar at spark://53e3672f02f0:32901/jars/hadoop-aws-3.3.4.jar with timestamp 1743015520779
[2025-03-26T18:58:43.622+0000] {spark_submit.py:645} INFO - 25/03/26 18:58:43 INFO StandaloneAppClient$ClientEndpoint: Connecting to master spark://spark-master:7077...
[2025-03-26T18:58:43.736+0000] {spark_submit.py:645} INFO - 25/03/26 18:58:43 INFO TransportClientFactory: Successfully created connection to spark-master/172.18.0.7:7077 after 71 ms (0 ms spent in bootstraps)
[2025-03-26T18:58:43.989+0000] {spark_submit.py:645} INFO - 25/03/26 18:58:43 INFO StandaloneSchedulerBackend: Connected to Spark cluster with app ID app-20250326185843-0000
[2025-03-26T18:58:44.015+0000] {spark_submit.py:645} INFO - 25/03/26 18:58:44 INFO Utils: Successfully started service 'org.apache.spark.network.netty.NettyBlockTransferService' on port 36087.
[2025-03-26T18:58:44.016+0000] {spark_submit.py:645} INFO - 25/03/26 18:58:44 INFO NettyBlockTransferService: Server created on 53e3672f02f0:36087
[2025-03-26T18:58:44.024+0000] {spark_submit.py:645} INFO - 25/03/26 18:58:44 INFO BlockManager: Using org.apache.spark.storage.RandomBlockReplicationPolicy for block replication policy
[2025-03-26T18:58:44.033+0000] {spark_submit.py:645} INFO - 25/03/26 18:58:44 INFO BlockManagerMaster: Registering BlockManager BlockManagerId(driver, 53e3672f02f0, 36087, None)
[2025-03-26T18:58:44.036+0000] {spark_submit.py:645} INFO - 25/03/26 18:58:44 INFO BlockManagerMasterEndpoint: Registering block manager 53e3672f02f0:36087 with 434.4 MiB RAM, BlockManagerId(driver, 53e3672f02f0, 36087, None)
[2025-03-26T18:58:44.039+0000] {spark_submit.py:645} INFO - 25/03/26 18:58:44 INFO BlockManagerMaster: Registered BlockManager BlockManagerId(driver, 53e3672f02f0, 36087, None)
[2025-03-26T18:58:44.040+0000] {spark_submit.py:645} INFO - 25/03/26 18:58:44 INFO BlockManager: Initialized BlockManager: BlockManagerId(driver, 53e3672f02f0, 36087, None)
[2025-03-26T18:58:44.695+0000] {spark_submit.py:645} INFO - 25/03/26 18:58:44 INFO StandaloneSchedulerBackend: SchedulerBackend is ready for scheduling beginning after reached minRegisteredResourcesRatio: 0.0
[2025-03-26T18:58:45.317+0000] {spark_submit.py:645} INFO - 2025-03-26 18:58:45,316 - INFO - Spark Session criada com sucesso
[2025-03-26T18:58:45.325+0000] {spark_submit.py:645} INFO - Traceback (most recent call last):
[2025-03-26T18:58:45.326+0000] {spark_submit.py:645} INFO - File "/opt/spark_job/data_transformation.py", line 47, in <module>
[2025-03-26T18:58:45.329+0000] {spark_submit.py:645} INFO - data_transformation(spark, file_path, processed_bucket)
[2025-03-26T18:58:45.329+0000] {spark_submit.py:645} INFO - TypeError: data_transformation() takes 2 positional arguments but 3 were given
[2025-03-26T18:58:45.330+0000] {spark_submit.py:645} INFO - 2025-03-26 18:58:45,329 - INFO - Closing down clientserver connection
[2025-03-26T18:58:45.432+0000] {spark_submit.py:645} INFO - 25/03/26 18:58:45 INFO SparkContext: Invoking stop() from shutdown hook
[2025-03-26T18:58:45.445+0000] {spark_submit.py:645} INFO - 25/03/26 18:58:45 INFO SparkContext: SparkContext is stopping with exitCode 0.
[2025-03-26T18:58:45.533+0000] {spark_submit.py:645} INFO - 25/03/26 18:58:45 INFO SparkUI: Stopped Spark web UI at http://53e3672f02f0:4040
[2025-03-26T18:58:45.538+0000] {spark_submit.py:645} INFO - 25/03/26 18:58:45 INFO StandaloneSchedulerBackend: Shutting down all executors
[2025-03-26T18:58:45.542+0000] {spark_submit.py:645} INFO - 25/03/26 18:58:45 INFO StandaloneSchedulerBackend$StandaloneDriverEndpoint: Asking each executor to shut down
[2025-03-26T18:58:45.575+0000] {spark_submit.py:645} INFO - 25/03/26 18:58:45 INFO MapOutputTrackerMasterEndpoint: MapOutputTrackerMasterEndpoint stopped!
[2025-03-26T18:58:45.614+0000] {spark_submit.py:645} INFO - 25/03/26 18:58:45 INFO MemoryStore: MemoryStore cleared
[2025-03-26T18:58:45.615+0000] {spark_submit.py:645} INFO - 25/03/26 18:58:45 INFO BlockManager: BlockManager stopped
[2025-03-26T18:58:45.621+0000] {spark_submit.py:645} INFO - 25/03/26 18:58:45 INFO BlockManagerMaster: BlockManagerMaster stopped
[2025-03-26T18:58:45.624+0000] {spark_submit.py:645} INFO - 25/03/26 18:58:45 INFO OutputCommitCoordinator$OutputCommitCoordinatorEndpoint: OutputCommitCoordinator stopped!
[2025-03-26T18:58:45.654+0000] {spark_submit.py:645} INFO - 25/03/26 18:58:45 INFO SparkContext: Successfully stopped SparkContext
[2025-03-26T18:58:45.655+0000] {spark_submit.py:645} INFO - 25/03/26 18:58:45 INFO ShutdownHookManager: Shutdown hook called
[2025-03-26T18:58:45.656+0000] {spark_submit.py:645} INFO - 25/03/26 18:58:45 INFO ShutdownHookManager: Deleting directory /tmp/spark-33326d11-48ba-49c0-a6ad-3b3988b0b812/pyspark-a6cb9604-479f-40a0-8a84-d9df9953823f
[2025-03-26T18:58:45.662+0000] {spark_submit.py:645} INFO - 25/03/26 18:58:45 INFO ShutdownHookManager: Deleting directory /tmp/spark-33326d11-48ba-49c0-a6ad-3b3988b0b812
[2025-03-26T18:58:45.672+0000] {spark_submit.py:645} INFO - 25/03/26 18:58:45 INFO ShutdownHookManager: Deleting directory /tmp/spark-39525a43-e36e-4b6c-a61f-44078677e067
[2025-03-26T18:58:45.757+0000] {taskinstance.py:441} INFO - ::group::Post task execution logs
[2025-03-26T18:58:45.770+0000] {taskinstance.py:2905} ERROR - Task failed with exception
Traceback (most recent call last):
  File "/home/airflow/.local/lib/python3.11/site-packages/airflow/models/taskinstance.py", line 465, in _execute_task
    result = _execute_callable(context=context, **execute_callable_kwargs)
             ^^^^^^^^^^^^^^^^^^^^^^^^^^^^^^^^^^^^^^^^^^^^^^^^^^^^^^^^^^^^^
  File "/home/airflow/.local/lib/python3.11/site-packages/airflow/models/taskinstance.py", line 432, in _execute_callable
    return execute_callable(context=context, **execute_callable_kwargs)
           ^^^^^^^^^^^^^^^^^^^^^^^^^^^^^^^^^^^^^^^^^^^^^^^^^^^^^^^^^^^^
  File "/home/airflow/.local/lib/python3.11/site-packages/airflow/models/baseoperator.py", line 401, in wrapper
    return func(self, *args, **kwargs)
           ^^^^^^^^^^^^^^^^^^^^^^^^^^^
  File "/home/airflow/.local/lib/python3.11/site-packages/airflow/operators/python.py", line 235, in execute
    return_value = self.execute_callable()
                   ^^^^^^^^^^^^^^^^^^^^^^^
  File "/home/airflow/.local/lib/python3.11/site-packages/airflow/operators/python.py", line 252, in execute_callable
    return self.python_callable(*self.op_args, **self.op_kwargs)
           ^^^^^^^^^^^^^^^^^^^^^^^^^^^^^^^^^^^^^^^^^^^^^^^^^^^^^
  File "/opt/airflow/dags/etl_pipeline.py", line 97, in spark_dtransformation
    ).execute(kwargs)
      ^^^^^^^^^^^^^^^
  File "/home/airflow/.local/lib/python3.11/site-packages/airflow/models/baseoperator.py", line 401, in wrapper
    return func(self, *args, **kwargs)
           ^^^^^^^^^^^^^^^^^^^^^^^^^^^
  File "/home/airflow/.local/lib/python3.11/site-packages/airflow/providers/apache/spark/operators/spark_submit.py", line 177, in execute
    self._hook.submit(self.application)
  File "/home/airflow/.local/lib/python3.11/site-packages/airflow/providers/apache/spark/hooks/spark_submit.py", line 567, in submit
    raise AirflowException(
airflow.exceptions.AirflowException: Cannot execute: spark-submit --master spark://spark-master:7077 --conf spark.executor.memory=2g --conf spark.executor.cores=2 --conf spark.jars=/opt/spark_job/jars/aws-java-sdk-bundle-1.12.262.jar,/opt/spark_job/jars/hadoop-aws-3.3.4.jar --conf spark.hadoop.fs.s3a.endpoint=http://minio:9000 --conf spark.hadoop.fs.s3a.access.key=admin --conf spark.hadoop.fs.s3a.secret.key=****** --conf spark.hadoop.fs.s3a.impl=org.apache.hadoop.fs.s3a.S3AFileSystem --conf spark.hadoop.fs.s3a.path.style.access=true --principal *** --name arrow-spark --verbose --deploy-mode client /opt/spark_job/data_transformation.py s3://raw/playlist_20250326_133348.json processed. Error code is: 1.
[2025-03-26T18:58:45.779+0000] {taskinstance.py:1206} INFO - Marking task as UP_FOR_RETRY. dag_id=etl_pipeline, task_id=transformation, run_id=manual__2025-03-26T13:33:39.761724+00:00, execution_date=20250326T133339, start_date=20250326T185835, end_date=20250326T185845
[2025-03-26T18:58:45.820+0000] {standard_task_runner.py:110} ERROR - Failed to execute job 25 for task transformation (Cannot execute: spark-submit --master spark://spark-master:7077 --conf spark.executor.memory=2g --conf spark.executor.cores=2 --conf spark.jars=/opt/spark_job/jars/aws-java-sdk-bundle-1.12.262.jar,/opt/spark_job/jars/hadoop-aws-3.3.4.jar --conf spark.hadoop.fs.s3a.endpoint=http://minio:9000 --conf spark.hadoop.fs.s3a.access.key=admin --conf spark.hadoop.fs.s3a.secret.key=****** --conf spark.hadoop.fs.s3a.impl=org.apache.hadoop.fs.s3a.S3AFileSystem --conf spark.hadoop.fs.s3a.path.style.access=true --principal *** --name arrow-spark --verbose --deploy-mode client /opt/spark_job/data_transformation.py s3://raw/playlist_20250326_133348.json processed. Error code is: 1.; 498)
[2025-03-26T18:58:45.873+0000] {local_task_job_runner.py:240} INFO - Task exited with return code 1
[2025-03-26T18:58:45.897+0000] {taskinstance.py:3503} INFO - 0 downstream tasks scheduled from follow-on schedule check
[2025-03-26T18:58:45.920+0000] {local_task_job_runner.py:222} INFO - ::endgroup::
