[2025-03-30T17:00:33.441+0000] {local_task_job_runner.py:120} INFO - ::group::Pre task execution logs
[2025-03-30T17:00:33.476+0000] {taskinstance.py:2076} INFO - Dependencies all met for dep_context=non-requeueable deps ti=<TaskInstance: etl_pipeline.transformation manual__2025-03-26T13:33:39.761724+00:00 [queued]>
[2025-03-30T17:00:33.485+0000] {taskinstance.py:2076} INFO - Dependencies all met for dep_context=requeueable deps ti=<TaskInstance: etl_pipeline.transformation manual__2025-03-26T13:33:39.761724+00:00 [queued]>
[2025-03-30T17:00:33.486+0000] {taskinstance.py:2306} INFO - Starting attempt 66 of 67
[2025-03-30T17:00:33.519+0000] {taskinstance.py:2330} INFO - Executing <Task(PythonOperator): transformation> on 2025-03-26 13:33:39.761724+00:00
[2025-03-30T17:00:33.525+0000] {standard_task_runner.py:63} INFO - Started process 2494 to run task
[2025-03-30T17:00:33.528+0000] {standard_task_runner.py:90} INFO - Running: ['***', 'tasks', 'run', 'etl_pipeline', 'transformation', 'manual__2025-03-26T13:33:39.761724+00:00', '--job-id', '114', '--raw', '--subdir', 'DAGS_FOLDER/etl_pipeline.py', '--cfg-path', '/tmp/tmp06lt4v9f']
[2025-03-30T17:00:33.577+0000] {standard_task_runner.py:91} INFO - Job 114: Subtask transformation
[2025-03-30T17:00:33.668+0000] {task_command.py:426} INFO - Running <TaskInstance: etl_pipeline.transformation manual__2025-03-26T13:33:39.761724+00:00 [running]> on host 0078b745cbba
[2025-03-30T17:00:33.807+0000] {taskinstance.py:2648} INFO - Exporting env vars: AIRFLOW_CTX_DAG_OWNER='lobobranco' AIRFLOW_CTX_DAG_ID='etl_pipeline' AIRFLOW_CTX_TASK_ID='transformation' AIRFLOW_CTX_EXECUTION_DATE='2025-03-26T13:33:39.761724+00:00' AIRFLOW_CTX_TRY_NUMBER='66' AIRFLOW_CTX_DAG_RUN_ID='manual__2025-03-26T13:33:39.761724+00:00'
[2025-03-30T17:00:33.808+0000] {taskinstance.py:430} INFO - ::endgroup::
[2025-03-30T17:00:33.833+0000] {etl_pipeline.py:76} INFO - Transforming data from file: s3://raw/playlist_20250329_132856.json
[2025-03-30T17:00:33.833+0000] {logging_mixin.py:188} INFO - File Path: s3://raw/playlist_20250329_132856.json
[2025-03-30T17:00:33.834+0000] {logging_mixin.py:188} INFO - Processed Bucket: processed
[2025-03-30T17:00:33.835+0000] {baseoperator.py:400} WARNING - SparkSubmitOperator.execute cannot be called outside TaskInstance!
[2025-03-30T17:00:33.846+0000] {base.py:84} INFO - Using connection ID 'spark_default' for task execution.
[2025-03-30T17:00:33.847+0000] {spark_submit.py:328} ERROR - Failed to decode base64 keytab: Incorrect padding
[2025-03-30T17:00:33.847+0000] {spark_submit.py:305} INFO - Could not load connection string spark_default, defaulting to spark://spark-master:7077
[2025-03-30T17:00:33.849+0000] {spark_submit.py:474} INFO - Spark-Submit cmd: spark-submit --master spark://spark-master:7077 --conf spark.executor.memory=512m --conf spark.executor.cores=1 --conf spark.jars=/opt/spark_job/jars/aws-java-sdk-bundle-1.12.262.jar,/opt/spark_job/jars/hadoop-aws-3.3.4.jar --conf spark.hadoop.fs.s3a.endpoint=http://minio:9000 --conf spark.hadoop.fs.s3a.access.key=admin --conf spark.hadoop.fs.s3a.secret.key=****** --conf spark.hadoop.fs.s3a.impl=org.apache.hadoop.fs.s3a.S3AFileSystem --conf spark.hadoop.fs.s3a.path.style.access=true --principal *** --name arrow-spark --verbose --deploy-mode client /opt/spark_job/data_transformation.py s3://raw/playlist_20250329_132856.json processed
[2025-03-30T17:00:33.889+0000] {spark_submit.py:645} INFO - /home/***/.local/lib/python3.11/site-packages/pyspark/bin/load-spark-env.sh: line 68: ps: command not found
[2025-03-30T17:00:35.335+0000] {spark_submit.py:645} INFO - Using properties file: null
[2025-03-30T17:00:35.447+0000] {spark_submit.py:645} INFO - Parsed arguments:
[2025-03-30T17:00:35.448+0000] {spark_submit.py:645} INFO - master                  spark://spark-master:7077
[2025-03-30T17:00:35.448+0000] {spark_submit.py:645} INFO - remote                  null
[2025-03-30T17:00:35.449+0000] {spark_submit.py:645} INFO - deployMode              client
[2025-03-30T17:00:35.449+0000] {spark_submit.py:645} INFO - executorMemory          512m
[2025-03-30T17:00:35.450+0000] {spark_submit.py:645} INFO - executorCores           1
[2025-03-30T17:00:35.451+0000] {spark_submit.py:645} INFO - totalExecutorCores      null
[2025-03-30T17:00:35.451+0000] {spark_submit.py:645} INFO - propertiesFile          null
[2025-03-30T17:00:35.451+0000] {spark_submit.py:645} INFO - driverMemory            null
[2025-03-30T17:00:35.452+0000] {spark_submit.py:645} INFO - driverCores             null
[2025-03-30T17:00:35.452+0000] {spark_submit.py:645} INFO - driverExtraClassPath    null
[2025-03-30T17:00:35.453+0000] {spark_submit.py:645} INFO - driverExtraLibraryPath  null
[2025-03-30T17:00:35.453+0000] {spark_submit.py:645} INFO - driverExtraJavaOptions  null
[2025-03-30T17:00:35.453+0000] {spark_submit.py:645} INFO - supervise               false
[2025-03-30T17:00:35.453+0000] {spark_submit.py:645} INFO - queue                   null
[2025-03-30T17:00:35.454+0000] {spark_submit.py:645} INFO - numExecutors            null
[2025-03-30T17:00:35.454+0000] {spark_submit.py:645} INFO - files                   null
[2025-03-30T17:00:35.455+0000] {spark_submit.py:645} INFO - pyFiles                 null
[2025-03-30T17:00:35.455+0000] {spark_submit.py:645} INFO - archives                null
[2025-03-30T17:00:35.456+0000] {spark_submit.py:645} INFO - mainClass               null
[2025-03-30T17:00:35.456+0000] {spark_submit.py:645} INFO - primaryResource         file:/opt/spark_job/data_transformation.py
[2025-03-30T17:00:35.457+0000] {spark_submit.py:645} INFO - name                    arrow-spark
[2025-03-30T17:00:35.457+0000] {spark_submit.py:645} INFO - childArgs               [s3://raw/playlist_20250329_132856.json processed]
[2025-03-30T17:00:35.458+0000] {spark_submit.py:645} INFO - jars                    /opt/spark_job/jars/aws-java-sdk-bundle-1.12.262.jar,/opt/spark_job/jars/hadoop-aws-3.3.4.jar
[2025-03-30T17:00:35.458+0000] {spark_submit.py:645} INFO - packages                null
[2025-03-30T17:00:35.458+0000] {spark_submit.py:645} INFO - packagesExclusions      null
[2025-03-30T17:00:35.458+0000] {spark_submit.py:645} INFO - repositories            null
[2025-03-30T17:00:35.459+0000] {spark_submit.py:645} INFO - verbose                 true
[2025-03-30T17:00:35.459+0000] {spark_submit.py:645} INFO - 
[2025-03-30T17:00:35.459+0000] {spark_submit.py:645} INFO - Spark properties used, including those specified through
[2025-03-30T17:00:35.460+0000] {spark_submit.py:645} INFO - --conf and those from the properties file null:
[2025-03-30T17:00:35.460+0000] {spark_submit.py:645} INFO - (spark.executor.cores,1)
[2025-03-30T17:00:35.460+0000] {spark_submit.py:645} INFO - (spark.executor.memory,512m)
[2025-03-30T17:00:35.460+0000] {spark_submit.py:645} INFO - (spark.hadoop.fs.s3a.access.key,*********(redacted))
[2025-03-30T17:00:35.461+0000] {spark_submit.py:645} INFO - (spark.hadoop.fs.s3a.endpoint,http://minio:9000)
[2025-03-30T17:00:35.461+0000] {spark_submit.py:645} INFO - (spark.hadoop.fs.s3a.impl,org.apache.hadoop.fs.s3a.S3AFileSystem)
[2025-03-30T17:00:35.461+0000] {spark_submit.py:645} INFO - (spark.hadoop.fs.s3a.path.style.access,true)
[2025-03-30T17:00:35.462+0000] {spark_submit.py:645} INFO - (spark.hadoop.fs.s3a.secret.key,*********(redacted))
[2025-03-30T17:00:35.462+0000] {spark_submit.py:645} INFO - (spark.jars,/opt/spark_job/jars/aws-java-sdk-bundle-1.12.262.jar,/opt/spark_job/jars/hadoop-aws-3.3.4.jar)
[2025-03-30T17:00:35.462+0000] {spark_submit.py:645} INFO - 
[2025-03-30T17:00:35.463+0000] {spark_submit.py:645} INFO - 
[2025-03-30T17:00:35.800+0000] {spark_submit.py:645} INFO - 25/03/30 17:00:35 WARN NativeCodeLoader: Unable to load native-hadoop library for your platform... using builtin-java classes where applicable
[2025-03-30T17:00:36.023+0000] {spark_submit.py:645} INFO - Main class:
[2025-03-30T17:00:36.024+0000] {spark_submit.py:645} INFO - org.apache.spark.deploy.PythonRunner
[2025-03-30T17:00:36.024+0000] {spark_submit.py:645} INFO - Arguments:
[2025-03-30T17:00:36.025+0000] {spark_submit.py:645} INFO - file:/opt/spark_job/data_transformation.py
[2025-03-30T17:00:36.025+0000] {spark_submit.py:645} INFO - null
[2025-03-30T17:00:36.026+0000] {spark_submit.py:645} INFO - s3://raw/playlist_20250329_132856.json
[2025-03-30T17:00:36.026+0000] {spark_submit.py:645} INFO - processed
[2025-03-30T17:00:36.029+0000] {spark_submit.py:645} INFO - Spark config:
[2025-03-30T17:00:36.029+0000] {spark_submit.py:645} INFO - (spark.app.name,arrow-spark)
[2025-03-30T17:00:36.029+0000] {spark_submit.py:645} INFO - (spark.app.submitTime,1743354036004)
[2025-03-30T17:00:36.030+0000] {spark_submit.py:645} INFO - (spark.executor.cores,1)
[2025-03-30T17:00:36.030+0000] {spark_submit.py:645} INFO - (spark.executor.memory,512m)
[2025-03-30T17:00:36.031+0000] {spark_submit.py:645} INFO - (spark.hadoop.fs.s3a.access.key,*********(redacted))
[2025-03-30T17:00:36.031+0000] {spark_submit.py:645} INFO - (spark.hadoop.fs.s3a.endpoint,http://minio:9000)
[2025-03-30T17:00:36.031+0000] {spark_submit.py:645} INFO - (spark.hadoop.fs.s3a.impl,org.apache.hadoop.fs.s3a.S3AFileSystem)
[2025-03-30T17:00:36.032+0000] {spark_submit.py:645} INFO - (spark.hadoop.fs.s3a.path.style.access,true)
[2025-03-30T17:00:36.033+0000] {spark_submit.py:645} INFO - (spark.hadoop.fs.s3a.secret.key,*********(redacted))
[2025-03-30T17:00:36.033+0000] {spark_submit.py:645} INFO - (spark.jars,file:///opt/spark_job/jars/aws-java-sdk-bundle-1.12.262.jar,file:///opt/spark_job/jars/hadoop-aws-3.3.4.jar)
[2025-03-30T17:00:36.033+0000] {spark_submit.py:645} INFO - (spark.kerberos.principal,***)
[2025-03-30T17:00:36.034+0000] {spark_submit.py:645} INFO - (spark.master,spark://spark-master:7077)
[2025-03-30T17:00:36.034+0000] {spark_submit.py:645} INFO - (spark.repl.local.jars,file:///opt/spark_job/jars/aws-java-sdk-bundle-1.12.262.jar,file:///opt/spark_job/jars/hadoop-aws-3.3.4.jar)
[2025-03-30T17:00:36.034+0000] {spark_submit.py:645} INFO - (spark.submit.deployMode,client)
[2025-03-30T17:00:36.035+0000] {spark_submit.py:645} INFO - (spark.submit.pyFiles,)
[2025-03-30T17:00:36.036+0000] {spark_submit.py:645} INFO - Classpath elements:
[2025-03-30T17:00:36.036+0000] {spark_submit.py:645} INFO - file:///opt/spark_job/jars/aws-java-sdk-bundle-1.12.262.jar
[2025-03-30T17:00:36.036+0000] {spark_submit.py:645} INFO - file:///opt/spark_job/jars/hadoop-aws-3.3.4.jar
[2025-03-30T17:00:36.037+0000] {spark_submit.py:645} INFO - 
[2025-03-30T17:00:36.037+0000] {spark_submit.py:645} INFO - 
[2025-03-30T17:00:36.862+0000] {spark_submit.py:645} INFO - 2025-03-30 17:00:36,862 - INFO - Iniciando a configuração da Spark Session
[2025-03-30T17:00:37.539+0000] {spark_submit.py:645} INFO - 25/03/30 17:00:37 INFO SparkContext: Running Spark version 3.5.5
[2025-03-30T17:00:37.539+0000] {spark_submit.py:645} INFO - 25/03/30 17:00:37 INFO SparkContext: OS info Linux, 5.15.153.1-microsoft-standard-WSL2, amd64
[2025-03-30T17:00:37.540+0000] {spark_submit.py:645} INFO - 25/03/30 17:00:37 INFO SparkContext: Java version 17.0.14
[2025-03-30T17:00:37.567+0000] {spark_submit.py:645} INFO - 25/03/30 17:00:37 INFO ResourceUtils: ==============================================================
[2025-03-30T17:00:37.568+0000] {spark_submit.py:645} INFO - 25/03/30 17:00:37 INFO ResourceUtils: No custom resources configured for spark.driver.
[2025-03-30T17:00:37.568+0000] {spark_submit.py:645} INFO - 25/03/30 17:00:37 INFO ResourceUtils: ==============================================================
[2025-03-30T17:00:37.569+0000] {spark_submit.py:645} INFO - 25/03/30 17:00:37 INFO SparkContext: Submitted application: Minio Integration with PySpark
[2025-03-30T17:00:37.592+0000] {spark_submit.py:645} INFO - 25/03/30 17:00:37 INFO ResourceProfile: Default ResourceProfile created, executor resources: Map(cores -> name: cores, amount: 1, script: , vendor: , memory -> name: memory, amount: 512, script: , vendor: , offHeap -> name: offHeap, amount: 0, script: , vendor: ), task resources: Map(cpus -> name: cpus, amount: 1.0)
[2025-03-30T17:00:37.605+0000] {spark_submit.py:645} INFO - 25/03/30 17:00:37 INFO ResourceProfile: Limiting resource is cpus at 1 tasks per executor
[2025-03-30T17:00:37.608+0000] {spark_submit.py:645} INFO - 25/03/30 17:00:37 INFO ResourceProfileManager: Added ResourceProfile id: 0
[2025-03-30T17:00:37.690+0000] {spark_submit.py:645} INFO - 25/03/30 17:00:37 INFO SecurityManager: Changing view acls to: ***
[2025-03-30T17:00:37.692+0000] {spark_submit.py:645} INFO - 25/03/30 17:00:37 INFO SecurityManager: Changing modify acls to: ***
[2025-03-30T17:00:37.694+0000] {spark_submit.py:645} INFO - 25/03/30 17:00:37 INFO SecurityManager: Changing view acls groups to:
[2025-03-30T17:00:37.696+0000] {spark_submit.py:645} INFO - 25/03/30 17:00:37 INFO SecurityManager: Changing modify acls groups to:
[2025-03-30T17:00:37.697+0000] {spark_submit.py:645} INFO - 25/03/30 17:00:37 INFO SecurityManager: SecurityManager: authentication disabled; ui acls disabled; users with view permissions: ***; groups with view permissions: EMPTY; users with modify permissions: ***; groups with modify permissions: EMPTY
[2025-03-30T17:00:37.947+0000] {spark_submit.py:645} INFO - 25/03/30 17:00:37 INFO Utils: Successfully started service 'sparkDriver' on port 37253.
[2025-03-30T17:00:38.016+0000] {spark_submit.py:645} INFO - 25/03/30 17:00:38 INFO SparkEnv: Registering MapOutputTracker
[2025-03-30T17:00:38.050+0000] {spark_submit.py:645} INFO - 25/03/30 17:00:38 INFO SparkEnv: Registering BlockManagerMaster
[2025-03-30T17:00:38.071+0000] {spark_submit.py:645} INFO - 25/03/30 17:00:38 INFO BlockManagerMasterEndpoint: Using org.apache.spark.storage.DefaultTopologyMapper for getting topology information
[2025-03-30T17:00:38.072+0000] {spark_submit.py:645} INFO - 25/03/30 17:00:38 INFO BlockManagerMasterEndpoint: BlockManagerMasterEndpoint up
[2025-03-30T17:00:38.078+0000] {spark_submit.py:645} INFO - 25/03/30 17:00:38 INFO SparkEnv: Registering BlockManagerMasterHeartbeat
[2025-03-30T17:00:38.100+0000] {spark_submit.py:645} INFO - 25/03/30 17:00:38 INFO DiskBlockManager: Created local directory at /tmp/blockmgr-eb4d4bc5-383b-4e97-a508-a468baaeee01
[2025-03-30T17:00:38.115+0000] {spark_submit.py:645} INFO - 25/03/30 17:00:38 INFO MemoryStore: MemoryStore started with capacity 434.4 MiB
[2025-03-30T17:00:38.130+0000] {spark_submit.py:645} INFO - 25/03/30 17:00:38 INFO SparkEnv: Registering OutputCommitCoordinator
[2025-03-30T17:00:38.248+0000] {spark_submit.py:645} INFO - 25/03/30 17:00:38 INFO JettyUtils: Start Jetty 0.0.0.0:4040 for SparkUI
[2025-03-30T17:00:38.340+0000] {spark_submit.py:645} INFO - 25/03/30 17:00:38 INFO Utils: Successfully started service 'SparkUI' on port 4040.
[2025-03-30T17:00:38.387+0000] {spark_submit.py:645} INFO - 25/03/30 17:00:38 INFO SparkContext: Added JAR file:///opt/spark_job/jars/aws-java-sdk-bundle-1.12.262.jar at spark://0078b745cbba:37253/jars/aws-java-sdk-bundle-1.12.262.jar with timestamp 1743354037532
[2025-03-30T17:00:38.388+0000] {spark_submit.py:645} INFO - 25/03/30 17:00:38 INFO SparkContext: Added JAR file:///opt/spark_job/jars/hadoop-aws-3.3.4.jar at spark://0078b745cbba:37253/jars/hadoop-aws-3.3.4.jar with timestamp 1743354037532
[2025-03-30T17:00:38.481+0000] {spark_submit.py:645} INFO - 25/03/30 17:00:38 INFO StandaloneAppClient$ClientEndpoint: Connecting to master spark://spark-master:7077...
[2025-03-30T17:00:38.550+0000] {spark_submit.py:645} INFO - 25/03/30 17:00:38 INFO TransportClientFactory: Successfully created connection to spark-master/172.18.0.7:7077 after 48 ms (0 ms spent in bootstraps)
[2025-03-30T17:00:38.734+0000] {spark_submit.py:645} INFO - 25/03/30 17:00:38 INFO StandaloneSchedulerBackend: Connected to Spark cluster with app ID app-20250330170038-0010
[2025-03-30T17:00:38.734+0000] {spark_submit.py:645} INFO - 25/03/30 17:00:38 INFO Utils: Successfully started service 'org.apache.spark.network.netty.NettyBlockTransferService' on port 39687.
[2025-03-30T17:00:38.735+0000] {spark_submit.py:645} INFO - 25/03/30 17:00:38 INFO NettyBlockTransferService: Server created on 0078b745cbba:39687
[2025-03-30T17:00:38.735+0000] {spark_submit.py:645} INFO - 25/03/30 17:00:38 INFO BlockManager: Using org.apache.spark.storage.RandomBlockReplicationPolicy for block replication policy
[2025-03-30T17:00:38.739+0000] {spark_submit.py:645} INFO - 25/03/30 17:00:38 INFO BlockManagerMaster: Registering BlockManager BlockManagerId(driver, 0078b745cbba, 39687, None)
[2025-03-30T17:00:38.743+0000] {spark_submit.py:645} INFO - 25/03/30 17:00:38 INFO BlockManagerMasterEndpoint: Registering block manager 0078b745cbba:39687 with 434.4 MiB RAM, BlockManagerId(driver, 0078b745cbba, 39687, None)
[2025-03-30T17:00:38.746+0000] {spark_submit.py:645} INFO - 25/03/30 17:00:38 INFO BlockManagerMaster: Registered BlockManager BlockManagerId(driver, 0078b745cbba, 39687, None)
[2025-03-30T17:00:38.747+0000] {spark_submit.py:645} INFO - 25/03/30 17:00:38 INFO BlockManager: Initialized BlockManager: BlockManagerId(driver, 0078b745cbba, 39687, None)
[2025-03-30T17:00:38.796+0000] {spark_submit.py:645} INFO - 25/03/30 17:00:38 INFO StandaloneAppClient$ClientEndpoint: Executor added: app-20250330170038-0010/0 on worker-20250330161211-172.18.0.5-39215 (172.18.0.5:39215) with 1 core(s)
[2025-03-30T17:00:38.797+0000] {spark_submit.py:645} INFO - 25/03/30 17:00:38 INFO StandaloneSchedulerBackend: Granted executor ID app-20250330170038-0010/0 on hostPort 172.18.0.5:39215 with 1 core(s), 512.0 MiB RAM
[2025-03-30T17:00:39.332+0000] {spark_submit.py:645} INFO - 25/03/30 17:00:39 INFO StandaloneAppClient$ClientEndpoint: Executor added: app-20250330170038-0010/1 on worker-20250330161211-172.18.0.5-39215 (172.18.0.5:39215) with 1 core(s)
[2025-03-30T17:00:39.356+0000] {spark_submit.py:645} INFO - 25/03/30 17:00:39 INFO StandaloneSchedulerBackend: Granted executor ID app-20250330170038-0010/1 on hostPort 172.18.0.5:39215 with 1 core(s), 512.0 MiB RAM
[2025-03-30T17:00:39.407+0000] {spark_submit.py:645} INFO - 25/03/30 17:00:39 INFO StandaloneSchedulerBackend: SchedulerBackend is ready for scheduling beginning after reached minRegisteredResourcesRatio: 0.0
[2025-03-30T17:00:39.663+0000] {spark_submit.py:645} INFO - 25/03/30 17:00:39 INFO StandaloneAppClient$ClientEndpoint: Executor added: app-20250330170038-0010/2 on worker-20250330161211-172.18.0.6-45483 (172.18.0.6:45483) with 1 core(s)
[2025-03-30T17:00:39.682+0000] {spark_submit.py:645} INFO - 25/03/30 17:00:39 INFO StandaloneSchedulerBackend: Granted executor ID app-20250330170038-0010/2 on hostPort 172.18.0.6:45483 with 1 core(s), 512.0 MiB RAM
[2025-03-30T17:00:39.683+0000] {spark_submit.py:645} INFO - 25/03/30 17:00:39 INFO StandaloneAppClient$ClientEndpoint: Executor added: app-20250330170038-0010/3 on worker-20250330161211-172.18.0.6-45483 (172.18.0.6:45483) with 1 core(s)
[2025-03-30T17:00:39.684+0000] {spark_submit.py:645} INFO - 25/03/30 17:00:39 INFO StandaloneSchedulerBackend: Granted executor ID app-20250330170038-0010/3 on hostPort 172.18.0.6:45483 with 1 core(s), 512.0 MiB RAM
[2025-03-30T17:00:39.980+0000] {spark_submit.py:645} INFO - 2025-03-30 17:00:39,934 - INFO - Spark Session criada com sucesso
[2025-03-30T17:00:39.988+0000] {spark_submit.py:645} INFO - 2025-03-30 17:00:39,935 - INFO - Leitura iniciada !!!!!!.
[2025-03-30T17:00:39.988+0000] {spark_submit.py:645} INFO - 3.5.5
[2025-03-30T17:00:39.989+0000] {spark_submit.py:645} INFO - 25/03/30 17:00:39 INFO SharedState: Setting hive.metastore.warehouse.dir ('null') to the value of spark.sql.warehouse.dir.
[2025-03-30T17:00:39.989+0000] {spark_submit.py:645} INFO - 25/03/30 17:00:39 INFO SharedState: Warehouse path is 'file:/opt/spark-warehouse'.
[2025-03-30T17:00:40.558+0000] {spark_submit.py:645} INFO - 25/03/30 17:00:40 INFO StandaloneAppClient$ClientEndpoint: Executor updated: app-20250330170038-0010/0 is now RUNNING
[2025-03-30T17:00:40.634+0000] {spark_submit.py:645} INFO - 25/03/30 17:00:40 INFO StandaloneAppClient$ClientEndpoint: Executor updated: app-20250330170038-0010/1 is now RUNNING
[2025-03-30T17:00:42.064+0000] {spark_submit.py:645} INFO - 25/03/30 17:00:42 INFO StandaloneAppClient$ClientEndpoint: Executor updated: app-20250330170038-0010/2 is now RUNNING
[2025-03-30T17:00:42.065+0000] {spark_submit.py:645} INFO - 25/03/30 17:00:42 INFO StandaloneAppClient$ClientEndpoint: Executor updated: app-20250330170038-0010/3 is now RUNNING
[2025-03-30T17:00:42.748+0000] {spark_submit.py:645} INFO - 25/03/30 17:00:42 WARN MetricsConfig: Cannot locate configuration: tried hadoop-metrics2-s3a-file-system.properties,hadoop-metrics2.properties
[2025-03-30T17:00:42.816+0000] {spark_submit.py:645} INFO - 25/03/30 17:00:42 INFO MetricsSystemImpl: Scheduled Metric snapshot period at 10 second(s).
[2025-03-30T17:00:42.817+0000] {spark_submit.py:645} INFO - 25/03/30 17:00:42 INFO MetricsSystemImpl: s3a-file-system metrics system started
[2025-03-30T17:00:47.158+0000] {spark_submit.py:645} INFO - 25/03/30 17:00:47 INFO InMemoryFileIndex: It took 276 ms to list leaf files for 1 paths.
[2025-03-30T17:00:47.562+0000] {spark_submit.py:645} INFO - 25/03/30 17:00:47 INFO MemoryStore: Block broadcast_0 stored as values in memory (estimated size 209.2 KiB, free 434.2 MiB)
[2025-03-30T17:00:47.839+0000] {spark_submit.py:645} INFO - 25/03/30 17:00:47 INFO MemoryStore: Block broadcast_0_piece0 stored as bytes in memory (estimated size 35.4 KiB, free 434.2 MiB)
[2025-03-30T17:00:47.844+0000] {spark_submit.py:645} INFO - 25/03/30 17:00:47 INFO BlockManagerInfo: Added broadcast_0_piece0 in memory on 0078b745cbba:39687 (size: 35.4 KiB, free: 434.4 MiB)
[2025-03-30T17:00:47.880+0000] {spark_submit.py:645} INFO - 25/03/30 17:00:47 INFO SparkContext: Created broadcast 0 from json at NativeMethodAccessorImpl.java:0
[2025-03-30T17:00:48.458+0000] {spark_submit.py:645} INFO - 25/03/30 17:00:48 INFO FileInputFormat: Total input files to process : 1
[2025-03-30T17:00:48.492+0000] {spark_submit.py:645} INFO - 25/03/30 17:00:48 INFO FileInputFormat: Total input files to process : 1
[2025-03-30T17:00:48.553+0000] {spark_submit.py:645} INFO - 25/03/30 17:00:48 INFO SparkContext: Starting job: json at NativeMethodAccessorImpl.java:0
[2025-03-30T17:00:48.595+0000] {spark_submit.py:645} INFO - 25/03/30 17:00:48 INFO DAGScheduler: Got job 0 (json at NativeMethodAccessorImpl.java:0) with 1 output partitions
[2025-03-30T17:00:48.608+0000] {spark_submit.py:645} INFO - 25/03/30 17:00:48 INFO DAGScheduler: Final stage: ResultStage 0 (json at NativeMethodAccessorImpl.java:0)
[2025-03-30T17:00:48.609+0000] {spark_submit.py:645} INFO - 25/03/30 17:00:48 INFO DAGScheduler: Parents of final stage: List()
[2025-03-30T17:00:48.610+0000] {spark_submit.py:645} INFO - 25/03/30 17:00:48 INFO DAGScheduler: Missing parents: List()
[2025-03-30T17:00:48.617+0000] {spark_submit.py:645} INFO - 25/03/30 17:00:48 INFO DAGScheduler: Submitting ResultStage 0 (MapPartitionsRDD[2] at json at NativeMethodAccessorImpl.java:0), which has no missing parents
[2025-03-30T17:00:48.714+0000] {spark_submit.py:645} INFO - 25/03/30 17:00:48 INFO MemoryStore: Block broadcast_1 stored as values in memory (estimated size 9.3 KiB, free 434.2 MiB)
[2025-03-30T17:00:48.757+0000] {spark_submit.py:645} INFO - 25/03/30 17:00:48 INFO MemoryStore: Block broadcast_1_piece0 stored as bytes in memory (estimated size 5.0 KiB, free 434.1 MiB)
[2025-03-30T17:00:48.758+0000] {spark_submit.py:645} INFO - 25/03/30 17:00:48 INFO BlockManagerInfo: Added broadcast_1_piece0 in memory on 0078b745cbba:39687 (size: 5.0 KiB, free: 434.4 MiB)
[2025-03-30T17:00:48.761+0000] {spark_submit.py:645} INFO - 25/03/30 17:00:48 INFO SparkContext: Created broadcast 1 from broadcast at DAGScheduler.scala:1585
[2025-03-30T17:00:48.822+0000] {spark_submit.py:645} INFO - 25/03/30 17:00:48 INFO DAGScheduler: Submitting 1 missing tasks from ResultStage 0 (MapPartitionsRDD[2] at json at NativeMethodAccessorImpl.java:0) (first 15 tasks are for partitions Vector(0))
[2025-03-30T17:00:48.824+0000] {spark_submit.py:645} INFO - 25/03/30 17:00:48 INFO TaskSchedulerImpl: Adding task set 0.0 with 1 tasks resource profile 0
[2025-03-30T17:00:50.673+0000] {spark_submit.py:645} INFO - 25/03/30 17:00:50 INFO StandaloneSchedulerBackend$StandaloneDriverEndpoint: Registered executor NettyRpcEndpointRef(spark-client://Executor) (172.18.0.5:40798) with ID 0,  ResourceProfileId 0
[2025-03-30T17:00:50.939+0000] {spark_submit.py:645} INFO - 25/03/30 17:00:50 INFO BlockManagerMasterEndpoint: Registering block manager 172.18.0.5:37159 with 127.2 MiB RAM, BlockManagerId(0, 172.18.0.5, 37159, None)
[2025-03-30T17:00:50.991+0000] {spark_submit.py:645} INFO - 25/03/30 17:00:50 INFO StandaloneSchedulerBackend$StandaloneDriverEndpoint: Registered executor NettyRpcEndpointRef(spark-client://Executor) (172.18.0.6:37354) with ID 3,  ResourceProfileId 0
[2025-03-30T17:00:51.053+0000] {spark_submit.py:645} INFO - 25/03/30 17:00:51 INFO StandaloneSchedulerBackend$StandaloneDriverEndpoint: Registered executor NettyRpcEndpointRef(spark-client://Executor) (172.18.0.5:40812) with ID 1,  ResourceProfileId 0
[2025-03-30T17:00:51.304+0000] {spark_submit.py:645} INFO - 25/03/30 17:00:51 INFO BlockManagerMasterEndpoint: Registering block manager 172.18.0.6:35339 with 127.2 MiB RAM, BlockManagerId(3, 172.18.0.6, 35339, None)
[2025-03-30T17:00:51.340+0000] {spark_submit.py:645} INFO - 25/03/30 17:00:51 INFO BlockManagerMasterEndpoint: Registering block manager 172.18.0.5:34489 with 127.2 MiB RAM, BlockManagerId(1, 172.18.0.5, 34489, None)
[2025-03-30T17:00:51.744+0000] {spark_submit.py:645} INFO - 25/03/30 17:00:51 INFO StandaloneSchedulerBackend$StandaloneDriverEndpoint: Registered executor NettyRpcEndpointRef(spark-client://Executor) (172.18.0.6:37360) with ID 2,  ResourceProfileId 0
[2025-03-30T17:00:52.407+0000] {spark_submit.py:645} INFO - 25/03/30 17:00:52 INFO BlockManagerMasterEndpoint: Registering block manager 172.18.0.6:43015 with 127.2 MiB RAM, BlockManagerId(2, 172.18.0.6, 43015, None)
[2025-03-30T17:01:37.251+0000] {spark_submit.py:645} INFO - 25/03/30 17:01:37 INFO AsyncEventQueue: Process of event SparkListenerExecutorMetricsUpdate(1,WrappedArray(),Map()) by listener AppStatusListener took 2.272252572s.
[2025-03-30T17:02:24.360+0000] {local_task_job_runner.py:310} WARNING - State of this instance has been externally set to success. Terminating instance.
[2025-03-30T17:02:24.367+0000] {local_task_job_runner.py:222} INFO - ::endgroup::
[2025-03-30T17:02:24.641+0000] {process_utils.py:132} INFO - Sending 15 to group 2494. PIDs of all processes in the group: [2495, 2549, 2494]
[2025-03-30T17:02:24.969+0000] {process_utils.py:87} INFO - Sending the signal 15 to group 2494
[2025-03-30T17:02:24.970+0000] {taskinstance.py:2611} ERROR - Received SIGTERM. Terminating subprocesses.
[2025-03-30T17:02:24.971+0000] {taskinstance.py:441} INFO - ::group::Post task execution logs
[2025-03-30T17:02:25.412+0000] {process_utils.py:80} INFO - Process psutil.Process(pid=2549, status='terminated', started='17:00:36') (2549) terminated with exit code None
[2025-03-30T17:02:25.468+0000] {process_utils.py:80} INFO - Process psutil.Process(pid=2494, status='terminated', exitcode=0, started='17:00:33') (2494) terminated with exit code 0
[2025-03-30T17:02:34.110+0000] {process_utils.py:80} INFO - Process psutil.Process(pid=2495, status='terminated', started='17:00:33') (2495) terminated with exit code None
