[2025-03-26T19:13:34.549+0000] {local_task_job_runner.py:120} INFO - ::group::Pre task execution logs
[2025-03-26T19:13:34.584+0000] {taskinstance.py:2076} INFO - Dependencies all met for dep_context=non-requeueable deps ti=<TaskInstance: etl_pipeline.transformation manual__2025-03-26T13:33:39.761724+00:00 [queued]>
[2025-03-26T19:13:34.594+0000] {taskinstance.py:2076} INFO - Dependencies all met for dep_context=requeueable deps ti=<TaskInstance: etl_pipeline.transformation manual__2025-03-26T13:33:39.761724+00:00 [queued]>
[2025-03-26T19:13:34.594+0000] {taskinstance.py:2306} INFO - Starting attempt 23 of 24
[2025-03-26T19:13:34.635+0000] {taskinstance.py:2330} INFO - Executing <Task(PythonOperator): transformation> on 2025-03-26 13:33:39.761724+00:00
[2025-03-26T19:13:34.641+0000] {standard_task_runner.py:63} INFO - Started process 1074 to run task
[2025-03-26T19:13:34.644+0000] {standard_task_runner.py:90} INFO - Running: ['***', 'tasks', 'run', 'etl_pipeline', 'transformation', 'manual__2025-03-26T13:33:39.761724+00:00', '--job-id', '28', '--raw', '--subdir', 'DAGS_FOLDER/etl_pipeline.py', '--cfg-path', '/tmp/tmp9rcn1_5w']
[2025-03-26T19:13:34.648+0000] {standard_task_runner.py:91} INFO - Job 28: Subtask transformation
[2025-03-26T19:13:34.749+0000] {task_command.py:426} INFO - Running <TaskInstance: etl_pipeline.transformation manual__2025-03-26T13:33:39.761724+00:00 [running]> on host 53e3672f02f0
[2025-03-26T19:13:34.893+0000] {taskinstance.py:2648} INFO - Exporting env vars: AIRFLOW_CTX_DAG_OWNER='lobobranco' AIRFLOW_CTX_DAG_ID='etl_pipeline' AIRFLOW_CTX_TASK_ID='transformation' AIRFLOW_CTX_EXECUTION_DATE='2025-03-26T13:33:39.761724+00:00' AIRFLOW_CTX_TRY_NUMBER='23' AIRFLOW_CTX_DAG_RUN_ID='manual__2025-03-26T13:33:39.761724+00:00'
[2025-03-26T19:13:34.895+0000] {taskinstance.py:430} INFO - ::endgroup::
[2025-03-26T19:13:34.939+0000] {etl_pipeline.py:76} INFO - Transforming data from file: s3://raw/playlist_20250326_133348.json
[2025-03-26T19:13:34.940+0000] {logging_mixin.py:188} INFO - File Path: s3://raw/playlist_20250326_133348.json
[2025-03-26T19:13:34.940+0000] {logging_mixin.py:188} INFO - Processed Bucket: processed
[2025-03-26T19:13:34.943+0000] {baseoperator.py:400} WARNING - SparkSubmitOperator.execute cannot be called outside TaskInstance!
[2025-03-26T19:13:34.957+0000] {base.py:84} INFO - Using connection ID 'spark_default' for task execution.
[2025-03-26T19:13:34.959+0000] {spark_submit.py:328} ERROR - Failed to decode base64 keytab: Incorrect padding
[2025-03-26T19:13:34.960+0000] {spark_submit.py:305} INFO - Could not load connection string spark_default, defaulting to spark://spark-master:7077
[2025-03-26T19:13:34.961+0000] {spark_submit.py:474} INFO - Spark-Submit cmd: spark-submit --master spark://spark-master:7077 --conf spark.executor.memory=2g --conf spark.executor.cores=2 --conf spark.jars=/opt/spark_job/jars/aws-java-sdk-bundle-1.12.262.jar,/opt/spark_job/jars/hadoop-aws-3.3.4.jar --conf spark.hadoop.fs.s3a.endpoint=http://minio:9000 --conf spark.hadoop.fs.s3a.access.key=admin --conf spark.hadoop.fs.s3a.secret.key=****** --conf spark.hadoop.fs.s3a.impl=org.apache.hadoop.fs.s3a.S3AFileSystem --conf spark.hadoop.fs.s3a.path.style.access=true --principal *** --name arrow-spark --verbose --deploy-mode client /opt/spark_job/data_transformation.py s3://raw/playlist_20250326_133348.json processed
[2025-03-26T19:13:35.057+0000] {spark_submit.py:645} INFO - /home/***/.local/lib/python3.11/site-packages/pyspark/bin/load-spark-env.sh: line 68: ps: command not found
[2025-03-26T19:13:36.399+0000] {spark_submit.py:645} INFO - Using properties file: null
[2025-03-26T19:13:36.542+0000] {spark_submit.py:645} INFO - Parsed arguments:
[2025-03-26T19:13:36.543+0000] {spark_submit.py:645} INFO - master                  spark://spark-master:7077
[2025-03-26T19:13:36.543+0000] {spark_submit.py:645} INFO - remote                  null
[2025-03-26T19:13:36.544+0000] {spark_submit.py:645} INFO - deployMode              client
[2025-03-26T19:13:36.544+0000] {spark_submit.py:645} INFO - executorMemory          2g
[2025-03-26T19:13:36.544+0000] {spark_submit.py:645} INFO - executorCores           2
[2025-03-26T19:13:36.545+0000] {spark_submit.py:645} INFO - totalExecutorCores      null
[2025-03-26T19:13:36.545+0000] {spark_submit.py:645} INFO - propertiesFile          null
[2025-03-26T19:13:36.545+0000] {spark_submit.py:645} INFO - driverMemory            null
[2025-03-26T19:13:36.546+0000] {spark_submit.py:645} INFO - driverCores             null
[2025-03-26T19:13:36.546+0000] {spark_submit.py:645} INFO - driverExtraClassPath    null
[2025-03-26T19:13:36.547+0000] {spark_submit.py:645} INFO - driverExtraLibraryPath  null
[2025-03-26T19:13:36.547+0000] {spark_submit.py:645} INFO - driverExtraJavaOptions  null
[2025-03-26T19:13:36.547+0000] {spark_submit.py:645} INFO - supervise               false
[2025-03-26T19:13:36.548+0000] {spark_submit.py:645} INFO - queue                   null
[2025-03-26T19:13:36.548+0000] {spark_submit.py:645} INFO - numExecutors            null
[2025-03-26T19:13:36.548+0000] {spark_submit.py:645} INFO - files                   null
[2025-03-26T19:13:36.549+0000] {spark_submit.py:645} INFO - pyFiles                 null
[2025-03-26T19:13:36.556+0000] {spark_submit.py:645} INFO - archives                null
[2025-03-26T19:13:36.557+0000] {spark_submit.py:645} INFO - mainClass               null
[2025-03-26T19:13:36.558+0000] {spark_submit.py:645} INFO - primaryResource         file:/opt/spark_job/data_transformation.py
[2025-03-26T19:13:36.558+0000] {spark_submit.py:645} INFO - name                    arrow-spark
[2025-03-26T19:13:36.559+0000] {spark_submit.py:645} INFO - childArgs               [s3://raw/playlist_20250326_133348.json processed]
[2025-03-26T19:13:36.559+0000] {spark_submit.py:645} INFO - jars                    /opt/spark_job/jars/aws-java-sdk-bundle-1.12.262.jar,/opt/spark_job/jars/hadoop-aws-3.3.4.jar
[2025-03-26T19:13:36.559+0000] {spark_submit.py:645} INFO - packages                null
[2025-03-26T19:13:36.560+0000] {spark_submit.py:645} INFO - packagesExclusions      null
[2025-03-26T19:13:36.564+0000] {spark_submit.py:645} INFO - repositories            null
[2025-03-26T19:13:36.565+0000] {spark_submit.py:645} INFO - verbose                 true
[2025-03-26T19:13:36.565+0000] {spark_submit.py:645} INFO - 
[2025-03-26T19:13:36.567+0000] {spark_submit.py:645} INFO - Spark properties used, including those specified through
[2025-03-26T19:13:36.568+0000] {spark_submit.py:645} INFO - --conf and those from the properties file null:
[2025-03-26T19:13:36.568+0000] {spark_submit.py:645} INFO - (spark.executor.cores,2)
[2025-03-26T19:13:36.568+0000] {spark_submit.py:645} INFO - (spark.executor.memory,2g)
[2025-03-26T19:13:36.569+0000] {spark_submit.py:645} INFO - (spark.hadoop.fs.s3a.access.key,*********(redacted))
[2025-03-26T19:13:36.569+0000] {spark_submit.py:645} INFO - (spark.hadoop.fs.s3a.endpoint,http://minio:9000)
[2025-03-26T19:13:36.570+0000] {spark_submit.py:645} INFO - (spark.hadoop.fs.s3a.impl,org.apache.hadoop.fs.s3a.S3AFileSystem)
[2025-03-26T19:13:36.570+0000] {spark_submit.py:645} INFO - (spark.hadoop.fs.s3a.path.style.access,true)
[2025-03-26T19:13:36.570+0000] {spark_submit.py:645} INFO - (spark.hadoop.fs.s3a.secret.key,*********(redacted))
[2025-03-26T19:13:36.571+0000] {spark_submit.py:645} INFO - (spark.jars,/opt/spark_job/jars/aws-java-sdk-bundle-1.12.262.jar,/opt/spark_job/jars/hadoop-aws-3.3.4.jar)
[2025-03-26T19:13:36.572+0000] {spark_submit.py:645} INFO - 
[2025-03-26T19:13:36.572+0000] {spark_submit.py:645} INFO - 
[2025-03-26T19:13:36.854+0000] {spark_submit.py:645} INFO - 25/03/26 19:13:36 WARN NativeCodeLoader: Unable to load native-hadoop library for your platform... using builtin-java classes where applicable
[2025-03-26T19:13:37.058+0000] {spark_submit.py:645} INFO - Main class:
[2025-03-26T19:13:37.058+0000] {spark_submit.py:645} INFO - org.apache.spark.deploy.PythonRunner
[2025-03-26T19:13:37.059+0000] {spark_submit.py:645} INFO - Arguments:
[2025-03-26T19:13:37.060+0000] {spark_submit.py:645} INFO - file:/opt/spark_job/data_transformation.py
[2025-03-26T19:13:37.060+0000] {spark_submit.py:645} INFO - null
[2025-03-26T19:13:37.060+0000] {spark_submit.py:645} INFO - s3://raw/playlist_20250326_133348.json
[2025-03-26T19:13:37.061+0000] {spark_submit.py:645} INFO - processed
[2025-03-26T19:13:37.061+0000] {spark_submit.py:645} INFO - Spark config:
[2025-03-26T19:13:37.062+0000] {spark_submit.py:645} INFO - (spark.app.name,arrow-spark)
[2025-03-26T19:13:37.062+0000] {spark_submit.py:645} INFO - (spark.app.submitTime,1743016417040)
[2025-03-26T19:13:37.062+0000] {spark_submit.py:645} INFO - (spark.executor.cores,2)
[2025-03-26T19:13:37.063+0000] {spark_submit.py:645} INFO - (spark.executor.memory,2g)
[2025-03-26T19:13:37.063+0000] {spark_submit.py:645} INFO - (spark.hadoop.fs.s3a.access.key,*********(redacted))
[2025-03-26T19:13:37.064+0000] {spark_submit.py:645} INFO - (spark.hadoop.fs.s3a.endpoint,http://minio:9000)
[2025-03-26T19:13:37.064+0000] {spark_submit.py:645} INFO - (spark.hadoop.fs.s3a.impl,org.apache.hadoop.fs.s3a.S3AFileSystem)
[2025-03-26T19:13:37.065+0000] {spark_submit.py:645} INFO - (spark.hadoop.fs.s3a.path.style.access,true)
[2025-03-26T19:13:37.066+0000] {spark_submit.py:645} INFO - (spark.hadoop.fs.s3a.secret.key,*********(redacted))
[2025-03-26T19:13:37.066+0000] {spark_submit.py:645} INFO - (spark.jars,file:///opt/spark_job/jars/aws-java-sdk-bundle-1.12.262.jar,file:///opt/spark_job/jars/hadoop-aws-3.3.4.jar)
[2025-03-26T19:13:37.067+0000] {spark_submit.py:645} INFO - (spark.kerberos.principal,***)
[2025-03-26T19:13:37.067+0000] {spark_submit.py:645} INFO - (spark.master,spark://spark-master:7077)
[2025-03-26T19:13:37.067+0000] {spark_submit.py:645} INFO - (spark.repl.local.jars,file:///opt/spark_job/jars/aws-java-sdk-bundle-1.12.262.jar,file:///opt/spark_job/jars/hadoop-aws-3.3.4.jar)
[2025-03-26T19:13:37.068+0000] {spark_submit.py:645} INFO - (spark.submit.deployMode,client)
[2025-03-26T19:13:37.068+0000] {spark_submit.py:645} INFO - (spark.submit.pyFiles,)
[2025-03-26T19:13:37.068+0000] {spark_submit.py:645} INFO - Classpath elements:
[2025-03-26T19:13:37.069+0000] {spark_submit.py:645} INFO - file:///opt/spark_job/jars/aws-java-sdk-bundle-1.12.262.jar
[2025-03-26T19:13:37.069+0000] {spark_submit.py:645} INFO - file:///opt/spark_job/jars/hadoop-aws-3.3.4.jar
[2025-03-26T19:13:37.069+0000] {spark_submit.py:645} INFO - 
[2025-03-26T19:13:37.070+0000] {spark_submit.py:645} INFO - 
[2025-03-26T19:13:38.191+0000] {spark_submit.py:645} INFO - 2025-03-26 19:13:38,191 - INFO - Iniciando a configuração da Spark Session
[2025-03-26T19:13:38.662+0000] {spark_submit.py:645} INFO - 25/03/26 19:13:38 INFO SparkContext: Running Spark version 3.5.5
[2025-03-26T19:13:38.663+0000] {spark_submit.py:645} INFO - 25/03/26 19:13:38 INFO SparkContext: OS info Linux, 5.15.153.1-microsoft-standard-WSL2, amd64
[2025-03-26T19:13:38.663+0000] {spark_submit.py:645} INFO - 25/03/26 19:13:38 INFO SparkContext: Java version 17.0.14
[2025-03-26T19:13:38.691+0000] {spark_submit.py:645} INFO - 25/03/26 19:13:38 INFO ResourceUtils: ==============================================================
[2025-03-26T19:13:38.692+0000] {spark_submit.py:645} INFO - 25/03/26 19:13:38 INFO ResourceUtils: No custom resources configured for spark.driver.
[2025-03-26T19:13:38.692+0000] {spark_submit.py:645} INFO - 25/03/26 19:13:38 INFO ResourceUtils: ==============================================================
[2025-03-26T19:13:38.693+0000] {spark_submit.py:645} INFO - 25/03/26 19:13:38 INFO SparkContext: Submitted application: Minio Integration with PySpark
[2025-03-26T19:13:38.713+0000] {spark_submit.py:645} INFO - 25/03/26 19:13:38 INFO ResourceProfile: Default ResourceProfile created, executor resources: Map(cores -> name: cores, amount: 2, script: , vendor: , memory -> name: memory, amount: 2048, script: , vendor: , offHeap -> name: offHeap, amount: 0, script: , vendor: ), task resources: Map(cpus -> name: cpus, amount: 1.0)
[2025-03-26T19:13:38.724+0000] {spark_submit.py:645} INFO - 25/03/26 19:13:38 INFO ResourceProfile: Limiting resource is cpus at 2 tasks per executor
[2025-03-26T19:13:38.726+0000] {spark_submit.py:645} INFO - 25/03/26 19:13:38 INFO ResourceProfileManager: Added ResourceProfile id: 0
[2025-03-26T19:13:38.773+0000] {spark_submit.py:645} INFO - 25/03/26 19:13:38 INFO SecurityManager: Changing view acls to: ***
[2025-03-26T19:13:38.774+0000] {spark_submit.py:645} INFO - 25/03/26 19:13:38 INFO SecurityManager: Changing modify acls to: ***
[2025-03-26T19:13:38.774+0000] {spark_submit.py:645} INFO - 25/03/26 19:13:38 INFO SecurityManager: Changing view acls groups to:
[2025-03-26T19:13:38.775+0000] {spark_submit.py:645} INFO - 25/03/26 19:13:38 INFO SecurityManager: Changing modify acls groups to:
[2025-03-26T19:13:38.775+0000] {spark_submit.py:645} INFO - 25/03/26 19:13:38 INFO SecurityManager: SecurityManager: authentication disabled; ui acls disabled; users with view permissions: ***; groups with view permissions: EMPTY; users with modify permissions: ***; groups with modify permissions: EMPTY
[2025-03-26T19:13:39.005+0000] {spark_submit.py:645} INFO - 25/03/26 19:13:39 INFO Utils: Successfully started service 'sparkDriver' on port 40175.
[2025-03-26T19:13:39.056+0000] {spark_submit.py:645} INFO - 25/03/26 19:13:39 INFO SparkEnv: Registering MapOutputTracker
[2025-03-26T19:13:39.090+0000] {spark_submit.py:645} INFO - 25/03/26 19:13:39 INFO SparkEnv: Registering BlockManagerMaster
[2025-03-26T19:13:39.109+0000] {spark_submit.py:645} INFO - 25/03/26 19:13:39 INFO BlockManagerMasterEndpoint: Using org.apache.spark.storage.DefaultTopologyMapper for getting topology information
[2025-03-26T19:13:39.113+0000] {spark_submit.py:645} INFO - 25/03/26 19:13:39 INFO BlockManagerMasterEndpoint: BlockManagerMasterEndpoint up
[2025-03-26T19:13:39.119+0000] {spark_submit.py:645} INFO - 25/03/26 19:13:39 INFO SparkEnv: Registering BlockManagerMasterHeartbeat
[2025-03-26T19:13:39.142+0000] {spark_submit.py:645} INFO - 25/03/26 19:13:39 INFO DiskBlockManager: Created local directory at /tmp/blockmgr-45881b9e-49e2-4c87-9894-6af045060c6f
[2025-03-26T19:13:39.157+0000] {spark_submit.py:645} INFO - 25/03/26 19:13:39 INFO MemoryStore: MemoryStore started with capacity 434.4 MiB
[2025-03-26T19:13:39.172+0000] {spark_submit.py:645} INFO - 25/03/26 19:13:39 INFO SparkEnv: Registering OutputCommitCoordinator
[2025-03-26T19:13:39.300+0000] {spark_submit.py:645} INFO - 25/03/26 19:13:39 INFO JettyUtils: Start Jetty 0.0.0.0:4040 for SparkUI
[2025-03-26T19:13:39.369+0000] {spark_submit.py:645} INFO - 25/03/26 19:13:39 INFO Utils: Successfully started service 'SparkUI' on port 4040.
[2025-03-26T19:13:39.407+0000] {spark_submit.py:645} INFO - 25/03/26 19:13:39 INFO SparkContext: Added JAR file:///opt/spark_job/jars/aws-java-sdk-bundle-1.12.262.jar at spark://53e3672f02f0:40175/jars/aws-java-sdk-bundle-1.12.262.jar with timestamp 1743016418655
[2025-03-26T19:13:39.408+0000] {spark_submit.py:645} INFO - 25/03/26 19:13:39 INFO SparkContext: Added JAR file:///opt/spark_job/jars/hadoop-aws-3.3.4.jar at spark://53e3672f02f0:40175/jars/hadoop-aws-3.3.4.jar with timestamp 1743016418655
[2025-03-26T19:13:39.506+0000] {spark_submit.py:645} INFO - 25/03/26 19:13:39 INFO StandaloneAppClient$ClientEndpoint: Connecting to master spark://spark-master:7077...
[2025-03-26T19:13:39.574+0000] {spark_submit.py:645} INFO - 25/03/26 19:13:39 INFO TransportClientFactory: Successfully created connection to spark-master/172.18.0.7:7077 after 41 ms (0 ms spent in bootstraps)
[2025-03-26T19:13:39.680+0000] {spark_submit.py:645} INFO - 25/03/26 19:13:39 INFO StandaloneSchedulerBackend: Connected to Spark cluster with app ID app-20250326191339-0001
[2025-03-26T19:13:39.697+0000] {spark_submit.py:645} INFO - 25/03/26 19:13:39 INFO Utils: Successfully started service 'org.apache.spark.network.netty.NettyBlockTransferService' on port 46243.
[2025-03-26T19:13:39.698+0000] {spark_submit.py:645} INFO - 25/03/26 19:13:39 INFO NettyBlockTransferService: Server created on 53e3672f02f0:46243
[2025-03-26T19:13:39.700+0000] {spark_submit.py:645} INFO - 25/03/26 19:13:39 INFO BlockManager: Using org.apache.spark.storage.RandomBlockReplicationPolicy for block replication policy
[2025-03-26T19:13:39.710+0000] {spark_submit.py:645} INFO - 25/03/26 19:13:39 INFO BlockManagerMaster: Registering BlockManager BlockManagerId(driver, 53e3672f02f0, 46243, None)
[2025-03-26T19:13:39.713+0000] {spark_submit.py:645} INFO - 25/03/26 19:13:39 INFO BlockManagerMasterEndpoint: Registering block manager 53e3672f02f0:46243 with 434.4 MiB RAM, BlockManagerId(driver, 53e3672f02f0, 46243, None)
[2025-03-26T19:13:39.716+0000] {spark_submit.py:645} INFO - 25/03/26 19:13:39 INFO BlockManagerMaster: Registered BlockManager BlockManagerId(driver, 53e3672f02f0, 46243, None)
[2025-03-26T19:13:39.717+0000] {spark_submit.py:645} INFO - 25/03/26 19:13:39 INFO BlockManager: Initialized BlockManager: BlockManagerId(driver, 53e3672f02f0, 46243, None)
[2025-03-26T19:13:39.898+0000] {spark_submit.py:645} INFO - 25/03/26 19:13:39 INFO StandaloneSchedulerBackend: SchedulerBackend is ready for scheduling beginning after reached minRegisteredResourcesRatio: 0.0
[2025-03-26T19:13:40.061+0000] {spark_submit.py:645} INFO - 2025-03-26 19:13:40,061 - INFO - Spark Session criada com sucesso
[2025-03-26T19:13:40.068+0000] {spark_submit.py:645} INFO - 25/03/26 19:13:40 INFO SharedState: Setting hive.metastore.warehouse.dir ('null') to the value of spark.sql.warehouse.dir.
[2025-03-26T19:13:40.073+0000] {spark_submit.py:645} INFO - 25/03/26 19:13:40 INFO SharedState: Warehouse path is 'file:/opt/spark-warehouse'.
[2025-03-26T19:13:40.906+0000] {spark_submit.py:645} INFO - 25/03/26 19:13:40 WARN MetricsConfig: Cannot locate configuration: tried hadoop-metrics2-s3a-file-system.properties,hadoop-metrics2.properties
[2025-03-26T19:13:40.918+0000] {spark_submit.py:645} INFO - 25/03/26 19:13:40 INFO MetricsSystemImpl: Scheduled Metric snapshot period at 10 second(s).
[2025-03-26T19:13:40.919+0000] {spark_submit.py:645} INFO - 25/03/26 19:13:40 INFO MetricsSystemImpl: s3a-file-system metrics system started
[2025-03-26T19:13:42.719+0000] {spark_submit.py:645} INFO - 25/03/26 19:13:42 INFO InMemoryFileIndex: It took 77 ms to list leaf files for 1 paths.
[2025-03-26T19:13:42.859+0000] {spark_submit.py:645} INFO - 25/03/26 19:13:42 INFO MemoryStore: Block broadcast_0 stored as values in memory (estimated size 209.2 KiB, free 434.2 MiB)
[2025-03-26T19:13:42.911+0000] {spark_submit.py:645} INFO - 25/03/26 19:13:42 INFO MemoryStore: Block broadcast_0_piece0 stored as bytes in memory (estimated size 35.4 KiB, free 434.2 MiB)
[2025-03-26T19:13:42.914+0000] {spark_submit.py:645} INFO - 25/03/26 19:13:42 INFO BlockManagerInfo: Added broadcast_0_piece0 in memory on 53e3672f02f0:46243 (size: 35.4 KiB, free: 434.4 MiB)
[2025-03-26T19:13:42.919+0000] {spark_submit.py:645} INFO - 25/03/26 19:13:42 INFO SparkContext: Created broadcast 0 from json at NativeMethodAccessorImpl.java:0
[2025-03-26T19:13:43.232+0000] {spark_submit.py:645} INFO - 25/03/26 19:13:43 INFO FileInputFormat: Total input files to process : 1
[2025-03-26T19:13:43.241+0000] {spark_submit.py:645} INFO - 25/03/26 19:13:43 INFO FileInputFormat: Total input files to process : 1
[2025-03-26T19:13:43.255+0000] {spark_submit.py:645} INFO - 25/03/26 19:13:43 INFO SparkContext: Starting job: json at NativeMethodAccessorImpl.java:0
[2025-03-26T19:13:43.270+0000] {spark_submit.py:645} INFO - 25/03/26 19:13:43 INFO DAGScheduler: Got job 0 (json at NativeMethodAccessorImpl.java:0) with 1 output partitions
[2025-03-26T19:13:43.271+0000] {spark_submit.py:645} INFO - 25/03/26 19:13:43 INFO DAGScheduler: Final stage: ResultStage 0 (json at NativeMethodAccessorImpl.java:0)
[2025-03-26T19:13:43.271+0000] {spark_submit.py:645} INFO - 25/03/26 19:13:43 INFO DAGScheduler: Parents of final stage: List()
[2025-03-26T19:13:43.272+0000] {spark_submit.py:645} INFO - 25/03/26 19:13:43 INFO DAGScheduler: Missing parents: List()
[2025-03-26T19:13:43.278+0000] {spark_submit.py:645} INFO - 25/03/26 19:13:43 INFO DAGScheduler: Submitting ResultStage 0 (MapPartitionsRDD[2] at json at NativeMethodAccessorImpl.java:0), which has no missing parents
[2025-03-26T19:13:43.323+0000] {spark_submit.py:645} INFO - 25/03/26 19:13:43 INFO MemoryStore: Block broadcast_1 stored as values in memory (estimated size 9.3 KiB, free 434.2 MiB)
[2025-03-26T19:13:43.326+0000] {spark_submit.py:645} INFO - 25/03/26 19:13:43 INFO MemoryStore: Block broadcast_1_piece0 stored as bytes in memory (estimated size 5.0 KiB, free 434.1 MiB)
[2025-03-26T19:13:43.327+0000] {spark_submit.py:645} INFO - 25/03/26 19:13:43 INFO BlockManagerInfo: Added broadcast_1_piece0 in memory on 53e3672f02f0:46243 (size: 5.0 KiB, free: 434.4 MiB)
[2025-03-26T19:13:43.328+0000] {spark_submit.py:645} INFO - 25/03/26 19:13:43 INFO SparkContext: Created broadcast 1 from broadcast at DAGScheduler.scala:1585
[2025-03-26T19:13:43.345+0000] {spark_submit.py:645} INFO - 25/03/26 19:13:43 INFO DAGScheduler: Submitting 1 missing tasks from ResultStage 0 (MapPartitionsRDD[2] at json at NativeMethodAccessorImpl.java:0) (first 15 tasks are for partitions Vector(0))
[2025-03-26T19:13:43.346+0000] {spark_submit.py:645} INFO - 25/03/26 19:13:43 INFO TaskSchedulerImpl: Adding task set 0.0 with 1 tasks resource profile 0
[2025-03-26T19:13:58.358+0000] {spark_submit.py:645} INFO - 25/03/26 19:13:58 WARN TaskSchedulerImpl: Initial job has not accepted any resources; check your cluster UI to ensure that workers are registered and have sufficient resources
[2025-03-26T19:14:13.357+0000] {spark_submit.py:645} INFO - 25/03/26 19:14:13 WARN TaskSchedulerImpl: Initial job has not accepted any resources; check your cluster UI to ensure that workers are registered and have sufficient resources
[2025-03-26T19:14:28.356+0000] {spark_submit.py:645} INFO - 25/03/26 19:14:28 WARN TaskSchedulerImpl: Initial job has not accepted any resources; check your cluster UI to ensure that workers are registered and have sufficient resources
[2025-03-26T19:14:43.357+0000] {spark_submit.py:645} INFO - 25/03/26 19:14:43 WARN TaskSchedulerImpl: Initial job has not accepted any resources; check your cluster UI to ensure that workers are registered and have sufficient resources
[2025-03-26T19:14:58.356+0000] {spark_submit.py:645} INFO - 25/03/26 19:14:58 WARN TaskSchedulerImpl: Initial job has not accepted any resources; check your cluster UI to ensure that workers are registered and have sufficient resources
[2025-03-26T19:15:13.357+0000] {spark_submit.py:645} INFO - 25/03/26 19:15:13 WARN TaskSchedulerImpl: Initial job has not accepted any resources; check your cluster UI to ensure that workers are registered and have sufficient resources
[2025-03-26T19:15:28.357+0000] {spark_submit.py:645} INFO - 25/03/26 19:15:28 WARN TaskSchedulerImpl: Initial job has not accepted any resources; check your cluster UI to ensure that workers are registered and have sufficient resources
[2025-03-26T19:15:43.357+0000] {spark_submit.py:645} INFO - 25/03/26 19:15:43 WARN TaskSchedulerImpl: Initial job has not accepted any resources; check your cluster UI to ensure that workers are registered and have sufficient resources
[2025-03-26T19:15:58.356+0000] {spark_submit.py:645} INFO - 25/03/26 19:15:58 WARN TaskSchedulerImpl: Initial job has not accepted any resources; check your cluster UI to ensure that workers are registered and have sufficient resources
[2025-03-26T19:16:13.357+0000] {spark_submit.py:645} INFO - 25/03/26 19:16:13 WARN TaskSchedulerImpl: Initial job has not accepted any resources; check your cluster UI to ensure that workers are registered and have sufficient resources
[2025-03-26T19:16:28.356+0000] {spark_submit.py:645} INFO - 25/03/26 19:16:28 WARN TaskSchedulerImpl: Initial job has not accepted any resources; check your cluster UI to ensure that workers are registered and have sufficient resources
[2025-03-26T19:16:43.357+0000] {spark_submit.py:645} INFO - 25/03/26 19:16:43 WARN TaskSchedulerImpl: Initial job has not accepted any resources; check your cluster UI to ensure that workers are registered and have sufficient resources
[2025-03-26T19:16:58.356+0000] {spark_submit.py:645} INFO - 25/03/26 19:16:58 WARN TaskSchedulerImpl: Initial job has not accepted any resources; check your cluster UI to ensure that workers are registered and have sufficient resources
[2025-03-26T19:17:13.356+0000] {spark_submit.py:645} INFO - 25/03/26 19:17:13 WARN TaskSchedulerImpl: Initial job has not accepted any resources; check your cluster UI to ensure that workers are registered and have sufficient resources
[2025-03-26T19:17:28.357+0000] {spark_submit.py:645} INFO - 25/03/26 19:17:28 WARN TaskSchedulerImpl: Initial job has not accepted any resources; check your cluster UI to ensure that workers are registered and have sufficient resources
[2025-03-26T19:17:43.356+0000] {spark_submit.py:645} INFO - 25/03/26 19:17:43 WARN TaskSchedulerImpl: Initial job has not accepted any resources; check your cluster UI to ensure that workers are registered and have sufficient resources
[2025-03-26T19:17:49.298+0000] {local_task_job_runner.py:310} WARNING - State of this instance has been externally set to restarting. Terminating instance.
[2025-03-26T19:17:49.298+0000] {local_task_job_runner.py:222} INFO - ::endgroup::
[2025-03-26T19:17:49.300+0000] {process_utils.py:132} INFO - Sending 15 to group 1074. PIDs of all processes in the group: [1075, 1130, 1074]
[2025-03-26T19:17:49.301+0000] {process_utils.py:87} INFO - Sending the signal 15 to group 1074
[2025-03-26T19:17:49.301+0000] {taskinstance.py:2611} ERROR - Received SIGTERM. Terminating subprocesses.
[2025-03-26T19:17:49.302+0000] {taskinstance.py:441} INFO - ::group::Post task execution logs
[2025-03-26T19:17:49.317+0000] {taskinstance.py:2905} ERROR - Task failed with exception
Traceback (most recent call last):
  File "/home/airflow/.local/lib/python3.11/site-packages/airflow/models/taskinstance.py", line 465, in _execute_task
    result = _execute_callable(context=context, **execute_callable_kwargs)
             ^^^^^^^^^^^^^^^^^^^^^^^^^^^^^^^^^^^^^^^^^^^^^^^^^^^^^^^^^^^^^
  File "/home/airflow/.local/lib/python3.11/site-packages/airflow/models/taskinstance.py", line 432, in _execute_callable
    return execute_callable(context=context, **execute_callable_kwargs)
           ^^^^^^^^^^^^^^^^^^^^^^^^^^^^^^^^^^^^^^^^^^^^^^^^^^^^^^^^^^^^
  File "/home/airflow/.local/lib/python3.11/site-packages/airflow/models/baseoperator.py", line 401, in wrapper
    return func(self, *args, **kwargs)
           ^^^^^^^^^^^^^^^^^^^^^^^^^^^
  File "/home/airflow/.local/lib/python3.11/site-packages/airflow/operators/python.py", line 235, in execute
    return_value = self.execute_callable()
                   ^^^^^^^^^^^^^^^^^^^^^^^
  File "/home/airflow/.local/lib/python3.11/site-packages/airflow/operators/python.py", line 252, in execute_callable
    return self.python_callable(*self.op_args, **self.op_kwargs)
           ^^^^^^^^^^^^^^^^^^^^^^^^^^^^^^^^^^^^^^^^^^^^^^^^^^^^^
  File "/opt/airflow/dags/etl_pipeline.py", line 97, in spark_dtransformation
    ).execute(kwargs)
      ^^^^^^^^^^^^^^^
  File "/home/airflow/.local/lib/python3.11/site-packages/airflow/models/baseoperator.py", line 401, in wrapper
    return func(self, *args, **kwargs)
           ^^^^^^^^^^^^^^^^^^^^^^^^^^^
  File "/home/airflow/.local/lib/python3.11/site-packages/airflow/providers/apache/spark/operators/spark_submit.py", line 177, in execute
    self._hook.submit(self.application)
  File "/home/airflow/.local/lib/python3.11/site-packages/airflow/providers/apache/spark/hooks/spark_submit.py", line 555, in submit
    self._process_spark_submit_log(iter(self._submit_sp.stdout))  # type: ignore
    ^^^^^^^^^^^^^^^^^^^^^^^^^^^^^^^^^^^^^^^^^^^^^^^^^^^^^^^^^^^^
  File "/home/airflow/.local/lib/python3.11/site-packages/airflow/providers/apache/spark/hooks/spark_submit.py", line 604, in _process_spark_submit_log
    for line in itr:
  File "/home/airflow/.local/lib/python3.11/site-packages/airflow/models/taskinstance.py", line 2613, in signal_handler
    raise AirflowTaskTerminated("Task received SIGTERM signal")
airflow.exceptions.AirflowTaskTerminated: Task received SIGTERM signal
[2025-03-26T19:17:49.328+0000] {taskinstance.py:1206} INFO - Marking task as UP_FOR_RETRY. dag_id=etl_pipeline, task_id=transformation, run_id=manual__2025-03-26T13:33:39.761724+00:00, execution_date=20250326T133339, start_date=20250326T191334, end_date=20250326T191749
[2025-03-26T19:17:49.395+0000] {process_utils.py:80} INFO - Process psutil.Process(pid=1074, status='terminated', exitcode=2, started='19:13:34') (1074) terminated with exit code 2
[2025-03-26T19:17:49.396+0000] {process_utils.py:80} INFO - Process psutil.Process(pid=1130, status='terminated', started='19:13:36') (1130) terminated with exit code None
[2025-03-26T19:17:49.489+0000] {process_utils.py:80} INFO - Process psutil.Process(pid=1075, status='terminated', started='19:13:34') (1075) terminated with exit code None
