[2025-03-26T13:42:06.414+0000] {local_task_job_runner.py:120} INFO - ::group::Pre task execution logs
[2025-03-26T13:42:06.450+0000] {taskinstance.py:2076} INFO - Dependencies all met for dep_context=non-requeueable deps ti=<TaskInstance: etl_pipeline.transformation manual__2025-03-26T13:33:39.761724+00:00 [queued]>
[2025-03-26T13:42:06.460+0000] {taskinstance.py:2076} INFO - Dependencies all met for dep_context=requeueable deps ti=<TaskInstance: etl_pipeline.transformation manual__2025-03-26T13:33:39.761724+00:00 [queued]>
[2025-03-26T13:42:06.461+0000] {taskinstance.py:2306} INFO - Starting attempt 3 of 4
[2025-03-26T13:42:06.524+0000] {taskinstance.py:2330} INFO - Executing <Task(PythonOperator): transformation> on 2025-03-26 13:33:39.761724+00:00
[2025-03-26T13:42:06.531+0000] {standard_task_runner.py:63} INFO - Started process 666 to run task
[2025-03-26T13:42:06.535+0000] {standard_task_runner.py:90} INFO - Running: ['***', 'tasks', 'run', 'etl_pipeline', 'transformation', 'manual__2025-03-26T13:33:39.761724+00:00', '--job-id', '6', '--raw', '--subdir', 'DAGS_FOLDER/etl_pipeline.py', '--cfg-path', '/tmp/tmpcun8ogk2']
[2025-03-26T13:42:06.538+0000] {standard_task_runner.py:91} INFO - Job 6: Subtask transformation
[2025-03-26T13:42:06.615+0000] {task_command.py:426} INFO - Running <TaskInstance: etl_pipeline.transformation manual__2025-03-26T13:33:39.761724+00:00 [running]> on host 9d8a997eda77
[2025-03-26T13:42:06.756+0000] {taskinstance.py:2648} INFO - Exporting env vars: AIRFLOW_CTX_DAG_OWNER='lobobranco' AIRFLOW_CTX_DAG_ID='etl_pipeline' AIRFLOW_CTX_TASK_ID='transformation' AIRFLOW_CTX_EXECUTION_DATE='2025-03-26T13:33:39.761724+00:00' AIRFLOW_CTX_TRY_NUMBER='3' AIRFLOW_CTX_DAG_RUN_ID='manual__2025-03-26T13:33:39.761724+00:00'
[2025-03-26T13:42:06.757+0000] {taskinstance.py:430} INFO - ::endgroup::
[2025-03-26T13:42:06.796+0000] {etl_pipeline.py:76} INFO - Transforming data from file: s3://raw/playlist_20250326_133348.json
[2025-03-26T13:42:06.797+0000] {baseoperator.py:400} WARNING - SparkSubmitOperator.execute cannot be called outside TaskInstance!
[2025-03-26T13:42:06.813+0000] {base.py:84} INFO - Using connection ID 'spark_default' for task execution.
[2025-03-26T13:42:06.815+0000] {spark_submit.py:328} ERROR - Failed to decode base64 keytab: Incorrect padding
[2025-03-26T13:42:06.816+0000] {spark_submit.py:305} INFO - Could not load connection string spark_default, defaulting to spark://spark-master:7077:7077
[2025-03-26T13:42:06.818+0000] {spark_submit.py:474} INFO - Spark-Submit cmd: spark-submit --master spark://spark-master:7077:7077 --conf spark.executor.memory=2g --conf spark.executor.cores=2 --conf spark.jars=/opt/spark_job/aws-java-sdk-bundle-1.12.262.jar,/opt/spark_job/jars/hadoop-aws-3.3.4.jar --conf spark.hadoop.fs.s3a.endpoint=http://minio:9000 --conf spark.hadoop.fs.s3a.access.key=admin --conf spark.hadoop.fs.s3a.secret.key=****** --conf spark.hadoop.fs.s3a.impl=org.apache.hadoop.fs.s3a.S3AFileSystem --conf spark.hadoop.fs.s3a.path.style.access=true --name arrow-spark --verbose --deploy-mode client /spark_job/data_transformation.py s3://raw/playlist_20250326_133348.json
[2025-03-26T13:42:06.915+0000] {spark_submit.py:645} INFO - /home/***/.local/lib/python3.11/site-packages/pyspark/bin/load-spark-env.sh: line 68: ps: command not found
[2025-03-26T13:42:08.535+0000] {spark_submit.py:645} INFO - Using properties file: null
[2025-03-26T13:42:08.685+0000] {spark_submit.py:645} INFO - Parsed arguments:
[2025-03-26T13:42:08.685+0000] {spark_submit.py:645} INFO - master                  spark://spark-master:7077:7077
[2025-03-26T13:42:08.686+0000] {spark_submit.py:645} INFO - remote                  null
[2025-03-26T13:42:08.686+0000] {spark_submit.py:645} INFO - deployMode              client
[2025-03-26T13:42:08.698+0000] {spark_submit.py:645} INFO - executorMemory          2g
[2025-03-26T13:42:08.699+0000] {spark_submit.py:645} INFO - executorCores           2
[2025-03-26T13:42:08.699+0000] {spark_submit.py:645} INFO - totalExecutorCores      null
[2025-03-26T13:42:08.700+0000] {spark_submit.py:645} INFO - propertiesFile          null
[2025-03-26T13:42:08.700+0000] {spark_submit.py:645} INFO - driverMemory            null
[2025-03-26T13:42:08.700+0000] {spark_submit.py:645} INFO - driverCores             null
[2025-03-26T13:42:08.701+0000] {spark_submit.py:645} INFO - driverExtraClassPath    null
[2025-03-26T13:42:08.701+0000] {spark_submit.py:645} INFO - driverExtraLibraryPath  null
[2025-03-26T13:42:08.701+0000] {spark_submit.py:645} INFO - driverExtraJavaOptions  null
[2025-03-26T13:42:08.702+0000] {spark_submit.py:645} INFO - supervise               false
[2025-03-26T13:42:08.702+0000] {spark_submit.py:645} INFO - queue                   null
[2025-03-26T13:42:08.702+0000] {spark_submit.py:645} INFO - numExecutors            null
[2025-03-26T13:42:08.703+0000] {spark_submit.py:645} INFO - files                   null
[2025-03-26T13:42:08.703+0000] {spark_submit.py:645} INFO - pyFiles                 null
[2025-03-26T13:42:08.703+0000] {spark_submit.py:645} INFO - archives                null
[2025-03-26T13:42:08.704+0000] {spark_submit.py:645} INFO - mainClass               null
[2025-03-26T13:42:08.704+0000] {spark_submit.py:645} INFO - primaryResource         file:/spark_job/data_transformation.py
[2025-03-26T13:42:08.712+0000] {spark_submit.py:645} INFO - name                    arrow-spark
[2025-03-26T13:42:08.713+0000] {spark_submit.py:645} INFO - childArgs               [s3://raw/playlist_20250326_133348.json]
[2025-03-26T13:42:08.714+0000] {spark_submit.py:645} INFO - jars                    /opt/spark_job/aws-java-sdk-bundle-1.12.262.jar,/opt/spark_job/jars/hadoop-aws-3.3.4.jar
[2025-03-26T13:42:08.714+0000] {spark_submit.py:645} INFO - packages                null
[2025-03-26T13:42:08.715+0000] {spark_submit.py:645} INFO - packagesExclusions      null
[2025-03-26T13:42:08.715+0000] {spark_submit.py:645} INFO - repositories            null
[2025-03-26T13:42:08.715+0000] {spark_submit.py:645} INFO - verbose                 true
[2025-03-26T13:42:08.716+0000] {spark_submit.py:645} INFO - 
[2025-03-26T13:42:08.716+0000] {spark_submit.py:645} INFO - Spark properties used, including those specified through
[2025-03-26T13:42:08.716+0000] {spark_submit.py:645} INFO - --conf and those from the properties file null:
[2025-03-26T13:42:08.716+0000] {spark_submit.py:645} INFO - (spark.executor.cores,2)
[2025-03-26T13:42:08.717+0000] {spark_submit.py:645} INFO - (spark.executor.memory,2g)
[2025-03-26T13:42:08.717+0000] {spark_submit.py:645} INFO - (spark.hadoop.fs.s3a.access.key,*********(redacted))
[2025-03-26T13:42:08.717+0000] {spark_submit.py:645} INFO - (spark.hadoop.fs.s3a.endpoint,http://minio:9000)
[2025-03-26T13:42:08.718+0000] {spark_submit.py:645} INFO - (spark.hadoop.fs.s3a.impl,org.apache.hadoop.fs.s3a.S3AFileSystem)
[2025-03-26T13:42:08.718+0000] {spark_submit.py:645} INFO - (spark.hadoop.fs.s3a.path.style.access,true)
[2025-03-26T13:42:08.719+0000] {spark_submit.py:645} INFO - (spark.hadoop.fs.s3a.secret.key,*********(redacted))
[2025-03-26T13:42:08.719+0000] {spark_submit.py:645} INFO - (spark.jars,/opt/spark_job/aws-java-sdk-bundle-1.12.262.jar,/opt/spark_job/jars/hadoop-aws-3.3.4.jar)
[2025-03-26T13:42:08.719+0000] {spark_submit.py:645} INFO - 
[2025-03-26T13:42:08.720+0000] {spark_submit.py:645} INFO - 
[2025-03-26T13:42:09.071+0000] {spark_submit.py:645} INFO - 25/03/26 13:42:09 WARN NativeCodeLoader: Unable to load native-hadoop library for your platform... using builtin-java classes where applicable
[2025-03-26T13:42:09.267+0000] {spark_submit.py:645} INFO - Main class:
[2025-03-26T13:42:09.268+0000] {spark_submit.py:645} INFO - org.apache.spark.deploy.PythonRunner
[2025-03-26T13:42:09.269+0000] {spark_submit.py:645} INFO - Arguments:
[2025-03-26T13:42:09.269+0000] {spark_submit.py:645} INFO - file:/spark_job/data_transformation.py
[2025-03-26T13:42:09.270+0000] {spark_submit.py:645} INFO - null
[2025-03-26T13:42:09.270+0000] {spark_submit.py:645} INFO - s3://raw/playlist_20250326_133348.json
[2025-03-26T13:42:09.271+0000] {spark_submit.py:645} INFO - Spark config:
[2025-03-26T13:42:09.271+0000] {spark_submit.py:645} INFO - (spark.app.name,arrow-spark)
[2025-03-26T13:42:09.271+0000] {spark_submit.py:645} INFO - (spark.app.submitTime,1742996529247)
[2025-03-26T13:42:09.272+0000] {spark_submit.py:645} INFO - (spark.executor.cores,2)
[2025-03-26T13:42:09.272+0000] {spark_submit.py:645} INFO - (spark.executor.memory,2g)
[2025-03-26T13:42:09.273+0000] {spark_submit.py:645} INFO - (spark.hadoop.fs.s3a.access.key,*********(redacted))
[2025-03-26T13:42:09.273+0000] {spark_submit.py:645} INFO - (spark.hadoop.fs.s3a.endpoint,http://minio:9000)
[2025-03-26T13:42:09.274+0000] {spark_submit.py:645} INFO - (spark.hadoop.fs.s3a.impl,org.apache.hadoop.fs.s3a.S3AFileSystem)
[2025-03-26T13:42:09.274+0000] {spark_submit.py:645} INFO - (spark.hadoop.fs.s3a.path.style.access,true)
[2025-03-26T13:42:09.275+0000] {spark_submit.py:645} INFO - (spark.hadoop.fs.s3a.secret.key,*********(redacted))
[2025-03-26T13:42:09.275+0000] {spark_submit.py:645} INFO - (spark.jars,file:/opt/spark_job/aws-java-sdk-bundle-1.12.262.jar,file:/opt/spark_job/jars/hadoop-aws-3.3.4.jar)
[2025-03-26T13:42:09.275+0000] {spark_submit.py:645} INFO - (spark.master,spark://spark-master:7077:7077)
[2025-03-26T13:42:09.276+0000] {spark_submit.py:645} INFO - (spark.repl.local.jars,file:/opt/spark_job/aws-java-sdk-bundle-1.12.262.jar,file:/opt/spark_job/jars/hadoop-aws-3.3.4.jar)
[2025-03-26T13:42:09.277+0000] {spark_submit.py:645} INFO - (spark.submit.deployMode,client)
[2025-03-26T13:42:09.278+0000] {spark_submit.py:645} INFO - (spark.submit.pyFiles,)
[2025-03-26T13:42:09.278+0000] {spark_submit.py:645} INFO - Classpath elements:
[2025-03-26T13:42:09.278+0000] {spark_submit.py:645} INFO - file:/opt/spark_job/aws-java-sdk-bundle-1.12.262.jar
[2025-03-26T13:42:09.279+0000] {spark_submit.py:645} INFO - file:/opt/spark_job/jars/hadoop-aws-3.3.4.jar
[2025-03-26T13:42:09.280+0000] {spark_submit.py:645} INFO - 
[2025-03-26T13:42:09.280+0000] {spark_submit.py:645} INFO - 
[2025-03-26T13:42:09.280+0000] {spark_submit.py:645} INFO - 25/03/26 13:42:09 WARN DependencyUtils: Local jar /opt/spark_job/aws-java-sdk-bundle-1.12.262.jar does not exist, skipping.
[2025-03-26T13:42:09.281+0000] {spark_submit.py:645} INFO - 25/03/26 13:42:09 WARN DependencyUtils: Local jar /opt/spark_job/jars/hadoop-aws-3.3.4.jar does not exist, skipping.
[2025-03-26T13:42:10.845+0000] {spark_submit.py:645} INFO - 25/03/26 13:42:10 INFO SparkContext: Running Spark version 3.5.5
[2025-03-26T13:42:10.845+0000] {spark_submit.py:645} INFO - 25/03/26 13:42:10 INFO SparkContext: OS info Linux, 5.15.153.1-microsoft-standard-WSL2, amd64
[2025-03-26T13:42:10.846+0000] {spark_submit.py:645} INFO - 25/03/26 13:42:10 INFO SparkContext: Java version 17.0.14
[2025-03-26T13:42:10.875+0000] {spark_submit.py:645} INFO - 25/03/26 13:42:10 INFO ResourceUtils: ==============================================================
[2025-03-26T13:42:10.875+0000] {spark_submit.py:645} INFO - 25/03/26 13:42:10 INFO ResourceUtils: No custom resources configured for spark.driver.
[2025-03-26T13:42:10.876+0000] {spark_submit.py:645} INFO - 25/03/26 13:42:10 INFO ResourceUtils: ==============================================================
[2025-03-26T13:42:10.876+0000] {spark_submit.py:645} INFO - 25/03/26 13:42:10 INFO SparkContext: Submitted application: Minio Integration with PySpark
[2025-03-26T13:42:10.904+0000] {spark_submit.py:645} INFO - 25/03/26 13:42:10 INFO ResourceProfile: Default ResourceProfile created, executor resources: Map(cores -> name: cores, amount: 2, script: , vendor: , memory -> name: memory, amount: 2048, script: , vendor: , offHeap -> name: offHeap, amount: 0, script: , vendor: ), task resources: Map(cpus -> name: cpus, amount: 1.0)
[2025-03-26T13:42:10.910+0000] {spark_submit.py:645} INFO - 25/03/26 13:42:10 INFO ResourceProfile: Limiting resource is cpus at 2 tasks per executor
[2025-03-26T13:42:10.912+0000] {spark_submit.py:645} INFO - 25/03/26 13:42:10 INFO ResourceProfileManager: Added ResourceProfile id: 0
[2025-03-26T13:42:11.008+0000] {spark_submit.py:645} INFO - 25/03/26 13:42:11 INFO SecurityManager: Changing view acls to: ***
[2025-03-26T13:42:11.009+0000] {spark_submit.py:645} INFO - 25/03/26 13:42:11 INFO SecurityManager: Changing modify acls to: ***
[2025-03-26T13:42:11.010+0000] {spark_submit.py:645} INFO - 25/03/26 13:42:11 INFO SecurityManager: Changing view acls groups to:
[2025-03-26T13:42:11.010+0000] {spark_submit.py:645} INFO - 25/03/26 13:42:11 INFO SecurityManager: Changing modify acls groups to:
[2025-03-26T13:42:11.010+0000] {spark_submit.py:645} INFO - 25/03/26 13:42:11 INFO SecurityManager: SecurityManager: authentication disabled; ui acls disabled; users with view permissions: ***; groups with view permissions: EMPTY; users with modify permissions: ***; groups with modify permissions: EMPTY
[2025-03-26T13:42:11.326+0000] {spark_submit.py:645} INFO - 25/03/26 13:42:11 INFO Utils: Successfully started service 'sparkDriver' on port 42847.
[2025-03-26T13:42:11.360+0000] {spark_submit.py:645} INFO - 25/03/26 13:42:11 INFO SparkEnv: Registering MapOutputTracker
[2025-03-26T13:42:11.400+0000] {spark_submit.py:645} INFO - 25/03/26 13:42:11 INFO SparkEnv: Registering BlockManagerMaster
[2025-03-26T13:42:11.419+0000] {spark_submit.py:645} INFO - 25/03/26 13:42:11 INFO BlockManagerMasterEndpoint: Using org.apache.spark.storage.DefaultTopologyMapper for getting topology information
[2025-03-26T13:42:11.420+0000] {spark_submit.py:645} INFO - 25/03/26 13:42:11 INFO BlockManagerMasterEndpoint: BlockManagerMasterEndpoint up
[2025-03-26T13:42:11.425+0000] {spark_submit.py:645} INFO - 25/03/26 13:42:11 INFO SparkEnv: Registering BlockManagerMasterHeartbeat
[2025-03-26T13:42:11.456+0000] {spark_submit.py:645} INFO - 25/03/26 13:42:11 INFO DiskBlockManager: Created local directory at /tmp/blockmgr-d1d1689a-dffd-4f55-ae32-ad8fcfe4535c
[2025-03-26T13:42:11.477+0000] {spark_submit.py:645} INFO - 25/03/26 13:42:11 INFO MemoryStore: MemoryStore started with capacity 434.4 MiB
[2025-03-26T13:42:11.494+0000] {spark_submit.py:645} INFO - 25/03/26 13:42:11 INFO SparkEnv: Registering OutputCommitCoordinator
[2025-03-26T13:42:11.657+0000] {spark_submit.py:645} INFO - 25/03/26 13:42:11 INFO JettyUtils: Start Jetty 0.0.0.0:4040 for SparkUI
[2025-03-26T13:42:11.734+0000] {spark_submit.py:645} INFO - 25/03/26 13:42:11 INFO Utils: Successfully started service 'SparkUI' on port 4040.
[2025-03-26T13:42:11.778+0000] {spark_submit.py:645} INFO - 25/03/26 13:42:11 ERROR SparkContext: Failed to add file:/opt/spark_job/aws-java-sdk-bundle-1.12.262.jar to Spark environment
[2025-03-26T13:42:11.778+0000] {spark_submit.py:645} INFO - java.io.FileNotFoundException: Jar /opt/spark_job/aws-java-sdk-bundle-1.12.262.jar not found
[2025-03-26T13:42:11.779+0000] {spark_submit.py:645} INFO - at org.apache.spark.SparkContext.addLocalJarFile$1(SparkContext.scala:2095)
[2025-03-26T13:42:11.779+0000] {spark_submit.py:645} INFO - at org.apache.spark.SparkContext.addJar(SparkContext.scala:2151)
[2025-03-26T13:42:11.779+0000] {spark_submit.py:645} INFO - at org.apache.spark.SparkContext.$anonfun$new$15(SparkContext.scala:521)
[2025-03-26T13:42:11.780+0000] {spark_submit.py:645} INFO - at org.apache.spark.SparkContext.$anonfun$new$15$adapted(SparkContext.scala:521)
[2025-03-26T13:42:11.781+0000] {spark_submit.py:645} INFO - at scala.collection.mutable.ResizableArray.foreach(ResizableArray.scala:62)
[2025-03-26T13:42:11.781+0000] {spark_submit.py:645} INFO - at scala.collection.mutable.ResizableArray.foreach$(ResizableArray.scala:55)
[2025-03-26T13:42:11.782+0000] {spark_submit.py:645} INFO - at scala.collection.mutable.ArrayBuffer.foreach(ArrayBuffer.scala:49)
[2025-03-26T13:42:11.782+0000] {spark_submit.py:645} INFO - at org.apache.spark.SparkContext.<init>(SparkContext.scala:521)
[2025-03-26T13:42:11.783+0000] {spark_submit.py:645} INFO - at org.apache.spark.api.java.JavaSparkContext.<init>(JavaSparkContext.scala:58)
[2025-03-26T13:42:11.783+0000] {spark_submit.py:645} INFO - at java.base/jdk.internal.reflect.NativeConstructorAccessorImpl.newInstance0(Native Method)
[2025-03-26T13:42:11.784+0000] {spark_submit.py:645} INFO - at java.base/jdk.internal.reflect.NativeConstructorAccessorImpl.newInstance(NativeConstructorAccessorImpl.java:77)
[2025-03-26T13:42:11.784+0000] {spark_submit.py:645} INFO - at java.base/jdk.internal.reflect.DelegatingConstructorAccessorImpl.newInstance(DelegatingConstructorAccessorImpl.java:45)
[2025-03-26T13:42:11.784+0000] {spark_submit.py:645} INFO - at java.base/java.lang.reflect.Constructor.newInstanceWithCaller(Constructor.java:500)
[2025-03-26T13:42:11.785+0000] {spark_submit.py:645} INFO - at java.base/java.lang.reflect.Constructor.newInstance(Constructor.java:481)
[2025-03-26T13:42:11.785+0000] {spark_submit.py:645} INFO - at py4j.reflection.MethodInvoker.invoke(MethodInvoker.java:247)
[2025-03-26T13:42:11.786+0000] {spark_submit.py:645} INFO - at py4j.reflection.ReflectionEngine.invoke(ReflectionEngine.java:374)
[2025-03-26T13:42:11.787+0000] {spark_submit.py:645} INFO - at py4j.Gateway.invoke(Gateway.java:238)
[2025-03-26T13:42:11.792+0000] {spark_submit.py:645} INFO - at py4j.commands.ConstructorCommand.invokeConstructor(ConstructorCommand.java:80)
[2025-03-26T13:42:11.793+0000] {spark_submit.py:645} INFO - at py4j.commands.ConstructorCommand.execute(ConstructorCommand.java:69)
[2025-03-26T13:42:11.793+0000] {spark_submit.py:645} INFO - at py4j.ClientServerConnection.waitForCommands(ClientServerConnection.java:182)
[2025-03-26T13:42:11.794+0000] {spark_submit.py:645} INFO - at py4j.ClientServerConnection.run(ClientServerConnection.java:106)
[2025-03-26T13:42:11.795+0000] {spark_submit.py:645} INFO - at java.base/java.lang.Thread.run(Thread.java:840)
[2025-03-26T13:42:11.796+0000] {spark_submit.py:645} INFO - 25/03/26 13:42:11 ERROR SparkContext: Failed to add file:/opt/spark_job/jars/hadoop-aws-3.3.4.jar to Spark environment
[2025-03-26T13:42:11.796+0000] {spark_submit.py:645} INFO - java.io.FileNotFoundException: Jar /opt/spark_job/jars/hadoop-aws-3.3.4.jar not found
[2025-03-26T13:42:11.797+0000] {spark_submit.py:645} INFO - at org.apache.spark.SparkContext.addLocalJarFile$1(SparkContext.scala:2095)
[2025-03-26T13:42:11.798+0000] {spark_submit.py:645} INFO - at org.apache.spark.SparkContext.addJar(SparkContext.scala:2151)
[2025-03-26T13:42:11.800+0000] {spark_submit.py:645} INFO - at org.apache.spark.SparkContext.$anonfun$new$15(SparkContext.scala:521)
[2025-03-26T13:42:11.800+0000] {spark_submit.py:645} INFO - at org.apache.spark.SparkContext.$anonfun$new$15$adapted(SparkContext.scala:521)
[2025-03-26T13:42:11.801+0000] {spark_submit.py:645} INFO - at scala.collection.mutable.ResizableArray.foreach(ResizableArray.scala:62)
[2025-03-26T13:42:11.802+0000] {spark_submit.py:645} INFO - at scala.collection.mutable.ResizableArray.foreach$(ResizableArray.scala:55)
[2025-03-26T13:42:11.802+0000] {spark_submit.py:645} INFO - at scala.collection.mutable.ArrayBuffer.foreach(ArrayBuffer.scala:49)
[2025-03-26T13:42:11.803+0000] {spark_submit.py:645} INFO - at org.apache.spark.SparkContext.<init>(SparkContext.scala:521)
[2025-03-26T13:42:11.804+0000] {spark_submit.py:645} INFO - at org.apache.spark.api.java.JavaSparkContext.<init>(JavaSparkContext.scala:58)
[2025-03-26T13:42:11.804+0000] {spark_submit.py:645} INFO - at java.base/jdk.internal.reflect.NativeConstructorAccessorImpl.newInstance0(Native Method)
[2025-03-26T13:42:11.805+0000] {spark_submit.py:645} INFO - at java.base/jdk.internal.reflect.NativeConstructorAccessorImpl.newInstance(NativeConstructorAccessorImpl.java:77)
[2025-03-26T13:42:11.805+0000] {spark_submit.py:645} INFO - at java.base/jdk.internal.reflect.DelegatingConstructorAccessorImpl.newInstance(DelegatingConstructorAccessorImpl.java:45)
[2025-03-26T13:42:11.805+0000] {spark_submit.py:645} INFO - at java.base/java.lang.reflect.Constructor.newInstanceWithCaller(Constructor.java:500)
[2025-03-26T13:42:11.806+0000] {spark_submit.py:645} INFO - at java.base/java.lang.reflect.Constructor.newInstance(Constructor.java:481)
[2025-03-26T13:42:11.806+0000] {spark_submit.py:645} INFO - at py4j.reflection.MethodInvoker.invoke(MethodInvoker.java:247)
[2025-03-26T13:42:11.807+0000] {spark_submit.py:645} INFO - at py4j.reflection.ReflectionEngine.invoke(ReflectionEngine.java:374)
[2025-03-26T13:42:11.807+0000] {spark_submit.py:645} INFO - at py4j.Gateway.invoke(Gateway.java:238)
[2025-03-26T13:42:11.808+0000] {spark_submit.py:645} INFO - at py4j.commands.ConstructorCommand.invokeConstructor(ConstructorCommand.java:80)
[2025-03-26T13:42:11.808+0000] {spark_submit.py:645} INFO - at py4j.commands.ConstructorCommand.execute(ConstructorCommand.java:69)
[2025-03-26T13:42:11.809+0000] {spark_submit.py:645} INFO - at py4j.ClientServerConnection.waitForCommands(ClientServerConnection.java:182)
[2025-03-26T13:42:11.809+0000] {spark_submit.py:645} INFO - at py4j.ClientServerConnection.run(ClientServerConnection.java:106)
[2025-03-26T13:42:11.810+0000] {spark_submit.py:645} INFO - at java.base/java.lang.Thread.run(Thread.java:840)
[2025-03-26T13:42:11.911+0000] {spark_submit.py:645} INFO - 25/03/26 13:42:11 ERROR SparkContext: Error initializing SparkContext.
[2025-03-26T13:42:11.912+0000] {spark_submit.py:645} INFO - org.apache.spark.SparkException: Invalid master URL: spark://spark-master:7077:7077
[2025-03-26T13:42:11.912+0000] {spark_submit.py:645} INFO - at org.apache.spark.util.Utils$.extractHostPortFromSparkUrl(Utils.scala:2401)
[2025-03-26T13:42:11.913+0000] {spark_submit.py:645} INFO - at org.apache.spark.rpc.RpcAddress$.fromSparkURL(RpcAddress.scala:54)
[2025-03-26T13:42:11.913+0000] {spark_submit.py:645} INFO - at org.apache.spark.deploy.client.StandaloneAppClient.$anonfun$masterRpcAddresses$1(StandaloneAppClient.scala:54)
[2025-03-26T13:42:11.913+0000] {spark_submit.py:645} INFO - at scala.collection.TraversableLike.$anonfun$map$1(TraversableLike.scala:286)
[2025-03-26T13:42:11.919+0000] {spark_submit.py:645} INFO - at scala.collection.IndexedSeqOptimized.foreach(IndexedSeqOptimized.scala:36)
[2025-03-26T13:42:11.919+0000] {spark_submit.py:645} INFO - at scala.collection.IndexedSeqOptimized.foreach$(IndexedSeqOptimized.scala:33)
[2025-03-26T13:42:11.920+0000] {spark_submit.py:645} INFO - at scala.collection.mutable.ArrayOps$ofRef.foreach(ArrayOps.scala:198)
[2025-03-26T13:42:11.920+0000] {spark_submit.py:645} INFO - at scala.collection.TraversableLike.map(TraversableLike.scala:286)
[2025-03-26T13:42:11.920+0000] {spark_submit.py:645} INFO - at scala.collection.TraversableLike.map$(TraversableLike.scala:279)
[2025-03-26T13:42:11.921+0000] {spark_submit.py:645} INFO - at scala.collection.mutable.ArrayOps$ofRef.map(ArrayOps.scala:198)
[2025-03-26T13:42:11.921+0000] {spark_submit.py:645} INFO - at org.apache.spark.deploy.client.StandaloneAppClient.<init>(StandaloneAppClient.scala:54)
[2025-03-26T13:42:11.922+0000] {spark_submit.py:645} INFO - at org.apache.spark.scheduler.cluster.StandaloneSchedulerBackend.start(StandaloneSchedulerBackend.scala:134)
[2025-03-26T13:42:11.923+0000] {spark_submit.py:645} INFO - at org.apache.spark.scheduler.TaskSchedulerImpl.start(TaskSchedulerImpl.scala:235)
[2025-03-26T13:42:11.923+0000] {spark_submit.py:645} INFO - at org.apache.spark.SparkContext.<init>(SparkContext.scala:599)
[2025-03-26T13:42:11.924+0000] {spark_submit.py:645} INFO - at org.apache.spark.api.java.JavaSparkContext.<init>(JavaSparkContext.scala:58)
[2025-03-26T13:42:11.924+0000] {spark_submit.py:645} INFO - at java.base/jdk.internal.reflect.NativeConstructorAccessorImpl.newInstance0(Native Method)
[2025-03-26T13:42:11.924+0000] {spark_submit.py:645} INFO - at java.base/jdk.internal.reflect.NativeConstructorAccessorImpl.newInstance(NativeConstructorAccessorImpl.java:77)
[2025-03-26T13:42:11.925+0000] {spark_submit.py:645} INFO - at java.base/jdk.internal.reflect.DelegatingConstructorAccessorImpl.newInstance(DelegatingConstructorAccessorImpl.java:45)
[2025-03-26T13:42:11.925+0000] {spark_submit.py:645} INFO - at java.base/java.lang.reflect.Constructor.newInstanceWithCaller(Constructor.java:500)
[2025-03-26T13:42:11.925+0000] {spark_submit.py:645} INFO - at java.base/java.lang.reflect.Constructor.newInstance(Constructor.java:481)
[2025-03-26T13:42:11.926+0000] {spark_submit.py:645} INFO - at py4j.reflection.MethodInvoker.invoke(MethodInvoker.java:247)
[2025-03-26T13:42:11.926+0000] {spark_submit.py:645} INFO - at py4j.reflection.ReflectionEngine.invoke(ReflectionEngine.java:374)
[2025-03-26T13:42:11.927+0000] {spark_submit.py:645} INFO - at py4j.Gateway.invoke(Gateway.java:238)
[2025-03-26T13:42:11.927+0000] {spark_submit.py:645} INFO - at py4j.commands.ConstructorCommand.invokeConstructor(ConstructorCommand.java:80)
[2025-03-26T13:42:11.928+0000] {spark_submit.py:645} INFO - at py4j.commands.ConstructorCommand.execute(ConstructorCommand.java:69)
[2025-03-26T13:42:11.928+0000] {spark_submit.py:645} INFO - at py4j.ClientServerConnection.waitForCommands(ClientServerConnection.java:182)
[2025-03-26T13:42:11.929+0000] {spark_submit.py:645} INFO - at py4j.ClientServerConnection.run(ClientServerConnection.java:106)
[2025-03-26T13:42:11.929+0000] {spark_submit.py:645} INFO - at java.base/java.lang.Thread.run(Thread.java:840)
[2025-03-26T13:42:11.930+0000] {spark_submit.py:645} INFO - 25/03/26 13:42:11 INFO SparkContext: SparkContext is stopping with exitCode 0.
[2025-03-26T13:42:11.930+0000] {spark_submit.py:645} INFO - 25/03/26 13:42:11 INFO SparkUI: Stopped Spark web UI at http://9d8a997eda77:4040
[2025-03-26T13:42:11.931+0000] {spark_submit.py:645} INFO - 25/03/26 13:42:11 INFO StandaloneSchedulerBackend: Shutting down all executors
[2025-03-26T13:42:11.940+0000] {spark_submit.py:645} INFO - 25/03/26 13:42:11 INFO StandaloneSchedulerBackend$StandaloneDriverEndpoint: Asking each executor to shut down
[2025-03-26T13:42:11.954+0000] {spark_submit.py:645} INFO - 25/03/26 13:42:11 INFO MapOutputTrackerMasterEndpoint: MapOutputTrackerMasterEndpoint stopped!
[2025-03-26T13:42:11.965+0000] {spark_submit.py:645} INFO - 25/03/26 13:42:11 INFO MemoryStore: MemoryStore cleared
[2025-03-26T13:42:11.966+0000] {spark_submit.py:645} INFO - 25/03/26 13:42:11 INFO BlockManager: BlockManager stopped
[2025-03-26T13:42:11.973+0000] {spark_submit.py:645} INFO - 25/03/26 13:42:11 INFO BlockManagerMaster: BlockManagerMaster stopped
[2025-03-26T13:42:11.974+0000] {spark_submit.py:645} INFO - 25/03/26 13:42:11 WARN MetricsSystem: Stopping a MetricsSystem that is not running
[2025-03-26T13:42:11.976+0000] {spark_submit.py:645} INFO - 25/03/26 13:42:11 INFO OutputCommitCoordinator$OutputCommitCoordinatorEndpoint: OutputCommitCoordinator stopped!
[2025-03-26T13:42:11.987+0000] {spark_submit.py:645} INFO - 25/03/26 13:42:11 INFO SparkContext: Successfully stopped SparkContext
[2025-03-26T13:42:11.988+0000] {spark_submit.py:645} INFO - Traceback (most recent call last):
[2025-03-26T13:42:11.988+0000] {spark_submit.py:645} INFO - File "/spark_job/data_transformation.py", line 42, in <module>
[2025-03-26T13:42:11.990+0000] {spark_submit.py:645} INFO - spark = create_spark_session()
[2025-03-26T13:42:11.991+0000] {spark_submit.py:645} INFO - ^^^^^^^^^^^^^^^^^^^^^^
[2025-03-26T13:42:11.991+0000] {spark_submit.py:645} INFO - File "/spark_job/data_transformation.py", line 14, in create_spark_session
[2025-03-26T13:42:11.992+0000] {spark_submit.py:645} INFO - .getOrCreate()
[2025-03-26T13:42:11.992+0000] {spark_submit.py:645} INFO - ^^^^^^^^^^^^^
[2025-03-26T13:42:11.993+0000] {spark_submit.py:645} INFO - File "/home/***/.local/lib/python3.11/site-packages/pyspark/python/lib/pyspark.zip/pyspark/sql/session.py", line 497, in getOrCreate
[2025-03-26T13:42:11.993+0000] {spark_submit.py:645} INFO - File "/home/***/.local/lib/python3.11/site-packages/pyspark/python/lib/pyspark.zip/pyspark/context.py", line 515, in getOrCreate
[2025-03-26T13:42:11.994+0000] {spark_submit.py:645} INFO - File "/home/***/.local/lib/python3.11/site-packages/pyspark/python/lib/pyspark.zip/pyspark/context.py", line 203, in __init__
[2025-03-26T13:42:11.994+0000] {spark_submit.py:645} INFO - File "/home/***/.local/lib/python3.11/site-packages/pyspark/python/lib/pyspark.zip/pyspark/context.py", line 296, in _do_init
[2025-03-26T13:42:11.995+0000] {spark_submit.py:645} INFO - File "/home/***/.local/lib/python3.11/site-packages/pyspark/python/lib/pyspark.zip/pyspark/context.py", line 421, in _initialize_context
[2025-03-26T13:42:11.995+0000] {spark_submit.py:645} INFO - File "/home/***/.local/lib/python3.11/site-packages/pyspark/python/lib/py4j-0.10.9.7-src.zip/py4j/java_gateway.py", line 1587, in __call__
[2025-03-26T13:42:11.996+0000] {spark_submit.py:645} INFO - File "/home/***/.local/lib/python3.11/site-packages/pyspark/python/lib/py4j-0.10.9.7-src.zip/py4j/protocol.py", line 326, in get_return_value
[2025-03-26T13:42:12.004+0000] {spark_submit.py:645} INFO - py4j.protocol.Py4JJavaError: An error occurred while calling None.org.apache.spark.api.java.JavaSparkContext.
[2025-03-26T13:42:12.005+0000] {spark_submit.py:645} INFO - : org.apache.spark.SparkException: Invalid master URL: spark://spark-master:7077:7077
[2025-03-26T13:42:12.006+0000] {spark_submit.py:645} INFO - at org.apache.spark.util.Utils$.extractHostPortFromSparkUrl(Utils.scala:2401)
[2025-03-26T13:42:12.006+0000] {spark_submit.py:645} INFO - at org.apache.spark.rpc.RpcAddress$.fromSparkURL(RpcAddress.scala:54)
[2025-03-26T13:42:12.006+0000] {spark_submit.py:645} INFO - at org.apache.spark.deploy.client.StandaloneAppClient.$anonfun$masterRpcAddresses$1(StandaloneAppClient.scala:54)
[2025-03-26T13:42:12.007+0000] {spark_submit.py:645} INFO - at scala.collection.TraversableLike.$anonfun$map$1(TraversableLike.scala:286)
[2025-03-26T13:42:12.007+0000] {spark_submit.py:645} INFO - at scala.collection.IndexedSeqOptimized.foreach(IndexedSeqOptimized.scala:36)
[2025-03-26T13:42:12.007+0000] {spark_submit.py:645} INFO - at scala.collection.IndexedSeqOptimized.foreach$(IndexedSeqOptimized.scala:33)
[2025-03-26T13:42:12.007+0000] {spark_submit.py:645} INFO - at scala.collection.mutable.ArrayOps$ofRef.foreach(ArrayOps.scala:198)
[2025-03-26T13:42:12.008+0000] {spark_submit.py:645} INFO - at scala.collection.TraversableLike.map(TraversableLike.scala:286)
[2025-03-26T13:42:12.008+0000] {spark_submit.py:645} INFO - at scala.collection.TraversableLike.map$(TraversableLike.scala:279)
[2025-03-26T13:42:12.008+0000] {spark_submit.py:645} INFO - at scala.collection.mutable.ArrayOps$ofRef.map(ArrayOps.scala:198)
[2025-03-26T13:42:12.009+0000] {spark_submit.py:645} INFO - at org.apache.spark.deploy.client.StandaloneAppClient.<init>(StandaloneAppClient.scala:54)
[2025-03-26T13:42:12.009+0000] {spark_submit.py:645} INFO - at org.apache.spark.scheduler.cluster.StandaloneSchedulerBackend.start(StandaloneSchedulerBackend.scala:134)
[2025-03-26T13:42:12.009+0000] {spark_submit.py:645} INFO - at org.apache.spark.scheduler.TaskSchedulerImpl.start(TaskSchedulerImpl.scala:235)
[2025-03-26T13:42:12.009+0000] {spark_submit.py:645} INFO - at org.apache.spark.SparkContext.<init>(SparkContext.scala:599)
[2025-03-26T13:42:12.010+0000] {spark_submit.py:645} INFO - at org.apache.spark.api.java.JavaSparkContext.<init>(JavaSparkContext.scala:58)
[2025-03-26T13:42:12.010+0000] {spark_submit.py:645} INFO - at java.base/jdk.internal.reflect.NativeConstructorAccessorImpl.newInstance0(Native Method)
[2025-03-26T13:42:12.010+0000] {spark_submit.py:645} INFO - at java.base/jdk.internal.reflect.NativeConstructorAccessorImpl.newInstance(NativeConstructorAccessorImpl.java:77)
[2025-03-26T13:42:12.010+0000] {spark_submit.py:645} INFO - at java.base/jdk.internal.reflect.DelegatingConstructorAccessorImpl.newInstance(DelegatingConstructorAccessorImpl.java:45)
[2025-03-26T13:42:12.011+0000] {spark_submit.py:645} INFO - at java.base/java.lang.reflect.Constructor.newInstanceWithCaller(Constructor.java:500)
[2025-03-26T13:42:12.011+0000] {spark_submit.py:645} INFO - at java.base/java.lang.reflect.Constructor.newInstance(Constructor.java:481)
[2025-03-26T13:42:12.011+0000] {spark_submit.py:645} INFO - at py4j.reflection.MethodInvoker.invoke(MethodInvoker.java:247)
[2025-03-26T13:42:12.012+0000] {spark_submit.py:645} INFO - at py4j.reflection.ReflectionEngine.invoke(ReflectionEngine.java:374)
[2025-03-26T13:42:12.012+0000] {spark_submit.py:645} INFO - at py4j.Gateway.invoke(Gateway.java:238)
[2025-03-26T13:42:12.012+0000] {spark_submit.py:645} INFO - at py4j.commands.ConstructorCommand.invokeConstructor(ConstructorCommand.java:80)
[2025-03-26T13:42:12.012+0000] {spark_submit.py:645} INFO - at py4j.commands.ConstructorCommand.execute(ConstructorCommand.java:69)
[2025-03-26T13:42:12.013+0000] {spark_submit.py:645} INFO - at py4j.ClientServerConnection.waitForCommands(ClientServerConnection.java:182)
[2025-03-26T13:42:12.013+0000] {spark_submit.py:645} INFO - at py4j.ClientServerConnection.run(ClientServerConnection.java:106)
[2025-03-26T13:42:12.013+0000] {spark_submit.py:645} INFO - at java.base/java.lang.Thread.run(Thread.java:840)
[2025-03-26T13:42:12.014+0000] {spark_submit.py:645} INFO - 
[2025-03-26T13:42:12.058+0000] {spark_submit.py:645} INFO - 25/03/26 13:42:12 INFO ShutdownHookManager: Shutdown hook called
[2025-03-26T13:42:12.059+0000] {spark_submit.py:645} INFO - 25/03/26 13:42:12 INFO ShutdownHookManager: Deleting directory /tmp/spark-6ae08b84-ddc8-4547-8de8-dacbb57394b8
[2025-03-26T13:42:12.063+0000] {spark_submit.py:645} INFO - 25/03/26 13:42:12 INFO ShutdownHookManager: Deleting directory /tmp/spark-5247f138-3286-4c04-a82d-8ffb8541b385
[2025-03-26T13:42:12.095+0000] {taskinstance.py:441} INFO - ::group::Post task execution logs
[2025-03-26T13:42:12.106+0000] {taskinstance.py:2905} ERROR - Task failed with exception
Traceback (most recent call last):
  File "/home/airflow/.local/lib/python3.11/site-packages/airflow/models/taskinstance.py", line 465, in _execute_task
    result = _execute_callable(context=context, **execute_callable_kwargs)
             ^^^^^^^^^^^^^^^^^^^^^^^^^^^^^^^^^^^^^^^^^^^^^^^^^^^^^^^^^^^^^
  File "/home/airflow/.local/lib/python3.11/site-packages/airflow/models/taskinstance.py", line 432, in _execute_callable
    return execute_callable(context=context, **execute_callable_kwargs)
           ^^^^^^^^^^^^^^^^^^^^^^^^^^^^^^^^^^^^^^^^^^^^^^^^^^^^^^^^^^^^
  File "/home/airflow/.local/lib/python3.11/site-packages/airflow/models/baseoperator.py", line 401, in wrapper
    return func(self, *args, **kwargs)
           ^^^^^^^^^^^^^^^^^^^^^^^^^^^
  File "/home/airflow/.local/lib/python3.11/site-packages/airflow/operators/python.py", line 235, in execute
    return_value = self.execute_callable()
                   ^^^^^^^^^^^^^^^^^^^^^^^
  File "/home/airflow/.local/lib/python3.11/site-packages/airflow/operators/python.py", line 252, in execute_callable
    return self.python_callable(*self.op_args, **self.op_kwargs)
           ^^^^^^^^^^^^^^^^^^^^^^^^^^^^^^^^^^^^^^^^^^^^^^^^^^^^^
  File "/opt/airflow/dags/etl_pipeline.py", line 95, in spark_dtransformation
    ).execute(kwargs)
      ^^^^^^^^^^^^^^^
  File "/home/airflow/.local/lib/python3.11/site-packages/airflow/models/baseoperator.py", line 401, in wrapper
    return func(self, *args, **kwargs)
           ^^^^^^^^^^^^^^^^^^^^^^^^^^^
  File "/home/airflow/.local/lib/python3.11/site-packages/airflow/providers/apache/spark/operators/spark_submit.py", line 177, in execute
    self._hook.submit(self.application)
  File "/home/airflow/.local/lib/python3.11/site-packages/airflow/providers/apache/spark/hooks/spark_submit.py", line 567, in submit
    raise AirflowException(
airflow.exceptions.AirflowException: Cannot execute: spark-submit --master spark://spark-master:7077:7077 --conf spark.executor.memory=2g --conf spark.executor.cores=2 --conf spark.jars=/opt/spark_job/aws-java-sdk-bundle-1.12.262.jar,/opt/spark_job/jars/hadoop-aws-3.3.4.jar --conf spark.hadoop.fs.s3a.endpoint=http://minio:9000 --conf spark.hadoop.fs.s3a.access.key=admin --conf spark.hadoop.fs.s3a.secret.key=****** --conf spark.hadoop.fs.s3a.impl=org.apache.hadoop.fs.s3a.S3AFileSystem --conf spark.hadoop.fs.s3a.path.style.access=true --name arrow-spark --verbose --deploy-mode client /spark_job/data_transformation.py s3://raw/playlist_20250326_133348.json. Error code is: 1.
[2025-03-26T13:42:12.113+0000] {taskinstance.py:1206} INFO - Marking task as UP_FOR_RETRY. dag_id=etl_pipeline, task_id=transformation, run_id=manual__2025-03-26T13:33:39.761724+00:00, execution_date=20250326T133339, start_date=20250326T134206, end_date=20250326T134212
[2025-03-26T13:42:12.158+0000] {standard_task_runner.py:110} ERROR - Failed to execute job 6 for task transformation (Cannot execute: spark-submit --master spark://spark-master:7077:7077 --conf spark.executor.memory=2g --conf spark.executor.cores=2 --conf spark.jars=/opt/spark_job/aws-java-sdk-bundle-1.12.262.jar,/opt/spark_job/jars/hadoop-aws-3.3.4.jar --conf spark.hadoop.fs.s3a.endpoint=http://minio:9000 --conf spark.hadoop.fs.s3a.access.key=admin --conf spark.hadoop.fs.s3a.secret.key=****** --conf spark.hadoop.fs.s3a.impl=org.apache.hadoop.fs.s3a.S3AFileSystem --conf spark.hadoop.fs.s3a.path.style.access=true --name arrow-spark --verbose --deploy-mode client /spark_job/data_transformation.py s3://raw/playlist_20250326_133348.json. Error code is: 1.; 666)
[2025-03-26T13:42:12.185+0000] {local_task_job_runner.py:240} INFO - Task exited with return code 1
[2025-03-26T13:42:12.207+0000] {taskinstance.py:3503} INFO - 0 downstream tasks scheduled from follow-on schedule check
[2025-03-26T13:42:12.230+0000] {local_task_job_runner.py:222} INFO - ::endgroup::
