[2025-03-26T21:40:20.185+0000] {local_task_job_runner.py:120} INFO - ::group::Pre task execution logs
[2025-03-26T21:40:20.219+0000] {taskinstance.py:2066} INFO - Dependencies not met for <TaskInstance: etl_pipeline.transformation manual__2025-03-26T13:33:39.761724+00:00 [failed]>, dependency 'Task Instance State' FAILED: Task is in the 'failed' state.
[2025-03-26T21:40:20.363+0000] {local_task_job_runner.py:163} INFO - Task is not able to be run
[2025-03-28T23:52:35.369+0000] {local_task_job_runner.py:120} INFO - ::group::Pre task execution logs
[2025-03-28T23:52:35.408+0000] {taskinstance.py:2076} INFO - Dependencies all met for dep_context=non-requeueable deps ti=<TaskInstance: etl_pipeline.transformation manual__2025-03-26T13:33:39.761724+00:00 [queued]>
[2025-03-28T23:52:35.419+0000] {taskinstance.py:2076} INFO - Dependencies all met for dep_context=requeueable deps ti=<TaskInstance: etl_pipeline.transformation manual__2025-03-26T13:33:39.761724+00:00 [queued]>
[2025-03-28T23:52:35.419+0000] {taskinstance.py:2306} INFO - Starting attempt 42 of 43
[2025-03-28T23:52:35.468+0000] {taskinstance.py:2330} INFO - Executing <Task(PythonOperator): transformation> on 2025-03-26 13:33:39.761724+00:00
[2025-03-28T23:52:35.475+0000] {standard_task_runner.py:63} INFO - Started process 277 to run task
[2025-03-28T23:52:35.479+0000] {standard_task_runner.py:90} INFO - Running: ['***', 'tasks', 'run', 'etl_pipeline', 'transformation', 'manual__2025-03-26T13:33:39.761724+00:00', '--job-id', '54', '--raw', '--subdir', 'DAGS_FOLDER/etl_pipeline.py', '--cfg-path', '/tmp/tmph6_8dmw5']
[2025-03-28T23:52:35.481+0000] {standard_task_runner.py:91} INFO - Job 54: Subtask transformation
[2025-03-28T23:52:35.573+0000] {task_command.py:426} INFO - Running <TaskInstance: etl_pipeline.transformation manual__2025-03-26T13:33:39.761724+00:00 [running]> on host 9a51e41eb88a
[2025-03-28T23:52:35.722+0000] {taskinstance.py:2648} INFO - Exporting env vars: AIRFLOW_CTX_DAG_OWNER='lobobranco' AIRFLOW_CTX_DAG_ID='etl_pipeline' AIRFLOW_CTX_TASK_ID='transformation' AIRFLOW_CTX_EXECUTION_DATE='2025-03-26T13:33:39.761724+00:00' AIRFLOW_CTX_TRY_NUMBER='42' AIRFLOW_CTX_DAG_RUN_ID='manual__2025-03-26T13:33:39.761724+00:00'
[2025-03-28T23:52:35.723+0000] {taskinstance.py:430} INFO - ::endgroup::
[2025-03-28T23:52:35.748+0000] {etl_pipeline.py:76} INFO - Transforming data from file: s3://raw/playlist_20250328_235234.json
[2025-03-28T23:52:35.748+0000] {logging_mixin.py:188} INFO - File Path: s3://raw/playlist_20250328_235234.json
[2025-03-28T23:52:35.749+0000] {logging_mixin.py:188} INFO - Processed Bucket: processed
[2025-03-28T23:52:35.750+0000] {baseoperator.py:400} WARNING - SparkSubmitOperator.execute cannot be called outside TaskInstance!
[2025-03-28T23:52:35.762+0000] {base.py:84} INFO - Using connection ID 'spark_default' for task execution.
[2025-03-28T23:52:35.763+0000] {spark_submit.py:328} ERROR - Failed to decode base64 keytab: Incorrect padding
[2025-03-28T23:52:35.764+0000] {spark_submit.py:305} INFO - Could not load connection string spark_default, defaulting to spark://spark-master:7077
[2025-03-28T23:52:35.765+0000] {spark_submit.py:474} INFO - Spark-Submit cmd: spark-submit --master spark://spark-master:7077 --conf spark.executor.memory=512m --conf spark.executor.cores=1 --conf spark.jars=/opt/spark_job/jars/aws-java-sdk-bundle-1.12.262.jar,/opt/spark_job/jars/hadoop-aws-3.3.4.jar --conf spark.hadoop.fs.s3a.endpoint=http://minio:9000 --conf spark.hadoop.fs.s3a.access.key=admin --conf spark.hadoop.fs.s3a.secret.key=****** --conf spark.hadoop.fs.s3a.impl=org.apache.hadoop.fs.s3a.S3AFileSystem --conf spark.hadoop.fs.s3a.path.style.access=true --principal *** --name arrow-spark --verbose --deploy-mode client /opt/spark_job/data_transformation.py s3://raw/playlist_20250328_235234.json processed
[2025-03-28T23:52:36.207+0000] {spark_submit.py:645} INFO - /home/***/.local/lib/python3.11/site-packages/pyspark/bin/load-spark-env.sh: line 68: ps: command not found
[2025-03-28T23:52:47.529+0000] {spark_submit.py:645} INFO - Using properties file: null
[2025-03-28T23:52:47.804+0000] {spark_submit.py:645} INFO - Parsed arguments:
[2025-03-28T23:52:47.805+0000] {spark_submit.py:645} INFO - master                  spark://spark-master:7077
[2025-03-28T23:52:47.806+0000] {spark_submit.py:645} INFO - remote                  null
[2025-03-28T23:52:47.806+0000] {spark_submit.py:645} INFO - deployMode              client
[2025-03-28T23:52:47.807+0000] {spark_submit.py:645} INFO - executorMemory          512m
[2025-03-28T23:52:47.807+0000] {spark_submit.py:645} INFO - executorCores           1
[2025-03-28T23:52:47.808+0000] {spark_submit.py:645} INFO - totalExecutorCores      null
[2025-03-28T23:52:47.808+0000] {spark_submit.py:645} INFO - propertiesFile          null
[2025-03-28T23:52:47.809+0000] {spark_submit.py:645} INFO - driverMemory            null
[2025-03-28T23:52:47.809+0000] {spark_submit.py:645} INFO - driverCores             null
[2025-03-28T23:52:47.810+0000] {spark_submit.py:645} INFO - driverExtraClassPath    null
[2025-03-28T23:52:47.811+0000] {spark_submit.py:645} INFO - driverExtraLibraryPath  null
[2025-03-28T23:52:47.811+0000] {spark_submit.py:645} INFO - driverExtraJavaOptions  null
[2025-03-28T23:52:47.812+0000] {spark_submit.py:645} INFO - supervise               false
[2025-03-28T23:52:47.812+0000] {spark_submit.py:645} INFO - queue                   null
[2025-03-28T23:52:47.813+0000] {spark_submit.py:645} INFO - numExecutors            null
[2025-03-28T23:52:47.813+0000] {spark_submit.py:645} INFO - files                   null
[2025-03-28T23:52:47.814+0000] {spark_submit.py:645} INFO - pyFiles                 null
[2025-03-28T23:52:47.814+0000] {spark_submit.py:645} INFO - archives                null
[2025-03-28T23:52:47.814+0000] {spark_submit.py:645} INFO - mainClass               null
[2025-03-28T23:52:47.815+0000] {spark_submit.py:645} INFO - primaryResource         file:/opt/spark_job/data_transformation.py
[2025-03-28T23:52:47.815+0000] {spark_submit.py:645} INFO - name                    arrow-spark
[2025-03-28T23:52:47.816+0000] {spark_submit.py:645} INFO - childArgs               [s3://raw/playlist_20250328_235234.json processed]
[2025-03-28T23:52:47.816+0000] {spark_submit.py:645} INFO - jars                    /opt/spark_job/jars/aws-java-sdk-bundle-1.12.262.jar,/opt/spark_job/jars/hadoop-aws-3.3.4.jar
[2025-03-28T23:52:47.817+0000] {spark_submit.py:645} INFO - packages                null
[2025-03-28T23:52:47.817+0000] {spark_submit.py:645} INFO - packagesExclusions      null
[2025-03-28T23:52:47.818+0000] {spark_submit.py:645} INFO - repositories            null
[2025-03-28T23:52:47.818+0000] {spark_submit.py:645} INFO - verbose                 true
[2025-03-28T23:52:47.819+0000] {spark_submit.py:645} INFO - 
[2025-03-28T23:52:47.819+0000] {spark_submit.py:645} INFO - Spark properties used, including those specified through
[2025-03-28T23:52:47.820+0000] {spark_submit.py:645} INFO - --conf and those from the properties file null:
[2025-03-28T23:52:47.820+0000] {spark_submit.py:645} INFO - (spark.executor.cores,1)
[2025-03-28T23:52:47.821+0000] {spark_submit.py:645} INFO - (spark.executor.memory,512m)
[2025-03-28T23:52:47.821+0000] {spark_submit.py:645} INFO - (spark.hadoop.fs.s3a.access.key,*********(redacted))
[2025-03-28T23:52:47.822+0000] {spark_submit.py:645} INFO - (spark.hadoop.fs.s3a.endpoint,http://minio:9000)
[2025-03-28T23:52:47.823+0000] {spark_submit.py:645} INFO - (spark.hadoop.fs.s3a.impl,org.apache.hadoop.fs.s3a.S3AFileSystem)
[2025-03-28T23:52:47.823+0000] {spark_submit.py:645} INFO - (spark.hadoop.fs.s3a.path.style.access,true)
[2025-03-28T23:52:47.824+0000] {spark_submit.py:645} INFO - (spark.hadoop.fs.s3a.secret.key,*********(redacted))
[2025-03-28T23:52:47.824+0000] {spark_submit.py:645} INFO - (spark.jars,/opt/spark_job/jars/aws-java-sdk-bundle-1.12.262.jar,/opt/spark_job/jars/hadoop-aws-3.3.4.jar)
[2025-03-28T23:52:47.825+0000] {spark_submit.py:645} INFO - 
[2025-03-28T23:52:47.825+0000] {spark_submit.py:645} INFO - 
[2025-03-28T23:52:48.845+0000] {spark_submit.py:645} INFO - 25/03/28 23:52:48 WARN NativeCodeLoader: Unable to load native-hadoop library for your platform... using builtin-java classes where applicable
[2025-03-28T23:52:49.373+0000] {spark_submit.py:645} INFO - Main class:
[2025-03-28T23:52:49.374+0000] {spark_submit.py:645} INFO - org.apache.spark.deploy.PythonRunner
[2025-03-28T23:52:49.374+0000] {spark_submit.py:645} INFO - Arguments:
[2025-03-28T23:52:49.374+0000] {spark_submit.py:645} INFO - file:/opt/spark_job/data_transformation.py
[2025-03-28T23:52:49.375+0000] {spark_submit.py:645} INFO - null
[2025-03-28T23:52:49.375+0000] {spark_submit.py:645} INFO - s3://raw/playlist_20250328_235234.json
[2025-03-28T23:52:49.376+0000] {spark_submit.py:645} INFO - processed
[2025-03-28T23:52:49.376+0000] {spark_submit.py:645} INFO - Spark config:
[2025-03-28T23:52:49.376+0000] {spark_submit.py:645} INFO - (spark.app.name,arrow-spark)
[2025-03-28T23:52:49.377+0000] {spark_submit.py:645} INFO - (spark.app.submitTime,1743205969354)
[2025-03-28T23:52:49.377+0000] {spark_submit.py:645} INFO - (spark.executor.cores,1)
[2025-03-28T23:52:49.377+0000] {spark_submit.py:645} INFO - (spark.executor.memory,512m)
[2025-03-28T23:52:49.378+0000] {spark_submit.py:645} INFO - (spark.hadoop.fs.s3a.access.key,*********(redacted))
[2025-03-28T23:52:49.378+0000] {spark_submit.py:645} INFO - (spark.hadoop.fs.s3a.endpoint,http://minio:9000)
[2025-03-28T23:52:49.378+0000] {spark_submit.py:645} INFO - (spark.hadoop.fs.s3a.impl,org.apache.hadoop.fs.s3a.S3AFileSystem)
[2025-03-28T23:52:49.379+0000] {spark_submit.py:645} INFO - (spark.hadoop.fs.s3a.path.style.access,true)
[2025-03-28T23:52:49.379+0000] {spark_submit.py:645} INFO - (spark.hadoop.fs.s3a.secret.key,*********(redacted))
[2025-03-28T23:52:49.379+0000] {spark_submit.py:645} INFO - (spark.jars,file:///opt/spark_job/jars/aws-java-sdk-bundle-1.12.262.jar,file:///opt/spark_job/jars/hadoop-aws-3.3.4.jar)
[2025-03-28T23:52:49.380+0000] {spark_submit.py:645} INFO - (spark.kerberos.principal,***)
[2025-03-28T23:52:49.380+0000] {spark_submit.py:645} INFO - (spark.master,spark://spark-master:7077)
[2025-03-28T23:52:49.380+0000] {spark_submit.py:645} INFO - (spark.repl.local.jars,file:///opt/spark_job/jars/aws-java-sdk-bundle-1.12.262.jar,file:///opt/spark_job/jars/hadoop-aws-3.3.4.jar)
[2025-03-28T23:52:49.381+0000] {spark_submit.py:645} INFO - (spark.submit.deployMode,client)
[2025-03-28T23:52:49.381+0000] {spark_submit.py:645} INFO - (spark.submit.pyFiles,)
[2025-03-28T23:52:49.382+0000] {spark_submit.py:645} INFO - Classpath elements:
[2025-03-28T23:52:49.382+0000] {spark_submit.py:645} INFO - file:///opt/spark_job/jars/aws-java-sdk-bundle-1.12.262.jar
[2025-03-28T23:52:49.382+0000] {spark_submit.py:645} INFO - file:///opt/spark_job/jars/hadoop-aws-3.3.4.jar
[2025-03-28T23:52:49.383+0000] {spark_submit.py:645} INFO - 
[2025-03-28T23:52:49.383+0000] {spark_submit.py:645} INFO - 
[2025-03-28T23:52:50.904+0000] {spark_submit.py:645} INFO - 2025-03-28 23:52:50,903 - INFO - Iniciando a configuração da Spark Session
[2025-03-28T23:52:51.795+0000] {spark_submit.py:645} INFO - 25/03/28 23:52:51 INFO SparkContext: Running Spark version 3.5.5
[2025-03-28T23:52:51.796+0000] {spark_submit.py:645} INFO - 25/03/28 23:52:51 INFO SparkContext: OS info Linux, 5.15.153.1-microsoft-standard-WSL2, amd64
[2025-03-28T23:52:51.798+0000] {spark_submit.py:645} INFO - 25/03/28 23:52:51 INFO SparkContext: Java version 17.0.14
[2025-03-28T23:52:51.854+0000] {spark_submit.py:645} INFO - 25/03/28 23:52:51 INFO ResourceUtils: ==============================================================
[2025-03-28T23:52:51.854+0000] {spark_submit.py:645} INFO - 25/03/28 23:52:51 INFO ResourceUtils: No custom resources configured for spark.driver.
[2025-03-28T23:52:51.855+0000] {spark_submit.py:645} INFO - 25/03/28 23:52:51 INFO ResourceUtils: ==============================================================
[2025-03-28T23:52:51.856+0000] {spark_submit.py:645} INFO - 25/03/28 23:52:51 INFO SparkContext: Submitted application: Minio Integration with PySpark
[2025-03-28T23:52:51.891+0000] {spark_submit.py:645} INFO - 25/03/28 23:52:51 INFO ResourceProfile: Default ResourceProfile created, executor resources: Map(cores -> name: cores, amount: 1, script: , vendor: , memory -> name: memory, amount: 512, script: , vendor: , offHeap -> name: offHeap, amount: 0, script: , vendor: ), task resources: Map(cpus -> name: cpus, amount: 1.0)
[2025-03-28T23:52:51.902+0000] {spark_submit.py:645} INFO - 25/03/28 23:52:51 INFO ResourceProfile: Limiting resource is cpus at 1 tasks per executor
[2025-03-28T23:52:51.904+0000] {spark_submit.py:645} INFO - 25/03/28 23:52:51 INFO ResourceProfileManager: Added ResourceProfile id: 0
[2025-03-28T23:52:52.048+0000] {spark_submit.py:645} INFO - 25/03/28 23:52:52 INFO SecurityManager: Changing view acls to: ***
[2025-03-28T23:52:52.049+0000] {spark_submit.py:645} INFO - 25/03/28 23:52:52 INFO SecurityManager: Changing modify acls to: ***
[2025-03-28T23:52:52.050+0000] {spark_submit.py:645} INFO - 25/03/28 23:52:52 INFO SecurityManager: Changing view acls groups to:
[2025-03-28T23:52:52.050+0000] {spark_submit.py:645} INFO - 25/03/28 23:52:52 INFO SecurityManager: Changing modify acls groups to:
[2025-03-28T23:52:52.051+0000] {spark_submit.py:645} INFO - 25/03/28 23:52:52 INFO SecurityManager: SecurityManager: authentication disabled; ui acls disabled; users with view permissions: ***; groups with view permissions: EMPTY; users with modify permissions: ***; groups with modify permissions: EMPTY
[2025-03-28T23:52:52.657+0000] {spark_submit.py:645} INFO - 25/03/28 23:52:52 INFO Utils: Successfully started service 'sparkDriver' on port 36193.
[2025-03-28T23:52:52.919+0000] {spark_submit.py:645} INFO - 25/03/28 23:52:52 INFO SparkEnv: Registering MapOutputTracker
[2025-03-28T23:52:52.992+0000] {spark_submit.py:645} INFO - 25/03/28 23:52:52 INFO SparkEnv: Registering BlockManagerMaster
[2025-03-28T23:52:53.014+0000] {spark_submit.py:645} INFO - 25/03/28 23:52:53 INFO BlockManagerMasterEndpoint: Using org.apache.spark.storage.DefaultTopologyMapper for getting topology information
[2025-03-28T23:52:53.014+0000] {spark_submit.py:645} INFO - 25/03/28 23:52:53 INFO BlockManagerMasterEndpoint: BlockManagerMasterEndpoint up
[2025-03-28T23:52:53.023+0000] {spark_submit.py:645} INFO - 25/03/28 23:52:53 INFO SparkEnv: Registering BlockManagerMasterHeartbeat
[2025-03-28T23:52:53.104+0000] {spark_submit.py:645} INFO - 25/03/28 23:52:53 INFO DiskBlockManager: Created local directory at /tmp/blockmgr-cd086164-4cc1-4fb8-bcd4-7631ce9cede6
[2025-03-28T23:52:53.137+0000] {spark_submit.py:645} INFO - 25/03/28 23:52:53 INFO MemoryStore: MemoryStore started with capacity 434.4 MiB
[2025-03-28T23:52:53.151+0000] {spark_submit.py:645} INFO - 25/03/28 23:52:53 INFO SparkEnv: Registering OutputCommitCoordinator
[2025-03-28T23:52:53.483+0000] {spark_submit.py:645} INFO - 25/03/28 23:52:53 INFO JettyUtils: Start Jetty 0.0.0.0:4040 for SparkUI
[2025-03-28T23:52:53.658+0000] {spark_submit.py:645} INFO - 25/03/28 23:52:53 INFO Utils: Successfully started service 'SparkUI' on port 4040.
[2025-03-28T23:52:53.701+0000] {spark_submit.py:645} INFO - 25/03/28 23:52:53 INFO SparkContext: Added JAR file:///opt/spark_job/jars/aws-java-sdk-bundle-1.12.262.jar at spark://9a51e41eb88a:36193/jars/aws-java-sdk-bundle-1.12.262.jar with timestamp 1743205971740
[2025-03-28T23:52:53.702+0000] {spark_submit.py:645} INFO - 25/03/28 23:52:53 INFO SparkContext: Added JAR file:///opt/spark_job/jars/hadoop-aws-3.3.4.jar at spark://9a51e41eb88a:36193/jars/hadoop-aws-3.3.4.jar with timestamp 1743205971740
[2025-03-28T23:52:53.844+0000] {spark_submit.py:645} INFO - 25/03/28 23:52:53 INFO StandaloneAppClient$ClientEndpoint: Connecting to master spark://spark-master:7077...
[2025-03-28T23:52:54.312+0000] {spark_submit.py:645} INFO - 25/03/28 23:52:54 INFO TransportClientFactory: Successfully created connection to spark-master/172.18.0.6:7077 after 79 ms (0 ms spent in bootstraps)
[2025-03-28T23:52:54.585+0000] {spark_submit.py:645} INFO - 25/03/28 23:52:54 INFO StandaloneSchedulerBackend: Connected to Spark cluster with app ID app-20250328235254-0000
[2025-03-28T23:52:54.604+0000] {spark_submit.py:645} INFO - 25/03/28 23:52:54 INFO Utils: Successfully started service 'org.apache.spark.network.netty.NettyBlockTransferService' on port 41537.
[2025-03-28T23:52:54.604+0000] {spark_submit.py:645} INFO - 25/03/28 23:52:54 INFO NettyBlockTransferService: Server created on 9a51e41eb88a:41537
[2025-03-28T23:52:54.607+0000] {spark_submit.py:645} INFO - 25/03/28 23:52:54 INFO BlockManager: Using org.apache.spark.storage.RandomBlockReplicationPolicy for block replication policy
[2025-03-28T23:52:54.627+0000] {spark_submit.py:645} INFO - 25/03/28 23:52:54 INFO StandaloneAppClient$ClientEndpoint: Executor added: app-20250328235254-0000/0 on worker-20250328234144-172.18.0.7-36857 (172.18.0.7:36857) with 1 core(s)
[2025-03-28T23:52:54.629+0000] {spark_submit.py:645} INFO - 25/03/28 23:52:54 INFO StandaloneSchedulerBackend: Granted executor ID app-20250328235254-0000/0 on hostPort 172.18.0.7:36857 with 1 core(s), 512.0 MiB RAM
[2025-03-28T23:52:54.631+0000] {spark_submit.py:645} INFO - 25/03/28 23:52:54 INFO StandaloneAppClient$ClientEndpoint: Executor added: app-20250328235254-0000/1 on worker-20250328234144-172.18.0.7-36857 (172.18.0.7:36857) with 1 core(s)
[2025-03-28T23:52:54.633+0000] {spark_submit.py:645} INFO - 25/03/28 23:52:54 INFO StandaloneSchedulerBackend: Granted executor ID app-20250328235254-0000/1 on hostPort 172.18.0.7:36857 with 1 core(s), 512.0 MiB RAM
[2025-03-28T23:52:54.641+0000] {spark_submit.py:645} INFO - 25/03/28 23:52:54 INFO StandaloneAppClient$ClientEndpoint: Executor added: app-20250328235254-0000/2 on worker-20250328234144-172.18.0.5-44197 (172.18.0.5:44197) with 1 core(s)
[2025-03-28T23:52:54.642+0000] {spark_submit.py:645} INFO - 25/03/28 23:52:54 INFO StandaloneSchedulerBackend: Granted executor ID app-20250328235254-0000/2 on hostPort 172.18.0.5:44197 with 1 core(s), 512.0 MiB RAM
[2025-03-28T23:52:54.645+0000] {spark_submit.py:645} INFO - 25/03/28 23:52:54 INFO BlockManagerMaster: Registering BlockManager BlockManagerId(driver, 9a51e41eb88a, 41537, None)
[2025-03-28T23:52:54.649+0000] {spark_submit.py:645} INFO - 25/03/28 23:52:54 INFO BlockManagerMasterEndpoint: Registering block manager 9a51e41eb88a:41537 with 434.4 MiB RAM, BlockManagerId(driver, 9a51e41eb88a, 41537, None)
[2025-03-28T23:52:54.652+0000] {spark_submit.py:645} INFO - 25/03/28 23:52:54 INFO BlockManagerMaster: Registered BlockManager BlockManagerId(driver, 9a51e41eb88a, 41537, None)
[2025-03-28T23:52:54.654+0000] {spark_submit.py:645} INFO - 25/03/28 23:52:54 INFO BlockManager: Initialized BlockManager: BlockManagerId(driver, 9a51e41eb88a, 41537, None)
[2025-03-28T23:52:54.656+0000] {spark_submit.py:645} INFO - 25/03/28 23:52:54 INFO StandaloneAppClient$ClientEndpoint: Executor added: app-20250328235254-0000/3 on worker-20250328234144-172.18.0.5-44197 (172.18.0.5:44197) with 1 core(s)
[2025-03-28T23:52:54.660+0000] {spark_submit.py:645} INFO - 25/03/28 23:52:54 INFO StandaloneSchedulerBackend: Granted executor ID app-20250328235254-0000/3 on hostPort 172.18.0.5:44197 with 1 core(s), 512.0 MiB RAM
[2025-03-28T23:52:55.247+0000] {spark_submit.py:645} INFO - 25/03/28 23:52:55 INFO StandaloneAppClient$ClientEndpoint: Executor updated: app-20250328235254-0000/2 is now RUNNING
[2025-03-28T23:52:55.265+0000] {spark_submit.py:645} INFO - 25/03/28 23:52:55 INFO StandaloneAppClient$ClientEndpoint: Executor updated: app-20250328235254-0000/3 is now RUNNING
[2025-03-28T23:52:55.269+0000] {spark_submit.py:645} INFO - 25/03/28 23:52:55 INFO StandaloneAppClient$ClientEndpoint: Executor updated: app-20250328235254-0000/0 is now RUNNING
[2025-03-28T23:52:55.279+0000] {spark_submit.py:645} INFO - 25/03/28 23:52:55 INFO StandaloneAppClient$ClientEndpoint: Executor updated: app-20250328235254-0000/1 is now RUNNING
[2025-03-28T23:52:55.753+0000] {spark_submit.py:645} INFO - 25/03/28 23:52:55 INFO StandaloneSchedulerBackend: SchedulerBackend is ready for scheduling beginning after reached minRegisteredResourcesRatio: 0.0
[2025-03-28T23:52:56.410+0000] {spark_submit.py:645} INFO - 2025-03-28 23:52:56,409 - INFO - Spark Session criada com sucesso
[2025-03-28T23:52:56.435+0000] {spark_submit.py:645} INFO - 25/03/28 23:52:56 INFO SharedState: Setting hive.metastore.warehouse.dir ('null') to the value of spark.sql.warehouse.dir.
[2025-03-28T23:52:56.439+0000] {spark_submit.py:645} INFO - 25/03/28 23:52:56 INFO SharedState: Warehouse path is 'file:/opt/spark-warehouse'.
[2025-03-28T23:53:00.118+0000] {spark_submit.py:645} INFO - 25/03/28 23:53:00 WARN MetricsConfig: Cannot locate configuration: tried hadoop-metrics2-s3a-file-system.properties,hadoop-metrics2.properties
[2025-03-28T23:53:00.166+0000] {spark_submit.py:645} INFO - 25/03/28 23:53:00 INFO MetricsSystemImpl: Scheduled Metric snapshot period at 10 second(s).
[2025-03-28T23:53:00.167+0000] {spark_submit.py:645} INFO - 25/03/28 23:53:00 INFO MetricsSystemImpl: s3a-file-system metrics system started
[2025-03-28T23:53:06.036+0000] {spark_submit.py:645} INFO - 25/03/28 23:53:06 INFO StandaloneSchedulerBackend$StandaloneDriverEndpoint: Registered executor NettyRpcEndpointRef(spark-client://Executor) (172.18.0.7:59256) with ID 0,  ResourceProfileId 0
[2025-03-28T23:53:06.158+0000] {spark_submit.py:645} INFO - 25/03/28 23:53:06 INFO StandaloneSchedulerBackend$StandaloneDriverEndpoint: Registered executor NettyRpcEndpointRef(spark-client://Executor) (172.18.0.7:59268) with ID 1,  ResourceProfileId 0
[2025-03-28T23:53:06.168+0000] {spark_submit.py:645} INFO - 25/03/28 23:53:06 INFO StandaloneSchedulerBackend$StandaloneDriverEndpoint: Registered executor NettyRpcEndpointRef(spark-client://Executor) (172.18.0.5:51814) with ID 2,  ResourceProfileId 0
[2025-03-28T23:53:06.171+0000] {spark_submit.py:645} INFO - 25/03/28 23:53:06 INFO StandaloneSchedulerBackend$StandaloneDriverEndpoint: Registered executor NettyRpcEndpointRef(spark-client://Executor) (172.18.0.5:51820) with ID 3,  ResourceProfileId 0
[2025-03-28T23:53:06.582+0000] {spark_submit.py:645} INFO - 25/03/28 23:53:06 INFO BlockManagerMasterEndpoint: Registering block manager 172.18.0.5:46425 with 127.2 MiB RAM, BlockManagerId(2, 172.18.0.5, 46425, None)
[2025-03-28T23:53:06.595+0000] {spark_submit.py:645} INFO - 25/03/28 23:53:06 INFO BlockManagerMasterEndpoint: Registering block manager 172.18.0.7:39557 with 127.2 MiB RAM, BlockManagerId(1, 172.18.0.7, 39557, None)
[2025-03-28T23:53:06.658+0000] {spark_submit.py:645} INFO - 25/03/28 23:53:06 INFO BlockManagerMasterEndpoint: Registering block manager 172.18.0.5:45623 with 127.2 MiB RAM, BlockManagerId(3, 172.18.0.5, 45623, None)
[2025-03-28T23:53:06.721+0000] {spark_submit.py:645} INFO - 25/03/28 23:53:06 INFO BlockManagerMasterEndpoint: Registering block manager 172.18.0.7:38779 with 127.2 MiB RAM, BlockManagerId(0, 172.18.0.7, 38779, None)
[2025-03-28T23:53:08.220+0000] {spark_submit.py:645} INFO - 25/03/28 23:53:08 INFO InMemoryFileIndex: It took 683 ms to list leaf files for 1 paths.
[2025-03-28T23:53:10.380+0000] {spark_submit.py:645} INFO - 25/03/28 23:53:10 INFO MemoryStore: Block broadcast_0 stored as values in memory (estimated size 209.2 KiB, free 434.2 MiB)
[2025-03-28T23:53:11.554+0000] {spark_submit.py:645} INFO - 25/03/28 23:53:11 INFO MemoryStore: Block broadcast_0_piece0 stored as bytes in memory (estimated size 35.5 KiB, free 434.2 MiB)
[2025-03-28T23:53:11.571+0000] {spark_submit.py:645} INFO - 25/03/28 23:53:11 INFO BlockManagerInfo: Added broadcast_0_piece0 in memory on 9a51e41eb88a:41537 (size: 35.5 KiB, free: 434.4 MiB)
[2025-03-28T23:53:11.593+0000] {spark_submit.py:645} INFO - 25/03/28 23:53:11 INFO SparkContext: Created broadcast 0 from json at NativeMethodAccessorImpl.java:0
[2025-03-28T23:53:41.397+0000] {spark_submit.py:645} INFO - 25/03/28 23:53:41 INFO FileInputFormat: Total input files to process : 1
[2025-03-28T23:53:41.410+0000] {spark_submit.py:645} INFO - 25/03/28 23:53:41 INFO FileInputFormat: Total input files to process : 1
[2025-03-28T23:53:41.462+0000] {spark_submit.py:645} INFO - 25/03/28 23:53:41 INFO SparkContext: Starting job: json at NativeMethodAccessorImpl.java:0
[2025-03-28T23:53:41.479+0000] {spark_submit.py:645} INFO - 25/03/28 23:53:41 INFO DAGScheduler: Got job 0 (json at NativeMethodAccessorImpl.java:0) with 1 output partitions
[2025-03-28T23:53:41.480+0000] {spark_submit.py:645} INFO - 25/03/28 23:53:41 INFO DAGScheduler: Final stage: ResultStage 0 (json at NativeMethodAccessorImpl.java:0)
[2025-03-28T23:53:41.480+0000] {spark_submit.py:645} INFO - 25/03/28 23:53:41 INFO DAGScheduler: Parents of final stage: List()
[2025-03-28T23:53:41.481+0000] {spark_submit.py:645} INFO - 25/03/28 23:53:41 INFO DAGScheduler: Missing parents: List()
[2025-03-28T23:53:41.486+0000] {spark_submit.py:645} INFO - 25/03/28 23:53:41 INFO DAGScheduler: Submitting ResultStage 0 (MapPartitionsRDD[2] at json at NativeMethodAccessorImpl.java:0), which has no missing parents
[2025-03-28T23:53:41.555+0000] {spark_submit.py:645} INFO - 25/03/28 23:53:41 INFO MemoryStore: Block broadcast_1 stored as values in memory (estimated size 9.3 KiB, free 434.2 MiB)
[2025-03-28T23:53:41.567+0000] {spark_submit.py:645} INFO - 25/03/28 23:53:41 INFO MemoryStore: Block broadcast_1_piece0 stored as bytes in memory (estimated size 5.0 KiB, free 434.1 MiB)
[2025-03-28T23:53:41.568+0000] {spark_submit.py:645} INFO - 25/03/28 23:53:41 INFO BlockManagerInfo: Added broadcast_1_piece0 in memory on 9a51e41eb88a:41537 (size: 5.0 KiB, free: 434.4 MiB)
[2025-03-28T23:53:41.569+0000] {spark_submit.py:645} INFO - 25/03/28 23:53:41 INFO SparkContext: Created broadcast 1 from broadcast at DAGScheduler.scala:1585
[2025-03-28T23:53:41.599+0000] {spark_submit.py:645} INFO - 25/03/28 23:53:41 INFO DAGScheduler: Submitting 1 missing tasks from ResultStage 0 (MapPartitionsRDD[2] at json at NativeMethodAccessorImpl.java:0) (first 15 tasks are for partitions Vector(0))
[2025-03-28T23:53:41.601+0000] {spark_submit.py:645} INFO - 25/03/28 23:53:41 INFO TaskSchedulerImpl: Adding task set 0.0 with 1 tasks resource profile 0
[2025-03-28T23:53:41.688+0000] {spark_submit.py:645} INFO - 25/03/28 23:53:41 INFO TaskSetManager: Starting task 0.0 in stage 0.0 (TID 0) (172.18.0.7, executor 0, partition 0, PROCESS_LOCAL, 9420 bytes)
[2025-03-28T23:53:45.490+0000] {spark_submit.py:645} INFO - 25/03/28 23:53:45 INFO BlockManagerInfo: Added broadcast_1_piece0 in memory on 172.18.0.7:38779 (size: 5.0 KiB, free: 127.2 MiB)
[2025-03-28T23:53:46.598+0000] {spark_submit.py:645} INFO - 25/03/28 23:53:46 INFO BlockManagerInfo: Added broadcast_0_piece0 in memory on 172.18.0.7:38779 (size: 35.5 KiB, free: 127.2 MiB)
[2025-03-28T23:53:58.308+0000] {spark_submit.py:645} INFO - 25/03/28 23:53:58 INFO TaskSetManager: Finished task 0.0 in stage 0.0 (TID 0) in 16672 ms on 172.18.0.7 (executor 0) (1/1)
[2025-03-28T23:53:58.309+0000] {spark_submit.py:645} INFO - 25/03/28 23:53:58 INFO TaskSchedulerImpl: Removed TaskSet 0.0, whose tasks have all completed, from pool
[2025-03-28T23:53:58.314+0000] {spark_submit.py:645} INFO - 25/03/28 23:53:58 INFO DAGScheduler: ResultStage 0 (json at NativeMethodAccessorImpl.java:0) finished in 16.787 s
[2025-03-28T23:53:58.318+0000] {spark_submit.py:645} INFO - 25/03/28 23:53:58 INFO DAGScheduler: Job 0 is finished. Cancelling potential speculative or zombie tasks for this job
[2025-03-28T23:53:58.319+0000] {spark_submit.py:645} INFO - 25/03/28 23:53:58 INFO TaskSchedulerImpl: Killing all running tasks in stage 0: Stage finished
[2025-03-28T23:53:58.343+0000] {spark_submit.py:645} INFO - 25/03/28 23:53:58 INFO DAGScheduler: Job 0 finished: json at NativeMethodAccessorImpl.java:0, took 16.889963 s
[2025-03-28T23:53:59.917+0000] {spark_submit.py:645} INFO - 25/03/28 23:53:59 INFO BlockManagerInfo: Removed broadcast_1_piece0 on 9a51e41eb88a:41537 in memory (size: 5.0 KiB, free: 434.4 MiB)
[2025-03-28T23:53:59.938+0000] {spark_submit.py:645} INFO - 25/03/28 23:53:59 INFO BlockManagerInfo: Removed broadcast_1_piece0 on 172.18.0.7:38779 in memory (size: 5.0 KiB, free: 127.2 MiB)
[2025-03-28T23:53:59.952+0000] {spark_submit.py:645} INFO - 25/03/28 23:53:59 INFO BlockManagerInfo: Removed broadcast_0_piece0 on 9a51e41eb88a:41537 in memory (size: 35.5 KiB, free: 434.4 MiB)
[2025-03-28T23:53:59.956+0000] {spark_submit.py:645} INFO - 25/03/28 23:53:59 INFO BlockManagerInfo: Removed broadcast_0_piece0 on 172.18.0.7:38779 in memory (size: 35.5 KiB, free: 127.2 MiB)
[2025-03-28T23:54:01.447+0000] {spark_submit.py:645} INFO - 2025-03-28 23:54:01,447 - ERROR - Error writing the data to s3://processed_bucket/teste: An error occurred while calling o41.parquet.
[2025-03-28T23:54:01.447+0000] {spark_submit.py:645} INFO - : org.apache.hadoop.fs.UnsupportedFileSystemException: No FileSystem for scheme "s3"
[2025-03-28T23:54:01.448+0000] {spark_submit.py:645} INFO - at org.apache.hadoop.fs.FileSystem.getFileSystemClass(FileSystem.java:3443)
[2025-03-28T23:54:01.448+0000] {spark_submit.py:645} INFO - at org.apache.hadoop.fs.FileSystem.createFileSystem(FileSystem.java:3466)
[2025-03-28T23:54:01.449+0000] {spark_submit.py:645} INFO - at org.apache.hadoop.fs.FileSystem.access$300(FileSystem.java:174)
[2025-03-28T23:54:01.449+0000] {spark_submit.py:645} INFO - at org.apache.hadoop.fs.FileSystem$Cache.getInternal(FileSystem.java:3574)
[2025-03-28T23:54:01.449+0000] {spark_submit.py:645} INFO - at org.apache.hadoop.fs.FileSystem$Cache.get(FileSystem.java:3521)
[2025-03-28T23:54:01.450+0000] {spark_submit.py:645} INFO - at org.apache.hadoop.fs.FileSystem.get(FileSystem.java:540)
[2025-03-28T23:54:01.450+0000] {spark_submit.py:645} INFO - at org.apache.hadoop.fs.Path.getFileSystem(Path.java:365)
[2025-03-28T23:54:01.451+0000] {spark_submit.py:645} INFO - at org.apache.spark.sql.execution.datasources.DataSource.planForWritingFileFormat(DataSource.scala:454)
[2025-03-28T23:54:01.451+0000] {spark_submit.py:645} INFO - at org.apache.spark.sql.execution.datasources.DataSource.planForWriting(DataSource.scala:530)
[2025-03-28T23:54:01.452+0000] {spark_submit.py:645} INFO - at org.apache.spark.sql.DataFrameWriter.saveToV1Source(DataFrameWriter.scala:391)
[2025-03-28T23:54:01.452+0000] {spark_submit.py:645} INFO - at org.apache.spark.sql.DataFrameWriter.saveInternal(DataFrameWriter.scala:364)
[2025-03-28T23:54:01.453+0000] {spark_submit.py:645} INFO - at org.apache.spark.sql.DataFrameWriter.save(DataFrameWriter.scala:243)
[2025-03-28T23:54:01.453+0000] {spark_submit.py:645} INFO - at org.apache.spark.sql.DataFrameWriter.parquet(DataFrameWriter.scala:802)
[2025-03-28T23:54:01.453+0000] {spark_submit.py:645} INFO - at java.base/jdk.internal.reflect.NativeMethodAccessorImpl.invoke0(Native Method)
[2025-03-28T23:54:01.454+0000] {spark_submit.py:645} INFO - at java.base/jdk.internal.reflect.NativeMethodAccessorImpl.invoke(NativeMethodAccessorImpl.java:77)
[2025-03-28T23:54:01.454+0000] {spark_submit.py:645} INFO - at java.base/jdk.internal.reflect.DelegatingMethodAccessorImpl.invoke(DelegatingMethodAccessorImpl.java:43)
[2025-03-28T23:54:01.454+0000] {spark_submit.py:645} INFO - at java.base/java.lang.reflect.Method.invoke(Method.java:569)
[2025-03-28T23:54:01.455+0000] {spark_submit.py:645} INFO - at py4j.reflection.MethodInvoker.invoke(MethodInvoker.java:244)
[2025-03-28T23:54:01.455+0000] {spark_submit.py:645} INFO - at py4j.reflection.ReflectionEngine.invoke(ReflectionEngine.java:374)
[2025-03-28T23:54:01.455+0000] {spark_submit.py:645} INFO - at py4j.Gateway.invoke(Gateway.java:282)
[2025-03-28T23:54:01.456+0000] {spark_submit.py:645} INFO - at py4j.commands.AbstractCommand.invokeMethod(AbstractCommand.java:132)
[2025-03-28T23:54:01.456+0000] {spark_submit.py:645} INFO - at py4j.commands.CallCommand.execute(CallCommand.java:79)
[2025-03-28T23:54:01.456+0000] {spark_submit.py:645} INFO - at py4j.ClientServerConnection.waitForCommands(ClientServerConnection.java:182)
[2025-03-28T23:54:01.457+0000] {spark_submit.py:645} INFO - at py4j.ClientServerConnection.run(ClientServerConnection.java:106)
[2025-03-28T23:54:01.612+0000] {spark_submit.py:645} INFO - at java.base/java.lang.Thread.run(Thread.java:840)
[2025-03-28T23:54:01.613+0000] {spark_submit.py:645} INFO - 
[2025-03-28T23:54:01.613+0000] {spark_submit.py:645} INFO - Traceback (most recent call last):
[2025-03-28T23:54:01.613+0000] {spark_submit.py:645} INFO - File "/opt/spark_job/code/parquet_writer.py", line 19, in dataframe_writer
[2025-03-28T23:54:01.614+0000] {spark_submit.py:645} INFO - .parquet(file_path)
[2025-03-28T23:54:01.614+0000] {spark_submit.py:645} INFO - ^^^^^^^^^^^^^^^^^^
[2025-03-28T23:54:01.614+0000] {spark_submit.py:645} INFO - File "/home/***/.local/lib/python3.11/site-packages/pyspark/python/lib/pyspark.zip/pyspark/sql/readwriter.py", line 1721, in parquet
[2025-03-28T23:54:01.615+0000] {spark_submit.py:645} INFO - self._jwrite.parquet(path)
[2025-03-28T23:54:01.615+0000] {spark_submit.py:645} INFO - File "/home/***/.local/lib/python3.11/site-packages/pyspark/python/lib/py4j-0.10.9.7-src.zip/py4j/java_gateway.py", line 1322, in __call__
[2025-03-28T23:54:01.616+0000] {spark_submit.py:645} INFO - return_value = get_return_value(
[2025-03-28T23:54:01.616+0000] {spark_submit.py:645} INFO - ^^^^^^^^^^^^^^^^^
[2025-03-28T23:54:01.617+0000] {spark_submit.py:645} INFO - File "/home/***/.local/lib/python3.11/site-packages/pyspark/python/lib/pyspark.zip/pyspark/errors/exceptions/captured.py", line 179, in deco
[2025-03-28T23:54:01.617+0000] {spark_submit.py:645} INFO - return f(*a, **kw)
[2025-03-28T23:54:01.618+0000] {spark_submit.py:645} INFO - ^^^^^^^^^^^
[2025-03-28T23:54:01.618+0000] {spark_submit.py:645} INFO - File "/home/***/.local/lib/python3.11/site-packages/pyspark/python/lib/py4j-0.10.9.7-src.zip/py4j/protocol.py", line 326, in get_return_value
[2025-03-28T23:54:01.619+0000] {spark_submit.py:645} INFO - raise Py4JJavaError(
[2025-03-28T23:54:01.619+0000] {spark_submit.py:645} INFO - py4j.protocol.Py4JJavaError: An error occurred while calling o41.parquet.
[2025-03-28T23:54:01.619+0000] {spark_submit.py:645} INFO - : org.apache.hadoop.fs.UnsupportedFileSystemException: No FileSystem for scheme "s3"
[2025-03-28T23:54:01.620+0000] {spark_submit.py:645} INFO - at org.apache.hadoop.fs.FileSystem.getFileSystemClass(FileSystem.java:3443)
[2025-03-28T23:54:01.620+0000] {spark_submit.py:645} INFO - at org.apache.hadoop.fs.FileSystem.createFileSystem(FileSystem.java:3466)
[2025-03-28T23:54:01.620+0000] {spark_submit.py:645} INFO - at org.apache.hadoop.fs.FileSystem.access$300(FileSystem.java:174)
[2025-03-28T23:54:01.621+0000] {spark_submit.py:645} INFO - at org.apache.hadoop.fs.FileSystem$Cache.getInternal(FileSystem.java:3574)
[2025-03-28T23:54:01.621+0000] {spark_submit.py:645} INFO - at org.apache.hadoop.fs.FileSystem$Cache.get(FileSystem.java:3521)
[2025-03-28T23:54:01.622+0000] {spark_submit.py:645} INFO - at org.apache.hadoop.fs.FileSystem.get(FileSystem.java:540)
[2025-03-28T23:54:01.622+0000] {spark_submit.py:645} INFO - at org.apache.hadoop.fs.Path.getFileSystem(Path.java:365)
[2025-03-28T23:54:01.622+0000] {spark_submit.py:645} INFO - at org.apache.spark.sql.execution.datasources.DataSource.planForWritingFileFormat(DataSource.scala:454)
[2025-03-28T23:54:01.623+0000] {spark_submit.py:645} INFO - at org.apache.spark.sql.execution.datasources.DataSource.planForWriting(DataSource.scala:530)
[2025-03-28T23:54:01.623+0000] {spark_submit.py:645} INFO - at org.apache.spark.sql.DataFrameWriter.saveToV1Source(DataFrameWriter.scala:391)
[2025-03-28T23:54:01.624+0000] {spark_submit.py:645} INFO - at org.apache.spark.sql.DataFrameWriter.saveInternal(DataFrameWriter.scala:364)
[2025-03-28T23:54:01.624+0000] {spark_submit.py:645} INFO - at org.apache.spark.sql.DataFrameWriter.save(DataFrameWriter.scala:243)
[2025-03-28T23:54:01.624+0000] {spark_submit.py:645} INFO - at org.apache.spark.sql.DataFrameWriter.parquet(DataFrameWriter.scala:802)
[2025-03-28T23:54:01.625+0000] {spark_submit.py:645} INFO - at java.base/jdk.internal.reflect.NativeMethodAccessorImpl.invoke0(Native Method)
[2025-03-28T23:54:01.625+0000] {spark_submit.py:645} INFO - at java.base/jdk.internal.reflect.NativeMethodAccessorImpl.invoke(NativeMethodAccessorImpl.java:77)
[2025-03-28T23:54:01.625+0000] {spark_submit.py:645} INFO - at java.base/jdk.internal.reflect.DelegatingMethodAccessorImpl.invoke(DelegatingMethodAccessorImpl.java:43)
[2025-03-28T23:54:01.626+0000] {spark_submit.py:645} INFO - at java.base/java.lang.reflect.Method.invoke(Method.java:569)
[2025-03-28T23:54:01.626+0000] {spark_submit.py:645} INFO - at py4j.reflection.MethodInvoker.invoke(MethodInvoker.java:244)
[2025-03-28T23:54:01.626+0000] {spark_submit.py:645} INFO - at py4j.reflection.ReflectionEngine.invoke(ReflectionEngine.java:374)
[2025-03-28T23:54:01.627+0000] {spark_submit.py:645} INFO - at py4j.Gateway.invoke(Gateway.java:282)
[2025-03-28T23:54:01.627+0000] {spark_submit.py:645} INFO - at py4j.commands.AbstractCommand.invokeMethod(AbstractCommand.java:132)
[2025-03-28T23:54:01.628+0000] {spark_submit.py:645} INFO - at py4j.commands.CallCommand.execute(CallCommand.java:79)
[2025-03-28T23:54:01.629+0000] {spark_submit.py:645} INFO - at py4j.ClientServerConnection.waitForCommands(ClientServerConnection.java:182)
[2025-03-28T23:54:01.629+0000] {spark_submit.py:645} INFO - at py4j.ClientServerConnection.run(ClientServerConnection.java:106)
[2025-03-28T23:54:01.630+0000] {spark_submit.py:645} INFO - at java.base/java.lang.Thread.run(Thread.java:840)
[2025-03-28T23:54:01.630+0000] {spark_submit.py:645} INFO - 
[2025-03-28T23:54:01.630+0000] {spark_submit.py:645} INFO - 
[2025-03-28T23:54:01.631+0000] {spark_submit.py:645} INFO - Traceback (most recent call last):
[2025-03-28T23:54:01.631+0000] {spark_submit.py:645} INFO - File "/opt/spark_job/data_transformation.py", line 38, in <module>
[2025-03-28T23:54:01.631+0000] {spark_submit.py:645} INFO - data_transformation(spark, file_path, processed_bucket, writer)
[2025-03-28T23:54:01.632+0000] {spark_submit.py:645} INFO - File "/opt/spark_job/data_transformation.py", line 22, in data_transformation
[2025-03-28T23:54:01.632+0000] {spark_submit.py:645} INFO - writer.dataframe_writer(df_raw, bucket_path, "teste")
[2025-03-28T23:54:01.632+0000] {spark_submit.py:645} INFO - File "/opt/spark_job/code/parquet_writer.py", line 25, in dataframe_writer
[2025-03-28T23:54:01.633+0000] {spark_submit.py:645} INFO - raise e
[2025-03-28T23:54:01.633+0000] {spark_submit.py:645} INFO - File "/opt/spark_job/code/parquet_writer.py", line 19, in dataframe_writer
[2025-03-28T23:54:01.633+0000] {spark_submit.py:645} INFO - .parquet(file_path)
[2025-03-28T23:54:01.634+0000] {spark_submit.py:645} INFO - ^^^^^^^^^^^^^^^^^^
[2025-03-28T23:54:01.634+0000] {spark_submit.py:645} INFO - File "/home/***/.local/lib/python3.11/site-packages/pyspark/python/lib/pyspark.zip/pyspark/sql/readwriter.py", line 1721, in parquet
[2025-03-28T23:54:01.635+0000] {spark_submit.py:645} INFO - File "/home/***/.local/lib/python3.11/site-packages/pyspark/python/lib/py4j-0.10.9.7-src.zip/py4j/java_gateway.py", line 1322, in __call__
[2025-03-28T23:54:01.635+0000] {spark_submit.py:645} INFO - File "/home/***/.local/lib/python3.11/site-packages/pyspark/python/lib/pyspark.zip/pyspark/errors/exceptions/captured.py", line 179, in deco
[2025-03-28T23:54:01.636+0000] {spark_submit.py:645} INFO - File "/home/***/.local/lib/python3.11/site-packages/pyspark/python/lib/py4j-0.10.9.7-src.zip/py4j/protocol.py", line 326, in get_return_value
[2025-03-28T23:54:01.636+0000] {spark_submit.py:645} INFO - py4j.protocol.Py4JJavaError: An error occurred while calling o41.parquet.
[2025-03-28T23:54:01.637+0000] {spark_submit.py:645} INFO - : org.apache.hadoop.fs.UnsupportedFileSystemException: No FileSystem for scheme "s3"
[2025-03-28T23:54:01.637+0000] {spark_submit.py:645} INFO - at org.apache.hadoop.fs.FileSystem.getFileSystemClass(FileSystem.java:3443)
[2025-03-28T23:54:01.637+0000] {spark_submit.py:645} INFO - at org.apache.hadoop.fs.FileSystem.createFileSystem(FileSystem.java:3466)
[2025-03-28T23:54:01.638+0000] {spark_submit.py:645} INFO - at org.apache.hadoop.fs.FileSystem.access$300(FileSystem.java:174)
[2025-03-28T23:54:01.638+0000] {spark_submit.py:645} INFO - at org.apache.hadoop.fs.FileSystem$Cache.getInternal(FileSystem.java:3574)
[2025-03-28T23:54:01.638+0000] {spark_submit.py:645} INFO - at org.apache.hadoop.fs.FileSystem$Cache.get(FileSystem.java:3521)
[2025-03-28T23:54:01.639+0000] {spark_submit.py:645} INFO - at org.apache.hadoop.fs.FileSystem.get(FileSystem.java:540)
[2025-03-28T23:54:01.639+0000] {spark_submit.py:645} INFO - at org.apache.hadoop.fs.Path.getFileSystem(Path.java:365)
[2025-03-28T23:54:01.640+0000] {spark_submit.py:645} INFO - at org.apache.spark.sql.execution.datasources.DataSource.planForWritingFileFormat(DataSource.scala:454)
[2025-03-28T23:54:01.640+0000] {spark_submit.py:645} INFO - at org.apache.spark.sql.execution.datasources.DataSource.planForWriting(DataSource.scala:530)
[2025-03-28T23:54:01.640+0000] {spark_submit.py:645} INFO - at org.apache.spark.sql.DataFrameWriter.saveToV1Source(DataFrameWriter.scala:391)
[2025-03-28T23:54:01.641+0000] {spark_submit.py:645} INFO - at org.apache.spark.sql.DataFrameWriter.saveInternal(DataFrameWriter.scala:364)
[2025-03-28T23:54:01.641+0000] {spark_submit.py:645} INFO - at org.apache.spark.sql.DataFrameWriter.save(DataFrameWriter.scala:243)
[2025-03-28T23:54:01.641+0000] {spark_submit.py:645} INFO - at org.apache.spark.sql.DataFrameWriter.parquet(DataFrameWriter.scala:802)
[2025-03-28T23:54:01.642+0000] {spark_submit.py:645} INFO - at java.base/jdk.internal.reflect.NativeMethodAccessorImpl.invoke0(Native Method)
[2025-03-28T23:54:01.642+0000] {spark_submit.py:645} INFO - at java.base/jdk.internal.reflect.NativeMethodAccessorImpl.invoke(NativeMethodAccessorImpl.java:77)
[2025-03-28T23:54:01.642+0000] {spark_submit.py:645} INFO - at java.base/jdk.internal.reflect.DelegatingMethodAccessorImpl.invoke(DelegatingMethodAccessorImpl.java:43)
[2025-03-28T23:54:01.643+0000] {spark_submit.py:645} INFO - at java.base/java.lang.reflect.Method.invoke(Method.java:569)
[2025-03-28T23:54:01.643+0000] {spark_submit.py:645} INFO - at py4j.reflection.MethodInvoker.invoke(MethodInvoker.java:244)
[2025-03-28T23:54:01.643+0000] {spark_submit.py:645} INFO - at py4j.reflection.ReflectionEngine.invoke(ReflectionEngine.java:374)
[2025-03-28T23:54:01.644+0000] {spark_submit.py:645} INFO - at py4j.Gateway.invoke(Gateway.java:282)
[2025-03-28T23:54:01.644+0000] {spark_submit.py:645} INFO - at py4j.commands.AbstractCommand.invokeMethod(AbstractCommand.java:132)
[2025-03-28T23:54:01.644+0000] {spark_submit.py:645} INFO - at py4j.commands.CallCommand.execute(CallCommand.java:79)
[2025-03-28T23:54:01.645+0000] {spark_submit.py:645} INFO - at py4j.ClientServerConnection.waitForCommands(ClientServerConnection.java:182)
[2025-03-28T23:54:01.645+0000] {spark_submit.py:645} INFO - at py4j.ClientServerConnection.run(ClientServerConnection.java:106)
[2025-03-28T23:54:01.645+0000] {spark_submit.py:645} INFO - at java.base/java.lang.Thread.run(Thread.java:840)
[2025-03-28T23:54:01.646+0000] {spark_submit.py:645} INFO - 
[2025-03-28T23:54:01.646+0000] {spark_submit.py:645} INFO - 2025-03-28 23:54:01,627 - INFO - Closing down clientserver connection
[2025-03-28T23:54:01.799+0000] {spark_submit.py:645} INFO - 25/03/28 23:54:01 INFO SparkContext: Invoking stop() from shutdown hook
[2025-03-28T23:54:01.800+0000] {spark_submit.py:645} INFO - 25/03/28 23:54:01 INFO SparkContext: SparkContext is stopping with exitCode 0.
[2025-03-28T23:54:01.862+0000] {spark_submit.py:645} INFO - 25/03/28 23:54:01 INFO SparkUI: Stopped Spark web UI at http://9a51e41eb88a:4040
[2025-03-28T23:54:01.865+0000] {spark_submit.py:645} INFO - 25/03/28 23:54:01 INFO StandaloneSchedulerBackend: Shutting down all executors
[2025-03-28T23:54:01.866+0000] {spark_submit.py:645} INFO - 25/03/28 23:54:01 INFO StandaloneSchedulerBackend$StandaloneDriverEndpoint: Asking each executor to shut down
[2025-03-28T23:54:01.944+0000] {spark_submit.py:645} INFO - 25/03/28 23:54:01 INFO MapOutputTrackerMasterEndpoint: MapOutputTrackerMasterEndpoint stopped!
[2025-03-28T23:54:02.112+0000] {spark_submit.py:645} INFO - 25/03/28 23:54:02 INFO MemoryStore: MemoryStore cleared
[2025-03-28T23:54:02.137+0000] {spark_submit.py:645} INFO - 25/03/28 23:54:02 INFO BlockManager: BlockManager stopped
[2025-03-28T23:54:02.144+0000] {spark_submit.py:645} INFO - 25/03/28 23:54:02 INFO BlockManagerMaster: BlockManagerMaster stopped
[2025-03-28T23:54:02.145+0000] {spark_submit.py:645} INFO - 25/03/28 23:54:02 INFO OutputCommitCoordinator$OutputCommitCoordinatorEndpoint: OutputCommitCoordinator stopped!
[2025-03-28T23:54:02.425+0000] {spark_submit.py:645} INFO - 25/03/28 23:54:02 INFO SparkContext: Successfully stopped SparkContext
[2025-03-28T23:54:02.428+0000] {spark_submit.py:645} INFO - 25/03/28 23:54:02 INFO ShutdownHookManager: Shutdown hook called
[2025-03-28T23:54:02.430+0000] {spark_submit.py:645} INFO - 25/03/28 23:54:02 INFO ShutdownHookManager: Deleting directory /tmp/spark-a2153925-6814-4758-9f87-b66633d0b248
[2025-03-28T23:54:02.502+0000] {spark_submit.py:645} INFO - 25/03/28 23:54:02 INFO ShutdownHookManager: Deleting directory /tmp/spark-a2153925-6814-4758-9f87-b66633d0b248/pyspark-40d2ea62-fd84-4229-9b9d-28c550355978
[2025-03-28T23:54:02.508+0000] {spark_submit.py:645} INFO - 25/03/28 23:54:02 INFO ShutdownHookManager: Deleting directory /tmp/spark-d64b4c41-8910-4b8e-958c-da2795bcf8fd
[2025-03-28T23:54:02.517+0000] {spark_submit.py:645} INFO - 25/03/28 23:54:02 INFO MetricsSystemImpl: Stopping s3a-file-system metrics system...
[2025-03-28T23:54:02.518+0000] {spark_submit.py:645} INFO - 25/03/28 23:54:02 INFO MetricsSystemImpl: s3a-file-system metrics system stopped.
[2025-03-28T23:54:02.518+0000] {spark_submit.py:645} INFO - 25/03/28 23:54:02 INFO MetricsSystemImpl: s3a-file-system metrics system shutdown complete.
[2025-03-28T23:54:02.573+0000] {taskinstance.py:441} INFO - ::group::Post task execution logs
[2025-03-28T23:54:02.586+0000] {taskinstance.py:2905} ERROR - Task failed with exception
Traceback (most recent call last):
  File "/home/airflow/.local/lib/python3.11/site-packages/airflow/models/taskinstance.py", line 465, in _execute_task
    result = _execute_callable(context=context, **execute_callable_kwargs)
             ^^^^^^^^^^^^^^^^^^^^^^^^^^^^^^^^^^^^^^^^^^^^^^^^^^^^^^^^^^^^^
  File "/home/airflow/.local/lib/python3.11/site-packages/airflow/models/taskinstance.py", line 432, in _execute_callable
    return execute_callable(context=context, **execute_callable_kwargs)
           ^^^^^^^^^^^^^^^^^^^^^^^^^^^^^^^^^^^^^^^^^^^^^^^^^^^^^^^^^^^^
  File "/home/airflow/.local/lib/python3.11/site-packages/airflow/models/baseoperator.py", line 401, in wrapper
    return func(self, *args, **kwargs)
           ^^^^^^^^^^^^^^^^^^^^^^^^^^^
  File "/home/airflow/.local/lib/python3.11/site-packages/airflow/operators/python.py", line 235, in execute
    return_value = self.execute_callable()
                   ^^^^^^^^^^^^^^^^^^^^^^^
  File "/home/airflow/.local/lib/python3.11/site-packages/airflow/operators/python.py", line 252, in execute_callable
    return self.python_callable(*self.op_args, **self.op_kwargs)
           ^^^^^^^^^^^^^^^^^^^^^^^^^^^^^^^^^^^^^^^^^^^^^^^^^^^^^
  File "/opt/airflow/dags/etl_pipeline.py", line 97, in spark_dtransformation
    ).execute(kwargs)
      ^^^^^^^^^^^^^^^
  File "/home/airflow/.local/lib/python3.11/site-packages/airflow/models/baseoperator.py", line 401, in wrapper
    return func(self, *args, **kwargs)
           ^^^^^^^^^^^^^^^^^^^^^^^^^^^
  File "/home/airflow/.local/lib/python3.11/site-packages/airflow/providers/apache/spark/operators/spark_submit.py", line 177, in execute
    self._hook.submit(self.application)
  File "/home/airflow/.local/lib/python3.11/site-packages/airflow/providers/apache/spark/hooks/spark_submit.py", line 567, in submit
    raise AirflowException(
airflow.exceptions.AirflowException: Cannot execute: spark-submit --master spark://spark-master:7077 --conf spark.executor.memory=512m --conf spark.executor.cores=1 --conf spark.jars=/opt/spark_job/jars/aws-java-sdk-bundle-1.12.262.jar,/opt/spark_job/jars/hadoop-aws-3.3.4.jar --conf spark.hadoop.fs.s3a.endpoint=http://minio:9000 --conf spark.hadoop.fs.s3a.access.key=admin --conf spark.hadoop.fs.s3a.secret.key=****** --conf spark.hadoop.fs.s3a.impl=org.apache.hadoop.fs.s3a.S3AFileSystem --conf spark.hadoop.fs.s3a.path.style.access=true --principal *** --name arrow-spark --verbose --deploy-mode client /opt/spark_job/data_transformation.py s3://raw/playlist_20250328_235234.json processed. Error code is: 1.
[2025-03-28T23:54:02.643+0000] {taskinstance.py:1206} INFO - Marking task as UP_FOR_RETRY. dag_id=etl_pipeline, task_id=transformation, run_id=manual__2025-03-26T13:33:39.761724+00:00, execution_date=20250326T133339, start_date=20250328T235235, end_date=20250328T235402
[2025-03-28T23:54:03.025+0000] {standard_task_runner.py:110} ERROR - Failed to execute job 54 for task transformation (Cannot execute: spark-submit --master spark://spark-master:7077 --conf spark.executor.memory=512m --conf spark.executor.cores=1 --conf spark.jars=/opt/spark_job/jars/aws-java-sdk-bundle-1.12.262.jar,/opt/spark_job/jars/hadoop-aws-3.3.4.jar --conf spark.hadoop.fs.s3a.endpoint=http://minio:9000 --conf spark.hadoop.fs.s3a.access.key=admin --conf spark.hadoop.fs.s3a.secret.key=****** --conf spark.hadoop.fs.s3a.impl=org.apache.hadoop.fs.s3a.S3AFileSystem --conf spark.hadoop.fs.s3a.path.style.access=true --principal *** --name arrow-spark --verbose --deploy-mode client /opt/spark_job/data_transformation.py s3://raw/playlist_20250328_235234.json processed. Error code is: 1.; 277)
[2025-03-28T23:54:03.039+0000] {local_task_job_runner.py:240} INFO - Task exited with return code 1
[2025-03-28T23:54:03.064+0000] {taskinstance.py:3503} INFO - 0 downstream tasks scheduled from follow-on schedule check
[2025-03-28T23:54:03.150+0000] {local_task_job_runner.py:222} INFO - ::endgroup::
