[2025-03-26T13:55:50.501+0000] {local_task_job_runner.py:120} INFO - ::group::Pre task execution logs
[2025-03-26T13:55:50.535+0000] {taskinstance.py:2076} INFO - Dependencies all met for dep_context=non-requeueable deps ti=<TaskInstance: etl_pipeline.transformation manual__2025-03-26T13:33:39.761724+00:00 [queued]>
[2025-03-26T13:55:50.544+0000] {taskinstance.py:2076} INFO - Dependencies all met for dep_context=requeueable deps ti=<TaskInstance: etl_pipeline.transformation manual__2025-03-26T13:33:39.761724+00:00 [queued]>
[2025-03-26T13:55:50.545+0000] {taskinstance.py:2306} INFO - Starting attempt 8 of 9
[2025-03-26T13:55:50.619+0000] {taskinstance.py:2330} INFO - Executing <Task(PythonOperator): transformation> on 2025-03-26 13:33:39.761724+00:00
[2025-03-26T13:55:50.626+0000] {standard_task_runner.py:63} INFO - Started process 248 to run task
[2025-03-26T13:55:50.629+0000] {standard_task_runner.py:90} INFO - Running: ['***', 'tasks', 'run', 'etl_pipeline', 'transformation', 'manual__2025-03-26T13:33:39.761724+00:00', '--job-id', '12', '--raw', '--subdir', 'DAGS_FOLDER/etl_pipeline.py', '--cfg-path', '/tmp/tmpifpnfzul']
[2025-03-26T13:55:50.632+0000] {standard_task_runner.py:91} INFO - Job 12: Subtask transformation
[2025-03-26T13:55:50.722+0000] {task_command.py:426} INFO - Running <TaskInstance: etl_pipeline.transformation manual__2025-03-26T13:33:39.761724+00:00 [running]> on host 1ef5fffc4c4a
[2025-03-26T13:55:50.893+0000] {taskinstance.py:2648} INFO - Exporting env vars: AIRFLOW_CTX_DAG_OWNER='lobobranco' AIRFLOW_CTX_DAG_ID='etl_pipeline' AIRFLOW_CTX_TASK_ID='transformation' AIRFLOW_CTX_EXECUTION_DATE='2025-03-26T13:33:39.761724+00:00' AIRFLOW_CTX_TRY_NUMBER='8' AIRFLOW_CTX_DAG_RUN_ID='manual__2025-03-26T13:33:39.761724+00:00'
[2025-03-26T13:55:50.894+0000] {taskinstance.py:430} INFO - ::endgroup::
[2025-03-26T13:55:50.930+0000] {etl_pipeline.py:76} INFO - Transforming data from file: s3://raw/playlist_20250326_133348.json
[2025-03-26T13:55:50.935+0000] {baseoperator.py:400} WARNING - SparkSubmitOperator.execute cannot be called outside TaskInstance!
[2025-03-26T13:55:50.965+0000] {base.py:84} INFO - Using connection ID 'spark_default' for task execution.
[2025-03-26T13:55:50.966+0000] {spark_submit.py:328} ERROR - Failed to decode base64 keytab: Incorrect padding
[2025-03-26T13:55:50.967+0000] {spark_submit.py:305} INFO - Could not load connection string spark_default, defaulting to spark://spark-master:7077
[2025-03-26T13:55:50.968+0000] {spark_submit.py:474} INFO - Spark-Submit cmd: spark-submit --master spark://spark-master:7077 --conf spark.master=spark://spark-master:7077 --conf spark.executor.memory=2g --conf spark.executor.cores=2 --conf spark.jars=/opt/spark_job/aws-java-sdk-bundle-1.12.262.jar,/opt/spark_job/jars/hadoop-aws-3.3.4.jar --conf spark.hadoop.fs.s3a.endpoint=http://minio:9000 --conf spark.hadoop.fs.s3a.access.key=admin --conf spark.hadoop.fs.s3a.secret.key=****** --conf spark.hadoop.fs.s3a.impl=org.apache.hadoop.fs.s3a.S3AFileSystem --conf spark.hadoop.fs.s3a.path.style.access=true --principal *** --name arrow-spark --verbose --deploy-mode client /opt/spark_job/data_transformation.py s3://raw/playlist_20250326_133348.json
[2025-03-26T13:55:51.095+0000] {spark_submit.py:645} INFO - /home/***/.local/lib/python3.11/site-packages/pyspark/bin/load-spark-env.sh: line 68: ps: command not found
[2025-03-26T13:55:52.817+0000] {spark_submit.py:645} INFO - Using properties file: null
[2025-03-26T13:55:52.946+0000] {spark_submit.py:645} INFO - Parsed arguments:
[2025-03-26T13:55:52.947+0000] {spark_submit.py:645} INFO - master                  spark://spark-master:7077
[2025-03-26T13:55:52.947+0000] {spark_submit.py:645} INFO - remote                  null
[2025-03-26T13:55:52.948+0000] {spark_submit.py:645} INFO - deployMode              client
[2025-03-26T13:55:52.948+0000] {spark_submit.py:645} INFO - executorMemory          2g
[2025-03-26T13:55:52.948+0000] {spark_submit.py:645} INFO - executorCores           2
[2025-03-26T13:55:52.949+0000] {spark_submit.py:645} INFO - totalExecutorCores      null
[2025-03-26T13:55:52.949+0000] {spark_submit.py:645} INFO - propertiesFile          null
[2025-03-26T13:55:52.950+0000] {spark_submit.py:645} INFO - driverMemory            null
[2025-03-26T13:55:52.950+0000] {spark_submit.py:645} INFO - driverCores             null
[2025-03-26T13:55:52.951+0000] {spark_submit.py:645} INFO - driverExtraClassPath    null
[2025-03-26T13:55:52.951+0000] {spark_submit.py:645} INFO - driverExtraLibraryPath  null
[2025-03-26T13:55:52.952+0000] {spark_submit.py:645} INFO - driverExtraJavaOptions  null
[2025-03-26T13:55:52.952+0000] {spark_submit.py:645} INFO - supervise               false
[2025-03-26T13:55:52.952+0000] {spark_submit.py:645} INFO - queue                   null
[2025-03-26T13:55:52.953+0000] {spark_submit.py:645} INFO - numExecutors            null
[2025-03-26T13:55:52.953+0000] {spark_submit.py:645} INFO - files                   null
[2025-03-26T13:55:52.954+0000] {spark_submit.py:645} INFO - pyFiles                 null
[2025-03-26T13:55:52.955+0000] {spark_submit.py:645} INFO - archives                null
[2025-03-26T13:55:52.955+0000] {spark_submit.py:645} INFO - mainClass               null
[2025-03-26T13:55:52.956+0000] {spark_submit.py:645} INFO - primaryResource         file:/opt/spark_job/data_transformation.py
[2025-03-26T13:55:52.956+0000] {spark_submit.py:645} INFO - name                    arrow-spark
[2025-03-26T13:55:52.957+0000] {spark_submit.py:645} INFO - childArgs               [s3://raw/playlist_20250326_133348.json]
[2025-03-26T13:55:52.957+0000] {spark_submit.py:645} INFO - jars                    /opt/spark_job/aws-java-sdk-bundle-1.12.262.jar,/opt/spark_job/jars/hadoop-aws-3.3.4.jar
[2025-03-26T13:55:52.957+0000] {spark_submit.py:645} INFO - packages                null
[2025-03-26T13:55:52.958+0000] {spark_submit.py:645} INFO - packagesExclusions      null
[2025-03-26T13:55:52.958+0000] {spark_submit.py:645} INFO - repositories            null
[2025-03-26T13:55:52.959+0000] {spark_submit.py:645} INFO - verbose                 true
[2025-03-26T13:55:52.959+0000] {spark_submit.py:645} INFO - 
[2025-03-26T13:55:52.959+0000] {spark_submit.py:645} INFO - Spark properties used, including those specified through
[2025-03-26T13:55:52.960+0000] {spark_submit.py:645} INFO - --conf and those from the properties file null:
[2025-03-26T13:55:52.960+0000] {spark_submit.py:645} INFO - (spark.executor.cores,2)
[2025-03-26T13:55:52.961+0000] {spark_submit.py:645} INFO - (spark.executor.memory,2g)
[2025-03-26T13:55:52.962+0000] {spark_submit.py:645} INFO - (spark.hadoop.fs.s3a.access.key,*********(redacted))
[2025-03-26T13:55:52.963+0000] {spark_submit.py:645} INFO - (spark.hadoop.fs.s3a.endpoint,http://minio:9000)
[2025-03-26T13:55:52.966+0000] {spark_submit.py:645} INFO - (spark.hadoop.fs.s3a.impl,org.apache.hadoop.fs.s3a.S3AFileSystem)
[2025-03-26T13:55:52.968+0000] {spark_submit.py:645} INFO - (spark.hadoop.fs.s3a.path.style.access,true)
[2025-03-26T13:55:52.969+0000] {spark_submit.py:645} INFO - (spark.hadoop.fs.s3a.secret.key,*********(redacted))
[2025-03-26T13:55:52.970+0000] {spark_submit.py:645} INFO - (spark.jars,/opt/spark_job/aws-java-sdk-bundle-1.12.262.jar,/opt/spark_job/jars/hadoop-aws-3.3.4.jar)
[2025-03-26T13:55:52.971+0000] {spark_submit.py:645} INFO - (spark.master,spark://spark-master:7077)
[2025-03-26T13:55:52.971+0000] {spark_submit.py:645} INFO - 
[2025-03-26T13:55:52.972+0000] {spark_submit.py:645} INFO - 
[2025-03-26T13:55:53.294+0000] {spark_submit.py:645} INFO - 25/03/26 13:55:53 WARN NativeCodeLoader: Unable to load native-hadoop library for your platform... using builtin-java classes where applicable
[2025-03-26T13:55:53.594+0000] {spark_submit.py:645} INFO - Main class:
[2025-03-26T13:55:53.595+0000] {spark_submit.py:645} INFO - org.apache.spark.deploy.PythonRunner
[2025-03-26T13:55:53.596+0000] {spark_submit.py:645} INFO - Arguments:
[2025-03-26T13:55:53.597+0000] {spark_submit.py:645} INFO - file:/opt/spark_job/data_transformation.py
[2025-03-26T13:55:53.597+0000] {spark_submit.py:645} INFO - null
[2025-03-26T13:55:53.598+0000] {spark_submit.py:645} INFO - s3://raw/playlist_20250326_133348.json
[2025-03-26T13:55:53.599+0000] {spark_submit.py:645} INFO - Spark config:
[2025-03-26T13:55:53.600+0000] {spark_submit.py:645} INFO - (spark.app.name,arrow-spark)
[2025-03-26T13:55:53.601+0000] {spark_submit.py:645} INFO - (spark.app.submitTime,1742997353562)
[2025-03-26T13:55:53.601+0000] {spark_submit.py:645} INFO - (spark.executor.cores,2)
[2025-03-26T13:55:53.602+0000] {spark_submit.py:645} INFO - (spark.executor.memory,2g)
[2025-03-26T13:55:53.602+0000] {spark_submit.py:645} INFO - (spark.hadoop.fs.s3a.access.key,*********(redacted))
[2025-03-26T13:55:53.603+0000] {spark_submit.py:645} INFO - (spark.hadoop.fs.s3a.endpoint,http://minio:9000)
[2025-03-26T13:55:53.605+0000] {spark_submit.py:645} INFO - (spark.hadoop.fs.s3a.impl,org.apache.hadoop.fs.s3a.S3AFileSystem)
[2025-03-26T13:55:53.606+0000] {spark_submit.py:645} INFO - (spark.hadoop.fs.s3a.path.style.access,true)
[2025-03-26T13:55:53.607+0000] {spark_submit.py:645} INFO - (spark.hadoop.fs.s3a.secret.key,*********(redacted))
[2025-03-26T13:55:53.610+0000] {spark_submit.py:645} INFO - (spark.jars,file:/opt/spark_job/aws-java-sdk-bundle-1.12.262.jar,file:///opt/spark_job/jars/hadoop-aws-3.3.4.jar)
[2025-03-26T13:55:53.611+0000] {spark_submit.py:645} INFO - (spark.kerberos.principal,***)
[2025-03-26T13:55:53.611+0000] {spark_submit.py:645} INFO - (spark.master,spark://spark-master:7077)
[2025-03-26T13:55:53.612+0000] {spark_submit.py:645} INFO - (spark.repl.local.jars,file:/opt/spark_job/aws-java-sdk-bundle-1.12.262.jar,file:///opt/spark_job/jars/hadoop-aws-3.3.4.jar)
[2025-03-26T13:55:53.612+0000] {spark_submit.py:645} INFO - (spark.submit.deployMode,client)
[2025-03-26T13:55:53.613+0000] {spark_submit.py:645} INFO - (spark.submit.pyFiles,)
[2025-03-26T13:55:53.613+0000] {spark_submit.py:645} INFO - Classpath elements:
[2025-03-26T13:55:53.614+0000] {spark_submit.py:645} INFO - file:/opt/spark_job/aws-java-sdk-bundle-1.12.262.jar
[2025-03-26T13:55:53.614+0000] {spark_submit.py:645} INFO - file:///opt/spark_job/jars/hadoop-aws-3.3.4.jar
[2025-03-26T13:55:53.614+0000] {spark_submit.py:645} INFO - 
[2025-03-26T13:55:53.615+0000] {spark_submit.py:645} INFO - 
[2025-03-26T13:55:53.615+0000] {spark_submit.py:645} INFO - 25/03/26 13:55:53 WARN DependencyUtils: Local jar /opt/spark_job/aws-java-sdk-bundle-1.12.262.jar does not exist, skipping.
[2025-03-26T13:55:55.009+0000] {spark_submit.py:645} INFO - 25/03/26 13:55:55 INFO SparkContext: Running Spark version 3.5.5
[2025-03-26T13:55:55.010+0000] {spark_submit.py:645} INFO - 25/03/26 13:55:55 INFO SparkContext: OS info Linux, 5.15.153.1-microsoft-standard-WSL2, amd64
[2025-03-26T13:55:55.010+0000] {spark_submit.py:645} INFO - 25/03/26 13:55:55 INFO SparkContext: Java version 17.0.14
[2025-03-26T13:55:55.039+0000] {spark_submit.py:645} INFO - 25/03/26 13:55:55 INFO ResourceUtils: ==============================================================
[2025-03-26T13:55:55.040+0000] {spark_submit.py:645} INFO - 25/03/26 13:55:55 INFO ResourceUtils: No custom resources configured for spark.driver.
[2025-03-26T13:55:55.041+0000] {spark_submit.py:645} INFO - 25/03/26 13:55:55 INFO ResourceUtils: ==============================================================
[2025-03-26T13:55:55.041+0000] {spark_submit.py:645} INFO - 25/03/26 13:55:55 INFO SparkContext: Submitted application: Minio Integration with PySpark
[2025-03-26T13:55:55.072+0000] {spark_submit.py:645} INFO - 25/03/26 13:55:55 INFO ResourceProfile: Default ResourceProfile created, executor resources: Map(cores -> name: cores, amount: 2, script: , vendor: , memory -> name: memory, amount: 2048, script: , vendor: , offHeap -> name: offHeap, amount: 0, script: , vendor: ), task resources: Map(cpus -> name: cpus, amount: 1.0)
[2025-03-26T13:55:55.087+0000] {spark_submit.py:645} INFO - 25/03/26 13:55:55 INFO ResourceProfile: Limiting resource is cpus at 2 tasks per executor
[2025-03-26T13:55:55.090+0000] {spark_submit.py:645} INFO - 25/03/26 13:55:55 INFO ResourceProfileManager: Added ResourceProfile id: 0
[2025-03-26T13:55:55.166+0000] {spark_submit.py:645} INFO - 25/03/26 13:55:55 INFO SecurityManager: Changing view acls to: ***
[2025-03-26T13:55:55.168+0000] {spark_submit.py:645} INFO - 25/03/26 13:55:55 INFO SecurityManager: Changing modify acls to: ***
[2025-03-26T13:55:55.168+0000] {spark_submit.py:645} INFO - 25/03/26 13:55:55 INFO SecurityManager: Changing view acls groups to:
[2025-03-26T13:55:55.169+0000] {spark_submit.py:645} INFO - 25/03/26 13:55:55 INFO SecurityManager: Changing modify acls groups to:
[2025-03-26T13:55:55.169+0000] {spark_submit.py:645} INFO - 25/03/26 13:55:55 INFO SecurityManager: SecurityManager: authentication disabled; ui acls disabled; users with view permissions: ***; groups with view permissions: EMPTY; users with modify permissions: ***; groups with modify permissions: EMPTY
[2025-03-26T13:55:55.458+0000] {spark_submit.py:645} INFO - 25/03/26 13:55:55 INFO Utils: Successfully started service 'sparkDriver' on port 46457.
[2025-03-26T13:55:55.485+0000] {spark_submit.py:645} INFO - 25/03/26 13:55:55 INFO SparkEnv: Registering MapOutputTracker
[2025-03-26T13:55:55.521+0000] {spark_submit.py:645} INFO - 25/03/26 13:55:55 INFO SparkEnv: Registering BlockManagerMaster
[2025-03-26T13:55:55.544+0000] {spark_submit.py:645} INFO - 25/03/26 13:55:55 INFO BlockManagerMasterEndpoint: Using org.apache.spark.storage.DefaultTopologyMapper for getting topology information
[2025-03-26T13:55:55.546+0000] {spark_submit.py:645} INFO - 25/03/26 13:55:55 INFO BlockManagerMasterEndpoint: BlockManagerMasterEndpoint up
[2025-03-26T13:55:55.551+0000] {spark_submit.py:645} INFO - 25/03/26 13:55:55 INFO SparkEnv: Registering BlockManagerMasterHeartbeat
[2025-03-26T13:55:55.574+0000] {spark_submit.py:645} INFO - 25/03/26 13:55:55 INFO DiskBlockManager: Created local directory at /tmp/blockmgr-13cf0570-1678-4ad5-a782-6a92338770d4
[2025-03-26T13:55:55.590+0000] {spark_submit.py:645} INFO - 25/03/26 13:55:55 INFO MemoryStore: MemoryStore started with capacity 434.4 MiB
[2025-03-26T13:55:55.610+0000] {spark_submit.py:645} INFO - 25/03/26 13:55:55 INFO SparkEnv: Registering OutputCommitCoordinator
[2025-03-26T13:55:55.780+0000] {spark_submit.py:645} INFO - 25/03/26 13:55:55 INFO JettyUtils: Start Jetty 0.0.0.0:4040 for SparkUI
[2025-03-26T13:55:55.880+0000] {spark_submit.py:645} INFO - 25/03/26 13:55:55 INFO Utils: Successfully started service 'SparkUI' on port 4040.
[2025-03-26T13:55:55.955+0000] {spark_submit.py:645} INFO - 25/03/26 13:55:55 ERROR SparkContext: Failed to add file:/opt/spark_job/aws-java-sdk-bundle-1.12.262.jar to Spark environment
[2025-03-26T13:55:55.956+0000] {spark_submit.py:645} INFO - java.io.FileNotFoundException: Jar /opt/spark_job/aws-java-sdk-bundle-1.12.262.jar not found
[2025-03-26T13:55:55.956+0000] {spark_submit.py:645} INFO - at org.apache.spark.SparkContext.addLocalJarFile$1(SparkContext.scala:2095)
[2025-03-26T13:55:55.957+0000] {spark_submit.py:645} INFO - at org.apache.spark.SparkContext.addJar(SparkContext.scala:2151)
[2025-03-26T13:55:55.957+0000] {spark_submit.py:645} INFO - at org.apache.spark.SparkContext.$anonfun$new$15(SparkContext.scala:521)
[2025-03-26T13:55:55.957+0000] {spark_submit.py:645} INFO - at org.apache.spark.SparkContext.$anonfun$new$15$adapted(SparkContext.scala:521)
[2025-03-26T13:55:55.958+0000] {spark_submit.py:645} INFO - at scala.collection.mutable.ResizableArray.foreach(ResizableArray.scala:62)
[2025-03-26T13:55:55.958+0000] {spark_submit.py:645} INFO - at scala.collection.mutable.ResizableArray.foreach$(ResizableArray.scala:55)
[2025-03-26T13:55:55.959+0000] {spark_submit.py:645} INFO - at scala.collection.mutable.ArrayBuffer.foreach(ArrayBuffer.scala:49)
[2025-03-26T13:55:55.959+0000] {spark_submit.py:645} INFO - at org.apache.spark.SparkContext.<init>(SparkContext.scala:521)
[2025-03-26T13:55:55.960+0000] {spark_submit.py:645} INFO - at org.apache.spark.api.java.JavaSparkContext.<init>(JavaSparkContext.scala:58)
[2025-03-26T13:55:55.960+0000] {spark_submit.py:645} INFO - at java.base/jdk.internal.reflect.NativeConstructorAccessorImpl.newInstance0(Native Method)
[2025-03-26T13:55:55.961+0000] {spark_submit.py:645} INFO - at java.base/jdk.internal.reflect.NativeConstructorAccessorImpl.newInstance(NativeConstructorAccessorImpl.java:77)
[2025-03-26T13:55:55.962+0000] {spark_submit.py:645} INFO - at java.base/jdk.internal.reflect.DelegatingConstructorAccessorImpl.newInstance(DelegatingConstructorAccessorImpl.java:45)
[2025-03-26T13:55:55.962+0000] {spark_submit.py:645} INFO - at java.base/java.lang.reflect.Constructor.newInstanceWithCaller(Constructor.java:500)
[2025-03-26T13:55:55.962+0000] {spark_submit.py:645} INFO - at java.base/java.lang.reflect.Constructor.newInstance(Constructor.java:481)
[2025-03-26T13:55:55.963+0000] {spark_submit.py:645} INFO - at py4j.reflection.MethodInvoker.invoke(MethodInvoker.java:247)
[2025-03-26T13:55:55.964+0000] {spark_submit.py:645} INFO - at py4j.reflection.ReflectionEngine.invoke(ReflectionEngine.java:374)
[2025-03-26T13:55:55.964+0000] {spark_submit.py:645} INFO - at py4j.Gateway.invoke(Gateway.java:238)
[2025-03-26T13:55:55.965+0000] {spark_submit.py:645} INFO - at py4j.commands.ConstructorCommand.invokeConstructor(ConstructorCommand.java:80)
[2025-03-26T13:55:55.966+0000] {spark_submit.py:645} INFO - at py4j.commands.ConstructorCommand.execute(ConstructorCommand.java:69)
[2025-03-26T13:55:55.966+0000] {spark_submit.py:645} INFO - at py4j.ClientServerConnection.waitForCommands(ClientServerConnection.java:182)
[2025-03-26T13:55:55.967+0000] {spark_submit.py:645} INFO - at py4j.ClientServerConnection.run(ClientServerConnection.java:106)
[2025-03-26T13:55:55.967+0000] {spark_submit.py:645} INFO - at java.base/java.lang.Thread.run(Thread.java:840)
[2025-03-26T13:55:55.968+0000] {spark_submit.py:645} INFO - 25/03/26 13:55:55 INFO SparkContext: Added JAR file:///opt/spark_job/jars/hadoop-aws-3.3.4.jar at spark://1ef5fffc4c4a:46457/jars/hadoop-aws-3.3.4.jar with timestamp 1742997355001
[2025-03-26T13:55:56.083+0000] {spark_submit.py:645} INFO - 25/03/26 13:55:56 INFO StandaloneAppClient$ClientEndpoint: Connecting to master spark://spark-master:7077...
[2025-03-26T13:55:56.156+0000] {spark_submit.py:645} INFO - 25/03/26 13:55:56 WARN StandaloneAppClient$ClientEndpoint: Failed to connect to master spark-master:7077
[2025-03-26T13:55:56.157+0000] {spark_submit.py:645} INFO - org.apache.spark.SparkException: Exception thrown in awaitResult:
[2025-03-26T13:55:56.157+0000] {spark_submit.py:645} INFO - at org.apache.spark.util.SparkThreadUtils$.awaitResult(SparkThreadUtils.scala:56)
[2025-03-26T13:55:56.158+0000] {spark_submit.py:645} INFO - at org.apache.spark.util.ThreadUtils$.awaitResult(ThreadUtils.scala:310)
[2025-03-26T13:55:56.158+0000] {spark_submit.py:645} INFO - at org.apache.spark.rpc.RpcTimeout.awaitResult(RpcTimeout.scala:75)
[2025-03-26T13:55:56.158+0000] {spark_submit.py:645} INFO - at org.apache.spark.rpc.RpcEnv.setupEndpointRefByURI(RpcEnv.scala:102)
[2025-03-26T13:55:56.159+0000] {spark_submit.py:645} INFO - at org.apache.spark.rpc.RpcEnv.setupEndpointRef(RpcEnv.scala:110)
[2025-03-26T13:55:56.159+0000] {spark_submit.py:645} INFO - at org.apache.spark.deploy.client.StandaloneAppClient$ClientEndpoint$$anon$1.run(StandaloneAppClient.scala:108)
[2025-03-26T13:55:56.159+0000] {spark_submit.py:645} INFO - at java.base/java.util.concurrent.Executors$RunnableAdapter.call(Executors.java:539)
[2025-03-26T13:55:56.159+0000] {spark_submit.py:645} INFO - at java.base/java.util.concurrent.FutureTask.run(FutureTask.java:264)
[2025-03-26T13:55:56.160+0000] {spark_submit.py:645} INFO - at java.base/java.util.concurrent.ThreadPoolExecutor.runWorker(ThreadPoolExecutor.java:1136)
[2025-03-26T13:55:56.160+0000] {spark_submit.py:645} INFO - at java.base/java.util.concurrent.ThreadPoolExecutor$Worker.run(ThreadPoolExecutor.java:635)
[2025-03-26T13:55:56.160+0000] {spark_submit.py:645} INFO - at java.base/java.lang.Thread.run(Thread.java:840)
[2025-03-26T13:55:56.161+0000] {spark_submit.py:645} INFO - Caused by: java.io.IOException: Failed to connect to spark-master/172.18.0.6:7077
[2025-03-26T13:55:56.161+0000] {spark_submit.py:645} INFO - at org.apache.spark.network.client.TransportClientFactory.createClient(TransportClientFactory.java:294)
[2025-03-26T13:55:56.162+0000] {spark_submit.py:645} INFO - at org.apache.spark.network.client.TransportClientFactory.createClient(TransportClientFactory.java:214)
[2025-03-26T13:55:56.162+0000] {spark_submit.py:645} INFO - at org.apache.spark.network.client.TransportClientFactory.createClient(TransportClientFactory.java:226)
[2025-03-26T13:55:56.162+0000] {spark_submit.py:645} INFO - at org.apache.spark.rpc.netty.NettyRpcEnv.createClient(NettyRpcEnv.scala:204)
[2025-03-26T13:55:56.162+0000] {spark_submit.py:645} INFO - at org.apache.spark.rpc.netty.Outbox$$anon$1.call(Outbox.scala:202)
[2025-03-26T13:55:56.163+0000] {spark_submit.py:645} INFO - at org.apache.spark.rpc.netty.Outbox$$anon$1.call(Outbox.scala:198)
[2025-03-26T13:55:56.163+0000] {spark_submit.py:645} INFO - ... 4 more
[2025-03-26T13:55:56.163+0000] {spark_submit.py:645} INFO - Caused by: io.netty.channel.AbstractChannel$AnnotatedConnectException: Connection refused: spark-master/172.18.0.6:7077
[2025-03-26T13:55:56.164+0000] {spark_submit.py:645} INFO - Caused by: java.net.ConnectException: Connection refused
[2025-03-26T13:55:56.164+0000] {spark_submit.py:645} INFO - at java.base/sun.nio.ch.Net.pollConnect(Native Method)
[2025-03-26T13:55:56.164+0000] {spark_submit.py:645} INFO - at java.base/sun.nio.ch.Net.pollConnectNow(Net.java:672)
[2025-03-26T13:55:56.165+0000] {spark_submit.py:645} INFO - at java.base/sun.nio.ch.SocketChannelImpl.finishConnect(SocketChannelImpl.java:946)
[2025-03-26T13:55:56.165+0000] {spark_submit.py:645} INFO - at io.netty.channel.socket.nio.NioSocketChannel.doFinishConnect(NioSocketChannel.java:337)
[2025-03-26T13:55:56.166+0000] {spark_submit.py:645} INFO - at io.netty.channel.nio.AbstractNioChannel$AbstractNioUnsafe.finishConnect(AbstractNioChannel.java:334)
[2025-03-26T13:55:56.166+0000] {spark_submit.py:645} INFO - at io.netty.channel.nio.NioEventLoop.processSelectedKey(NioEventLoop.java:776)
[2025-03-26T13:55:56.166+0000] {spark_submit.py:645} INFO - at io.netty.channel.nio.NioEventLoop.processSelectedKeysOptimized(NioEventLoop.java:724)
[2025-03-26T13:55:56.166+0000] {spark_submit.py:645} INFO - at io.netty.channel.nio.NioEventLoop.processSelectedKeys(NioEventLoop.java:650)
[2025-03-26T13:55:56.167+0000] {spark_submit.py:645} INFO - at io.netty.channel.nio.NioEventLoop.run(NioEventLoop.java:562)
[2025-03-26T13:55:56.167+0000] {spark_submit.py:645} INFO - at io.netty.util.concurrent.SingleThreadEventExecutor$4.run(SingleThreadEventExecutor.java:997)
[2025-03-26T13:55:56.168+0000] {spark_submit.py:645} INFO - at io.netty.util.internal.ThreadExecutorMap$2.run(ThreadExecutorMap.java:74)
[2025-03-26T13:55:56.168+0000] {spark_submit.py:645} INFO - at io.netty.util.concurrent.FastThreadLocalRunnable.run(FastThreadLocalRunnable.java:30)
[2025-03-26T13:55:56.168+0000] {spark_submit.py:645} INFO - at java.base/java.lang.Thread.run(Thread.java:840)
[2025-03-26T13:56:16.081+0000] {spark_submit.py:645} INFO - 25/03/26 13:56:16 INFO StandaloneAppClient$ClientEndpoint: Connecting to master spark://spark-master:7077...
[2025-03-26T13:56:16.094+0000] {spark_submit.py:645} INFO - 25/03/26 13:56:16 WARN StandaloneAppClient$ClientEndpoint: Failed to connect to master spark-master:7077
[2025-03-26T13:56:16.098+0000] {spark_submit.py:645} INFO - org.apache.spark.SparkException: Exception thrown in awaitResult:
[2025-03-26T13:56:16.099+0000] {spark_submit.py:645} INFO - at org.apache.spark.util.SparkThreadUtils$.awaitResult(SparkThreadUtils.scala:56)
[2025-03-26T13:56:16.099+0000] {spark_submit.py:645} INFO - at org.apache.spark.util.ThreadUtils$.awaitResult(ThreadUtils.scala:310)
[2025-03-26T13:56:16.101+0000] {spark_submit.py:645} INFO - at org.apache.spark.rpc.RpcTimeout.awaitResult(RpcTimeout.scala:75)
[2025-03-26T13:56:16.103+0000] {spark_submit.py:645} INFO - at org.apache.spark.rpc.RpcEnv.setupEndpointRefByURI(RpcEnv.scala:102)
[2025-03-26T13:56:16.104+0000] {spark_submit.py:645} INFO - at org.apache.spark.rpc.RpcEnv.setupEndpointRef(RpcEnv.scala:110)
[2025-03-26T13:56:16.104+0000] {spark_submit.py:645} INFO - at org.apache.spark.deploy.client.StandaloneAppClient$ClientEndpoint$$anon$1.run(StandaloneAppClient.scala:108)
[2025-03-26T13:56:16.105+0000] {spark_submit.py:645} INFO - at java.base/java.util.concurrent.Executors$RunnableAdapter.call(Executors.java:539)
[2025-03-26T13:56:16.105+0000] {spark_submit.py:645} INFO - at java.base/java.util.concurrent.FutureTask.run(FutureTask.java:264)
[2025-03-26T13:56:16.106+0000] {spark_submit.py:645} INFO - at java.base/java.util.concurrent.ThreadPoolExecutor.runWorker(ThreadPoolExecutor.java:1136)
[2025-03-26T13:56:16.107+0000] {spark_submit.py:645} INFO - at java.base/java.util.concurrent.ThreadPoolExecutor$Worker.run(ThreadPoolExecutor.java:635)
[2025-03-26T13:56:16.107+0000] {spark_submit.py:645} INFO - at java.base/java.lang.Thread.run(Thread.java:840)
[2025-03-26T13:56:16.108+0000] {spark_submit.py:645} INFO - Caused by: java.io.IOException: Failed to connect to spark-master/172.18.0.6:7077
[2025-03-26T13:56:16.108+0000] {spark_submit.py:645} INFO - at org.apache.spark.network.client.TransportClientFactory.createClient(TransportClientFactory.java:294)
[2025-03-26T13:56:16.109+0000] {spark_submit.py:645} INFO - at org.apache.spark.network.client.TransportClientFactory.createClient(TransportClientFactory.java:214)
[2025-03-26T13:56:16.109+0000] {spark_submit.py:645} INFO - at org.apache.spark.network.client.TransportClientFactory.createClient(TransportClientFactory.java:226)
[2025-03-26T13:56:16.110+0000] {spark_submit.py:645} INFO - at org.apache.spark.rpc.netty.NettyRpcEnv.createClient(NettyRpcEnv.scala:204)
[2025-03-26T13:56:16.110+0000] {spark_submit.py:645} INFO - at org.apache.spark.rpc.netty.Outbox$$anon$1.call(Outbox.scala:202)
[2025-03-26T13:56:16.111+0000] {spark_submit.py:645} INFO - at org.apache.spark.rpc.netty.Outbox$$anon$1.call(Outbox.scala:198)
[2025-03-26T13:56:16.111+0000] {spark_submit.py:645} INFO - ... 4 more
[2025-03-26T13:56:16.112+0000] {spark_submit.py:645} INFO - Caused by: io.netty.channel.AbstractChannel$AnnotatedConnectException: Connection refused: spark-master/172.18.0.6:7077
[2025-03-26T13:56:16.112+0000] {spark_submit.py:645} INFO - Caused by: java.net.ConnectException: Connection refused
[2025-03-26T13:56:16.113+0000] {spark_submit.py:645} INFO - at java.base/sun.nio.ch.Net.pollConnect(Native Method)
[2025-03-26T13:56:16.113+0000] {spark_submit.py:645} INFO - at java.base/sun.nio.ch.Net.pollConnectNow(Net.java:672)
[2025-03-26T13:56:16.114+0000] {spark_submit.py:645} INFO - at java.base/sun.nio.ch.SocketChannelImpl.finishConnect(SocketChannelImpl.java:946)
[2025-03-26T13:56:16.114+0000] {spark_submit.py:645} INFO - at io.netty.channel.socket.nio.NioSocketChannel.doFinishConnect(NioSocketChannel.java:337)
[2025-03-26T13:56:16.114+0000] {spark_submit.py:645} INFO - at io.netty.channel.nio.AbstractNioChannel$AbstractNioUnsafe.finishConnect(AbstractNioChannel.java:334)
[2025-03-26T13:56:16.115+0000] {spark_submit.py:645} INFO - at io.netty.channel.nio.NioEventLoop.processSelectedKey(NioEventLoop.java:776)
[2025-03-26T13:56:16.115+0000] {spark_submit.py:645} INFO - at io.netty.channel.nio.NioEventLoop.processSelectedKeysOptimized(NioEventLoop.java:724)
[2025-03-26T13:56:16.116+0000] {spark_submit.py:645} INFO - at io.netty.channel.nio.NioEventLoop.processSelectedKeys(NioEventLoop.java:650)
[2025-03-26T13:56:16.119+0000] {spark_submit.py:645} INFO - at io.netty.channel.nio.NioEventLoop.run(NioEventLoop.java:562)
[2025-03-26T13:56:16.121+0000] {spark_submit.py:645} INFO - at io.netty.util.concurrent.SingleThreadEventExecutor$4.run(SingleThreadEventExecutor.java:997)
[2025-03-26T13:56:16.123+0000] {spark_submit.py:645} INFO - at io.netty.util.internal.ThreadExecutorMap$2.run(ThreadExecutorMap.java:74)
[2025-03-26T13:56:16.124+0000] {spark_submit.py:645} INFO - at io.netty.util.concurrent.FastThreadLocalRunnable.run(FastThreadLocalRunnable.java:30)
[2025-03-26T13:56:16.124+0000] {spark_submit.py:645} INFO - at java.base/java.lang.Thread.run(Thread.java:840)
[2025-03-26T13:56:36.080+0000] {spark_submit.py:645} INFO - 25/03/26 13:56:36 INFO StandaloneAppClient$ClientEndpoint: Connecting to master spark://spark-master:7077...
[2025-03-26T13:56:36.085+0000] {spark_submit.py:645} INFO - 25/03/26 13:56:36 WARN StandaloneAppClient$ClientEndpoint: Failed to connect to master spark-master:7077
[2025-03-26T13:56:36.086+0000] {spark_submit.py:645} INFO - org.apache.spark.SparkException: Exception thrown in awaitResult:
[2025-03-26T13:56:36.086+0000] {spark_submit.py:645} INFO - at org.apache.spark.util.SparkThreadUtils$.awaitResult(SparkThreadUtils.scala:56)
[2025-03-26T13:56:36.086+0000] {spark_submit.py:645} INFO - at org.apache.spark.util.ThreadUtils$.awaitResult(ThreadUtils.scala:310)
[2025-03-26T13:56:36.087+0000] {spark_submit.py:645} INFO - at org.apache.spark.rpc.RpcTimeout.awaitResult(RpcTimeout.scala:75)
[2025-03-26T13:56:36.087+0000] {spark_submit.py:645} INFO - at org.apache.spark.rpc.RpcEnv.setupEndpointRefByURI(RpcEnv.scala:102)
[2025-03-26T13:56:36.088+0000] {spark_submit.py:645} INFO - at org.apache.spark.rpc.RpcEnv.setupEndpointRef(RpcEnv.scala:110)
[2025-03-26T13:56:36.088+0000] {spark_submit.py:645} INFO - at org.apache.spark.deploy.client.StandaloneAppClient$ClientEndpoint$$anon$1.run(StandaloneAppClient.scala:108)
[2025-03-26T13:56:36.088+0000] {spark_submit.py:645} INFO - at java.base/java.util.concurrent.Executors$RunnableAdapter.call(Executors.java:539)
[2025-03-26T13:56:36.089+0000] {spark_submit.py:645} INFO - at java.base/java.util.concurrent.FutureTask.run(FutureTask.java:264)
[2025-03-26T13:56:36.089+0000] {spark_submit.py:645} INFO - at java.base/java.util.concurrent.ThreadPoolExecutor.runWorker(ThreadPoolExecutor.java:1136)
[2025-03-26T13:56:36.089+0000] {spark_submit.py:645} INFO - at java.base/java.util.concurrent.ThreadPoolExecutor$Worker.run(ThreadPoolExecutor.java:635)
[2025-03-26T13:56:36.090+0000] {spark_submit.py:645} INFO - at java.base/java.lang.Thread.run(Thread.java:840)
[2025-03-26T13:56:36.090+0000] {spark_submit.py:645} INFO - Caused by: java.io.IOException: Failed to connect to spark-master/172.18.0.6:7077
[2025-03-26T13:56:36.090+0000] {spark_submit.py:645} INFO - at org.apache.spark.network.client.TransportClientFactory.createClient(TransportClientFactory.java:294)
[2025-03-26T13:56:36.091+0000] {spark_submit.py:645} INFO - at org.apache.spark.network.client.TransportClientFactory.createClient(TransportClientFactory.java:214)
[2025-03-26T13:56:36.091+0000] {spark_submit.py:645} INFO - at org.apache.spark.network.client.TransportClientFactory.createClient(TransportClientFactory.java:226)
[2025-03-26T13:56:36.091+0000] {spark_submit.py:645} INFO - at org.apache.spark.rpc.netty.NettyRpcEnv.createClient(NettyRpcEnv.scala:204)
[2025-03-26T13:56:36.092+0000] {spark_submit.py:645} INFO - at org.apache.spark.rpc.netty.Outbox$$anon$1.call(Outbox.scala:202)
[2025-03-26T13:56:36.092+0000] {spark_submit.py:645} INFO - at org.apache.spark.rpc.netty.Outbox$$anon$1.call(Outbox.scala:198)
[2025-03-26T13:56:36.092+0000] {spark_submit.py:645} INFO - ... 4 more
[2025-03-26T13:56:36.093+0000] {spark_submit.py:645} INFO - Caused by: io.netty.channel.AbstractChannel$AnnotatedConnectException: Connection refused: spark-master/172.18.0.6:7077
[2025-03-26T13:56:36.093+0000] {spark_submit.py:645} INFO - Caused by: java.net.ConnectException: Connection refused
[2025-03-26T13:56:36.093+0000] {spark_submit.py:645} INFO - at java.base/sun.nio.ch.Net.pollConnect(Native Method)
[2025-03-26T13:56:36.094+0000] {spark_submit.py:645} INFO - at java.base/sun.nio.ch.Net.pollConnectNow(Net.java:672)
[2025-03-26T13:56:36.094+0000] {spark_submit.py:645} INFO - at java.base/sun.nio.ch.SocketChannelImpl.finishConnect(SocketChannelImpl.java:946)
[2025-03-26T13:56:36.094+0000] {spark_submit.py:645} INFO - at io.netty.channel.socket.nio.NioSocketChannel.doFinishConnect(NioSocketChannel.java:337)
[2025-03-26T13:56:36.094+0000] {spark_submit.py:645} INFO - at io.netty.channel.nio.AbstractNioChannel$AbstractNioUnsafe.finishConnect(AbstractNioChannel.java:334)
[2025-03-26T13:56:36.095+0000] {spark_submit.py:645} INFO - at io.netty.channel.nio.NioEventLoop.processSelectedKey(NioEventLoop.java:776)
[2025-03-26T13:56:36.095+0000] {spark_submit.py:645} INFO - at io.netty.channel.nio.NioEventLoop.processSelectedKeysOptimized(NioEventLoop.java:724)
[2025-03-26T13:56:36.096+0000] {spark_submit.py:645} INFO - at io.netty.channel.nio.NioEventLoop.processSelectedKeys(NioEventLoop.java:650)
[2025-03-26T13:56:36.096+0000] {spark_submit.py:645} INFO - at io.netty.channel.nio.NioEventLoop.run(NioEventLoop.java:562)
[2025-03-26T13:56:36.096+0000] {spark_submit.py:645} INFO - at io.netty.util.concurrent.SingleThreadEventExecutor$4.run(SingleThreadEventExecutor.java:997)
[2025-03-26T13:56:36.097+0000] {spark_submit.py:645} INFO - at io.netty.util.internal.ThreadExecutorMap$2.run(ThreadExecutorMap.java:74)
[2025-03-26T13:56:36.097+0000] {spark_submit.py:645} INFO - at io.netty.util.concurrent.FastThreadLocalRunnable.run(FastThreadLocalRunnable.java:30)
[2025-03-26T13:56:36.097+0000] {spark_submit.py:645} INFO - at java.base/java.lang.Thread.run(Thread.java:840)
[2025-03-26T13:56:56.081+0000] {spark_submit.py:645} INFO - 25/03/26 13:56:56 ERROR StandaloneSchedulerBackend: Application has been killed. Reason: All masters are unresponsive! Giving up.
[2025-03-26T13:56:56.082+0000] {spark_submit.py:645} INFO - 25/03/26 13:56:56 WARN StandaloneSchedulerBackend: Application ID is not initialized yet.
[2025-03-26T13:56:56.125+0000] {spark_submit.py:645} INFO - 25/03/26 13:56:56 INFO Utils: Successfully started service 'org.apache.spark.network.netty.NettyBlockTransferService' on port 42757.
[2025-03-26T13:56:56.126+0000] {spark_submit.py:645} INFO - 25/03/26 13:56:56 INFO NettyBlockTransferService: Server created on 1ef5fffc4c4a:42757
[2025-03-26T13:56:56.138+0000] {spark_submit.py:645} INFO - 25/03/26 13:56:56 INFO BlockManager: Using org.apache.spark.storage.RandomBlockReplicationPolicy for block replication policy
[2025-03-26T13:56:56.190+0000] {spark_submit.py:645} INFO - 25/03/26 13:56:56 INFO BlockManagerMaster: Registering BlockManager BlockManagerId(driver, 1ef5fffc4c4a, 42757, None)
[2025-03-26T13:56:56.206+0000] {spark_submit.py:645} INFO - 25/03/26 13:56:56 INFO BlockManagerMasterEndpoint: Registering block manager 1ef5fffc4c4a:42757 with 434.4 MiB RAM, BlockManagerId(driver, 1ef5fffc4c4a, 42757, None)
[2025-03-26T13:56:56.224+0000] {spark_submit.py:645} INFO - 25/03/26 13:56:56 INFO BlockManagerMaster: Registered BlockManager BlockManagerId(driver, 1ef5fffc4c4a, 42757, None)
[2025-03-26T13:56:56.226+0000] {spark_submit.py:645} INFO - 25/03/26 13:56:56 INFO BlockManager: Initialized BlockManager: BlockManagerId(driver, 1ef5fffc4c4a, 42757, None)
[2025-03-26T13:56:56.881+0000] {spark_submit.py:645} INFO - 25/03/26 13:56:56 INFO StandaloneSchedulerBackend: SchedulerBackend is ready for scheduling beginning after reached minRegisteredResourcesRatio: 0.0
[2025-03-26T13:56:57.320+0000] {spark_submit.py:645} INFO - 25/03/26 13:56:57 INFO SharedState: Setting hive.metastore.warehouse.dir ('null') to the value of spark.sql.warehouse.dir.
[2025-03-26T13:56:57.324+0000] {spark_submit.py:645} INFO - 25/03/26 13:56:57 INFO SharedState: Warehouse path is 'file:/opt/spark-warehouse'.
[2025-03-26T13:56:57.374+0000] {spark_submit.py:645} INFO - 25/03/26 13:56:57 INFO SparkContext: SparkContext is stopping with exitCode 0.
[2025-03-26T13:56:57.386+0000] {spark_submit.py:645} INFO - 25/03/26 13:56:57 INFO SparkUI: Stopped Spark web UI at http://1ef5fffc4c4a:4040
[2025-03-26T13:56:57.405+0000] {spark_submit.py:645} INFO - 25/03/26 13:56:57 INFO StandaloneSchedulerBackend: Shutting down all executors
[2025-03-26T13:56:57.423+0000] {spark_submit.py:645} INFO - 25/03/26 13:56:57 INFO StandaloneSchedulerBackend$StandaloneDriverEndpoint: Asking each executor to shut down
[2025-03-26T13:56:57.439+0000] {spark_submit.py:645} INFO - 25/03/26 13:56:57 WARN StandaloneAppClient$ClientEndpoint: Drop UnregisterApplication(null) because has not yet connected to master
[2025-03-26T13:56:57.456+0000] {spark_submit.py:645} INFO - 25/03/26 13:56:57 INFO MapOutputTrackerMasterEndpoint: MapOutputTrackerMasterEndpoint stopped!
[2025-03-26T13:56:57.516+0000] {spark_submit.py:645} INFO - 25/03/26 13:56:57 INFO MemoryStore: MemoryStore cleared
[2025-03-26T13:56:57.517+0000] {spark_submit.py:645} INFO - 25/03/26 13:56:57 INFO BlockManager: BlockManager stopped
[2025-03-26T13:56:57.528+0000] {spark_submit.py:645} INFO - 25/03/26 13:56:57 INFO BlockManagerMaster: BlockManagerMaster stopped
[2025-03-26T13:56:57.530+0000] {spark_submit.py:645} INFO - 25/03/26 13:56:57 INFO OutputCommitCoordinator$OutputCommitCoordinatorEndpoint: OutputCommitCoordinator stopped!
[2025-03-26T13:56:57.553+0000] {spark_submit.py:645} INFO - 25/03/26 13:56:57 INFO SparkContext: Successfully stopped SparkContext
[2025-03-26T13:56:58.750+0000] {spark_submit.py:645} INFO - Traceback (most recent call last):
[2025-03-26T13:56:58.750+0000] {spark_submit.py:645} INFO - File "/opt/spark_job/data_transformation.py", line 43, in <module>
[2025-03-26T13:56:58.752+0000] {spark_submit.py:645} INFO - data_transformation(spark, file_path)
[2025-03-26T13:56:58.753+0000] {spark_submit.py:645} INFO - File "/opt/spark_job/data_transformation.py", line 20, in data_transformation
[2025-03-26T13:56:58.755+0000] {spark_submit.py:645} INFO - df_raw = spark.read.option("multiline", "true").json(file_path)#"s3a://raw/playlist_20250323_190824.json")
[2025-03-26T13:56:58.755+0000] {spark_submit.py:645} INFO - ^^^^^^^^^^^^^^^^^^^^^^^^^^^^^^^^^^^^^^^^^^^^^^^^^^^^^^
[2025-03-26T13:56:58.756+0000] {spark_submit.py:645} INFO - File "/home/***/.local/lib/python3.11/site-packages/pyspark/python/lib/pyspark.zip/pyspark/sql/readwriter.py", line 425, in json
[2025-03-26T13:56:58.756+0000] {spark_submit.py:645} INFO - File "/home/***/.local/lib/python3.11/site-packages/pyspark/python/lib/py4j-0.10.9.7-src.zip/py4j/java_gateway.py", line 1322, in __call__
[2025-03-26T13:56:58.757+0000] {spark_submit.py:645} INFO - File "/home/***/.local/lib/python3.11/site-packages/pyspark/python/lib/pyspark.zip/pyspark/errors/exceptions/captured.py", line 179, in deco
[2025-03-26T13:56:58.757+0000] {spark_submit.py:645} INFO - File "/home/***/.local/lib/python3.11/site-packages/pyspark/python/lib/py4j-0.10.9.7-src.zip/py4j/protocol.py", line 326, in get_return_value
[2025-03-26T13:56:58.758+0000] {spark_submit.py:645} INFO - py4j.protocol.Py4JJavaError: An error occurred while calling o35.json.
[2025-03-26T13:56:58.758+0000] {spark_submit.py:645} INFO - : java.lang.NoClassDefFoundError: com/amazonaws/auth/AWSCredentialsProvider
[2025-03-26T13:56:58.759+0000] {spark_submit.py:645} INFO - at java.base/java.lang.Class.forName0(Native Method)
[2025-03-26T13:56:58.759+0000] {spark_submit.py:645} INFO - at java.base/java.lang.Class.forName(Class.java:467)
[2025-03-26T13:56:58.760+0000] {spark_submit.py:645} INFO - at org.apache.hadoop.conf.Configuration.getClassByNameOrNull(Configuration.java:2625)
[2025-03-26T13:56:58.760+0000] {spark_submit.py:645} INFO - at org.apache.hadoop.conf.Configuration.getClassByName(Configuration.java:2590)
[2025-03-26T13:56:58.761+0000] {spark_submit.py:645} INFO - at org.apache.hadoop.conf.Configuration.getClass(Configuration.java:2686)
[2025-03-26T13:56:58.761+0000] {spark_submit.py:645} INFO - at org.apache.hadoop.fs.FileSystem.getFileSystemClass(FileSystem.java:3431)
[2025-03-26T13:56:58.762+0000] {spark_submit.py:645} INFO - at org.apache.hadoop.fs.FileSystem.createFileSystem(FileSystem.java:3466)
[2025-03-26T13:56:58.762+0000] {spark_submit.py:645} INFO - at org.apache.hadoop.fs.FileSystem.access$300(FileSystem.java:174)
[2025-03-26T13:56:58.762+0000] {spark_submit.py:645} INFO - at org.apache.hadoop.fs.FileSystem$Cache.getInternal(FileSystem.java:3574)
[2025-03-26T13:56:58.762+0000] {spark_submit.py:645} INFO - at org.apache.hadoop.fs.FileSystem$Cache.get(FileSystem.java:3521)
[2025-03-26T13:56:58.763+0000] {spark_submit.py:645} INFO - at org.apache.hadoop.fs.FileSystem.get(FileSystem.java:540)
[2025-03-26T13:56:58.763+0000] {spark_submit.py:645} INFO - at org.apache.hadoop.fs.Path.getFileSystem(Path.java:365)
[2025-03-26T13:56:58.764+0000] {spark_submit.py:645} INFO - at org.apache.spark.sql.execution.streaming.FileStreamSink$.hasMetadata(FileStreamSink.scala:53)
[2025-03-26T13:56:58.765+0000] {spark_submit.py:645} INFO - at org.apache.spark.sql.execution.datasources.DataSource.resolveRelation(DataSource.scala:366)
[2025-03-26T13:56:58.765+0000] {spark_submit.py:645} INFO - at org.apache.spark.sql.DataFrameReader.loadV1Source(DataFrameReader.scala:229)
[2025-03-26T13:56:58.765+0000] {spark_submit.py:645} INFO - at org.apache.spark.sql.DataFrameReader.$anonfun$load$2(DataFrameReader.scala:211)
[2025-03-26T13:56:58.766+0000] {spark_submit.py:645} INFO - at scala.Option.getOrElse(Option.scala:189)
[2025-03-26T13:56:58.766+0000] {spark_submit.py:645} INFO - at org.apache.spark.sql.DataFrameReader.load(DataFrameReader.scala:211)
[2025-03-26T13:56:58.767+0000] {spark_submit.py:645} INFO - at org.apache.spark.sql.DataFrameReader.json(DataFrameReader.scala:362)
[2025-03-26T13:56:58.767+0000] {spark_submit.py:645} INFO - at java.base/jdk.internal.reflect.NativeMethodAccessorImpl.invoke0(Native Method)
[2025-03-26T13:56:58.768+0000] {spark_submit.py:645} INFO - at java.base/jdk.internal.reflect.NativeMethodAccessorImpl.invoke(NativeMethodAccessorImpl.java:77)
[2025-03-26T13:56:58.768+0000] {spark_submit.py:645} INFO - at java.base/jdk.internal.reflect.DelegatingMethodAccessorImpl.invoke(DelegatingMethodAccessorImpl.java:43)
[2025-03-26T13:56:58.769+0000] {spark_submit.py:645} INFO - at java.base/java.lang.reflect.Method.invoke(Method.java:569)
[2025-03-26T13:56:58.769+0000] {spark_submit.py:645} INFO - at py4j.reflection.MethodInvoker.invoke(MethodInvoker.java:244)
[2025-03-26T13:56:58.770+0000] {spark_submit.py:645} INFO - at py4j.reflection.ReflectionEngine.invoke(ReflectionEngine.java:374)
[2025-03-26T13:56:58.770+0000] {spark_submit.py:645} INFO - at py4j.Gateway.invoke(Gateway.java:282)
[2025-03-26T13:56:58.770+0000] {spark_submit.py:645} INFO - at py4j.commands.AbstractCommand.invokeMethod(AbstractCommand.java:132)
[2025-03-26T13:56:58.771+0000] {spark_submit.py:645} INFO - at py4j.commands.CallCommand.execute(CallCommand.java:79)
[2025-03-26T13:56:58.772+0000] {spark_submit.py:645} INFO - at py4j.ClientServerConnection.waitForCommands(ClientServerConnection.java:182)
[2025-03-26T13:56:58.772+0000] {spark_submit.py:645} INFO - at py4j.ClientServerConnection.run(ClientServerConnection.java:106)
[2025-03-26T13:56:58.772+0000] {spark_submit.py:645} INFO - at java.base/java.lang.Thread.run(Thread.java:840)
[2025-03-26T13:56:58.773+0000] {spark_submit.py:645} INFO - Caused by: java.lang.ClassNotFoundException: com.amazonaws.auth.AWSCredentialsProvider
[2025-03-26T13:56:58.773+0000] {spark_submit.py:645} INFO - at java.base/java.net.URLClassLoader.findClass(URLClassLoader.java:445)
[2025-03-26T13:56:58.774+0000] {spark_submit.py:645} INFO - at java.base/java.lang.ClassLoader.loadClass(ClassLoader.java:592)
[2025-03-26T13:56:58.774+0000] {spark_submit.py:645} INFO - at java.base/java.lang.ClassLoader.loadClass(ClassLoader.java:525)
[2025-03-26T13:56:58.775+0000] {spark_submit.py:645} INFO - ... 31 more
[2025-03-26T13:56:58.775+0000] {spark_submit.py:645} INFO - 
[2025-03-26T13:56:58.854+0000] {spark_submit.py:645} INFO - 25/03/26 13:56:58 INFO ShutdownHookManager: Shutdown hook called
[2025-03-26T13:56:58.855+0000] {spark_submit.py:645} INFO - 25/03/26 13:56:58 INFO ShutdownHookManager: Deleting directory /tmp/spark-39cc5ce7-6718-4645-8044-3b8dac9fc5ea/pyspark-693c49a9-ef3d-48fb-b00c-d6d42b53c906
[2025-03-26T13:56:58.861+0000] {spark_submit.py:645} INFO - 25/03/26 13:56:58 INFO ShutdownHookManager: Deleting directory /tmp/spark-78e78229-cdf8-4b59-8403-75eb0608e7b0
[2025-03-26T13:56:58.876+0000] {spark_submit.py:645} INFO - 25/03/26 13:56:58 INFO ShutdownHookManager: Deleting directory /tmp/spark-39cc5ce7-6718-4645-8044-3b8dac9fc5ea
[2025-03-26T13:56:58.978+0000] {taskinstance.py:441} INFO - ::group::Post task execution logs
[2025-03-26T13:56:59.008+0000] {taskinstance.py:2905} ERROR - Task failed with exception
Traceback (most recent call last):
  File "/home/airflow/.local/lib/python3.11/site-packages/airflow/models/taskinstance.py", line 465, in _execute_task
    result = _execute_callable(context=context, **execute_callable_kwargs)
             ^^^^^^^^^^^^^^^^^^^^^^^^^^^^^^^^^^^^^^^^^^^^^^^^^^^^^^^^^^^^^
  File "/home/airflow/.local/lib/python3.11/site-packages/airflow/models/taskinstance.py", line 432, in _execute_callable
    return execute_callable(context=context, **execute_callable_kwargs)
           ^^^^^^^^^^^^^^^^^^^^^^^^^^^^^^^^^^^^^^^^^^^^^^^^^^^^^^^^^^^^
  File "/home/airflow/.local/lib/python3.11/site-packages/airflow/models/baseoperator.py", line 401, in wrapper
    return func(self, *args, **kwargs)
           ^^^^^^^^^^^^^^^^^^^^^^^^^^^
  File "/home/airflow/.local/lib/python3.11/site-packages/airflow/operators/python.py", line 235, in execute
    return_value = self.execute_callable()
                   ^^^^^^^^^^^^^^^^^^^^^^^
  File "/home/airflow/.local/lib/python3.11/site-packages/airflow/operators/python.py", line 252, in execute_callable
    return self.python_callable(*self.op_args, **self.op_kwargs)
           ^^^^^^^^^^^^^^^^^^^^^^^^^^^^^^^^^^^^^^^^^^^^^^^^^^^^^
  File "/opt/airflow/dags/etl_pipeline.py", line 96, in spark_dtransformation
    ).execute(kwargs)
      ^^^^^^^^^^^^^^^
  File "/home/airflow/.local/lib/python3.11/site-packages/airflow/models/baseoperator.py", line 401, in wrapper
    return func(self, *args, **kwargs)
           ^^^^^^^^^^^^^^^^^^^^^^^^^^^
  File "/home/airflow/.local/lib/python3.11/site-packages/airflow/providers/apache/spark/operators/spark_submit.py", line 177, in execute
    self._hook.submit(self.application)
  File "/home/airflow/.local/lib/python3.11/site-packages/airflow/providers/apache/spark/hooks/spark_submit.py", line 567, in submit
    raise AirflowException(
airflow.exceptions.AirflowException: Cannot execute: spark-submit --master spark://spark-master:7077 --conf spark.master=spark://spark-master:7077 --conf spark.executor.memory=2g --conf spark.executor.cores=2 --conf spark.jars=/opt/spark_job/aws-java-sdk-bundle-1.12.262.jar,/opt/spark_job/jars/hadoop-aws-3.3.4.jar --conf spark.hadoop.fs.s3a.endpoint=http://minio:9000 --conf spark.hadoop.fs.s3a.access.key=admin --conf spark.hadoop.fs.s3a.secret.key=****** --conf spark.hadoop.fs.s3a.impl=org.apache.hadoop.fs.s3a.S3AFileSystem --conf spark.hadoop.fs.s3a.path.style.access=true --principal *** --name arrow-spark --verbose --deploy-mode client /opt/spark_job/data_transformation.py s3://raw/playlist_20250326_133348.json. Error code is: 1.
[2025-03-26T13:56:59.019+0000] {taskinstance.py:1206} INFO - Marking task as UP_FOR_RETRY. dag_id=etl_pipeline, task_id=transformation, run_id=manual__2025-03-26T13:33:39.761724+00:00, execution_date=20250326T133339, start_date=20250326T135550, end_date=20250326T135659
[2025-03-26T13:56:59.088+0000] {standard_task_runner.py:110} ERROR - Failed to execute job 12 for task transformation (Cannot execute: spark-submit --master spark://spark-master:7077 --conf spark.master=spark://spark-master:7077 --conf spark.executor.memory=2g --conf spark.executor.cores=2 --conf spark.jars=/opt/spark_job/aws-java-sdk-bundle-1.12.262.jar,/opt/spark_job/jars/hadoop-aws-3.3.4.jar --conf spark.hadoop.fs.s3a.endpoint=http://minio:9000 --conf spark.hadoop.fs.s3a.access.key=admin --conf spark.hadoop.fs.s3a.secret.key=****** --conf spark.hadoop.fs.s3a.impl=org.apache.hadoop.fs.s3a.S3AFileSystem --conf spark.hadoop.fs.s3a.path.style.access=true --principal *** --name arrow-spark --verbose --deploy-mode client /opt/spark_job/data_transformation.py s3://raw/playlist_20250326_133348.json. Error code is: 1.; 248)
[2025-03-26T13:56:59.123+0000] {local_task_job_runner.py:240} INFO - Task exited with return code 1
[2025-03-26T13:56:59.152+0000] {taskinstance.py:3503} INFO - 0 downstream tasks scheduled from follow-on schedule check
[2025-03-26T13:56:59.188+0000] {local_task_job_runner.py:222} INFO - ::endgroup::
