[2025-03-29T13:46:50.601+0000] {local_task_job_runner.py:120} INFO - ::group::Pre task execution logs
[2025-03-29T13:46:50.661+0000] {taskinstance.py:2076} INFO - Dependencies all met for dep_context=non-requeueable deps ti=<TaskInstance: etl_pipeline.transformation manual__2025-03-26T13:33:39.761724+00:00 [queued]>
[2025-03-29T13:46:50.671+0000] {taskinstance.py:2076} INFO - Dependencies all met for dep_context=requeueable deps ti=<TaskInstance: etl_pipeline.transformation manual__2025-03-26T13:33:39.761724+00:00 [queued]>
[2025-03-29T13:46:50.672+0000] {taskinstance.py:2306} INFO - Starting attempt 53 of 54
[2025-03-29T13:46:50.720+0000] {taskinstance.py:2330} INFO - Executing <Task(PythonOperator): transformation> on 2025-03-26 13:33:39.761724+00:00
[2025-03-29T13:46:50.726+0000] {standard_task_runner.py:63} INFO - Started process 582 to run task
[2025-03-29T13:46:50.730+0000] {standard_task_runner.py:90} INFO - Running: ['***', 'tasks', 'run', 'etl_pipeline', 'transformation', 'manual__2025-03-26T13:33:39.761724+00:00', '--job-id', '100', '--raw', '--subdir', 'DAGS_FOLDER/etl_pipeline.py', '--cfg-path', '/tmp/tmpoz3acsf9']
[2025-03-29T13:46:50.735+0000] {standard_task_runner.py:91} INFO - Job 100: Subtask transformation
[2025-03-29T13:46:50.832+0000] {task_command.py:426} INFO - Running <TaskInstance: etl_pipeline.transformation manual__2025-03-26T13:33:39.761724+00:00 [running]> on host 0078b745cbba
[2025-03-29T13:46:50.986+0000] {taskinstance.py:2648} INFO - Exporting env vars: AIRFLOW_CTX_DAG_OWNER='lobobranco' AIRFLOW_CTX_DAG_ID='etl_pipeline' AIRFLOW_CTX_TASK_ID='transformation' AIRFLOW_CTX_EXECUTION_DATE='2025-03-26T13:33:39.761724+00:00' AIRFLOW_CTX_TRY_NUMBER='53' AIRFLOW_CTX_DAG_RUN_ID='manual__2025-03-26T13:33:39.761724+00:00'
[2025-03-29T13:46:50.987+0000] {taskinstance.py:430} INFO - ::endgroup::
[2025-03-29T13:46:51.014+0000] {etl_pipeline.py:76} INFO - Transforming data from file: s3://raw/playlist_20250329_132856.json
[2025-03-29T13:46:51.014+0000] {logging_mixin.py:188} INFO - File Path: s3://raw/playlist_20250329_132856.json
[2025-03-29T13:46:51.015+0000] {logging_mixin.py:188} INFO - Processed Bucket: processed
[2025-03-29T13:46:51.016+0000] {baseoperator.py:400} WARNING - SparkSubmitOperator.execute cannot be called outside TaskInstance!
[2025-03-29T13:46:51.029+0000] {base.py:84} INFO - Using connection ID 'spark_default' for task execution.
[2025-03-29T13:46:51.030+0000] {spark_submit.py:328} ERROR - Failed to decode base64 keytab: Incorrect padding
[2025-03-29T13:46:51.031+0000] {spark_submit.py:305} INFO - Could not load connection string spark_default, defaulting to spark://spark-master:7077
[2025-03-29T13:46:51.033+0000] {spark_submit.py:474} INFO - Spark-Submit cmd: spark-submit --master spark://spark-master:7077 --conf spark.executor.memory=512m --conf spark.executor.cores=1 --conf spark.jars=/opt/spark_job/jars/aws-java-sdk-bundle-1.12.262.jar,/opt/spark_job/jars/hadoop-aws-3.3.4.jar --conf spark.hadoop.fs.s3a.endpoint=http://minio:9000 --conf spark.hadoop.fs.s3a.access.key=admin --conf spark.hadoop.fs.s3a.secret.key=****** --conf spark.hadoop.fs.s3a.impl=org.apache.hadoop.fs.s3a.S3AFileSystem --conf spark.hadoop.fs.s3a.path.style.access=true --principal *** --name arrow-spark --verbose --deploy-mode client /opt/spark_job/data_transformation.py s3://raw/playlist_20250329_132856.json processed
[2025-03-29T13:46:51.083+0000] {spark_submit.py:645} INFO - /home/***/.local/lib/python3.11/site-packages/pyspark/bin/load-spark-env.sh: line 68: ps: command not found
[2025-03-29T13:46:52.608+0000] {spark_submit.py:645} INFO - Using properties file: null
[2025-03-29T13:46:52.744+0000] {spark_submit.py:645} INFO - Parsed arguments:
[2025-03-29T13:46:52.745+0000] {spark_submit.py:645} INFO - master                  spark://spark-master:7077
[2025-03-29T13:46:52.745+0000] {spark_submit.py:645} INFO - remote                  null
[2025-03-29T13:46:52.746+0000] {spark_submit.py:645} INFO - deployMode              client
[2025-03-29T13:46:52.746+0000] {spark_submit.py:645} INFO - executorMemory          512m
[2025-03-29T13:46:52.747+0000] {spark_submit.py:645} INFO - executorCores           1
[2025-03-29T13:46:52.747+0000] {spark_submit.py:645} INFO - totalExecutorCores      null
[2025-03-29T13:46:52.747+0000] {spark_submit.py:645} INFO - propertiesFile          null
[2025-03-29T13:46:52.748+0000] {spark_submit.py:645} INFO - driverMemory            null
[2025-03-29T13:46:52.748+0000] {spark_submit.py:645} INFO - driverCores             null
[2025-03-29T13:46:52.748+0000] {spark_submit.py:645} INFO - driverExtraClassPath    null
[2025-03-29T13:46:52.749+0000] {spark_submit.py:645} INFO - driverExtraLibraryPath  null
[2025-03-29T13:46:52.749+0000] {spark_submit.py:645} INFO - driverExtraJavaOptions  null
[2025-03-29T13:46:52.750+0000] {spark_submit.py:645} INFO - supervise               false
[2025-03-29T13:46:52.751+0000] {spark_submit.py:645} INFO - queue                   null
[2025-03-29T13:46:52.751+0000] {spark_submit.py:645} INFO - numExecutors            null
[2025-03-29T13:46:52.752+0000] {spark_submit.py:645} INFO - files                   null
[2025-03-29T13:46:52.752+0000] {spark_submit.py:645} INFO - pyFiles                 null
[2025-03-29T13:46:52.753+0000] {spark_submit.py:645} INFO - archives                null
[2025-03-29T13:46:52.753+0000] {spark_submit.py:645} INFO - mainClass               null
[2025-03-29T13:46:52.754+0000] {spark_submit.py:645} INFO - primaryResource         file:/opt/spark_job/data_transformation.py
[2025-03-29T13:46:52.754+0000] {spark_submit.py:645} INFO - name                    arrow-spark
[2025-03-29T13:46:52.754+0000] {spark_submit.py:645} INFO - childArgs               [s3://raw/playlist_20250329_132856.json processed]
[2025-03-29T13:46:52.755+0000] {spark_submit.py:645} INFO - jars                    /opt/spark_job/jars/aws-java-sdk-bundle-1.12.262.jar,/opt/spark_job/jars/hadoop-aws-3.3.4.jar
[2025-03-29T13:46:52.755+0000] {spark_submit.py:645} INFO - packages                null
[2025-03-29T13:46:52.755+0000] {spark_submit.py:645} INFO - packagesExclusions      null
[2025-03-29T13:46:52.755+0000] {spark_submit.py:645} INFO - repositories            null
[2025-03-29T13:46:52.756+0000] {spark_submit.py:645} INFO - verbose                 true
[2025-03-29T13:46:52.756+0000] {spark_submit.py:645} INFO - 
[2025-03-29T13:46:52.756+0000] {spark_submit.py:645} INFO - Spark properties used, including those specified through
[2025-03-29T13:46:52.757+0000] {spark_submit.py:645} INFO - --conf and those from the properties file null:
[2025-03-29T13:46:52.757+0000] {spark_submit.py:645} INFO - (spark.executor.cores,1)
[2025-03-29T13:46:52.757+0000] {spark_submit.py:645} INFO - (spark.executor.memory,512m)
[2025-03-29T13:46:52.758+0000] {spark_submit.py:645} INFO - (spark.hadoop.fs.s3a.access.key,*********(redacted))
[2025-03-29T13:46:52.758+0000] {spark_submit.py:645} INFO - (spark.hadoop.fs.s3a.endpoint,http://minio:9000)
[2025-03-29T13:46:52.759+0000] {spark_submit.py:645} INFO - (spark.hadoop.fs.s3a.impl,org.apache.hadoop.fs.s3a.S3AFileSystem)
[2025-03-29T13:46:52.759+0000] {spark_submit.py:645} INFO - (spark.hadoop.fs.s3a.path.style.access,true)
[2025-03-29T13:46:52.759+0000] {spark_submit.py:645} INFO - (spark.hadoop.fs.s3a.secret.key,*********(redacted))
[2025-03-29T13:46:52.759+0000] {spark_submit.py:645} INFO - (spark.jars,/opt/spark_job/jars/aws-java-sdk-bundle-1.12.262.jar,/opt/spark_job/jars/hadoop-aws-3.3.4.jar)
[2025-03-29T13:46:52.760+0000] {spark_submit.py:645} INFO - 
[2025-03-29T13:46:52.760+0000] {spark_submit.py:645} INFO - 
[2025-03-29T13:46:53.063+0000] {spark_submit.py:645} INFO - 25/03/29 13:46:53 WARN NativeCodeLoader: Unable to load native-hadoop library for your platform... using builtin-java classes where applicable
[2025-03-29T13:46:53.281+0000] {spark_submit.py:645} INFO - Main class:
[2025-03-29T13:46:53.282+0000] {spark_submit.py:645} INFO - org.apache.spark.deploy.PythonRunner
[2025-03-29T13:46:53.283+0000] {spark_submit.py:645} INFO - Arguments:
[2025-03-29T13:46:53.284+0000] {spark_submit.py:645} INFO - file:/opt/spark_job/data_transformation.py
[2025-03-29T13:46:53.285+0000] {spark_submit.py:645} INFO - null
[2025-03-29T13:46:53.285+0000] {spark_submit.py:645} INFO - s3://raw/playlist_20250329_132856.json
[2025-03-29T13:46:53.286+0000] {spark_submit.py:645} INFO - processed
[2025-03-29T13:46:53.286+0000] {spark_submit.py:645} INFO - Spark config:
[2025-03-29T13:46:53.287+0000] {spark_submit.py:645} INFO - (spark.app.name,arrow-spark)
[2025-03-29T13:46:53.288+0000] {spark_submit.py:645} INFO - (spark.app.submitTime,1743256013263)
[2025-03-29T13:46:53.288+0000] {spark_submit.py:645} INFO - (spark.executor.cores,1)
[2025-03-29T13:46:53.289+0000] {spark_submit.py:645} INFO - (spark.executor.memory,512m)
[2025-03-29T13:46:53.289+0000] {spark_submit.py:645} INFO - (spark.hadoop.fs.s3a.access.key,*********(redacted))
[2025-03-29T13:46:53.290+0000] {spark_submit.py:645} INFO - (spark.hadoop.fs.s3a.endpoint,http://minio:9000)
[2025-03-29T13:46:53.291+0000] {spark_submit.py:645} INFO - (spark.hadoop.fs.s3a.impl,org.apache.hadoop.fs.s3a.S3AFileSystem)
[2025-03-29T13:46:53.291+0000] {spark_submit.py:645} INFO - (spark.hadoop.fs.s3a.path.style.access,true)
[2025-03-29T13:46:53.292+0000] {spark_submit.py:645} INFO - (spark.hadoop.fs.s3a.secret.key,*********(redacted))
[2025-03-29T13:46:53.293+0000] {spark_submit.py:645} INFO - (spark.jars,file:///opt/spark_job/jars/aws-java-sdk-bundle-1.12.262.jar,file:///opt/spark_job/jars/hadoop-aws-3.3.4.jar)
[2025-03-29T13:46:53.293+0000] {spark_submit.py:645} INFO - (spark.kerberos.principal,***)
[2025-03-29T13:46:53.294+0000] {spark_submit.py:645} INFO - (spark.master,spark://spark-master:7077)
[2025-03-29T13:46:53.295+0000] {spark_submit.py:645} INFO - (spark.repl.local.jars,file:///opt/spark_job/jars/aws-java-sdk-bundle-1.12.262.jar,file:///opt/spark_job/jars/hadoop-aws-3.3.4.jar)
[2025-03-29T13:46:53.295+0000] {spark_submit.py:645} INFO - (spark.submit.deployMode,client)
[2025-03-29T13:46:53.295+0000] {spark_submit.py:645} INFO - (spark.submit.pyFiles,)
[2025-03-29T13:46:53.296+0000] {spark_submit.py:645} INFO - Classpath elements:
[2025-03-29T13:46:53.296+0000] {spark_submit.py:645} INFO - file:///opt/spark_job/jars/aws-java-sdk-bundle-1.12.262.jar
[2025-03-29T13:46:53.297+0000] {spark_submit.py:645} INFO - file:///opt/spark_job/jars/hadoop-aws-3.3.4.jar
[2025-03-29T13:46:53.297+0000] {spark_submit.py:645} INFO - 
[2025-03-29T13:46:53.298+0000] {spark_submit.py:645} INFO - 
[2025-03-29T13:46:54.068+0000] {spark_submit.py:645} INFO - 2025-03-29 13:46:54,067 - INFO - Iniciando a configuração da Spark Session
[2025-03-29T13:46:54.744+0000] {spark_submit.py:645} INFO - 25/03/29 13:46:54 INFO SparkContext: Running Spark version 3.5.5
[2025-03-29T13:46:54.745+0000] {spark_submit.py:645} INFO - 25/03/29 13:46:54 INFO SparkContext: OS info Linux, 5.15.153.1-microsoft-standard-WSL2, amd64
[2025-03-29T13:46:54.745+0000] {spark_submit.py:645} INFO - 25/03/29 13:46:54 INFO SparkContext: Java version 17.0.14
[2025-03-29T13:46:54.775+0000] {spark_submit.py:645} INFO - 25/03/29 13:46:54 INFO ResourceUtils: ==============================================================
[2025-03-29T13:46:54.775+0000] {spark_submit.py:645} INFO - 25/03/29 13:46:54 INFO ResourceUtils: No custom resources configured for spark.driver.
[2025-03-29T13:46:54.776+0000] {spark_submit.py:645} INFO - 25/03/29 13:46:54 INFO ResourceUtils: ==============================================================
[2025-03-29T13:46:54.776+0000] {spark_submit.py:645} INFO - 25/03/29 13:46:54 INFO SparkContext: Submitted application: Minio Integration with PySpark
[2025-03-29T13:46:54.800+0000] {spark_submit.py:645} INFO - 25/03/29 13:46:54 INFO ResourceProfile: Default ResourceProfile created, executor resources: Map(cores -> name: cores, amount: 1, script: , vendor: , memory -> name: memory, amount: 512, script: , vendor: , offHeap -> name: offHeap, amount: 0, script: , vendor: ), task resources: Map(cpus -> name: cpus, amount: 1.0)
[2025-03-29T13:46:54.811+0000] {spark_submit.py:645} INFO - 25/03/29 13:46:54 INFO ResourceProfile: Limiting resource is cpus at 1 tasks per executor
[2025-03-29T13:46:54.813+0000] {spark_submit.py:645} INFO - 25/03/29 13:46:54 INFO ResourceProfileManager: Added ResourceProfile id: 0
[2025-03-29T13:46:54.871+0000] {spark_submit.py:645} INFO - 25/03/29 13:46:54 INFO SecurityManager: Changing view acls to: ***
[2025-03-29T13:46:54.871+0000] {spark_submit.py:645} INFO - 25/03/29 13:46:54 INFO SecurityManager: Changing modify acls to: ***
[2025-03-29T13:46:54.872+0000] {spark_submit.py:645} INFO - 25/03/29 13:46:54 INFO SecurityManager: Changing view acls groups to:
[2025-03-29T13:46:54.873+0000] {spark_submit.py:645} INFO - 25/03/29 13:46:54 INFO SecurityManager: Changing modify acls groups to:
[2025-03-29T13:46:54.874+0000] {spark_submit.py:645} INFO - 25/03/29 13:46:54 INFO SecurityManager: SecurityManager: authentication disabled; ui acls disabled; users with view permissions: ***; groups with view permissions: EMPTY; users with modify permissions: ***; groups with modify permissions: EMPTY
[2025-03-29T13:46:55.123+0000] {spark_submit.py:645} INFO - 25/03/29 13:46:55 INFO Utils: Successfully started service 'sparkDriver' on port 37011.
[2025-03-29T13:46:55.173+0000] {spark_submit.py:645} INFO - 25/03/29 13:46:55 INFO SparkEnv: Registering MapOutputTracker
[2025-03-29T13:46:55.234+0000] {spark_submit.py:645} INFO - 25/03/29 13:46:55 INFO SparkEnv: Registering BlockManagerMaster
[2025-03-29T13:46:55.264+0000] {spark_submit.py:645} INFO - 25/03/29 13:46:55 INFO BlockManagerMasterEndpoint: Using org.apache.spark.storage.DefaultTopologyMapper for getting topology information
[2025-03-29T13:46:55.265+0000] {spark_submit.py:645} INFO - 25/03/29 13:46:55 INFO BlockManagerMasterEndpoint: BlockManagerMasterEndpoint up
[2025-03-29T13:46:55.273+0000] {spark_submit.py:645} INFO - 25/03/29 13:46:55 INFO SparkEnv: Registering BlockManagerMasterHeartbeat
[2025-03-29T13:46:55.300+0000] {spark_submit.py:645} INFO - 25/03/29 13:46:55 INFO DiskBlockManager: Created local directory at /tmp/blockmgr-de5cd08b-e922-4f57-98b1-9746187e5ab7
[2025-03-29T13:46:55.324+0000] {spark_submit.py:645} INFO - 25/03/29 13:46:55 INFO MemoryStore: MemoryStore started with capacity 434.4 MiB
[2025-03-29T13:46:55.355+0000] {spark_submit.py:645} INFO - 25/03/29 13:46:55 INFO SparkEnv: Registering OutputCommitCoordinator
[2025-03-29T13:46:55.508+0000] {spark_submit.py:645} INFO - 25/03/29 13:46:55 INFO JettyUtils: Start Jetty 0.0.0.0:4040 for SparkUI
[2025-03-29T13:46:55.580+0000] {spark_submit.py:645} INFO - 25/03/29 13:46:55 INFO Utils: Successfully started service 'SparkUI' on port 4040.
[2025-03-29T13:46:55.618+0000] {spark_submit.py:645} INFO - 25/03/29 13:46:55 INFO SparkContext: Added JAR file:///opt/spark_job/jars/aws-java-sdk-bundle-1.12.262.jar at spark://0078b745cbba:37011/jars/aws-java-sdk-bundle-1.12.262.jar with timestamp 1743256014736
[2025-03-29T13:46:55.620+0000] {spark_submit.py:645} INFO - 25/03/29 13:46:55 INFO SparkContext: Added JAR file:///opt/spark_job/jars/hadoop-aws-3.3.4.jar at spark://0078b745cbba:37011/jars/hadoop-aws-3.3.4.jar with timestamp 1743256014736
[2025-03-29T13:46:55.706+0000] {spark_submit.py:645} INFO - 25/03/29 13:46:55 INFO StandaloneAppClient$ClientEndpoint: Connecting to master spark://spark-master:7077...
[2025-03-29T13:46:55.764+0000] {spark_submit.py:645} INFO - 25/03/29 13:46:55 INFO TransportClientFactory: Successfully created connection to spark-master/172.18.0.7:7077 after 36 ms (0 ms spent in bootstraps)
[2025-03-29T13:46:55.948+0000] {spark_submit.py:645} INFO - 25/03/29 13:46:55 INFO StandaloneSchedulerBackend: Connected to Spark cluster with app ID app-20250329134655-0001
[2025-03-29T13:46:55.998+0000] {spark_submit.py:645} INFO - 25/03/29 13:46:55 INFO StandaloneAppClient$ClientEndpoint: Executor added: app-20250329134655-0001/0 on worker-20250329132402-172.18.0.5-32793 (172.18.0.5:32793) with 1 core(s)
[2025-03-29T13:46:56.035+0000] {spark_submit.py:645} INFO - 25/03/29 13:46:56 INFO StandaloneSchedulerBackend: Granted executor ID app-20250329134655-0001/0 on hostPort 172.18.0.5:32793 with 1 core(s), 512.0 MiB RAM
[2025-03-29T13:46:56.048+0000] {spark_submit.py:645} INFO - 25/03/29 13:46:56 INFO StandaloneAppClient$ClientEndpoint: Executor added: app-20250329134655-0001/1 on worker-20250329132402-172.18.0.5-32793 (172.18.0.5:32793) with 1 core(s)
[2025-03-29T13:46:56.049+0000] {spark_submit.py:645} INFO - 25/03/29 13:46:56 INFO StandaloneSchedulerBackend: Granted executor ID app-20250329134655-0001/1 on hostPort 172.18.0.5:32793 with 1 core(s), 512.0 MiB RAM
[2025-03-29T13:46:56.058+0000] {spark_submit.py:645} INFO - 25/03/29 13:46:56 INFO StandaloneAppClient$ClientEndpoint: Executor added: app-20250329134655-0001/2 on worker-20250329132402-172.18.0.6-46027 (172.18.0.6:46027) with 1 core(s)
[2025-03-29T13:46:56.058+0000] {spark_submit.py:645} INFO - 25/03/29 13:46:56 INFO StandaloneSchedulerBackend: Granted executor ID app-20250329134655-0001/2 on hostPort 172.18.0.6:46027 with 1 core(s), 512.0 MiB RAM
[2025-03-29T13:46:56.085+0000] {spark_submit.py:645} INFO - 25/03/29 13:46:56 INFO StandaloneAppClient$ClientEndpoint: Executor added: app-20250329134655-0001/3 on worker-20250329132402-172.18.0.6-46027 (172.18.0.6:46027) with 1 core(s)
[2025-03-29T13:46:56.086+0000] {spark_submit.py:645} INFO - 25/03/29 13:46:56 INFO StandaloneSchedulerBackend: Granted executor ID app-20250329134655-0001/3 on hostPort 172.18.0.6:46027 with 1 core(s), 512.0 MiB RAM
[2025-03-29T13:46:56.098+0000] {spark_submit.py:645} INFO - 25/03/29 13:46:56 INFO Utils: Successfully started service 'org.apache.spark.network.netty.NettyBlockTransferService' on port 44341.
[2025-03-29T13:46:56.098+0000] {spark_submit.py:645} INFO - 25/03/29 13:46:56 INFO NettyBlockTransferService: Server created on 0078b745cbba:44341
[2025-03-29T13:46:56.108+0000] {spark_submit.py:645} INFO - 25/03/29 13:46:56 INFO BlockManager: Using org.apache.spark.storage.RandomBlockReplicationPolicy for block replication policy
[2025-03-29T13:46:56.145+0000] {spark_submit.py:645} INFO - 25/03/29 13:46:56 INFO BlockManagerMaster: Registering BlockManager BlockManagerId(driver, 0078b745cbba, 44341, None)
[2025-03-29T13:46:56.158+0000] {spark_submit.py:645} INFO - 25/03/29 13:46:56 INFO BlockManagerMasterEndpoint: Registering block manager 0078b745cbba:44341 with 434.4 MiB RAM, BlockManagerId(driver, 0078b745cbba, 44341, None)
[2025-03-29T13:46:56.163+0000] {spark_submit.py:645} INFO - 25/03/29 13:46:56 INFO BlockManagerMaster: Registered BlockManager BlockManagerId(driver, 0078b745cbba, 44341, None)
[2025-03-29T13:46:56.169+0000] {spark_submit.py:645} INFO - 25/03/29 13:46:56 INFO BlockManager: Initialized BlockManager: BlockManagerId(driver, 0078b745cbba, 44341, None)
[2025-03-29T13:46:56.172+0000] {spark_submit.py:645} INFO - 25/03/29 13:46:56 INFO StandaloneAppClient$ClientEndpoint: Executor updated: app-20250329134655-0001/2 is now RUNNING
[2025-03-29T13:46:56.208+0000] {spark_submit.py:645} INFO - 25/03/29 13:46:56 INFO StandaloneAppClient$ClientEndpoint: Executor updated: app-20250329134655-0001/1 is now RUNNING
[2025-03-29T13:46:56.274+0000] {spark_submit.py:645} INFO - 25/03/29 13:46:56 INFO StandaloneAppClient$ClientEndpoint: Executor updated: app-20250329134655-0001/0 is now RUNNING
[2025-03-29T13:46:56.315+0000] {spark_submit.py:645} INFO - 25/03/29 13:46:56 INFO StandaloneAppClient$ClientEndpoint: Executor updated: app-20250329134655-0001/3 is now RUNNING
[2025-03-29T13:46:56.931+0000] {spark_submit.py:645} INFO - 25/03/29 13:46:56 INFO StandaloneSchedulerBackend: SchedulerBackend is ready for scheduling beginning after reached minRegisteredResourcesRatio: 0.0
[2025-03-29T13:46:57.357+0000] {spark_submit.py:645} INFO - 2025-03-29 13:46:57,355 - INFO - Spark Session criada com sucesso
[2025-03-29T13:46:57.365+0000] {spark_submit.py:645} INFO - 25/03/29 13:46:57 INFO SharedState: Setting hive.metastore.warehouse.dir ('null') to the value of spark.sql.warehouse.dir.
[2025-03-29T13:46:57.402+0000] {spark_submit.py:645} INFO - 25/03/29 13:46:57 INFO SharedState: Warehouse path is 'file:/opt/spark-warehouse'.
[2025-03-29T13:46:59.917+0000] {spark_submit.py:645} INFO - 25/03/29 13:46:59 WARN MetricsConfig: Cannot locate configuration: tried hadoop-metrics2-s3a-file-system.properties,hadoop-metrics2.properties
[2025-03-29T13:47:00.002+0000] {spark_submit.py:645} INFO - 25/03/29 13:47:00 INFO MetricsSystemImpl: Scheduled Metric snapshot period at 10 second(s).
[2025-03-29T13:47:00.003+0000] {spark_submit.py:645} INFO - 25/03/29 13:47:00 INFO MetricsSystemImpl: s3a-file-system metrics system started
[2025-03-29T13:47:04.347+0000] {spark_submit.py:645} INFO - 25/03/29 13:47:04 INFO InMemoryFileIndex: It took 246 ms to list leaf files for 1 paths.
[2025-03-29T13:47:05.061+0000] {spark_submit.py:645} INFO - 25/03/29 13:47:05 INFO MemoryStore: Block broadcast_0 stored as values in memory (estimated size 209.2 KiB, free 434.2 MiB)
[2025-03-29T13:47:05.406+0000] {spark_submit.py:645} INFO - 25/03/29 13:47:05 INFO MemoryStore: Block broadcast_0_piece0 stored as bytes in memory (estimated size 35.4 KiB, free 434.2 MiB)
[2025-03-29T13:47:05.415+0000] {spark_submit.py:645} INFO - 25/03/29 13:47:05 INFO BlockManagerInfo: Added broadcast_0_piece0 in memory on 0078b745cbba:44341 (size: 35.4 KiB, free: 434.4 MiB)
[2025-03-29T13:47:05.418+0000] {spark_submit.py:645} INFO - 25/03/29 13:47:05 INFO SparkContext: Created broadcast 0 from json at NativeMethodAccessorImpl.java:0
[2025-03-29T13:47:06.406+0000] {spark_submit.py:645} INFO - 25/03/29 13:47:06 INFO FileInputFormat: Total input files to process : 1
[2025-03-29T13:47:06.431+0000] {spark_submit.py:645} INFO - 25/03/29 13:47:06 INFO FileInputFormat: Total input files to process : 1
[2025-03-29T13:47:06.515+0000] {spark_submit.py:645} INFO - 25/03/29 13:47:06 INFO SparkContext: Starting job: json at NativeMethodAccessorImpl.java:0
[2025-03-29T13:47:06.535+0000] {spark_submit.py:645} INFO - 25/03/29 13:47:06 INFO DAGScheduler: Got job 0 (json at NativeMethodAccessorImpl.java:0) with 1 output partitions
[2025-03-29T13:47:06.535+0000] {spark_submit.py:645} INFO - 25/03/29 13:47:06 INFO DAGScheduler: Final stage: ResultStage 0 (json at NativeMethodAccessorImpl.java:0)
[2025-03-29T13:47:06.536+0000] {spark_submit.py:645} INFO - 25/03/29 13:47:06 INFO DAGScheduler: Parents of final stage: List()
[2025-03-29T13:47:06.558+0000] {spark_submit.py:645} INFO - 25/03/29 13:47:06 INFO DAGScheduler: Missing parents: List()
[2025-03-29T13:47:06.566+0000] {spark_submit.py:645} INFO - 25/03/29 13:47:06 INFO DAGScheduler: Submitting ResultStage 0 (MapPartitionsRDD[2] at json at NativeMethodAccessorImpl.java:0), which has no missing parents
[2025-03-29T13:47:06.692+0000] {spark_submit.py:645} INFO - 25/03/29 13:47:06 INFO MemoryStore: Block broadcast_1 stored as values in memory (estimated size 9.3 KiB, free 434.2 MiB)
[2025-03-29T13:47:06.693+0000] {spark_submit.py:645} INFO - 25/03/29 13:47:06 INFO MemoryStore: Block broadcast_1_piece0 stored as bytes in memory (estimated size 5.0 KiB, free 434.1 MiB)
[2025-03-29T13:47:06.693+0000] {spark_submit.py:645} INFO - 25/03/29 13:47:06 INFO BlockManagerInfo: Added broadcast_1_piece0 in memory on 0078b745cbba:44341 (size: 5.0 KiB, free: 434.4 MiB)
[2025-03-29T13:47:06.694+0000] {spark_submit.py:645} INFO - 25/03/29 13:47:06 INFO SparkContext: Created broadcast 1 from broadcast at DAGScheduler.scala:1585
[2025-03-29T13:47:06.734+0000] {spark_submit.py:645} INFO - 25/03/29 13:47:06 INFO DAGScheduler: Submitting 1 missing tasks from ResultStage 0 (MapPartitionsRDD[2] at json at NativeMethodAccessorImpl.java:0) (first 15 tasks are for partitions Vector(0))
[2025-03-29T13:47:06.735+0000] {spark_submit.py:645} INFO - 25/03/29 13:47:06 INFO TaskSchedulerImpl: Adding task set 0.0 with 1 tasks resource profile 0
[2025-03-29T13:47:06.989+0000] {spark_submit.py:645} INFO - 25/03/29 13:47:06 INFO StandaloneSchedulerBackend$StandaloneDriverEndpoint: Registered executor NettyRpcEndpointRef(spark-client://Executor) (172.18.0.5:43418) with ID 1,  ResourceProfileId 0
[2025-03-29T13:47:07.335+0000] {spark_submit.py:645} INFO - 25/03/29 13:47:07 INFO StandaloneSchedulerBackend$StandaloneDriverEndpoint: Registered executor NettyRpcEndpointRef(spark-client://Executor) (172.18.0.6:45708) with ID 3,  ResourceProfileId 0
[2025-03-29T13:47:07.387+0000] {spark_submit.py:645} INFO - 25/03/29 13:47:07 INFO StandaloneSchedulerBackend$StandaloneDriverEndpoint: Registered executor NettyRpcEndpointRef(spark-client://Executor) (172.18.0.5:43422) with ID 0,  ResourceProfileId 0
[2025-03-29T13:47:07.450+0000] {spark_submit.py:645} INFO - 25/03/29 13:47:07 INFO BlockManagerMasterEndpoint: Registering block manager 172.18.0.5:32783 with 127.2 MiB RAM, BlockManagerId(1, 172.18.0.5, 32783, None)
[2025-03-29T13:47:07.468+0000] {spark_submit.py:645} INFO - 25/03/29 13:47:07 INFO StandaloneSchedulerBackend$StandaloneDriverEndpoint: Registered executor NettyRpcEndpointRef(spark-client://Executor) (172.18.0.6:45724) with ID 2,  ResourceProfileId 0
[2025-03-29T13:47:07.700+0000] {spark_submit.py:645} INFO - 25/03/29 13:47:07 INFO BlockManagerMasterEndpoint: Registering block manager 172.18.0.6:38629 with 127.2 MiB RAM, BlockManagerId(2, 172.18.0.6, 38629, None)
[2025-03-29T13:47:07.718+0000] {spark_submit.py:645} INFO - 25/03/29 13:47:07 INFO BlockManagerMasterEndpoint: Registering block manager 172.18.0.6:40971 with 127.2 MiB RAM, BlockManagerId(3, 172.18.0.6, 40971, None)
[2025-03-29T13:47:07.738+0000] {spark_submit.py:645} INFO - 25/03/29 13:47:07 INFO BlockManagerMasterEndpoint: Registering block manager 172.18.0.5:38997 with 127.2 MiB RAM, BlockManagerId(0, 172.18.0.5, 38997, None)
[2025-03-29T13:47:44.151+0000] {spark_submit.py:645} INFO - 25/03/29 13:47:43 INFO AsyncEventQueue: Process of event SparkListenerExecutorMetricsUpdate(driver,WrappedArray(),Map((-1,-1) -> org.apache.spark.executor.ExecutorMetrics@60d0a68b)) by listener AppStatusListener took 5.423497313s.
[2025-03-29T13:47:50.927+0000] {spark_submit.py:645} INFO - 25/03/29 13:47:50 INFO TaskSetManager: Starting task 0.0 in stage 0.0 (TID 0) (172.18.0.6, executor 3, partition 0, PROCESS_LOCAL, 9420 bytes)
[2025-03-29T13:47:52.510+0000] {spark_submit.py:645} INFO - 25/03/29 13:47:52 INFO BlockManagerInfo: Added broadcast_1_piece0 in memory on 172.18.0.6:40971 (size: 5.0 KiB, free: 127.2 MiB)
[2025-03-29T13:47:53.255+0000] {spark_submit.py:645} INFO - 25/03/29 13:47:53 INFO BlockManagerInfo: Added broadcast_0_piece0 in memory on 172.18.0.6:40971 (size: 35.4 KiB, free: 127.2 MiB)
[2025-03-29T13:47:55.466+0000] {spark_submit.py:645} INFO - 25/03/29 13:47:55 INFO TaskSetManager: Finished task 0.0 in stage 0.0 (TID 0) in 19831 ms on 172.18.0.6 (executor 3) (1/1)
[2025-03-29T13:47:55.474+0000] {spark_submit.py:645} INFO - 25/03/29 13:47:55 INFO DAGScheduler: ResultStage 0 (json at NativeMethodAccessorImpl.java:0) finished in 48.850 s
[2025-03-29T13:47:55.484+0000] {spark_submit.py:645} INFO - 25/03/29 13:47:55 INFO DAGScheduler: Job 0 is finished. Cancelling potential speculative or zombie tasks for this job
[2025-03-29T13:47:55.485+0000] {spark_submit.py:645} INFO - 25/03/29 13:47:55 INFO TaskSchedulerImpl: Removed TaskSet 0.0, whose tasks have all completed, from pool
[2025-03-29T13:47:55.485+0000] {spark_submit.py:645} INFO - 25/03/29 13:47:55 INFO TaskSchedulerImpl: Killing all running tasks in stage 0: Stage finished
[2025-03-29T13:47:55.489+0000] {spark_submit.py:645} INFO - 25/03/29 13:47:55 INFO DAGScheduler: Job 0 finished: json at NativeMethodAccessorImpl.java:0, took 48.975309 s
[2025-03-29T13:47:56.635+0000] {spark_submit.py:645} INFO - 25/03/29 13:47:56 INFO BlockManagerInfo: Removed broadcast_1_piece0 on 0078b745cbba:44341 in memory (size: 5.0 KiB, free: 434.4 MiB)
[2025-03-29T13:47:56.657+0000] {spark_submit.py:645} INFO - 25/03/29 13:47:56 INFO BlockManagerInfo: Removed broadcast_1_piece0 on 172.18.0.6:40971 in memory (size: 5.0 KiB, free: 127.2 MiB)
[2025-03-29T13:47:56.702+0000] {spark_submit.py:645} INFO - 25/03/29 13:47:56 INFO BlockManagerInfo: Removed broadcast_0_piece0 on 0078b745cbba:44341 in memory (size: 35.4 KiB, free: 434.4 MiB)
[2025-03-29T13:47:56.710+0000] {spark_submit.py:645} INFO - 25/03/29 13:47:56 INFO BlockManagerInfo: Removed broadcast_0_piece0 on 172.18.0.6:40971 in memory (size: 35.4 KiB, free: 127.2 MiB)
[2025-03-29T13:47:56.827+0000] {spark_submit.py:645} INFO - 2025-03-29 13:47:56,827 - INFO - Data CRIADO.
[2025-03-29T13:47:57.209+0000] {spark_submit.py:645} INFO - 25/03/29 13:47:57 INFO FileSourceStrategy: Pushed Filters:
[2025-03-29T13:47:57.210+0000] {spark_submit.py:645} INFO - 25/03/29 13:47:57 INFO FileSourceStrategy: Post-Scan Filters:
[2025-03-29T13:47:57.350+0000] {spark_submit.py:645} INFO - 25/03/29 13:47:57 INFO ParquetUtils: Using default output committer for Parquet: org.apache.parquet.hadoop.ParquetOutputCommitter
[2025-03-29T13:47:57.366+0000] {spark_submit.py:645} INFO - 25/03/29 13:47:57 INFO FileOutputCommitter: File Output Committer Algorithm version is 1
[2025-03-29T13:47:57.366+0000] {spark_submit.py:645} INFO - 25/03/29 13:47:57 INFO FileOutputCommitter: FileOutputCommitter skip cleanup _temporary folders under output directory:false, ignore cleanup failures: false
[2025-03-29T13:47:57.367+0000] {spark_submit.py:645} INFO - 25/03/29 13:47:57 INFO SQLHadoopMapReduceCommitProtocol: Using user defined output committer class org.apache.parquet.hadoop.ParquetOutputCommitter
[2025-03-29T13:47:57.368+0000] {spark_submit.py:645} INFO - 25/03/29 13:47:57 INFO FileOutputCommitter: File Output Committer Algorithm version is 1
[2025-03-29T13:47:57.368+0000] {spark_submit.py:645} INFO - 25/03/29 13:47:57 INFO FileOutputCommitter: FileOutputCommitter skip cleanup _temporary folders under output directory:false, ignore cleanup failures: false
[2025-03-29T13:47:57.368+0000] {spark_submit.py:645} INFO - 25/03/29 13:47:57 INFO SQLHadoopMapReduceCommitProtocol: Using output committer class org.apache.parquet.hadoop.ParquetOutputCommitter
[2025-03-29T13:47:57.653+0000] {spark_submit.py:645} INFO - 25/03/29 13:47:57 INFO MemoryStore: Block broadcast_2 stored as values in memory (estimated size 208.7 KiB, free 434.2 MiB)
[2025-03-29T13:47:57.669+0000] {spark_submit.py:645} INFO - 25/03/29 13:47:57 INFO MemoryStore: Block broadcast_2_piece0 stored as bytes in memory (estimated size 35.4 KiB, free 434.2 MiB)
[2025-03-29T13:47:57.671+0000] {spark_submit.py:645} INFO - 25/03/29 13:47:57 INFO BlockManagerInfo: Added broadcast_2_piece0 in memory on 0078b745cbba:44341 (size: 35.4 KiB, free: 434.4 MiB)
[2025-03-29T13:47:57.673+0000] {spark_submit.py:645} INFO - 25/03/29 13:47:57 INFO SparkContext: Created broadcast 2 from parquet at NativeMethodAccessorImpl.java:0
[2025-03-29T13:47:57.696+0000] {spark_submit.py:645} INFO - 25/03/29 13:47:57 INFO FileSourceScanExec: Planning scan with bin packing, max size: 4194304 bytes, open cost is considered as scanning 4194304 bytes.
[2025-03-29T13:47:57.737+0000] {spark_submit.py:645} INFO - 25/03/29 13:47:57 INFO SparkContext: Starting job: parquet at NativeMethodAccessorImpl.java:0
[2025-03-29T13:47:57.739+0000] {spark_submit.py:645} INFO - 25/03/29 13:47:57 INFO DAGScheduler: Got job 1 (parquet at NativeMethodAccessorImpl.java:0) with 1 output partitions
[2025-03-29T13:47:57.739+0000] {spark_submit.py:645} INFO - 25/03/29 13:47:57 INFO DAGScheduler: Final stage: ResultStage 1 (parquet at NativeMethodAccessorImpl.java:0)
[2025-03-29T13:47:57.743+0000] {spark_submit.py:645} INFO - 25/03/29 13:47:57 INFO DAGScheduler: Parents of final stage: List()
[2025-03-29T13:47:57.744+0000] {spark_submit.py:645} INFO - 25/03/29 13:47:57 INFO DAGScheduler: Missing parents: List()
[2025-03-29T13:47:57.744+0000] {spark_submit.py:645} INFO - 25/03/29 13:47:57 INFO DAGScheduler: Submitting ResultStage 1 (MapPartitionsRDD[5] at parquet at NativeMethodAccessorImpl.java:0), which has no missing parents
[2025-03-29T13:47:57.812+0000] {spark_submit.py:645} INFO - 25/03/29 13:47:57 INFO MemoryStore: Block broadcast_3 stored as values in memory (estimated size 222.2 KiB, free 433.9 MiB)
[2025-03-29T13:47:57.833+0000] {spark_submit.py:645} INFO - 25/03/29 13:47:57 INFO MemoryStore: Block broadcast_3_piece0 stored as bytes in memory (estimated size 79.9 KiB, free 433.9 MiB)
[2025-03-29T13:47:57.834+0000] {spark_submit.py:645} INFO - 25/03/29 13:47:57 INFO BlockManagerInfo: Added broadcast_3_piece0 in memory on 0078b745cbba:44341 (size: 79.9 KiB, free: 434.3 MiB)
[2025-03-29T13:47:57.835+0000] {spark_submit.py:645} INFO - 25/03/29 13:47:57 INFO SparkContext: Created broadcast 3 from broadcast at DAGScheduler.scala:1585
[2025-03-29T13:47:57.837+0000] {spark_submit.py:645} INFO - 25/03/29 13:47:57 INFO DAGScheduler: Submitting 1 missing tasks from ResultStage 1 (MapPartitionsRDD[5] at parquet at NativeMethodAccessorImpl.java:0) (first 15 tasks are for partitions Vector(0))
[2025-03-29T13:47:57.837+0000] {spark_submit.py:645} INFO - 25/03/29 13:47:57 INFO TaskSchedulerImpl: Adding task set 1.0 with 1 tasks resource profile 0
[2025-03-29T13:47:57.845+0000] {spark_submit.py:645} INFO - 25/03/29 13:47:57 INFO TaskSetManager: Starting task 0.0 in stage 1.0 (TID 1) (172.18.0.5, executor 0, partition 0, PROCESS_LOCAL, 9891 bytes)
[2025-03-29T13:47:58.063+0000] {spark_submit.py:645} INFO - 25/03/29 13:47:58 INFO BlockManagerInfo: Added broadcast_3_piece0 in memory on 172.18.0.5:38997 (size: 79.9 KiB, free: 127.1 MiB)
[2025-03-29T13:48:02.496+0000] {spark_submit.py:645} INFO - 25/03/29 13:48:02 INFO BlockManagerInfo: Added broadcast_2_piece0 in memory on 172.18.0.5:38997 (size: 35.4 KiB, free: 127.1 MiB)
[2025-03-29T13:48:05.130+0000] {spark_submit.py:645} INFO - 25/03/29 13:48:05 INFO TaskSetManager: Finished task 0.0 in stage 1.0 (TID 1) in 7291 ms on 172.18.0.5 (executor 0) (1/1)
[2025-03-29T13:48:05.131+0000] {spark_submit.py:645} INFO - 25/03/29 13:48:05 INFO TaskSchedulerImpl: Removed TaskSet 1.0, whose tasks have all completed, from pool
[2025-03-29T13:48:05.133+0000] {spark_submit.py:645} INFO - 25/03/29 13:48:05 INFO DAGScheduler: ResultStage 1 (parquet at NativeMethodAccessorImpl.java:0) finished in 7.389 s
[2025-03-29T13:48:05.135+0000] {spark_submit.py:645} INFO - 25/03/29 13:48:05 INFO DAGScheduler: Job 1 is finished. Cancelling potential speculative or zombie tasks for this job
[2025-03-29T13:48:05.136+0000] {spark_submit.py:645} INFO - 25/03/29 13:48:05 INFO TaskSchedulerImpl: Killing all running tasks in stage 1: Stage finished
[2025-03-29T13:48:05.137+0000] {spark_submit.py:645} INFO - 25/03/29 13:48:05 INFO DAGScheduler: Job 1 finished: parquet at NativeMethodAccessorImpl.java:0, took 7.399888 s
[2025-03-29T13:48:05.138+0000] {spark_submit.py:645} INFO - 25/03/29 13:48:05 INFO FileFormatWriter: Start to commit write Job de8806a6-860b-40df-831f-b21f5beb99d5.
[2025-03-29T13:48:06.234+0000] {spark_submit.py:645} INFO - 25/03/29 13:48:06 INFO FileFormatWriter: Write Job de8806a6-860b-40df-831f-b21f5beb99d5 committed. Elapsed time: 1092 ms.
[2025-03-29T13:48:06.238+0000] {spark_submit.py:645} INFO - 25/03/29 13:48:06 INFO FileFormatWriter: Finished processing stats for write job de8806a6-860b-40df-831f-b21f5beb99d5.
[2025-03-29T13:48:06.242+0000] {spark_submit.py:645} INFO - 2025-03-29 13:48:06,241 - INFO - Data written successfully to s3a://processed/dfraw
[2025-03-29T13:48:06.242+0000] {spark_submit.py:645} INFO - 2025-03-29 13:48:06,241 - INFO - Data transformation and parquet file writing completed.
[2025-03-29T13:48:06.243+0000] {spark_submit.py:645} INFO - 25/03/29 13:48:06 INFO SparkContext: SparkContext is stopping with exitCode 0.
[2025-03-29T13:48:06.453+0000] {spark_submit.py:645} INFO - 25/03/29 13:48:06 INFO SparkUI: Stopped Spark web UI at http://0078b745cbba:4040
[2025-03-29T13:48:06.457+0000] {spark_submit.py:645} INFO - 25/03/29 13:48:06 INFO StandaloneSchedulerBackend: Shutting down all executors
[2025-03-29T13:48:06.458+0000] {spark_submit.py:645} INFO - 25/03/29 13:48:06 INFO StandaloneSchedulerBackend$StandaloneDriverEndpoint: Asking each executor to shut down
[2025-03-29T13:48:06.566+0000] {spark_submit.py:645} INFO - 25/03/29 13:48:06 INFO MapOutputTrackerMasterEndpoint: MapOutputTrackerMasterEndpoint stopped!
[2025-03-29T13:48:07.021+0000] {spark_submit.py:645} INFO - 25/03/29 13:48:07 INFO MemoryStore: MemoryStore cleared
[2025-03-29T13:48:07.077+0000] {spark_submit.py:645} INFO - 25/03/29 13:48:07 INFO BlockManager: BlockManager stopped
[2025-03-29T13:48:07.078+0000] {spark_submit.py:645} INFO - 25/03/29 13:48:07 INFO BlockManagerMaster: BlockManagerMaster stopped
[2025-03-29T13:48:07.078+0000] {spark_submit.py:645} INFO - 25/03/29 13:48:07 INFO OutputCommitCoordinator$OutputCommitCoordinatorEndpoint: OutputCommitCoordinator stopped!
[2025-03-29T13:48:07.130+0000] {spark_submit.py:645} INFO - 25/03/29 13:48:07 INFO SparkContext: Successfully stopped SparkContext
[2025-03-29T13:48:07.435+0000] {spark_submit.py:645} INFO - 2025-03-29 13:48:07,435 - INFO - Closing down clientserver connection
[2025-03-29T13:48:07.502+0000] {spark_submit.py:645} INFO - 25/03/29 13:48:07 INFO ShutdownHookManager: Shutdown hook called
[2025-03-29T13:48:07.503+0000] {spark_submit.py:645} INFO - 25/03/29 13:48:07 INFO ShutdownHookManager: Deleting directory /tmp/spark-ff9fd532-459c-4cd6-b822-158d33adee84/pyspark-19b9918d-8572-423d-b5cb-0da0e435c9c0
[2025-03-29T13:48:07.509+0000] {spark_submit.py:645} INFO - 25/03/29 13:48:07 INFO ShutdownHookManager: Deleting directory /tmp/spark-ff9fd532-459c-4cd6-b822-158d33adee84
[2025-03-29T13:48:07.514+0000] {spark_submit.py:645} INFO - 25/03/29 13:48:07 INFO ShutdownHookManager: Deleting directory /tmp/spark-c8a474b8-63a5-418e-9552-6e5e01249d15
[2025-03-29T13:48:07.539+0000] {spark_submit.py:645} INFO - 25/03/29 13:48:07 INFO MetricsSystemImpl: Stopping s3a-file-system metrics system...
[2025-03-29T13:48:07.540+0000] {spark_submit.py:645} INFO - 25/03/29 13:48:07 INFO MetricsSystemImpl: s3a-file-system metrics system stopped.
[2025-03-29T13:48:07.540+0000] {spark_submit.py:645} INFO - 25/03/29 13:48:07 INFO MetricsSystemImpl: s3a-file-system metrics system shutdown complete.
[2025-03-29T13:48:07.593+0000] {python.py:237} INFO - Done. Returned value was: None
[2025-03-29T13:48:07.593+0000] {taskinstance.py:441} INFO - ::group::Post task execution logs
[2025-03-29T13:48:07.605+0000] {taskinstance.py:1206} INFO - Marking task as SUCCESS. dag_id=etl_pipeline, task_id=transformation, run_id=manual__2025-03-26T13:33:39.761724+00:00, execution_date=20250326T133339, start_date=20250329T134650, end_date=20250329T134807
[2025-03-29T13:48:07.667+0000] {local_task_job_runner.py:240} INFO - Task exited with return code 0
[2025-03-29T13:48:07.685+0000] {taskinstance.py:3503} INFO - 0 downstream tasks scheduled from follow-on schedule check
[2025-03-29T13:48:07.720+0000] {local_task_job_runner.py:222} INFO - ::endgroup::
