[2025-03-29T13:28:58.901+0000] {local_task_job_runner.py:120} INFO - ::group::Pre task execution logs
[2025-03-29T13:28:58.940+0000] {taskinstance.py:2076} INFO - Dependencies all met for dep_context=non-requeueable deps ti=<TaskInstance: etl_pipeline.transformation manual__2025-03-26T13:33:39.761724+00:00 [queued]>
[2025-03-29T13:28:58.949+0000] {taskinstance.py:2076} INFO - Dependencies all met for dep_context=requeueable deps ti=<TaskInstance: etl_pipeline.transformation manual__2025-03-26T13:33:39.761724+00:00 [queued]>
[2025-03-29T13:28:58.950+0000] {taskinstance.py:2306} INFO - Starting attempt 52 of 53
[2025-03-29T13:28:58.993+0000] {taskinstance.py:2330} INFO - Executing <Task(PythonOperator): transformation> on 2025-03-26 13:33:39.761724+00:00
[2025-03-29T13:28:58.999+0000] {standard_task_runner.py:63} INFO - Started process 222 to run task
[2025-03-29T13:28:59.002+0000] {standard_task_runner.py:90} INFO - Running: ['***', 'tasks', 'run', 'etl_pipeline', 'transformation', 'manual__2025-03-26T13:33:39.761724+00:00', '--job-id', '99', '--raw', '--subdir', 'DAGS_FOLDER/etl_pipeline.py', '--cfg-path', '/tmp/tmpybrvtlia']
[2025-03-29T13:28:59.006+0000] {standard_task_runner.py:91} INFO - Job 99: Subtask transformation
[2025-03-29T13:28:59.099+0000] {task_command.py:426} INFO - Running <TaskInstance: etl_pipeline.transformation manual__2025-03-26T13:33:39.761724+00:00 [running]> on host 0078b745cbba
[2025-03-29T13:28:59.256+0000] {taskinstance.py:2648} INFO - Exporting env vars: AIRFLOW_CTX_DAG_OWNER='lobobranco' AIRFLOW_CTX_DAG_ID='etl_pipeline' AIRFLOW_CTX_TASK_ID='transformation' AIRFLOW_CTX_EXECUTION_DATE='2025-03-26T13:33:39.761724+00:00' AIRFLOW_CTX_TRY_NUMBER='52' AIRFLOW_CTX_DAG_RUN_ID='manual__2025-03-26T13:33:39.761724+00:00'
[2025-03-29T13:28:59.257+0000] {taskinstance.py:430} INFO - ::endgroup::
[2025-03-29T13:28:59.280+0000] {etl_pipeline.py:76} INFO - Transforming data from file: s3://raw/playlist_20250329_132856.json
[2025-03-29T13:28:59.281+0000] {logging_mixin.py:188} INFO - File Path: s3://raw/playlist_20250329_132856.json
[2025-03-29T13:28:59.281+0000] {logging_mixin.py:188} INFO - Processed Bucket: processed
[2025-03-29T13:28:59.282+0000] {baseoperator.py:400} WARNING - SparkSubmitOperator.execute cannot be called outside TaskInstance!
[2025-03-29T13:28:59.293+0000] {base.py:84} INFO - Using connection ID 'spark_default' for task execution.
[2025-03-29T13:28:59.295+0000] {spark_submit.py:328} ERROR - Failed to decode base64 keytab: Incorrect padding
[2025-03-29T13:28:59.295+0000] {spark_submit.py:305} INFO - Could not load connection string spark_default, defaulting to spark://spark-master:7077
[2025-03-29T13:28:59.297+0000] {spark_submit.py:474} INFO - Spark-Submit cmd: spark-submit --master spark://spark-master:7077 --conf spark.executor.memory=512m --conf spark.executor.cores=1 --conf spark.jars=/opt/spark_job/jars/aws-java-sdk-bundle-1.12.262.jar,/opt/spark_job/jars/hadoop-aws-3.3.4.jar --conf spark.hadoop.fs.s3a.endpoint=http://minio:9000 --conf spark.hadoop.fs.s3a.access.key=admin --conf spark.hadoop.fs.s3a.secret.key=****** --conf spark.hadoop.fs.s3a.impl=org.apache.hadoop.fs.s3a.S3AFileSystem --conf spark.hadoop.fs.s3a.path.style.access=true --principal *** --name arrow-spark --verbose --deploy-mode client /opt/spark_job/data_transformation.py s3://raw/playlist_20250329_132856.json processed
[2025-03-29T13:29:00.220+0000] {spark_submit.py:645} INFO - /home/***/.local/lib/python3.11/site-packages/pyspark/bin/load-spark-env.sh: line 68: ps: command not found
[2025-03-29T13:29:14.004+0000] {spark_submit.py:645} INFO - Using properties file: null
[2025-03-29T13:29:14.490+0000] {spark_submit.py:645} INFO - Parsed arguments:
[2025-03-29T13:29:14.493+0000] {spark_submit.py:645} INFO - master                  spark://spark-master:7077
[2025-03-29T13:29:14.494+0000] {spark_submit.py:645} INFO - remote                  null
[2025-03-29T13:29:14.495+0000] {spark_submit.py:645} INFO - deployMode              client
[2025-03-29T13:29:14.496+0000] {spark_submit.py:645} INFO - executorMemory          512m
[2025-03-29T13:29:14.496+0000] {spark_submit.py:645} INFO - executorCores           1
[2025-03-29T13:29:14.497+0000] {spark_submit.py:645} INFO - totalExecutorCores      null
[2025-03-29T13:29:14.498+0000] {spark_submit.py:645} INFO - propertiesFile          null
[2025-03-29T13:29:14.500+0000] {spark_submit.py:645} INFO - driverMemory            null
[2025-03-29T13:29:14.501+0000] {spark_submit.py:645} INFO - driverCores             null
[2025-03-29T13:29:14.502+0000] {spark_submit.py:645} INFO - driverExtraClassPath    null
[2025-03-29T13:29:14.503+0000] {spark_submit.py:645} INFO - driverExtraLibraryPath  null
[2025-03-29T13:29:14.505+0000] {spark_submit.py:645} INFO - driverExtraJavaOptions  null
[2025-03-29T13:29:14.505+0000] {spark_submit.py:645} INFO - supervise               false
[2025-03-29T13:29:14.506+0000] {spark_submit.py:645} INFO - queue                   null
[2025-03-29T13:29:14.507+0000] {spark_submit.py:645} INFO - numExecutors            null
[2025-03-29T13:29:14.508+0000] {spark_submit.py:645} INFO - files                   null
[2025-03-29T13:29:14.509+0000] {spark_submit.py:645} INFO - pyFiles                 null
[2025-03-29T13:29:14.510+0000] {spark_submit.py:645} INFO - archives                null
[2025-03-29T13:29:14.510+0000] {spark_submit.py:645} INFO - mainClass               null
[2025-03-29T13:29:14.511+0000] {spark_submit.py:645} INFO - primaryResource         file:/opt/spark_job/data_transformation.py
[2025-03-29T13:29:14.512+0000] {spark_submit.py:645} INFO - name                    arrow-spark
[2025-03-29T13:29:14.513+0000] {spark_submit.py:645} INFO - childArgs               [s3://raw/playlist_20250329_132856.json processed]
[2025-03-29T13:29:14.515+0000] {spark_submit.py:645} INFO - jars                    /opt/spark_job/jars/aws-java-sdk-bundle-1.12.262.jar,/opt/spark_job/jars/hadoop-aws-3.3.4.jar
[2025-03-29T13:29:14.516+0000] {spark_submit.py:645} INFO - packages                null
[2025-03-29T13:29:14.518+0000] {spark_submit.py:645} INFO - packagesExclusions      null
[2025-03-29T13:29:14.519+0000] {spark_submit.py:645} INFO - repositories            null
[2025-03-29T13:29:14.519+0000] {spark_submit.py:645} INFO - verbose                 true
[2025-03-29T13:29:14.520+0000] {spark_submit.py:645} INFO - 
[2025-03-29T13:29:14.522+0000] {spark_submit.py:645} INFO - Spark properties used, including those specified through
[2025-03-29T13:29:14.522+0000] {spark_submit.py:645} INFO - --conf and those from the properties file null:
[2025-03-29T13:29:14.523+0000] {spark_submit.py:645} INFO - (spark.executor.cores,1)
[2025-03-29T13:29:14.524+0000] {spark_submit.py:645} INFO - (spark.executor.memory,512m)
[2025-03-29T13:29:14.524+0000] {spark_submit.py:645} INFO - (spark.hadoop.fs.s3a.access.key,*********(redacted))
[2025-03-29T13:29:14.524+0000] {spark_submit.py:645} INFO - (spark.hadoop.fs.s3a.endpoint,http://minio:9000)
[2025-03-29T13:29:14.525+0000] {spark_submit.py:645} INFO - (spark.hadoop.fs.s3a.impl,org.apache.hadoop.fs.s3a.S3AFileSystem)
[2025-03-29T13:29:14.526+0000] {spark_submit.py:645} INFO - (spark.hadoop.fs.s3a.path.style.access,true)
[2025-03-29T13:29:14.526+0000] {spark_submit.py:645} INFO - (spark.hadoop.fs.s3a.secret.key,*********(redacted))
[2025-03-29T13:29:14.527+0000] {spark_submit.py:645} INFO - (spark.jars,/opt/spark_job/jars/aws-java-sdk-bundle-1.12.262.jar,/opt/spark_job/jars/hadoop-aws-3.3.4.jar)
[2025-03-29T13:29:14.528+0000] {spark_submit.py:645} INFO - 
[2025-03-29T13:29:14.529+0000] {spark_submit.py:645} INFO - 
[2025-03-29T13:29:17.490+0000] {spark_submit.py:645} INFO - 25/03/29 13:29:17 WARN NativeCodeLoader: Unable to load native-hadoop library for your platform... using builtin-java classes where applicable
[2025-03-29T13:29:18.364+0000] {spark_submit.py:645} INFO - Main class:
[2025-03-29T13:29:18.366+0000] {spark_submit.py:645} INFO - org.apache.spark.deploy.PythonRunner
[2025-03-29T13:29:18.368+0000] {spark_submit.py:645} INFO - Arguments:
[2025-03-29T13:29:18.370+0000] {spark_submit.py:645} INFO - file:/opt/spark_job/data_transformation.py
[2025-03-29T13:29:18.371+0000] {spark_submit.py:645} INFO - null
[2025-03-29T13:29:18.373+0000] {spark_submit.py:645} INFO - s3://raw/playlist_20250329_132856.json
[2025-03-29T13:29:18.374+0000] {spark_submit.py:645} INFO - processed
[2025-03-29T13:29:18.375+0000] {spark_submit.py:645} INFO - Spark config:
[2025-03-29T13:29:18.375+0000] {spark_submit.py:645} INFO - (spark.app.name,arrow-spark)
[2025-03-29T13:29:18.376+0000] {spark_submit.py:645} INFO - (spark.app.submitTime,1743254958326)
[2025-03-29T13:29:18.377+0000] {spark_submit.py:645} INFO - (spark.executor.cores,1)
[2025-03-29T13:29:18.377+0000] {spark_submit.py:645} INFO - (spark.executor.memory,512m)
[2025-03-29T13:29:18.378+0000] {spark_submit.py:645} INFO - (spark.hadoop.fs.s3a.access.key,*********(redacted))
[2025-03-29T13:29:18.379+0000] {spark_submit.py:645} INFO - (spark.hadoop.fs.s3a.endpoint,http://minio:9000)
[2025-03-29T13:29:18.380+0000] {spark_submit.py:645} INFO - (spark.hadoop.fs.s3a.impl,org.apache.hadoop.fs.s3a.S3AFileSystem)
[2025-03-29T13:29:18.383+0000] {spark_submit.py:645} INFO - (spark.hadoop.fs.s3a.path.style.access,true)
[2025-03-29T13:29:18.384+0000] {spark_submit.py:645} INFO - (spark.hadoop.fs.s3a.secret.key,*********(redacted))
[2025-03-29T13:29:18.385+0000] {spark_submit.py:645} INFO - (spark.jars,file:///opt/spark_job/jars/aws-java-sdk-bundle-1.12.262.jar,file:///opt/spark_job/jars/hadoop-aws-3.3.4.jar)
[2025-03-29T13:29:18.386+0000] {spark_submit.py:645} INFO - (spark.kerberos.principal,***)
[2025-03-29T13:29:18.387+0000] {spark_submit.py:645} INFO - (spark.master,spark://spark-master:7077)
[2025-03-29T13:29:18.389+0000] {spark_submit.py:645} INFO - (spark.repl.local.jars,file:///opt/spark_job/jars/aws-java-sdk-bundle-1.12.262.jar,file:///opt/spark_job/jars/hadoop-aws-3.3.4.jar)
[2025-03-29T13:29:18.390+0000] {spark_submit.py:645} INFO - (spark.submit.deployMode,client)
[2025-03-29T13:29:18.391+0000] {spark_submit.py:645} INFO - (spark.submit.pyFiles,)
[2025-03-29T13:29:18.392+0000] {spark_submit.py:645} INFO - Classpath elements:
[2025-03-29T13:29:18.393+0000] {spark_submit.py:645} INFO - file:///opt/spark_job/jars/aws-java-sdk-bundle-1.12.262.jar
[2025-03-29T13:29:18.393+0000] {spark_submit.py:645} INFO - file:///opt/spark_job/jars/hadoop-aws-3.3.4.jar
[2025-03-29T13:29:18.394+0000] {spark_submit.py:645} INFO - 
[2025-03-29T13:29:18.395+0000] {spark_submit.py:645} INFO - 
[2025-03-29T13:29:21.087+0000] {spark_submit.py:645} INFO - 2025-03-29 13:29:21,087 - INFO - Iniciando a configuração da Spark Session
[2025-03-29T13:29:22.892+0000] {spark_submit.py:645} INFO - 25/03/29 13:29:22 INFO SparkContext: Running Spark version 3.5.5
[2025-03-29T13:29:22.893+0000] {spark_submit.py:645} INFO - 25/03/29 13:29:22 INFO SparkContext: OS info Linux, 5.15.153.1-microsoft-standard-WSL2, amd64
[2025-03-29T13:29:22.894+0000] {spark_submit.py:645} INFO - 25/03/29 13:29:22 INFO SparkContext: Java version 17.0.14
[2025-03-29T13:29:22.980+0000] {spark_submit.py:645} INFO - 25/03/29 13:29:22 INFO ResourceUtils: ==============================================================
[2025-03-29T13:29:22.981+0000] {spark_submit.py:645} INFO - 25/03/29 13:29:22 INFO ResourceUtils: No custom resources configured for spark.driver.
[2025-03-29T13:29:22.983+0000] {spark_submit.py:645} INFO - 25/03/29 13:29:22 INFO ResourceUtils: ==============================================================
[2025-03-29T13:29:22.987+0000] {spark_submit.py:645} INFO - 25/03/29 13:29:22 INFO SparkContext: Submitted application: Minio Integration with PySpark
[2025-03-29T13:29:23.126+0000] {spark_submit.py:645} INFO - 25/03/29 13:29:23 INFO ResourceProfile: Default ResourceProfile created, executor resources: Map(cores -> name: cores, amount: 1, script: , vendor: , memory -> name: memory, amount: 512, script: , vendor: , offHeap -> name: offHeap, amount: 0, script: , vendor: ), task resources: Map(cpus -> name: cpus, amount: 1.0)
[2025-03-29T13:29:23.143+0000] {spark_submit.py:645} INFO - 25/03/29 13:29:23 INFO ResourceProfile: Limiting resource is cpus at 1 tasks per executor
[2025-03-29T13:29:23.146+0000] {spark_submit.py:645} INFO - 25/03/29 13:29:23 INFO ResourceProfileManager: Added ResourceProfile id: 0
[2025-03-29T13:29:23.338+0000] {spark_submit.py:645} INFO - 25/03/29 13:29:23 INFO SecurityManager: Changing view acls to: ***
[2025-03-29T13:29:23.339+0000] {spark_submit.py:645} INFO - 25/03/29 13:29:23 INFO SecurityManager: Changing modify acls to: ***
[2025-03-29T13:29:23.340+0000] {spark_submit.py:645} INFO - 25/03/29 13:29:23 INFO SecurityManager: Changing view acls groups to:
[2025-03-29T13:29:23.341+0000] {spark_submit.py:645} INFO - 25/03/29 13:29:23 INFO SecurityManager: Changing modify acls groups to:
[2025-03-29T13:29:23.342+0000] {spark_submit.py:645} INFO - 25/03/29 13:29:23 INFO SecurityManager: SecurityManager: authentication disabled; ui acls disabled; users with view permissions: ***; groups with view permissions: EMPTY; users with modify permissions: ***; groups with modify permissions: EMPTY
[2025-03-29T13:29:24.270+0000] {spark_submit.py:645} INFO - 25/03/29 13:29:24 INFO Utils: Successfully started service 'sparkDriver' on port 35203.
[2025-03-29T13:29:24.422+0000] {spark_submit.py:645} INFO - 25/03/29 13:29:24 INFO SparkEnv: Registering MapOutputTracker
[2025-03-29T13:29:24.560+0000] {spark_submit.py:645} INFO - 25/03/29 13:29:24 INFO SparkEnv: Registering BlockManagerMaster
[2025-03-29T13:29:24.681+0000] {spark_submit.py:645} INFO - 25/03/29 13:29:24 INFO BlockManagerMasterEndpoint: Using org.apache.spark.storage.DefaultTopologyMapper for getting topology information
[2025-03-29T13:29:24.682+0000] {spark_submit.py:645} INFO - 25/03/29 13:29:24 INFO BlockManagerMasterEndpoint: BlockManagerMasterEndpoint up
[2025-03-29T13:29:24.711+0000] {spark_submit.py:645} INFO - 25/03/29 13:29:24 INFO SparkEnv: Registering BlockManagerMasterHeartbeat
[2025-03-29T13:29:24.842+0000] {spark_submit.py:645} INFO - 25/03/29 13:29:24 INFO DiskBlockManager: Created local directory at /tmp/blockmgr-ce79e936-31bf-4108-90dc-9fc2be837ffc
[2025-03-29T13:29:24.895+0000] {spark_submit.py:645} INFO - 25/03/29 13:29:24 INFO MemoryStore: MemoryStore started with capacity 434.4 MiB
[2025-03-29T13:29:24.928+0000] {spark_submit.py:645} INFO - 25/03/29 13:29:24 INFO SparkEnv: Registering OutputCommitCoordinator
[2025-03-29T13:29:25.610+0000] {spark_submit.py:645} INFO - 25/03/29 13:29:25 INFO JettyUtils: Start Jetty 0.0.0.0:4040 for SparkUI
[2025-03-29T13:29:26.011+0000] {spark_submit.py:645} INFO - 25/03/29 13:29:26 INFO Utils: Successfully started service 'SparkUI' on port 4040.
[2025-03-29T13:29:26.128+0000] {spark_submit.py:645} INFO - 25/03/29 13:29:26 INFO SparkContext: Added JAR file:///opt/spark_job/jars/aws-java-sdk-bundle-1.12.262.jar at spark://0078b745cbba:35203/jars/aws-java-sdk-bundle-1.12.262.jar with timestamp 1743254962835
[2025-03-29T13:29:26.130+0000] {spark_submit.py:645} INFO - 25/03/29 13:29:26 INFO SparkContext: Added JAR file:///opt/spark_job/jars/hadoop-aws-3.3.4.jar at spark://0078b745cbba:35203/jars/hadoop-aws-3.3.4.jar with timestamp 1743254962835
[2025-03-29T13:29:26.334+0000] {spark_submit.py:645} INFO - 25/03/29 13:29:26 INFO StandaloneAppClient$ClientEndpoint: Connecting to master spark://spark-master:7077...
[2025-03-29T13:29:26.649+0000] {spark_submit.py:645} INFO - 25/03/29 13:29:26 INFO TransportClientFactory: Successfully created connection to spark-master/172.18.0.7:7077 after 119 ms (0 ms spent in bootstraps)
[2025-03-29T13:29:27.107+0000] {spark_submit.py:645} INFO - 25/03/29 13:29:27 INFO StandaloneSchedulerBackend: Connected to Spark cluster with app ID app-20250329132927-0000
[2025-03-29T13:29:27.220+0000] {spark_submit.py:645} INFO - 25/03/29 13:29:27 INFO Utils: Successfully started service 'org.apache.spark.network.netty.NettyBlockTransferService' on port 37151.
[2025-03-29T13:29:27.231+0000] {spark_submit.py:645} INFO - 25/03/29 13:29:27 INFO StandaloneAppClient$ClientEndpoint: Executor added: app-20250329132927-0000/0 on worker-20250329132402-172.18.0.5-32793 (172.18.0.5:32793) with 1 core(s)
[2025-03-29T13:29:27.235+0000] {spark_submit.py:645} INFO - 25/03/29 13:29:27 INFO NettyBlockTransferService: Server created on 0078b745cbba:37151
[2025-03-29T13:29:27.243+0000] {spark_submit.py:645} INFO - 25/03/29 13:29:27 INFO StandaloneSchedulerBackend: Granted executor ID app-20250329132927-0000/0 on hostPort 172.18.0.5:32793 with 1 core(s), 512.0 MiB RAM
[2025-03-29T13:29:27.244+0000] {spark_submit.py:645} INFO - 25/03/29 13:29:27 INFO StandaloneAppClient$ClientEndpoint: Executor added: app-20250329132927-0000/1 on worker-20250329132402-172.18.0.5-32793 (172.18.0.5:32793) with 1 core(s)
[2025-03-29T13:29:27.244+0000] {spark_submit.py:645} INFO - 25/03/29 13:29:27 INFO StandaloneSchedulerBackend: Granted executor ID app-20250329132927-0000/1 on hostPort 172.18.0.5:32793 with 1 core(s), 512.0 MiB RAM
[2025-03-29T13:29:27.244+0000] {spark_submit.py:645} INFO - 25/03/29 13:29:27 INFO StandaloneAppClient$ClientEndpoint: Executor added: app-20250329132927-0000/2 on worker-20250329132402-172.18.0.6-46027 (172.18.0.6:46027) with 1 core(s)
[2025-03-29T13:29:27.245+0000] {spark_submit.py:645} INFO - 25/03/29 13:29:27 INFO StandaloneSchedulerBackend: Granted executor ID app-20250329132927-0000/2 on hostPort 172.18.0.6:46027 with 1 core(s), 512.0 MiB RAM
[2025-03-29T13:29:27.245+0000] {spark_submit.py:645} INFO - 25/03/29 13:29:27 INFO StandaloneAppClient$ClientEndpoint: Executor added: app-20250329132927-0000/3 on worker-20250329132402-172.18.0.6-46027 (172.18.0.6:46027) with 1 core(s)
[2025-03-29T13:29:27.246+0000] {spark_submit.py:645} INFO - 25/03/29 13:29:27 INFO StandaloneSchedulerBackend: Granted executor ID app-20250329132927-0000/3 on hostPort 172.18.0.6:46027 with 1 core(s), 512.0 MiB RAM
[2025-03-29T13:29:27.260+0000] {spark_submit.py:645} INFO - 25/03/29 13:29:27 INFO BlockManager: Using org.apache.spark.storage.RandomBlockReplicationPolicy for block replication policy
[2025-03-29T13:29:27.336+0000] {spark_submit.py:645} INFO - 25/03/29 13:29:27 INFO BlockManagerMaster: Registering BlockManager BlockManagerId(driver, 0078b745cbba, 37151, None)
[2025-03-29T13:29:27.340+0000] {spark_submit.py:645} INFO - 25/03/29 13:29:27 INFO BlockManagerMasterEndpoint: Registering block manager 0078b745cbba:37151 with 434.4 MiB RAM, BlockManagerId(driver, 0078b745cbba, 37151, None)
[2025-03-29T13:29:27.355+0000] {spark_submit.py:645} INFO - 25/03/29 13:29:27 INFO BlockManagerMaster: Registered BlockManager BlockManagerId(driver, 0078b745cbba, 37151, None)
[2025-03-29T13:29:27.358+0000] {spark_submit.py:645} INFO - 25/03/29 13:29:27 INFO BlockManager: Initialized BlockManager: BlockManagerId(driver, 0078b745cbba, 37151, None)
[2025-03-29T13:29:27.994+0000] {spark_submit.py:645} INFO - 25/03/29 13:29:27 INFO StandaloneAppClient$ClientEndpoint: Executor updated: app-20250329132927-0000/2 is now RUNNING
[2025-03-29T13:29:28.001+0000] {spark_submit.py:645} INFO - 25/03/29 13:29:28 INFO StandaloneAppClient$ClientEndpoint: Executor updated: app-20250329132927-0000/0 is now RUNNING
[2025-03-29T13:29:28.007+0000] {spark_submit.py:645} INFO - 25/03/29 13:29:28 INFO StandaloneAppClient$ClientEndpoint: Executor updated: app-20250329132927-0000/3 is now RUNNING
[2025-03-29T13:29:28.011+0000] {spark_submit.py:645} INFO - 25/03/29 13:29:28 INFO StandaloneAppClient$ClientEndpoint: Executor updated: app-20250329132927-0000/1 is now RUNNING
[2025-03-29T13:29:28.955+0000] {spark_submit.py:645} INFO - 25/03/29 13:29:28 INFO StandaloneSchedulerBackend: SchedulerBackend is ready for scheduling beginning after reached minRegisteredResourcesRatio: 0.0
[2025-03-29T13:29:31.180+0000] {spark_submit.py:645} INFO - 2025-03-29 13:29:31,169 - INFO - Spark Session criada com sucesso
[2025-03-29T13:29:37.101+0000] {spark_submit.py:645} INFO - 25/03/29 13:29:37 INFO SharedState: Setting hive.metastore.warehouse.dir ('null') to the value of spark.sql.warehouse.dir.
[2025-03-29T13:29:37.113+0000] {spark_submit.py:645} INFO - 25/03/29 13:29:37 INFO SharedState: Warehouse path is 'file:/opt/spark-warehouse'.
[2025-03-29T13:29:44.126+0000] {spark_submit.py:645} INFO - 25/03/29 13:29:44 INFO StandaloneSchedulerBackend$StandaloneDriverEndpoint: Registered executor NettyRpcEndpointRef(spark-client://Executor) (172.18.0.6:43740) with ID 2,  ResourceProfileId 0
[2025-03-29T13:29:44.207+0000] {spark_submit.py:645} INFO - 25/03/29 13:29:44 INFO StandaloneSchedulerBackend$StandaloneDriverEndpoint: Registered executor NettyRpcEndpointRef(spark-client://Executor) (172.18.0.5:49060) with ID 0,  ResourceProfileId 0
[2025-03-29T13:29:44.209+0000] {spark_submit.py:645} INFO - 25/03/29 13:29:44 INFO StandaloneSchedulerBackend$StandaloneDriverEndpoint: Registered executor NettyRpcEndpointRef(spark-client://Executor) (172.18.0.5:49054) with ID 1,  ResourceProfileId 0
[2025-03-29T13:29:44.213+0000] {spark_submit.py:645} INFO - 25/03/29 13:29:44 INFO StandaloneSchedulerBackend$StandaloneDriverEndpoint: Registered executor NettyRpcEndpointRef(spark-client://Executor) (172.18.0.6:43742) with ID 3,  ResourceProfileId 0
[2025-03-29T13:29:44.588+0000] {spark_submit.py:645} INFO - 25/03/29 13:29:44 INFO BlockManagerMasterEndpoint: Registering block manager 172.18.0.5:38023 with 127.2 MiB RAM, BlockManagerId(0, 172.18.0.5, 38023, None)
[2025-03-29T13:29:44.601+0000] {spark_submit.py:645} INFO - 25/03/29 13:29:44 INFO BlockManagerMasterEndpoint: Registering block manager 172.18.0.6:41881 with 127.2 MiB RAM, BlockManagerId(3, 172.18.0.6, 41881, None)
[2025-03-29T13:29:44.638+0000] {spark_submit.py:645} INFO - 25/03/29 13:29:44 INFO BlockManagerMasterEndpoint: Registering block manager 172.18.0.5:32853 with 127.2 MiB RAM, BlockManagerId(1, 172.18.0.5, 32853, None)
[2025-03-29T13:29:44.679+0000] {spark_submit.py:645} INFO - 25/03/29 13:29:44 INFO BlockManagerMasterEndpoint: Registering block manager 172.18.0.6:35569 with 127.2 MiB RAM, BlockManagerId(2, 172.18.0.6, 35569, None)
[2025-03-29T13:30:37.976+0000] {spark_submit.py:645} INFO - 2025-03-29 13:30:37,976 - INFO - Data CRIADO.
[2025-03-29T13:30:38.624+0000] {spark_submit.py:645} INFO - 25/03/29 13:30:38 WARN MetricsConfig: Cannot locate configuration: tried hadoop-metrics2-s3a-file-system.properties,hadoop-metrics2.properties
[2025-03-29T13:30:38.635+0000] {spark_submit.py:645} INFO - 25/03/29 13:30:38 INFO MetricsSystemImpl: Scheduled Metric snapshot period at 10 second(s).
[2025-03-29T13:30:38.636+0000] {spark_submit.py:645} INFO - 25/03/29 13:30:38 INFO MetricsSystemImpl: s3a-file-system metrics system started
[2025-03-29T13:30:54.212+0000] {spark_submit.py:645} INFO - 25/03/29 13:30:54 INFO ParquetUtils: Using default output committer for Parquet: org.apache.parquet.hadoop.ParquetOutputCommitter
[2025-03-29T13:30:54.353+0000] {spark_submit.py:645} INFO - 25/03/29 13:30:54 INFO FileOutputCommitter: File Output Committer Algorithm version is 1
[2025-03-29T13:30:54.353+0000] {spark_submit.py:645} INFO - 25/03/29 13:30:54 INFO FileOutputCommitter: FileOutputCommitter skip cleanup _temporary folders under output directory:false, ignore cleanup failures: false
[2025-03-29T13:30:54.354+0000] {spark_submit.py:645} INFO - 25/03/29 13:30:54 INFO SQLHadoopMapReduceCommitProtocol: Using user defined output committer class org.apache.parquet.hadoop.ParquetOutputCommitter
[2025-03-29T13:30:54.355+0000] {spark_submit.py:645} INFO - 25/03/29 13:30:54 INFO FileOutputCommitter: File Output Committer Algorithm version is 1
[2025-03-29T13:30:54.355+0000] {spark_submit.py:645} INFO - 25/03/29 13:30:54 INFO FileOutputCommitter: FileOutputCommitter skip cleanup _temporary folders under output directory:false, ignore cleanup failures: false
[2025-03-29T13:30:54.356+0000] {spark_submit.py:645} INFO - 25/03/29 13:30:54 INFO SQLHadoopMapReduceCommitProtocol: Using output committer class org.apache.parquet.hadoop.ParquetOutputCommitter
[2025-03-29T13:30:56.364+0000] {spark_submit.py:645} INFO - 25/03/29 13:30:56 INFO CodeGenerator: Code generated in 545.419527 ms
[2025-03-29T13:30:56.477+0000] {spark_submit.py:645} INFO - 25/03/29 13:30:56 INFO SparkContext: Starting job: parquet at NativeMethodAccessorImpl.java:0
[2025-03-29T13:30:56.493+0000] {spark_submit.py:645} INFO - 25/03/29 13:30:56 INFO DAGScheduler: Got job 0 (parquet at NativeMethodAccessorImpl.java:0) with 4 output partitions
[2025-03-29T13:30:56.494+0000] {spark_submit.py:645} INFO - 25/03/29 13:30:56 INFO DAGScheduler: Final stage: ResultStage 0 (parquet at NativeMethodAccessorImpl.java:0)
[2025-03-29T13:30:56.495+0000] {spark_submit.py:645} INFO - 25/03/29 13:30:56 INFO DAGScheduler: Parents of final stage: List()
[2025-03-29T13:30:56.495+0000] {spark_submit.py:645} INFO - 25/03/29 13:30:56 INFO DAGScheduler: Missing parents: List()
[2025-03-29T13:30:56.503+0000] {spark_submit.py:645} INFO - 25/03/29 13:30:56 INFO DAGScheduler: Submitting ResultStage 0 (MapPartitionsRDD[6] at parquet at NativeMethodAccessorImpl.java:0), which has no missing parents
[2025-03-29T13:30:57.784+0000] {spark_submit.py:645} INFO - 25/03/29 13:30:57 INFO MemoryStore: Block broadcast_0 stored as values in memory (estimated size 217.8 KiB, free 434.2 MiB)
[2025-03-29T13:30:57.870+0000] {spark_submit.py:645} INFO - 25/03/29 13:30:57 INFO MemoryStore: Block broadcast_0_piece0 stored as bytes in memory (estimated size 79.6 KiB, free 434.1 MiB)
[2025-03-29T13:30:57.874+0000] {spark_submit.py:645} INFO - 25/03/29 13:30:57 INFO BlockManagerInfo: Added broadcast_0_piece0 in memory on 0078b745cbba:37151 (size: 79.6 KiB, free: 434.3 MiB)
[2025-03-29T13:30:57.879+0000] {spark_submit.py:645} INFO - 25/03/29 13:30:57 INFO SparkContext: Created broadcast 0 from broadcast at DAGScheduler.scala:1585
[2025-03-29T13:30:57.897+0000] {spark_submit.py:645} INFO - 25/03/29 13:30:57 INFO DAGScheduler: Submitting 4 missing tasks from ResultStage 0 (MapPartitionsRDD[6] at parquet at NativeMethodAccessorImpl.java:0) (first 15 tasks are for partitions Vector(0, 1, 2, 3))
[2025-03-29T13:30:57.898+0000] {spark_submit.py:645} INFO - 25/03/29 13:30:57 INFO TaskSchedulerImpl: Adding task set 0.0 with 4 tasks resource profile 0
[2025-03-29T13:30:57.943+0000] {spark_submit.py:645} INFO - 25/03/29 13:30:57 WARN TaskSetManager: Stage 0 contains a task of very large size (5390 KiB). The maximum recommended task size is 1000 KiB.
[2025-03-29T13:30:57.945+0000] {spark_submit.py:645} INFO - 25/03/29 13:30:57 INFO TaskSetManager: Starting task 0.0 in stage 0.0 (TID 0) (172.18.0.5, executor 1, partition 0, PROCESS_LOCAL, 5520351 bytes)
[2025-03-29T13:30:57.965+0000] {spark_submit.py:645} INFO - 25/03/29 13:30:57 INFO TaskSetManager: Starting task 1.0 in stage 0.0 (TID 1) (172.18.0.6, executor 2, partition 1, PROCESS_LOCAL, 5762789 bytes)
[2025-03-29T13:30:57.971+0000] {spark_submit.py:645} INFO - 25/03/29 13:30:57 INFO TaskSetManager: Starting task 2.0 in stage 0.0 (TID 2) (172.18.0.5, executor 0, partition 2, PROCESS_LOCAL, 5762789 bytes)
[2025-03-29T13:30:57.979+0000] {spark_submit.py:645} INFO - 25/03/29 13:30:57 INFO TaskSetManager: Starting task 3.0 in stage 0.0 (TID 3) (172.18.0.6, executor 3, partition 3, PROCESS_LOCAL, 5776063 bytes)
[2025-03-29T13:30:59.900+0000] {spark_submit.py:645} INFO - 25/03/29 13:30:59 INFO BlockManagerInfo: Added broadcast_0_piece0 in memory on 172.18.0.5:38023 (size: 79.6 KiB, free: 127.1 MiB)
[2025-03-29T13:30:59.911+0000] {spark_submit.py:645} INFO - 25/03/29 13:30:59 INFO BlockManagerInfo: Added broadcast_0_piece0 in memory on 172.18.0.5:32853 (size: 79.6 KiB, free: 127.1 MiB)
[2025-03-29T13:30:59.916+0000] {spark_submit.py:645} INFO - 25/03/29 13:30:59 INFO BlockManagerInfo: Added broadcast_0_piece0 in memory on 172.18.0.6:41881 (size: 79.6 KiB, free: 127.1 MiB)
[2025-03-29T13:30:59.922+0000] {spark_submit.py:645} INFO - 25/03/29 13:30:59 INFO BlockManagerInfo: Added broadcast_0_piece0 in memory on 172.18.0.6:35569 (size: 79.6 KiB, free: 127.1 MiB)
[2025-03-29T13:31:29.287+0000] {spark_submit.py:645} INFO - 25/03/29 13:31:29 INFO TaskSetManager: Finished task 1.0 in stage 0.0 (TID 1) in 31336 ms on 172.18.0.6 (executor 2) (1/4)
[2025-03-29T13:31:29.293+0000] {spark_submit.py:645} INFO - 25/03/29 13:31:29 INFO TaskSetManager: Finished task 0.0 in stage 0.0 (TID 0) in 31369 ms on 172.18.0.5 (executor 1) (2/4)
[2025-03-29T13:31:29.315+0000] {spark_submit.py:645} INFO - 25/03/29 13:31:29 INFO PythonAccumulatorV2: Connected to AccumulatorServer at host: 127.0.0.1 port: 49291
[2025-03-29T13:31:29.356+0000] {spark_submit.py:645} INFO - 25/03/29 13:31:29 INFO TaskSetManager: Finished task 3.0 in stage 0.0 (TID 3) in 31382 ms on 172.18.0.6 (executor 3) (3/4)
[2025-03-29T13:31:29.472+0000] {spark_submit.py:645} INFO - 25/03/29 13:31:29 INFO TaskSetManager: Finished task 2.0 in stage 0.0 (TID 2) in 31501 ms on 172.18.0.5 (executor 0) (4/4)
[2025-03-29T13:31:29.526+0000] {spark_submit.py:645} INFO - 25/03/29 13:31:29 INFO TaskSchedulerImpl: Removed TaskSet 0.0, whose tasks have all completed, from pool
[2025-03-29T13:31:29.527+0000] {spark_submit.py:645} INFO - 25/03/29 13:31:29 INFO DAGScheduler: ResultStage 0 (parquet at NativeMethodAccessorImpl.java:0) finished in 32.450 s
[2025-03-29T13:31:29.527+0000] {spark_submit.py:645} INFO - 25/03/29 13:31:29 INFO DAGScheduler: Job 0 is finished. Cancelling potential speculative or zombie tasks for this job
[2025-03-29T13:31:29.528+0000] {spark_submit.py:645} INFO - 25/03/29 13:31:29 INFO TaskSchedulerImpl: Killing all running tasks in stage 0: Stage finished
[2025-03-29T13:31:29.528+0000] {spark_submit.py:645} INFO - 25/03/29 13:31:29 INFO DAGScheduler: Job 0 finished: parquet at NativeMethodAccessorImpl.java:0, took 33.011265 s
[2025-03-29T13:31:29.529+0000] {spark_submit.py:645} INFO - 25/03/29 13:31:29 INFO FileFormatWriter: Start to commit write Job fee20c82-d767-44b0-a250-760dbca6437e.
[2025-03-29T13:31:33.065+0000] {spark_submit.py:645} INFO - 25/03/29 13:31:33 INFO FileFormatWriter: Write Job fee20c82-d767-44b0-a250-760dbca6437e committed. Elapsed time: 3572 ms.
[2025-03-29T13:31:33.069+0000] {spark_submit.py:645} INFO - 25/03/29 13:31:33 INFO FileFormatWriter: Finished processing stats for write job fee20c82-d767-44b0-a250-760dbca6437e.
[2025-03-29T13:31:33.080+0000] {spark_submit.py:645} INFO - 2025-03-29 13:31:33,080 - INFO - Data transformation and parquet file writing completed.
[2025-03-29T13:31:33.146+0000] {spark_submit.py:645} INFO - 25/03/29 13:31:33 INFO SparkContext: SparkContext is stopping with exitCode 0.
[2025-03-29T13:31:33.178+0000] {spark_submit.py:645} INFO - 25/03/29 13:31:33 INFO SparkUI: Stopped Spark web UI at http://0078b745cbba:4040
[2025-03-29T13:31:33.185+0000] {spark_submit.py:645} INFO - 25/03/29 13:31:33 INFO StandaloneSchedulerBackend: Shutting down all executors
[2025-03-29T13:31:33.186+0000] {spark_submit.py:645} INFO - 25/03/29 13:31:33 INFO StandaloneSchedulerBackend$StandaloneDriverEndpoint: Asking each executor to shut down
[2025-03-29T13:31:33.265+0000] {spark_submit.py:645} INFO - 25/03/29 13:31:33 INFO MapOutputTrackerMasterEndpoint: MapOutputTrackerMasterEndpoint stopped!
[2025-03-29T13:31:33.479+0000] {spark_submit.py:645} INFO - 25/03/29 13:31:33 INFO MemoryStore: MemoryStore cleared
[2025-03-29T13:31:33.485+0000] {spark_submit.py:645} INFO - 25/03/29 13:31:33 INFO BlockManager: BlockManager stopped
[2025-03-29T13:31:33.532+0000] {spark_submit.py:645} INFO - 25/03/29 13:31:33 INFO BlockManagerMaster: BlockManagerMaster stopped
[2025-03-29T13:31:33.550+0000] {spark_submit.py:645} INFO - 25/03/29 13:31:33 INFO OutputCommitCoordinator$OutputCommitCoordinatorEndpoint: OutputCommitCoordinator stopped!
[2025-03-29T13:31:33.679+0000] {spark_submit.py:645} INFO - 25/03/29 13:31:33 INFO SparkContext: Successfully stopped SparkContext
[2025-03-29T13:31:34.570+0000] {spark_submit.py:645} INFO - 2025-03-29 13:31:34,567 - INFO - Closing down clientserver connection
[2025-03-29T13:31:36.249+0000] {spark_submit.py:645} INFO - 25/03/29 13:31:36 INFO ShutdownHookManager: Shutdown hook called
[2025-03-29T13:31:36.250+0000] {spark_submit.py:645} INFO - 25/03/29 13:31:36 INFO ShutdownHookManager: Deleting directory /tmp/spark-616ae3bb-d745-40d1-926e-df5f9644dfb1/pyspark-ff916def-b0cf-480d-be78-992cbf8dff3d
[2025-03-29T13:31:36.266+0000] {spark_submit.py:645} INFO - 25/03/29 13:31:36 INFO ShutdownHookManager: Deleting directory /tmp/spark-9dba3f22-0f07-4adc-90b7-dc86040e5eac
[2025-03-29T13:31:36.287+0000] {spark_submit.py:645} INFO - 25/03/29 13:31:36 INFO ShutdownHookManager: Deleting directory /tmp/spark-616ae3bb-d745-40d1-926e-df5f9644dfb1
[2025-03-29T13:31:36.604+0000] {spark_submit.py:645} INFO - 25/03/29 13:31:36 INFO MetricsSystemImpl: Stopping s3a-file-system metrics system...
[2025-03-29T13:31:36.605+0000] {spark_submit.py:645} INFO - 25/03/29 13:31:36 INFO MetricsSystemImpl: s3a-file-system metrics system stopped.
[2025-03-29T13:31:36.610+0000] {spark_submit.py:645} INFO - 25/03/29 13:31:36 INFO MetricsSystemImpl: s3a-file-system metrics system shutdown complete.
[2025-03-29T13:31:36.693+0000] {python.py:237} INFO - Done. Returned value was: None
[2025-03-29T13:31:36.693+0000] {taskinstance.py:441} INFO - ::group::Post task execution logs
[2025-03-29T13:31:36.707+0000] {taskinstance.py:1206} INFO - Marking task as SUCCESS. dag_id=etl_pipeline, task_id=transformation, run_id=manual__2025-03-26T13:33:39.761724+00:00, execution_date=20250326T133339, start_date=20250329T132858, end_date=20250329T133136
[2025-03-29T13:31:36.772+0000] {local_task_job_runner.py:240} INFO - Task exited with return code 0
[2025-03-29T13:31:36.792+0000] {taskinstance.py:3503} INFO - 0 downstream tasks scheduled from follow-on schedule check
[2025-03-29T13:31:36.819+0000] {local_task_job_runner.py:222} INFO - ::endgroup::
