[2025-03-30T17:43:51.574+0000] {local_task_job_runner.py:120} INFO - ::group::Pre task execution logs
[2025-03-30T17:43:51.628+0000] {taskinstance.py:2076} INFO - Dependencies all met for dep_context=non-requeueable deps ti=<TaskInstance: etl_pipeline.transformation manual__2025-03-26T13:33:39.761724+00:00 [queued]>
[2025-03-30T17:43:51.637+0000] {taskinstance.py:2076} INFO - Dependencies all met for dep_context=requeueable deps ti=<TaskInstance: etl_pipeline.transformation manual__2025-03-26T13:33:39.761724+00:00 [queued]>
[2025-03-30T17:43:51.638+0000] {taskinstance.py:2306} INFO - Starting attempt 70 of 71
[2025-03-30T17:43:51.715+0000] {taskinstance.py:2330} INFO - Executing <Task(PythonOperator): transformation> on 2025-03-26 13:33:39.761724+00:00
[2025-03-30T17:43:51.723+0000] {standard_task_runner.py:63} INFO - Started process 658 to run task
[2025-03-30T17:43:51.726+0000] {standard_task_runner.py:90} INFO - Running: ['***', 'tasks', 'run', 'etl_pipeline', 'transformation', 'manual__2025-03-26T13:33:39.761724+00:00', '--job-id', '120', '--raw', '--subdir', 'DAGS_FOLDER/etl_pipeline.py', '--cfg-path', '/tmp/tmpsw0p54wz']
[2025-03-30T17:43:51.728+0000] {standard_task_runner.py:91} INFO - Job 120: Subtask transformation
[2025-03-30T17:43:51.811+0000] {task_command.py:426} INFO - Running <TaskInstance: etl_pipeline.transformation manual__2025-03-26T13:33:39.761724+00:00 [running]> on host 4962f173392a
[2025-03-30T17:43:51.947+0000] {taskinstance.py:2648} INFO - Exporting env vars: AIRFLOW_CTX_DAG_OWNER='lobobranco' AIRFLOW_CTX_DAG_ID='etl_pipeline' AIRFLOW_CTX_TASK_ID='transformation' AIRFLOW_CTX_EXECUTION_DATE='2025-03-26T13:33:39.761724+00:00' AIRFLOW_CTX_TRY_NUMBER='70' AIRFLOW_CTX_DAG_RUN_ID='manual__2025-03-26T13:33:39.761724+00:00'
[2025-03-30T17:43:51.949+0000] {taskinstance.py:430} INFO - ::endgroup::
[2025-03-30T17:43:51.977+0000] {etl_pipeline.py:76} INFO - Transforming data from file: s3://raw/playlist_20250329_132856.json
[2025-03-30T17:43:51.977+0000] {logging_mixin.py:188} INFO - File Path: s3://raw/playlist_20250329_132856.json
[2025-03-30T17:43:51.978+0000] {logging_mixin.py:188} INFO - Processed Bucket: processed
[2025-03-30T17:43:51.979+0000] {baseoperator.py:400} WARNING - SparkSubmitOperator.execute cannot be called outside TaskInstance!
[2025-03-30T17:43:51.991+0000] {base.py:84} INFO - Using connection ID 'spark_default' for task execution.
[2025-03-30T17:43:51.992+0000] {spark_submit.py:328} ERROR - Failed to decode base64 keytab: Incorrect padding
[2025-03-30T17:43:51.993+0000] {spark_submit.py:305} INFO - Could not load connection string spark_default, defaulting to spark://spark-master:7077
[2025-03-30T17:43:51.994+0000] {spark_submit.py:474} INFO - Spark-Submit cmd: spark-submit --master spark://spark-master:7077 --conf spark.executor.memory=512m --conf spark.executor.cores=1 --conf spark.jars=/opt/spark_job/jars/aws-java-sdk-bundle-1.12.262.jar,/opt/spark_job/jars/hadoop-aws-3.3.4.jar --conf spark.hadoop.fs.s3a.endpoint=http://minio:9000 --conf spark.hadoop.fs.s3a.access.key=admin --conf spark.hadoop.fs.s3a.secret.key=****** --conf spark.hadoop.fs.s3a.impl=org.apache.hadoop.fs.s3a.S3AFileSystem --conf spark.hadoop.fs.s3a.path.style.access=true --principal *** --name arrow-spark --verbose --deploy-mode client /opt/spark_job/data_transformation.py s3://raw/playlist_20250329_132856.json processed
[2025-03-30T17:43:52.170+0000] {spark_submit.py:645} INFO - /home/***/.local/lib/python3.11/site-packages/pyspark/bin/load-spark-env.sh: line 68: ps: command not found
[2025-03-30T17:43:54.345+0000] {spark_submit.py:645} INFO - Using properties file: null
[2025-03-30T17:43:54.545+0000] {spark_submit.py:645} INFO - Parsed arguments:
[2025-03-30T17:43:54.546+0000] {spark_submit.py:645} INFO - master                  spark://spark-master:7077
[2025-03-30T17:43:54.546+0000] {spark_submit.py:645} INFO - remote                  null
[2025-03-30T17:43:54.546+0000] {spark_submit.py:645} INFO - deployMode              client
[2025-03-30T17:43:54.547+0000] {spark_submit.py:645} INFO - executorMemory          512m
[2025-03-30T17:43:54.548+0000] {spark_submit.py:645} INFO - executorCores           1
[2025-03-30T17:43:54.553+0000] {spark_submit.py:645} INFO - totalExecutorCores      null
[2025-03-30T17:43:54.557+0000] {spark_submit.py:645} INFO - propertiesFile          null
[2025-03-30T17:43:54.558+0000] {spark_submit.py:645} INFO - driverMemory            null
[2025-03-30T17:43:54.559+0000] {spark_submit.py:645} INFO - driverCores             null
[2025-03-30T17:43:54.559+0000] {spark_submit.py:645} INFO - driverExtraClassPath    null
[2025-03-30T17:43:54.559+0000] {spark_submit.py:645} INFO - driverExtraLibraryPath  null
[2025-03-30T17:43:54.560+0000] {spark_submit.py:645} INFO - driverExtraJavaOptions  null
[2025-03-30T17:43:54.560+0000] {spark_submit.py:645} INFO - supervise               false
[2025-03-30T17:43:54.560+0000] {spark_submit.py:645} INFO - queue                   null
[2025-03-30T17:43:54.561+0000] {spark_submit.py:645} INFO - numExecutors            null
[2025-03-30T17:43:54.561+0000] {spark_submit.py:645} INFO - files                   null
[2025-03-30T17:43:54.561+0000] {spark_submit.py:645} INFO - pyFiles                 null
[2025-03-30T17:43:54.562+0000] {spark_submit.py:645} INFO - archives                null
[2025-03-30T17:43:54.562+0000] {spark_submit.py:645} INFO - mainClass               null
[2025-03-30T17:43:54.562+0000] {spark_submit.py:645} INFO - primaryResource         file:/opt/spark_job/data_transformation.py
[2025-03-30T17:43:54.563+0000] {spark_submit.py:645} INFO - name                    arrow-spark
[2025-03-30T17:43:54.563+0000] {spark_submit.py:645} INFO - childArgs               [s3://raw/playlist_20250329_132856.json processed]
[2025-03-30T17:43:54.563+0000] {spark_submit.py:645} INFO - jars                    /opt/spark_job/jars/aws-java-sdk-bundle-1.12.262.jar,/opt/spark_job/jars/hadoop-aws-3.3.4.jar
[2025-03-30T17:43:54.564+0000] {spark_submit.py:645} INFO - packages                null
[2025-03-30T17:43:54.564+0000] {spark_submit.py:645} INFO - packagesExclusions      null
[2025-03-30T17:43:54.565+0000] {spark_submit.py:645} INFO - repositories            null
[2025-03-30T17:43:54.565+0000] {spark_submit.py:645} INFO - verbose                 true
[2025-03-30T17:43:54.565+0000] {spark_submit.py:645} INFO - 
[2025-03-30T17:43:54.566+0000] {spark_submit.py:645} INFO - Spark properties used, including those specified through
[2025-03-30T17:43:54.566+0000] {spark_submit.py:645} INFO - --conf and those from the properties file null:
[2025-03-30T17:43:54.566+0000] {spark_submit.py:645} INFO - (spark.executor.cores,1)
[2025-03-30T17:43:54.567+0000] {spark_submit.py:645} INFO - (spark.executor.memory,512m)
[2025-03-30T17:43:54.567+0000] {spark_submit.py:645} INFO - (spark.hadoop.fs.s3a.access.key,*********(redacted))
[2025-03-30T17:43:54.567+0000] {spark_submit.py:645} INFO - (spark.hadoop.fs.s3a.endpoint,http://minio:9000)
[2025-03-30T17:43:54.568+0000] {spark_submit.py:645} INFO - (spark.hadoop.fs.s3a.impl,org.apache.hadoop.fs.s3a.S3AFileSystem)
[2025-03-30T17:43:54.568+0000] {spark_submit.py:645} INFO - (spark.hadoop.fs.s3a.path.style.access,true)
[2025-03-30T17:43:54.568+0000] {spark_submit.py:645} INFO - (spark.hadoop.fs.s3a.secret.key,*********(redacted))
[2025-03-30T17:43:54.569+0000] {spark_submit.py:645} INFO - (spark.jars,/opt/spark_job/jars/aws-java-sdk-bundle-1.12.262.jar,/opt/spark_job/jars/hadoop-aws-3.3.4.jar)
[2025-03-30T17:43:54.569+0000] {spark_submit.py:645} INFO - 
[2025-03-30T17:43:54.570+0000] {spark_submit.py:645} INFO - 
[2025-03-30T17:43:55.086+0000] {spark_submit.py:645} INFO - 25/03/30 17:43:55 WARN NativeCodeLoader: Unable to load native-hadoop library for your platform... using builtin-java classes where applicable
[2025-03-30T17:43:55.328+0000] {spark_submit.py:645} INFO - Main class:
[2025-03-30T17:43:55.329+0000] {spark_submit.py:645} INFO - org.apache.spark.deploy.PythonRunner
[2025-03-30T17:43:55.329+0000] {spark_submit.py:645} INFO - Arguments:
[2025-03-30T17:43:55.330+0000] {spark_submit.py:645} INFO - file:/opt/spark_job/data_transformation.py
[2025-03-30T17:43:55.330+0000] {spark_submit.py:645} INFO - null
[2025-03-30T17:43:55.331+0000] {spark_submit.py:645} INFO - s3://raw/playlist_20250329_132856.json
[2025-03-30T17:43:55.331+0000] {spark_submit.py:645} INFO - processed
[2025-03-30T17:43:55.331+0000] {spark_submit.py:645} INFO - Spark config:
[2025-03-30T17:43:55.332+0000] {spark_submit.py:645} INFO - (spark.app.name,arrow-spark)
[2025-03-30T17:43:55.332+0000] {spark_submit.py:645} INFO - (spark.app.submitTime,1743356635309)
[2025-03-30T17:43:55.333+0000] {spark_submit.py:645} INFO - (spark.executor.cores,1)
[2025-03-30T17:43:55.333+0000] {spark_submit.py:645} INFO - (spark.executor.memory,512m)
[2025-03-30T17:43:55.334+0000] {spark_submit.py:645} INFO - (spark.hadoop.fs.s3a.access.key,*********(redacted))
[2025-03-30T17:43:55.334+0000] {spark_submit.py:645} INFO - (spark.hadoop.fs.s3a.endpoint,http://minio:9000)
[2025-03-30T17:43:55.335+0000] {spark_submit.py:645} INFO - (spark.hadoop.fs.s3a.impl,org.apache.hadoop.fs.s3a.S3AFileSystem)
[2025-03-30T17:43:55.335+0000] {spark_submit.py:645} INFO - (spark.hadoop.fs.s3a.path.style.access,true)
[2025-03-30T17:43:55.336+0000] {spark_submit.py:645} INFO - (spark.hadoop.fs.s3a.secret.key,*********(redacted))
[2025-03-30T17:43:55.336+0000] {spark_submit.py:645} INFO - (spark.jars,file:///opt/spark_job/jars/aws-java-sdk-bundle-1.12.262.jar,file:///opt/spark_job/jars/hadoop-aws-3.3.4.jar)
[2025-03-30T17:43:55.337+0000] {spark_submit.py:645} INFO - (spark.kerberos.principal,***)
[2025-03-30T17:43:55.338+0000] {spark_submit.py:645} INFO - (spark.master,spark://spark-master:7077)
[2025-03-30T17:43:55.338+0000] {spark_submit.py:645} INFO - (spark.repl.local.jars,file:///opt/spark_job/jars/aws-java-sdk-bundle-1.12.262.jar,file:///opt/spark_job/jars/hadoop-aws-3.3.4.jar)
[2025-03-30T17:43:55.338+0000] {spark_submit.py:645} INFO - (spark.submit.deployMode,client)
[2025-03-30T17:43:55.339+0000] {spark_submit.py:645} INFO - (spark.submit.pyFiles,)
[2025-03-30T17:43:55.340+0000] {spark_submit.py:645} INFO - Classpath elements:
[2025-03-30T17:43:55.340+0000] {spark_submit.py:645} INFO - file:///opt/spark_job/jars/aws-java-sdk-bundle-1.12.262.jar
[2025-03-30T17:43:55.340+0000] {spark_submit.py:645} INFO - file:///opt/spark_job/jars/hadoop-aws-3.3.4.jar
[2025-03-30T17:43:55.341+0000] {spark_submit.py:645} INFO - 
[2025-03-30T17:43:55.341+0000] {spark_submit.py:645} INFO - 
[2025-03-30T17:43:58.439+0000] {spark_submit.py:645} INFO - 2025-03-30 17:43:58,438 - INFO - Iniciando a configuração da Spark Session
[2025-03-30T17:43:59.064+0000] {spark_submit.py:645} INFO - 25/03/30 17:43:59 INFO SparkContext: Running Spark version 3.5.3
[2025-03-30T17:43:59.065+0000] {spark_submit.py:645} INFO - 25/03/30 17:43:59 INFO SparkContext: OS info Linux, 5.15.153.1-microsoft-standard-WSL2, amd64
[2025-03-30T17:43:59.065+0000] {spark_submit.py:645} INFO - 25/03/30 17:43:59 INFO SparkContext: Java version 17.0.14
[2025-03-30T17:43:59.111+0000] {spark_submit.py:645} INFO - 25/03/30 17:43:59 INFO ResourceUtils: ==============================================================
[2025-03-30T17:43:59.112+0000] {spark_submit.py:645} INFO - 25/03/30 17:43:59 INFO ResourceUtils: No custom resources configured for spark.driver.
[2025-03-30T17:43:59.112+0000] {spark_submit.py:645} INFO - 25/03/30 17:43:59 INFO ResourceUtils: ==============================================================
[2025-03-30T17:43:59.114+0000] {spark_submit.py:645} INFO - 25/03/30 17:43:59 INFO SparkContext: Submitted application: Minio Integration with PySpark
[2025-03-30T17:43:59.142+0000] {spark_submit.py:645} INFO - 25/03/30 17:43:59 INFO ResourceProfile: Default ResourceProfile created, executor resources: Map(cores -> name: cores, amount: 1, script: , vendor: , memory -> name: memory, amount: 512, script: , vendor: , offHeap -> name: offHeap, amount: 0, script: , vendor: ), task resources: Map(cpus -> name: cpus, amount: 1.0)
[2025-03-30T17:43:59.156+0000] {spark_submit.py:645} INFO - 25/03/30 17:43:59 INFO ResourceProfile: Limiting resource is cpus at 1 tasks per executor
[2025-03-30T17:43:59.160+0000] {spark_submit.py:645} INFO - 25/03/30 17:43:59 INFO ResourceProfileManager: Added ResourceProfile id: 0
[2025-03-30T17:43:59.252+0000] {spark_submit.py:645} INFO - 25/03/30 17:43:59 INFO SecurityManager: Changing view acls to: ***
[2025-03-30T17:43:59.257+0000] {spark_submit.py:645} INFO - 25/03/30 17:43:59 INFO SecurityManager: Changing modify acls to: ***
[2025-03-30T17:43:59.258+0000] {spark_submit.py:645} INFO - 25/03/30 17:43:59 INFO SecurityManager: Changing view acls groups to:
[2025-03-30T17:43:59.309+0000] {spark_submit.py:645} INFO - 25/03/30 17:43:59 INFO SecurityManager: Changing modify acls groups to:
[2025-03-30T17:43:59.309+0000] {spark_submit.py:645} INFO - 25/03/30 17:43:59 INFO SecurityManager: SecurityManager: authentication disabled; ui acls disabled; users with view permissions: ***; groups with view permissions: EMPTY; users with modify permissions: ***; groups with modify permissions: EMPTY
[2025-03-30T17:43:59.620+0000] {spark_submit.py:645} INFO - 25/03/30 17:43:59 INFO Utils: Successfully started service 'sparkDriver' on port 39709.
[2025-03-30T17:43:59.660+0000] {spark_submit.py:645} INFO - 25/03/30 17:43:59 INFO SparkEnv: Registering MapOutputTracker
[2025-03-30T17:43:59.700+0000] {spark_submit.py:645} INFO - 25/03/30 17:43:59 INFO SparkEnv: Registering BlockManagerMaster
[2025-03-30T17:43:59.718+0000] {spark_submit.py:645} INFO - 25/03/30 17:43:59 INFO BlockManagerMasterEndpoint: Using org.apache.spark.storage.DefaultTopologyMapper for getting topology information
[2025-03-30T17:43:59.719+0000] {spark_submit.py:645} INFO - 25/03/30 17:43:59 INFO BlockManagerMasterEndpoint: BlockManagerMasterEndpoint up
[2025-03-30T17:43:59.723+0000] {spark_submit.py:645} INFO - 25/03/30 17:43:59 INFO SparkEnv: Registering BlockManagerMasterHeartbeat
[2025-03-30T17:43:59.743+0000] {spark_submit.py:645} INFO - 25/03/30 17:43:59 INFO DiskBlockManager: Created local directory at /tmp/blockmgr-9ff3ce45-2505-4abd-a4a4-b5a4f81f146b
[2025-03-30T17:43:59.756+0000] {spark_submit.py:645} INFO - 25/03/30 17:43:59 INFO MemoryStore: MemoryStore started with capacity 434.4 MiB
[2025-03-30T17:43:59.771+0000] {spark_submit.py:645} INFO - 25/03/30 17:43:59 INFO SparkEnv: Registering OutputCommitCoordinator
[2025-03-30T17:43:59.918+0000] {spark_submit.py:645} INFO - 25/03/30 17:43:59 INFO JettyUtils: Start Jetty 0.0.0.0:4040 for SparkUI
[2025-03-30T17:44:00.014+0000] {spark_submit.py:645} INFO - 25/03/30 17:44:00 INFO Utils: Successfully started service 'SparkUI' on port 4040.
[2025-03-30T17:44:00.079+0000] {spark_submit.py:645} INFO - 25/03/30 17:44:00 INFO SparkContext: Added JAR file:///opt/spark_job/jars/aws-java-sdk-bundle-1.12.262.jar at spark://4962f173392a:39709/jars/aws-java-sdk-bundle-1.12.262.jar with timestamp 1743356639054
[2025-03-30T17:44:00.080+0000] {spark_submit.py:645} INFO - 25/03/30 17:44:00 INFO SparkContext: Added JAR file:///opt/spark_job/jars/hadoop-aws-3.3.4.jar at spark://4962f173392a:39709/jars/hadoop-aws-3.3.4.jar with timestamp 1743356639054
[2025-03-30T17:44:00.187+0000] {spark_submit.py:645} INFO - 25/03/30 17:44:00 INFO StandaloneAppClient$ClientEndpoint: Connecting to master spark://spark-master:7077...
[2025-03-30T17:44:00.265+0000] {spark_submit.py:645} INFO - 25/03/30 17:44:00 INFO TransportClientFactory: Successfully created connection to spark-master/172.18.0.6:7077 after 32 ms (0 ms spent in bootstraps)
[2025-03-30T17:44:00.436+0000] {spark_submit.py:645} INFO - 25/03/30 17:44:00 INFO StandaloneSchedulerBackend: Connected to Spark cluster with app ID app-20250330174400-0003
[2025-03-30T17:44:00.438+0000] {spark_submit.py:645} INFO - 25/03/30 17:44:00 INFO StandaloneAppClient$ClientEndpoint: Executor added: app-20250330174400-0003/0 on worker-20250330171833-172.18.0.5-45767 (172.18.0.5:45767) with 1 core(s)
[2025-03-30T17:44:00.439+0000] {spark_submit.py:645} INFO - 25/03/30 17:44:00 INFO StandaloneSchedulerBackend: Granted executor ID app-20250330174400-0003/0 on hostPort 172.18.0.5:45767 with 1 core(s), 512.0 MiB RAM
[2025-03-30T17:44:00.440+0000] {spark_submit.py:645} INFO - 25/03/30 17:44:00 INFO StandaloneAppClient$ClientEndpoint: Executor added: app-20250330174400-0003/1 on worker-20250330171833-172.18.0.5-45767 (172.18.0.5:45767) with 1 core(s)
[2025-03-30T17:44:00.440+0000] {spark_submit.py:645} INFO - 25/03/30 17:44:00 INFO StandaloneSchedulerBackend: Granted executor ID app-20250330174400-0003/1 on hostPort 172.18.0.5:45767 with 1 core(s), 512.0 MiB RAM
[2025-03-30T17:44:00.580+0000] {spark_submit.py:645} INFO - 25/03/30 17:44:00 INFO Utils: Successfully started service 'org.apache.spark.network.netty.NettyBlockTransferService' on port 44043.
[2025-03-30T17:44:00.581+0000] {spark_submit.py:645} INFO - 25/03/30 17:44:00 INFO NettyBlockTransferService: Server created on 4962f173392a:44043
[2025-03-30T17:44:00.581+0000] {spark_submit.py:645} INFO - 25/03/30 17:44:00 INFO StandaloneAppClient$ClientEndpoint: Executor added: app-20250330174400-0003/2 on worker-20250330171833-172.18.0.7-40325 (172.18.0.7:40325) with 1 core(s)
[2025-03-30T17:44:00.581+0000] {spark_submit.py:645} INFO - 25/03/30 17:44:00 INFO StandaloneSchedulerBackend: Granted executor ID app-20250330174400-0003/2 on hostPort 172.18.0.7:40325 with 1 core(s), 512.0 MiB RAM
[2025-03-30T17:44:00.582+0000] {spark_submit.py:645} INFO - 25/03/30 17:44:00 INFO StandaloneAppClient$ClientEndpoint: Executor added: app-20250330174400-0003/3 on worker-20250330171833-172.18.0.7-40325 (172.18.0.7:40325) with 1 core(s)
[2025-03-30T17:44:00.582+0000] {spark_submit.py:645} INFO - 25/03/30 17:44:00 INFO StandaloneSchedulerBackend: Granted executor ID app-20250330174400-0003/3 on hostPort 172.18.0.7:40325 with 1 core(s), 512.0 MiB RAM
[2025-03-30T17:44:00.585+0000] {spark_submit.py:645} INFO - 25/03/30 17:44:00 INFO BlockManager: Using org.apache.spark.storage.RandomBlockReplicationPolicy for block replication policy
[2025-03-30T17:44:00.612+0000] {spark_submit.py:645} INFO - 25/03/30 17:44:00 INFO BlockManagerMaster: Registering BlockManager BlockManagerId(driver, 4962f173392a, 44043, None)
[2025-03-30T17:44:00.789+0000] {spark_submit.py:645} INFO - 25/03/30 17:44:00 INFO StandaloneAppClient$ClientEndpoint: Executor updated: app-20250330174400-0003/1 is now RUNNING
[2025-03-30T17:44:00.800+0000] {spark_submit.py:645} INFO - 25/03/30 17:44:00 INFO BlockManagerMasterEndpoint: Registering block manager 4962f173392a:44043 with 434.4 MiB RAM, BlockManagerId(driver, 4962f173392a, 44043, None)
[2025-03-30T17:44:00.816+0000] {spark_submit.py:645} INFO - 25/03/30 17:44:00 INFO BlockManagerMaster: Registered BlockManager BlockManagerId(driver, 4962f173392a, 44043, None)
[2025-03-30T17:44:00.819+0000] {spark_submit.py:645} INFO - 25/03/30 17:44:00 INFO BlockManager: Initialized BlockManager: BlockManagerId(driver, 4962f173392a, 44043, None)
[2025-03-30T17:44:00.920+0000] {spark_submit.py:645} INFO - 25/03/30 17:44:00 INFO StandaloneAppClient$ClientEndpoint: Executor updated: app-20250330174400-0003/0 is now RUNNING
[2025-03-30T17:44:01.085+0000] {spark_submit.py:645} INFO - 25/03/30 17:44:01 INFO StandaloneAppClient$ClientEndpoint: Executor updated: app-20250330174400-0003/2 is now RUNNING
[2025-03-30T17:44:01.177+0000] {spark_submit.py:645} INFO - 25/03/30 17:44:01 INFO StandaloneAppClient$ClientEndpoint: Executor updated: app-20250330174400-0003/3 is now RUNNING
[2025-03-30T17:44:01.260+0000] {spark_submit.py:645} INFO - 25/03/30 17:44:01 INFO StandaloneSchedulerBackend: SchedulerBackend is ready for scheduling beginning after reached minRegisteredResourcesRatio: 0.0
[2025-03-30T17:44:01.650+0000] {spark_submit.py:645} INFO - 2025-03-30 17:44:01,642 - INFO - Spark Session criada com sucesso
[2025-03-30T17:44:01.651+0000] {spark_submit.py:645} INFO - 2025-03-30 17:44:01,642 - INFO - Leitura iniciada !!!!!!.
[2025-03-30T17:44:01.652+0000] {spark_submit.py:645} INFO - 3.5.3
[2025-03-30T17:44:01.667+0000] {spark_submit.py:645} INFO - 25/03/30 17:44:01 INFO SharedState: Setting hive.metastore.warehouse.dir ('null') to the value of spark.sql.warehouse.dir.
[2025-03-30T17:44:01.674+0000] {spark_submit.py:645} INFO - 25/03/30 17:44:01 INFO SharedState: Warehouse path is 'file:/opt/spark-warehouse'.
[2025-03-30T17:44:05.290+0000] {spark_submit.py:645} INFO - 25/03/30 17:44:05 WARN MetricsConfig: Cannot locate configuration: tried hadoop-metrics2-s3a-file-system.properties,hadoop-metrics2.properties
[2025-03-30T17:44:05.338+0000] {spark_submit.py:645} INFO - 25/03/30 17:44:05 INFO MetricsSystemImpl: Scheduled Metric snapshot period at 10 second(s).
[2025-03-30T17:44:05.339+0000] {spark_submit.py:645} INFO - 25/03/30 17:44:05 INFO MetricsSystemImpl: s3a-file-system metrics system started
[2025-03-30T17:44:09.617+0000] {spark_submit.py:645} INFO - 25/03/30 17:44:09 INFO InMemoryFileIndex: It took 238 ms to list leaf files for 1 paths.
[2025-03-30T17:44:09.969+0000] {spark_submit.py:645} INFO - 25/03/30 17:44:09 INFO MemoryStore: Block broadcast_0 stored as values in memory (estimated size 209.2 KiB, free 434.2 MiB)
[2025-03-30T17:44:10.353+0000] {spark_submit.py:645} INFO - 25/03/30 17:44:10 INFO MemoryStore: Block broadcast_0_piece0 stored as bytes in memory (estimated size 35.5 KiB, free 434.2 MiB)
[2025-03-30T17:44:10.354+0000] {spark_submit.py:645} INFO - 25/03/30 17:44:10 INFO BlockManagerInfo: Added broadcast_0_piece0 in memory on 4962f173392a:44043 (size: 35.5 KiB, free: 434.4 MiB)
[2025-03-30T17:44:10.447+0000] {spark_submit.py:645} INFO - 25/03/30 17:44:10 INFO SparkContext: Created broadcast 0 from json at NativeMethodAccessorImpl.java:0
[2025-03-30T17:44:11.514+0000] {spark_submit.py:645} INFO - 25/03/30 17:44:11 INFO FileInputFormat: Total input files to process : 1
[2025-03-30T17:44:11.591+0000] {spark_submit.py:645} INFO - 25/03/30 17:44:11 INFO FileInputFormat: Total input files to process : 1
[2025-03-30T17:44:11.651+0000] {spark_submit.py:645} INFO - 25/03/30 17:44:11 INFO SparkContext: Starting job: json at NativeMethodAccessorImpl.java:0
[2025-03-30T17:44:11.727+0000] {spark_submit.py:645} INFO - 25/03/30 17:44:11 INFO DAGScheduler: Got job 0 (json at NativeMethodAccessorImpl.java:0) with 1 output partitions
[2025-03-30T17:44:11.764+0000] {spark_submit.py:645} INFO - 25/03/30 17:44:11 INFO DAGScheduler: Final stage: ResultStage 0 (json at NativeMethodAccessorImpl.java:0)
[2025-03-30T17:44:11.765+0000] {spark_submit.py:645} INFO - 25/03/30 17:44:11 INFO DAGScheduler: Parents of final stage: List()
[2025-03-30T17:44:11.787+0000] {spark_submit.py:645} INFO - 25/03/30 17:44:11 INFO DAGScheduler: Missing parents: List()
[2025-03-30T17:44:11.863+0000] {spark_submit.py:645} INFO - 25/03/30 17:44:11 INFO DAGScheduler: Submitting ResultStage 0 (MapPartitionsRDD[2] at json at NativeMethodAccessorImpl.java:0), which has no missing parents
[2025-03-30T17:44:11.990+0000] {spark_submit.py:645} INFO - 25/03/30 17:44:11 INFO MemoryStore: Block broadcast_1 stored as values in memory (estimated size 9.3 KiB, free 434.2 MiB)
[2025-03-30T17:44:12.007+0000] {spark_submit.py:645} INFO - 25/03/30 17:44:11 INFO MemoryStore: Block broadcast_1_piece0 stored as bytes in memory (estimated size 5.0 KiB, free 434.1 MiB)
[2025-03-30T17:44:12.012+0000] {spark_submit.py:645} INFO - 25/03/30 17:44:12 INFO BlockManagerInfo: Added broadcast_1_piece0 in memory on 4962f173392a:44043 (size: 5.0 KiB, free: 434.4 MiB)
[2025-03-30T17:44:12.014+0000] {spark_submit.py:645} INFO - 25/03/30 17:44:12 INFO SparkContext: Created broadcast 1 from broadcast at DAGScheduler.scala:1585
[2025-03-30T17:44:12.095+0000] {spark_submit.py:645} INFO - 25/03/30 17:44:12 INFO DAGScheduler: Submitting 1 missing tasks from ResultStage 0 (MapPartitionsRDD[2] at json at NativeMethodAccessorImpl.java:0) (first 15 tasks are for partitions Vector(0))
[2025-03-30T17:44:12.109+0000] {spark_submit.py:645} INFO - 25/03/30 17:44:12 INFO TaskSchedulerImpl: Adding task set 0.0 with 1 tasks resource profile 0
[2025-03-30T17:44:12.753+0000] {spark_submit.py:645} INFO - 25/03/30 17:44:12 INFO StandaloneSchedulerBackend$StandaloneDriverEndpoint: Registered executor NettyRpcEndpointRef(spark-client://Executor) (172.18.0.7:60914) with ID 3,  ResourceProfileId 0
[2025-03-30T17:44:13.011+0000] {spark_submit.py:645} INFO - 25/03/30 17:44:13 INFO StandaloneSchedulerBackend$StandaloneDriverEndpoint: Registered executor NettyRpcEndpointRef(spark-client://Executor) (172.18.0.7:60924) with ID 2,  ResourceProfileId 0
[2025-03-30T17:44:13.019+0000] {spark_submit.py:645} INFO - 25/03/30 17:44:13 INFO BlockManagerMasterEndpoint: Registering block manager 172.18.0.7:39751 with 127.2 MiB RAM, BlockManagerId(3, 172.18.0.7, 39751, None)
[2025-03-30T17:44:13.094+0000] {spark_submit.py:645} INFO - 25/03/30 17:44:13 INFO StandaloneSchedulerBackend$StandaloneDriverEndpoint: Registered executor NettyRpcEndpointRef(spark-client://Executor) (172.18.0.5:59194) with ID 1,  ResourceProfileId 0
[2025-03-30T17:44:13.287+0000] {spark_submit.py:645} INFO - 25/03/30 17:44:13 INFO BlockManagerMasterEndpoint: Registering block manager 172.18.0.5:33143 with 127.2 MiB RAM, BlockManagerId(1, 172.18.0.5, 33143, None)
[2025-03-30T17:44:13.367+0000] {spark_submit.py:645} INFO - 25/03/30 17:44:13 INFO BlockManagerMasterEndpoint: Registering block manager 172.18.0.7:40589 with 127.2 MiB RAM, BlockManagerId(2, 172.18.0.7, 40589, None)
[2025-03-30T17:44:13.522+0000] {spark_submit.py:645} INFO - 25/03/30 17:44:13 INFO StandaloneSchedulerBackend$StandaloneDriverEndpoint: Registered executor NettyRpcEndpointRef(spark-client://Executor) (172.18.0.5:53248) with ID 0,  ResourceProfileId 0
[2025-03-30T17:44:13.883+0000] {spark_submit.py:645} INFO - 25/03/30 17:44:13 INFO BlockManagerMasterEndpoint: Registering block manager 172.18.0.5:38519 with 127.2 MiB RAM, BlockManagerId(0, 172.18.0.5, 38519, None)
[2025-03-30T17:44:23.645+0000] {spark_submit.py:645} INFO - 25/03/30 17:44:23 INFO TaskSetManager: Starting task 0.0 in stage 0.0 (TID 0) (172.18.0.7, executor 2, partition 0, PROCESS_LOCAL, 9420 bytes)
[2025-03-30T17:44:39.636+0000] {spark_submit.py:645} INFO - 25/03/30 17:44:39 INFO BlockManagerInfo: Added broadcast_1_piece0 in memory on 172.18.0.7:40589 (size: 5.0 KiB, free: 127.2 MiB)
[2025-03-30T17:44:43.242+0000] {spark_submit.py:645} INFO - 25/03/30 17:44:43 INFO BlockManagerInfo: Added broadcast_0_piece0 in memory on 172.18.0.7:40589 (size: 35.5 KiB, free: 127.2 MiB)
[2025-03-30T17:45:01.635+0000] {spark_submit.py:645} INFO - 25/03/30 17:45:01 INFO TaskSetManager: Finished task 0.0 in stage 0.0 (TID 0) in 38115 ms on 172.18.0.7 (executor 2) (1/1)
[2025-03-30T17:45:01.706+0000] {spark_submit.py:645} INFO - 25/03/30 17:45:01 INFO DAGScheduler: ResultStage 0 (json at NativeMethodAccessorImpl.java:0) finished in 49.721 s
[2025-03-30T17:45:01.709+0000] {spark_submit.py:645} INFO - 25/03/30 17:45:01 INFO DAGScheduler: Job 0 is finished. Cancelling potential speculative or zombie tasks for this job
[2025-03-30T17:45:01.797+0000] {spark_submit.py:645} INFO - 25/03/30 17:45:01 INFO TaskSchedulerImpl: Removed TaskSet 0.0, whose tasks have all completed, from pool
[2025-03-30T17:45:01.797+0000] {spark_submit.py:645} INFO - 25/03/30 17:45:01 INFO TaskSchedulerImpl: Killing all running tasks in stage 0: Stage finished
[2025-03-30T17:45:01.798+0000] {spark_submit.py:645} INFO - 25/03/30 17:45:01 INFO DAGScheduler: Job 0 finished: json at NativeMethodAccessorImpl.java:0, took 50.099726 s
[2025-03-30T17:45:04.636+0000] {spark_submit.py:645} INFO - 25/03/30 17:45:04 INFO BlockManagerInfo: Removed broadcast_1_piece0 on 4962f173392a:44043 in memory (size: 5.0 KiB, free: 434.4 MiB)
[2025-03-30T17:45:04.638+0000] {spark_submit.py:645} INFO - 25/03/30 17:45:04 INFO BlockManagerInfo: Removed broadcast_1_piece0 on 172.18.0.7:40589 in memory (size: 5.0 KiB, free: 127.2 MiB)
[2025-03-30T17:45:05.856+0000] {spark_submit.py:645} INFO - 2025-03-30 17:45:05,855 - INFO - Leitura finalizada !!!!!!!.
[2025-03-30T17:45:05.856+0000] {spark_submit.py:645} INFO - 2025-03-30 17:45:05,856 - INFO - Processo de transformação iniciada.
[2025-03-30T17:45:11.017+0000] {spark_submit.py:645} INFO - root
[2025-03-30T17:45:11.019+0000] {spark_submit.py:645} INFO - |-- artist_id: string (nullable = true)
[2025-03-30T17:45:11.019+0000] {spark_submit.py:645} INFO - |-- artist_name: string (nullable = true)
[2025-03-30T17:45:11.020+0000] {spark_submit.py:645} INFO - |-- external_url: string (nullable = true)
[2025-03-30T17:45:11.020+0000] {spark_submit.py:645} INFO - 
[2025-03-30T17:45:11.021+0000] {spark_submit.py:645} INFO - 2025-03-30 17:45:11,017 - INFO - Processo finalizado.
[2025-03-30T17:45:11.023+0000] {spark_submit.py:645} INFO - 25/03/30 17:45:11 INFO SparkContext: SparkContext is stopping with exitCode 0.
[2025-03-30T17:45:11.100+0000] {spark_submit.py:645} INFO - 25/03/30 17:45:11 INFO SparkUI: Stopped Spark web UI at http://4962f173392a:4040
[2025-03-30T17:45:23.480+0000] {spark_submit.py:645} INFO - 25/03/30 17:45:23 INFO StandaloneSchedulerBackend: Shutting down all executors
[2025-03-30T17:45:23.546+0000] {spark_submit.py:645} INFO - 25/03/30 17:45:23 INFO StandaloneSchedulerBackend$StandaloneDriverEndpoint: Asking each executor to shut down
[2025-03-30T17:45:25.971+0000] {spark_submit.py:645} INFO - 25/03/30 17:45:25 INFO MapOutputTrackerMasterEndpoint: MapOutputTrackerMasterEndpoint stopped!
[2025-03-30T17:45:32.889+0000] {spark_submit.py:645} INFO - 25/03/30 17:45:32 INFO MemoryStore: MemoryStore cleared
[2025-03-30T17:45:32.903+0000] {spark_submit.py:645} INFO - 25/03/30 17:45:32 INFO BlockManager: BlockManager stopped
[2025-03-30T17:45:33.077+0000] {spark_submit.py:645} INFO - 25/03/30 17:45:32 INFO BlockManagerMaster: BlockManagerMaster stopped
[2025-03-30T17:45:33.084+0000] {spark_submit.py:645} INFO - 25/03/30 17:45:32 INFO OutputCommitCoordinator$OutputCommitCoordinatorEndpoint: OutputCommitCoordinator stopped!
[2025-03-30T17:45:35.878+0000] {spark_submit.py:645} INFO - 25/03/30 17:45:35 INFO SparkContext: Successfully stopped SparkContext
[2025-03-30T17:45:36.880+0000] {spark_submit.py:645} INFO - 2025-03-30 17:45:36,879 - INFO - Closing down clientserver connection
[2025-03-30T17:45:37.003+0000] {spark_submit.py:645} INFO - 25/03/30 17:45:37 INFO ShutdownHookManager: Shutdown hook called
[2025-03-30T17:45:37.004+0000] {spark_submit.py:645} INFO - 25/03/30 17:45:37 INFO ShutdownHookManager: Deleting directory /tmp/spark-3be3d5e7-82a2-44d9-9a35-273312273474/pyspark-86b96ebe-c4d5-44e3-8b49-d717a97cfa5a
[2025-03-30T17:45:37.057+0000] {spark_submit.py:645} INFO - 25/03/30 17:45:37 INFO ShutdownHookManager: Deleting directory /tmp/spark-3be3d5e7-82a2-44d9-9a35-273312273474
[2025-03-30T17:45:37.098+0000] {spark_submit.py:645} INFO - 25/03/30 17:45:37 INFO ShutdownHookManager: Deleting directory /tmp/spark-a1a44260-4921-48c7-93b7-8ce8750b5add
[2025-03-30T17:45:37.131+0000] {spark_submit.py:645} INFO - 25/03/30 17:45:37 INFO MetricsSystemImpl: Stopping s3a-file-system metrics system...
[2025-03-30T17:45:37.132+0000] {spark_submit.py:645} INFO - 25/03/30 17:45:37 INFO MetricsSystemImpl: s3a-file-system metrics system stopped.
[2025-03-30T17:45:37.132+0000] {spark_submit.py:645} INFO - 25/03/30 17:45:37 INFO MetricsSystemImpl: s3a-file-system metrics system shutdown complete.
[2025-03-30T17:45:37.180+0000] {python.py:237} INFO - Done. Returned value was: None
[2025-03-30T17:45:37.180+0000] {taskinstance.py:441} INFO - ::group::Post task execution logs
[2025-03-30T17:45:37.192+0000] {taskinstance.py:1206} INFO - Marking task as SUCCESS. dag_id=etl_pipeline, task_id=transformation, run_id=manual__2025-03-26T13:33:39.761724+00:00, execution_date=20250326T133339, start_date=20250330T174351, end_date=20250330T174537
[2025-03-30T17:45:37.354+0000] {local_task_job_runner.py:240} INFO - Task exited with return code 0
[2025-03-30T17:45:37.381+0000] {taskinstance.py:3503} INFO - 0 downstream tasks scheduled from follow-on schedule check
[2025-03-30T17:45:37.416+0000] {local_task_job_runner.py:222} INFO - ::endgroup::
