[2025-03-26T21:36:16.594+0000] {local_task_job_runner.py:120} INFO - ::group::Pre task execution logs
[2025-03-26T21:36:16.632+0000] {taskinstance.py:2076} INFO - Dependencies all met for dep_context=non-requeueable deps ti=<TaskInstance: etl_pipeline.transformation manual__2025-03-26T13:33:39.761724+00:00 [queued]>
[2025-03-26T21:36:16.642+0000] {taskinstance.py:2076} INFO - Dependencies all met for dep_context=requeueable deps ti=<TaskInstance: etl_pipeline.transformation manual__2025-03-26T13:33:39.761724+00:00 [queued]>
[2025-03-26T21:36:16.643+0000] {taskinstance.py:2306} INFO - Starting attempt 41 of 42
[2025-03-26T21:36:16.686+0000] {taskinstance.py:2330} INFO - Executing <Task(PythonOperator): transformation> on 2025-03-26 13:33:39.761724+00:00
[2025-03-26T21:36:16.695+0000] {standard_task_runner.py:63} INFO - Started process 863 to run task
[2025-03-26T21:36:16.698+0000] {standard_task_runner.py:90} INFO - Running: ['***', 'tasks', 'run', 'etl_pipeline', 'transformation', 'manual__2025-03-26T13:33:39.761724+00:00', '--job-id', '49', '--raw', '--subdir', 'DAGS_FOLDER/etl_pipeline.py', '--cfg-path', '/tmp/tmpqqfncqiz']
[2025-03-26T21:36:16.701+0000] {standard_task_runner.py:91} INFO - Job 49: Subtask transformation
[2025-03-26T21:36:16.790+0000] {task_command.py:426} INFO - Running <TaskInstance: etl_pipeline.transformation manual__2025-03-26T13:33:39.761724+00:00 [running]> on host d77e0d0606fb
[2025-03-26T21:36:17.024+0000] {taskinstance.py:2648} INFO - Exporting env vars: AIRFLOW_CTX_DAG_OWNER='lobobranco' AIRFLOW_CTX_DAG_ID='etl_pipeline' AIRFLOW_CTX_TASK_ID='transformation' AIRFLOW_CTX_EXECUTION_DATE='2025-03-26T13:33:39.761724+00:00' AIRFLOW_CTX_TRY_NUMBER='41' AIRFLOW_CTX_DAG_RUN_ID='manual__2025-03-26T13:33:39.761724+00:00'
[2025-03-26T21:36:17.026+0000] {taskinstance.py:430} INFO - ::endgroup::
[2025-03-26T21:36:17.071+0000] {etl_pipeline.py:76} INFO - Transforming data from file: s3://raw/playlist_20250326_210653.json
[2025-03-26T21:36:17.072+0000] {logging_mixin.py:188} INFO - File Path: s3://raw/playlist_20250326_210653.json
[2025-03-26T21:36:17.073+0000] {logging_mixin.py:188} INFO - Processed Bucket: processed
[2025-03-26T21:36:17.074+0000] {baseoperator.py:400} WARNING - SparkSubmitOperator.execute cannot be called outside TaskInstance!
[2025-03-26T21:36:17.090+0000] {base.py:84} INFO - Using connection ID 'spark_default' for task execution.
[2025-03-26T21:36:17.091+0000] {spark_submit.py:328} ERROR - Failed to decode base64 keytab: Incorrect padding
[2025-03-26T21:36:17.092+0000] {spark_submit.py:305} INFO - Could not load connection string spark_default, defaulting to spark://spark-master:7077
[2025-03-26T21:36:17.093+0000] {spark_submit.py:474} INFO - Spark-Submit cmd: spark-submit --master spark://spark-master:7077 --conf spark.executor.memory=512m --conf spark.executor.cores=1 --conf spark.jars=/opt/spark_job/jars/aws-java-sdk-bundle-1.12.262.jar,/opt/spark_job/jars/hadoop-aws-3.3.4.jar --conf spark.hadoop.fs.s3a.endpoint=http://minio:9000 --conf spark.hadoop.fs.s3a.access.key=admin --conf spark.hadoop.fs.s3a.secret.key=****** --conf spark.hadoop.fs.s3a.impl=org.apache.hadoop.fs.s3a.S3AFileSystem --conf spark.hadoop.fs.s3a.path.style.access=true --principal *** --name arrow-spark --verbose --deploy-mode client /opt/spark_job/data_transformation.py s3://raw/playlist_20250326_210653.json processed
[2025-03-26T21:36:17.217+0000] {spark_submit.py:645} INFO - /home/***/.local/lib/python3.11/site-packages/pyspark/bin/load-spark-env.sh: line 68: ps: command not found
[2025-03-26T21:36:19.049+0000] {spark_submit.py:645} INFO - Using properties file: null
[2025-03-26T21:36:19.190+0000] {spark_submit.py:645} INFO - Parsed arguments:
[2025-03-26T21:36:19.190+0000] {spark_submit.py:645} INFO - master                  spark://spark-master:7077
[2025-03-26T21:36:19.191+0000] {spark_submit.py:645} INFO - remote                  null
[2025-03-26T21:36:19.192+0000] {spark_submit.py:645} INFO - deployMode              client
[2025-03-26T21:36:19.192+0000] {spark_submit.py:645} INFO - executorMemory          512m
[2025-03-26T21:36:19.192+0000] {spark_submit.py:645} INFO - executorCores           1
[2025-03-26T21:36:19.193+0000] {spark_submit.py:645} INFO - totalExecutorCores      null
[2025-03-26T21:36:19.193+0000] {spark_submit.py:645} INFO - propertiesFile          null
[2025-03-26T21:36:19.193+0000] {spark_submit.py:645} INFO - driverMemory            null
[2025-03-26T21:36:19.194+0000] {spark_submit.py:645} INFO - driverCores             null
[2025-03-26T21:36:19.194+0000] {spark_submit.py:645} INFO - driverExtraClassPath    null
[2025-03-26T21:36:19.195+0000] {spark_submit.py:645} INFO - driverExtraLibraryPath  null
[2025-03-26T21:36:19.195+0000] {spark_submit.py:645} INFO - driverExtraJavaOptions  null
[2025-03-26T21:36:19.196+0000] {spark_submit.py:645} INFO - supervise               false
[2025-03-26T21:36:19.197+0000] {spark_submit.py:645} INFO - queue                   null
[2025-03-26T21:36:19.197+0000] {spark_submit.py:645} INFO - numExecutors            null
[2025-03-26T21:36:19.197+0000] {spark_submit.py:645} INFO - files                   null
[2025-03-26T21:36:19.198+0000] {spark_submit.py:645} INFO - pyFiles                 null
[2025-03-26T21:36:19.198+0000] {spark_submit.py:645} INFO - archives                null
[2025-03-26T21:36:19.198+0000] {spark_submit.py:645} INFO - mainClass               null
[2025-03-26T21:36:19.199+0000] {spark_submit.py:645} INFO - primaryResource         file:/opt/spark_job/data_transformation.py
[2025-03-26T21:36:19.199+0000] {spark_submit.py:645} INFO - name                    arrow-spark
[2025-03-26T21:36:19.199+0000] {spark_submit.py:645} INFO - childArgs               [s3://raw/playlist_20250326_210653.json processed]
[2025-03-26T21:36:19.200+0000] {spark_submit.py:645} INFO - jars                    /opt/spark_job/jars/aws-java-sdk-bundle-1.12.262.jar,/opt/spark_job/jars/hadoop-aws-3.3.4.jar
[2025-03-26T21:36:19.200+0000] {spark_submit.py:645} INFO - packages                null
[2025-03-26T21:36:19.201+0000] {spark_submit.py:645} INFO - packagesExclusions      null
[2025-03-26T21:36:19.201+0000] {spark_submit.py:645} INFO - repositories            null
[2025-03-26T21:36:19.201+0000] {spark_submit.py:645} INFO - verbose                 true
[2025-03-26T21:36:19.202+0000] {spark_submit.py:645} INFO - 
[2025-03-26T21:36:19.202+0000] {spark_submit.py:645} INFO - Spark properties used, including those specified through
[2025-03-26T21:36:19.202+0000] {spark_submit.py:645} INFO - --conf and those from the properties file null:
[2025-03-26T21:36:19.202+0000] {spark_submit.py:645} INFO - (spark.executor.cores,1)
[2025-03-26T21:36:19.203+0000] {spark_submit.py:645} INFO - (spark.executor.memory,512m)
[2025-03-26T21:36:19.203+0000] {spark_submit.py:645} INFO - (spark.hadoop.fs.s3a.access.key,*********(redacted))
[2025-03-26T21:36:19.203+0000] {spark_submit.py:645} INFO - (spark.hadoop.fs.s3a.endpoint,http://minio:9000)
[2025-03-26T21:36:19.204+0000] {spark_submit.py:645} INFO - (spark.hadoop.fs.s3a.impl,org.apache.hadoop.fs.s3a.S3AFileSystem)
[2025-03-26T21:36:19.204+0000] {spark_submit.py:645} INFO - (spark.hadoop.fs.s3a.path.style.access,true)
[2025-03-26T21:36:19.204+0000] {spark_submit.py:645} INFO - (spark.hadoop.fs.s3a.secret.key,*********(redacted))
[2025-03-26T21:36:19.205+0000] {spark_submit.py:645} INFO - (spark.jars,/opt/spark_job/jars/aws-java-sdk-bundle-1.12.262.jar,/opt/spark_job/jars/hadoop-aws-3.3.4.jar)
[2025-03-26T21:36:19.205+0000] {spark_submit.py:645} INFO - 
[2025-03-26T21:36:19.205+0000] {spark_submit.py:645} INFO - 
[2025-03-26T21:36:19.546+0000] {spark_submit.py:645} INFO - 25/03/26 21:36:19 WARN NativeCodeLoader: Unable to load native-hadoop library for your platform... using builtin-java classes where applicable
[2025-03-26T21:36:19.822+0000] {spark_submit.py:645} INFO - Main class:
[2025-03-26T21:36:19.823+0000] {spark_submit.py:645} INFO - org.apache.spark.deploy.PythonRunner
[2025-03-26T21:36:19.824+0000] {spark_submit.py:645} INFO - Arguments:
[2025-03-26T21:36:19.824+0000] {spark_submit.py:645} INFO - file:/opt/spark_job/data_transformation.py
[2025-03-26T21:36:19.825+0000] {spark_submit.py:645} INFO - null
[2025-03-26T21:36:19.825+0000] {spark_submit.py:645} INFO - s3://raw/playlist_20250326_210653.json
[2025-03-26T21:36:19.826+0000] {spark_submit.py:645} INFO - processed
[2025-03-26T21:36:19.829+0000] {spark_submit.py:645} INFO - Spark config:
[2025-03-26T21:36:19.831+0000] {spark_submit.py:645} INFO - (spark.app.name,arrow-spark)
[2025-03-26T21:36:19.831+0000] {spark_submit.py:645} INFO - (spark.app.submitTime,1743024979784)
[2025-03-26T21:36:19.832+0000] {spark_submit.py:645} INFO - (spark.executor.cores,1)
[2025-03-26T21:36:19.832+0000] {spark_submit.py:645} INFO - (spark.executor.memory,512m)
[2025-03-26T21:36:19.833+0000] {spark_submit.py:645} INFO - (spark.hadoop.fs.s3a.access.key,*********(redacted))
[2025-03-26T21:36:19.833+0000] {spark_submit.py:645} INFO - (spark.hadoop.fs.s3a.endpoint,http://minio:9000)
[2025-03-26T21:36:19.833+0000] {spark_submit.py:645} INFO - (spark.hadoop.fs.s3a.impl,org.apache.hadoop.fs.s3a.S3AFileSystem)
[2025-03-26T21:36:19.834+0000] {spark_submit.py:645} INFO - (spark.hadoop.fs.s3a.path.style.access,true)
[2025-03-26T21:36:19.834+0000] {spark_submit.py:645} INFO - (spark.hadoop.fs.s3a.secret.key,*********(redacted))
[2025-03-26T21:36:19.834+0000] {spark_submit.py:645} INFO - (spark.jars,file:///opt/spark_job/jars/aws-java-sdk-bundle-1.12.262.jar,file:///opt/spark_job/jars/hadoop-aws-3.3.4.jar)
[2025-03-26T21:36:19.835+0000] {spark_submit.py:645} INFO - (spark.kerberos.principal,***)
[2025-03-26T21:36:19.835+0000] {spark_submit.py:645} INFO - (spark.master,spark://spark-master:7077)
[2025-03-26T21:36:19.836+0000] {spark_submit.py:645} INFO - (spark.repl.local.jars,file:///opt/spark_job/jars/aws-java-sdk-bundle-1.12.262.jar,file:///opt/spark_job/jars/hadoop-aws-3.3.4.jar)
[2025-03-26T21:36:19.836+0000] {spark_submit.py:645} INFO - (spark.submit.deployMode,client)
[2025-03-26T21:36:19.836+0000] {spark_submit.py:645} INFO - (spark.submit.pyFiles,)
[2025-03-26T21:36:19.837+0000] {spark_submit.py:645} INFO - Classpath elements:
[2025-03-26T21:36:19.837+0000] {spark_submit.py:645} INFO - file:///opt/spark_job/jars/aws-java-sdk-bundle-1.12.262.jar
[2025-03-26T21:36:19.838+0000] {spark_submit.py:645} INFO - file:///opt/spark_job/jars/hadoop-aws-3.3.4.jar
[2025-03-26T21:36:19.838+0000] {spark_submit.py:645} INFO - 
[2025-03-26T21:36:19.838+0000] {spark_submit.py:645} INFO - 
[2025-03-26T21:36:21.228+0000] {spark_submit.py:645} INFO - 2025-03-26 21:36:21,228 - INFO - Iniciando a configuração da Spark Session
[2025-03-26T21:36:21.915+0000] {spark_submit.py:645} INFO - 25/03/26 21:36:21 INFO SparkContext: Running Spark version 3.5.5
[2025-03-26T21:36:21.916+0000] {spark_submit.py:645} INFO - 25/03/26 21:36:21 INFO SparkContext: OS info Linux, 5.15.153.1-microsoft-standard-WSL2, amd64
[2025-03-26T21:36:21.916+0000] {spark_submit.py:645} INFO - 25/03/26 21:36:21 INFO SparkContext: Java version 17.0.14
[2025-03-26T21:36:21.946+0000] {spark_submit.py:645} INFO - 25/03/26 21:36:21 INFO ResourceUtils: ==============================================================
[2025-03-26T21:36:21.946+0000] {spark_submit.py:645} INFO - 25/03/26 21:36:21 INFO ResourceUtils: No custom resources configured for spark.driver.
[2025-03-26T21:36:21.947+0000] {spark_submit.py:645} INFO - 25/03/26 21:36:21 INFO ResourceUtils: ==============================================================
[2025-03-26T21:36:21.948+0000] {spark_submit.py:645} INFO - 25/03/26 21:36:21 INFO SparkContext: Submitted application: Minio Integration with PySpark
[2025-03-26T21:36:21.971+0000] {spark_submit.py:645} INFO - 25/03/26 21:36:21 INFO ResourceProfile: Default ResourceProfile created, executor resources: Map(cores -> name: cores, amount: 1, script: , vendor: , memory -> name: memory, amount: 512, script: , vendor: , offHeap -> name: offHeap, amount: 0, script: , vendor: ), task resources: Map(cpus -> name: cpus, amount: 1.0)
[2025-03-26T21:36:21.985+0000] {spark_submit.py:645} INFO - 25/03/26 21:36:21 INFO ResourceProfile: Limiting resource is cpus at 1 tasks per executor
[2025-03-26T21:36:21.988+0000] {spark_submit.py:645} INFO - 25/03/26 21:36:21 INFO ResourceProfileManager: Added ResourceProfile id: 0
[2025-03-26T21:36:22.041+0000] {spark_submit.py:645} INFO - 25/03/26 21:36:22 INFO SecurityManager: Changing view acls to: ***
[2025-03-26T21:36:22.042+0000] {spark_submit.py:645} INFO - 25/03/26 21:36:22 INFO SecurityManager: Changing modify acls to: ***
[2025-03-26T21:36:22.043+0000] {spark_submit.py:645} INFO - 25/03/26 21:36:22 INFO SecurityManager: Changing view acls groups to:
[2025-03-26T21:36:22.043+0000] {spark_submit.py:645} INFO - 25/03/26 21:36:22 INFO SecurityManager: Changing modify acls groups to:
[2025-03-26T21:36:22.043+0000] {spark_submit.py:645} INFO - 25/03/26 21:36:22 INFO SecurityManager: SecurityManager: authentication disabled; ui acls disabled; users with view permissions: ***; groups with view permissions: EMPTY; users with modify permissions: ***; groups with modify permissions: EMPTY
[2025-03-26T21:36:22.299+0000] {spark_submit.py:645} INFO - 25/03/26 21:36:22 INFO Utils: Successfully started service 'sparkDriver' on port 36291.
[2025-03-26T21:36:22.326+0000] {spark_submit.py:645} INFO - 25/03/26 21:36:22 INFO SparkEnv: Registering MapOutputTracker
[2025-03-26T21:36:22.363+0000] {spark_submit.py:645} INFO - 25/03/26 21:36:22 INFO SparkEnv: Registering BlockManagerMaster
[2025-03-26T21:36:22.382+0000] {spark_submit.py:645} INFO - 25/03/26 21:36:22 INFO BlockManagerMasterEndpoint: Using org.apache.spark.storage.DefaultTopologyMapper for getting topology information
[2025-03-26T21:36:22.383+0000] {spark_submit.py:645} INFO - 25/03/26 21:36:22 INFO BlockManagerMasterEndpoint: BlockManagerMasterEndpoint up
[2025-03-26T21:36:22.388+0000] {spark_submit.py:645} INFO - 25/03/26 21:36:22 INFO SparkEnv: Registering BlockManagerMasterHeartbeat
[2025-03-26T21:36:22.409+0000] {spark_submit.py:645} INFO - 25/03/26 21:36:22 INFO DiskBlockManager: Created local directory at /tmp/blockmgr-2c1d427e-9f1d-4763-9c0a-1198ca74d892
[2025-03-26T21:36:22.423+0000] {spark_submit.py:645} INFO - 25/03/26 21:36:22 INFO MemoryStore: MemoryStore started with capacity 434.4 MiB
[2025-03-26T21:36:22.437+0000] {spark_submit.py:645} INFO - 25/03/26 21:36:22 INFO SparkEnv: Registering OutputCommitCoordinator
[2025-03-26T21:36:22.554+0000] {spark_submit.py:645} INFO - 25/03/26 21:36:22 INFO JettyUtils: Start Jetty 0.0.0.0:4040 for SparkUI
[2025-03-26T21:36:22.626+0000] {spark_submit.py:645} INFO - 25/03/26 21:36:22 INFO Utils: Successfully started service 'SparkUI' on port 4040.
[2025-03-26T21:36:22.668+0000] {spark_submit.py:645} INFO - 25/03/26 21:36:22 INFO SparkContext: Added JAR file:///opt/spark_job/jars/aws-java-sdk-bundle-1.12.262.jar at spark://d77e0d0606fb:36291/jars/aws-java-sdk-bundle-1.12.262.jar with timestamp 1743024981906
[2025-03-26T21:36:22.669+0000] {spark_submit.py:645} INFO - 25/03/26 21:36:22 INFO SparkContext: Added JAR file:///opt/spark_job/jars/hadoop-aws-3.3.4.jar at spark://d77e0d0606fb:36291/jars/hadoop-aws-3.3.4.jar with timestamp 1743024981906
[2025-03-26T21:36:22.769+0000] {spark_submit.py:645} INFO - 25/03/26 21:36:22 INFO StandaloneAppClient$ClientEndpoint: Connecting to master spark://spark-master:7077...
[2025-03-26T21:36:22.827+0000] {spark_submit.py:645} INFO - 25/03/26 21:36:22 INFO TransportClientFactory: Successfully created connection to spark-master/172.18.0.5:7077 after 37 ms (0 ms spent in bootstraps)
[2025-03-26T21:36:22.955+0000] {spark_submit.py:645} INFO - 25/03/26 21:36:22 INFO StandaloneSchedulerBackend: Connected to Spark cluster with app ID app-20250326213622-0002
[2025-03-26T21:36:22.962+0000] {spark_submit.py:645} INFO - 25/03/26 21:36:22 INFO StandaloneAppClient$ClientEndpoint: Executor added: app-20250326213622-0002/0 on worker-20250326210238-172.18.0.3-34983 (172.18.0.3:34983) with 1 core(s)
[2025-03-26T21:36:22.965+0000] {spark_submit.py:645} INFO - 25/03/26 21:36:22 INFO StandaloneSchedulerBackend: Granted executor ID app-20250326213622-0002/0 on hostPort 172.18.0.3:34983 with 1 core(s), 512.0 MiB RAM
[2025-03-26T21:36:22.967+0000] {spark_submit.py:645} INFO - 25/03/26 21:36:22 INFO StandaloneAppClient$ClientEndpoint: Executor added: app-20250326213622-0002/1 on worker-20250326210238-172.18.0.3-34983 (172.18.0.3:34983) with 1 core(s)
[2025-03-26T21:36:22.967+0000] {spark_submit.py:645} INFO - 25/03/26 21:36:22 INFO StandaloneSchedulerBackend: Granted executor ID app-20250326213622-0002/1 on hostPort 172.18.0.3:34983 with 1 core(s), 512.0 MiB RAM
[2025-03-26T21:36:22.970+0000] {spark_submit.py:645} INFO - 25/03/26 21:36:22 INFO StandaloneAppClient$ClientEndpoint: Executor added: app-20250326213622-0002/2 on worker-20250326210238-172.18.0.4-46125 (172.18.0.4:46125) with 1 core(s)
[2025-03-26T21:36:22.971+0000] {spark_submit.py:645} INFO - 25/03/26 21:36:22 INFO StandaloneSchedulerBackend: Granted executor ID app-20250326213622-0002/2 on hostPort 172.18.0.4:46125 with 1 core(s), 512.0 MiB RAM
[2025-03-26T21:36:22.971+0000] {spark_submit.py:645} INFO - 25/03/26 21:36:22 INFO StandaloneAppClient$ClientEndpoint: Executor added: app-20250326213622-0002/3 on worker-20250326210238-172.18.0.4-46125 (172.18.0.4:46125) with 1 core(s)
[2025-03-26T21:36:22.971+0000] {spark_submit.py:645} INFO - 25/03/26 21:36:22 INFO Utils: Successfully started service 'org.apache.spark.network.netty.NettyBlockTransferService' on port 33151.
[2025-03-26T21:36:22.972+0000] {spark_submit.py:645} INFO - 25/03/26 21:36:22 INFO NettyBlockTransferService: Server created on d77e0d0606fb:33151
[2025-03-26T21:36:22.975+0000] {spark_submit.py:645} INFO - 25/03/26 21:36:22 INFO BlockManager: Using org.apache.spark.storage.RandomBlockReplicationPolicy for block replication policy
[2025-03-26T21:36:22.977+0000] {spark_submit.py:645} INFO - 25/03/26 21:36:22 INFO StandaloneSchedulerBackend: Granted executor ID app-20250326213622-0002/3 on hostPort 172.18.0.4:46125 with 1 core(s), 512.0 MiB RAM
[2025-03-26T21:36:22.997+0000] {spark_submit.py:645} INFO - 25/03/26 21:36:22 INFO BlockManagerMaster: Registering BlockManager BlockManagerId(driver, d77e0d0606fb, 33151, None)
[2025-03-26T21:36:23.021+0000] {spark_submit.py:645} INFO - 25/03/26 21:36:23 INFO BlockManagerMasterEndpoint: Registering block manager d77e0d0606fb:33151 with 434.4 MiB RAM, BlockManagerId(driver, d77e0d0606fb, 33151, None)
[2025-03-26T21:36:23.032+0000] {spark_submit.py:645} INFO - 25/03/26 21:36:23 INFO BlockManagerMaster: Registered BlockManager BlockManagerId(driver, d77e0d0606fb, 33151, None)
[2025-03-26T21:36:23.079+0000] {spark_submit.py:645} INFO - 25/03/26 21:36:23 INFO BlockManager: Initialized BlockManager: BlockManagerId(driver, d77e0d0606fb, 33151, None)
[2025-03-26T21:36:23.110+0000] {spark_submit.py:645} INFO - 25/03/26 21:36:23 INFO StandaloneAppClient$ClientEndpoint: Executor updated: app-20250326213622-0002/2 is now RUNNING
[2025-03-26T21:36:23.145+0000] {spark_submit.py:645} INFO - 25/03/26 21:36:23 INFO StandaloneAppClient$ClientEndpoint: Executor updated: app-20250326213622-0002/0 is now RUNNING
[2025-03-26T21:36:23.179+0000] {spark_submit.py:645} INFO - 25/03/26 21:36:23 INFO StandaloneAppClient$ClientEndpoint: Executor updated: app-20250326213622-0002/3 is now RUNNING
[2025-03-26T21:36:23.184+0000] {spark_submit.py:645} INFO - 25/03/26 21:36:23 INFO StandaloneAppClient$ClientEndpoint: Executor updated: app-20250326213622-0002/1 is now RUNNING
[2025-03-26T21:36:23.685+0000] {spark_submit.py:645} INFO - 25/03/26 21:36:23 INFO StandaloneSchedulerBackend: SchedulerBackend is ready for scheduling beginning after reached minRegisteredResourcesRatio: 0.0
[2025-03-26T21:36:24.161+0000] {spark_submit.py:645} INFO - 2025-03-26 21:36:24,161 - INFO - Spark Session criada com sucesso
[2025-03-26T21:36:24.259+0000] {spark_submit.py:645} INFO - 25/03/26 21:36:24 INFO SharedState: Setting hive.metastore.warehouse.dir ('null') to the value of spark.sql.warehouse.dir.
[2025-03-26T21:36:24.262+0000] {spark_submit.py:645} INFO - 25/03/26 21:36:24 INFO SharedState: Warehouse path is 'file:/opt/spark-warehouse'.
[2025-03-26T21:36:26.659+0000] {spark_submit.py:645} INFO - 25/03/26 21:36:26 WARN MetricsConfig: Cannot locate configuration: tried hadoop-metrics2-s3a-file-system.properties,hadoop-metrics2.properties
[2025-03-26T21:36:26.723+0000] {spark_submit.py:645} INFO - 25/03/26 21:36:26 INFO MetricsSystemImpl: Scheduled Metric snapshot period at 10 second(s).
[2025-03-26T21:36:26.724+0000] {spark_submit.py:645} INFO - 25/03/26 21:36:26 INFO MetricsSystemImpl: s3a-file-system metrics system started
[2025-03-26T21:36:31.587+0000] {spark_submit.py:645} INFO - 25/03/26 21:36:31 INFO InMemoryFileIndex: It took 209 ms to list leaf files for 1 paths.
[2025-03-26T21:36:32.070+0000] {spark_submit.py:645} INFO - 25/03/26 21:36:32 INFO MemoryStore: Block broadcast_0 stored as values in memory (estimated size 209.2 KiB, free 434.2 MiB)
[2025-03-26T21:36:32.322+0000] {spark_submit.py:645} INFO - 25/03/26 21:36:32 INFO MemoryStore: Block broadcast_0_piece0 stored as bytes in memory (estimated size 35.4 KiB, free 434.2 MiB)
[2025-03-26T21:36:32.335+0000] {spark_submit.py:645} INFO - 25/03/26 21:36:32 INFO BlockManagerInfo: Added broadcast_0_piece0 in memory on d77e0d0606fb:33151 (size: 35.4 KiB, free: 434.4 MiB)
[2025-03-26T21:36:32.353+0000] {spark_submit.py:645} INFO - 25/03/26 21:36:32 INFO SparkContext: Created broadcast 0 from json at NativeMethodAccessorImpl.java:0
[2025-03-26T21:36:33.155+0000] {spark_submit.py:645} INFO - 25/03/26 21:36:33 INFO FileInputFormat: Total input files to process : 1
[2025-03-26T21:36:33.194+0000] {spark_submit.py:645} INFO - 25/03/26 21:36:33 INFO FileInputFormat: Total input files to process : 1
[2025-03-26T21:36:33.247+0000] {spark_submit.py:645} INFO - 25/03/26 21:36:33 INFO SparkContext: Starting job: json at NativeMethodAccessorImpl.java:0
[2025-03-26T21:36:33.383+0000] {spark_submit.py:645} INFO - 25/03/26 21:36:33 INFO DAGScheduler: Got job 0 (json at NativeMethodAccessorImpl.java:0) with 1 output partitions
[2025-03-26T21:36:33.384+0000] {spark_submit.py:645} INFO - 25/03/26 21:36:33 INFO DAGScheduler: Final stage: ResultStage 0 (json at NativeMethodAccessorImpl.java:0)
[2025-03-26T21:36:33.385+0000] {spark_submit.py:645} INFO - 25/03/26 21:36:33 INFO DAGScheduler: Parents of final stage: List()
[2025-03-26T21:36:33.414+0000] {spark_submit.py:645} INFO - 25/03/26 21:36:33 INFO DAGScheduler: Missing parents: List()
[2025-03-26T21:36:33.447+0000] {spark_submit.py:645} INFO - 25/03/26 21:36:33 INFO DAGScheduler: Submitting ResultStage 0 (MapPartitionsRDD[2] at json at NativeMethodAccessorImpl.java:0), which has no missing parents
[2025-03-26T21:36:33.547+0000] {spark_submit.py:645} INFO - 25/03/26 21:36:33 INFO MemoryStore: Block broadcast_1 stored as values in memory (estimated size 9.3 KiB, free 434.2 MiB)
[2025-03-26T21:36:33.608+0000] {spark_submit.py:645} INFO - 25/03/26 21:36:33 INFO MemoryStore: Block broadcast_1_piece0 stored as bytes in memory (estimated size 5.0 KiB, free 434.1 MiB)
[2025-03-26T21:36:33.608+0000] {spark_submit.py:645} INFO - 25/03/26 21:36:33 INFO BlockManagerInfo: Added broadcast_1_piece0 in memory on d77e0d0606fb:33151 (size: 5.0 KiB, free: 434.4 MiB)
[2025-03-26T21:36:33.609+0000] {spark_submit.py:645} INFO - 25/03/26 21:36:33 INFO SparkContext: Created broadcast 1 from broadcast at DAGScheduler.scala:1585
[2025-03-26T21:36:33.723+0000] {spark_submit.py:645} INFO - 25/03/26 21:36:33 INFO DAGScheduler: Submitting 1 missing tasks from ResultStage 0 (MapPartitionsRDD[2] at json at NativeMethodAccessorImpl.java:0) (first 15 tasks are for partitions Vector(0))
[2025-03-26T21:36:33.731+0000] {spark_submit.py:645} INFO - 25/03/26 21:36:33 INFO TaskSchedulerImpl: Adding task set 0.0 with 1 tasks resource profile 0
[2025-03-26T21:36:34.581+0000] {spark_submit.py:645} INFO - 25/03/26 21:36:34 INFO StandaloneSchedulerBackend$StandaloneDriverEndpoint: Registered executor NettyRpcEndpointRef(spark-client://Executor) (172.18.0.4:55902) with ID 3,  ResourceProfileId 0
[2025-03-26T21:36:34.655+0000] {spark_submit.py:645} INFO - 25/03/26 21:36:34 INFO StandaloneSchedulerBackend$StandaloneDriverEndpoint: Registered executor NettyRpcEndpointRef(spark-client://Executor) (172.18.0.3:44892) with ID 0,  ResourceProfileId 0
[2025-03-26T21:36:34.709+0000] {spark_submit.py:645} INFO - 25/03/26 21:36:34 INFO StandaloneSchedulerBackend$StandaloneDriverEndpoint: Registered executor NettyRpcEndpointRef(spark-client://Executor) (172.18.0.4:55914) with ID 2,  ResourceProfileId 0
[2025-03-26T21:36:34.724+0000] {spark_submit.py:645} INFO - 25/03/26 21:36:34 INFO StandaloneSchedulerBackend$StandaloneDriverEndpoint: Registered executor NettyRpcEndpointRef(spark-client://Executor) (172.18.0.3:44904) with ID 1,  ResourceProfileId 0
[2025-03-26T21:36:34.929+0000] {spark_submit.py:645} INFO - 25/03/26 21:36:34 INFO BlockManagerMasterEndpoint: Registering block manager 172.18.0.4:41303 with 127.2 MiB RAM, BlockManagerId(3, 172.18.0.4, 41303, None)
[2025-03-26T21:36:35.051+0000] {spark_submit.py:645} INFO - 25/03/26 21:36:35 INFO BlockManagerMasterEndpoint: Registering block manager 172.18.0.3:34899 with 127.2 MiB RAM, BlockManagerId(0, 172.18.0.3, 34899, None)
[2025-03-26T21:36:35.110+0000] {spark_submit.py:645} INFO - 25/03/26 21:36:35 INFO BlockManagerMasterEndpoint: Registering block manager 172.18.0.3:43553 with 127.2 MiB RAM, BlockManagerId(1, 172.18.0.3, 43553, None)
[2025-03-26T21:36:35.134+0000] {spark_submit.py:645} INFO - 25/03/26 21:36:35 INFO BlockManagerMasterEndpoint: Registering block manager 172.18.0.4:40021 with 127.2 MiB RAM, BlockManagerId(2, 172.18.0.4, 40021, None)
[2025-03-26T21:37:02.977+0000] {spark_submit.py:645} INFO - 25/03/26 21:37:02 INFO AsyncEventQueue: Process of event SparkListenerExecutorMetricsUpdate(1,WrappedArray(),Map()) by listener AppStatusListener took 1.497393383s.
[2025-03-26T21:39:28.996+0000] {local_task_job_runner.py:310} WARNING - State of this instance has been externally set to queued. Terminating instance.
[2025-03-26T21:39:52.361+0000] {local_task_job_runner.py:222} INFO - ::endgroup::
[2025-03-26T21:39:52.365+0000] {process_utils.py:132} INFO - Sending 15 to group 863. PIDs of all processes in the group: [864, 918, 863]
[2025-03-26T21:39:54.417+0000] {process_utils.py:87} INFO - Sending the signal 15 to group 863
[2025-03-26T21:39:54.610+0000] {taskinstance.py:2611} ERROR - Received SIGTERM. Terminating subprocesses.
[2025-03-26T21:39:54.612+0000] {taskinstance.py:441} INFO - ::group::Post task execution logs
[2025-03-26T21:39:54.967+0000] {process_utils.py:80} INFO - Process psutil.Process(pid=918, status='terminated', started='21:36:19') (918) terminated with exit code None
[2025-03-26T21:39:54.628+0000] {taskinstance.py:2905} ERROR - Task failed with exception
Traceback (most recent call last):
  File "/home/airflow/.local/lib/python3.11/site-packages/airflow/models/taskinstance.py", line 465, in _execute_task
    result = _execute_callable(context=context, **execute_callable_kwargs)
             ^^^^^^^^^^^^^^^^^^^^^^^^^^^^^^^^^^^^^^^^^^^^^^^^^^^^^^^^^^^^^
  File "/home/airflow/.local/lib/python3.11/site-packages/airflow/models/taskinstance.py", line 432, in _execute_callable
    return execute_callable(context=context, **execute_callable_kwargs)
           ^^^^^^^^^^^^^^^^^^^^^^^^^^^^^^^^^^^^^^^^^^^^^^^^^^^^^^^^^^^^
  File "/home/airflow/.local/lib/python3.11/site-packages/airflow/models/baseoperator.py", line 401, in wrapper
    return func(self, *args, **kwargs)
           ^^^^^^^^^^^^^^^^^^^^^^^^^^^
  File "/home/airflow/.local/lib/python3.11/site-packages/airflow/operators/python.py", line 235, in execute
    return_value = self.execute_callable()
                   ^^^^^^^^^^^^^^^^^^^^^^^
  File "/home/airflow/.local/lib/python3.11/site-packages/airflow/operators/python.py", line 252, in execute_callable
    return self.python_callable(*self.op_args, **self.op_kwargs)
           ^^^^^^^^^^^^^^^^^^^^^^^^^^^^^^^^^^^^^^^^^^^^^^^^^^^^^
  File "/opt/airflow/dags/etl_pipeline.py", line 97, in spark_dtransformation
    ).execute(kwargs)
      ^^^^^^^^^^^^^^^
  File "/home/airflow/.local/lib/python3.11/site-packages/airflow/models/baseoperator.py", line 401, in wrapper
    return func(self, *args, **kwargs)
           ^^^^^^^^^^^^^^^^^^^^^^^^^^^
  File "/home/airflow/.local/lib/python3.11/site-packages/airflow/providers/apache/spark/operators/spark_submit.py", line 177, in execute
    self._hook.submit(self.application)
  File "/home/airflow/.local/lib/python3.11/site-packages/airflow/providers/apache/spark/hooks/spark_submit.py", line 555, in submit
    self._process_spark_submit_log(iter(self._submit_sp.stdout))  # type: ignore
    ^^^^^^^^^^^^^^^^^^^^^^^^^^^^^^^^^^^^^^^^^^^^^^^^^^^^^^^^^^^^
  File "/home/airflow/.local/lib/python3.11/site-packages/airflow/providers/apache/spark/hooks/spark_submit.py", line 604, in _process_spark_submit_log
    for line in itr:
  File "/home/airflow/.local/lib/python3.11/site-packages/airflow/models/taskinstance.py", line 2613, in signal_handler
    raise AirflowTaskTerminated("Task received SIGTERM signal")
airflow.exceptions.AirflowTaskTerminated: Task received SIGTERM signal
[2025-03-26T21:39:58.802+0000] {taskinstance.py:1206} INFO - Marking task as FAILED. dag_id=etl_pipeline, task_id=transformation, run_id=manual__2025-03-26T13:33:39.761724+00:00, execution_date=20250326T133339, start_date=20250326T213616, end_date=20250326T213958
[2025-03-26T21:40:09.568+0000] {process_utils.py:80} INFO - Process psutil.Process(pid=863, status='terminated', exitcode=2, started='21:36:16') (863) terminated with exit code 2
[2025-03-26T21:40:10.001+0000] {process_utils.py:80} INFO - Process psutil.Process(pid=864, status='terminated', started='21:36:16') (864) terminated with exit code None
