[2025-03-26T13:45:49.509+0000] {local_task_job_runner.py:120} INFO - ::group::Pre task execution logs
[2025-03-26T13:45:49.543+0000] {taskinstance.py:2076} INFO - Dependencies all met for dep_context=non-requeueable deps ti=<TaskInstance: etl_pipeline.transformation manual__2025-03-26T13:33:39.761724+00:00 [queued]>
[2025-03-26T13:45:49.552+0000] {taskinstance.py:2076} INFO - Dependencies all met for dep_context=requeueable deps ti=<TaskInstance: etl_pipeline.transformation manual__2025-03-26T13:33:39.761724+00:00 [queued]>
[2025-03-26T13:45:49.553+0000] {taskinstance.py:2306} INFO - Starting attempt 5 of 6
[2025-03-26T13:45:49.605+0000] {taskinstance.py:2330} INFO - Executing <Task(PythonOperator): transformation> on 2025-03-26 13:33:39.761724+00:00
[2025-03-26T13:45:49.613+0000] {standard_task_runner.py:63} INFO - Started process 937 to run task
[2025-03-26T13:45:49.616+0000] {standard_task_runner.py:90} INFO - Running: ['***', 'tasks', 'run', 'etl_pipeline', 'transformation', 'manual__2025-03-26T13:33:39.761724+00:00', '--job-id', '8', '--raw', '--subdir', 'DAGS_FOLDER/etl_pipeline.py', '--cfg-path', '/tmp/tmpa3gad339']
[2025-03-26T13:45:49.618+0000] {standard_task_runner.py:91} INFO - Job 8: Subtask transformation
[2025-03-26T13:45:49.699+0000] {task_command.py:426} INFO - Running <TaskInstance: etl_pipeline.transformation manual__2025-03-26T13:33:39.761724+00:00 [running]> on host 9d8a997eda77
[2025-03-26T13:45:49.825+0000] {taskinstance.py:2648} INFO - Exporting env vars: AIRFLOW_CTX_DAG_OWNER='lobobranco' AIRFLOW_CTX_DAG_ID='etl_pipeline' AIRFLOW_CTX_TASK_ID='transformation' AIRFLOW_CTX_EXECUTION_DATE='2025-03-26T13:33:39.761724+00:00' AIRFLOW_CTX_TRY_NUMBER='5' AIRFLOW_CTX_DAG_RUN_ID='manual__2025-03-26T13:33:39.761724+00:00'
[2025-03-26T13:45:49.827+0000] {taskinstance.py:430} INFO - ::endgroup::
[2025-03-26T13:45:49.882+0000] {etl_pipeline.py:76} INFO - Transforming data from file: s3://raw/playlist_20250326_133348.json
[2025-03-26T13:45:49.887+0000] {baseoperator.py:400} WARNING - SparkSubmitOperator.execute cannot be called outside TaskInstance!
[2025-03-26T13:45:49.907+0000] {base.py:84} INFO - Using connection ID 'spark_default' for task execution.
[2025-03-26T13:45:49.918+0000] {spark_submit.py:328} ERROR - Failed to decode base64 keytab: Incorrect padding
[2025-03-26T13:45:49.919+0000] {spark_submit.py:305} INFO - Could not load connection string spark_default, defaulting to spark://spark-master:7077
[2025-03-26T13:45:49.921+0000] {spark_submit.py:474} INFO - Spark-Submit cmd: spark-submit --master spark://spark-master:7077 --conf spark.master=spark://spark-master:7077 --conf spark.executor.memory=2g --conf spark.executor.cores=2 --conf spark.jars=/opt/spark_job/aws-java-sdk-bundle-1.12.262.jar,/opt/spark_job/jars/hadoop-aws-3.3.4.jar --conf spark.hadoop.fs.s3a.endpoint=http://minio:9000 --conf spark.hadoop.fs.s3a.access.key=admin --conf spark.hadoop.fs.s3a.secret.key=****** --conf spark.hadoop.fs.s3a.impl=org.apache.hadoop.fs.s3a.S3AFileSystem --conf spark.hadoop.fs.s3a.path.style.access=true --principal *** --name arrow-spark --verbose --deploy-mode client /spark_job/data_transformation.py s3://raw/playlist_20250326_133348.json
[2025-03-26T13:45:50.078+0000] {spark_submit.py:645} INFO - /home/***/.local/lib/python3.11/site-packages/pyspark/bin/load-spark-env.sh: line 68: ps: command not found
[2025-03-26T13:45:51.729+0000] {spark_submit.py:645} INFO - Using properties file: null
[2025-03-26T13:45:51.871+0000] {spark_submit.py:645} INFO - Parsed arguments:
[2025-03-26T13:45:51.872+0000] {spark_submit.py:645} INFO - master                  spark://spark-master:7077
[2025-03-26T13:45:51.872+0000] {spark_submit.py:645} INFO - remote                  null
[2025-03-26T13:45:51.873+0000] {spark_submit.py:645} INFO - deployMode              client
[2025-03-26T13:45:51.873+0000] {spark_submit.py:645} INFO - executorMemory          2g
[2025-03-26T13:45:51.874+0000] {spark_submit.py:645} INFO - executorCores           2
[2025-03-26T13:45:51.874+0000] {spark_submit.py:645} INFO - totalExecutorCores      null
[2025-03-26T13:45:51.875+0000] {spark_submit.py:645} INFO - propertiesFile          null
[2025-03-26T13:45:51.875+0000] {spark_submit.py:645} INFO - driverMemory            null
[2025-03-26T13:45:51.876+0000] {spark_submit.py:645} INFO - driverCores             null
[2025-03-26T13:45:51.876+0000] {spark_submit.py:645} INFO - driverExtraClassPath    null
[2025-03-26T13:45:51.877+0000] {spark_submit.py:645} INFO - driverExtraLibraryPath  null
[2025-03-26T13:45:51.877+0000] {spark_submit.py:645} INFO - driverExtraJavaOptions  null
[2025-03-26T13:45:51.878+0000] {spark_submit.py:645} INFO - supervise               false
[2025-03-26T13:45:51.879+0000] {spark_submit.py:645} INFO - queue                   null
[2025-03-26T13:45:51.879+0000] {spark_submit.py:645} INFO - numExecutors            null
[2025-03-26T13:45:51.880+0000] {spark_submit.py:645} INFO - files                   null
[2025-03-26T13:45:51.881+0000] {spark_submit.py:645} INFO - pyFiles                 null
[2025-03-26T13:45:51.881+0000] {spark_submit.py:645} INFO - archives                null
[2025-03-26T13:45:51.881+0000] {spark_submit.py:645} INFO - mainClass               null
[2025-03-26T13:45:51.882+0000] {spark_submit.py:645} INFO - primaryResource         file:/spark_job/data_transformation.py
[2025-03-26T13:45:51.882+0000] {spark_submit.py:645} INFO - name                    arrow-spark
[2025-03-26T13:45:51.883+0000] {spark_submit.py:645} INFO - childArgs               [s3://raw/playlist_20250326_133348.json]
[2025-03-26T13:45:51.883+0000] {spark_submit.py:645} INFO - jars                    /opt/spark_job/aws-java-sdk-bundle-1.12.262.jar,/opt/spark_job/jars/hadoop-aws-3.3.4.jar
[2025-03-26T13:45:51.884+0000] {spark_submit.py:645} INFO - packages                null
[2025-03-26T13:45:51.885+0000] {spark_submit.py:645} INFO - packagesExclusions      null
[2025-03-26T13:45:51.885+0000] {spark_submit.py:645} INFO - repositories            null
[2025-03-26T13:45:51.886+0000] {spark_submit.py:645} INFO - verbose                 true
[2025-03-26T13:45:51.886+0000] {spark_submit.py:645} INFO - 
[2025-03-26T13:45:51.886+0000] {spark_submit.py:645} INFO - Spark properties used, including those specified through
[2025-03-26T13:45:51.887+0000] {spark_submit.py:645} INFO - --conf and those from the properties file null:
[2025-03-26T13:45:51.888+0000] {spark_submit.py:645} INFO - (spark.executor.cores,2)
[2025-03-26T13:45:51.888+0000] {spark_submit.py:645} INFO - (spark.executor.memory,2g)
[2025-03-26T13:45:51.889+0000] {spark_submit.py:645} INFO - (spark.hadoop.fs.s3a.access.key,*********(redacted))
[2025-03-26T13:45:51.889+0000] {spark_submit.py:645} INFO - (spark.hadoop.fs.s3a.endpoint,http://minio:9000)
[2025-03-26T13:45:51.890+0000] {spark_submit.py:645} INFO - (spark.hadoop.fs.s3a.impl,org.apache.hadoop.fs.s3a.S3AFileSystem)
[2025-03-26T13:45:51.891+0000] {spark_submit.py:645} INFO - (spark.hadoop.fs.s3a.path.style.access,true)
[2025-03-26T13:45:51.891+0000] {spark_submit.py:645} INFO - (spark.hadoop.fs.s3a.secret.key,*********(redacted))
[2025-03-26T13:45:51.892+0000] {spark_submit.py:645} INFO - (spark.jars,/opt/spark_job/aws-java-sdk-bundle-1.12.262.jar,/opt/spark_job/jars/hadoop-aws-3.3.4.jar)
[2025-03-26T13:45:51.892+0000] {spark_submit.py:645} INFO - (spark.master,spark://spark-master:7077)
[2025-03-26T13:45:51.893+0000] {spark_submit.py:645} INFO - 
[2025-03-26T13:45:51.893+0000] {spark_submit.py:645} INFO - 
[2025-03-26T13:45:52.226+0000] {spark_submit.py:645} INFO - 25/03/26 13:45:52 WARN NativeCodeLoader: Unable to load native-hadoop library for your platform... using builtin-java classes where applicable
[2025-03-26T13:45:52.636+0000] {spark_submit.py:645} INFO - Main class:
[2025-03-26T13:45:52.637+0000] {spark_submit.py:645} INFO - org.apache.spark.deploy.PythonRunner
[2025-03-26T13:45:52.637+0000] {spark_submit.py:645} INFO - Arguments:
[2025-03-26T13:45:52.637+0000] {spark_submit.py:645} INFO - file:/spark_job/data_transformation.py
[2025-03-26T13:45:52.638+0000] {spark_submit.py:645} INFO - null
[2025-03-26T13:45:52.638+0000] {spark_submit.py:645} INFO - s3://raw/playlist_20250326_133348.json
[2025-03-26T13:45:52.639+0000] {spark_submit.py:645} INFO - Spark config:
[2025-03-26T13:45:52.639+0000] {spark_submit.py:645} INFO - (spark.app.name,arrow-spark)
[2025-03-26T13:45:52.639+0000] {spark_submit.py:645} INFO - (spark.app.submitTime,1742996752617)
[2025-03-26T13:45:52.640+0000] {spark_submit.py:645} INFO - (spark.executor.cores,2)
[2025-03-26T13:45:52.640+0000] {spark_submit.py:645} INFO - (spark.executor.memory,2g)
[2025-03-26T13:45:52.640+0000] {spark_submit.py:645} INFO - (spark.hadoop.fs.s3a.access.key,*********(redacted))
[2025-03-26T13:45:52.641+0000] {spark_submit.py:645} INFO - (spark.hadoop.fs.s3a.endpoint,http://minio:9000)
[2025-03-26T13:45:52.641+0000] {spark_submit.py:645} INFO - (spark.hadoop.fs.s3a.impl,org.apache.hadoop.fs.s3a.S3AFileSystem)
[2025-03-26T13:45:52.641+0000] {spark_submit.py:645} INFO - (spark.hadoop.fs.s3a.path.style.access,true)
[2025-03-26T13:45:52.641+0000] {spark_submit.py:645} INFO - (spark.hadoop.fs.s3a.secret.key,*********(redacted))
[2025-03-26T13:45:52.642+0000] {spark_submit.py:645} INFO - (spark.jars,file:/opt/spark_job/aws-java-sdk-bundle-1.12.262.jar,file:/opt/spark_job/jars/hadoop-aws-3.3.4.jar)
[2025-03-26T13:45:52.642+0000] {spark_submit.py:645} INFO - (spark.kerberos.principal,***)
[2025-03-26T13:45:52.643+0000] {spark_submit.py:645} INFO - (spark.master,spark://spark-master:7077)
[2025-03-26T13:45:52.643+0000] {spark_submit.py:645} INFO - (spark.repl.local.jars,file:/opt/spark_job/aws-java-sdk-bundle-1.12.262.jar,file:/opt/spark_job/jars/hadoop-aws-3.3.4.jar)
[2025-03-26T13:45:52.643+0000] {spark_submit.py:645} INFO - (spark.submit.deployMode,client)
[2025-03-26T13:45:52.644+0000] {spark_submit.py:645} INFO - (spark.submit.pyFiles,)
[2025-03-26T13:45:52.644+0000] {spark_submit.py:645} INFO - Classpath elements:
[2025-03-26T13:45:52.644+0000] {spark_submit.py:645} INFO - file:/opt/spark_job/aws-java-sdk-bundle-1.12.262.jar
[2025-03-26T13:45:52.645+0000] {spark_submit.py:645} INFO - file:/opt/spark_job/jars/hadoop-aws-3.3.4.jar
[2025-03-26T13:45:52.645+0000] {spark_submit.py:645} INFO - 
[2025-03-26T13:45:52.646+0000] {spark_submit.py:645} INFO - 
[2025-03-26T13:45:52.646+0000] {spark_submit.py:645} INFO - 25/03/26 13:45:52 WARN DependencyUtils: Local jar /opt/spark_job/aws-java-sdk-bundle-1.12.262.jar does not exist, skipping.
[2025-03-26T13:45:52.647+0000] {spark_submit.py:645} INFO - 25/03/26 13:45:52 WARN DependencyUtils: Local jar /opt/spark_job/jars/hadoop-aws-3.3.4.jar does not exist, skipping.
[2025-03-26T13:45:54.061+0000] {spark_submit.py:645} INFO - 25/03/26 13:45:54 INFO SparkContext: Running Spark version 3.5.5
[2025-03-26T13:45:54.061+0000] {spark_submit.py:645} INFO - 25/03/26 13:45:54 INFO SparkContext: OS info Linux, 5.15.153.1-microsoft-standard-WSL2, amd64
[2025-03-26T13:45:54.062+0000] {spark_submit.py:645} INFO - 25/03/26 13:45:54 INFO SparkContext: Java version 17.0.14
[2025-03-26T13:45:54.100+0000] {spark_submit.py:645} INFO - 25/03/26 13:45:54 INFO ResourceUtils: ==============================================================
[2025-03-26T13:45:54.101+0000] {spark_submit.py:645} INFO - 25/03/26 13:45:54 INFO ResourceUtils: No custom resources configured for spark.driver.
[2025-03-26T13:45:54.102+0000] {spark_submit.py:645} INFO - 25/03/26 13:45:54 INFO ResourceUtils: ==============================================================
[2025-03-26T13:45:54.103+0000] {spark_submit.py:645} INFO - 25/03/26 13:45:54 INFO SparkContext: Submitted application: Minio Integration with PySpark
[2025-03-26T13:45:54.126+0000] {spark_submit.py:645} INFO - 25/03/26 13:45:54 INFO ResourceProfile: Default ResourceProfile created, executor resources: Map(cores -> name: cores, amount: 2, script: , vendor: , memory -> name: memory, amount: 2048, script: , vendor: , offHeap -> name: offHeap, amount: 0, script: , vendor: ), task resources: Map(cpus -> name: cpus, amount: 1.0)
[2025-03-26T13:45:54.140+0000] {spark_submit.py:645} INFO - 25/03/26 13:45:54 INFO ResourceProfile: Limiting resource is cpus at 2 tasks per executor
[2025-03-26T13:45:54.142+0000] {spark_submit.py:645} INFO - 25/03/26 13:45:54 INFO ResourceProfileManager: Added ResourceProfile id: 0
[2025-03-26T13:45:54.219+0000] {spark_submit.py:645} INFO - 25/03/26 13:45:54 INFO SecurityManager: Changing view acls to: ***
[2025-03-26T13:45:54.221+0000] {spark_submit.py:645} INFO - 25/03/26 13:45:54 INFO SecurityManager: Changing modify acls to: ***
[2025-03-26T13:45:54.221+0000] {spark_submit.py:645} INFO - 25/03/26 13:45:54 INFO SecurityManager: Changing view acls groups to:
[2025-03-26T13:45:54.222+0000] {spark_submit.py:645} INFO - 25/03/26 13:45:54 INFO SecurityManager: Changing modify acls groups to:
[2025-03-26T13:45:54.222+0000] {spark_submit.py:645} INFO - 25/03/26 13:45:54 INFO SecurityManager: SecurityManager: authentication disabled; ui acls disabled; users with view permissions: ***; groups with view permissions: EMPTY; users with modify permissions: ***; groups with modify permissions: EMPTY
[2025-03-26T13:45:54.494+0000] {spark_submit.py:645} INFO - 25/03/26 13:45:54 INFO Utils: Successfully started service 'sparkDriver' on port 38531.
[2025-03-26T13:45:54.531+0000] {spark_submit.py:645} INFO - 25/03/26 13:45:54 INFO SparkEnv: Registering MapOutputTracker
[2025-03-26T13:45:54.575+0000] {spark_submit.py:645} INFO - 25/03/26 13:45:54 INFO SparkEnv: Registering BlockManagerMaster
[2025-03-26T13:45:54.601+0000] {spark_submit.py:645} INFO - 25/03/26 13:45:54 INFO BlockManagerMasterEndpoint: Using org.apache.spark.storage.DefaultTopologyMapper for getting topology information
[2025-03-26T13:45:54.602+0000] {spark_submit.py:645} INFO - 25/03/26 13:45:54 INFO BlockManagerMasterEndpoint: BlockManagerMasterEndpoint up
[2025-03-26T13:45:54.606+0000] {spark_submit.py:645} INFO - 25/03/26 13:45:54 INFO SparkEnv: Registering BlockManagerMasterHeartbeat
[2025-03-26T13:45:54.639+0000] {spark_submit.py:645} INFO - 25/03/26 13:45:54 INFO DiskBlockManager: Created local directory at /tmp/blockmgr-6fad42b4-1ef2-4a44-abe3-0dee0fcc88dd
[2025-03-26T13:45:54.653+0000] {spark_submit.py:645} INFO - 25/03/26 13:45:54 INFO MemoryStore: MemoryStore started with capacity 434.4 MiB
[2025-03-26T13:45:54.692+0000] {spark_submit.py:645} INFO - 25/03/26 13:45:54 INFO SparkEnv: Registering OutputCommitCoordinator
[2025-03-26T13:45:54.913+0000] {spark_submit.py:645} INFO - 25/03/26 13:45:54 INFO JettyUtils: Start Jetty 0.0.0.0:4040 for SparkUI
[2025-03-26T13:45:54.991+0000] {spark_submit.py:645} INFO - 25/03/26 13:45:54 INFO Utils: Successfully started service 'SparkUI' on port 4040.
[2025-03-26T13:45:55.030+0000] {spark_submit.py:645} INFO - 25/03/26 13:45:55 ERROR SparkContext: Failed to add file:/opt/spark_job/aws-java-sdk-bundle-1.12.262.jar to Spark environment
[2025-03-26T13:45:55.031+0000] {spark_submit.py:645} INFO - java.io.FileNotFoundException: Jar /opt/spark_job/aws-java-sdk-bundle-1.12.262.jar not found
[2025-03-26T13:45:55.032+0000] {spark_submit.py:645} INFO - at org.apache.spark.SparkContext.addLocalJarFile$1(SparkContext.scala:2095)
[2025-03-26T13:45:55.032+0000] {spark_submit.py:645} INFO - at org.apache.spark.SparkContext.addJar(SparkContext.scala:2151)
[2025-03-26T13:45:55.033+0000] {spark_submit.py:645} INFO - at org.apache.spark.SparkContext.$anonfun$new$15(SparkContext.scala:521)
[2025-03-26T13:45:55.033+0000] {spark_submit.py:645} INFO - at org.apache.spark.SparkContext.$anonfun$new$15$adapted(SparkContext.scala:521)
[2025-03-26T13:45:55.033+0000] {spark_submit.py:645} INFO - at scala.collection.mutable.ResizableArray.foreach(ResizableArray.scala:62)
[2025-03-26T13:45:55.034+0000] {spark_submit.py:645} INFO - at scala.collection.mutable.ResizableArray.foreach$(ResizableArray.scala:55)
[2025-03-26T13:45:55.034+0000] {spark_submit.py:645} INFO - at scala.collection.mutable.ArrayBuffer.foreach(ArrayBuffer.scala:49)
[2025-03-26T13:45:55.034+0000] {spark_submit.py:645} INFO - at org.apache.spark.SparkContext.<init>(SparkContext.scala:521)
[2025-03-26T13:45:55.035+0000] {spark_submit.py:645} INFO - at org.apache.spark.api.java.JavaSparkContext.<init>(JavaSparkContext.scala:58)
[2025-03-26T13:45:55.035+0000] {spark_submit.py:645} INFO - at java.base/jdk.internal.reflect.NativeConstructorAccessorImpl.newInstance0(Native Method)
[2025-03-26T13:45:55.036+0000] {spark_submit.py:645} INFO - at java.base/jdk.internal.reflect.NativeConstructorAccessorImpl.newInstance(NativeConstructorAccessorImpl.java:77)
[2025-03-26T13:45:55.036+0000] {spark_submit.py:645} INFO - at java.base/jdk.internal.reflect.DelegatingConstructorAccessorImpl.newInstance(DelegatingConstructorAccessorImpl.java:45)
[2025-03-26T13:45:55.036+0000] {spark_submit.py:645} INFO - at java.base/java.lang.reflect.Constructor.newInstanceWithCaller(Constructor.java:500)
[2025-03-26T13:45:55.037+0000] {spark_submit.py:645} INFO - at java.base/java.lang.reflect.Constructor.newInstance(Constructor.java:481)
[2025-03-26T13:45:55.037+0000] {spark_submit.py:645} INFO - at py4j.reflection.MethodInvoker.invoke(MethodInvoker.java:247)
[2025-03-26T13:45:55.037+0000] {spark_submit.py:645} INFO - at py4j.reflection.ReflectionEngine.invoke(ReflectionEngine.java:374)
[2025-03-26T13:45:55.038+0000] {spark_submit.py:645} INFO - at py4j.Gateway.invoke(Gateway.java:238)
[2025-03-26T13:45:55.038+0000] {spark_submit.py:645} INFO - at py4j.commands.ConstructorCommand.invokeConstructor(ConstructorCommand.java:80)
[2025-03-26T13:45:55.038+0000] {spark_submit.py:645} INFO - at py4j.commands.ConstructorCommand.execute(ConstructorCommand.java:69)
[2025-03-26T13:45:55.039+0000] {spark_submit.py:645} INFO - at py4j.ClientServerConnection.waitForCommands(ClientServerConnection.java:182)
[2025-03-26T13:45:55.039+0000] {spark_submit.py:645} INFO - at py4j.ClientServerConnection.run(ClientServerConnection.java:106)
[2025-03-26T13:45:55.039+0000] {spark_submit.py:645} INFO - at java.base/java.lang.Thread.run(Thread.java:840)
[2025-03-26T13:45:55.039+0000] {spark_submit.py:645} INFO - 25/03/26 13:45:55 ERROR SparkContext: Failed to add file:/opt/spark_job/jars/hadoop-aws-3.3.4.jar to Spark environment
[2025-03-26T13:45:55.040+0000] {spark_submit.py:645} INFO - java.io.FileNotFoundException: Jar /opt/spark_job/jars/hadoop-aws-3.3.4.jar not found
[2025-03-26T13:45:55.040+0000] {spark_submit.py:645} INFO - at org.apache.spark.SparkContext.addLocalJarFile$1(SparkContext.scala:2095)
[2025-03-26T13:45:55.040+0000] {spark_submit.py:645} INFO - at org.apache.spark.SparkContext.addJar(SparkContext.scala:2151)
[2025-03-26T13:45:55.041+0000] {spark_submit.py:645} INFO - at org.apache.spark.SparkContext.$anonfun$new$15(SparkContext.scala:521)
[2025-03-26T13:45:55.041+0000] {spark_submit.py:645} INFO - at org.apache.spark.SparkContext.$anonfun$new$15$adapted(SparkContext.scala:521)
[2025-03-26T13:45:55.041+0000] {spark_submit.py:645} INFO - at scala.collection.mutable.ResizableArray.foreach(ResizableArray.scala:62)
[2025-03-26T13:45:55.042+0000] {spark_submit.py:645} INFO - at scala.collection.mutable.ResizableArray.foreach$(ResizableArray.scala:55)
[2025-03-26T13:45:55.042+0000] {spark_submit.py:645} INFO - at scala.collection.mutable.ArrayBuffer.foreach(ArrayBuffer.scala:49)
[2025-03-26T13:45:55.042+0000] {spark_submit.py:645} INFO - at org.apache.spark.SparkContext.<init>(SparkContext.scala:521)
[2025-03-26T13:45:55.043+0000] {spark_submit.py:645} INFO - at org.apache.spark.api.java.JavaSparkContext.<init>(JavaSparkContext.scala:58)
[2025-03-26T13:45:55.043+0000] {spark_submit.py:645} INFO - at java.base/jdk.internal.reflect.NativeConstructorAccessorImpl.newInstance0(Native Method)
[2025-03-26T13:45:55.043+0000] {spark_submit.py:645} INFO - at java.base/jdk.internal.reflect.NativeConstructorAccessorImpl.newInstance(NativeConstructorAccessorImpl.java:77)
[2025-03-26T13:45:55.044+0000] {spark_submit.py:645} INFO - at java.base/jdk.internal.reflect.DelegatingConstructorAccessorImpl.newInstance(DelegatingConstructorAccessorImpl.java:45)
[2025-03-26T13:45:55.044+0000] {spark_submit.py:645} INFO - at java.base/java.lang.reflect.Constructor.newInstanceWithCaller(Constructor.java:500)
[2025-03-26T13:45:55.044+0000] {spark_submit.py:645} INFO - at java.base/java.lang.reflect.Constructor.newInstance(Constructor.java:481)
[2025-03-26T13:45:55.045+0000] {spark_submit.py:645} INFO - at py4j.reflection.MethodInvoker.invoke(MethodInvoker.java:247)
[2025-03-26T13:45:55.045+0000] {spark_submit.py:645} INFO - at py4j.reflection.ReflectionEngine.invoke(ReflectionEngine.java:374)
[2025-03-26T13:45:55.045+0000] {spark_submit.py:645} INFO - at py4j.Gateway.invoke(Gateway.java:238)
[2025-03-26T13:45:55.046+0000] {spark_submit.py:645} INFO - at py4j.commands.ConstructorCommand.invokeConstructor(ConstructorCommand.java:80)
[2025-03-26T13:45:55.046+0000] {spark_submit.py:645} INFO - at py4j.commands.ConstructorCommand.execute(ConstructorCommand.java:69)
[2025-03-26T13:45:55.046+0000] {spark_submit.py:645} INFO - at py4j.ClientServerConnection.waitForCommands(ClientServerConnection.java:182)
[2025-03-26T13:45:55.047+0000] {spark_submit.py:645} INFO - at py4j.ClientServerConnection.run(ClientServerConnection.java:106)
[2025-03-26T13:45:55.047+0000] {spark_submit.py:645} INFO - at java.base/java.lang.Thread.run(Thread.java:840)
[2025-03-26T13:45:55.136+0000] {spark_submit.py:645} INFO - 25/03/26 13:45:55 INFO StandaloneAppClient$ClientEndpoint: Connecting to master spark://spark-master:7077...
[2025-03-26T13:45:58.556+0000] {spark_submit.py:645} INFO - 25/03/26 13:45:58 WARN TransportClientFactory: DNS resolution failed for spark-master/<unresolved>:7077 took 3350 ms
[2025-03-26T13:45:58.664+0000] {spark_submit.py:645} INFO - 25/03/26 13:45:58 WARN StandaloneAppClient$ClientEndpoint: Failed to connect to master spark-master:7077
[2025-03-26T13:45:58.665+0000] {spark_submit.py:645} INFO - org.apache.spark.SparkException: Exception thrown in awaitResult:
[2025-03-26T13:45:58.665+0000] {spark_submit.py:645} INFO - at org.apache.spark.util.SparkThreadUtils$.awaitResult(SparkThreadUtils.scala:56)
[2025-03-26T13:45:58.666+0000] {spark_submit.py:645} INFO - at org.apache.spark.util.ThreadUtils$.awaitResult(ThreadUtils.scala:310)
[2025-03-26T13:45:58.666+0000] {spark_submit.py:645} INFO - at org.apache.spark.rpc.RpcTimeout.awaitResult(RpcTimeout.scala:75)
[2025-03-26T13:45:58.666+0000] {spark_submit.py:645} INFO - at org.apache.spark.rpc.RpcEnv.setupEndpointRefByURI(RpcEnv.scala:102)
[2025-03-26T13:45:58.667+0000] {spark_submit.py:645} INFO - at org.apache.spark.rpc.RpcEnv.setupEndpointRef(RpcEnv.scala:110)
[2025-03-26T13:45:58.667+0000] {spark_submit.py:645} INFO - at org.apache.spark.deploy.client.StandaloneAppClient$ClientEndpoint$$anon$1.run(StandaloneAppClient.scala:108)
[2025-03-26T13:45:58.667+0000] {spark_submit.py:645} INFO - at java.base/java.util.concurrent.Executors$RunnableAdapter.call(Executors.java:539)
[2025-03-26T13:45:58.668+0000] {spark_submit.py:645} INFO - at java.base/java.util.concurrent.FutureTask.run(FutureTask.java:264)
[2025-03-26T13:45:58.669+0000] {spark_submit.py:645} INFO - at java.base/java.util.concurrent.ThreadPoolExecutor.runWorker(ThreadPoolExecutor.java:1136)
[2025-03-26T13:45:58.670+0000] {spark_submit.py:645} INFO - at java.base/java.util.concurrent.ThreadPoolExecutor$Worker.run(ThreadPoolExecutor.java:635)
[2025-03-26T13:45:58.670+0000] {spark_submit.py:645} INFO - at java.base/java.lang.Thread.run(Thread.java:840)
[2025-03-26T13:45:58.671+0000] {spark_submit.py:645} INFO - Caused by: java.io.IOException: Failed to connect to spark-master/<unresolved>:7077
[2025-03-26T13:45:58.671+0000] {spark_submit.py:645} INFO - at org.apache.spark.network.client.TransportClientFactory.createClient(TransportClientFactory.java:294)
[2025-03-26T13:45:58.671+0000] {spark_submit.py:645} INFO - at org.apache.spark.network.client.TransportClientFactory.createClient(TransportClientFactory.java:214)
[2025-03-26T13:45:58.672+0000] {spark_submit.py:645} INFO - at org.apache.spark.network.client.TransportClientFactory.createClient(TransportClientFactory.java:226)
[2025-03-26T13:45:58.672+0000] {spark_submit.py:645} INFO - at org.apache.spark.rpc.netty.NettyRpcEnv.createClient(NettyRpcEnv.scala:204)
[2025-03-26T13:45:58.673+0000] {spark_submit.py:645} INFO - at org.apache.spark.rpc.netty.Outbox$$anon$1.call(Outbox.scala:202)
[2025-03-26T13:45:58.673+0000] {spark_submit.py:645} INFO - at org.apache.spark.rpc.netty.Outbox$$anon$1.call(Outbox.scala:198)
[2025-03-26T13:45:58.673+0000] {spark_submit.py:645} INFO - ... 4 more
[2025-03-26T13:45:58.674+0000] {spark_submit.py:645} INFO - Caused by: java.net.UnknownHostException: spark-master
[2025-03-26T13:45:58.674+0000] {spark_submit.py:645} INFO - at java.base/java.net.InetAddress$CachedAddresses.get(InetAddress.java:801)
[2025-03-26T13:45:58.675+0000] {spark_submit.py:645} INFO - at java.base/java.net.InetAddress.getAllByName0(InetAddress.java:1533)
[2025-03-26T13:45:58.675+0000] {spark_submit.py:645} INFO - at java.base/java.net.InetAddress.getAllByName(InetAddress.java:1385)
[2025-03-26T13:45:58.675+0000] {spark_submit.py:645} INFO - at java.base/java.net.InetAddress.getAllByName(InetAddress.java:1306)
[2025-03-26T13:45:58.676+0000] {spark_submit.py:645} INFO - at java.base/java.net.InetAddress.getByName(InetAddress.java:1256)
[2025-03-26T13:45:58.676+0000] {spark_submit.py:645} INFO - at io.netty.util.internal.SocketUtils$8.run(SocketUtils.java:156)
[2025-03-26T13:45:58.676+0000] {spark_submit.py:645} INFO - at io.netty.util.internal.SocketUtils$8.run(SocketUtils.java:153)
[2025-03-26T13:45:58.677+0000] {spark_submit.py:645} INFO - at java.base/java.security.AccessController.doPrivileged(AccessController.java:569)
[2025-03-26T13:45:58.677+0000] {spark_submit.py:645} INFO - at io.netty.util.internal.SocketUtils.addressByName(SocketUtils.java:153)
[2025-03-26T13:45:58.678+0000] {spark_submit.py:645} INFO - at io.netty.resolver.DefaultNameResolver.doResolve(DefaultNameResolver.java:41)
[2025-03-26T13:45:58.678+0000] {spark_submit.py:645} INFO - at io.netty.resolver.SimpleNameResolver.resolve(SimpleNameResolver.java:61)
[2025-03-26T13:45:58.678+0000] {spark_submit.py:645} INFO - at io.netty.resolver.SimpleNameResolver.resolve(SimpleNameResolver.java:53)
[2025-03-26T13:45:58.679+0000] {spark_submit.py:645} INFO - at io.netty.resolver.InetSocketAddressResolver.doResolve(InetSocketAddressResolver.java:55)
[2025-03-26T13:45:58.679+0000] {spark_submit.py:645} INFO - at io.netty.resolver.InetSocketAddressResolver.doResolve(InetSocketAddressResolver.java:31)
[2025-03-26T13:45:58.680+0000] {spark_submit.py:645} INFO - at io.netty.resolver.AbstractAddressResolver.resolve(AbstractAddressResolver.java:106)
[2025-03-26T13:45:58.680+0000] {spark_submit.py:645} INFO - at io.netty.bootstrap.Bootstrap.doResolveAndConnect0(Bootstrap.java:220)
[2025-03-26T13:45:58.681+0000] {spark_submit.py:645} INFO - at io.netty.bootstrap.Bootstrap.access$000(Bootstrap.java:46)
[2025-03-26T13:45:58.681+0000] {spark_submit.py:645} INFO - at io.netty.bootstrap.Bootstrap$1.operationComplete(Bootstrap.java:189)
[2025-03-26T13:45:58.681+0000] {spark_submit.py:645} INFO - at io.netty.bootstrap.Bootstrap$1.operationComplete(Bootstrap.java:175)
[2025-03-26T13:45:58.682+0000] {spark_submit.py:645} INFO - at io.netty.util.concurrent.DefaultPromise.notifyListener0(DefaultPromise.java:590)
[2025-03-26T13:45:58.682+0000] {spark_submit.py:645} INFO - at io.netty.util.concurrent.DefaultPromise.notifyListenersNow(DefaultPromise.java:557)
[2025-03-26T13:45:58.682+0000] {spark_submit.py:645} INFO - at io.netty.util.concurrent.DefaultPromise.notifyListeners(DefaultPromise.java:492)
[2025-03-26T13:45:58.683+0000] {spark_submit.py:645} INFO - at io.netty.util.concurrent.DefaultPromise.setValue0(DefaultPromise.java:636)
[2025-03-26T13:45:58.689+0000] {spark_submit.py:645} INFO - at io.netty.util.concurrent.DefaultPromise.setSuccess0(DefaultPromise.java:625)
[2025-03-26T13:45:58.691+0000] {spark_submit.py:645} INFO - at io.netty.util.concurrent.DefaultPromise.trySuccess(DefaultPromise.java:105)
[2025-03-26T13:45:58.692+0000] {spark_submit.py:645} INFO - at io.netty.channel.DefaultChannelPromise.trySuccess(DefaultChannelPromise.java:84)
[2025-03-26T13:45:58.693+0000] {spark_submit.py:645} INFO - at io.netty.channel.AbstractChannel$AbstractUnsafe.safeSetSuccess(AbstractChannel.java:990)
[2025-03-26T13:45:58.695+0000] {spark_submit.py:645} INFO - at io.netty.channel.AbstractChannel$AbstractUnsafe.register0(AbstractChannel.java:516)
[2025-03-26T13:45:58.695+0000] {spark_submit.py:645} INFO - at io.netty.channel.AbstractChannel$AbstractUnsafe.access$200(AbstractChannel.java:429)
[2025-03-26T13:45:58.697+0000] {spark_submit.py:645} INFO - at io.netty.channel.AbstractChannel$AbstractUnsafe$1.run(AbstractChannel.java:486)
[2025-03-26T13:45:58.699+0000] {spark_submit.py:645} INFO - at io.netty.util.concurrent.AbstractEventExecutor.runTask(AbstractEventExecutor.java:174)
[2025-03-26T13:45:58.700+0000] {spark_submit.py:645} INFO - at io.netty.util.concurrent.AbstractEventExecutor.safeExecute(AbstractEventExecutor.java:167)
[2025-03-26T13:45:58.700+0000] {spark_submit.py:645} INFO - at io.netty.util.concurrent.SingleThreadEventExecutor.runAllTasks(SingleThreadEventExecutor.java:470)
[2025-03-26T13:45:58.701+0000] {spark_submit.py:645} INFO - at io.netty.channel.nio.NioEventLoop.run(NioEventLoop.java:569)
[2025-03-26T13:45:58.702+0000] {spark_submit.py:645} INFO - at io.netty.util.concurrent.SingleThreadEventExecutor$4.run(SingleThreadEventExecutor.java:997)
[2025-03-26T13:45:58.703+0000] {spark_submit.py:645} INFO - at io.netty.util.internal.ThreadExecutorMap$2.run(ThreadExecutorMap.java:74)
[2025-03-26T13:45:58.703+0000] {spark_submit.py:645} INFO - at io.netty.util.concurrent.FastThreadLocalRunnable.run(FastThreadLocalRunnable.java:30)
[2025-03-26T13:45:58.704+0000] {spark_submit.py:645} INFO - ... 1 more
[2025-03-26T13:46:15.134+0000] {spark_submit.py:645} INFO - 25/03/26 13:46:15 INFO StandaloneAppClient$ClientEndpoint: Connecting to master spark://spark-master:7077...
[2025-03-26T13:46:18.486+0000] {spark_submit.py:645} INFO - 25/03/26 13:46:18 WARN TransportClientFactory: DNS resolution failed for spark-master/<unresolved>:7077 took 3349 ms
[2025-03-26T13:46:18.496+0000] {spark_submit.py:645} INFO - 25/03/26 13:46:18 WARN StandaloneAppClient$ClientEndpoint: Failed to connect to master spark-master:7077
[2025-03-26T13:46:18.497+0000] {spark_submit.py:645} INFO - org.apache.spark.SparkException: Exception thrown in awaitResult:
[2025-03-26T13:46:18.498+0000] {spark_submit.py:645} INFO - at org.apache.spark.util.SparkThreadUtils$.awaitResult(SparkThreadUtils.scala:56)
[2025-03-26T13:46:18.498+0000] {spark_submit.py:645} INFO - at org.apache.spark.util.ThreadUtils$.awaitResult(ThreadUtils.scala:310)
[2025-03-26T13:46:18.499+0000] {spark_submit.py:645} INFO - at org.apache.spark.rpc.RpcTimeout.awaitResult(RpcTimeout.scala:75)
[2025-03-26T13:46:18.502+0000] {spark_submit.py:645} INFO - at org.apache.spark.rpc.RpcEnv.setupEndpointRefByURI(RpcEnv.scala:102)
[2025-03-26T13:46:18.505+0000] {spark_submit.py:645} INFO - at org.apache.spark.rpc.RpcEnv.setupEndpointRef(RpcEnv.scala:110)
[2025-03-26T13:46:18.506+0000] {spark_submit.py:645} INFO - at org.apache.spark.deploy.client.StandaloneAppClient$ClientEndpoint$$anon$1.run(StandaloneAppClient.scala:108)
[2025-03-26T13:46:18.517+0000] {spark_submit.py:645} INFO - at java.base/java.util.concurrent.Executors$RunnableAdapter.call(Executors.java:539)
[2025-03-26T13:46:18.518+0000] {spark_submit.py:645} INFO - at java.base/java.util.concurrent.FutureTask.run(FutureTask.java:264)
[2025-03-26T13:46:18.518+0000] {spark_submit.py:645} INFO - at java.base/java.util.concurrent.ThreadPoolExecutor.runWorker(ThreadPoolExecutor.java:1136)
[2025-03-26T13:46:18.518+0000] {spark_submit.py:645} INFO - at java.base/java.util.concurrent.ThreadPoolExecutor$Worker.run(ThreadPoolExecutor.java:635)
[2025-03-26T13:46:18.519+0000] {spark_submit.py:645} INFO - at java.base/java.lang.Thread.run(Thread.java:840)
[2025-03-26T13:46:18.519+0000] {spark_submit.py:645} INFO - Caused by: java.io.IOException: Failed to connect to spark-master/<unresolved>:7077
[2025-03-26T13:46:18.520+0000] {spark_submit.py:645} INFO - at org.apache.spark.network.client.TransportClientFactory.createClient(TransportClientFactory.java:294)
[2025-03-26T13:46:18.521+0000] {spark_submit.py:645} INFO - at org.apache.spark.network.client.TransportClientFactory.createClient(TransportClientFactory.java:214)
[2025-03-26T13:46:18.529+0000] {spark_submit.py:645} INFO - at org.apache.spark.network.client.TransportClientFactory.createClient(TransportClientFactory.java:226)
[2025-03-26T13:46:18.539+0000] {spark_submit.py:645} INFO - at org.apache.spark.rpc.netty.NettyRpcEnv.createClient(NettyRpcEnv.scala:204)
[2025-03-26T13:46:18.539+0000] {spark_submit.py:645} INFO - at org.apache.spark.rpc.netty.Outbox$$anon$1.call(Outbox.scala:202)
[2025-03-26T13:46:18.540+0000] {spark_submit.py:645} INFO - at org.apache.spark.rpc.netty.Outbox$$anon$1.call(Outbox.scala:198)
[2025-03-26T13:46:18.541+0000] {spark_submit.py:645} INFO - ... 4 more
[2025-03-26T13:46:18.546+0000] {spark_submit.py:645} INFO - Caused by: java.net.UnknownHostException: spark-master
[2025-03-26T13:46:18.547+0000] {spark_submit.py:645} INFO - at java.base/java.net.InetAddress$CachedAddresses.get(InetAddress.java:801)
[2025-03-26T13:46:18.547+0000] {spark_submit.py:645} INFO - at java.base/java.net.InetAddress.getAllByName0(InetAddress.java:1533)
[2025-03-26T13:46:18.548+0000] {spark_submit.py:645} INFO - at java.base/java.net.InetAddress.getAllByName(InetAddress.java:1385)
[2025-03-26T13:46:18.548+0000] {spark_submit.py:645} INFO - at java.base/java.net.InetAddress.getAllByName(InetAddress.java:1306)
[2025-03-26T13:46:18.549+0000] {spark_submit.py:645} INFO - at java.base/java.net.InetAddress.getByName(InetAddress.java:1256)
[2025-03-26T13:46:18.549+0000] {spark_submit.py:645} INFO - at io.netty.util.internal.SocketUtils$8.run(SocketUtils.java:156)
[2025-03-26T13:46:18.552+0000] {spark_submit.py:645} INFO - at io.netty.util.internal.SocketUtils$8.run(SocketUtils.java:153)
[2025-03-26T13:46:18.552+0000] {spark_submit.py:645} INFO - at java.base/java.security.AccessController.doPrivileged(AccessController.java:569)
[2025-03-26T13:46:18.552+0000] {spark_submit.py:645} INFO - at io.netty.util.internal.SocketUtils.addressByName(SocketUtils.java:153)
[2025-03-26T13:46:18.553+0000] {spark_submit.py:645} INFO - at io.netty.resolver.DefaultNameResolver.doResolve(DefaultNameResolver.java:41)
[2025-03-26T13:46:18.553+0000] {spark_submit.py:645} INFO - at io.netty.resolver.SimpleNameResolver.resolve(SimpleNameResolver.java:61)
[2025-03-26T13:46:18.554+0000] {spark_submit.py:645} INFO - at io.netty.resolver.SimpleNameResolver.resolve(SimpleNameResolver.java:53)
[2025-03-26T13:46:18.554+0000] {spark_submit.py:645} INFO - at io.netty.resolver.InetSocketAddressResolver.doResolve(InetSocketAddressResolver.java:55)
[2025-03-26T13:46:18.555+0000] {spark_submit.py:645} INFO - at io.netty.resolver.InetSocketAddressResolver.doResolve(InetSocketAddressResolver.java:31)
[2025-03-26T13:46:18.555+0000] {spark_submit.py:645} INFO - at io.netty.resolver.AbstractAddressResolver.resolve(AbstractAddressResolver.java:106)
[2025-03-26T13:46:18.555+0000] {spark_submit.py:645} INFO - at io.netty.bootstrap.Bootstrap.doResolveAndConnect0(Bootstrap.java:220)
[2025-03-26T13:46:18.556+0000] {spark_submit.py:645} INFO - at io.netty.bootstrap.Bootstrap.access$000(Bootstrap.java:46)
[2025-03-26T13:46:18.556+0000] {spark_submit.py:645} INFO - at io.netty.bootstrap.Bootstrap$1.operationComplete(Bootstrap.java:189)
[2025-03-26T13:46:18.556+0000] {spark_submit.py:645} INFO - at io.netty.bootstrap.Bootstrap$1.operationComplete(Bootstrap.java:175)
[2025-03-26T13:46:18.557+0000] {spark_submit.py:645} INFO - at io.netty.util.concurrent.DefaultPromise.notifyListener0(DefaultPromise.java:590)
[2025-03-26T13:46:18.557+0000] {spark_submit.py:645} INFO - at io.netty.util.concurrent.DefaultPromise.notifyListenersNow(DefaultPromise.java:557)
[2025-03-26T13:46:18.558+0000] {spark_submit.py:645} INFO - at io.netty.util.concurrent.DefaultPromise.notifyListeners(DefaultPromise.java:492)
[2025-03-26T13:46:18.558+0000] {spark_submit.py:645} INFO - at io.netty.util.concurrent.DefaultPromise.setValue0(DefaultPromise.java:636)
[2025-03-26T13:46:18.559+0000] {spark_submit.py:645} INFO - at io.netty.util.concurrent.DefaultPromise.setSuccess0(DefaultPromise.java:625)
[2025-03-26T13:46:18.559+0000] {spark_submit.py:645} INFO - at io.netty.util.concurrent.DefaultPromise.trySuccess(DefaultPromise.java:105)
[2025-03-26T13:46:18.559+0000] {spark_submit.py:645} INFO - at io.netty.channel.DefaultChannelPromise.trySuccess(DefaultChannelPromise.java:84)
[2025-03-26T13:46:18.560+0000] {spark_submit.py:645} INFO - at io.netty.channel.AbstractChannel$AbstractUnsafe.safeSetSuccess(AbstractChannel.java:990)
[2025-03-26T13:46:18.560+0000] {spark_submit.py:645} INFO - at io.netty.channel.AbstractChannel$AbstractUnsafe.register0(AbstractChannel.java:516)
[2025-03-26T13:46:18.560+0000] {spark_submit.py:645} INFO - at io.netty.channel.AbstractChannel$AbstractUnsafe.access$200(AbstractChannel.java:429)
[2025-03-26T13:46:18.561+0000] {spark_submit.py:645} INFO - at io.netty.channel.AbstractChannel$AbstractUnsafe$1.run(AbstractChannel.java:486)
[2025-03-26T13:46:18.561+0000] {spark_submit.py:645} INFO - at io.netty.util.concurrent.AbstractEventExecutor.runTask(AbstractEventExecutor.java:174)
[2025-03-26T13:46:18.562+0000] {spark_submit.py:645} INFO - at io.netty.util.concurrent.AbstractEventExecutor.safeExecute(AbstractEventExecutor.java:167)
[2025-03-26T13:46:18.562+0000] {spark_submit.py:645} INFO - at io.netty.util.concurrent.SingleThreadEventExecutor.runAllTasks(SingleThreadEventExecutor.java:470)
[2025-03-26T13:46:18.562+0000] {spark_submit.py:645} INFO - at io.netty.channel.nio.NioEventLoop.run(NioEventLoop.java:569)
[2025-03-26T13:46:18.563+0000] {spark_submit.py:645} INFO - at io.netty.util.concurrent.SingleThreadEventExecutor$4.run(SingleThreadEventExecutor.java:997)
[2025-03-26T13:46:18.563+0000] {spark_submit.py:645} INFO - at io.netty.util.internal.ThreadExecutorMap$2.run(ThreadExecutorMap.java:74)
[2025-03-26T13:46:18.563+0000] {spark_submit.py:645} INFO - at io.netty.util.concurrent.FastThreadLocalRunnable.run(FastThreadLocalRunnable.java:30)
[2025-03-26T13:46:18.564+0000] {spark_submit.py:645} INFO - ... 1 more
[2025-03-26T13:46:35.134+0000] {spark_submit.py:645} INFO - 25/03/26 13:46:35 INFO StandaloneAppClient$ClientEndpoint: Connecting to master spark://spark-master:7077...
[2025-03-26T13:46:38.490+0000] {spark_submit.py:645} INFO - 25/03/26 13:46:38 WARN TransportClientFactory: DNS resolution failed for spark-master/<unresolved>:7077 took 3355 ms
[2025-03-26T13:46:38.495+0000] {spark_submit.py:645} INFO - 25/03/26 13:46:38 WARN StandaloneAppClient$ClientEndpoint: Failed to connect to master spark-master:7077
[2025-03-26T13:46:38.499+0000] {spark_submit.py:645} INFO - org.apache.spark.SparkException: Exception thrown in awaitResult:
[2025-03-26T13:46:38.500+0000] {spark_submit.py:645} INFO - at org.apache.spark.util.SparkThreadUtils$.awaitResult(SparkThreadUtils.scala:56)
[2025-03-26T13:46:38.501+0000] {spark_submit.py:645} INFO - at org.apache.spark.util.ThreadUtils$.awaitResult(ThreadUtils.scala:310)
[2025-03-26T13:46:38.501+0000] {spark_submit.py:645} INFO - at org.apache.spark.rpc.RpcTimeout.awaitResult(RpcTimeout.scala:75)
[2025-03-26T13:46:38.502+0000] {spark_submit.py:645} INFO - at org.apache.spark.rpc.RpcEnv.setupEndpointRefByURI(RpcEnv.scala:102)
[2025-03-26T13:46:38.502+0000] {spark_submit.py:645} INFO - at org.apache.spark.rpc.RpcEnv.setupEndpointRef(RpcEnv.scala:110)
[2025-03-26T13:46:38.504+0000] {spark_submit.py:645} INFO - at org.apache.spark.deploy.client.StandaloneAppClient$ClientEndpoint$$anon$1.run(StandaloneAppClient.scala:108)
[2025-03-26T13:46:38.505+0000] {spark_submit.py:645} INFO - at java.base/java.util.concurrent.Executors$RunnableAdapter.call(Executors.java:539)
[2025-03-26T13:46:38.505+0000] {spark_submit.py:645} INFO - at java.base/java.util.concurrent.FutureTask.run(FutureTask.java:264)
[2025-03-26T13:46:38.506+0000] {spark_submit.py:645} INFO - at java.base/java.util.concurrent.ThreadPoolExecutor.runWorker(ThreadPoolExecutor.java:1136)
[2025-03-26T13:46:38.506+0000] {spark_submit.py:645} INFO - at java.base/java.util.concurrent.ThreadPoolExecutor$Worker.run(ThreadPoolExecutor.java:635)
[2025-03-26T13:46:38.507+0000] {spark_submit.py:645} INFO - at java.base/java.lang.Thread.run(Thread.java:840)
[2025-03-26T13:46:38.507+0000] {spark_submit.py:645} INFO - Caused by: java.io.IOException: Failed to connect to spark-master/<unresolved>:7077
[2025-03-26T13:46:38.507+0000] {spark_submit.py:645} INFO - at org.apache.spark.network.client.TransportClientFactory.createClient(TransportClientFactory.java:294)
[2025-03-26T13:46:38.508+0000] {spark_submit.py:645} INFO - at org.apache.spark.network.client.TransportClientFactory.createClient(TransportClientFactory.java:214)
[2025-03-26T13:46:38.508+0000] {spark_submit.py:645} INFO - at org.apache.spark.network.client.TransportClientFactory.createClient(TransportClientFactory.java:226)
[2025-03-26T13:46:38.509+0000] {spark_submit.py:645} INFO - at org.apache.spark.rpc.netty.NettyRpcEnv.createClient(NettyRpcEnv.scala:204)
[2025-03-26T13:46:38.509+0000] {spark_submit.py:645} INFO - at org.apache.spark.rpc.netty.Outbox$$anon$1.call(Outbox.scala:202)
[2025-03-26T13:46:38.509+0000] {spark_submit.py:645} INFO - at org.apache.spark.rpc.netty.Outbox$$anon$1.call(Outbox.scala:198)
[2025-03-26T13:46:38.510+0000] {spark_submit.py:645} INFO - ... 4 more
[2025-03-26T13:46:38.510+0000] {spark_submit.py:645} INFO - Caused by: java.net.UnknownHostException: spark-master
[2025-03-26T13:46:38.511+0000] {spark_submit.py:645} INFO - at java.base/java.net.InetAddress$CachedAddresses.get(InetAddress.java:801)
[2025-03-26T13:46:38.511+0000] {spark_submit.py:645} INFO - at java.base/java.net.InetAddress.getAllByName0(InetAddress.java:1533)
[2025-03-26T13:46:38.512+0000] {spark_submit.py:645} INFO - at java.base/java.net.InetAddress.getAllByName(InetAddress.java:1385)
[2025-03-26T13:46:38.512+0000] {spark_submit.py:645} INFO - at java.base/java.net.InetAddress.getAllByName(InetAddress.java:1306)
[2025-03-26T13:46:38.512+0000] {spark_submit.py:645} INFO - at java.base/java.net.InetAddress.getByName(InetAddress.java:1256)
[2025-03-26T13:46:38.513+0000] {spark_submit.py:645} INFO - at io.netty.util.internal.SocketUtils$8.run(SocketUtils.java:156)
[2025-03-26T13:46:38.513+0000] {spark_submit.py:645} INFO - at io.netty.util.internal.SocketUtils$8.run(SocketUtils.java:153)
[2025-03-26T13:46:38.513+0000] {spark_submit.py:645} INFO - at java.base/java.security.AccessController.doPrivileged(AccessController.java:569)
[2025-03-26T13:46:38.514+0000] {spark_submit.py:645} INFO - at io.netty.util.internal.SocketUtils.addressByName(SocketUtils.java:153)
[2025-03-26T13:46:38.514+0000] {spark_submit.py:645} INFO - at io.netty.resolver.DefaultNameResolver.doResolve(DefaultNameResolver.java:41)
[2025-03-26T13:46:38.515+0000] {spark_submit.py:645} INFO - at io.netty.resolver.SimpleNameResolver.resolve(SimpleNameResolver.java:61)
[2025-03-26T13:46:38.515+0000] {spark_submit.py:645} INFO - at io.netty.resolver.SimpleNameResolver.resolve(SimpleNameResolver.java:53)
[2025-03-26T13:46:38.515+0000] {spark_submit.py:645} INFO - at io.netty.resolver.InetSocketAddressResolver.doResolve(InetSocketAddressResolver.java:55)
[2025-03-26T13:46:38.516+0000] {spark_submit.py:645} INFO - at io.netty.resolver.InetSocketAddressResolver.doResolve(InetSocketAddressResolver.java:31)
[2025-03-26T13:46:38.516+0000] {spark_submit.py:645} INFO - at io.netty.resolver.AbstractAddressResolver.resolve(AbstractAddressResolver.java:106)
[2025-03-26T13:46:38.516+0000] {spark_submit.py:645} INFO - at io.netty.bootstrap.Bootstrap.doResolveAndConnect0(Bootstrap.java:220)
[2025-03-26T13:46:38.517+0000] {spark_submit.py:645} INFO - at io.netty.bootstrap.Bootstrap.access$000(Bootstrap.java:46)
[2025-03-26T13:46:38.517+0000] {spark_submit.py:645} INFO - at io.netty.bootstrap.Bootstrap$1.operationComplete(Bootstrap.java:189)
[2025-03-26T13:46:38.518+0000] {spark_submit.py:645} INFO - at io.netty.bootstrap.Bootstrap$1.operationComplete(Bootstrap.java:175)
[2025-03-26T13:46:38.518+0000] {spark_submit.py:645} INFO - at io.netty.util.concurrent.DefaultPromise.notifyListener0(DefaultPromise.java:590)
[2025-03-26T13:46:38.518+0000] {spark_submit.py:645} INFO - at io.netty.util.concurrent.DefaultPromise.notifyListenersNow(DefaultPromise.java:557)
[2025-03-26T13:46:38.519+0000] {spark_submit.py:645} INFO - at io.netty.util.concurrent.DefaultPromise.notifyListeners(DefaultPromise.java:492)
[2025-03-26T13:46:38.519+0000] {spark_submit.py:645} INFO - at io.netty.util.concurrent.DefaultPromise.setValue0(DefaultPromise.java:636)
[2025-03-26T13:46:38.519+0000] {spark_submit.py:645} INFO - at io.netty.util.concurrent.DefaultPromise.setSuccess0(DefaultPromise.java:625)
[2025-03-26T13:46:38.520+0000] {spark_submit.py:645} INFO - at io.netty.util.concurrent.DefaultPromise.trySuccess(DefaultPromise.java:105)
[2025-03-26T13:46:38.520+0000] {spark_submit.py:645} INFO - at io.netty.channel.DefaultChannelPromise.trySuccess(DefaultChannelPromise.java:84)
[2025-03-26T13:46:38.521+0000] {spark_submit.py:645} INFO - at io.netty.channel.AbstractChannel$AbstractUnsafe.safeSetSuccess(AbstractChannel.java:990)
[2025-03-26T13:46:38.521+0000] {spark_submit.py:645} INFO - at io.netty.channel.AbstractChannel$AbstractUnsafe.register0(AbstractChannel.java:516)
[2025-03-26T13:46:38.521+0000] {spark_submit.py:645} INFO - at io.netty.channel.AbstractChannel$AbstractUnsafe.access$200(AbstractChannel.java:429)
[2025-03-26T13:46:38.522+0000] {spark_submit.py:645} INFO - at io.netty.channel.AbstractChannel$AbstractUnsafe$1.run(AbstractChannel.java:486)
[2025-03-26T13:46:38.522+0000] {spark_submit.py:645} INFO - at io.netty.util.concurrent.AbstractEventExecutor.runTask(AbstractEventExecutor.java:174)
[2025-03-26T13:46:38.523+0000] {spark_submit.py:645} INFO - at io.netty.util.concurrent.AbstractEventExecutor.safeExecute(AbstractEventExecutor.java:167)
[2025-03-26T13:46:38.523+0000] {spark_submit.py:645} INFO - at io.netty.util.concurrent.SingleThreadEventExecutor.runAllTasks(SingleThreadEventExecutor.java:470)
[2025-03-26T13:46:38.524+0000] {spark_submit.py:645} INFO - at io.netty.channel.nio.NioEventLoop.run(NioEventLoop.java:569)
[2025-03-26T13:46:38.524+0000] {spark_submit.py:645} INFO - at io.netty.util.concurrent.SingleThreadEventExecutor$4.run(SingleThreadEventExecutor.java:997)
[2025-03-26T13:46:38.525+0000] {spark_submit.py:645} INFO - at io.netty.util.internal.ThreadExecutorMap$2.run(ThreadExecutorMap.java:74)
[2025-03-26T13:46:38.525+0000] {spark_submit.py:645} INFO - at io.netty.util.concurrent.FastThreadLocalRunnable.run(FastThreadLocalRunnable.java:30)
[2025-03-26T13:46:38.525+0000] {spark_submit.py:645} INFO - ... 1 more
[2025-03-26T13:46:55.135+0000] {spark_submit.py:645} INFO - 25/03/26 13:46:55 WARN StandaloneSchedulerBackend: Application ID is not initialized yet.
[2025-03-26T13:46:55.137+0000] {spark_submit.py:645} INFO - 25/03/26 13:46:55 ERROR StandaloneSchedulerBackend: Application has been killed. Reason: All masters are unresponsive! Giving up.
[2025-03-26T13:46:55.230+0000] {spark_submit.py:645} INFO - 25/03/26 13:46:55 INFO Utils: Successfully started service 'org.apache.spark.network.netty.NettyBlockTransferService' on port 34567.
[2025-03-26T13:46:55.231+0000] {spark_submit.py:645} INFO - 25/03/26 13:46:55 INFO NettyBlockTransferService: Server created on 9d8a997eda77:34567
[2025-03-26T13:46:55.255+0000] {spark_submit.py:645} INFO - 25/03/26 13:46:55 INFO BlockManager: Using org.apache.spark.storage.RandomBlockReplicationPolicy for block replication policy
[2025-03-26T13:46:55.302+0000] {spark_submit.py:645} INFO - 25/03/26 13:46:55 INFO BlockManagerMaster: Registering BlockManager BlockManagerId(driver, 9d8a997eda77, 34567, None)
[2025-03-26T13:46:55.310+0000] {spark_submit.py:645} INFO - 25/03/26 13:46:55 INFO BlockManagerMasterEndpoint: Registering block manager 9d8a997eda77:34567 with 434.4 MiB RAM, BlockManagerId(driver, 9d8a997eda77, 34567, None)
[2025-03-26T13:46:55.313+0000] {spark_submit.py:645} INFO - 25/03/26 13:46:55 INFO BlockManagerMaster: Registered BlockManager BlockManagerId(driver, 9d8a997eda77, 34567, None)
[2025-03-26T13:46:55.319+0000] {spark_submit.py:645} INFO - 25/03/26 13:46:55 INFO BlockManager: Initialized BlockManager: BlockManagerId(driver, 9d8a997eda77, 34567, None)
[2025-03-26T13:46:55.779+0000] {spark_submit.py:645} INFO - 25/03/26 13:46:55 INFO StandaloneSchedulerBackend: SchedulerBackend is ready for scheduling beginning after reached minRegisteredResourcesRatio: 0.0
[2025-03-26T13:46:56.335+0000] {spark_submit.py:645} INFO - 25/03/26 13:46:56 INFO SparkContext: SparkContext is stopping with exitCode 0.
[2025-03-26T13:46:56.379+0000] {spark_submit.py:645} INFO - 25/03/26 13:46:56 INFO SparkUI: Stopped Spark web UI at http://9d8a997eda77:4040
[2025-03-26T13:46:56.392+0000] {spark_submit.py:645} INFO - 25/03/26 13:46:56 INFO StandaloneSchedulerBackend: Shutting down all executors
[2025-03-26T13:46:56.403+0000] {spark_submit.py:645} INFO - 25/03/26 13:46:56 INFO StandaloneSchedulerBackend$StandaloneDriverEndpoint: Asking each executor to shut down
[2025-03-26T13:46:56.409+0000] {spark_submit.py:645} INFO - 25/03/26 13:46:56 WARN StandaloneAppClient$ClientEndpoint: Drop UnregisterApplication(null) because has not yet connected to master
[2025-03-26T13:46:56.423+0000] {spark_submit.py:645} INFO - 25/03/26 13:46:56 INFO MapOutputTrackerMasterEndpoint: MapOutputTrackerMasterEndpoint stopped!
[2025-03-26T13:46:56.431+0000] {spark_submit.py:645} INFO - Traceback (most recent call last):
[2025-03-26T13:46:56.431+0000] {spark_submit.py:645} INFO - File "/spark_job/data_transformation.py", line 42, in <module>
[2025-03-26T13:46:56.434+0000] {spark_submit.py:645} INFO - spark = create_spark_session()
[2025-03-26T13:46:56.434+0000] {spark_submit.py:645} INFO - ^^^^^^^^^^^^^^^^^^^^^^
[2025-03-26T13:46:56.435+0000] {spark_submit.py:645} INFO - File "/spark_job/data_transformation.py", line 14, in create_spark_session
[2025-03-26T13:46:56.440+0000] {spark_submit.py:645} INFO - .getOrCreate()
[2025-03-26T13:46:56.442+0000] {spark_submit.py:645} INFO - ^^^^^^^^^^^^^
[2025-03-26T13:46:56.443+0000] {spark_submit.py:645} INFO - File "/home/***/.local/lib/python3.11/site-packages/pyspark/python/lib/pyspark.zip/pyspark/sql/session.py", line 500, in getOrCreate
[2025-03-26T13:46:56.444+0000] {spark_submit.py:645} INFO - File "/home/***/.local/lib/python3.11/site-packages/pyspark/python/lib/pyspark.zip/pyspark/sql/session.py", line 589, in __init__
[2025-03-26T13:46:56.444+0000] {spark_submit.py:645} INFO - File "/home/***/.local/lib/python3.11/site-packages/pyspark/python/lib/py4j-0.10.9.7-src.zip/py4j/java_gateway.py", line 1587, in __call__
[2025-03-26T13:46:56.450+0000] {spark_submit.py:645} INFO - File "/home/***/.local/lib/python3.11/site-packages/pyspark/python/lib/py4j-0.10.9.7-src.zip/py4j/protocol.py", line 326, in get_return_value
[2025-03-26T13:46:56.451+0000] {spark_submit.py:645} INFO - py4j.protocol.Py4JJavaError25/03/26 13:46:56 INFO MemoryStore: MemoryStore cleared
[2025-03-26T13:46:56.452+0000] {spark_submit.py:645} INFO - 25/03/26 13:46:56 INFO BlockManager: BlockManager stopped
[2025-03-26T13:46:56.452+0000] {spark_submit.py:645} INFO - : An error occurred while calling None.org.apache.spark.sql.SparkSession.
[2025-03-26T13:46:56.453+0000] {spark_submit.py:645} INFO - : java.lang.IllegalStateException: Cannot call methods on a stopped SparkContext.
[2025-03-26T13:46:56.453+0000] {spark_submit.py:645} INFO - This stopped SparkContext was created at:
[2025-03-26T13:46:56.454+0000] {spark_submit.py:645} INFO - 
[2025-03-26T13:46:56.454+0000] {spark_submit.py:645} INFO - org.apache.spark.api.java.JavaSparkContext.<init>(JavaSparkContext.scala:58)
[2025-03-26T13:46:56.455+0000] {spark_submit.py:645} INFO - java.base/jdk.internal.reflect.NativeConstructorAccessorImpl.newInstance0(Native Method)
[2025-03-26T13:46:56.455+0000] {spark_submit.py:645} INFO - java.base/jdk.internal.reflect.NativeConstructorAccessorImpl.newInstance(NativeConstructorAccessorImpl.java:77)
[2025-03-26T13:46:56.455+0000] {spark_submit.py:645} INFO - java.base/jdk.internal.reflect.DelegatingConstructorAccessorImpl.newInstance(DelegatingConstructorAccessorImpl.java:45)
[2025-03-26T13:46:56.456+0000] {spark_submit.py:645} INFO - java.base/java.lang.reflect.Constructor.newInstanceWithCaller(Constructor.java:500)
[2025-03-26T13:46:56.456+0000] {spark_submit.py:645} INFO - java.base/java.lang.reflect.Constructor.newInstance(Constructor.java:481)
[2025-03-26T13:46:56.457+0000] {spark_submit.py:645} INFO - py4j.reflection.MethodInvoker.invoke(MethodInvoker.java:247)
[2025-03-26T13:46:56.463+0000] {spark_submit.py:645} INFO - py4j.reflection.ReflectionEngine.invoke(ReflectionEngine.java:374)
[2025-03-26T13:46:56.464+0000] {spark_submit.py:645} INFO - py4j.Gateway.invoke(Gateway.java:238)
[2025-03-26T13:46:56.465+0000] {spark_submit.py:645} INFO - py4j.commands.ConstructorCommand.invokeConstructor(ConstructorCommand.java:80)
[2025-03-26T13:46:56.466+0000] {spark_submit.py:645} INFO - py4j.commands.ConstructorCommand.execute(ConstructorCommand.java:69)
[2025-03-26T13:46:56.467+0000] {spark_submit.py:645} INFO - py4j.ClientServerConnection.waitForCommands(ClientServerConnection.java:182)
[2025-03-26T13:46:56.468+0000] {spark_submit.py:645} INFO - py4j.ClientServerConnection.run(ClientServerConnection.java:106)
[2025-03-26T13:46:56.468+0000] {spark_submit.py:645} INFO - java.base/java.lang.Thread.run(Thread.java:840)
[2025-03-26T13:46:56.469+0000] {spark_submit.py:645} INFO - 
[2025-03-26T13:46:56.469+0000] {spark_submit.py:645} INFO - The currently active SparkContext was created at:
[2025-03-26T13:46:56.470+0000] {spark_submit.py:645} INFO - 
[2025-03-26T13:46:56.470+0000] {spark_submit.py:645} INFO - org.apache.spark.api.java.JavaSparkContext.<init>(JavaSparkContext.scala:58)
[2025-03-26T13:46:56.470+0000] {spark_submit.py:645} INFO - java.base/jdk.internal.reflect.NativeConstructorAccessorImpl.newInstance0(Native Method)
[2025-03-26T13:46:56.471+0000] {spark_submit.py:645} INFO - java.base/jdk.internal.reflect.NativeConstructorAccessorImpl.newInstance(NativeConstructorAccessorImpl.java:77)
[2025-03-26T13:46:56.471+0000] {spark_submit.py:645} INFO - java.base/jdk.internal.reflect.DelegatingConstructorAccessorImpl.newInstance(DelegatingConstructorAccessorImpl.java:45)
[2025-03-26T13:46:56.472+0000] {spark_submit.py:645} INFO - java.base/java.lang.reflect.Constructor.newInstanceWithCaller(Constructor.java:500)
[2025-03-26T13:46:56.472+0000] {spark_submit.py:645} INFO - java.base/java.lang.reflect.Constructor.newInstance(Constructor.java:481)
[2025-03-26T13:46:56.473+0000] {spark_submit.py:645} INFO - py4j.reflection.MethodInvoker.invoke(MethodInvoker.java:247)
[2025-03-26T13:46:56.473+0000] {spark_submit.py:645} INFO - py4j.reflection.ReflectionEngine.invoke(ReflectionEngine.java:374)
[2025-03-26T13:46:56.473+0000] {spark_submit.py:645} INFO - py4j.Gateway.invoke(Gateway.java:238)
[2025-03-26T13:46:56.474+0000] {spark_submit.py:645} INFO - py4j.commands.ConstructorCommand.invokeConstructor(ConstructorCommand.java:80)
[2025-03-26T13:46:56.475+0000] {spark_submit.py:645} INFO - py4j.commands.ConstructorCommand.execute(ConstructorCommand.java:69)
[2025-03-26T13:46:56.476+0000] {spark_submit.py:645} INFO - py4j.ClientServerConnection.waitForCommands(ClientServerConnection.java:182)
[2025-03-26T13:46:56.477+0000] {spark_submit.py:645} INFO - py4j.ClientServerConnection.run(ClientServerConnection.java:106)
[2025-03-26T13:46:56.478+0000] {spark_submit.py:645} INFO - java.base/java.lang.Thread.run(Thread.java:840)
[2025-03-26T13:46:56.478+0000] {spark_submit.py:645} INFO - 
[2025-03-26T13:46:56.479+0000] {spark_submit.py:645} INFO - at org.apache.spark.SparkContext.assertNotStopped(SparkContext.scala:122)
[2025-03-26T13:46:56.479+0000] {spark_submit.py:645} INFO - at org.apache.spark.sql.SparkSession.<init>(SparkSession.scala:113)
[2025-03-26T13:46:56.480+0000] {spark_submit.py:645} INFO - at org.apache.spark.sql.SparkSession.<init>(SparkSession.scala:106)
[2025-03-26T13:46:56.480+0000] {spark_submit.py:645} INFO - at java.base/jdk.internal.reflect.NativeConstructorAccessorImpl.newInstance0(Native Method)
[2025-03-26T13:46:56.481+0000] {spark_submit.py:645} INFO - at java.base/jdk.internal.reflect.NativeConstructorAccessorImpl.newInstance(NativeConstructorAccessorImpl.java:77)
[2025-03-26T13:46:56.481+0000] {spark_submit.py:645} INFO - at java.base/jdk.internal.reflect.DelegatingConstructorAccessorImpl.newInstance(DelegatingConstructorAccessorImpl.java:45)
[2025-03-26T13:46:56.482+0000] {spark_submit.py:645} INFO - at java.base/java.lang.reflect.Constructor.newInstanceWithCaller(Constructor.java:500)
[2025-03-26T13:46:56.482+0000] {spark_submit.py:645} INFO - at java.base/java.lang.reflect.Constructor.newInstance(Constructor.java:481)
[2025-03-26T13:46:56.482+0000] {spark_submit.py:645} INFO - at py4j.reflection.MethodInvoker.invoke(MethodInvoker.java:247)
[2025-03-26T13:46:56.483+0000] {spark_submit.py:645} INFO - at py4j.reflection.ReflectionEngine.invoke(ReflectionEngine.java:374)
[2025-03-26T13:46:56.483+0000] {spark_submit.py:645} INFO - at py4j.Gateway.invoke(Gateway.java:238)
[2025-03-26T13:46:56.483+0000] {spark_submit.py:645} INFO - at py4j.commands.ConstructorCommand.invokeConstructor(ConstructorCommand.java:80)
[2025-03-26T13:46:56.484+0000] {spark_submit.py:645} INFO - at py4j.commands.ConstructorCommand.execute(ConstructorCommand.java:69)
[2025-03-26T13:46:56.484+0000] {spark_submit.py:645} INFO - at py4j.ClientServerConnection.waitForCommands(ClientServerConnection.java:182)
[2025-03-26T13:46:56.485+0000] {spark_submit.py:645} INFO - at py4j.ClientServerConnection.run(ClientServerConnection.java:106)
[2025-03-26T13:46:56.485+0000] {spark_submit.py:645} INFO - at java.base/java.lang.Thread.run(Thread.java:840)
[2025-03-26T13:46:56.486+0000] {spark_submit.py:645} INFO - 
[2025-03-26T13:46:56.486+0000] {spark_submit.py:645} INFO - 25/03/26 13:46:56 INFO BlockManagerMaster: BlockManagerMaster stopped
[2025-03-26T13:46:56.486+0000] {spark_submit.py:645} INFO - 25/03/26 13:46:56 INFO OutputCommitCoordinator$OutputCommitCoordinatorEndpoint: OutputCommitCoordinator stopped!
[2025-03-26T13:46:56.513+0000] {spark_submit.py:645} INFO - 25/03/26 13:46:56 INFO SparkContext: Successfully stopped SparkContext
[2025-03-26T13:46:56.567+0000] {spark_submit.py:645} INFO - 25/03/26 13:46:56 INFO ShutdownHookManager: Shutdown hook called
[2025-03-26T13:46:56.568+0000] {spark_submit.py:645} INFO - 25/03/26 13:46:56 INFO ShutdownHookManager: Deleting directory /tmp/spark-fd00b474-a9bd-4ce9-8372-a9f74873a343
[2025-03-26T13:46:56.574+0000] {spark_submit.py:645} INFO - 25/03/26 13:46:56 INFO ShutdownHookManager: Deleting directory /tmp/spark-fd00b474-a9bd-4ce9-8372-a9f74873a343/pyspark-fa9d070d-707c-4617-b545-2b2f3ff3639c
[2025-03-26T13:46:56.579+0000] {spark_submit.py:645} INFO - 25/03/26 13:46:56 INFO ShutdownHookManager: Deleting directory /tmp/spark-b8a31bdb-fc00-42a8-a41e-81e748ba078c
[2025-03-26T13:46:56.623+0000] {taskinstance.py:441} INFO - ::group::Post task execution logs
[2025-03-26T13:46:56.638+0000] {taskinstance.py:2905} ERROR - Task failed with exception
Traceback (most recent call last):
  File "/home/airflow/.local/lib/python3.11/site-packages/airflow/models/taskinstance.py", line 465, in _execute_task
    result = _execute_callable(context=context, **execute_callable_kwargs)
             ^^^^^^^^^^^^^^^^^^^^^^^^^^^^^^^^^^^^^^^^^^^^^^^^^^^^^^^^^^^^^
  File "/home/airflow/.local/lib/python3.11/site-packages/airflow/models/taskinstance.py", line 432, in _execute_callable
    return execute_callable(context=context, **execute_callable_kwargs)
           ^^^^^^^^^^^^^^^^^^^^^^^^^^^^^^^^^^^^^^^^^^^^^^^^^^^^^^^^^^^^
  File "/home/airflow/.local/lib/python3.11/site-packages/airflow/models/baseoperator.py", line 401, in wrapper
    return func(self, *args, **kwargs)
           ^^^^^^^^^^^^^^^^^^^^^^^^^^^
  File "/home/airflow/.local/lib/python3.11/site-packages/airflow/operators/python.py", line 235, in execute
    return_value = self.execute_callable()
                   ^^^^^^^^^^^^^^^^^^^^^^^
  File "/home/airflow/.local/lib/python3.11/site-packages/airflow/operators/python.py", line 252, in execute_callable
    return self.python_callable(*self.op_args, **self.op_kwargs)
           ^^^^^^^^^^^^^^^^^^^^^^^^^^^^^^^^^^^^^^^^^^^^^^^^^^^^^
  File "/opt/airflow/dags/etl_pipeline.py", line 96, in spark_dtransformation
    ).execute(kwargs)
      ^^^^^^^^^^^^^^^
  File "/home/airflow/.local/lib/python3.11/site-packages/airflow/models/baseoperator.py", line 401, in wrapper
    return func(self, *args, **kwargs)
           ^^^^^^^^^^^^^^^^^^^^^^^^^^^
  File "/home/airflow/.local/lib/python3.11/site-packages/airflow/providers/apache/spark/operators/spark_submit.py", line 177, in execute
    self._hook.submit(self.application)
  File "/home/airflow/.local/lib/python3.11/site-packages/airflow/providers/apache/spark/hooks/spark_submit.py", line 567, in submit
    raise AirflowException(
airflow.exceptions.AirflowException: Cannot execute: spark-submit --master spark://spark-master:7077 --conf spark.master=spark://spark-master:7077 --conf spark.executor.memory=2g --conf spark.executor.cores=2 --conf spark.jars=/opt/spark_job/aws-java-sdk-bundle-1.12.262.jar,/opt/spark_job/jars/hadoop-aws-3.3.4.jar --conf spark.hadoop.fs.s3a.endpoint=http://minio:9000 --conf spark.hadoop.fs.s3a.access.key=admin --conf spark.hadoop.fs.s3a.secret.key=****** --conf spark.hadoop.fs.s3a.impl=org.apache.hadoop.fs.s3a.S3AFileSystem --conf spark.hadoop.fs.s3a.path.style.access=true --principal *** --name arrow-spark --verbose --deploy-mode client /spark_job/data_transformation.py s3://raw/playlist_20250326_133348.json. Error code is: 1.
[2025-03-26T13:46:56.649+0000] {taskinstance.py:1206} INFO - Marking task as UP_FOR_RETRY. dag_id=etl_pipeline, task_id=transformation, run_id=manual__2025-03-26T13:33:39.761724+00:00, execution_date=20250326T133339, start_date=20250326T134549, end_date=20250326T134656
[2025-03-26T13:46:56.683+0000] {standard_task_runner.py:110} ERROR - Failed to execute job 8 for task transformation (Cannot execute: spark-submit --master spark://spark-master:7077 --conf spark.master=spark://spark-master:7077 --conf spark.executor.memory=2g --conf spark.executor.cores=2 --conf spark.jars=/opt/spark_job/aws-java-sdk-bundle-1.12.262.jar,/opt/spark_job/jars/hadoop-aws-3.3.4.jar --conf spark.hadoop.fs.s3a.endpoint=http://minio:9000 --conf spark.hadoop.fs.s3a.access.key=admin --conf spark.hadoop.fs.s3a.secret.key=****** --conf spark.hadoop.fs.s3a.impl=org.apache.hadoop.fs.s3a.S3AFileSystem --conf spark.hadoop.fs.s3a.path.style.access=true --principal *** --name arrow-spark --verbose --deploy-mode client /spark_job/data_transformation.py s3://raw/playlist_20250326_133348.json. Error code is: 1.; 937)
[2025-03-26T13:46:56.712+0000] {local_task_job_runner.py:240} INFO - Task exited with return code 1
[2025-03-26T13:46:56.746+0000] {taskinstance.py:3503} INFO - 0 downstream tasks scheduled from follow-on schedule check
[2025-03-26T13:46:56.787+0000] {local_task_job_runner.py:222} INFO - ::endgroup::
