[2025-03-30T18:21:10.659+0000] {local_task_job_runner.py:120} INFO - ::group::Pre task execution logs
[2025-03-30T18:21:10.763+0000] {taskinstance.py:2076} INFO - Dependencies all met for dep_context=non-requeueable deps ti=<TaskInstance: etl_pipeline.transformation manual__2025-03-26T13:33:39.761724+00:00 [queued]>
[2025-03-30T18:21:10.772+0000] {taskinstance.py:2076} INFO - Dependencies all met for dep_context=requeueable deps ti=<TaskInstance: etl_pipeline.transformation manual__2025-03-26T13:33:39.761724+00:00 [queued]>
[2025-03-30T18:21:10.773+0000] {taskinstance.py:2306} INFO - Starting attempt 73 of 74
[2025-03-30T18:21:10.801+0000] {taskinstance.py:2330} INFO - Executing <Task(PythonOperator): transformation> on 2025-03-26 13:33:39.761724+00:00
[2025-03-30T18:21:10.808+0000] {standard_task_runner.py:63} INFO - Started process 1650 to run task
[2025-03-30T18:21:10.811+0000] {standard_task_runner.py:90} INFO - Running: ['***', 'tasks', 'run', 'etl_pipeline', 'transformation', 'manual__2025-03-26T13:33:39.761724+00:00', '--job-id', '123', '--raw', '--subdir', 'DAGS_FOLDER/etl_pipeline.py', '--cfg-path', '/tmp/tmpkyi1330m']
[2025-03-30T18:21:10.814+0000] {standard_task_runner.py:91} INFO - Job 123: Subtask transformation
[2025-03-30T18:21:11.151+0000] {task_command.py:426} INFO - Running <TaskInstance: etl_pipeline.transformation manual__2025-03-26T13:33:39.761724+00:00 [running]> on host 4962f173392a
[2025-03-30T18:21:11.313+0000] {taskinstance.py:2648} INFO - Exporting env vars: AIRFLOW_CTX_DAG_OWNER='lobobranco' AIRFLOW_CTX_DAG_ID='etl_pipeline' AIRFLOW_CTX_TASK_ID='transformation' AIRFLOW_CTX_EXECUTION_DATE='2025-03-26T13:33:39.761724+00:00' AIRFLOW_CTX_TRY_NUMBER='73' AIRFLOW_CTX_DAG_RUN_ID='manual__2025-03-26T13:33:39.761724+00:00'
[2025-03-30T18:21:11.314+0000] {taskinstance.py:430} INFO - ::endgroup::
[2025-03-30T18:21:11.343+0000] {etl_pipeline.py:76} INFO - Transforming data from file: s3://raw/playlist_20250329_132856.json
[2025-03-30T18:21:11.344+0000] {logging_mixin.py:188} INFO - File Path: s3://raw/playlist_20250329_132856.json
[2025-03-30T18:21:11.344+0000] {logging_mixin.py:188} INFO - Processed Bucket: processed
[2025-03-30T18:21:11.345+0000] {baseoperator.py:400} WARNING - SparkSubmitOperator.execute cannot be called outside TaskInstance!
[2025-03-30T18:21:11.360+0000] {base.py:84} INFO - Using connection ID 'spark_default' for task execution.
[2025-03-30T18:21:11.361+0000] {spark_submit.py:328} ERROR - Failed to decode base64 keytab: Incorrect padding
[2025-03-30T18:21:11.362+0000] {spark_submit.py:305} INFO - Could not load connection string spark_default, defaulting to spark://spark-master:7077
[2025-03-30T18:21:11.363+0000] {spark_submit.py:474} INFO - Spark-Submit cmd: spark-submit --master spark://spark-master:7077 --conf spark.executor.memory=512m --conf spark.executor.cores=1 --conf spark.jars=/opt/spark_job/jars/aws-java-sdk-bundle-1.12.262.jar,/opt/spark_job/jars/hadoop-aws-3.3.4.jar --conf spark.hadoop.fs.s3a.endpoint=http://minio:9000 --conf spark.hadoop.fs.s3a.access.key=admin --conf spark.hadoop.fs.s3a.secret.key=****** --conf spark.hadoop.fs.s3a.impl=org.apache.hadoop.fs.s3a.S3AFileSystem --conf spark.hadoop.fs.s3a.path.style.access=true --principal *** --name arrow-spark --verbose --deploy-mode client /opt/spark_job/data_transformation.py s3://raw/playlist_20250329_132856.json processed
[2025-03-30T18:21:11.504+0000] {spark_submit.py:645} INFO - /home/***/.local/lib/python3.11/site-packages/pyspark/bin/load-spark-env.sh: line 68: ps: command not found
[2025-03-30T18:21:13.318+0000] {spark_submit.py:645} INFO - Using properties file: null
[2025-03-30T18:21:13.438+0000] {spark_submit.py:645} INFO - Parsed arguments:
[2025-03-30T18:21:13.439+0000] {spark_submit.py:645} INFO - master                  spark://spark-master:7077
[2025-03-30T18:21:13.439+0000] {spark_submit.py:645} INFO - remote                  null
[2025-03-30T18:21:13.440+0000] {spark_submit.py:645} INFO - deployMode              client
[2025-03-30T18:21:13.440+0000] {spark_submit.py:645} INFO - executorMemory          512m
[2025-03-30T18:21:13.441+0000] {spark_submit.py:645} INFO - executorCores           1
[2025-03-30T18:21:13.441+0000] {spark_submit.py:645} INFO - totalExecutorCores      null
[2025-03-30T18:21:13.442+0000] {spark_submit.py:645} INFO - propertiesFile          null
[2025-03-30T18:21:13.442+0000] {spark_submit.py:645} INFO - driverMemory            null
[2025-03-30T18:21:13.442+0000] {spark_submit.py:645} INFO - driverCores             null
[2025-03-30T18:21:13.443+0000] {spark_submit.py:645} INFO - driverExtraClassPath    null
[2025-03-30T18:21:13.443+0000] {spark_submit.py:645} INFO - driverExtraLibraryPath  null
[2025-03-30T18:21:13.443+0000] {spark_submit.py:645} INFO - driverExtraJavaOptions  null
[2025-03-30T18:21:13.444+0000] {spark_submit.py:645} INFO - supervise               false
[2025-03-30T18:21:13.444+0000] {spark_submit.py:645} INFO - queue                   null
[2025-03-30T18:21:13.444+0000] {spark_submit.py:645} INFO - numExecutors            null
[2025-03-30T18:21:13.445+0000] {spark_submit.py:645} INFO - files                   null
[2025-03-30T18:21:13.445+0000] {spark_submit.py:645} INFO - pyFiles                 null
[2025-03-30T18:21:13.445+0000] {spark_submit.py:645} INFO - archives                null
[2025-03-30T18:21:13.446+0000] {spark_submit.py:645} INFO - mainClass               null
[2025-03-30T18:21:13.446+0000] {spark_submit.py:645} INFO - primaryResource         file:/opt/spark_job/data_transformation.py
[2025-03-30T18:21:13.446+0000] {spark_submit.py:645} INFO - name                    arrow-spark
[2025-03-30T18:21:13.447+0000] {spark_submit.py:645} INFO - childArgs               [s3://raw/playlist_20250329_132856.json processed]
[2025-03-30T18:21:13.447+0000] {spark_submit.py:645} INFO - jars                    /opt/spark_job/jars/aws-java-sdk-bundle-1.12.262.jar,/opt/spark_job/jars/hadoop-aws-3.3.4.jar
[2025-03-30T18:21:13.447+0000] {spark_submit.py:645} INFO - packages                null
[2025-03-30T18:21:13.448+0000] {spark_submit.py:645} INFO - packagesExclusions      null
[2025-03-30T18:21:13.448+0000] {spark_submit.py:645} INFO - repositories            null
[2025-03-30T18:21:13.448+0000] {spark_submit.py:645} INFO - verbose                 true
[2025-03-30T18:21:13.449+0000] {spark_submit.py:645} INFO - 
[2025-03-30T18:21:13.449+0000] {spark_submit.py:645} INFO - Spark properties used, including those specified through
[2025-03-30T18:21:13.449+0000] {spark_submit.py:645} INFO - --conf and those from the properties file null:
[2025-03-30T18:21:13.450+0000] {spark_submit.py:645} INFO - (spark.executor.cores,1)
[2025-03-30T18:21:13.450+0000] {spark_submit.py:645} INFO - (spark.executor.memory,512m)
[2025-03-30T18:21:13.450+0000] {spark_submit.py:645} INFO - (spark.hadoop.fs.s3a.access.key,*********(redacted))
[2025-03-30T18:21:13.451+0000] {spark_submit.py:645} INFO - (spark.hadoop.fs.s3a.endpoint,http://minio:9000)
[2025-03-30T18:21:13.451+0000] {spark_submit.py:645} INFO - (spark.hadoop.fs.s3a.impl,org.apache.hadoop.fs.s3a.S3AFileSystem)
[2025-03-30T18:21:13.451+0000] {spark_submit.py:645} INFO - (spark.hadoop.fs.s3a.path.style.access,true)
[2025-03-30T18:21:13.452+0000] {spark_submit.py:645} INFO - (spark.hadoop.fs.s3a.secret.key,*********(redacted))
[2025-03-30T18:21:13.452+0000] {spark_submit.py:645} INFO - (spark.jars,/opt/spark_job/jars/aws-java-sdk-bundle-1.12.262.jar,/opt/spark_job/jars/hadoop-aws-3.3.4.jar)
[2025-03-30T18:21:13.452+0000] {spark_submit.py:645} INFO - 
[2025-03-30T18:21:13.453+0000] {spark_submit.py:645} INFO - 
[2025-03-30T18:21:13.771+0000] {spark_submit.py:645} INFO - 25/03/30 18:21:13 WARN NativeCodeLoader: Unable to load native-hadoop library for your platform... using builtin-java classes where applicable
[2025-03-30T18:21:14.000+0000] {spark_submit.py:645} INFO - Main class:
[2025-03-30T18:21:14.001+0000] {spark_submit.py:645} INFO - org.apache.spark.deploy.PythonRunner
[2025-03-30T18:21:14.002+0000] {spark_submit.py:645} INFO - Arguments:
[2025-03-30T18:21:14.002+0000] {spark_submit.py:645} INFO - file:/opt/spark_job/data_transformation.py
[2025-03-30T18:21:14.003+0000] {spark_submit.py:645} INFO - null
[2025-03-30T18:21:14.009+0000] {spark_submit.py:645} INFO - s3://raw/playlist_20250329_132856.json
[2025-03-30T18:21:14.010+0000] {spark_submit.py:645} INFO - processed
[2025-03-30T18:21:14.010+0000] {spark_submit.py:645} INFO - Spark config:
[2025-03-30T18:21:14.011+0000] {spark_submit.py:645} INFO - (spark.app.name,arrow-spark)
[2025-03-30T18:21:14.011+0000] {spark_submit.py:645} INFO - (spark.app.submitTime,1743358873975)
[2025-03-30T18:21:14.015+0000] {spark_submit.py:645} INFO - (spark.executor.cores,1)
[2025-03-30T18:21:14.015+0000] {spark_submit.py:645} INFO - (spark.executor.memory,512m)
[2025-03-30T18:21:14.016+0000] {spark_submit.py:645} INFO - (spark.hadoop.fs.s3a.access.key,*********(redacted))
[2025-03-30T18:21:14.016+0000] {spark_submit.py:645} INFO - (spark.hadoop.fs.s3a.endpoint,http://minio:9000)
[2025-03-30T18:21:14.017+0000] {spark_submit.py:645} INFO - (spark.hadoop.fs.s3a.impl,org.apache.hadoop.fs.s3a.S3AFileSystem)
[2025-03-30T18:21:14.017+0000] {spark_submit.py:645} INFO - (spark.hadoop.fs.s3a.path.style.access,true)
[2025-03-30T18:21:14.018+0000] {spark_submit.py:645} INFO - (spark.hadoop.fs.s3a.secret.key,*********(redacted))
[2025-03-30T18:21:14.019+0000] {spark_submit.py:645} INFO - (spark.jars,file:///opt/spark_job/jars/aws-java-sdk-bundle-1.12.262.jar,file:///opt/spark_job/jars/hadoop-aws-3.3.4.jar)
[2025-03-30T18:21:14.019+0000] {spark_submit.py:645} INFO - (spark.kerberos.principal,***)
[2025-03-30T18:21:14.020+0000] {spark_submit.py:645} INFO - (spark.master,spark://spark-master:7077)
[2025-03-30T18:21:14.020+0000] {spark_submit.py:645} INFO - (spark.repl.local.jars,file:///opt/spark_job/jars/aws-java-sdk-bundle-1.12.262.jar,file:///opt/spark_job/jars/hadoop-aws-3.3.4.jar)
[2025-03-30T18:21:14.020+0000] {spark_submit.py:645} INFO - (spark.submit.deployMode,client)
[2025-03-30T18:21:14.021+0000] {spark_submit.py:645} INFO - (spark.submit.pyFiles,)
[2025-03-30T18:21:14.021+0000] {spark_submit.py:645} INFO - Classpath elements:
[2025-03-30T18:21:14.022+0000] {spark_submit.py:645} INFO - file:///opt/spark_job/jars/aws-java-sdk-bundle-1.12.262.jar
[2025-03-30T18:21:14.022+0000] {spark_submit.py:645} INFO - file:///opt/spark_job/jars/hadoop-aws-3.3.4.jar
[2025-03-30T18:21:14.023+0000] {spark_submit.py:645} INFO - 
[2025-03-30T18:21:14.029+0000] {spark_submit.py:645} INFO - 
[2025-03-30T18:21:15.085+0000] {spark_submit.py:645} INFO - 2025-03-30 18:21:15,085 - INFO - Iniciando a configuração da Spark Session
[2025-03-30T18:21:15.762+0000] {spark_submit.py:645} INFO - 25/03/30 18:21:15 INFO SparkContext: Running Spark version 3.5.3
[2025-03-30T18:21:15.763+0000] {spark_submit.py:645} INFO - 25/03/30 18:21:15 INFO SparkContext: OS info Linux, 5.15.153.1-microsoft-standard-WSL2, amd64
[2025-03-30T18:21:15.763+0000] {spark_submit.py:645} INFO - 25/03/30 18:21:15 INFO SparkContext: Java version 17.0.14
[2025-03-30T18:21:15.794+0000] {spark_submit.py:645} INFO - 25/03/30 18:21:15 INFO ResourceUtils: ==============================================================
[2025-03-30T18:21:15.795+0000] {spark_submit.py:645} INFO - 25/03/30 18:21:15 INFO ResourceUtils: No custom resources configured for spark.driver.
[2025-03-30T18:21:15.795+0000] {spark_submit.py:645} INFO - 25/03/30 18:21:15 INFO ResourceUtils: ==============================================================
[2025-03-30T18:21:15.796+0000] {spark_submit.py:645} INFO - 25/03/30 18:21:15 INFO SparkContext: Submitted application: Minio Integration with PySpark
[2025-03-30T18:21:15.817+0000] {spark_submit.py:645} INFO - 25/03/30 18:21:15 INFO ResourceProfile: Default ResourceProfile created, executor resources: Map(cores -> name: cores, amount: 1, script: , vendor: , memory -> name: memory, amount: 512, script: , vendor: , offHeap -> name: offHeap, amount: 0, script: , vendor: ), task resources: Map(cpus -> name: cpus, amount: 1.0)
[2025-03-30T18:21:15.828+0000] {spark_submit.py:645} INFO - 25/03/30 18:21:15 INFO ResourceProfile: Limiting resource is cpus at 1 tasks per executor
[2025-03-30T18:21:15.830+0000] {spark_submit.py:645} INFO - 25/03/30 18:21:15 INFO ResourceProfileManager: Added ResourceProfile id: 0
[2025-03-30T18:21:15.884+0000] {spark_submit.py:645} INFO - 25/03/30 18:21:15 INFO SecurityManager: Changing view acls to: ***
[2025-03-30T18:21:15.884+0000] {spark_submit.py:645} INFO - 25/03/30 18:21:15 INFO SecurityManager: Changing modify acls to: ***
[2025-03-30T18:21:15.885+0000] {spark_submit.py:645} INFO - 25/03/30 18:21:15 INFO SecurityManager: Changing view acls groups to:
[2025-03-30T18:21:15.885+0000] {spark_submit.py:645} INFO - 25/03/30 18:21:15 INFO SecurityManager: Changing modify acls groups to:
[2025-03-30T18:21:15.886+0000] {spark_submit.py:645} INFO - 25/03/30 18:21:15 INFO SecurityManager: SecurityManager: authentication disabled; ui acls disabled; users with view permissions: ***; groups with view permissions: EMPTY; users with modify permissions: ***; groups with modify permissions: EMPTY
[2025-03-30T18:21:16.170+0000] {spark_submit.py:645} INFO - 25/03/30 18:21:16 INFO Utils: Successfully started service 'sparkDriver' on port 40121.
[2025-03-30T18:21:16.213+0000] {spark_submit.py:645} INFO - 25/03/30 18:21:16 INFO SparkEnv: Registering MapOutputTracker
[2025-03-30T18:21:16.250+0000] {spark_submit.py:645} INFO - 25/03/30 18:21:16 INFO SparkEnv: Registering BlockManagerMaster
[2025-03-30T18:21:16.296+0000] {spark_submit.py:645} INFO - 25/03/30 18:21:16 INFO BlockManagerMasterEndpoint: Using org.apache.spark.storage.DefaultTopologyMapper for getting topology information
[2025-03-30T18:21:16.300+0000] {spark_submit.py:645} INFO - 25/03/30 18:21:16 INFO BlockManagerMasterEndpoint: BlockManagerMasterEndpoint up
[2025-03-30T18:21:16.305+0000] {spark_submit.py:645} INFO - 25/03/30 18:21:16 INFO SparkEnv: Registering BlockManagerMasterHeartbeat
[2025-03-30T18:21:16.351+0000] {spark_submit.py:645} INFO - 25/03/30 18:21:16 INFO DiskBlockManager: Created local directory at /tmp/blockmgr-69564e31-6a54-4482-a4b2-df3a65b88b5a
[2025-03-30T18:21:16.368+0000] {spark_submit.py:645} INFO - 25/03/30 18:21:16 INFO MemoryStore: MemoryStore started with capacity 434.4 MiB
[2025-03-30T18:21:16.386+0000] {spark_submit.py:645} INFO - 25/03/30 18:21:16 INFO SparkEnv: Registering OutputCommitCoordinator
[2025-03-30T18:21:16.542+0000] {spark_submit.py:645} INFO - 25/03/30 18:21:16 INFO JettyUtils: Start Jetty 0.0.0.0:4040 for SparkUI
[2025-03-30T18:21:16.621+0000] {spark_submit.py:645} INFO - 25/03/30 18:21:16 INFO Utils: Successfully started service 'SparkUI' on port 4040.
[2025-03-30T18:21:16.662+0000] {spark_submit.py:645} INFO - 25/03/30 18:21:16 INFO SparkContext: Added JAR file:///opt/spark_job/jars/aws-java-sdk-bundle-1.12.262.jar at spark://4962f173392a:40121/jars/aws-java-sdk-bundle-1.12.262.jar with timestamp 1743358875753
[2025-03-30T18:21:16.663+0000] {spark_submit.py:645} INFO - 25/03/30 18:21:16 INFO SparkContext: Added JAR file:///opt/spark_job/jars/hadoop-aws-3.3.4.jar at spark://4962f173392a:40121/jars/hadoop-aws-3.3.4.jar with timestamp 1743358875753
[2025-03-30T18:21:16.751+0000] {spark_submit.py:645} INFO - 25/03/30 18:21:16 INFO StandaloneAppClient$ClientEndpoint: Connecting to master spark://spark-master:7077...
[2025-03-30T18:21:16.802+0000] {spark_submit.py:645} INFO - 25/03/30 18:21:16 INFO TransportClientFactory: Successfully created connection to spark-master/172.18.0.6:7077 after 28 ms (0 ms spent in bootstraps)
[2025-03-30T18:21:16.922+0000] {spark_submit.py:645} INFO - 25/03/30 18:21:16 INFO StandaloneSchedulerBackend: Connected to Spark cluster with app ID app-20250330182116-0006
[2025-03-30T18:21:16.935+0000] {spark_submit.py:645} INFO - 25/03/30 18:21:16 INFO Utils: Successfully started service 'org.apache.spark.network.netty.NettyBlockTransferService' on port 32901.
[2025-03-30T18:21:16.935+0000] {spark_submit.py:645} INFO - 25/03/30 18:21:16 INFO NettyBlockTransferService: Server created on 4962f173392a:32901
[2025-03-30T18:21:16.939+0000] {spark_submit.py:645} INFO - 25/03/30 18:21:16 INFO BlockManager: Using org.apache.spark.storage.RandomBlockReplicationPolicy for block replication policy
[2025-03-30T18:21:16.966+0000] {spark_submit.py:645} INFO - 25/03/30 18:21:16 INFO BlockManagerMaster: Registering BlockManager BlockManagerId(driver, 4962f173392a, 32901, None)
[2025-03-30T18:21:17.001+0000] {spark_submit.py:645} INFO - 25/03/30 18:21:16 INFO StandaloneAppClient$ClientEndpoint: Executor added: app-20250330182116-0006/0 on worker-20250330171833-172.18.0.5-45767 (172.18.0.5:45767) with 1 core(s)
[2025-03-30T18:21:17.007+0000] {spark_submit.py:645} INFO - 25/03/30 18:21:16 INFO StandaloneSchedulerBackend: Granted executor ID app-20250330182116-0006/0 on hostPort 172.18.0.5:45767 with 1 core(s), 512.0 MiB RAM
[2025-03-30T18:21:17.035+0000] {spark_submit.py:645} INFO - 25/03/30 18:21:16 INFO StandaloneAppClient$ClientEndpoint: Executor added: app-20250330182116-0006/1 on worker-20250330171833-172.18.0.5-45767 (172.18.0.5:45767) with 1 core(s)
[2025-03-30T18:21:17.036+0000] {spark_submit.py:645} INFO - 25/03/30 18:21:16 INFO StandaloneSchedulerBackend: Granted executor ID app-20250330182116-0006/1 on hostPort 172.18.0.5:45767 with 1 core(s), 512.0 MiB RAM
[2025-03-30T18:21:17.036+0000] {spark_submit.py:645} INFO - 25/03/30 18:21:16 INFO StandaloneAppClient$ClientEndpoint: Executor added: app-20250330182116-0006/2 on worker-20250330171833-172.18.0.7-40325 (172.18.0.7:40325) with 1 core(s)
[2025-03-30T18:21:17.036+0000] {spark_submit.py:645} INFO - 25/03/30 18:21:16 INFO StandaloneSchedulerBackend: Granted executor ID app-20250330182116-0006/2 on hostPort 172.18.0.7:40325 with 1 core(s), 512.0 MiB RAM
[2025-03-30T18:21:17.036+0000] {spark_submit.py:645} INFO - 25/03/30 18:21:16 INFO StandaloneAppClient$ClientEndpoint: Executor added: app-20250330182116-0006/3 on worker-20250330171833-172.18.0.7-40325 (172.18.0.7:40325) with 1 core(s)
[2025-03-30T18:21:17.037+0000] {spark_submit.py:645} INFO - 25/03/30 18:21:16 INFO StandaloneSchedulerBackend: Granted executor ID app-20250330182116-0006/3 on hostPort 172.18.0.7:40325 with 1 core(s), 512.0 MiB RAM
[2025-03-30T18:21:17.037+0000] {spark_submit.py:645} INFO - 25/03/30 18:21:16 INFO BlockManagerMasterEndpoint: Registering block manager 4962f173392a:32901 with 434.4 MiB RAM, BlockManagerId(driver, 4962f173392a, 32901, None)
[2025-03-30T18:21:17.037+0000] {spark_submit.py:645} INFO - 25/03/30 18:21:16 INFO BlockManagerMaster: Registered BlockManager BlockManagerId(driver, 4962f173392a, 32901, None)
[2025-03-30T18:21:17.078+0000] {spark_submit.py:645} INFO - 25/03/30 18:21:17 INFO BlockManager: Initialized BlockManager: BlockManagerId(driver, 4962f173392a, 32901, None)
[2025-03-30T18:21:17.542+0000] {spark_submit.py:645} INFO - 25/03/30 18:21:17 INFO StandaloneSchedulerBackend: SchedulerBackend is ready for scheduling beginning after reached minRegisteredResourcesRatio: 0.0
[2025-03-30T18:21:17.764+0000] {spark_submit.py:645} INFO - 25/03/30 18:21:17 INFO StandaloneAppClient$ClientEndpoint: Executor updated: app-20250330182116-0006/0 is now RUNNING
[2025-03-30T18:21:17.855+0000] {spark_submit.py:645} INFO - 25/03/30 18:21:17 INFO StandaloneAppClient$ClientEndpoint: Executor updated: app-20250330182116-0006/1 is now RUNNING
[2025-03-30T18:21:18.132+0000] {spark_submit.py:645} INFO - 25/03/30 18:21:18 INFO StandaloneAppClient$ClientEndpoint: Executor updated: app-20250330182116-0006/3 is now RUNNING
[2025-03-30T18:21:18.133+0000] {spark_submit.py:645} INFO - 25/03/30 18:21:18 INFO StandaloneAppClient$ClientEndpoint: Executor updated: app-20250330182116-0006/2 is now RUNNING
[2025-03-30T18:21:18.159+0000] {spark_submit.py:645} INFO - 2025-03-30 18:21:18,159 - INFO - Spark Session criada com sucesso
[2025-03-30T18:21:18.160+0000] {spark_submit.py:645} INFO - 3.5.3
[2025-03-30T18:21:18.160+0000] {spark_submit.py:645} INFO - 2025-03-30 18:21:18,159 - INFO - Leitura iniciada !!!!!!.
[2025-03-30T18:21:18.167+0000] {spark_submit.py:645} INFO - 25/03/30 18:21:18 INFO SharedState: Setting hive.metastore.warehouse.dir ('null') to the value of spark.sql.warehouse.dir.
[2025-03-30T18:21:18.170+0000] {spark_submit.py:645} INFO - 25/03/30 18:21:18 INFO SharedState: Warehouse path is 'file:/opt/spark-warehouse'.
[2025-03-30T18:21:20.286+0000] {spark_submit.py:645} INFO - 25/03/30 18:21:20 WARN MetricsConfig: Cannot locate configuration: tried hadoop-metrics2-s3a-file-system.properties,hadoop-metrics2.properties
[2025-03-30T18:21:20.384+0000] {spark_submit.py:645} INFO - 25/03/30 18:21:20 INFO MetricsSystemImpl: Scheduled Metric snapshot period at 10 second(s).
[2025-03-30T18:21:20.385+0000] {spark_submit.py:645} INFO - 25/03/30 18:21:20 INFO MetricsSystemImpl: s3a-file-system metrics system started
[2025-03-30T18:21:24.044+0000] {spark_submit.py:645} INFO - 25/03/30 18:21:24 INFO InMemoryFileIndex: It took 172 ms to list leaf files for 1 paths.
[2025-03-30T18:21:24.375+0000] {spark_submit.py:645} INFO - 25/03/30 18:21:24 INFO MemoryStore: Block broadcast_0 stored as values in memory (estimated size 209.2 KiB, free 434.2 MiB)
[2025-03-30T18:21:24.611+0000] {spark_submit.py:645} INFO - 25/03/30 18:21:24 INFO MemoryStore: Block broadcast_0_piece0 stored as bytes in memory (estimated size 35.4 KiB, free 434.2 MiB)
[2025-03-30T18:21:24.627+0000] {spark_submit.py:645} INFO - 25/03/30 18:21:24 INFO BlockManagerInfo: Added broadcast_0_piece0 in memory on 4962f173392a:32901 (size: 35.4 KiB, free: 434.4 MiB)
[2025-03-30T18:21:24.642+0000] {spark_submit.py:645} INFO - 25/03/30 18:21:24 INFO SparkContext: Created broadcast 0 from json at NativeMethodAccessorImpl.java:0
[2025-03-30T18:21:25.584+0000] {spark_submit.py:645} INFO - 25/03/30 18:21:25 INFO FileInputFormat: Total input files to process : 1
[2025-03-30T18:21:25.599+0000] {spark_submit.py:645} INFO - 25/03/30 18:21:25 INFO FileInputFormat: Total input files to process : 1
[2025-03-30T18:21:25.701+0000] {spark_submit.py:645} INFO - 25/03/30 18:21:25 INFO SparkContext: Starting job: json at NativeMethodAccessorImpl.java:0
[2025-03-30T18:21:25.720+0000] {spark_submit.py:645} INFO - 25/03/30 18:21:25 INFO DAGScheduler: Got job 0 (json at NativeMethodAccessorImpl.java:0) with 1 output partitions
[2025-03-30T18:21:25.721+0000] {spark_submit.py:645} INFO - 25/03/30 18:21:25 INFO DAGScheduler: Final stage: ResultStage 0 (json at NativeMethodAccessorImpl.java:0)
[2025-03-30T18:21:25.721+0000] {spark_submit.py:645} INFO - 25/03/30 18:21:25 INFO DAGScheduler: Parents of final stage: List()
[2025-03-30T18:21:25.741+0000] {spark_submit.py:645} INFO - 25/03/30 18:21:25 INFO DAGScheduler: Missing parents: List()
[2025-03-30T18:21:25.804+0000] {spark_submit.py:645} INFO - 25/03/30 18:21:25 INFO DAGScheduler: Submitting ResultStage 0 (MapPartitionsRDD[2] at json at NativeMethodAccessorImpl.java:0), which has no missing parents
[2025-03-30T18:21:25.950+0000] {spark_submit.py:645} INFO - 25/03/30 18:21:25 INFO MemoryStore: Block broadcast_1 stored as values in memory (estimated size 9.3 KiB, free 434.2 MiB)
[2025-03-30T18:21:26.032+0000] {spark_submit.py:645} INFO - 25/03/30 18:21:26 INFO MemoryStore: Block broadcast_1_piece0 stored as bytes in memory (estimated size 5.0 KiB, free 434.1 MiB)
[2025-03-30T18:21:26.033+0000] {spark_submit.py:645} INFO - 25/03/30 18:21:26 INFO BlockManagerInfo: Added broadcast_1_piece0 in memory on 4962f173392a:32901 (size: 5.0 KiB, free: 434.4 MiB)
[2025-03-30T18:21:26.034+0000] {spark_submit.py:645} INFO - 25/03/30 18:21:26 INFO SparkContext: Created broadcast 1 from broadcast at DAGScheduler.scala:1585
[2025-03-30T18:21:26.080+0000] {spark_submit.py:645} INFO - 25/03/30 18:21:26 INFO DAGScheduler: Submitting 1 missing tasks from ResultStage 0 (MapPartitionsRDD[2] at json at NativeMethodAccessorImpl.java:0) (first 15 tasks are for partitions Vector(0))
[2025-03-30T18:21:26.091+0000] {spark_submit.py:645} INFO - 25/03/30 18:21:26 INFO TaskSchedulerImpl: Adding task set 0.0 with 1 tasks resource profile 0
[2025-03-30T18:21:28.298+0000] {spark_submit.py:645} INFO - 25/03/30 18:21:28 INFO StandaloneSchedulerBackend$StandaloneDriverEndpoint: Registered executor NettyRpcEndpointRef(spark-client://Executor) (172.18.0.7:60708) with ID 3,  ResourceProfileId 0
[2025-03-30T18:21:28.533+0000] {spark_submit.py:645} INFO - 25/03/30 18:21:28 INFO StandaloneSchedulerBackend$StandaloneDriverEndpoint: Registered executor NettyRpcEndpointRef(spark-client://Executor) (172.18.0.5:33506) with ID 0,  ResourceProfileId 0
[2025-03-30T18:21:28.545+0000] {spark_submit.py:645} INFO - 25/03/30 18:21:28 INFO BlockManagerMasterEndpoint: Registering block manager 172.18.0.7:42931 with 127.2 MiB RAM, BlockManagerId(3, 172.18.0.7, 42931, None)
[2025-03-30T18:21:28.712+0000] {spark_submit.py:645} INFO - 25/03/30 18:21:28 INFO BlockManagerMasterEndpoint: Registering block manager 172.18.0.5:33945 with 127.2 MiB RAM, BlockManagerId(0, 172.18.0.5, 33945, None)
[2025-03-30T18:21:28.909+0000] {spark_submit.py:645} INFO - 25/03/30 18:21:28 INFO StandaloneSchedulerBackend$StandaloneDriverEndpoint: Registered executor NettyRpcEndpointRef(spark-client://Executor) (172.18.0.5:33516) with ID 1,  ResourceProfileId 0
[2025-03-30T18:21:29.031+0000] {spark_submit.py:645} INFO - 25/03/30 18:21:29 INFO StandaloneSchedulerBackend$StandaloneDriverEndpoint: Registered executor NettyRpcEndpointRef(spark-client://Executor) (172.18.0.7:60716) with ID 2,  ResourceProfileId 0
[2025-03-30T18:21:29.086+0000] {spark_submit.py:645} INFO - 25/03/30 18:21:29 INFO BlockManagerMasterEndpoint: Registering block manager 172.18.0.5:33329 with 127.2 MiB RAM, BlockManagerId(1, 172.18.0.5, 33329, None)
[2025-03-30T18:21:29.229+0000] {spark_submit.py:645} INFO - 25/03/30 18:21:29 INFO BlockManagerMasterEndpoint: Registering block manager 172.18.0.7:35157 with 127.2 MiB RAM, BlockManagerId(2, 172.18.0.7, 35157, None)
[2025-03-30T18:21:39.963+0000] {spark_submit.py:645} INFO - 25/03/30 18:21:39 INFO AsyncEventQueue: Process of event SparkListenerExecutorMetricsUpdate(driver,WrappedArray(),Map((-1,-1) -> org.apache.spark.executor.ExecutorMetrics@2cee52fd)) by listener AppStatusListener took 1.133865993s.
[2025-03-30T18:22:15.716+0000] {spark_submit.py:645} INFO - 25/03/30 18:22:15 INFO AsyncEventQueue: Process of event SparkListenerExecutorMetricsUpdate(3,WrappedArray(),Map()) by listener AppStatusListener took 1.113065771s.
[2025-03-30T18:23:03.006+0000] {spark_submit.py:645} INFO - 25/03/30 18:23:03 INFO TaskSetManager: Starting task 0.0 in stage 0.0 (TID 0) (172.18.0.5, executor 1, partition 0, PROCESS_LOCAL, 9420 bytes)
[2025-03-30T18:23:11.537+0000] {spark_submit.py:645} INFO - 25/03/30 18:23:11 INFO BlockManagerInfo: Added broadcast_1_piece0 in memory on 172.18.0.5:33329 (size: 5.0 KiB, free: 127.2 MiB)
[2025-03-30T18:23:16.249+0000] {spark_submit.py:645} INFO - 25/03/30 18:23:16 INFO BlockManagerInfo: Added broadcast_0_piece0 in memory on 172.18.0.5:33329 (size: 35.4 KiB, free: 127.2 MiB)
[2025-03-30T18:23:31.903+0000] {spark_submit.py:645} INFO - 25/03/30 18:23:31 INFO TaskSetManager: Finished task 0.0 in stage 0.0 (TID 0) in 29136 ms on 172.18.0.5 (executor 1) (1/1)
[2025-03-30T18:23:31.962+0000] {spark_submit.py:645} INFO - 25/03/30 18:23:31 INFO TaskSchedulerImpl: Removed TaskSet 0.0, whose tasks have all completed, from pool
[2025-03-30T18:23:32.191+0000] {spark_submit.py:645} INFO - 25/03/30 18:23:32 INFO DAGScheduler: ResultStage 0 (json at NativeMethodAccessorImpl.java:0) finished in 126.192 s
[2025-03-30T18:23:32.203+0000] {spark_submit.py:645} INFO - 25/03/30 18:23:32 INFO DAGScheduler: Job 0 is finished. Cancelling potential speculative or zombie tasks for this job
[2025-03-30T18:23:32.234+0000] {spark_submit.py:645} INFO - 25/03/30 18:23:32 INFO TaskSchedulerImpl: Killing all running tasks in stage 0: Stage finished
[2025-03-30T18:23:33.420+0000] {spark_submit.py:645} INFO - 25/03/30 18:23:33 INFO DAGScheduler: Job 0 finished: json at NativeMethodAccessorImpl.java:0, took 128.254746 s
[2025-03-30T18:23:36.765+0000] {spark_submit.py:645} INFO - 25/03/30 18:23:36 INFO BlockManagerInfo: Removed broadcast_1_piece0 on 172.18.0.5:33329 in memory (size: 5.0 KiB, free: 127.2 MiB)
[2025-03-30T18:23:39.241+0000] {spark_submit.py:645} INFO - 25/03/30 18:23:39 INFO BlockManagerInfo: Removed broadcast_1_piece0 on 4962f173392a:32901 in memory (size: 5.0 KiB, free: 434.4 MiB)
[2025-03-30T18:23:39.341+0000] {spark_submit.py:645} INFO - 2025-03-30 18:23:39,341 - INFO - Leitura finalizada !!!!!!!.
[2025-03-30T18:23:39.506+0000] {spark_submit.py:645} INFO - 2025-03-30 18:23:39,341 - INFO - Processo de transformação iniciada.
[2025-03-30T18:23:42.002+0000] {spark_submit.py:645} INFO - 2025-03-30 18:23:41,959 - INFO - Processo de transformação iniciada.
[2025-03-30T18:23:42.456+0000] {spark_submit.py:645} INFO - 2025-03-30 18:23:41,959 - INFO - Carregando dados ao bucket de arquivos tratados.
[2025-03-30T18:23:42.457+0000] {spark_submit.py:645} INFO - Traceback (most recent call last):
[2025-03-30T18:23:42.501+0000] {spark_submit.py:645} INFO - File "/opt/spark_job/data_transformation.py", line 80, in <module>
[2025-03-30T18:23:42.525+0000] {spark_submit.py:645} INFO - data_transformation(spark, parquer_writer)
[2025-03-30T18:23:42.541+0000] {spark_submit.py:645} INFO - File "/opt/spark_job/data_transformation.py", line 33, in data_transformation
[2025-03-30T18:23:42.569+0000] {spark_submit.py:645} INFO - parquer_writer(artists, bucket_path, "artists")
[2025-03-30T18:23:42.588+0000] {spark_submit.py:645} INFO - TypeError: 'ParquetWriter' object is not callable
[2025-03-30T18:23:42.589+0000] {spark_submit.py:645} INFO - 2025-03-30 18:23:42,589 - INFO - Closing down clientserver connection
[2025-03-30T18:23:43.008+0000] {spark_submit.py:645} INFO - 25/03/30 18:23:43 INFO SparkContext: Invoking stop() from shutdown hook
[2025-03-30T18:23:43.009+0000] {spark_submit.py:645} INFO - 25/03/30 18:23:43 INFO SparkContext: SparkContext is stopping with exitCode 0.
[2025-03-30T18:23:43.025+0000] {spark_submit.py:645} INFO - 25/03/30 18:23:43 INFO SparkUI: Stopped Spark web UI at http://4962f173392a:4040
[2025-03-30T18:23:43.029+0000] {spark_submit.py:645} INFO - 25/03/30 18:23:43 INFO StandaloneSchedulerBackend: Shutting down all executors
[2025-03-30T18:23:43.030+0000] {spark_submit.py:645} INFO - 25/03/30 18:23:43 INFO StandaloneSchedulerBackend$StandaloneDriverEndpoint: Asking each executor to shut down
[2025-03-30T18:23:43.483+0000] {spark_submit.py:645} INFO - 25/03/30 18:23:43 INFO MapOutputTrackerMasterEndpoint: MapOutputTrackerMasterEndpoint stopped!
[2025-03-30T18:23:46.210+0000] {spark_submit.py:645} INFO - 25/03/30 18:23:46 INFO MemoryStore: MemoryStore cleared
[2025-03-30T18:23:46.648+0000] {spark_submit.py:645} INFO - 25/03/30 18:23:46 INFO BlockManager: BlockManager stopped
[2025-03-30T18:23:46.678+0000] {spark_submit.py:645} INFO - 25/03/30 18:23:46 INFO BlockManagerMaster: BlockManagerMaster stopped
[2025-03-30T18:23:46.678+0000] {spark_submit.py:645} INFO - 25/03/30 18:23:46 INFO OutputCommitCoordinator$OutputCommitCoordinatorEndpoint: OutputCommitCoordinator stopped!
[2025-03-30T18:23:46.702+0000] {spark_submit.py:645} INFO - 25/03/30 18:23:46 INFO SparkContext: Successfully stopped SparkContext
[2025-03-30T18:23:46.717+0000] {spark_submit.py:645} INFO - 25/03/30 18:23:46 INFO ShutdownHookManager: Shutdown hook called
[2025-03-30T18:23:46.717+0000] {spark_submit.py:645} INFO - 25/03/30 18:23:46 INFO ShutdownHookManager: Deleting directory /tmp/spark-f30d34d0-4805-4254-b179-3ad51fcebb39
[2025-03-30T18:23:46.776+0000] {spark_submit.py:645} INFO - 25/03/30 18:23:46 INFO ShutdownHookManager: Deleting directory /tmp/spark-6a966922-41dc-45b4-a217-bca0cd126d1c
[2025-03-30T18:23:46.814+0000] {spark_submit.py:645} INFO - 25/03/30 18:23:46 INFO ShutdownHookManager: Deleting directory /tmp/spark-6a966922-41dc-45b4-a217-bca0cd126d1c/pyspark-2976ef1d-86a6-4484-94d5-a52b0cdedb78
[2025-03-30T18:23:46.885+0000] {spark_submit.py:645} INFO - 25/03/30 18:23:46 INFO MetricsSystemImpl: Stopping s3a-file-system metrics system...
[2025-03-30T18:23:46.927+0000] {spark_submit.py:645} INFO - 25/03/30 18:23:46 INFO MetricsSystemImpl: s3a-file-system metrics system stopped.
[2025-03-30T18:23:46.927+0000] {spark_submit.py:645} INFO - 25/03/30 18:23:46 INFO MetricsSystemImpl: s3a-file-system metrics system shutdown complete.
[2025-03-30T18:23:46.932+0000] {taskinstance.py:441} INFO - ::group::Post task execution logs
[2025-03-30T18:23:46.949+0000] {taskinstance.py:2905} ERROR - Task failed with exception
Traceback (most recent call last):
  File "/home/airflow/.local/lib/python3.11/site-packages/airflow/models/taskinstance.py", line 465, in _execute_task
    result = _execute_callable(context=context, **execute_callable_kwargs)
             ^^^^^^^^^^^^^^^^^^^^^^^^^^^^^^^^^^^^^^^^^^^^^^^^^^^^^^^^^^^^^
  File "/home/airflow/.local/lib/python3.11/site-packages/airflow/models/taskinstance.py", line 432, in _execute_callable
    return execute_callable(context=context, **execute_callable_kwargs)
           ^^^^^^^^^^^^^^^^^^^^^^^^^^^^^^^^^^^^^^^^^^^^^^^^^^^^^^^^^^^^
  File "/home/airflow/.local/lib/python3.11/site-packages/airflow/models/baseoperator.py", line 401, in wrapper
    return func(self, *args, **kwargs)
           ^^^^^^^^^^^^^^^^^^^^^^^^^^^
  File "/home/airflow/.local/lib/python3.11/site-packages/airflow/operators/python.py", line 235, in execute
    return_value = self.execute_callable()
                   ^^^^^^^^^^^^^^^^^^^^^^^
  File "/home/airflow/.local/lib/python3.11/site-packages/airflow/operators/python.py", line 252, in execute_callable
    return self.python_callable(*self.op_args, **self.op_kwargs)
           ^^^^^^^^^^^^^^^^^^^^^^^^^^^^^^^^^^^^^^^^^^^^^^^^^^^^^
  File "/opt/airflow/dags/etl_pipeline.py", line 97, in spark_dtransformation
    ).execute(kwargs)
      ^^^^^^^^^^^^^^^
  File "/home/airflow/.local/lib/python3.11/site-packages/airflow/models/baseoperator.py", line 401, in wrapper
    return func(self, *args, **kwargs)
           ^^^^^^^^^^^^^^^^^^^^^^^^^^^
  File "/home/airflow/.local/lib/python3.11/site-packages/airflow/providers/apache/spark/operators/spark_submit.py", line 177, in execute
    self._hook.submit(self.application)
  File "/home/airflow/.local/lib/python3.11/site-packages/airflow/providers/apache/spark/hooks/spark_submit.py", line 567, in submit
    raise AirflowException(
airflow.exceptions.AirflowException: Cannot execute: spark-submit --master spark://spark-master:7077 --conf spark.executor.memory=512m --conf spark.executor.cores=1 --conf spark.jars=/opt/spark_job/jars/aws-java-sdk-bundle-1.12.262.jar,/opt/spark_job/jars/hadoop-aws-3.3.4.jar --conf spark.hadoop.fs.s3a.endpoint=http://minio:9000 --conf spark.hadoop.fs.s3a.access.key=admin --conf spark.hadoop.fs.s3a.secret.key=****** --conf spark.hadoop.fs.s3a.impl=org.apache.hadoop.fs.s3a.S3AFileSystem --conf spark.hadoop.fs.s3a.path.style.access=true --principal *** --name arrow-spark --verbose --deploy-mode client /opt/spark_job/data_transformation.py s3://raw/playlist_20250329_132856.json processed. Error code is: 1.
[2025-03-30T18:23:47.864+0000] {taskinstance.py:1206} INFO - Marking task as UP_FOR_RETRY. dag_id=etl_pipeline, task_id=transformation, run_id=manual__2025-03-26T13:33:39.761724+00:00, execution_date=20250326T133339, start_date=20250330T182110, end_date=20250330T182347
[2025-03-30T18:23:48.332+0000] {standard_task_runner.py:110} ERROR - Failed to execute job 123 for task transformation (Cannot execute: spark-submit --master spark://spark-master:7077 --conf spark.executor.memory=512m --conf spark.executor.cores=1 --conf spark.jars=/opt/spark_job/jars/aws-java-sdk-bundle-1.12.262.jar,/opt/spark_job/jars/hadoop-aws-3.3.4.jar --conf spark.hadoop.fs.s3a.endpoint=http://minio:9000 --conf spark.hadoop.fs.s3a.access.key=admin --conf spark.hadoop.fs.s3a.secret.key=****** --conf spark.hadoop.fs.s3a.impl=org.apache.hadoop.fs.s3a.S3AFileSystem --conf spark.hadoop.fs.s3a.path.style.access=true --principal *** --name arrow-spark --verbose --deploy-mode client /opt/spark_job/data_transformation.py s3://raw/playlist_20250329_132856.json processed. Error code is: 1.; 1650)
[2025-03-30T18:23:48.371+0000] {local_task_job_runner.py:240} INFO - Task exited with return code 1
[2025-03-30T18:23:48.398+0000] {taskinstance.py:3503} INFO - 0 downstream tasks scheduled from follow-on schedule check
[2025-03-30T18:23:48.445+0000] {local_task_job_runner.py:222} INFO - ::endgroup::
