[2025-03-26T19:06:58.181+0000] {local_task_job_runner.py:120} INFO - ::group::Pre task execution logs
[2025-03-26T19:06:58.219+0000] {taskinstance.py:2076} INFO - Dependencies all met for dep_context=non-requeueable deps ti=<TaskInstance: etl_pipeline.transformation manual__2025-03-26T13:33:39.761724+00:00 [queued]>
[2025-03-26T19:06:58.227+0000] {taskinstance.py:2076} INFO - Dependencies all met for dep_context=requeueable deps ti=<TaskInstance: etl_pipeline.transformation manual__2025-03-26T13:33:39.761724+00:00 [queued]>
[2025-03-26T19:06:58.246+0000] {taskinstance.py:2306} INFO - Starting attempt 22 of 23
[2025-03-26T19:06:58.298+0000] {taskinstance.py:2330} INFO - Executing <Task(PythonOperator): transformation> on 2025-03-26 13:33:39.761724+00:00
[2025-03-26T19:06:58.304+0000] {standard_task_runner.py:63} INFO - Started process 863 to run task
[2025-03-26T19:06:58.307+0000] {standard_task_runner.py:90} INFO - Running: ['***', 'tasks', 'run', 'etl_pipeline', 'transformation', 'manual__2025-03-26T13:33:39.761724+00:00', '--job-id', '27', '--raw', '--subdir', 'DAGS_FOLDER/etl_pipeline.py', '--cfg-path', '/tmp/tmp6r4iuxuv']
[2025-03-26T19:06:58.310+0000] {standard_task_runner.py:91} INFO - Job 27: Subtask transformation
[2025-03-26T19:06:58.407+0000] {task_command.py:426} INFO - Running <TaskInstance: etl_pipeline.transformation manual__2025-03-26T13:33:39.761724+00:00 [running]> on host 53e3672f02f0
[2025-03-26T19:06:58.641+0000] {taskinstance.py:2648} INFO - Exporting env vars: AIRFLOW_CTX_DAG_OWNER='lobobranco' AIRFLOW_CTX_DAG_ID='etl_pipeline' AIRFLOW_CTX_TASK_ID='transformation' AIRFLOW_CTX_EXECUTION_DATE='2025-03-26T13:33:39.761724+00:00' AIRFLOW_CTX_TRY_NUMBER='22' AIRFLOW_CTX_DAG_RUN_ID='manual__2025-03-26T13:33:39.761724+00:00'
[2025-03-26T19:06:58.642+0000] {taskinstance.py:430} INFO - ::endgroup::
[2025-03-26T19:06:58.688+0000] {etl_pipeline.py:76} INFO - Transforming data from file: s3://raw/playlist_20250326_133348.json
[2025-03-26T19:06:58.689+0000] {logging_mixin.py:188} INFO - File Path: s3://raw/playlist_20250326_133348.json
[2025-03-26T19:06:58.690+0000] {logging_mixin.py:188} INFO - Processed Bucket: processed
[2025-03-26T19:06:58.692+0000] {baseoperator.py:400} WARNING - SparkSubmitOperator.execute cannot be called outside TaskInstance!
[2025-03-26T19:06:58.708+0000] {base.py:84} INFO - Using connection ID 'spark_default' for task execution.
[2025-03-26T19:06:58.709+0000] {spark_submit.py:328} ERROR - Failed to decode base64 keytab: Incorrect padding
[2025-03-26T19:06:58.710+0000] {spark_submit.py:305} INFO - Could not load connection string spark_default, defaulting to spark://spark-master:7077
[2025-03-26T19:06:58.712+0000] {spark_submit.py:474} INFO - Spark-Submit cmd: spark-submit --master spark://spark-master:7077 --conf spark.executor.memory=2g --conf spark.executor.cores=2 --conf spark.jars=/opt/spark_job/jars/aws-java-sdk-bundle-1.12.262.jar,/opt/spark_job/jars/hadoop-aws-3.3.4.jar --conf spark.hadoop.fs.s3a.endpoint=http://minio:9000 --conf spark.hadoop.fs.s3a.access.key=admin --conf spark.hadoop.fs.s3a.secret.key=****** --conf spark.hadoop.fs.s3a.impl=org.apache.hadoop.fs.s3a.S3AFileSystem --conf spark.hadoop.fs.s3a.path.style.access=true --principal *** --name arrow-spark --verbose --deploy-mode client /opt/spark_job/data_transformation.py s3://raw/playlist_20250326_133348.json processed
[2025-03-26T19:06:58.834+0000] {spark_submit.py:645} INFO - /home/***/.local/lib/python3.11/site-packages/pyspark/bin/load-spark-env.sh: line 68: ps: command not found
[2025-03-26T19:07:00.291+0000] {spark_submit.py:645} INFO - Using properties file: null
[2025-03-26T19:07:00.436+0000] {spark_submit.py:645} INFO - Parsed arguments:
[2025-03-26T19:07:00.437+0000] {spark_submit.py:645} INFO - master                  spark://spark-master:7077
[2025-03-26T19:07:00.437+0000] {spark_submit.py:645} INFO - remote                  null
[2025-03-26T19:07:00.438+0000] {spark_submit.py:645} INFO - deployMode              client
[2025-03-26T19:07:00.438+0000] {spark_submit.py:645} INFO - executorMemory          2g
[2025-03-26T19:07:00.438+0000] {spark_submit.py:645} INFO - executorCores           2
[2025-03-26T19:07:00.438+0000] {spark_submit.py:645} INFO - totalExecutorCores      null
[2025-03-26T19:07:00.439+0000] {spark_submit.py:645} INFO - propertiesFile          null
[2025-03-26T19:07:00.439+0000] {spark_submit.py:645} INFO - driverMemory            null
[2025-03-26T19:07:00.439+0000] {spark_submit.py:645} INFO - driverCores             null
[2025-03-26T19:07:00.440+0000] {spark_submit.py:645} INFO - driverExtraClassPath    null
[2025-03-26T19:07:00.440+0000] {spark_submit.py:645} INFO - driverExtraLibraryPath  null
[2025-03-26T19:07:00.440+0000] {spark_submit.py:645} INFO - driverExtraJavaOptions  null
[2025-03-26T19:07:00.441+0000] {spark_submit.py:645} INFO - supervise               false
[2025-03-26T19:07:00.441+0000] {spark_submit.py:645} INFO - queue                   null
[2025-03-26T19:07:00.441+0000] {spark_submit.py:645} INFO - numExecutors            null
[2025-03-26T19:07:00.441+0000] {spark_submit.py:645} INFO - files                   null
[2025-03-26T19:07:00.442+0000] {spark_submit.py:645} INFO - pyFiles                 null
[2025-03-26T19:07:00.442+0000] {spark_submit.py:645} INFO - archives                null
[2025-03-26T19:07:00.442+0000] {spark_submit.py:645} INFO - mainClass               null
[2025-03-26T19:07:00.443+0000] {spark_submit.py:645} INFO - primaryResource         file:/opt/spark_job/data_transformation.py
[2025-03-26T19:07:00.443+0000] {spark_submit.py:645} INFO - name                    arrow-spark
[2025-03-26T19:07:00.443+0000] {spark_submit.py:645} INFO - childArgs               [s3://raw/playlist_20250326_133348.json processed]
[2025-03-26T19:07:00.443+0000] {spark_submit.py:645} INFO - jars                    /opt/spark_job/jars/aws-java-sdk-bundle-1.12.262.jar,/opt/spark_job/jars/hadoop-aws-3.3.4.jar
[2025-03-26T19:07:00.444+0000] {spark_submit.py:645} INFO - packages                null
[2025-03-26T19:07:00.444+0000] {spark_submit.py:645} INFO - packagesExclusions      null
[2025-03-26T19:07:00.444+0000] {spark_submit.py:645} INFO - repositories            null
[2025-03-26T19:07:00.444+0000] {spark_submit.py:645} INFO - verbose                 true
[2025-03-26T19:07:00.445+0000] {spark_submit.py:645} INFO - 
[2025-03-26T19:07:00.445+0000] {spark_submit.py:645} INFO - Spark properties used, including those specified through
[2025-03-26T19:07:00.445+0000] {spark_submit.py:645} INFO - --conf and those from the properties file null:
[2025-03-26T19:07:00.446+0000] {spark_submit.py:645} INFO - (spark.executor.cores,2)
[2025-03-26T19:07:00.446+0000] {spark_submit.py:645} INFO - (spark.executor.memory,2g)
[2025-03-26T19:07:00.447+0000] {spark_submit.py:645} INFO - (spark.hadoop.fs.s3a.access.key,*********(redacted))
[2025-03-26T19:07:00.448+0000] {spark_submit.py:645} INFO - (spark.hadoop.fs.s3a.endpoint,http://minio:9000)
[2025-03-26T19:07:00.448+0000] {spark_submit.py:645} INFO - (spark.hadoop.fs.s3a.impl,org.apache.hadoop.fs.s3a.S3AFileSystem)
[2025-03-26T19:07:00.448+0000] {spark_submit.py:645} INFO - (spark.hadoop.fs.s3a.path.style.access,true)
[2025-03-26T19:07:00.449+0000] {spark_submit.py:645} INFO - (spark.hadoop.fs.s3a.secret.key,*********(redacted))
[2025-03-26T19:07:00.449+0000] {spark_submit.py:645} INFO - (spark.jars,/opt/spark_job/jars/aws-java-sdk-bundle-1.12.262.jar,/opt/spark_job/jars/hadoop-aws-3.3.4.jar)
[2025-03-26T19:07:00.449+0000] {spark_submit.py:645} INFO - 
[2025-03-26T19:07:00.450+0000] {spark_submit.py:645} INFO - 
[2025-03-26T19:07:00.795+0000] {spark_submit.py:645} INFO - 25/03/26 19:07:00 WARN NativeCodeLoader: Unable to load native-hadoop library for your platform... using builtin-java classes where applicable
[2025-03-26T19:07:01.091+0000] {spark_submit.py:645} INFO - Main class:
[2025-03-26T19:07:01.092+0000] {spark_submit.py:645} INFO - org.apache.spark.deploy.PythonRunner
[2025-03-26T19:07:01.092+0000] {spark_submit.py:645} INFO - Arguments:
[2025-03-26T19:07:01.093+0000] {spark_submit.py:645} INFO - file:/opt/spark_job/data_transformation.py
[2025-03-26T19:07:01.093+0000] {spark_submit.py:645} INFO - null
[2025-03-26T19:07:01.094+0000] {spark_submit.py:645} INFO - s3://raw/playlist_20250326_133348.json
[2025-03-26T19:07:01.094+0000] {spark_submit.py:645} INFO - processed
[2025-03-26T19:07:01.094+0000] {spark_submit.py:645} INFO - Spark config:
[2025-03-26T19:07:01.095+0000] {spark_submit.py:645} INFO - (spark.app.name,arrow-spark)
[2025-03-26T19:07:01.095+0000] {spark_submit.py:645} INFO - (spark.app.submitTime,1743016021069)
[2025-03-26T19:07:01.096+0000] {spark_submit.py:645} INFO - (spark.executor.cores,2)
[2025-03-26T19:07:01.096+0000] {spark_submit.py:645} INFO - (spark.executor.memory,2g)
[2025-03-26T19:07:01.096+0000] {spark_submit.py:645} INFO - (spark.hadoop.fs.s3a.access.key,*********(redacted))
[2025-03-26T19:07:01.097+0000] {spark_submit.py:645} INFO - (spark.hadoop.fs.s3a.endpoint,http://minio:9000)
[2025-03-26T19:07:01.097+0000] {spark_submit.py:645} INFO - (spark.hadoop.fs.s3a.impl,org.apache.hadoop.fs.s3a.S3AFileSystem)
[2025-03-26T19:07:01.097+0000] {spark_submit.py:645} INFO - (spark.hadoop.fs.s3a.path.style.access,true)
[2025-03-26T19:07:01.098+0000] {spark_submit.py:645} INFO - (spark.hadoop.fs.s3a.secret.key,*********(redacted))
[2025-03-26T19:07:01.098+0000] {spark_submit.py:645} INFO - (spark.jars,file:///opt/spark_job/jars/aws-java-sdk-bundle-1.12.262.jar,file:///opt/spark_job/jars/hadoop-aws-3.3.4.jar)
[2025-03-26T19:07:01.099+0000] {spark_submit.py:645} INFO - (spark.kerberos.principal,***)
[2025-03-26T19:07:01.099+0000] {spark_submit.py:645} INFO - (spark.master,spark://spark-master:7077)
[2025-03-26T19:07:01.100+0000] {spark_submit.py:645} INFO - (spark.repl.local.jars,file:///opt/spark_job/jars/aws-java-sdk-bundle-1.12.262.jar,file:///opt/spark_job/jars/hadoop-aws-3.3.4.jar)
[2025-03-26T19:07:01.100+0000] {spark_submit.py:645} INFO - (spark.submit.deployMode,client)
[2025-03-26T19:07:01.101+0000] {spark_submit.py:645} INFO - (spark.submit.pyFiles,)
[2025-03-26T19:07:01.101+0000] {spark_submit.py:645} INFO - Classpath elements:
[2025-03-26T19:07:01.101+0000] {spark_submit.py:645} INFO - file:///opt/spark_job/jars/aws-java-sdk-bundle-1.12.262.jar
[2025-03-26T19:07:01.102+0000] {spark_submit.py:645} INFO - file:///opt/spark_job/jars/hadoop-aws-3.3.4.jar
[2025-03-26T19:07:01.102+0000] {spark_submit.py:645} INFO - 
[2025-03-26T19:07:01.102+0000] {spark_submit.py:645} INFO - 
[2025-03-26T19:07:02.401+0000] {spark_submit.py:645} INFO - 2025-03-26 19:07:02,401 - INFO - Iniciando a configuração da Spark Session
[2025-03-26T19:07:03.111+0000] {spark_submit.py:645} INFO - 25/03/26 19:07:03 INFO SparkContext: Running Spark version 3.5.5
[2025-03-26T19:07:03.112+0000] {spark_submit.py:645} INFO - 25/03/26 19:07:03 INFO SparkContext: OS info Linux, 5.15.153.1-microsoft-standard-WSL2, amd64
[2025-03-26T19:07:03.113+0000] {spark_submit.py:645} INFO - 25/03/26 19:07:03 INFO SparkContext: Java version 17.0.14
[2025-03-26T19:07:03.155+0000] {spark_submit.py:645} INFO - 25/03/26 19:07:03 INFO ResourceUtils: ==============================================================
[2025-03-26T19:07:03.156+0000] {spark_submit.py:645} INFO - 25/03/26 19:07:03 INFO ResourceUtils: No custom resources configured for spark.driver.
[2025-03-26T19:07:03.157+0000] {spark_submit.py:645} INFO - 25/03/26 19:07:03 INFO ResourceUtils: ==============================================================
[2025-03-26T19:07:03.158+0000] {spark_submit.py:645} INFO - 25/03/26 19:07:03 INFO SparkContext: Submitted application: Minio Integration with PySpark
[2025-03-26T19:07:03.188+0000] {spark_submit.py:645} INFO - 25/03/26 19:07:03 INFO ResourceProfile: Default ResourceProfile created, executor resources: Map(cores -> name: cores, amount: 2, script: , vendor: , memory -> name: memory, amount: 2048, script: , vendor: , offHeap -> name: offHeap, amount: 0, script: , vendor: ), task resources: Map(cpus -> name: cpus, amount: 1.0)
[2025-03-26T19:07:03.201+0000] {spark_submit.py:645} INFO - 25/03/26 19:07:03 INFO ResourceProfile: Limiting resource is cpus at 2 tasks per executor
[2025-03-26T19:07:03.204+0000] {spark_submit.py:645} INFO - 25/03/26 19:07:03 INFO ResourceProfileManager: Added ResourceProfile id: 0
[2025-03-26T19:07:03.272+0000] {spark_submit.py:645} INFO - 25/03/26 19:07:03 INFO SecurityManager: Changing view acls to: ***
[2025-03-26T19:07:03.273+0000] {spark_submit.py:645} INFO - 25/03/26 19:07:03 INFO SecurityManager: Changing modify acls to: ***
[2025-03-26T19:07:03.273+0000] {spark_submit.py:645} INFO - 25/03/26 19:07:03 INFO SecurityManager: Changing view acls groups to:
[2025-03-26T19:07:03.274+0000] {spark_submit.py:645} INFO - 25/03/26 19:07:03 INFO SecurityManager: Changing modify acls groups to:
[2025-03-26T19:07:03.276+0000] {spark_submit.py:645} INFO - 25/03/26 19:07:03 INFO SecurityManager: SecurityManager: authentication disabled; ui acls disabled; users with view permissions: ***; groups with view permissions: EMPTY; users with modify permissions: ***; groups with modify permissions: EMPTY
[2025-03-26T19:07:03.571+0000] {spark_submit.py:645} INFO - 25/03/26 19:07:03 INFO Utils: Successfully started service 'sparkDriver' on port 38773.
[2025-03-26T19:07:03.628+0000] {spark_submit.py:645} INFO - 25/03/26 19:07:03 INFO SparkEnv: Registering MapOutputTracker
[2025-03-26T19:07:03.668+0000] {spark_submit.py:645} INFO - 25/03/26 19:07:03 INFO SparkEnv: Registering BlockManagerMaster
[2025-03-26T19:07:03.689+0000] {spark_submit.py:645} INFO - 25/03/26 19:07:03 INFO BlockManagerMasterEndpoint: Using org.apache.spark.storage.DefaultTopologyMapper for getting topology information
[2025-03-26T19:07:03.690+0000] {spark_submit.py:645} INFO - 25/03/26 19:07:03 INFO BlockManagerMasterEndpoint: BlockManagerMasterEndpoint up
[2025-03-26T19:07:03.695+0000] {spark_submit.py:645} INFO - 25/03/26 19:07:03 INFO SparkEnv: Registering BlockManagerMasterHeartbeat
[2025-03-26T19:07:03.718+0000] {spark_submit.py:645} INFO - 25/03/26 19:07:03 INFO DiskBlockManager: Created local directory at /tmp/blockmgr-1cfcfebc-b4b0-44fb-ab9c-180900277d6f
[2025-03-26T19:07:03.731+0000] {spark_submit.py:645} INFO - 25/03/26 19:07:03 INFO MemoryStore: MemoryStore started with capacity 434.4 MiB
[2025-03-26T19:07:03.747+0000] {spark_submit.py:645} INFO - 25/03/26 19:07:03 INFO SparkEnv: Registering OutputCommitCoordinator
[2025-03-26T19:07:03.869+0000] {spark_submit.py:645} INFO - 25/03/26 19:07:03 INFO JettyUtils: Start Jetty 0.0.0.0:4040 for SparkUI
[2025-03-26T19:07:03.949+0000] {spark_submit.py:645} INFO - 25/03/26 19:07:03 INFO Utils: Successfully started service 'SparkUI' on port 4040.
[2025-03-26T19:07:04.000+0000] {spark_submit.py:645} INFO - 25/03/26 19:07:04 INFO SparkContext: Added JAR file:///opt/spark_job/jars/aws-java-sdk-bundle-1.12.262.jar at spark://53e3672f02f0:38773/jars/aws-java-sdk-bundle-1.12.262.jar with timestamp 1743016023102
[2025-03-26T19:07:04.002+0000] {spark_submit.py:645} INFO - 25/03/26 19:07:04 INFO SparkContext: Added JAR file:///opt/spark_job/jars/hadoop-aws-3.3.4.jar at spark://53e3672f02f0:38773/jars/hadoop-aws-3.3.4.jar with timestamp 1743016023102
[2025-03-26T19:07:04.125+0000] {spark_submit.py:645} INFO - 25/03/26 19:07:04 INFO StandaloneAppClient$ClientEndpoint: Connecting to master spark://spark-master:7077...
[2025-03-26T19:07:04.181+0000] {spark_submit.py:645} INFO - 25/03/26 19:07:04 INFO TransportClientFactory: Successfully created connection to spark-master/172.18.0.7:7077 after 31 ms (0 ms spent in bootstraps)
[2025-03-26T19:07:04.330+0000] {spark_submit.py:645} INFO - 25/03/26 19:07:04 INFO StandaloneSchedulerBackend: Connected to Spark cluster with app ID app-20250326190704-0000
[2025-03-26T19:07:04.340+0000] {spark_submit.py:645} INFO - 25/03/26 19:07:04 INFO Utils: Successfully started service 'org.apache.spark.network.netty.NettyBlockTransferService' on port 37139.
[2025-03-26T19:07:04.341+0000] {spark_submit.py:645} INFO - 25/03/26 19:07:04 INFO NettyBlockTransferService: Server created on 53e3672f02f0:37139
[2025-03-26T19:07:04.344+0000] {spark_submit.py:645} INFO - 25/03/26 19:07:04 INFO BlockManager: Using org.apache.spark.storage.RandomBlockReplicationPolicy for block replication policy
[2025-03-26T19:07:04.351+0000] {spark_submit.py:645} INFO - 25/03/26 19:07:04 INFO BlockManagerMaster: Registering BlockManager BlockManagerId(driver, 53e3672f02f0, 37139, None)
[2025-03-26T19:07:04.354+0000] {spark_submit.py:645} INFO - 25/03/26 19:07:04 INFO BlockManagerMasterEndpoint: Registering block manager 53e3672f02f0:37139 with 434.4 MiB RAM, BlockManagerId(driver, 53e3672f02f0, 37139, None)
[2025-03-26T19:07:04.356+0000] {spark_submit.py:645} INFO - 25/03/26 19:07:04 INFO BlockManagerMaster: Registered BlockManager BlockManagerId(driver, 53e3672f02f0, 37139, None)
[2025-03-26T19:07:04.357+0000] {spark_submit.py:645} INFO - 25/03/26 19:07:04 INFO BlockManager: Initialized BlockManager: BlockManagerId(driver, 53e3672f02f0, 37139, None)
[2025-03-26T19:07:04.538+0000] {spark_submit.py:645} INFO - 25/03/26 19:07:04 INFO StandaloneSchedulerBackend: SchedulerBackend is ready for scheduling beginning after reached minRegisteredResourcesRatio: 0.0
[2025-03-26T19:07:04.695+0000] {spark_submit.py:645} INFO - 2025-03-26 19:07:04,695 - INFO - Spark Session criada com sucesso
[2025-03-26T19:07:04.702+0000] {spark_submit.py:645} INFO - 25/03/26 19:07:04 INFO SharedState: Setting hive.metastore.warehouse.dir ('null') to the value of spark.sql.warehouse.dir.
[2025-03-26T19:07:04.704+0000] {spark_submit.py:645} INFO - 25/03/26 19:07:04 INFO SharedState: Warehouse path is 'file:/opt/spark-warehouse'.
[2025-03-26T19:07:05.594+0000] {spark_submit.py:645} INFO - 25/03/26 19:07:05 WARN MetricsConfig: Cannot locate configuration: tried hadoop-metrics2-s3a-file-system.properties,hadoop-metrics2.properties
[2025-03-26T19:07:05.606+0000] {spark_submit.py:645} INFO - 25/03/26 19:07:05 INFO MetricsSystemImpl: Scheduled Metric snapshot period at 10 second(s).
[2025-03-26T19:07:05.606+0000] {spark_submit.py:645} INFO - 25/03/26 19:07:05 INFO MetricsSystemImpl: s3a-file-system metrics system started
[2025-03-26T19:07:07.509+0000] {spark_submit.py:645} INFO - 25/03/26 19:07:07 INFO InMemoryFileIndex: It took 75 ms to list leaf files for 1 paths.
[2025-03-26T19:07:07.636+0000] {spark_submit.py:645} INFO - 25/03/26 19:07:07 INFO MemoryStore: Block broadcast_0 stored as values in memory (estimated size 209.2 KiB, free 434.2 MiB)
[2025-03-26T19:07:07.687+0000] {spark_submit.py:645} INFO - 25/03/26 19:07:07 INFO MemoryStore: Block broadcast_0_piece0 stored as bytes in memory (estimated size 35.4 KiB, free 434.2 MiB)
[2025-03-26T19:07:07.690+0000] {spark_submit.py:645} INFO - 25/03/26 19:07:07 INFO BlockManagerInfo: Added broadcast_0_piece0 in memory on 53e3672f02f0:37139 (size: 35.4 KiB, free: 434.4 MiB)
[2025-03-26T19:07:07.699+0000] {spark_submit.py:645} INFO - 25/03/26 19:07:07 INFO SparkContext: Created broadcast 0 from json at NativeMethodAccessorImpl.java:0
[2025-03-26T19:07:08.057+0000] {spark_submit.py:645} INFO - 25/03/26 19:07:08 INFO FileInputFormat: Total input files to process : 1
[2025-03-26T19:07:08.066+0000] {spark_submit.py:645} INFO - 25/03/26 19:07:08 INFO FileInputFormat: Total input files to process : 1
[2025-03-26T19:07:08.078+0000] {spark_submit.py:645} INFO - 25/03/26 19:07:08 INFO SparkContext: Starting job: json at NativeMethodAccessorImpl.java:0
[2025-03-26T19:07:08.095+0000] {spark_submit.py:645} INFO - 25/03/26 19:07:08 INFO DAGScheduler: Got job 0 (json at NativeMethodAccessorImpl.java:0) with 1 output partitions
[2025-03-26T19:07:08.095+0000] {spark_submit.py:645} INFO - 25/03/26 19:07:08 INFO DAGScheduler: Final stage: ResultStage 0 (json at NativeMethodAccessorImpl.java:0)
[2025-03-26T19:07:08.096+0000] {spark_submit.py:645} INFO - 25/03/26 19:07:08 INFO DAGScheduler: Parents of final stage: List()
[2025-03-26T19:07:08.096+0000] {spark_submit.py:645} INFO - 25/03/26 19:07:08 INFO DAGScheduler: Missing parents: List()
[2025-03-26T19:07:08.105+0000] {spark_submit.py:645} INFO - 25/03/26 19:07:08 INFO DAGScheduler: Submitting ResultStage 0 (MapPartitionsRDD[2] at json at NativeMethodAccessorImpl.java:0), which has no missing parents
[2025-03-26T19:07:08.149+0000] {spark_submit.py:645} INFO - 25/03/26 19:07:08 INFO MemoryStore: Block broadcast_1 stored as values in memory (estimated size 9.3 KiB, free 434.2 MiB)
[2025-03-26T19:07:08.151+0000] {spark_submit.py:645} INFO - 25/03/26 19:07:08 INFO MemoryStore: Block broadcast_1_piece0 stored as bytes in memory (estimated size 5.0 KiB, free 434.1 MiB)
[2025-03-26T19:07:08.151+0000] {spark_submit.py:645} INFO - 25/03/26 19:07:08 INFO BlockManagerInfo: Added broadcast_1_piece0 in memory on 53e3672f02f0:37139 (size: 5.0 KiB, free: 434.4 MiB)
[2025-03-26T19:07:08.152+0000] {spark_submit.py:645} INFO - 25/03/26 19:07:08 INFO SparkContext: Created broadcast 1 from broadcast at DAGScheduler.scala:1585
[2025-03-26T19:07:08.168+0000] {spark_submit.py:645} INFO - 25/03/26 19:07:08 INFO DAGScheduler: Submitting 1 missing tasks from ResultStage 0 (MapPartitionsRDD[2] at json at NativeMethodAccessorImpl.java:0) (first 15 tasks are for partitions Vector(0))
[2025-03-26T19:07:08.170+0000] {spark_submit.py:645} INFO - 25/03/26 19:07:08 INFO TaskSchedulerImpl: Adding task set 0.0 with 1 tasks resource profile 0
[2025-03-26T19:07:23.181+0000] {spark_submit.py:645} INFO - 25/03/26 19:07:23 WARN TaskSchedulerImpl: Initial job has not accepted any resources; check your cluster UI to ensure that workers are registered and have sufficient resources
[2025-03-26T19:07:38.181+0000] {spark_submit.py:645} INFO - 25/03/26 19:07:38 WARN TaskSchedulerImpl: Initial job has not accepted any resources; check your cluster UI to ensure that workers are registered and have sufficient resources
[2025-03-26T19:07:53.181+0000] {spark_submit.py:645} INFO - 25/03/26 19:07:53 WARN TaskSchedulerImpl: Initial job has not accepted any resources; check your cluster UI to ensure that workers are registered and have sufficient resources
[2025-03-26T19:08:08.180+0000] {spark_submit.py:645} INFO - 25/03/26 19:08:08 WARN TaskSchedulerImpl: Initial job has not accepted any resources; check your cluster UI to ensure that workers are registered and have sufficient resources
[2025-03-26T19:08:23.181+0000] {spark_submit.py:645} INFO - 25/03/26 19:08:23 WARN TaskSchedulerImpl: Initial job has not accepted any resources; check your cluster UI to ensure that workers are registered and have sufficient resources
[2025-03-26T19:08:38.180+0000] {spark_submit.py:645} INFO - 25/03/26 19:08:38 WARN TaskSchedulerImpl: Initial job has not accepted any resources; check your cluster UI to ensure that workers are registered and have sufficient resources
[2025-03-26T19:08:53.181+0000] {spark_submit.py:645} INFO - 25/03/26 19:08:53 WARN TaskSchedulerImpl: Initial job has not accepted any resources; check your cluster UI to ensure that workers are registered and have sufficient resources
[2025-03-26T19:09:05.476+0000] {local_task_job_runner.py:310} WARNING - State of this instance has been externally set to success. Terminating instance.
[2025-03-26T19:09:05.477+0000] {local_task_job_runner.py:222} INFO - ::endgroup::
[2025-03-26T19:09:05.479+0000] {process_utils.py:132} INFO - Sending 15 to group 863. PIDs of all processes in the group: [864, 918, 863]
[2025-03-26T19:09:05.479+0000] {process_utils.py:87} INFO - Sending the signal 15 to group 863
[2025-03-26T19:09:05.480+0000] {taskinstance.py:2611} ERROR - Received SIGTERM. Terminating subprocesses.
[2025-03-26T19:09:05.480+0000] {taskinstance.py:441} INFO - ::group::Post task execution logs
[2025-03-26T19:09:05.572+0000] {process_utils.py:80} INFO - Process psutil.Process(pid=863, status='terminated', exitcode=0, started='19:06:57') (863) terminated with exit code 0
[2025-03-26T19:09:05.666+0000] {process_utils.py:80} INFO - Process psutil.Process(pid=864, status='terminated', started='19:06:58') (864) terminated with exit code None
[2025-03-26T19:09:05.667+0000] {process_utils.py:80} INFO - Process psutil.Process(pid=918, status='terminated', started='19:07:00') (918) terminated with exit code None
