[2025-03-26T14:02:00.266+0000] {local_task_job_runner.py:120} INFO - ::group::Pre task execution logs
[2025-03-26T14:02:00.300+0000] {taskinstance.py:2076} INFO - Dependencies all met for dep_context=non-requeueable deps ti=<TaskInstance: etl_pipeline.transformation manual__2025-03-26T13:33:39.761724+00:00 [queued]>
[2025-03-26T14:02:00.309+0000] {taskinstance.py:2076} INFO - Dependencies all met for dep_context=requeueable deps ti=<TaskInstance: etl_pipeline.transformation manual__2025-03-26T13:33:39.761724+00:00 [queued]>
[2025-03-26T14:02:00.310+0000] {taskinstance.py:2306} INFO - Starting attempt 9 of 9
[2025-03-26T14:02:00.353+0000] {taskinstance.py:2330} INFO - Executing <Task(PythonOperator): transformation> on 2025-03-26 13:33:39.761724+00:00
[2025-03-26T14:02:00.360+0000] {standard_task_runner.py:63} INFO - Started process 451 to run task
[2025-03-26T14:02:00.363+0000] {standard_task_runner.py:90} INFO - Running: ['***', 'tasks', 'run', 'etl_pipeline', 'transformation', 'manual__2025-03-26T13:33:39.761724+00:00', '--job-id', '13', '--raw', '--subdir', 'DAGS_FOLDER/etl_pipeline.py', '--cfg-path', '/tmp/tmp_hl7sk7n']
[2025-03-26T14:02:00.365+0000] {standard_task_runner.py:91} INFO - Job 13: Subtask transformation
[2025-03-26T14:02:00.453+0000] {task_command.py:426} INFO - Running <TaskInstance: etl_pipeline.transformation manual__2025-03-26T13:33:39.761724+00:00 [running]> on host 1ef5fffc4c4a
[2025-03-26T14:02:00.636+0000] {taskinstance.py:2648} INFO - Exporting env vars: AIRFLOW_CTX_DAG_OWNER='lobobranco' AIRFLOW_CTX_DAG_ID='etl_pipeline' AIRFLOW_CTX_TASK_ID='transformation' AIRFLOW_CTX_EXECUTION_DATE='2025-03-26T13:33:39.761724+00:00' AIRFLOW_CTX_TRY_NUMBER='9' AIRFLOW_CTX_DAG_RUN_ID='manual__2025-03-26T13:33:39.761724+00:00'
[2025-03-26T14:02:00.638+0000] {taskinstance.py:430} INFO - ::endgroup::
[2025-03-26T14:02:00.687+0000] {etl_pipeline.py:76} INFO - Transforming data from file: s3://raw/playlist_20250326_133348.json
[2025-03-26T14:02:00.694+0000] {baseoperator.py:400} WARNING - SparkSubmitOperator.execute cannot be called outside TaskInstance!
[2025-03-26T14:02:00.712+0000] {base.py:84} INFO - Using connection ID 'spark_default' for task execution.
[2025-03-26T14:02:00.713+0000] {spark_submit.py:328} ERROR - Failed to decode base64 keytab: Incorrect padding
[2025-03-26T14:02:00.725+0000] {spark_submit.py:305} INFO - Could not load connection string spark_default, defaulting to spark://spark-master:7077
[2025-03-26T14:02:00.727+0000] {spark_submit.py:474} INFO - Spark-Submit cmd: spark-submit --master spark://spark-master:7077 --conf spark.master=spark://spark-master:7077 --conf spark.executor.memory=2g --conf spark.executor.cores=2 --conf spark.jars=/opt/spark_job/jars/aws-java-sdk-bundle-1.12.262.jar,/opt/spark_job/jars/hadoop-aws-3.3.4.jar --conf spark.hadoop.fs.s3a.endpoint=http://minio:9000 --conf spark.hadoop.fs.s3a.access.key=admin --conf spark.hadoop.fs.s3a.secret.key=****** --conf spark.hadoop.fs.s3a.impl=org.apache.hadoop.fs.s3a.S3AFileSystem --conf spark.hadoop.fs.s3a.path.style.access=true --principal *** --name arrow-spark --verbose --deploy-mode client /opt/spark_job/data_transformation.py s3://raw/playlist_20250326_133348.json
[2025-03-26T14:02:00.856+0000] {spark_submit.py:645} INFO - /home/***/.local/lib/python3.11/site-packages/pyspark/bin/load-spark-env.sh: line 68: ps: command not found
[2025-03-26T14:02:02.546+0000] {spark_submit.py:645} INFO - Using properties file: null
[2025-03-26T14:02:02.661+0000] {spark_submit.py:645} INFO - Parsed arguments:
[2025-03-26T14:02:02.661+0000] {spark_submit.py:645} INFO - master                  spark://spark-master:7077
[2025-03-26T14:02:02.662+0000] {spark_submit.py:645} INFO - remote                  null
[2025-03-26T14:02:02.662+0000] {spark_submit.py:645} INFO - deployMode              client
[2025-03-26T14:02:02.662+0000] {spark_submit.py:645} INFO - executorMemory          2g
[2025-03-26T14:02:02.663+0000] {spark_submit.py:645} INFO - executorCores           2
[2025-03-26T14:02:02.663+0000] {spark_submit.py:645} INFO - totalExecutorCores      null
[2025-03-26T14:02:02.664+0000] {spark_submit.py:645} INFO - propertiesFile          null
[2025-03-26T14:02:02.664+0000] {spark_submit.py:645} INFO - driverMemory            null
[2025-03-26T14:02:02.664+0000] {spark_submit.py:645} INFO - driverCores             null
[2025-03-26T14:02:02.664+0000] {spark_submit.py:645} INFO - driverExtraClassPath    null
[2025-03-26T14:02:02.665+0000] {spark_submit.py:645} INFO - driverExtraLibraryPath  null
[2025-03-26T14:02:02.665+0000] {spark_submit.py:645} INFO - driverExtraJavaOptions  null
[2025-03-26T14:02:02.665+0000] {spark_submit.py:645} INFO - supervise               false
[2025-03-26T14:02:02.666+0000] {spark_submit.py:645} INFO - queue                   null
[2025-03-26T14:02:02.666+0000] {spark_submit.py:645} INFO - numExecutors            null
[2025-03-26T14:02:02.666+0000] {spark_submit.py:645} INFO - files                   null
[2025-03-26T14:02:02.667+0000] {spark_submit.py:645} INFO - pyFiles                 null
[2025-03-26T14:02:02.667+0000] {spark_submit.py:645} INFO - archives                null
[2025-03-26T14:02:02.667+0000] {spark_submit.py:645} INFO - mainClass               null
[2025-03-26T14:02:02.668+0000] {spark_submit.py:645} INFO - primaryResource         file:/opt/spark_job/data_transformation.py
[2025-03-26T14:02:02.668+0000] {spark_submit.py:645} INFO - name                    arrow-spark
[2025-03-26T14:02:02.668+0000] {spark_submit.py:645} INFO - childArgs               [s3://raw/playlist_20250326_133348.json]
[2025-03-26T14:02:02.668+0000] {spark_submit.py:645} INFO - jars                    /opt/spark_job/jars/aws-java-sdk-bundle-1.12.262.jar,/opt/spark_job/jars/hadoop-aws-3.3.4.jar
[2025-03-26T14:02:02.669+0000] {spark_submit.py:645} INFO - packages                null
[2025-03-26T14:02:02.669+0000] {spark_submit.py:645} INFO - packagesExclusions      null
[2025-03-26T14:02:02.669+0000] {spark_submit.py:645} INFO - repositories            null
[2025-03-26T14:02:02.670+0000] {spark_submit.py:645} INFO - verbose                 true
[2025-03-26T14:02:02.670+0000] {spark_submit.py:645} INFO - 
[2025-03-26T14:02:02.670+0000] {spark_submit.py:645} INFO - Spark properties used, including those specified through
[2025-03-26T14:02:02.671+0000] {spark_submit.py:645} INFO - --conf and those from the properties file null:
[2025-03-26T14:02:02.671+0000] {spark_submit.py:645} INFO - (spark.executor.cores,2)
[2025-03-26T14:02:02.672+0000] {spark_submit.py:645} INFO - (spark.executor.memory,2g)
[2025-03-26T14:02:02.672+0000] {spark_submit.py:645} INFO - (spark.hadoop.fs.s3a.access.key,*********(redacted))
[2025-03-26T14:02:02.672+0000] {spark_submit.py:645} INFO - (spark.hadoop.fs.s3a.endpoint,http://minio:9000)
[2025-03-26T14:02:02.673+0000] {spark_submit.py:645} INFO - (spark.hadoop.fs.s3a.impl,org.apache.hadoop.fs.s3a.S3AFileSystem)
[2025-03-26T14:02:02.673+0000] {spark_submit.py:645} INFO - (spark.hadoop.fs.s3a.path.style.access,true)
[2025-03-26T14:02:02.673+0000] {spark_submit.py:645} INFO - (spark.hadoop.fs.s3a.secret.key,*********(redacted))
[2025-03-26T14:02:02.674+0000] {spark_submit.py:645} INFO - (spark.jars,/opt/spark_job/jars/aws-java-sdk-bundle-1.12.262.jar,/opt/spark_job/jars/hadoop-aws-3.3.4.jar)
[2025-03-26T14:02:02.674+0000] {spark_submit.py:645} INFO - (spark.master,spark://spark-master:7077)
[2025-03-26T14:02:02.675+0000] {spark_submit.py:645} INFO - 
[2025-03-26T14:02:02.675+0000] {spark_submit.py:645} INFO - 
[2025-03-26T14:02:02.982+0000] {spark_submit.py:645} INFO - 25/03/26 14:02:02 WARN NativeCodeLoader: Unable to load native-hadoop library for your platform... using builtin-java classes where applicable
[2025-03-26T14:02:03.308+0000] {spark_submit.py:645} INFO - Main class:
[2025-03-26T14:02:03.309+0000] {spark_submit.py:645} INFO - org.apache.spark.deploy.PythonRunner
[2025-03-26T14:02:03.310+0000] {spark_submit.py:645} INFO - Arguments:
[2025-03-26T14:02:03.310+0000] {spark_submit.py:645} INFO - file:/opt/spark_job/data_transformation.py
[2025-03-26T14:02:03.311+0000] {spark_submit.py:645} INFO - null
[2025-03-26T14:02:03.311+0000] {spark_submit.py:645} INFO - s3://raw/playlist_20250326_133348.json
[2025-03-26T14:02:03.312+0000] {spark_submit.py:645} INFO - Spark config:
[2025-03-26T14:02:03.312+0000] {spark_submit.py:645} INFO - (spark.app.name,arrow-spark)
[2025-03-26T14:02:03.313+0000] {spark_submit.py:645} INFO - (spark.app.submitTime,1742997723287)
[2025-03-26T14:02:03.313+0000] {spark_submit.py:645} INFO - (spark.executor.cores,2)
[2025-03-26T14:02:03.313+0000] {spark_submit.py:645} INFO - (spark.executor.memory,2g)
[2025-03-26T14:02:03.314+0000] {spark_submit.py:645} INFO - (spark.hadoop.fs.s3a.access.key,*********(redacted))
[2025-03-26T14:02:03.314+0000] {spark_submit.py:645} INFO - (spark.hadoop.fs.s3a.endpoint,http://minio:9000)
[2025-03-26T14:02:03.315+0000] {spark_submit.py:645} INFO - (spark.hadoop.fs.s3a.impl,org.apache.hadoop.fs.s3a.S3AFileSystem)
[2025-03-26T14:02:03.315+0000] {spark_submit.py:645} INFO - (spark.hadoop.fs.s3a.path.style.access,true)
[2025-03-26T14:02:03.316+0000] {spark_submit.py:645} INFO - (spark.hadoop.fs.s3a.secret.key,*********(redacted))
[2025-03-26T14:02:03.317+0000] {spark_submit.py:645} INFO - (spark.jars,file:///opt/spark_job/jars/aws-java-sdk-bundle-1.12.262.jar,file:///opt/spark_job/jars/hadoop-aws-3.3.4.jar)
[2025-03-26T14:02:03.317+0000] {spark_submit.py:645} INFO - (spark.kerberos.principal,***)
[2025-03-26T14:02:03.318+0000] {spark_submit.py:645} INFO - (spark.master,spark://spark-master:7077)
[2025-03-26T14:02:03.318+0000] {spark_submit.py:645} INFO - (spark.repl.local.jars,file:///opt/spark_job/jars/aws-java-sdk-bundle-1.12.262.jar,file:///opt/spark_job/jars/hadoop-aws-3.3.4.jar)
[2025-03-26T14:02:03.319+0000] {spark_submit.py:645} INFO - (spark.submit.deployMode,client)
[2025-03-26T14:02:03.319+0000] {spark_submit.py:645} INFO - (spark.submit.pyFiles,)
[2025-03-26T14:02:03.320+0000] {spark_submit.py:645} INFO - Classpath elements:
[2025-03-26T14:02:03.320+0000] {spark_submit.py:645} INFO - file:///opt/spark_job/jars/aws-java-sdk-bundle-1.12.262.jar
[2025-03-26T14:02:03.321+0000] {spark_submit.py:645} INFO - file:///opt/spark_job/jars/hadoop-aws-3.3.4.jar
[2025-03-26T14:02:03.321+0000] {spark_submit.py:645} INFO - 
[2025-03-26T14:02:03.322+0000] {spark_submit.py:645} INFO - 
[2025-03-26T14:02:05.666+0000] {spark_submit.py:645} INFO - 25/03/26 14:02:05 INFO SparkContext: Running Spark version 3.5.5
[2025-03-26T14:02:05.667+0000] {spark_submit.py:645} INFO - 25/03/26 14:02:05 INFO SparkContext: OS info Linux, 5.15.153.1-microsoft-standard-WSL2, amd64
[2025-03-26T14:02:05.667+0000] {spark_submit.py:645} INFO - 25/03/26 14:02:05 INFO SparkContext: Java version 17.0.14
[2025-03-26T14:02:05.699+0000] {spark_submit.py:645} INFO - 25/03/26 14:02:05 INFO ResourceUtils: ==============================================================
[2025-03-26T14:02:05.700+0000] {spark_submit.py:645} INFO - 25/03/26 14:02:05 INFO ResourceUtils: No custom resources configured for spark.driver.
[2025-03-26T14:02:05.700+0000] {spark_submit.py:645} INFO - 25/03/26 14:02:05 INFO ResourceUtils: ==============================================================
[2025-03-26T14:02:05.700+0000] {spark_submit.py:645} INFO - 25/03/26 14:02:05 INFO SparkContext: Submitted application: Minio Integration with PySpark
[2025-03-26T14:02:05.724+0000] {spark_submit.py:645} INFO - 25/03/26 14:02:05 INFO ResourceProfile: Default ResourceProfile created, executor resources: Map(cores -> name: cores, amount: 2, script: , vendor: , memory -> name: memory, amount: 2048, script: , vendor: , offHeap -> name: offHeap, amount: 0, script: , vendor: ), task resources: Map(cpus -> name: cpus, amount: 1.0)
[2025-03-26T14:02:05.735+0000] {spark_submit.py:645} INFO - 25/03/26 14:02:05 INFO ResourceProfile: Limiting resource is cpus at 2 tasks per executor
[2025-03-26T14:02:05.737+0000] {spark_submit.py:645} INFO - 25/03/26 14:02:05 INFO ResourceProfileManager: Added ResourceProfile id: 0
[2025-03-26T14:02:05.798+0000] {spark_submit.py:645} INFO - 25/03/26 14:02:05 INFO SecurityManager: Changing view acls to: ***
[2025-03-26T14:02:05.799+0000] {spark_submit.py:645} INFO - 25/03/26 14:02:05 INFO SecurityManager: Changing modify acls to: ***
[2025-03-26T14:02:05.800+0000] {spark_submit.py:645} INFO - 25/03/26 14:02:05 INFO SecurityManager: Changing view acls groups to:
[2025-03-26T14:02:05.801+0000] {spark_submit.py:645} INFO - 25/03/26 14:02:05 INFO SecurityManager: Changing modify acls groups to:
[2025-03-26T14:02:05.801+0000] {spark_submit.py:645} INFO - 25/03/26 14:02:05 INFO SecurityManager: SecurityManager: authentication disabled; ui acls disabled; users with view permissions: ***; groups with view permissions: EMPTY; users with modify permissions: ***; groups with modify permissions: EMPTY
[2025-03-26T14:02:06.032+0000] {spark_submit.py:645} INFO - 25/03/26 14:02:06 INFO Utils: Successfully started service 'sparkDriver' on port 45865.
[2025-03-26T14:02:06.103+0000] {spark_submit.py:645} INFO - 25/03/26 14:02:06 INFO SparkEnv: Registering MapOutputTracker
[2025-03-26T14:02:06.138+0000] {spark_submit.py:645} INFO - 25/03/26 14:02:06 INFO SparkEnv: Registering BlockManagerMaster
[2025-03-26T14:02:06.156+0000] {spark_submit.py:645} INFO - 25/03/26 14:02:06 INFO BlockManagerMasterEndpoint: Using org.apache.spark.storage.DefaultTopologyMapper for getting topology information
[2025-03-26T14:02:06.157+0000] {spark_submit.py:645} INFO - 25/03/26 14:02:06 INFO BlockManagerMasterEndpoint: BlockManagerMasterEndpoint up
[2025-03-26T14:02:06.161+0000] {spark_submit.py:645} INFO - 25/03/26 14:02:06 INFO SparkEnv: Registering BlockManagerMasterHeartbeat
[2025-03-26T14:02:06.182+0000] {spark_submit.py:645} INFO - 25/03/26 14:02:06 INFO DiskBlockManager: Created local directory at /tmp/blockmgr-27fa2591-fcda-4d4f-bec9-50167e3f2e94
[2025-03-26T14:02:06.195+0000] {spark_submit.py:645} INFO - 25/03/26 14:02:06 INFO MemoryStore: MemoryStore started with capacity 434.4 MiB
[2025-03-26T14:02:06.209+0000] {spark_submit.py:645} INFO - 25/03/26 14:02:06 INFO SparkEnv: Registering OutputCommitCoordinator
[2025-03-26T14:02:06.328+0000] {spark_submit.py:645} INFO - 25/03/26 14:02:06 INFO JettyUtils: Start Jetty 0.0.0.0:4040 for SparkUI
[2025-03-26T14:02:06.414+0000] {spark_submit.py:645} INFO - 25/03/26 14:02:06 INFO Utils: Successfully started service 'SparkUI' on port 4040.
[2025-03-26T14:02:06.465+0000] {spark_submit.py:645} INFO - 25/03/26 14:02:06 INFO SparkContext: Added JAR file:///opt/spark_job/jars/aws-java-sdk-bundle-1.12.262.jar at spark://1ef5fffc4c4a:45865/jars/aws-java-sdk-bundle-1.12.262.jar with timestamp 1742997725654
[2025-03-26T14:02:06.467+0000] {spark_submit.py:645} INFO - 25/03/26 14:02:06 INFO SparkContext: Added JAR file:///opt/spark_job/jars/hadoop-aws-3.3.4.jar at spark://1ef5fffc4c4a:45865/jars/hadoop-aws-3.3.4.jar with timestamp 1742997725654
[2025-03-26T14:02:06.602+0000] {spark_submit.py:645} INFO - 25/03/26 14:02:06 INFO StandaloneAppClient$ClientEndpoint: Connecting to master spark://spark-master:7077...
[2025-03-26T14:02:06.711+0000] {spark_submit.py:645} INFO - 25/03/26 14:02:06 WARN StandaloneAppClient$ClientEndpoint: Failed to connect to master spark-master:7077
[2025-03-26T14:02:06.720+0000] {spark_submit.py:645} INFO - org.apache.spark.SparkException: Exception thrown in awaitResult:
[2025-03-26T14:02:06.736+0000] {spark_submit.py:645} INFO - at org.apache.spark.util.SparkThreadUtils$.awaitResult(SparkThreadUtils.scala:56)
[2025-03-26T14:02:06.751+0000] {spark_submit.py:645} INFO - at org.apache.spark.util.ThreadUtils$.awaitResult(ThreadUtils.scala:310)
[2025-03-26T14:02:06.753+0000] {spark_submit.py:645} INFO - at org.apache.spark.rpc.RpcTimeout.awaitResult(RpcTimeout.scala:75)
[2025-03-26T14:02:06.754+0000] {spark_submit.py:645} INFO - at org.apache.spark.rpc.RpcEnv.setupEndpointRefByURI(RpcEnv.scala:102)
[2025-03-26T14:02:06.772+0000] {spark_submit.py:645} INFO - at org.apache.spark.rpc.RpcEnv.setupEndpointRef(RpcEnv.scala:110)
[2025-03-26T14:02:06.775+0000] {spark_submit.py:645} INFO - at org.apache.spark.deploy.client.StandaloneAppClient$ClientEndpoint$$anon$1.run(StandaloneAppClient.scala:108)
[2025-03-26T14:02:06.777+0000] {spark_submit.py:645} INFO - at java.base/java.util.concurrent.Executors$RunnableAdapter.call(Executors.java:539)
[2025-03-26T14:02:06.782+0000] {spark_submit.py:645} INFO - at java.base/java.util.concurrent.FutureTask.run(FutureTask.java:264)
[2025-03-26T14:02:06.783+0000] {spark_submit.py:645} INFO - at java.base/java.util.concurrent.ThreadPoolExecutor.runWorker(ThreadPoolExecutor.java:1136)
[2025-03-26T14:02:06.786+0000] {spark_submit.py:645} INFO - at java.base/java.util.concurrent.ThreadPoolExecutor$Worker.run(ThreadPoolExecutor.java:635)
[2025-03-26T14:02:06.799+0000] {spark_submit.py:645} INFO - at java.base/java.lang.Thread.run(Thread.java:840)
[2025-03-26T14:02:06.800+0000] {spark_submit.py:645} INFO - Caused by: java.io.IOException: Failed to connect to spark-master/172.18.0.6:7077
[2025-03-26T14:02:06.802+0000] {spark_submit.py:645} INFO - at org.apache.spark.network.client.TransportClientFactory.createClient(TransportClientFactory.java:294)
[2025-03-26T14:02:06.804+0000] {spark_submit.py:645} INFO - at org.apache.spark.network.client.TransportClientFactory.createClient(TransportClientFactory.java:214)
[2025-03-26T14:02:06.809+0000] {spark_submit.py:645} INFO - at org.apache.spark.network.client.TransportClientFactory.createClient(TransportClientFactory.java:226)
[2025-03-26T14:02:06.810+0000] {spark_submit.py:645} INFO - at org.apache.spark.rpc.netty.NettyRpcEnv.createClient(NettyRpcEnv.scala:204)
[2025-03-26T14:02:06.810+0000] {spark_submit.py:645} INFO - at org.apache.spark.rpc.netty.Outbox$$anon$1.call(Outbox.scala:202)
[2025-03-26T14:02:06.811+0000] {spark_submit.py:645} INFO - at org.apache.spark.rpc.netty.Outbox$$anon$1.call(Outbox.scala:198)
[2025-03-26T14:02:06.812+0000] {spark_submit.py:645} INFO - ... 4 more
[2025-03-26T14:02:06.812+0000] {spark_submit.py:645} INFO - Caused by: io.netty.channel.AbstractChannel$AnnotatedConnectException: Connection refused: spark-master/172.18.0.6:7077
[2025-03-26T14:02:06.813+0000] {spark_submit.py:645} INFO - Caused by: java.net.ConnectException: Connection refused
[2025-03-26T14:02:06.813+0000] {spark_submit.py:645} INFO - at java.base/sun.nio.ch.Net.pollConnect(Native Method)
[2025-03-26T14:02:06.814+0000] {spark_submit.py:645} INFO - at java.base/sun.nio.ch.Net.pollConnectNow(Net.java:672)
[2025-03-26T14:02:06.814+0000] {spark_submit.py:645} INFO - at java.base/sun.nio.ch.SocketChannelImpl.finishConnect(SocketChannelImpl.java:946)
[2025-03-26T14:02:06.815+0000] {spark_submit.py:645} INFO - at io.netty.channel.socket.nio.NioSocketChannel.doFinishConnect(NioSocketChannel.java:337)
[2025-03-26T14:02:06.815+0000] {spark_submit.py:645} INFO - at io.netty.channel.nio.AbstractNioChannel$AbstractNioUnsafe.finishConnect(AbstractNioChannel.java:334)
[2025-03-26T14:02:06.816+0000] {spark_submit.py:645} INFO - at io.netty.channel.nio.NioEventLoop.processSelectedKey(NioEventLoop.java:776)
[2025-03-26T14:02:06.816+0000] {spark_submit.py:645} INFO - at io.netty.channel.nio.NioEventLoop.processSelectedKeysOptimized(NioEventLoop.java:724)
[2025-03-26T14:02:06.817+0000] {spark_submit.py:645} INFO - at io.netty.channel.nio.NioEventLoop.processSelectedKeys(NioEventLoop.java:650)
[2025-03-26T14:02:06.817+0000] {spark_submit.py:645} INFO - at io.netty.channel.nio.NioEventLoop.run(NioEventLoop.java:562)
[2025-03-26T14:02:06.818+0000] {spark_submit.py:645} INFO - at io.netty.util.concurrent.SingleThreadEventExecutor$4.run(SingleThreadEventExecutor.java:997)
[2025-03-26T14:02:06.818+0000] {spark_submit.py:645} INFO - at io.netty.util.internal.ThreadExecutorMap$2.run(ThreadExecutorMap.java:74)
[2025-03-26T14:02:06.818+0000] {spark_submit.py:645} INFO - at io.netty.util.concurrent.FastThreadLocalRunnable.run(FastThreadLocalRunnable.java:30)
[2025-03-26T14:02:06.819+0000] {spark_submit.py:645} INFO - at java.base/java.lang.Thread.run(Thread.java:840)
[2025-03-26T14:02:26.602+0000] {spark_submit.py:645} INFO - 25/03/26 14:02:26 INFO StandaloneAppClient$ClientEndpoint: Connecting to master spark://spark-master:7077...
[2025-03-26T14:02:26.606+0000] {spark_submit.py:645} INFO - 25/03/26 14:02:26 WARN StandaloneAppClient$ClientEndpoint: Failed to connect to master spark-master:7077
[2025-03-26T14:02:26.607+0000] {spark_submit.py:645} INFO - org.apache.spark.SparkException: Exception thrown in awaitResult:
[2025-03-26T14:02:26.607+0000] {spark_submit.py:645} INFO - at org.apache.spark.util.SparkThreadUtils$.awaitResult(SparkThreadUtils.scala:56)
[2025-03-26T14:02:26.607+0000] {spark_submit.py:645} INFO - at org.apache.spark.util.ThreadUtils$.awaitResult(ThreadUtils.scala:310)
[2025-03-26T14:02:26.608+0000] {spark_submit.py:645} INFO - at org.apache.spark.rpc.RpcTimeout.awaitResult(RpcTimeout.scala:75)
[2025-03-26T14:02:26.608+0000] {spark_submit.py:645} INFO - at org.apache.spark.rpc.RpcEnv.setupEndpointRefByURI(RpcEnv.scala:102)
[2025-03-26T14:02:26.609+0000] {spark_submit.py:645} INFO - at org.apache.spark.rpc.RpcEnv.setupEndpointRef(RpcEnv.scala:110)
[2025-03-26T14:02:26.609+0000] {spark_submit.py:645} INFO - at org.apache.spark.deploy.client.StandaloneAppClient$ClientEndpoint$$anon$1.run(StandaloneAppClient.scala:108)
[2025-03-26T14:02:26.609+0000] {spark_submit.py:645} INFO - at java.base/java.util.concurrent.Executors$RunnableAdapter.call(Executors.java:539)
[2025-03-26T14:02:26.610+0000] {spark_submit.py:645} INFO - at java.base/java.util.concurrent.FutureTask.run(FutureTask.java:264)
[2025-03-26T14:02:26.611+0000] {spark_submit.py:645} INFO - at java.base/java.util.concurrent.ThreadPoolExecutor.runWorker(ThreadPoolExecutor.java:1136)
[2025-03-26T14:02:26.612+0000] {spark_submit.py:645} INFO - at java.base/java.util.concurrent.ThreadPoolExecutor$Worker.run(ThreadPoolExecutor.java:635)
[2025-03-26T14:02:26.612+0000] {spark_submit.py:645} INFO - at java.base/java.lang.Thread.run(Thread.java:840)
[2025-03-26T14:02:26.612+0000] {spark_submit.py:645} INFO - Caused by: java.io.IOException: Failed to connect to spark-master/172.18.0.6:7077
[2025-03-26T14:02:26.613+0000] {spark_submit.py:645} INFO - at org.apache.spark.network.client.TransportClientFactory.createClient(TransportClientFactory.java:294)
[2025-03-26T14:02:26.613+0000] {spark_submit.py:645} INFO - at org.apache.spark.network.client.TransportClientFactory.createClient(TransportClientFactory.java:214)
[2025-03-26T14:02:26.614+0000] {spark_submit.py:645} INFO - at org.apache.spark.network.client.TransportClientFactory.createClient(TransportClientFactory.java:226)
[2025-03-26T14:02:26.614+0000] {spark_submit.py:645} INFO - at org.apache.spark.rpc.netty.NettyRpcEnv.createClient(NettyRpcEnv.scala:204)
[2025-03-26T14:02:26.614+0000] {spark_submit.py:645} INFO - at org.apache.spark.rpc.netty.Outbox$$anon$1.call(Outbox.scala:202)
[2025-03-26T14:02:26.615+0000] {spark_submit.py:645} INFO - at org.apache.spark.rpc.netty.Outbox$$anon$1.call(Outbox.scala:198)
[2025-03-26T14:02:26.615+0000] {spark_submit.py:645} INFO - ... 4 more
[2025-03-26T14:02:26.615+0000] {spark_submit.py:645} INFO - Caused by: io.netty.channel.AbstractChannel$AnnotatedConnectException: Connection refused: spark-master/172.18.0.6:7077
[2025-03-26T14:02:26.616+0000] {spark_submit.py:645} INFO - Caused by: java.net.ConnectException: Connection refused
[2025-03-26T14:02:26.616+0000] {spark_submit.py:645} INFO - at java.base/sun.nio.ch.Net.pollConnect(Native Method)
[2025-03-26T14:02:26.616+0000] {spark_submit.py:645} INFO - at java.base/sun.nio.ch.Net.pollConnectNow(Net.java:672)
[2025-03-26T14:02:26.617+0000] {spark_submit.py:645} INFO - at java.base/sun.nio.ch.SocketChannelImpl.finishConnect(SocketChannelImpl.java:946)
[2025-03-26T14:02:26.617+0000] {spark_submit.py:645} INFO - at io.netty.channel.socket.nio.NioSocketChannel.doFinishConnect(NioSocketChannel.java:337)
[2025-03-26T14:02:26.617+0000] {spark_submit.py:645} INFO - at io.netty.channel.nio.AbstractNioChannel$AbstractNioUnsafe.finishConnect(AbstractNioChannel.java:334)
[2025-03-26T14:02:26.618+0000] {spark_submit.py:645} INFO - at io.netty.channel.nio.NioEventLoop.processSelectedKey(NioEventLoop.java:776)
[2025-03-26T14:02:26.618+0000] {spark_submit.py:645} INFO - at io.netty.channel.nio.NioEventLoop.processSelectedKeysOptimized(NioEventLoop.java:724)
[2025-03-26T14:02:26.619+0000] {spark_submit.py:645} INFO - at io.netty.channel.nio.NioEventLoop.processSelectedKeys(NioEventLoop.java:650)
[2025-03-26T14:02:26.619+0000] {spark_submit.py:645} INFO - at io.netty.channel.nio.NioEventLoop.run(NioEventLoop.java:562)
[2025-03-26T14:02:26.619+0000] {spark_submit.py:645} INFO - at io.netty.util.concurrent.SingleThreadEventExecutor$4.run(SingleThreadEventExecutor.java:997)
[2025-03-26T14:02:26.620+0000] {spark_submit.py:645} INFO - at io.netty.util.internal.ThreadExecutorMap$2.run(ThreadExecutorMap.java:74)
[2025-03-26T14:02:26.620+0000] {spark_submit.py:645} INFO - at io.netty.util.concurrent.FastThreadLocalRunnable.run(FastThreadLocalRunnable.java:30)
[2025-03-26T14:02:26.620+0000] {spark_submit.py:645} INFO - at java.base/java.lang.Thread.run(Thread.java:840)
[2025-03-26T14:02:46.601+0000] {spark_submit.py:645} INFO - 25/03/26 14:02:46 INFO StandaloneAppClient$ClientEndpoint: Connecting to master spark://spark-master:7077...
[2025-03-26T14:02:46.606+0000] {spark_submit.py:645} INFO - 25/03/26 14:02:46 WARN StandaloneAppClient$ClientEndpoint: Failed to connect to master spark-master:7077
[2025-03-26T14:02:46.607+0000] {spark_submit.py:645} INFO - org.apache.spark.SparkException: Exception thrown in awaitResult:
[2025-03-26T14:02:46.607+0000] {spark_submit.py:645} INFO - at org.apache.spark.util.SparkThreadUtils$.awaitResult(SparkThreadUtils.scala:56)
[2025-03-26T14:02:46.608+0000] {spark_submit.py:645} INFO - at org.apache.spark.util.ThreadUtils$.awaitResult(ThreadUtils.scala:310)
[2025-03-26T14:02:46.608+0000] {spark_submit.py:645} INFO - at org.apache.spark.rpc.RpcTimeout.awaitResult(RpcTimeout.scala:75)
[2025-03-26T14:02:46.609+0000] {spark_submit.py:645} INFO - at org.apache.spark.rpc.RpcEnv.setupEndpointRefByURI(RpcEnv.scala:102)
[2025-03-26T14:02:46.609+0000] {spark_submit.py:645} INFO - at org.apache.spark.rpc.RpcEnv.setupEndpointRef(RpcEnv.scala:110)
[2025-03-26T14:02:46.610+0000] {spark_submit.py:645} INFO - at org.apache.spark.deploy.client.StandaloneAppClient$ClientEndpoint$$anon$1.run(StandaloneAppClient.scala:108)
[2025-03-26T14:02:46.610+0000] {spark_submit.py:645} INFO - at java.base/java.util.concurrent.Executors$RunnableAdapter.call(Executors.java:539)
[2025-03-26T14:02:46.610+0000] {spark_submit.py:645} INFO - at java.base/java.util.concurrent.FutureTask.run(FutureTask.java:264)
[2025-03-26T14:02:46.610+0000] {spark_submit.py:645} INFO - at java.base/java.util.concurrent.ThreadPoolExecutor.runWorker(ThreadPoolExecutor.java:1136)
[2025-03-26T14:02:46.611+0000] {spark_submit.py:645} INFO - at java.base/java.util.concurrent.ThreadPoolExecutor$Worker.run(ThreadPoolExecutor.java:635)
[2025-03-26T14:02:46.611+0000] {spark_submit.py:645} INFO - at java.base/java.lang.Thread.run(Thread.java:840)
[2025-03-26T14:02:46.612+0000] {spark_submit.py:645} INFO - Caused by: java.io.IOException: Failed to connect to spark-master/172.18.0.6:7077
[2025-03-26T14:02:46.612+0000] {spark_submit.py:645} INFO - at org.apache.spark.network.client.TransportClientFactory.createClient(TransportClientFactory.java:294)
[2025-03-26T14:02:46.612+0000] {spark_submit.py:645} INFO - at org.apache.spark.network.client.TransportClientFactory.createClient(TransportClientFactory.java:214)
[2025-03-26T14:02:46.613+0000] {spark_submit.py:645} INFO - at org.apache.spark.network.client.TransportClientFactory.createClient(TransportClientFactory.java:226)
[2025-03-26T14:02:46.613+0000] {spark_submit.py:645} INFO - at org.apache.spark.rpc.netty.NettyRpcEnv.createClient(NettyRpcEnv.scala:204)
[2025-03-26T14:02:46.614+0000] {spark_submit.py:645} INFO - at org.apache.spark.rpc.netty.Outbox$$anon$1.call(Outbox.scala:202)
[2025-03-26T14:02:46.614+0000] {spark_submit.py:645} INFO - at org.apache.spark.rpc.netty.Outbox$$anon$1.call(Outbox.scala:198)
[2025-03-26T14:02:46.614+0000] {spark_submit.py:645} INFO - ... 4 more
[2025-03-26T14:02:46.615+0000] {spark_submit.py:645} INFO - Caused by: io.netty.channel.AbstractChannel$AnnotatedConnectException: Connection refused: spark-master/172.18.0.6:7077
[2025-03-26T14:02:46.615+0000] {spark_submit.py:645} INFO - Caused by: java.net.ConnectException: Connection refused
[2025-03-26T14:02:46.615+0000] {spark_submit.py:645} INFO - at java.base/sun.nio.ch.Net.pollConnect(Native Method)
[2025-03-26T14:02:46.616+0000] {spark_submit.py:645} INFO - at java.base/sun.nio.ch.Net.pollConnectNow(Net.java:672)
[2025-03-26T14:02:46.616+0000] {spark_submit.py:645} INFO - at java.base/sun.nio.ch.SocketChannelImpl.finishConnect(SocketChannelImpl.java:946)
[2025-03-26T14:02:46.616+0000] {spark_submit.py:645} INFO - at io.netty.channel.socket.nio.NioSocketChannel.doFinishConnect(NioSocketChannel.java:337)
[2025-03-26T14:02:46.617+0000] {spark_submit.py:645} INFO - at io.netty.channel.nio.AbstractNioChannel$AbstractNioUnsafe.finishConnect(AbstractNioChannel.java:334)
[2025-03-26T14:02:46.617+0000] {spark_submit.py:645} INFO - at io.netty.channel.nio.NioEventLoop.processSelectedKey(NioEventLoop.java:776)
[2025-03-26T14:02:46.617+0000] {spark_submit.py:645} INFO - at io.netty.channel.nio.NioEventLoop.processSelectedKeysOptimized(NioEventLoop.java:724)
[2025-03-26T14:02:46.618+0000] {spark_submit.py:645} INFO - at io.netty.channel.nio.NioEventLoop.processSelectedKeys(NioEventLoop.java:650)
[2025-03-26T14:02:46.618+0000] {spark_submit.py:645} INFO - at io.netty.channel.nio.NioEventLoop.run(NioEventLoop.java:562)
[2025-03-26T14:02:46.618+0000] {spark_submit.py:645} INFO - at io.netty.util.concurrent.SingleThreadEventExecutor$4.run(SingleThreadEventExecutor.java:997)
[2025-03-26T14:02:46.619+0000] {spark_submit.py:645} INFO - at io.netty.util.internal.ThreadExecutorMap$2.run(ThreadExecutorMap.java:74)
[2025-03-26T14:02:46.619+0000] {spark_submit.py:645} INFO - at io.netty.util.concurrent.FastThreadLocalRunnable.run(FastThreadLocalRunnable.java:30)
[2025-03-26T14:02:46.619+0000] {spark_submit.py:645} INFO - at java.base/java.lang.Thread.run(Thread.java:840)
[2025-03-26T14:03:06.602+0000] {spark_submit.py:645} INFO - 25/03/26 14:03:06 WARN StandaloneSchedulerBackend: Application ID is not initialized yet.
[2025-03-26T14:03:06.620+0000] {spark_submit.py:645} INFO - 25/03/26 14:03:06 ERROR StandaloneSchedulerBackend: Application has been killed. Reason: All masters are unresponsive! Giving up.
[2025-03-26T14:03:06.630+0000] {spark_submit.py:645} INFO - 25/03/26 14:03:06 INFO Utils: Successfully started service 'org.apache.spark.network.netty.NettyBlockTransferService' on port 38951.
[2025-03-26T14:03:06.631+0000] {spark_submit.py:645} INFO - 25/03/26 14:03:06 INFO NettyBlockTransferService: Server created on 1ef5fffc4c4a:38951
[2025-03-26T14:03:06.636+0000] {spark_submit.py:645} INFO - 25/03/26 14:03:06 INFO BlockManager: Using org.apache.spark.storage.RandomBlockReplicationPolicy for block replication policy
[2025-03-26T14:03:06.645+0000] {spark_submit.py:645} INFO - 25/03/26 14:03:06 INFO BlockManagerMaster: Registering BlockManager BlockManagerId(driver, 1ef5fffc4c4a, 38951, None)
[2025-03-26T14:03:06.651+0000] {spark_submit.py:645} INFO - 25/03/26 14:03:06 INFO BlockManagerMasterEndpoint: Registering block manager 1ef5fffc4c4a:38951 with 434.4 MiB RAM, BlockManagerId(driver, 1ef5fffc4c4a, 38951, None)
[2025-03-26T14:03:06.654+0000] {spark_submit.py:645} INFO - 25/03/26 14:03:06 INFO BlockManagerMaster: Registered BlockManager BlockManagerId(driver, 1ef5fffc4c4a, 38951, None)
[2025-03-26T14:03:06.656+0000] {spark_submit.py:645} INFO - 25/03/26 14:03:06 INFO BlockManager: Initialized BlockManager: BlockManagerId(driver, 1ef5fffc4c4a, 38951, None)
[2025-03-26T14:03:06.972+0000] {spark_submit.py:645} INFO - 25/03/26 14:03:06 INFO StandaloneSchedulerBackend: SchedulerBackend is ready for scheduling beginning after reached minRegisteredResourcesRatio: 0.0
[2025-03-26T14:03:07.294+0000] {spark_submit.py:645} INFO - 25/03/26 14:03:07 INFO SharedState: Setting hive.metastore.warehouse.dir ('null') to the value of spark.sql.warehouse.dir.
[2025-03-26T14:03:07.298+0000] {spark_submit.py:645} INFO - 25/03/26 14:03:07 INFO SharedState: Warehouse path is 'file:/opt/spark-warehouse'.
[2025-03-26T14:03:07.410+0000] {spark_submit.py:645} INFO - 25/03/26 14:03:07 INFO SparkContext: SparkContext is stopping with exitCode 0.
[2025-03-26T14:03:07.425+0000] {spark_submit.py:645} INFO - 25/03/26 14:03:07 INFO SparkUI: Stopped Spark web UI at http://1ef5fffc4c4a:4040
[2025-03-26T14:03:07.433+0000] {spark_submit.py:645} INFO - 25/03/26 14:03:07 INFO StandaloneSchedulerBackend: Shutting down all executors
[2025-03-26T14:03:07.438+0000] {spark_submit.py:645} INFO - 25/03/26 14:03:07 INFO StandaloneSchedulerBackend$StandaloneDriverEndpoint: Asking each executor to shut down
[2025-03-26T14:03:07.445+0000] {spark_submit.py:645} INFO - 25/03/26 14:03:07 WARN StandaloneAppClient$ClientEndpoint: Drop UnregisterApplication(null) because has not yet connected to master
[2025-03-26T14:03:07.463+0000] {spark_submit.py:645} INFO - 25/03/26 14:03:07 INFO MapOutputTrackerMasterEndpoint: MapOutputTrackerMasterEndpoint stopped!
[2025-03-26T14:03:07.494+0000] {spark_submit.py:645} INFO - 25/03/26 14:03:07 INFO MemoryStore: MemoryStore cleared
[2025-03-26T14:03:07.495+0000] {spark_submit.py:645} INFO - 25/03/26 14:03:07 INFO BlockManager: BlockManager stopped
[2025-03-26T14:03:07.502+0000] {spark_submit.py:645} INFO - 25/03/26 14:03:07 INFO BlockManagerMaster: BlockManagerMaster stopped
[2025-03-26T14:03:07.505+0000] {spark_submit.py:645} INFO - 25/03/26 14:03:07 INFO OutputCommitCoordinator$OutputCommitCoordinatorEndpoint: OutputCommitCoordinator stopped!
[2025-03-26T14:03:07.523+0000] {spark_submit.py:645} INFO - 25/03/26 14:03:07 INFO SparkContext: Successfully stopped SparkContext
[2025-03-26T14:03:08.691+0000] {spark_submit.py:645} INFO - 25/03/26 14:03:08 WARN MetricsConfig: Cannot locate configuration: tried hadoop-metrics2-s3a-file-system.properties,hadoop-metrics2.properties
[2025-03-26T14:03:08.715+0000] {spark_submit.py:645} INFO - 25/03/26 14:03:08 INFO MetricsSystemImpl: Scheduled Metric snapshot period at 10 second(s).
[2025-03-26T14:03:08.716+0000] {spark_submit.py:645} INFO - 25/03/26 14:03:08 INFO MetricsSystemImpl: s3a-file-system metrics system started
[2025-03-26T14:03:12.674+0000] {spark_submit.py:645} INFO - 25/03/26 14:03:12 INFO InMemoryFileIndex: It took 152 ms to list leaf files for 1 paths.
[2025-03-26T14:03:12.906+0000] {spark_submit.py:645} INFO - Traceback (most recent call last):
[2025-03-26T14:03:12.906+0000] {spark_submit.py:645} INFO - File "/opt/spark_job/data_transformation.py", line 43, in <module>
[2025-03-26T14:03:12.909+0000] {spark_submit.py:645} INFO - data_transformation(spark, file_path)
[2025-03-26T14:03:12.909+0000] {spark_submit.py:645} INFO - File "/opt/spark_job/data_transformation.py", line 20, in data_transformation
[2025-03-26T14:03:12.911+0000] {spark_submit.py:645} INFO - df_raw = spark.read.option("multiline", "true").json(file_path)#"s3a://raw/playlist_20250323_190824.json")
[2025-03-26T14:03:12.912+0000] {spark_submit.py:645} INFO - ^^^^^^^^^^^^^^^^^^^^^^^^^^^^^^^^^^^^^^^^^^^^^^^^^^^^^^
[2025-03-26T14:03:12.912+0000] {spark_submit.py:645} INFO - File "/home/***/.local/lib/python3.11/site-packages/pyspark/python/lib/pyspark.zip/pyspark/sql/readwriter.py", line 425, in json
[2025-03-26T14:03:12.912+0000] {spark_submit.py:645} INFO - File "/home/***/.local/lib/python3.11/site-packages/pyspark/python/lib/py4j-0.10.9.7-src.zip/py4j/java_gateway.py", line 1322, in __call__
[2025-03-26T14:03:12.913+0000] {spark_submit.py:645} INFO - File "/home/***/.local/lib/python3.11/site-packages/pyspark/python/lib/pyspark.zip/pyspark/errors/exceptions/captured.py", line 179, in deco
[2025-03-26T14:03:12.913+0000] {spark_submit.py:645} INFO - File "/home/***/.local/lib/python3.11/site-packages/pyspark/python/lib/py4j-0.10.9.7-src.zip/py4j/protocol.py", line 326, in get_return_value
[2025-03-26T14:03:12.914+0000] {spark_submit.py:645} INFO - py4j.protocol.Py4JJavaError: An error occurred while calling o35.json.
[2025-03-26T14:03:12.914+0000] {spark_submit.py:645} INFO - : java.lang.IllegalStateException: Cannot call methods on a stopped SparkContext.
[2025-03-26T14:03:12.914+0000] {spark_submit.py:645} INFO - This stopped SparkContext was created at:
[2025-03-26T14:03:12.915+0000] {spark_submit.py:645} INFO - 
[2025-03-26T14:03:12.915+0000] {spark_submit.py:645} INFO - org.apache.spark.api.java.JavaSparkContext.<init>(JavaSparkContext.scala:58)
[2025-03-26T14:03:12.915+0000] {spark_submit.py:645} INFO - java.base/jdk.internal.reflect.NativeConstructorAccessorImpl.newInstance0(Native Method)
[2025-03-26T14:03:12.916+0000] {spark_submit.py:645} INFO - java.base/jdk.internal.reflect.NativeConstructorAccessorImpl.newInstance(NativeConstructorAccessorImpl.java:77)
[2025-03-26T14:03:12.916+0000] {spark_submit.py:645} INFO - java.base/jdk.internal.reflect.DelegatingConstructorAccessorImpl.newInstance(DelegatingConstructorAccessorImpl.java:45)
[2025-03-26T14:03:12.916+0000] {spark_submit.py:645} INFO - java.base/java.lang.reflect.Constructor.newInstanceWithCaller(Constructor.java:500)
[2025-03-26T14:03:12.917+0000] {spark_submit.py:645} INFO - java.base/java.lang.reflect.Constructor.newInstance(Constructor.java:481)
[2025-03-26T14:03:12.917+0000] {spark_submit.py:645} INFO - py4j.reflection.MethodInvoker.invoke(MethodInvoker.java:247)
[2025-03-26T14:03:12.918+0000] {spark_submit.py:645} INFO - py4j.reflection.ReflectionEngine.invoke(ReflectionEngine.java:374)
[2025-03-26T14:03:12.918+0000] {spark_submit.py:645} INFO - py4j.Gateway.invoke(Gateway.java:238)
[2025-03-26T14:03:12.919+0000] {spark_submit.py:645} INFO - py4j.commands.ConstructorCommand.invokeConstructor(ConstructorCommand.java:80)
[2025-03-26T14:03:12.919+0000] {spark_submit.py:645} INFO - py4j.commands.ConstructorCommand.execute(ConstructorCommand.java:69)
[2025-03-26T14:03:12.919+0000] {spark_submit.py:645} INFO - py4j.ClientServerConnection.waitForCommands(ClientServerConnection.java:182)
[2025-03-26T14:03:12.920+0000] {spark_submit.py:645} INFO - py4j.ClientServerConnection.run(ClientServerConnection.java:106)
[2025-03-26T14:03:12.920+0000] {spark_submit.py:645} INFO - java.base/java.lang.Thread.run(Thread.java:840)
[2025-03-26T14:03:12.921+0000] {spark_submit.py:645} INFO - 
[2025-03-26T14:03:12.922+0000] {spark_submit.py:645} INFO - The currently active SparkContext was created at:
[2025-03-26T14:03:12.923+0000] {spark_submit.py:645} INFO - 
[2025-03-26T14:03:12.925+0000] {spark_submit.py:645} INFO - (No active SparkContext.)
[2025-03-26T14:03:12.927+0000] {spark_submit.py:645} INFO - 
[2025-03-26T14:03:12.928+0000] {spark_submit.py:645} INFO - at org.apache.spark.SparkContext.assertNotStopped(SparkContext.scala:122)
[2025-03-26T14:03:12.928+0000] {spark_submit.py:645} INFO - at org.apache.spark.SparkContext.defaultParallelism(SparkContext.scala:2702)
[2025-03-26T14:03:12.930+0000] {spark_submit.py:645} INFO - at org.apache.spark.SparkContext.defaultMinPartitions(SparkContext.scala:2711)
[2025-03-26T14:03:12.930+0000] {spark_submit.py:645} INFO - at org.apache.spark.sql.execution.datasources.json.MultiLineJsonDataSource$.createBaseRdd(JsonDataSource.scala:187)
[2025-03-26T14:03:12.930+0000] {spark_submit.py:645} INFO - at org.apache.spark.sql.execution.datasources.json.MultiLineJsonDataSource$.infer(JsonDataSource.scala:160)
[2025-03-26T14:03:12.931+0000] {spark_submit.py:645} INFO - at org.apache.spark.sql.execution.datasources.json.JsonDataSource.inferSchema(JsonDataSource.scala:64)
[2025-03-26T14:03:12.931+0000] {spark_submit.py:645} INFO - at org.apache.spark.sql.execution.datasources.json.JsonFileFormat.inferSchema(JsonFileFormat.scala:59)
[2025-03-26T14:03:12.931+0000] {spark_submit.py:645} INFO - at org.apache.spark.sql.execution.datasources.DataSource.$anonfun$getOrInferFileFormatSchema$11(DataSource.scala:208)
[2025-03-26T14:03:12.932+0000] {spark_submit.py:645} INFO - at scala.Option.orElse(Option.scala:447)
[2025-03-26T14:03:12.933+0000] {spark_submit.py:645} INFO - at org.apache.spark.sql.execution.datasources.DataSource.getOrInferFileFormatSchema(DataSource.scala:205)
[2025-03-26T14:03:12.933+0000] {spark_submit.py:645} INFO - at org.apache.spark.sql.execution.datasources.DataSource.resolveRelation(DataSource.scala:407)
[2025-03-26T14:03:12.933+0000] {spark_submit.py:645} INFO - at org.apache.spark.sql.DataFrameReader.loadV1Source(DataFrameReader.scala:229)
[2025-03-26T14:03:12.934+0000] {spark_submit.py:645} INFO - at org.apache.spark.sql.DataFrameReader.$anonfun$load$2(DataFrameReader.scala:211)
[2025-03-26T14:03:12.934+0000] {spark_submit.py:645} INFO - at scala.Option.getOrElse(Option.scala:189)
[2025-03-26T14:03:12.934+0000] {spark_submit.py:645} INFO - at org.apache.spark.sql.DataFrameReader.load(DataFrameReader.scala:211)
[2025-03-26T14:03:12.935+0000] {spark_submit.py:645} INFO - at org.apache.spark.sql.DataFrameReader.json(DataFrameReader.scala:362)
[2025-03-26T14:03:12.935+0000] {spark_submit.py:645} INFO - at java.base/jdk.internal.reflect.NativeMethodAccessorImpl.invoke0(Native Method)
[2025-03-26T14:03:12.935+0000] {spark_submit.py:645} INFO - at java.base/jdk.internal.reflect.NativeMethodAccessorImpl.invoke(NativeMethodAccessorImpl.java:77)
[2025-03-26T14:03:12.936+0000] {spark_submit.py:645} INFO - at java.base/jdk.internal.reflect.DelegatingMethodAccessorImpl.invoke(DelegatingMethodAccessorImpl.java:43)
[2025-03-26T14:03:12.937+0000] {spark_submit.py:645} INFO - at java.base/java.lang.reflect.Method.invoke(Method.java:569)
[2025-03-26T14:03:12.937+0000] {spark_submit.py:645} INFO - at py4j.reflection.MethodInvoker.invoke(MethodInvoker.java:244)
[2025-03-26T14:03:12.938+0000] {spark_submit.py:645} INFO - at py4j.reflection.ReflectionEngine.invoke(ReflectionEngine.java:374)
[2025-03-26T14:03:12.938+0000] {spark_submit.py:645} INFO - at py4j.Gateway.invoke(Gateway.java:282)
[2025-03-26T14:03:12.939+0000] {spark_submit.py:645} INFO - at py4j.commands.AbstractCommand.invokeMethod(AbstractCommand.java:132)
[2025-03-26T14:03:12.939+0000] {spark_submit.py:645} INFO - at py4j.commands.CallCommand.execute(CallCommand.java:79)
[2025-03-26T14:03:12.939+0000] {spark_submit.py:645} INFO - at py4j.ClientServerConnection.waitForCommands(ClientServerConnection.java:182)
[2025-03-26T14:03:12.940+0000] {spark_submit.py:645} INFO - at py4j.ClientServerConnection.run(ClientServerConnection.java:106)
[2025-03-26T14:03:12.940+0000] {spark_submit.py:645} INFO - at java.base/java.lang.Thread.run(Thread.java:840)
[2025-03-26T14:03:12.941+0000] {spark_submit.py:645} INFO - 
[2025-03-26T14:03:12.983+0000] {spark_submit.py:645} INFO - 25/03/26 14:03:12 INFO ShutdownHookManager: Shutdown hook called
[2025-03-26T14:03:12.983+0000] {spark_submit.py:645} INFO - 25/03/26 14:03:12 INFO ShutdownHookManager: Deleting directory /tmp/spark-35896e40-5c0a-443f-a7ee-25774755a8b7
[2025-03-26T14:03:12.989+0000] {spark_submit.py:645} INFO - 25/03/26 14:03:12 INFO ShutdownHookManager: Deleting directory /tmp/spark-35896e40-5c0a-443f-a7ee-25774755a8b7/pyspark-dacace46-6229-44dc-83e2-2f697abc9d98
[2025-03-26T14:03:12.997+0000] {spark_submit.py:645} INFO - 25/03/26 14:03:12 INFO ShutdownHookManager: Deleting directory /tmp/spark-62bacba9-fb90-41fb-8a6d-1ef87e4d6d4e
[2025-03-26T14:03:13.010+0000] {spark_submit.py:645} INFO - 25/03/26 14:03:13 INFO MetricsSystemImpl: Stopping s3a-file-system metrics system...
[2025-03-26T14:03:13.010+0000] {spark_submit.py:645} INFO - 25/03/26 14:03:13 INFO MetricsSystemImpl: s3a-file-system metrics system stopped.
[2025-03-26T14:03:13.011+0000] {spark_submit.py:645} INFO - 25/03/26 14:03:13 INFO MetricsSystemImpl: s3a-file-system metrics system shutdown complete.
[2025-03-26T14:03:13.075+0000] {taskinstance.py:441} INFO - ::group::Post task execution logs
[2025-03-26T14:03:13.086+0000] {taskinstance.py:2905} ERROR - Task failed with exception
Traceback (most recent call last):
  File "/home/airflow/.local/lib/python3.11/site-packages/airflow/models/taskinstance.py", line 465, in _execute_task
    result = _execute_callable(context=context, **execute_callable_kwargs)
             ^^^^^^^^^^^^^^^^^^^^^^^^^^^^^^^^^^^^^^^^^^^^^^^^^^^^^^^^^^^^^
  File "/home/airflow/.local/lib/python3.11/site-packages/airflow/models/taskinstance.py", line 432, in _execute_callable
    return execute_callable(context=context, **execute_callable_kwargs)
           ^^^^^^^^^^^^^^^^^^^^^^^^^^^^^^^^^^^^^^^^^^^^^^^^^^^^^^^^^^^^
  File "/home/airflow/.local/lib/python3.11/site-packages/airflow/models/baseoperator.py", line 401, in wrapper
    return func(self, *args, **kwargs)
           ^^^^^^^^^^^^^^^^^^^^^^^^^^^
  File "/home/airflow/.local/lib/python3.11/site-packages/airflow/operators/python.py", line 235, in execute
    return_value = self.execute_callable()
                   ^^^^^^^^^^^^^^^^^^^^^^^
  File "/home/airflow/.local/lib/python3.11/site-packages/airflow/operators/python.py", line 252, in execute_callable
    return self.python_callable(*self.op_args, **self.op_kwargs)
           ^^^^^^^^^^^^^^^^^^^^^^^^^^^^^^^^^^^^^^^^^^^^^^^^^^^^^
  File "/opt/airflow/dags/etl_pipeline.py", line 96, in spark_dtransformation
    ).execute(kwargs)
      ^^^^^^^^^^^^^^^
  File "/home/airflow/.local/lib/python3.11/site-packages/airflow/models/baseoperator.py", line 401, in wrapper
    return func(self, *args, **kwargs)
           ^^^^^^^^^^^^^^^^^^^^^^^^^^^
  File "/home/airflow/.local/lib/python3.11/site-packages/airflow/providers/apache/spark/operators/spark_submit.py", line 177, in execute
    self._hook.submit(self.application)
  File "/home/airflow/.local/lib/python3.11/site-packages/airflow/providers/apache/spark/hooks/spark_submit.py", line 567, in submit
    raise AirflowException(
airflow.exceptions.AirflowException: Cannot execute: spark-submit --master spark://spark-master:7077 --conf spark.master=spark://spark-master:7077 --conf spark.executor.memory=2g --conf spark.executor.cores=2 --conf spark.jars=/opt/spark_job/jars/aws-java-sdk-bundle-1.12.262.jar,/opt/spark_job/jars/hadoop-aws-3.3.4.jar --conf spark.hadoop.fs.s3a.endpoint=http://minio:9000 --conf spark.hadoop.fs.s3a.access.key=admin --conf spark.hadoop.fs.s3a.secret.key=****** --conf spark.hadoop.fs.s3a.impl=org.apache.hadoop.fs.s3a.S3AFileSystem --conf spark.hadoop.fs.s3a.path.style.access=true --principal *** --name arrow-spark --verbose --deploy-mode client /opt/spark_job/data_transformation.py s3://raw/playlist_20250326_133348.json. Error code is: 1.
[2025-03-26T14:03:13.115+0000] {taskinstance.py:1206} INFO - Marking task as FAILED. dag_id=etl_pipeline, task_id=transformation, run_id=manual__2025-03-26T13:33:39.761724+00:00, execution_date=20250326T133339, start_date=20250326T140200, end_date=20250326T140313
[2025-03-26T14:03:13.163+0000] {standard_task_runner.py:110} ERROR - Failed to execute job 13 for task transformation (Cannot execute: spark-submit --master spark://spark-master:7077 --conf spark.master=spark://spark-master:7077 --conf spark.executor.memory=2g --conf spark.executor.cores=2 --conf spark.jars=/opt/spark_job/jars/aws-java-sdk-bundle-1.12.262.jar,/opt/spark_job/jars/hadoop-aws-3.3.4.jar --conf spark.hadoop.fs.s3a.endpoint=http://minio:9000 --conf spark.hadoop.fs.s3a.access.key=admin --conf spark.hadoop.fs.s3a.secret.key=****** --conf spark.hadoop.fs.s3a.impl=org.apache.hadoop.fs.s3a.S3AFileSystem --conf spark.hadoop.fs.s3a.path.style.access=true --principal *** --name arrow-spark --verbose --deploy-mode client /opt/spark_job/data_transformation.py s3://raw/playlist_20250326_133348.json. Error code is: 1.; 451)
[2025-03-26T14:03:13.239+0000] {local_task_job_runner.py:240} INFO - Task exited with return code 1
[2025-03-26T14:03:13.267+0000] {taskinstance.py:3503} INFO - 0 downstream tasks scheduled from follow-on schedule check
[2025-03-26T14:03:13.303+0000] {local_task_job_runner.py:222} INFO - ::endgroup::
