[2025-03-29T00:08:15.706+0000] {local_task_job_runner.py:120} INFO - ::group::Pre task execution logs
[2025-03-29T00:08:15.741+0000] {taskinstance.py:2076} INFO - Dependencies all met for dep_context=non-requeueable deps ti=<TaskInstance: etl_pipeline.transformation manual__2025-03-26T13:33:39.761724+00:00 [queued]>
[2025-03-29T00:08:15.751+0000] {taskinstance.py:2076} INFO - Dependencies all met for dep_context=requeueable deps ti=<TaskInstance: etl_pipeline.transformation manual__2025-03-26T13:33:39.761724+00:00 [queued]>
[2025-03-29T00:08:15.751+0000] {taskinstance.py:2306} INFO - Starting attempt 46 of 46
[2025-03-29T00:08:15.782+0000] {taskinstance.py:2330} INFO - Executing <Task(PythonOperator): transformation> on 2025-03-26 13:33:39.761724+00:00
[2025-03-29T00:08:15.789+0000] {standard_task_runner.py:63} INFO - Started process 1100 to run task
[2025-03-29T00:08:15.792+0000] {standard_task_runner.py:90} INFO - Running: ['***', 'tasks', 'run', 'etl_pipeline', 'transformation', 'manual__2025-03-26T13:33:39.761724+00:00', '--job-id', '58', '--raw', '--subdir', 'DAGS_FOLDER/etl_pipeline.py', '--cfg-path', '/tmp/tmp5fnv0ga8']
[2025-03-29T00:08:15.794+0000] {standard_task_runner.py:91} INFO - Job 58: Subtask transformation
[2025-03-29T00:08:15.866+0000] {task_command.py:426} INFO - Running <TaskInstance: etl_pipeline.transformation manual__2025-03-26T13:33:39.761724+00:00 [running]> on host 9a51e41eb88a
[2025-03-29T00:08:15.996+0000] {taskinstance.py:2648} INFO - Exporting env vars: AIRFLOW_CTX_DAG_OWNER='lobobranco' AIRFLOW_CTX_DAG_ID='etl_pipeline' AIRFLOW_CTX_TASK_ID='transformation' AIRFLOW_CTX_EXECUTION_DATE='2025-03-26T13:33:39.761724+00:00' AIRFLOW_CTX_TRY_NUMBER='46' AIRFLOW_CTX_DAG_RUN_ID='manual__2025-03-26T13:33:39.761724+00:00'
[2025-03-29T00:08:15.997+0000] {taskinstance.py:430} INFO - ::endgroup::
[2025-03-29T00:08:16.150+0000] {etl_pipeline.py:76} INFO - Transforming data from file: s3://raw/playlist_20250328_235234.json
[2025-03-29T00:08:16.151+0000] {logging_mixin.py:188} INFO - File Path: s3://raw/playlist_20250328_235234.json
[2025-03-29T00:08:16.156+0000] {logging_mixin.py:188} INFO - Processed Bucket: processed
[2025-03-29T00:08:16.172+0000] {baseoperator.py:400} WARNING - SparkSubmitOperator.execute cannot be called outside TaskInstance!
[2025-03-29T00:08:16.467+0000] {base.py:84} INFO - Using connection ID 'spark_default' for task execution.
[2025-03-29T00:08:16.535+0000] {spark_submit.py:328} ERROR - Failed to decode base64 keytab: Incorrect padding
[2025-03-29T00:08:16.559+0000] {spark_submit.py:305} INFO - Could not load connection string spark_default, defaulting to spark://spark-master:7077
[2025-03-29T00:08:16.561+0000] {spark_submit.py:474} INFO - Spark-Submit cmd: spark-submit --master spark://spark-master:7077 --conf spark.executor.memory=512m --conf spark.executor.cores=1 --conf spark.jars=/opt/spark_job/jars/aws-java-sdk-bundle-1.12.262.jar,/opt/spark_job/jars/hadoop-aws-3.3.4.jar --conf spark.hadoop.fs.s3a.endpoint=http://minio:9000 --conf spark.hadoop.fs.s3a.access.key=admin --conf spark.hadoop.fs.s3a.secret.key=****** --conf spark.hadoop.fs.s3a.impl=org.apache.hadoop.fs.s3a.S3AFileSystem --conf spark.hadoop.fs.s3a.path.style.access=true --principal *** --name arrow-spark --verbose --deploy-mode client /opt/spark_job/data_transformation.py s3://raw/playlist_20250328_235234.json processed
[2025-03-29T00:08:17.237+0000] {spark_submit.py:645} INFO - /home/***/.local/lib/python3.11/site-packages/pyspark/bin/load-spark-env.sh: line 68: ps: command not found
[2025-03-29T00:08:22.037+0000] {spark_submit.py:645} INFO - Using properties file: null
[2025-03-29T00:08:22.182+0000] {spark_submit.py:645} INFO - Parsed arguments:
[2025-03-29T00:08:22.183+0000] {spark_submit.py:645} INFO - master                  spark://spark-master:7077
[2025-03-29T00:08:22.184+0000] {spark_submit.py:645} INFO - remote                  null
[2025-03-29T00:08:22.184+0000] {spark_submit.py:645} INFO - deployMode              client
[2025-03-29T00:08:22.184+0000] {spark_submit.py:645} INFO - executorMemory          512m
[2025-03-29T00:08:22.185+0000] {spark_submit.py:645} INFO - executorCores           1
[2025-03-29T00:08:22.185+0000] {spark_submit.py:645} INFO - totalExecutorCores      null
[2025-03-29T00:08:22.186+0000] {spark_submit.py:645} INFO - propertiesFile          null
[2025-03-29T00:08:22.186+0000] {spark_submit.py:645} INFO - driverMemory            null
[2025-03-29T00:08:22.186+0000] {spark_submit.py:645} INFO - driverCores             null
[2025-03-29T00:08:22.187+0000] {spark_submit.py:645} INFO - driverExtraClassPath    null
[2025-03-29T00:08:22.187+0000] {spark_submit.py:645} INFO - driverExtraLibraryPath  null
[2025-03-29T00:08:22.188+0000] {spark_submit.py:645} INFO - driverExtraJavaOptions  null
[2025-03-29T00:08:22.188+0000] {spark_submit.py:645} INFO - supervise               false
[2025-03-29T00:08:22.188+0000] {spark_submit.py:645} INFO - queue                   null
[2025-03-29T00:08:22.189+0000] {spark_submit.py:645} INFO - numExecutors            null
[2025-03-29T00:08:22.189+0000] {spark_submit.py:645} INFO - files                   null
[2025-03-29T00:08:22.190+0000] {spark_submit.py:645} INFO - pyFiles                 null
[2025-03-29T00:08:22.190+0000] {spark_submit.py:645} INFO - archives                null
[2025-03-29T00:08:22.190+0000] {spark_submit.py:645} INFO - mainClass               null
[2025-03-29T00:08:22.191+0000] {spark_submit.py:645} INFO - primaryResource         file:/opt/spark_job/data_transformation.py
[2025-03-29T00:08:22.191+0000] {spark_submit.py:645} INFO - name                    arrow-spark
[2025-03-29T00:08:22.191+0000] {spark_submit.py:645} INFO - childArgs               [s3://raw/playlist_20250328_235234.json processed]
[2025-03-29T00:08:22.192+0000] {spark_submit.py:645} INFO - jars                    /opt/spark_job/jars/aws-java-sdk-bundle-1.12.262.jar,/opt/spark_job/jars/hadoop-aws-3.3.4.jar
[2025-03-29T00:08:22.192+0000] {spark_submit.py:645} INFO - packages                null
[2025-03-29T00:08:22.193+0000] {spark_submit.py:645} INFO - packagesExclusions      null
[2025-03-29T00:08:22.193+0000] {spark_submit.py:645} INFO - repositories            null
[2025-03-29T00:08:22.193+0000] {spark_submit.py:645} INFO - verbose                 true
[2025-03-29T00:08:22.194+0000] {spark_submit.py:645} INFO - 
[2025-03-29T00:08:22.194+0000] {spark_submit.py:645} INFO - Spark properties used, including those specified through
[2025-03-29T00:08:22.194+0000] {spark_submit.py:645} INFO - --conf and those from the properties file null:
[2025-03-29T00:08:22.195+0000] {spark_submit.py:645} INFO - (spark.executor.cores,1)
[2025-03-29T00:08:22.195+0000] {spark_submit.py:645} INFO - (spark.executor.memory,512m)
[2025-03-29T00:08:22.196+0000] {spark_submit.py:645} INFO - (spark.hadoop.fs.s3a.access.key,*********(redacted))
[2025-03-29T00:08:22.196+0000] {spark_submit.py:645} INFO - (spark.hadoop.fs.s3a.endpoint,http://minio:9000)
[2025-03-29T00:08:22.197+0000] {spark_submit.py:645} INFO - (spark.hadoop.fs.s3a.impl,org.apache.hadoop.fs.s3a.S3AFileSystem)
[2025-03-29T00:08:22.197+0000] {spark_submit.py:645} INFO - (spark.hadoop.fs.s3a.path.style.access,true)
[2025-03-29T00:08:22.197+0000] {spark_submit.py:645} INFO - (spark.hadoop.fs.s3a.secret.key,*********(redacted))
[2025-03-29T00:08:22.198+0000] {spark_submit.py:645} INFO - (spark.jars,/opt/spark_job/jars/aws-java-sdk-bundle-1.12.262.jar,/opt/spark_job/jars/hadoop-aws-3.3.4.jar)
[2025-03-29T00:08:22.199+0000] {spark_submit.py:645} INFO - 
[2025-03-29T00:08:22.199+0000] {spark_submit.py:645} INFO - 
[2025-03-29T00:08:22.694+0000] {spark_submit.py:645} INFO - 25/03/29 00:08:22 WARN NativeCodeLoader: Unable to load native-hadoop library for your platform... using builtin-java classes where applicable
[2025-03-29T00:08:22.901+0000] {spark_submit.py:645} INFO - Main class:
[2025-03-29T00:08:22.901+0000] {spark_submit.py:645} INFO - org.apache.spark.deploy.PythonRunner
[2025-03-29T00:08:22.902+0000] {spark_submit.py:645} INFO - Arguments:
[2025-03-29T00:08:22.902+0000] {spark_submit.py:645} INFO - file:/opt/spark_job/data_transformation.py
[2025-03-29T00:08:22.903+0000] {spark_submit.py:645} INFO - null
[2025-03-29T00:08:22.903+0000] {spark_submit.py:645} INFO - s3://raw/playlist_20250328_235234.json
[2025-03-29T00:08:22.904+0000] {spark_submit.py:645} INFO - processed
[2025-03-29T00:08:22.904+0000] {spark_submit.py:645} INFO - Spark config:
[2025-03-29T00:08:22.904+0000] {spark_submit.py:645} INFO - (spark.app.name,arrow-spark)
[2025-03-29T00:08:22.905+0000] {spark_submit.py:645} INFO - (spark.app.submitTime,1743206902883)
[2025-03-29T00:08:22.905+0000] {spark_submit.py:645} INFO - (spark.executor.cores,1)
[2025-03-29T00:08:22.905+0000] {spark_submit.py:645} INFO - (spark.executor.memory,512m)
[2025-03-29T00:08:22.906+0000] {spark_submit.py:645} INFO - (spark.hadoop.fs.s3a.access.key,*********(redacted))
[2025-03-29T00:08:22.906+0000] {spark_submit.py:645} INFO - (spark.hadoop.fs.s3a.endpoint,http://minio:9000)
[2025-03-29T00:08:22.906+0000] {spark_submit.py:645} INFO - (spark.hadoop.fs.s3a.impl,org.apache.hadoop.fs.s3a.S3AFileSystem)
[2025-03-29T00:08:22.907+0000] {spark_submit.py:645} INFO - (spark.hadoop.fs.s3a.path.style.access,true)
[2025-03-29T00:08:22.907+0000] {spark_submit.py:645} INFO - (spark.hadoop.fs.s3a.secret.key,*********(redacted))
[2025-03-29T00:08:22.907+0000] {spark_submit.py:645} INFO - (spark.jars,file:///opt/spark_job/jars/aws-java-sdk-bundle-1.12.262.jar,file:///opt/spark_job/jars/hadoop-aws-3.3.4.jar)
[2025-03-29T00:08:22.908+0000] {spark_submit.py:645} INFO - (spark.kerberos.principal,***)
[2025-03-29T00:08:22.908+0000] {spark_submit.py:645} INFO - (spark.master,spark://spark-master:7077)
[2025-03-29T00:08:22.909+0000] {spark_submit.py:645} INFO - (spark.repl.local.jars,file:///opt/spark_job/jars/aws-java-sdk-bundle-1.12.262.jar,file:///opt/spark_job/jars/hadoop-aws-3.3.4.jar)
[2025-03-29T00:08:22.909+0000] {spark_submit.py:645} INFO - (spark.submit.deployMode,client)
[2025-03-29T00:08:22.909+0000] {spark_submit.py:645} INFO - (spark.submit.pyFiles,)
[2025-03-29T00:08:22.910+0000] {spark_submit.py:645} INFO - Classpath elements:
[2025-03-29T00:08:22.910+0000] {spark_submit.py:645} INFO - file:///opt/spark_job/jars/aws-java-sdk-bundle-1.12.262.jar
[2025-03-29T00:08:22.910+0000] {spark_submit.py:645} INFO - file:///opt/spark_job/jars/hadoop-aws-3.3.4.jar
[2025-03-29T00:08:22.911+0000] {spark_submit.py:645} INFO - 
[2025-03-29T00:08:22.911+0000] {spark_submit.py:645} INFO - 
[2025-03-29T00:08:24.419+0000] {spark_submit.py:645} INFO - 2025-03-29 00:08:24,419 - INFO - Iniciando a configuração da Spark Session
[2025-03-29T00:08:25.047+0000] {spark_submit.py:645} INFO - 25/03/29 00:08:25 INFO SparkContext: Running Spark version 3.5.5
[2025-03-29T00:08:25.048+0000] {spark_submit.py:645} INFO - 25/03/29 00:08:25 INFO SparkContext: OS info Linux, 5.15.153.1-microsoft-standard-WSL2, amd64
[2025-03-29T00:08:25.049+0000] {spark_submit.py:645} INFO - 25/03/29 00:08:25 INFO SparkContext: Java version 17.0.14
[2025-03-29T00:08:25.079+0000] {spark_submit.py:645} INFO - 25/03/29 00:08:25 INFO ResourceUtils: ==============================================================
[2025-03-29T00:08:25.080+0000] {spark_submit.py:645} INFO - 25/03/29 00:08:25 INFO ResourceUtils: No custom resources configured for spark.driver.
[2025-03-29T00:08:25.080+0000] {spark_submit.py:645} INFO - 25/03/29 00:08:25 INFO ResourceUtils: ==============================================================
[2025-03-29T00:08:25.080+0000] {spark_submit.py:645} INFO - 25/03/29 00:08:25 INFO SparkContext: Submitted application: Minio Integration with PySpark
[2025-03-29T00:08:25.114+0000] {spark_submit.py:645} INFO - 25/03/29 00:08:25 INFO ResourceProfile: Default ResourceProfile created, executor resources: Map(cores -> name: cores, amount: 1, script: , vendor: , memory -> name: memory, amount: 512, script: , vendor: , offHeap -> name: offHeap, amount: 0, script: , vendor: ), task resources: Map(cpus -> name: cpus, amount: 1.0)
[2025-03-29T00:08:25.130+0000] {spark_submit.py:645} INFO - 25/03/29 00:08:25 INFO ResourceProfile: Limiting resource is cpus at 1 tasks per executor
[2025-03-29T00:08:25.135+0000] {spark_submit.py:645} INFO - 25/03/29 00:08:25 INFO ResourceProfileManager: Added ResourceProfile id: 0
[2025-03-29T00:08:25.227+0000] {spark_submit.py:645} INFO - 25/03/29 00:08:25 INFO SecurityManager: Changing view acls to: ***
[2025-03-29T00:08:25.229+0000] {spark_submit.py:645} INFO - 25/03/29 00:08:25 INFO SecurityManager: Changing modify acls to: ***
[2025-03-29T00:08:25.231+0000] {spark_submit.py:645} INFO - 25/03/29 00:08:25 INFO SecurityManager: Changing view acls groups to:
[2025-03-29T00:08:25.232+0000] {spark_submit.py:645} INFO - 25/03/29 00:08:25 INFO SecurityManager: Changing modify acls groups to:
[2025-03-29T00:08:25.233+0000] {spark_submit.py:645} INFO - 25/03/29 00:08:25 INFO SecurityManager: SecurityManager: authentication disabled; ui acls disabled; users with view permissions: ***; groups with view permissions: EMPTY; users with modify permissions: ***; groups with modify permissions: EMPTY
[2025-03-29T00:08:25.552+0000] {spark_submit.py:645} INFO - 25/03/29 00:08:25 INFO Utils: Successfully started service 'sparkDriver' on port 39607.
[2025-03-29T00:08:25.584+0000] {spark_submit.py:645} INFO - 25/03/29 00:08:25 INFO SparkEnv: Registering MapOutputTracker
[2025-03-29T00:08:25.620+0000] {spark_submit.py:645} INFO - 25/03/29 00:08:25 INFO SparkEnv: Registering BlockManagerMaster
[2025-03-29T00:08:25.639+0000] {spark_submit.py:645} INFO - 25/03/29 00:08:25 INFO BlockManagerMasterEndpoint: Using org.apache.spark.storage.DefaultTopologyMapper for getting topology information
[2025-03-29T00:08:25.640+0000] {spark_submit.py:645} INFO - 25/03/29 00:08:25 INFO BlockManagerMasterEndpoint: BlockManagerMasterEndpoint up
[2025-03-29T00:08:25.643+0000] {spark_submit.py:645} INFO - 25/03/29 00:08:25 INFO SparkEnv: Registering BlockManagerMasterHeartbeat
[2025-03-29T00:08:25.713+0000] {spark_submit.py:645} INFO - 25/03/29 00:08:25 INFO DiskBlockManager: Created local directory at /tmp/blockmgr-21f6b357-3555-4034-9837-ea913d03fd8f
[2025-03-29T00:08:25.728+0000] {spark_submit.py:645} INFO - 25/03/29 00:08:25 INFO MemoryStore: MemoryStore started with capacity 434.4 MiB
[2025-03-29T00:08:25.747+0000] {spark_submit.py:645} INFO - 25/03/29 00:08:25 INFO SparkEnv: Registering OutputCommitCoordinator
[2025-03-29T00:08:26.022+0000] {spark_submit.py:645} INFO - 25/03/29 00:08:26 INFO JettyUtils: Start Jetty 0.0.0.0:4040 for SparkUI
[2025-03-29T00:08:26.291+0000] {spark_submit.py:645} INFO - 25/03/29 00:08:26 INFO Utils: Successfully started service 'SparkUI' on port 4040.
[2025-03-29T00:08:26.456+0000] {spark_submit.py:645} INFO - 25/03/29 00:08:26 INFO SparkContext: Added JAR file:///opt/spark_job/jars/aws-java-sdk-bundle-1.12.262.jar at spark://9a51e41eb88a:39607/jars/aws-java-sdk-bundle-1.12.262.jar with timestamp 1743206905040
[2025-03-29T00:08:26.457+0000] {spark_submit.py:645} INFO - 25/03/29 00:08:26 INFO SparkContext: Added JAR file:///opt/spark_job/jars/hadoop-aws-3.3.4.jar at spark://9a51e41eb88a:39607/jars/hadoop-aws-3.3.4.jar with timestamp 1743206905040
[2025-03-29T00:08:27.216+0000] {spark_submit.py:645} INFO - 25/03/29 00:08:27 INFO StandaloneAppClient$ClientEndpoint: Connecting to master spark://spark-master:7077...
[2025-03-29T00:08:27.482+0000] {spark_submit.py:645} INFO - 25/03/29 00:08:27 INFO TransportClientFactory: Successfully created connection to spark-master/172.18.0.6:7077 after 68 ms (0 ms spent in bootstraps)
[2025-03-29T00:08:27.990+0000] {spark_submit.py:645} INFO - 25/03/29 00:08:27 INFO StandaloneSchedulerBackend: Connected to Spark cluster with app ID app-20250329000827-0004
[2025-03-29T00:08:28.010+0000] {spark_submit.py:645} INFO - 25/03/29 00:08:28 INFO StandaloneAppClient$ClientEndpoint: Executor added: app-20250329000827-0004/0 on worker-20250328234144-172.18.0.7-36857 (172.18.0.7:36857) with 1 core(s)
[2025-03-29T00:08:28.051+0000] {spark_submit.py:645} INFO - 25/03/29 00:08:28 INFO StandaloneSchedulerBackend: Granted executor ID app-20250329000827-0004/0 on hostPort 172.18.0.7:36857 with 1 core(s), 512.0 MiB RAM
[2025-03-29T00:08:28.053+0000] {spark_submit.py:645} INFO - 25/03/29 00:08:28 INFO StandaloneAppClient$ClientEndpoint: Executor added: app-20250329000827-0004/1 on worker-20250328234144-172.18.0.7-36857 (172.18.0.7:36857) with 1 core(s)
[2025-03-29T00:08:28.054+0000] {spark_submit.py:645} INFO - 25/03/29 00:08:28 INFO StandaloneSchedulerBackend: Granted executor ID app-20250329000827-0004/1 on hostPort 172.18.0.7:36857 with 1 core(s), 512.0 MiB RAM
[2025-03-29T00:08:28.070+0000] {spark_submit.py:645} INFO - 25/03/29 00:08:28 INFO StandaloneAppClient$ClientEndpoint: Executor added: app-20250329000827-0004/2 on worker-20250328234144-172.18.0.5-44197 (172.18.0.5:44197) with 1 core(s)
[2025-03-29T00:08:28.072+0000] {spark_submit.py:645} INFO - 25/03/29 00:08:28 INFO StandaloneSchedulerBackend: Granted executor ID app-20250329000827-0004/2 on hostPort 172.18.0.5:44197 with 1 core(s), 512.0 MiB RAM
[2025-03-29T00:08:28.104+0000] {spark_submit.py:645} INFO - 25/03/29 00:08:28 INFO StandaloneAppClient$ClientEndpoint: Executor added: app-20250329000827-0004/3 on worker-20250328234144-172.18.0.5-44197 (172.18.0.5:44197) with 1 core(s)
[2025-03-29T00:08:28.105+0000] {spark_submit.py:645} INFO - 25/03/29 00:08:28 INFO StandaloneSchedulerBackend: Granted executor ID app-20250329000827-0004/3 on hostPort 172.18.0.5:44197 with 1 core(s), 512.0 MiB RAM
[2025-03-29T00:08:28.105+0000] {spark_submit.py:645} INFO - 25/03/29 00:08:28 INFO Utils: Successfully started service 'org.apache.spark.network.netty.NettyBlockTransferService' on port 43569.
[2025-03-29T00:08:28.106+0000] {spark_submit.py:645} INFO - 25/03/29 00:08:28 INFO NettyBlockTransferService: Server created on 9a51e41eb88a:43569
[2025-03-29T00:08:28.106+0000] {spark_submit.py:645} INFO - 25/03/29 00:08:28 INFO BlockManager: Using org.apache.spark.storage.RandomBlockReplicationPolicy for block replication policy
[2025-03-29T00:08:28.150+0000] {spark_submit.py:645} INFO - 25/03/29 00:08:28 INFO BlockManagerMaster: Registering BlockManager BlockManagerId(driver, 9a51e41eb88a, 43569, None)
[2025-03-29T00:08:28.179+0000] {spark_submit.py:645} INFO - 25/03/29 00:08:28 INFO BlockManagerMasterEndpoint: Registering block manager 9a51e41eb88a:43569 with 434.4 MiB RAM, BlockManagerId(driver, 9a51e41eb88a, 43569, None)
[2025-03-29T00:08:28.228+0000] {spark_submit.py:645} INFO - 25/03/29 00:08:28 INFO BlockManagerMaster: Registered BlockManager BlockManagerId(driver, 9a51e41eb88a, 43569, None)
[2025-03-29T00:08:28.229+0000] {spark_submit.py:645} INFO - 25/03/29 00:08:28 INFO BlockManager: Initialized BlockManager: BlockManagerId(driver, 9a51e41eb88a, 43569, None)
[2025-03-29T00:08:28.788+0000] {spark_submit.py:645} INFO - 25/03/29 00:08:28 INFO StandaloneAppClient$ClientEndpoint: Executor updated: app-20250329000827-0004/1 is now RUNNING
[2025-03-29T00:08:28.853+0000] {spark_submit.py:645} INFO - 25/03/29 00:08:28 INFO StandaloneAppClient$ClientEndpoint: Executor updated: app-20250329000827-0004/0 is now RUNNING
[2025-03-29T00:08:29.196+0000] {spark_submit.py:645} INFO - 25/03/29 00:08:29 INFO StandaloneAppClient$ClientEndpoint: Executor updated: app-20250329000827-0004/2 is now RUNNING
[2025-03-29T00:08:29.207+0000] {spark_submit.py:645} INFO - 25/03/29 00:08:29 INFO StandaloneAppClient$ClientEndpoint: Executor updated: app-20250329000827-0004/3 is now RUNNING
[2025-03-29T00:08:29.730+0000] {spark_submit.py:645} INFO - 25/03/29 00:08:29 INFO StandaloneSchedulerBackend: SchedulerBackend is ready for scheduling beginning after reached minRegisteredResourcesRatio: 0.0
[2025-03-29T00:08:30.007+0000] {spark_submit.py:645} INFO - 2025-03-29 00:08:30,006 - INFO - Spark Session criada com sucesso
[2025-03-29T00:08:30.024+0000] {spark_submit.py:645} INFO - 25/03/29 00:08:30 INFO SharedState: Setting hive.metastore.warehouse.dir ('null') to the value of spark.sql.warehouse.dir.
[2025-03-29T00:08:30.034+0000] {spark_submit.py:645} INFO - 25/03/29 00:08:30 INFO SharedState: Warehouse path is 'file:/opt/spark-warehouse'.
[2025-03-29T00:08:33.928+0000] {spark_submit.py:645} INFO - 25/03/29 00:08:33 WARN MetricsConfig: Cannot locate configuration: tried hadoop-metrics2-s3a-file-system.properties,hadoop-metrics2.properties
[2025-03-29T00:08:33.974+0000] {spark_submit.py:645} INFO - 25/03/29 00:08:33 INFO MetricsSystemImpl: Scheduled Metric snapshot period at 10 second(s).
[2025-03-29T00:08:33.975+0000] {spark_submit.py:645} INFO - 25/03/29 00:08:33 INFO MetricsSystemImpl: s3a-file-system metrics system started
[2025-03-29T00:08:40.585+0000] {spark_submit.py:645} INFO - 25/03/29 00:08:40 INFO InMemoryFileIndex: It took 248 ms to list leaf files for 1 paths.
[2025-03-29T00:08:41.204+0000] {spark_submit.py:645} INFO - 25/03/29 00:08:41 INFO MemoryStore: Block broadcast_0 stored as values in memory (estimated size 209.2 KiB, free 434.2 MiB)
[2025-03-29T00:08:41.436+0000] {spark_submit.py:645} INFO - 25/03/29 00:08:41 INFO MemoryStore: Block broadcast_0_piece0 stored as bytes in memory (estimated size 35.5 KiB, free 434.2 MiB)
[2025-03-29T00:08:41.478+0000] {spark_submit.py:645} INFO - 25/03/29 00:08:41 INFO BlockManagerInfo: Added broadcast_0_piece0 in memory on 9a51e41eb88a:43569 (size: 35.5 KiB, free: 434.4 MiB)
[2025-03-29T00:08:41.488+0000] {spark_submit.py:645} INFO - 25/03/29 00:08:41 INFO SparkContext: Created broadcast 0 from json at NativeMethodAccessorImpl.java:0
[2025-03-29T00:08:42.788+0000] {spark_submit.py:645} INFO - 25/03/29 00:08:42 INFO FileInputFormat: Total input files to process : 1
[2025-03-29T00:08:42.801+0000] {spark_submit.py:645} INFO - 25/03/29 00:08:42 INFO FileInputFormat: Total input files to process : 1
[2025-03-29T00:08:42.878+0000] {spark_submit.py:645} INFO - 25/03/29 00:08:42 INFO SparkContext: Starting job: json at NativeMethodAccessorImpl.java:0
[2025-03-29T00:08:42.955+0000] {spark_submit.py:645} INFO - 25/03/29 00:08:42 INFO DAGScheduler: Got job 0 (json at NativeMethodAccessorImpl.java:0) with 1 output partitions
[2025-03-29T00:08:42.963+0000] {spark_submit.py:645} INFO - 25/03/29 00:08:42 INFO DAGScheduler: Final stage: ResultStage 0 (json at NativeMethodAccessorImpl.java:0)
[2025-03-29T00:08:42.964+0000] {spark_submit.py:645} INFO - 25/03/29 00:08:42 INFO DAGScheduler: Parents of final stage: List()
[2025-03-29T00:08:42.966+0000] {spark_submit.py:645} INFO - 25/03/29 00:08:42 INFO DAGScheduler: Missing parents: List()
[2025-03-29T00:08:43.022+0000] {spark_submit.py:645} INFO - 25/03/29 00:08:43 INFO DAGScheduler: Submitting ResultStage 0 (MapPartitionsRDD[2] at json at NativeMethodAccessorImpl.java:0), which has no missing parents
[2025-03-29T00:08:43.350+0000] {spark_submit.py:645} INFO - 25/03/29 00:08:43 INFO MemoryStore: Block broadcast_1 stored as values in memory (estimated size 9.3 KiB, free 434.2 MiB)
[2025-03-29T00:08:43.568+0000] {spark_submit.py:645} INFO - 25/03/29 00:08:43 INFO MemoryStore: Block broadcast_1_piece0 stored as bytes in memory (estimated size 5.0 KiB, free 434.1 MiB)
[2025-03-29T00:08:43.746+0000] {spark_submit.py:645} INFO - 25/03/29 00:08:43 INFO BlockManagerInfo: Added broadcast_1_piece0 in memory on 9a51e41eb88a:43569 (size: 5.0 KiB, free: 434.4 MiB)
[2025-03-29T00:08:43.747+0000] {spark_submit.py:645} INFO - 25/03/29 00:08:43 INFO SparkContext: Created broadcast 1 from broadcast at DAGScheduler.scala:1585
[2025-03-29T00:08:43.768+0000] {spark_submit.py:645} INFO - 25/03/29 00:08:43 INFO DAGScheduler: Submitting 1 missing tasks from ResultStage 0 (MapPartitionsRDD[2] at json at NativeMethodAccessorImpl.java:0) (first 15 tasks are for partitions Vector(0))
[2025-03-29T00:08:43.770+0000] {spark_submit.py:645} INFO - 25/03/29 00:08:43 INFO TaskSchedulerImpl: Adding task set 0.0 with 1 tasks resource profile 0
[2025-03-29T00:08:44.908+0000] {spark_submit.py:645} INFO - 25/03/29 00:08:44 INFO StandaloneSchedulerBackend$StandaloneDriverEndpoint: Registered executor NettyRpcEndpointRef(spark-client://Executor) (172.18.0.5:39784) with ID 3,  ResourceProfileId 0
[2025-03-29T00:08:44.961+0000] {spark_submit.py:645} INFO - 25/03/29 00:08:44 INFO StandaloneSchedulerBackend$StandaloneDriverEndpoint: Registered executor NettyRpcEndpointRef(spark-client://Executor) (172.18.0.7:41040) with ID 0,  ResourceProfileId 0
[2025-03-29T00:08:45.135+0000] {spark_submit.py:645} INFO - 25/03/29 00:08:45 INFO BlockManagerMasterEndpoint: Registering block manager 172.18.0.5:37179 with 127.2 MiB RAM, BlockManagerId(3, 172.18.0.5, 37179, None)
[2025-03-29T00:08:45.262+0000] {spark_submit.py:645} INFO - 25/03/29 00:08:45 INFO BlockManagerMasterEndpoint: Registering block manager 172.18.0.7:40791 with 127.2 MiB RAM, BlockManagerId(0, 172.18.0.7, 40791, None)
[2025-03-29T00:08:46.159+0000] {spark_submit.py:645} INFO - 25/03/29 00:08:46 INFO StandaloneSchedulerBackend$StandaloneDriverEndpoint: Registered executor NettyRpcEndpointRef(spark-client://Executor) (172.18.0.5:39810) with ID 2,  ResourceProfileId 0
[2025-03-29T00:08:46.686+0000] {spark_submit.py:645} INFO - 25/03/29 00:08:46 INFO BlockManagerMasterEndpoint: Registering block manager 172.18.0.5:46831 with 127.2 MiB RAM, BlockManagerId(2, 172.18.0.5, 46831, None)
[2025-03-29T00:08:47.027+0000] {spark_submit.py:645} INFO - 25/03/29 00:08:47 INFO StandaloneSchedulerBackend$StandaloneDriverEndpoint: Registered executor NettyRpcEndpointRef(spark-client://Executor) (172.18.0.7:41068) with ID 1,  ResourceProfileId 0
[2025-03-29T00:08:47.397+0000] {spark_submit.py:645} INFO - 25/03/29 00:08:47 INFO BlockManagerMasterEndpoint: Registering block manager 172.18.0.7:46455 with 127.2 MiB RAM, BlockManagerId(1, 172.18.0.7, 46455, None)
[2025-03-29T00:10:19.444+0000] {spark_submit.py:645} INFO - 25/03/29 00:10:19 INFO TaskSetManager: Starting task 0.0 in stage 0.0 (TID 0) (172.18.0.7, executor 0, partition 0, PROCESS_LOCAL, 9420 bytes)
[2025-03-29T00:10:23.554+0000] {spark_submit.py:645} INFO - 25/03/29 00:10:23 INFO BlockManagerInfo: Added broadcast_1_piece0 in memory on 172.18.0.7:40791 (size: 5.0 KiB, free: 127.2 MiB)
[2025-03-29T00:10:26.170+0000] {spark_submit.py:645} INFO - 25/03/29 00:10:26 INFO BlockManagerInfo: Added broadcast_0_piece0 in memory on 172.18.0.7:40791 (size: 35.5 KiB, free: 127.2 MiB)
[2025-03-29T00:10:34.966+0000] {spark_submit.py:645} INFO - 25/03/29 00:10:34 INFO AsyncEventQueue: Process of event SparkListenerExecutorMetricsUpdate(0,WrappedArray((0,0,0,Vector(AccumulableInfo(6,Some(internal.metrics.jvmGCTime),Some(80),None,true,true,None), AccumulableInfo(33,Some(internal.metrics.input.recordsRead),Some(1),None,true,true,None)))),Map((0,0) -> org.apache.spark.executor.ExecutorMetrics@3f4a6bbd)) by listener AppStatusListener took 5.414298666s.
[2025-03-29T00:11:17.982+0000] {spark_submit.py:645} INFO - 25/03/29 00:11:17 INFO TaskSetManager: Finished task 0.0 in stage 0.0 (TID 0) in 58755 ms on 172.18.0.7 (executor 0) (1/1)
[2025-03-29T00:11:18.167+0000] {spark_submit.py:645} INFO - 25/03/29 00:11:17 INFO DAGScheduler: ResultStage 0 (json at NativeMethodAccessorImpl.java:0) finished in 154.818 s
[2025-03-29T00:11:18.188+0000] {spark_submit.py:645} INFO - 25/03/29 00:11:17 INFO TaskSchedulerImpl: Removed TaskSet 0.0, whose tasks have all completed, from pool
[2025-03-29T00:11:18.189+0000] {spark_submit.py:645} INFO - 25/03/29 00:11:17 INFO DAGScheduler: Job 0 is finished. Cancelling potential speculative or zombie tasks for this job
[2025-03-29T00:11:18.189+0000] {spark_submit.py:645} INFO - 25/03/29 00:11:17 INFO TaskSchedulerImpl: Killing all running tasks in stage 0: Stage finished
[2025-03-29T00:11:18.190+0000] {spark_submit.py:645} INFO - 25/03/29 00:11:18 INFO DAGScheduler: Job 0 finished: json at NativeMethodAccessorImpl.java:0, took 155.314639 s
[2025-03-29T00:11:19.310+0000] {spark_submit.py:645} INFO - 25/03/29 00:11:19 INFO BlockManagerInfo: Removed broadcast_1_piece0 on 172.18.0.7:40791 in memory (size: 5.0 KiB, free: 127.2 MiB)
[2025-03-29T00:11:19.340+0000] {spark_submit.py:645} INFO - 25/03/29 00:11:19 INFO BlockManagerInfo: Removed broadcast_1_piece0 on 9a51e41eb88a:43569 in memory (size: 5.0 KiB, free: 434.4 MiB)
[2025-03-29T00:11:19.399+0000] {spark_submit.py:645} INFO - 25/03/29 00:11:19 INFO BlockManagerInfo: Removed broadcast_0_piece0 on 172.18.0.7:40791 in memory (size: 35.5 KiB, free: 127.2 MiB)
[2025-03-29T00:11:19.408+0000] {spark_submit.py:645} INFO - 25/03/29 00:11:19 INFO BlockManagerInfo: Removed broadcast_0_piece0 on 9a51e41eb88a:43569 in memory (size: 35.5 KiB, free: 434.4 MiB)
[2025-03-29T00:11:20.201+0000] {spark_submit.py:645} INFO - 25/03/29 00:11:20 INFO FileSourceStrategy: Pushed Filters:
[2025-03-29T00:11:20.203+0000] {spark_submit.py:645} INFO - 25/03/29 00:11:20 INFO FileSourceStrategy: Post-Scan Filters:
[2025-03-29T00:11:20.454+0000] {spark_submit.py:645} INFO - Traceback (most recent call last):
[2025-03-29T00:11:20.455+0000] {spark_submit.py:645} INFO - File "/opt/spark_job/data_transformation.py", line 39, in <module>
[2025-03-29T00:11:20.457+0000] {spark_submit.py:645} INFO - data_transformation(spark, file_path, processed_bucket, writer)
[2025-03-29T00:11:20.458+0000] {spark_submit.py:645} INFO - File "/opt/spark_job/data_transformation.py", line 23, in data_transformation
[2025-03-29T00:11:20.460+0000] {spark_submit.py:645} INFO - df_raw.write.mode("overwrite").parquet(bucket_path)
[2025-03-29T00:11:20.461+0000] {spark_submit.py:645} INFO - File "/home/***/.local/lib/python3.11/site-packages/pyspark/python/lib/pyspark.zip/pyspark/sql/readwriter.py", line 1721, in parquet
[2025-03-29T00:11:20.461+0000] {spark_submit.py:645} INFO - File "/home/***/.local/lib/python3.11/site-packages/pyspark/python/lib/py4j-0.10.9.7-src.zip/py4j/java_gateway.py", line 1322, in __call__
[2025-03-29T00:11:20.462+0000] {spark_submit.py:645} INFO - File "/home/***/.local/lib/python3.11/site-packages/pyspark/python/lib/pyspark.zip/pyspark/errors/exceptions/captured.py", line 185, in deco
[2025-03-29T00:11:20.492+0000] {spark_submit.py:645} INFO - pyspark.errors.exceptions.captured.IllegalArgumentException: Can not create a Path from an empty string
[2025-03-29T00:11:20.493+0000] {spark_submit.py:645} INFO - 2025-03-29 00:11:20,492 - INFO - Closing down clientserver connection
[2025-03-29T00:11:20.618+0000] {spark_submit.py:645} INFO - 25/03/29 00:11:20 INFO SparkContext: Invoking stop() from shutdown hook
[2025-03-29T00:11:20.619+0000] {spark_submit.py:645} INFO - 25/03/29 00:11:20 INFO SparkContext: SparkContext is stopping with exitCode 0.
[2025-03-29T00:11:20.627+0000] {spark_submit.py:645} INFO - 25/03/29 00:11:20 INFO SparkUI: Stopped Spark web UI at http://9a51e41eb88a:4040
[2025-03-29T00:11:20.631+0000] {spark_submit.py:645} INFO - 25/03/29 00:11:20 INFO StandaloneSchedulerBackend: Shutting down all executors
[2025-03-29T00:11:20.632+0000] {spark_submit.py:645} INFO - 25/03/29 00:11:20 INFO StandaloneSchedulerBackend$StandaloneDriverEndpoint: Asking each executor to shut down
[2025-03-29T00:11:20.674+0000] {spark_submit.py:645} INFO - 25/03/29 00:11:20 INFO MapOutputTrackerMasterEndpoint: MapOutputTrackerMasterEndpoint stopped!
[2025-03-29T00:11:20.974+0000] {spark_submit.py:645} INFO - 25/03/29 00:11:20 INFO MemoryStore: MemoryStore cleared
[2025-03-29T00:11:20.976+0000] {spark_submit.py:645} INFO - 25/03/29 00:11:20 INFO BlockManager: BlockManager stopped
[2025-03-29T00:11:20.979+0000] {spark_submit.py:645} INFO - 25/03/29 00:11:20 INFO BlockManagerMaster: BlockManagerMaster stopped
[2025-03-29T00:11:20.979+0000] {spark_submit.py:645} INFO - 25/03/29 00:11:20 INFO OutputCommitCoordinator$OutputCommitCoordinatorEndpoint: OutputCommitCoordinator stopped!
[2025-03-29T00:11:21.373+0000] {spark_submit.py:645} INFO - 25/03/29 00:11:21 INFO SparkContext: Successfully stopped SparkContext
[2025-03-29T00:11:21.486+0000] {spark_submit.py:645} INFO - 25/03/29 00:11:21 INFO ShutdownHookManager: Shutdown hook called
[2025-03-29T00:11:21.558+0000] {spark_submit.py:645} INFO - 25/03/29 00:11:21 INFO ShutdownHookManager: Deleting directory /tmp/spark-4b89850e-472e-415c-9af2-10dbe3d38619/pyspark-4f4a0084-e3da-4f5c-b851-f0691132326b
[2025-03-29T00:11:21.634+0000] {spark_submit.py:645} INFO - 25/03/29 00:11:21 INFO ShutdownHookManager: Deleting directory /tmp/spark-4b89850e-472e-415c-9af2-10dbe3d38619
[2025-03-29T00:11:21.819+0000] {spark_submit.py:645} INFO - 25/03/29 00:11:21 INFO ShutdownHookManager: Deleting directory /tmp/spark-0c2e21c4-5da0-40b2-a915-e8ef0e63c663
[2025-03-29T00:11:21.953+0000] {spark_submit.py:645} INFO - 25/03/29 00:11:21 INFO MetricsSystemImpl: Stopping s3a-file-system metrics system...
[2025-03-29T00:11:21.954+0000] {spark_submit.py:645} INFO - 25/03/29 00:11:21 INFO MetricsSystemImpl: s3a-file-system metrics system stopped.
[2025-03-29T00:11:21.955+0000] {spark_submit.py:645} INFO - 25/03/29 00:11:21 INFO MetricsSystemImpl: s3a-file-system metrics system shutdown complete.
[2025-03-29T00:11:22.085+0000] {taskinstance.py:441} INFO - ::group::Post task execution logs
[2025-03-29T00:11:22.112+0000] {taskinstance.py:2905} ERROR - Task failed with exception
Traceback (most recent call last):
  File "/home/airflow/.local/lib/python3.11/site-packages/airflow/models/taskinstance.py", line 465, in _execute_task
    result = _execute_callable(context=context, **execute_callable_kwargs)
             ^^^^^^^^^^^^^^^^^^^^^^^^^^^^^^^^^^^^^^^^^^^^^^^^^^^^^^^^^^^^^
  File "/home/airflow/.local/lib/python3.11/site-packages/airflow/models/taskinstance.py", line 432, in _execute_callable
    return execute_callable(context=context, **execute_callable_kwargs)
           ^^^^^^^^^^^^^^^^^^^^^^^^^^^^^^^^^^^^^^^^^^^^^^^^^^^^^^^^^^^^
  File "/home/airflow/.local/lib/python3.11/site-packages/airflow/models/baseoperator.py", line 401, in wrapper
    return func(self, *args, **kwargs)
           ^^^^^^^^^^^^^^^^^^^^^^^^^^^
  File "/home/airflow/.local/lib/python3.11/site-packages/airflow/operators/python.py", line 235, in execute
    return_value = self.execute_callable()
                   ^^^^^^^^^^^^^^^^^^^^^^^
  File "/home/airflow/.local/lib/python3.11/site-packages/airflow/operators/python.py", line 252, in execute_callable
    return self.python_callable(*self.op_args, **self.op_kwargs)
           ^^^^^^^^^^^^^^^^^^^^^^^^^^^^^^^^^^^^^^^^^^^^^^^^^^^^^
  File "/opt/airflow/dags/etl_pipeline.py", line 97, in spark_dtransformation
    ).execute(kwargs)
      ^^^^^^^^^^^^^^^
  File "/home/airflow/.local/lib/python3.11/site-packages/airflow/models/baseoperator.py", line 401, in wrapper
    return func(self, *args, **kwargs)
           ^^^^^^^^^^^^^^^^^^^^^^^^^^^
  File "/home/airflow/.local/lib/python3.11/site-packages/airflow/providers/apache/spark/operators/spark_submit.py", line 177, in execute
    self._hook.submit(self.application)
  File "/home/airflow/.local/lib/python3.11/site-packages/airflow/providers/apache/spark/hooks/spark_submit.py", line 567, in submit
    raise AirflowException(
airflow.exceptions.AirflowException: Cannot execute: spark-submit --master spark://spark-master:7077 --conf spark.executor.memory=512m --conf spark.executor.cores=1 --conf spark.jars=/opt/spark_job/jars/aws-java-sdk-bundle-1.12.262.jar,/opt/spark_job/jars/hadoop-aws-3.3.4.jar --conf spark.hadoop.fs.s3a.endpoint=http://minio:9000 --conf spark.hadoop.fs.s3a.access.key=admin --conf spark.hadoop.fs.s3a.secret.key=****** --conf spark.hadoop.fs.s3a.impl=org.apache.hadoop.fs.s3a.S3AFileSystem --conf spark.hadoop.fs.s3a.path.style.access=true --principal *** --name arrow-spark --verbose --deploy-mode client /opt/spark_job/data_transformation.py s3://raw/playlist_20250328_235234.json processed. Error code is: 1.
[2025-03-29T00:11:22.128+0000] {taskinstance.py:1206} INFO - Marking task as FAILED. dag_id=etl_pipeline, task_id=transformation, run_id=manual__2025-03-26T13:33:39.761724+00:00, execution_date=20250326T133339, start_date=20250329T000815, end_date=20250329T001122
[2025-03-29T00:11:22.230+0000] {standard_task_runner.py:110} ERROR - Failed to execute job 58 for task transformation (Cannot execute: spark-submit --master spark://spark-master:7077 --conf spark.executor.memory=512m --conf spark.executor.cores=1 --conf spark.jars=/opt/spark_job/jars/aws-java-sdk-bundle-1.12.262.jar,/opt/spark_job/jars/hadoop-aws-3.3.4.jar --conf spark.hadoop.fs.s3a.endpoint=http://minio:9000 --conf spark.hadoop.fs.s3a.access.key=admin --conf spark.hadoop.fs.s3a.secret.key=****** --conf spark.hadoop.fs.s3a.impl=org.apache.hadoop.fs.s3a.S3AFileSystem --conf spark.hadoop.fs.s3a.path.style.access=true --principal *** --name arrow-spark --verbose --deploy-mode client /opt/spark_job/data_transformation.py s3://raw/playlist_20250328_235234.json processed. Error code is: 1.; 1100)
[2025-03-29T00:11:22.270+0000] {local_task_job_runner.py:240} INFO - Task exited with return code 1
[2025-03-29T00:11:22.311+0000] {taskinstance.py:3503} INFO - 0 downstream tasks scheduled from follow-on schedule check
[2025-03-29T00:11:22.427+0000] {local_task_job_runner.py:222} INFO - ::endgroup::
