[2025-03-26T18:59:34.088+0000] {local_task_job_runner.py:120} INFO - ::group::Pre task execution logs
[2025-03-26T18:59:34.138+0000] {taskinstance.py:2076} INFO - Dependencies all met for dep_context=non-requeueable deps ti=<TaskInstance: etl_pipeline.transformation manual__2025-03-26T13:33:39.761724+00:00 [queued]>
[2025-03-26T18:59:34.158+0000] {taskinstance.py:2076} INFO - Dependencies all met for dep_context=requeueable deps ti=<TaskInstance: etl_pipeline.transformation manual__2025-03-26T13:33:39.761724+00:00 [queued]>
[2025-03-26T18:59:34.159+0000] {taskinstance.py:2306} INFO - Starting attempt 21 of 22
[2025-03-26T18:59:34.213+0000] {taskinstance.py:2330} INFO - Executing <Task(PythonOperator): transformation> on 2025-03-26 13:33:39.761724+00:00
[2025-03-26T18:59:34.220+0000] {standard_task_runner.py:63} INFO - Started process 644 to run task
[2025-03-26T18:59:34.224+0000] {standard_task_runner.py:90} INFO - Running: ['***', 'tasks', 'run', 'etl_pipeline', 'transformation', 'manual__2025-03-26T13:33:39.761724+00:00', '--job-id', '26', '--raw', '--subdir', 'DAGS_FOLDER/etl_pipeline.py', '--cfg-path', '/tmp/tmpe0az_3x5']
[2025-03-26T18:59:34.237+0000] {standard_task_runner.py:91} INFO - Job 26: Subtask transformation
[2025-03-26T18:59:34.373+0000] {task_command.py:426} INFO - Running <TaskInstance: etl_pipeline.transformation manual__2025-03-26T13:33:39.761724+00:00 [running]> on host 53e3672f02f0
[2025-03-26T18:59:34.544+0000] {taskinstance.py:2648} INFO - Exporting env vars: AIRFLOW_CTX_DAG_OWNER='lobobranco' AIRFLOW_CTX_DAG_ID='etl_pipeline' AIRFLOW_CTX_TASK_ID='transformation' AIRFLOW_CTX_EXECUTION_DATE='2025-03-26T13:33:39.761724+00:00' AIRFLOW_CTX_TRY_NUMBER='21' AIRFLOW_CTX_DAG_RUN_ID='manual__2025-03-26T13:33:39.761724+00:00'
[2025-03-26T18:59:34.546+0000] {taskinstance.py:430} INFO - ::endgroup::
[2025-03-26T18:59:34.573+0000] {etl_pipeline.py:76} INFO - Transforming data from file: s3://raw/playlist_20250326_133348.json
[2025-03-26T18:59:34.574+0000] {logging_mixin.py:188} INFO - File Path: s3://raw/playlist_20250326_133348.json
[2025-03-26T18:59:34.575+0000] {logging_mixin.py:188} INFO - Processed Bucket: processed
[2025-03-26T18:59:34.576+0000] {baseoperator.py:400} WARNING - SparkSubmitOperator.execute cannot be called outside TaskInstance!
[2025-03-26T18:59:34.588+0000] {base.py:84} INFO - Using connection ID 'spark_default' for task execution.
[2025-03-26T18:59:34.589+0000] {spark_submit.py:328} ERROR - Failed to decode base64 keytab: Incorrect padding
[2025-03-26T18:59:34.590+0000] {spark_submit.py:305} INFO - Could not load connection string spark_default, defaulting to spark://spark-master:7077
[2025-03-26T18:59:34.592+0000] {spark_submit.py:474} INFO - Spark-Submit cmd: spark-submit --master spark://spark-master:7077 --conf spark.executor.memory=2g --conf spark.executor.cores=2 --conf spark.jars=/opt/spark_job/jars/aws-java-sdk-bundle-1.12.262.jar,/opt/spark_job/jars/hadoop-aws-3.3.4.jar --conf spark.hadoop.fs.s3a.endpoint=http://minio:9000 --conf spark.hadoop.fs.s3a.access.key=admin --conf spark.hadoop.fs.s3a.secret.key=****** --conf spark.hadoop.fs.s3a.impl=org.apache.hadoop.fs.s3a.S3AFileSystem --conf spark.hadoop.fs.s3a.path.style.access=true --principal *** --name arrow-spark --verbose --deploy-mode client /opt/spark_job/data_transformation.py s3://raw/playlist_20250326_133348.json processed
[2025-03-26T18:59:34.681+0000] {spark_submit.py:645} INFO - /home/***/.local/lib/python3.11/site-packages/pyspark/bin/load-spark-env.sh: line 68: ps: command not found
[2025-03-26T18:59:36.334+0000] {spark_submit.py:645} INFO - Using properties file: null
[2025-03-26T18:59:36.510+0000] {spark_submit.py:645} INFO - Parsed arguments:
[2025-03-26T18:59:36.511+0000] {spark_submit.py:645} INFO - master                  spark://spark-master:7077
[2025-03-26T18:59:36.512+0000] {spark_submit.py:645} INFO - remote                  null
[2025-03-26T18:59:36.512+0000] {spark_submit.py:645} INFO - deployMode              client
[2025-03-26T18:59:36.513+0000] {spark_submit.py:645} INFO - executorMemory          2g
[2025-03-26T18:59:36.514+0000] {spark_submit.py:645} INFO - executorCores           2
[2025-03-26T18:59:36.515+0000] {spark_submit.py:645} INFO - totalExecutorCores      null
[2025-03-26T18:59:36.515+0000] {spark_submit.py:645} INFO - propertiesFile          null
[2025-03-26T18:59:36.516+0000] {spark_submit.py:645} INFO - driverMemory            null
[2025-03-26T18:59:36.516+0000] {spark_submit.py:645} INFO - driverCores             null
[2025-03-26T18:59:36.517+0000] {spark_submit.py:645} INFO - driverExtraClassPath    null
[2025-03-26T18:59:36.517+0000] {spark_submit.py:645} INFO - driverExtraLibraryPath  null
[2025-03-26T18:59:36.518+0000] {spark_submit.py:645} INFO - driverExtraJavaOptions  null
[2025-03-26T18:59:36.518+0000] {spark_submit.py:645} INFO - supervise               false
[2025-03-26T18:59:36.519+0000] {spark_submit.py:645} INFO - queue                   null
[2025-03-26T18:59:36.519+0000] {spark_submit.py:645} INFO - numExecutors            null
[2025-03-26T18:59:36.520+0000] {spark_submit.py:645} INFO - files                   null
[2025-03-26T18:59:36.520+0000] {spark_submit.py:645} INFO - pyFiles                 null
[2025-03-26T18:59:36.521+0000] {spark_submit.py:645} INFO - archives                null
[2025-03-26T18:59:36.521+0000] {spark_submit.py:645} INFO - mainClass               null
[2025-03-26T18:59:36.521+0000] {spark_submit.py:645} INFO - primaryResource         file:/opt/spark_job/data_transformation.py
[2025-03-26T18:59:36.522+0000] {spark_submit.py:645} INFO - name                    arrow-spark
[2025-03-26T18:59:36.524+0000] {spark_submit.py:645} INFO - childArgs               [s3://raw/playlist_20250326_133348.json processed]
[2025-03-26T18:59:36.525+0000] {spark_submit.py:645} INFO - jars                    /opt/spark_job/jars/aws-java-sdk-bundle-1.12.262.jar,/opt/spark_job/jars/hadoop-aws-3.3.4.jar
[2025-03-26T18:59:36.525+0000] {spark_submit.py:645} INFO - packages                null
[2025-03-26T18:59:36.525+0000] {spark_submit.py:645} INFO - packagesExclusions      null
[2025-03-26T18:59:36.526+0000] {spark_submit.py:645} INFO - repositories            null
[2025-03-26T18:59:36.526+0000] {spark_submit.py:645} INFO - verbose                 true
[2025-03-26T18:59:36.526+0000] {spark_submit.py:645} INFO - 
[2025-03-26T18:59:36.527+0000] {spark_submit.py:645} INFO - Spark properties used, including those specified through
[2025-03-26T18:59:36.527+0000] {spark_submit.py:645} INFO - --conf and those from the properties file null:
[2025-03-26T18:59:36.527+0000] {spark_submit.py:645} INFO - (spark.executor.cores,2)
[2025-03-26T18:59:36.528+0000] {spark_submit.py:645} INFO - (spark.executor.memory,2g)
[2025-03-26T18:59:36.528+0000] {spark_submit.py:645} INFO - (spark.hadoop.fs.s3a.access.key,*********(redacted))
[2025-03-26T18:59:36.528+0000] {spark_submit.py:645} INFO - (spark.hadoop.fs.s3a.endpoint,http://minio:9000)
[2025-03-26T18:59:36.528+0000] {spark_submit.py:645} INFO - (spark.hadoop.fs.s3a.impl,org.apache.hadoop.fs.s3a.S3AFileSystem)
[2025-03-26T18:59:36.529+0000] {spark_submit.py:645} INFO - (spark.hadoop.fs.s3a.path.style.access,true)
[2025-03-26T18:59:36.529+0000] {spark_submit.py:645} INFO - (spark.hadoop.fs.s3a.secret.key,*********(redacted))
[2025-03-26T18:59:36.530+0000] {spark_submit.py:645} INFO - (spark.jars,/opt/spark_job/jars/aws-java-sdk-bundle-1.12.262.jar,/opt/spark_job/jars/hadoop-aws-3.3.4.jar)
[2025-03-26T18:59:36.531+0000] {spark_submit.py:645} INFO - 
[2025-03-26T18:59:36.531+0000] {spark_submit.py:645} INFO - 
[2025-03-26T18:59:37.052+0000] {spark_submit.py:645} INFO - 25/03/26 18:59:37 WARN NativeCodeLoader: Unable to load native-hadoop library for your platform... using builtin-java classes where applicable
[2025-03-26T18:59:37.300+0000] {spark_submit.py:645} INFO - Main class:
[2025-03-26T18:59:37.301+0000] {spark_submit.py:645} INFO - org.apache.spark.deploy.PythonRunner
[2025-03-26T18:59:37.302+0000] {spark_submit.py:645} INFO - Arguments:
[2025-03-26T18:59:37.303+0000] {spark_submit.py:645} INFO - file:/opt/spark_job/data_transformation.py
[2025-03-26T18:59:37.304+0000] {spark_submit.py:645} INFO - null
[2025-03-26T18:59:37.305+0000] {spark_submit.py:645} INFO - s3://raw/playlist_20250326_133348.json
[2025-03-26T18:59:37.305+0000] {spark_submit.py:645} INFO - processed
[2025-03-26T18:59:37.312+0000] {spark_submit.py:645} INFO - Spark config:
[2025-03-26T18:59:37.312+0000] {spark_submit.py:645} INFO - (spark.app.name,arrow-spark)
[2025-03-26T18:59:37.313+0000] {spark_submit.py:645} INFO - (spark.app.submitTime,1743015577280)
[2025-03-26T18:59:37.313+0000] {spark_submit.py:645} INFO - (spark.executor.cores,2)
[2025-03-26T18:59:37.315+0000] {spark_submit.py:645} INFO - (spark.executor.memory,2g)
[2025-03-26T18:59:37.315+0000] {spark_submit.py:645} INFO - (spark.hadoop.fs.s3a.access.key,*********(redacted))
[2025-03-26T18:59:37.316+0000] {spark_submit.py:645} INFO - (spark.hadoop.fs.s3a.endpoint,http://minio:9000)
[2025-03-26T18:59:37.317+0000] {spark_submit.py:645} INFO - (spark.hadoop.fs.s3a.impl,org.apache.hadoop.fs.s3a.S3AFileSystem)
[2025-03-26T18:59:37.317+0000] {spark_submit.py:645} INFO - (spark.hadoop.fs.s3a.path.style.access,true)
[2025-03-26T18:59:37.317+0000] {spark_submit.py:645} INFO - (spark.hadoop.fs.s3a.secret.key,*********(redacted))
[2025-03-26T18:59:37.318+0000] {spark_submit.py:645} INFO - (spark.jars,file:///opt/spark_job/jars/aws-java-sdk-bundle-1.12.262.jar,file:///opt/spark_job/jars/hadoop-aws-3.3.4.jar)
[2025-03-26T18:59:37.318+0000] {spark_submit.py:645} INFO - (spark.kerberos.principal,***)
[2025-03-26T18:59:37.319+0000] {spark_submit.py:645} INFO - (spark.master,spark://spark-master:7077)
[2025-03-26T18:59:37.319+0000] {spark_submit.py:645} INFO - (spark.repl.local.jars,file:///opt/spark_job/jars/aws-java-sdk-bundle-1.12.262.jar,file:///opt/spark_job/jars/hadoop-aws-3.3.4.jar)
[2025-03-26T18:59:37.319+0000] {spark_submit.py:645} INFO - (spark.submit.deployMode,client)
[2025-03-26T18:59:37.320+0000] {spark_submit.py:645} INFO - (spark.submit.pyFiles,)
[2025-03-26T18:59:37.320+0000] {spark_submit.py:645} INFO - Classpath elements:
[2025-03-26T18:59:37.321+0000] {spark_submit.py:645} INFO - file:///opt/spark_job/jars/aws-java-sdk-bundle-1.12.262.jar
[2025-03-26T18:59:37.322+0000] {spark_submit.py:645} INFO - file:///opt/spark_job/jars/hadoop-aws-3.3.4.jar
[2025-03-26T18:59:37.322+0000] {spark_submit.py:645} INFO - 
[2025-03-26T18:59:37.323+0000] {spark_submit.py:645} INFO - 
[2025-03-26T18:59:38.731+0000] {spark_submit.py:645} INFO - 2025-03-26 18:59:38,730 - INFO - Iniciando a configuração da Spark Session
[2025-03-26T18:59:39.539+0000] {spark_submit.py:645} INFO - 25/03/26 18:59:39 INFO SparkContext: Running Spark version 3.5.5
[2025-03-26T18:59:39.539+0000] {spark_submit.py:645} INFO - 25/03/26 18:59:39 INFO SparkContext: OS info Linux, 5.15.153.1-microsoft-standard-WSL2, amd64
[2025-03-26T18:59:39.540+0000] {spark_submit.py:645} INFO - 25/03/26 18:59:39 INFO SparkContext: Java version 17.0.14
[2025-03-26T18:59:39.570+0000] {spark_submit.py:645} INFO - 25/03/26 18:59:39 INFO ResourceUtils: ==============================================================
[2025-03-26T18:59:39.570+0000] {spark_submit.py:645} INFO - 25/03/26 18:59:39 INFO ResourceUtils: No custom resources configured for spark.driver.
[2025-03-26T18:59:39.571+0000] {spark_submit.py:645} INFO - 25/03/26 18:59:39 INFO ResourceUtils: ==============================================================
[2025-03-26T18:59:39.571+0000] {spark_submit.py:645} INFO - 25/03/26 18:59:39 INFO SparkContext: Submitted application: Minio Integration with PySpark
[2025-03-26T18:59:39.594+0000] {spark_submit.py:645} INFO - 25/03/26 18:59:39 INFO ResourceProfile: Default ResourceProfile created, executor resources: Map(cores -> name: cores, amount: 2, script: , vendor: , memory -> name: memory, amount: 2048, script: , vendor: , offHeap -> name: offHeap, amount: 0, script: , vendor: ), task resources: Map(cpus -> name: cpus, amount: 1.0)
[2025-03-26T18:59:39.606+0000] {spark_submit.py:645} INFO - 25/03/26 18:59:39 INFO ResourceProfile: Limiting resource is cpus at 2 tasks per executor
[2025-03-26T18:59:39.608+0000] {spark_submit.py:645} INFO - 25/03/26 18:59:39 INFO ResourceProfileManager: Added ResourceProfile id: 0
[2025-03-26T18:59:39.660+0000] {spark_submit.py:645} INFO - 25/03/26 18:59:39 INFO SecurityManager: Changing view acls to: ***
[2025-03-26T18:59:39.661+0000] {spark_submit.py:645} INFO - 25/03/26 18:59:39 INFO SecurityManager: Changing modify acls to: ***
[2025-03-26T18:59:39.662+0000] {spark_submit.py:645} INFO - 25/03/26 18:59:39 INFO SecurityManager: Changing view acls groups to:
[2025-03-26T18:59:39.663+0000] {spark_submit.py:645} INFO - 25/03/26 18:59:39 INFO SecurityManager: Changing modify acls groups to:
[2025-03-26T18:59:39.663+0000] {spark_submit.py:645} INFO - 25/03/26 18:59:39 INFO SecurityManager: SecurityManager: authentication disabled; ui acls disabled; users with view permissions: ***; groups with view permissions: EMPTY; users with modify permissions: ***; groups with modify permissions: EMPTY
[2025-03-26T18:59:39.978+0000] {spark_submit.py:645} INFO - 25/03/26 18:59:39 INFO Utils: Successfully started service 'sparkDriver' on port 35501.
[2025-03-26T18:59:40.104+0000] {spark_submit.py:645} INFO - 25/03/26 18:59:40 INFO SparkEnv: Registering MapOutputTracker
[2025-03-26T18:59:40.152+0000] {spark_submit.py:645} INFO - 25/03/26 18:59:40 INFO SparkEnv: Registering BlockManagerMaster
[2025-03-26T18:59:40.178+0000] {spark_submit.py:645} INFO - 25/03/26 18:59:40 INFO BlockManagerMasterEndpoint: Using org.apache.spark.storage.DefaultTopologyMapper for getting topology information
[2025-03-26T18:59:40.179+0000] {spark_submit.py:645} INFO - 25/03/26 18:59:40 INFO BlockManagerMasterEndpoint: BlockManagerMasterEndpoint up
[2025-03-26T18:59:40.187+0000] {spark_submit.py:645} INFO - 25/03/26 18:59:40 INFO SparkEnv: Registering BlockManagerMasterHeartbeat
[2025-03-26T18:59:40.211+0000] {spark_submit.py:645} INFO - 25/03/26 18:59:40 INFO DiskBlockManager: Created local directory at /tmp/blockmgr-b0b59226-3861-42ec-a466-1fe9d79f74f7
[2025-03-26T18:59:40.230+0000] {spark_submit.py:645} INFO - 25/03/26 18:59:40 INFO MemoryStore: MemoryStore started with capacity 434.4 MiB
[2025-03-26T18:59:40.247+0000] {spark_submit.py:645} INFO - 25/03/26 18:59:40 INFO SparkEnv: Registering OutputCommitCoordinator
[2025-03-26T18:59:40.423+0000] {spark_submit.py:645} INFO - 25/03/26 18:59:40 INFO JettyUtils: Start Jetty 0.0.0.0:4040 for SparkUI
[2025-03-26T18:59:40.581+0000] {spark_submit.py:645} INFO - 25/03/26 18:59:40 INFO Utils: Successfully started service 'SparkUI' on port 4040.
[2025-03-26T18:59:40.631+0000] {spark_submit.py:645} INFO - 25/03/26 18:59:40 INFO SparkContext: Added JAR file:///opt/spark_job/jars/aws-java-sdk-bundle-1.12.262.jar at spark://53e3672f02f0:35501/jars/aws-java-sdk-bundle-1.12.262.jar with timestamp 1743015579530
[2025-03-26T18:59:40.632+0000] {spark_submit.py:645} INFO - 25/03/26 18:59:40 INFO SparkContext: Added JAR file:///opt/spark_job/jars/hadoop-aws-3.3.4.jar at spark://53e3672f02f0:35501/jars/hadoop-aws-3.3.4.jar with timestamp 1743015579530
[2025-03-26T18:59:40.713+0000] {spark_submit.py:645} INFO - 25/03/26 18:59:40 INFO StandaloneAppClient$ClientEndpoint: Connecting to master spark://spark-master:7077...
[2025-03-26T18:59:40.770+0000] {spark_submit.py:645} INFO - 25/03/26 18:59:40 INFO TransportClientFactory: Successfully created connection to spark-master/172.18.0.7:7077 after 28 ms (0 ms spent in bootstraps)
[2025-03-26T18:59:40.862+0000] {spark_submit.py:645} INFO - 25/03/26 18:59:40 INFO StandaloneSchedulerBackend: Connected to Spark cluster with app ID app-20250326185940-0001
[2025-03-26T18:59:40.873+0000] {spark_submit.py:645} INFO - 25/03/26 18:59:40 INFO Utils: Successfully started service 'org.apache.spark.network.netty.NettyBlockTransferService' on port 38145.
[2025-03-26T18:59:40.873+0000] {spark_submit.py:645} INFO - 25/03/26 18:59:40 INFO NettyBlockTransferService: Server created on 53e3672f02f0:38145
[2025-03-26T18:59:40.875+0000] {spark_submit.py:645} INFO - 25/03/26 18:59:40 INFO BlockManager: Using org.apache.spark.storage.RandomBlockReplicationPolicy for block replication policy
[2025-03-26T18:59:40.883+0000] {spark_submit.py:645} INFO - 25/03/26 18:59:40 INFO BlockManagerMaster: Registering BlockManager BlockManagerId(driver, 53e3672f02f0, 38145, None)
[2025-03-26T18:59:40.887+0000] {spark_submit.py:645} INFO - 25/03/26 18:59:40 INFO BlockManagerMasterEndpoint: Registering block manager 53e3672f02f0:38145 with 434.4 MiB RAM, BlockManagerId(driver, 53e3672f02f0, 38145, None)
[2025-03-26T18:59:40.889+0000] {spark_submit.py:645} INFO - 25/03/26 18:59:40 INFO BlockManagerMaster: Registered BlockManager BlockManagerId(driver, 53e3672f02f0, 38145, None)
[2025-03-26T18:59:40.890+0000] {spark_submit.py:645} INFO - 25/03/26 18:59:40 INFO BlockManager: Initialized BlockManager: BlockManagerId(driver, 53e3672f02f0, 38145, None)
[2025-03-26T18:59:41.097+0000] {spark_submit.py:645} INFO - 25/03/26 18:59:41 INFO StandaloneSchedulerBackend: SchedulerBackend is ready for scheduling beginning after reached minRegisteredResourcesRatio: 0.0
[2025-03-26T18:59:41.285+0000] {spark_submit.py:645} INFO - 2025-03-26 18:59:41,285 - INFO - Spark Session criada com sucesso
[2025-03-26T18:59:41.336+0000] {spark_submit.py:645} INFO - 25/03/26 18:59:41 INFO SharedState: Setting hive.metastore.warehouse.dir ('null') to the value of spark.sql.warehouse.dir.
[2025-03-26T18:59:41.339+0000] {spark_submit.py:645} INFO - 25/03/26 18:59:41 INFO SharedState: Warehouse path is 'file:/opt/spark-warehouse'.
[2025-03-26T18:59:43.599+0000] {spark_submit.py:645} INFO - 25/03/26 18:59:43 WARN MetricsConfig: Cannot locate configuration: tried hadoop-metrics2-s3a-file-system.properties,hadoop-metrics2.properties
[2025-03-26T18:59:43.611+0000] {spark_submit.py:645} INFO - 25/03/26 18:59:43 INFO MetricsSystemImpl: Scheduled Metric snapshot period at 10 second(s).
[2025-03-26T18:59:43.612+0000] {spark_submit.py:645} INFO - 25/03/26 18:59:43 INFO MetricsSystemImpl: s3a-file-system metrics system started
[2025-03-26T18:59:47.152+0000] {spark_submit.py:645} INFO - 25/03/26 18:59:47 INFO InMemoryFileIndex: It took 349 ms to list leaf files for 1 paths.
[2025-03-26T18:59:47.508+0000] {spark_submit.py:645} INFO - 25/03/26 18:59:47 INFO MemoryStore: Block broadcast_0 stored as values in memory (estimated size 209.2 KiB, free 434.2 MiB)
[2025-03-26T18:59:47.651+0000] {spark_submit.py:645} INFO - 25/03/26 18:59:47 INFO MemoryStore: Block broadcast_0_piece0 stored as bytes in memory (estimated size 35.4 KiB, free 434.2 MiB)
[2025-03-26T18:59:47.654+0000] {spark_submit.py:645} INFO - 25/03/26 18:59:47 INFO BlockManagerInfo: Added broadcast_0_piece0 in memory on 53e3672f02f0:38145 (size: 35.4 KiB, free: 434.4 MiB)
[2025-03-26T18:59:47.659+0000] {spark_submit.py:645} INFO - 25/03/26 18:59:47 INFO SparkContext: Created broadcast 0 from json at NativeMethodAccessorImpl.java:0
[2025-03-26T18:59:48.448+0000] {spark_submit.py:645} INFO - 25/03/26 18:59:48 INFO FileInputFormat: Total input files to process : 1
[2025-03-26T18:59:48.470+0000] {spark_submit.py:645} INFO - 25/03/26 18:59:48 INFO FileInputFormat: Total input files to process : 1
[2025-03-26T18:59:48.570+0000] {spark_submit.py:645} INFO - 25/03/26 18:59:48 INFO SparkContext: Starting job: json at NativeMethodAccessorImpl.java:0
[2025-03-26T18:59:48.598+0000] {spark_submit.py:645} INFO - 25/03/26 18:59:48 INFO DAGScheduler: Got job 0 (json at NativeMethodAccessorImpl.java:0) with 1 output partitions
[2025-03-26T18:59:48.599+0000] {spark_submit.py:645} INFO - 25/03/26 18:59:48 INFO DAGScheduler: Final stage: ResultStage 0 (json at NativeMethodAccessorImpl.java:0)
[2025-03-26T18:59:48.601+0000] {spark_submit.py:645} INFO - 25/03/26 18:59:48 INFO DAGScheduler: Parents of final stage: List()
[2025-03-26T18:59:48.603+0000] {spark_submit.py:645} INFO - 25/03/26 18:59:48 INFO DAGScheduler: Missing parents: List()
[2025-03-26T18:59:48.612+0000] {spark_submit.py:645} INFO - 25/03/26 18:59:48 INFO DAGScheduler: Submitting ResultStage 0 (MapPartitionsRDD[2] at json at NativeMethodAccessorImpl.java:0), which has no missing parents
[2025-03-26T18:59:48.690+0000] {spark_submit.py:645} INFO - 25/03/26 18:59:48 INFO MemoryStore: Block broadcast_1 stored as values in memory (estimated size 9.3 KiB, free 434.2 MiB)
[2025-03-26T18:59:48.701+0000] {spark_submit.py:645} INFO - 25/03/26 18:59:48 INFO MemoryStore: Block broadcast_1_piece0 stored as bytes in memory (estimated size 5.0 KiB, free 434.1 MiB)
[2025-03-26T18:59:48.703+0000] {spark_submit.py:645} INFO - 25/03/26 18:59:48 INFO BlockManagerInfo: Added broadcast_1_piece0 in memory on 53e3672f02f0:38145 (size: 5.0 KiB, free: 434.4 MiB)
[2025-03-26T18:59:48.713+0000] {spark_submit.py:645} INFO - 25/03/26 18:59:48 INFO SparkContext: Created broadcast 1 from broadcast at DAGScheduler.scala:1585
[2025-03-26T18:59:48.754+0000] {spark_submit.py:645} INFO - 25/03/26 18:59:48 INFO DAGScheduler: Submitting 1 missing tasks from ResultStage 0 (MapPartitionsRDD[2] at json at NativeMethodAccessorImpl.java:0) (first 15 tasks are for partitions Vector(0))
[2025-03-26T18:59:48.764+0000] {spark_submit.py:645} INFO - 25/03/26 18:59:48 INFO TaskSchedulerImpl: Adding task set 0.0 with 1 tasks resource profile 0
[2025-03-26T19:00:03.802+0000] {spark_submit.py:645} INFO - 25/03/26 19:00:03 WARN TaskSchedulerImpl: Initial job has not accepted any resources; check your cluster UI to ensure that workers are registered and have sufficient resources
[2025-03-26T19:00:18.800+0000] {spark_submit.py:645} INFO - 25/03/26 19:00:18 WARN TaskSchedulerImpl: Initial job has not accepted any resources; check your cluster UI to ensure that workers are registered and have sufficient resources
[2025-03-26T19:00:33.801+0000] {spark_submit.py:645} INFO - 25/03/26 19:00:33 WARN TaskSchedulerImpl: Initial job has not accepted any resources; check your cluster UI to ensure that workers are registered and have sufficient resources
[2025-03-26T19:00:48.801+0000] {spark_submit.py:645} INFO - 25/03/26 19:00:48 WARN TaskSchedulerImpl: Initial job has not accepted any resources; check your cluster UI to ensure that workers are registered and have sufficient resources
[2025-03-26T19:01:03.801+0000] {spark_submit.py:645} INFO - 25/03/26 19:01:03 WARN TaskSchedulerImpl: Initial job has not accepted any resources; check your cluster UI to ensure that workers are registered and have sufficient resources
[2025-03-26T19:01:18.801+0000] {spark_submit.py:645} INFO - 25/03/26 19:01:18 WARN TaskSchedulerImpl: Initial job has not accepted any resources; check your cluster UI to ensure that workers are registered and have sufficient resources
[2025-03-26T19:01:33.801+0000] {spark_submit.py:645} INFO - 25/03/26 19:01:33 WARN TaskSchedulerImpl: Initial job has not accepted any resources; check your cluster UI to ensure that workers are registered and have sufficient resources
[2025-03-26T19:01:48.801+0000] {spark_submit.py:645} INFO - 25/03/26 19:01:48 WARN TaskSchedulerImpl: Initial job has not accepted any resources; check your cluster UI to ensure that workers are registered and have sufficient resources
[2025-03-26T19:02:03.802+0000] {spark_submit.py:645} INFO - 25/03/26 19:02:03 WARN TaskSchedulerImpl: Initial job has not accepted any resources; check your cluster UI to ensure that workers are registered and have sufficient resources
[2025-03-26T19:02:18.801+0000] {spark_submit.py:645} INFO - 25/03/26 19:02:18 WARN TaskSchedulerImpl: Initial job has not accepted any resources; check your cluster UI to ensure that workers are registered and have sufficient resources
[2025-03-26T19:02:33.801+0000] {spark_submit.py:645} INFO - 25/03/26 19:02:33 WARN TaskSchedulerImpl: Initial job has not accepted any resources; check your cluster UI to ensure that workers are registered and have sufficient resources
[2025-03-26T19:02:48.801+0000] {spark_submit.py:645} INFO - 25/03/26 19:02:48 WARN TaskSchedulerImpl: Initial job has not accepted any resources; check your cluster UI to ensure that workers are registered and have sufficient resources
[2025-03-26T19:03:03.801+0000] {spark_submit.py:645} INFO - 25/03/26 19:03:03 WARN TaskSchedulerImpl: Initial job has not accepted any resources; check your cluster UI to ensure that workers are registered and have sufficient resources
[2025-03-26T19:03:18.801+0000] {spark_submit.py:645} INFO - 25/03/26 19:03:18 WARN TaskSchedulerImpl: Initial job has not accepted any resources; check your cluster UI to ensure that workers are registered and have sufficient resources
[2025-03-26T19:03:33.800+0000] {spark_submit.py:645} INFO - 25/03/26 19:03:33 WARN TaskSchedulerImpl: Initial job has not accepted any resources; check your cluster UI to ensure that workers are registered and have sufficient resources
[2025-03-26T19:03:48.801+0000] {spark_submit.py:645} INFO - 25/03/26 19:03:48 WARN TaskSchedulerImpl: Initial job has not accepted any resources; check your cluster UI to ensure that workers are registered and have sufficient resources
[2025-03-26T19:04:03.800+0000] {spark_submit.py:645} INFO - 25/03/26 19:04:03 WARN TaskSchedulerImpl: Initial job has not accepted any resources; check your cluster UI to ensure that workers are registered and have sufficient resources
[2025-03-26T19:04:18.801+0000] {spark_submit.py:645} INFO - 25/03/26 19:04:18 WARN TaskSchedulerImpl: Initial job has not accepted any resources; check your cluster UI to ensure that workers are registered and have sufficient resources
[2025-03-26T19:04:29.897+0000] {local_task_job_runner.py:310} WARNING - State of this instance has been externally set to success. Terminating instance.
[2025-03-26T19:04:29.898+0000] {local_task_job_runner.py:222} INFO - ::endgroup::
[2025-03-26T19:04:29.900+0000] {process_utils.py:132} INFO - Sending 15 to group 644. PIDs of all processes in the group: [645, 700, 644]
[2025-03-26T19:04:29.901+0000] {process_utils.py:87} INFO - Sending the signal 15 to group 644
[2025-03-26T19:04:29.902+0000] {taskinstance.py:2611} ERROR - Received SIGTERM. Terminating subprocesses.
[2025-03-26T19:04:29.903+0000] {taskinstance.py:441} INFO - ::group::Post task execution logs
[2025-03-26T19:04:29.997+0000] {process_utils.py:80} INFO - Process psutil.Process(pid=644, status='terminated', exitcode=0, started='18:59:33') (644) terminated with exit code 0
[2025-03-26T19:04:30.000+0000] {process_utils.py:80} INFO - Process psutil.Process(pid=700, status='terminated', started='18:59:36') (700) terminated with exit code None
[2025-03-26T19:04:30.135+0000] {process_utils.py:80} INFO - Process psutil.Process(pid=645, status='terminated', started='18:59:34') (645) terminated with exit code None
