[2025-03-26T21:33:46.345+0000] {local_task_job_runner.py:120} INFO - ::group::Pre task execution logs
[2025-03-26T21:33:46.388+0000] {taskinstance.py:2076} INFO - Dependencies all met for dep_context=non-requeueable deps ti=<TaskInstance: etl_pipeline.transformation manual__2025-03-26T13:33:39.761724+00:00 [queued]>
[2025-03-26T21:33:46.398+0000] {taskinstance.py:2076} INFO - Dependencies all met for dep_context=requeueable deps ti=<TaskInstance: etl_pipeline.transformation manual__2025-03-26T13:33:39.761724+00:00 [queued]>
[2025-03-26T21:33:46.399+0000] {taskinstance.py:2306} INFO - Starting attempt 40 of 41
[2025-03-26T21:33:46.541+0000] {taskinstance.py:2330} INFO - Executing <Task(PythonOperator): transformation> on 2025-03-26 13:33:39.761724+00:00
[2025-03-26T21:33:46.549+0000] {standard_task_runner.py:63} INFO - Started process 672 to run task
[2025-03-26T21:33:46.552+0000] {standard_task_runner.py:90} INFO - Running: ['***', 'tasks', 'run', 'etl_pipeline', 'transformation', 'manual__2025-03-26T13:33:39.761724+00:00', '--job-id', '48', '--raw', '--subdir', 'DAGS_FOLDER/etl_pipeline.py', '--cfg-path', '/tmp/tmp__1i20go']
[2025-03-26T21:33:46.554+0000] {standard_task_runner.py:91} INFO - Job 48: Subtask transformation
[2025-03-26T21:33:46.791+0000] {task_command.py:426} INFO - Running <TaskInstance: etl_pipeline.transformation manual__2025-03-26T13:33:39.761724+00:00 [running]> on host d77e0d0606fb
[2025-03-26T21:33:46.963+0000] {taskinstance.py:2648} INFO - Exporting env vars: AIRFLOW_CTX_DAG_OWNER='lobobranco' AIRFLOW_CTX_DAG_ID='etl_pipeline' AIRFLOW_CTX_TASK_ID='transformation' AIRFLOW_CTX_EXECUTION_DATE='2025-03-26T13:33:39.761724+00:00' AIRFLOW_CTX_TRY_NUMBER='40' AIRFLOW_CTX_DAG_RUN_ID='manual__2025-03-26T13:33:39.761724+00:00'
[2025-03-26T21:33:46.964+0000] {taskinstance.py:430} INFO - ::endgroup::
[2025-03-26T21:33:46.990+0000] {etl_pipeline.py:76} INFO - Transforming data from file: s3://raw/playlist_20250326_210653.json
[2025-03-26T21:33:46.991+0000] {logging_mixin.py:188} INFO - File Path: s3://raw/playlist_20250326_210653.json
[2025-03-26T21:33:46.991+0000] {logging_mixin.py:188} INFO - Processed Bucket: processed
[2025-03-26T21:33:46.993+0000] {baseoperator.py:400} WARNING - SparkSubmitOperator.execute cannot be called outside TaskInstance!
[2025-03-26T21:33:47.005+0000] {base.py:84} INFO - Using connection ID 'spark_default' for task execution.
[2025-03-26T21:33:47.006+0000] {spark_submit.py:328} ERROR - Failed to decode base64 keytab: Incorrect padding
[2025-03-26T21:33:47.007+0000] {spark_submit.py:305} INFO - Could not load connection string spark_default, defaulting to spark://spark-master:7077
[2025-03-26T21:33:47.009+0000] {spark_submit.py:474} INFO - Spark-Submit cmd: spark-submit --master spark://spark-master:7077 --conf spark.executor.memory=512m --conf spark.executor.cores=1 --conf spark.jars=/opt/spark_job/jars/aws-java-sdk-bundle-1.12.262.jar,/opt/spark_job/jars/hadoop-aws-3.3.4.jar --conf spark.hadoop.fs.s3a.endpoint=http://minio:9000 --conf spark.hadoop.fs.s3a.access.key=admin --conf spark.hadoop.fs.s3a.secret.key=****** --conf spark.hadoop.fs.s3a.impl=org.apache.hadoop.fs.s3a.S3AFileSystem --conf spark.hadoop.fs.s3a.path.style.access=true --principal *** --name arrow-spark --verbose --deploy-mode client /opt/spark_job/data_transformation.py s3://raw/playlist_20250326_210653.json processed
[2025-03-26T21:33:47.105+0000] {spark_submit.py:645} INFO - /home/***/.local/lib/python3.11/site-packages/pyspark/bin/load-spark-env.sh: line 68: ps: command not found
[2025-03-26T21:33:48.767+0000] {spark_submit.py:645} INFO - Using properties file: null
[2025-03-26T21:33:48.904+0000] {spark_submit.py:645} INFO - Parsed arguments:
[2025-03-26T21:33:48.904+0000] {spark_submit.py:645} INFO - master                  spark://spark-master:7077
[2025-03-26T21:33:48.905+0000] {spark_submit.py:645} INFO - remote                  null
[2025-03-26T21:33:48.905+0000] {spark_submit.py:645} INFO - deployMode              client
[2025-03-26T21:33:48.906+0000] {spark_submit.py:645} INFO - executorMemory          512m
[2025-03-26T21:33:48.906+0000] {spark_submit.py:645} INFO - executorCores           1
[2025-03-26T21:33:48.906+0000] {spark_submit.py:645} INFO - totalExecutorCores      null
[2025-03-26T21:33:48.907+0000] {spark_submit.py:645} INFO - propertiesFile          null
[2025-03-26T21:33:48.907+0000] {spark_submit.py:645} INFO - driverMemory            null
[2025-03-26T21:33:48.907+0000] {spark_submit.py:645} INFO - driverCores             null
[2025-03-26T21:33:48.908+0000] {spark_submit.py:645} INFO - driverExtraClassPath    null
[2025-03-26T21:33:48.908+0000] {spark_submit.py:645} INFO - driverExtraLibraryPath  null
[2025-03-26T21:33:48.908+0000] {spark_submit.py:645} INFO - driverExtraJavaOptions  null
[2025-03-26T21:33:48.909+0000] {spark_submit.py:645} INFO - supervise               false
[2025-03-26T21:33:48.909+0000] {spark_submit.py:645} INFO - queue                   null
[2025-03-26T21:33:48.909+0000] {spark_submit.py:645} INFO - numExecutors            null
[2025-03-26T21:33:48.910+0000] {spark_submit.py:645} INFO - files                   null
[2025-03-26T21:33:48.910+0000] {spark_submit.py:645} INFO - pyFiles                 null
[2025-03-26T21:33:48.910+0000] {spark_submit.py:645} INFO - archives                null
[2025-03-26T21:33:48.911+0000] {spark_submit.py:645} INFO - mainClass               null
[2025-03-26T21:33:48.911+0000] {spark_submit.py:645} INFO - primaryResource         file:/opt/spark_job/data_transformation.py
[2025-03-26T21:33:48.911+0000] {spark_submit.py:645} INFO - name                    arrow-spark
[2025-03-26T21:33:48.912+0000] {spark_submit.py:645} INFO - childArgs               [s3://raw/playlist_20250326_210653.json processed]
[2025-03-26T21:33:48.912+0000] {spark_submit.py:645} INFO - jars                    /opt/spark_job/jars/aws-java-sdk-bundle-1.12.262.jar,/opt/spark_job/jars/hadoop-aws-3.3.4.jar
[2025-03-26T21:33:48.912+0000] {spark_submit.py:645} INFO - packages                null
[2025-03-26T21:33:48.913+0000] {spark_submit.py:645} INFO - packagesExclusions      null
[2025-03-26T21:33:48.913+0000] {spark_submit.py:645} INFO - repositories            null
[2025-03-26T21:33:48.913+0000] {spark_submit.py:645} INFO - verbose                 true
[2025-03-26T21:33:48.914+0000] {spark_submit.py:645} INFO - 
[2025-03-26T21:33:48.914+0000] {spark_submit.py:645} INFO - Spark properties used, including those specified through
[2025-03-26T21:33:48.914+0000] {spark_submit.py:645} INFO - --conf and those from the properties file null:
[2025-03-26T21:33:48.915+0000] {spark_submit.py:645} INFO - (spark.executor.cores,1)
[2025-03-26T21:33:48.915+0000] {spark_submit.py:645} INFO - (spark.executor.memory,512m)
[2025-03-26T21:33:48.915+0000] {spark_submit.py:645} INFO - (spark.hadoop.fs.s3a.access.key,*********(redacted))
[2025-03-26T21:33:48.916+0000] {spark_submit.py:645} INFO - (spark.hadoop.fs.s3a.endpoint,http://minio:9000)
[2025-03-26T21:33:48.916+0000] {spark_submit.py:645} INFO - (spark.hadoop.fs.s3a.impl,org.apache.hadoop.fs.s3a.S3AFileSystem)
[2025-03-26T21:33:48.917+0000] {spark_submit.py:645} INFO - (spark.hadoop.fs.s3a.path.style.access,true)
[2025-03-26T21:33:48.917+0000] {spark_submit.py:645} INFO - (spark.hadoop.fs.s3a.secret.key,*********(redacted))
[2025-03-26T21:33:48.917+0000] {spark_submit.py:645} INFO - (spark.jars,/opt/spark_job/jars/aws-java-sdk-bundle-1.12.262.jar,/opt/spark_job/jars/hadoop-aws-3.3.4.jar)
[2025-03-26T21:33:48.918+0000] {spark_submit.py:645} INFO - 
[2025-03-26T21:33:48.918+0000] {spark_submit.py:645} INFO - 
[2025-03-26T21:33:49.257+0000] {spark_submit.py:645} INFO - 25/03/26 21:33:49 WARN NativeCodeLoader: Unable to load native-hadoop library for your platform... using builtin-java classes where applicable
[2025-03-26T21:33:49.495+0000] {spark_submit.py:645} INFO - Main class:
[2025-03-26T21:33:49.496+0000] {spark_submit.py:645} INFO - org.apache.spark.deploy.PythonRunner
[2025-03-26T21:33:49.497+0000] {spark_submit.py:645} INFO - Arguments:
[2025-03-26T21:33:49.497+0000] {spark_submit.py:645} INFO - file:/opt/spark_job/data_transformation.py
[2025-03-26T21:33:49.498+0000] {spark_submit.py:645} INFO - null
[2025-03-26T21:33:49.498+0000] {spark_submit.py:645} INFO - s3://raw/playlist_20250326_210653.json
[2025-03-26T21:33:49.498+0000] {spark_submit.py:645} INFO - processed
[2025-03-26T21:33:49.502+0000] {spark_submit.py:645} INFO - Spark config:
[2025-03-26T21:33:49.503+0000] {spark_submit.py:645} INFO - (spark.app.name,arrow-spark)
[2025-03-26T21:33:49.503+0000] {spark_submit.py:645} INFO - (spark.app.submitTime,1743024829471)
[2025-03-26T21:33:49.504+0000] {spark_submit.py:645} INFO - (spark.executor.cores,1)
[2025-03-26T21:33:49.504+0000] {spark_submit.py:645} INFO - (spark.executor.memory,512m)
[2025-03-26T21:33:49.504+0000] {spark_submit.py:645} INFO - (spark.hadoop.fs.s3a.access.key,*********(redacted))
[2025-03-26T21:33:49.505+0000] {spark_submit.py:645} INFO - (spark.hadoop.fs.s3a.endpoint,http://minio:9000)
[2025-03-26T21:33:49.505+0000] {spark_submit.py:645} INFO - (spark.hadoop.fs.s3a.impl,org.apache.hadoop.fs.s3a.S3AFileSystem)
[2025-03-26T21:33:49.505+0000] {spark_submit.py:645} INFO - (spark.hadoop.fs.s3a.path.style.access,true)
[2025-03-26T21:33:49.506+0000] {spark_submit.py:645} INFO - (spark.hadoop.fs.s3a.secret.key,*********(redacted))
[2025-03-26T21:33:49.506+0000] {spark_submit.py:645} INFO - (spark.jars,file:///opt/spark_job/jars/aws-java-sdk-bundle-1.12.262.jar,file:///opt/spark_job/jars/hadoop-aws-3.3.4.jar)
[2025-03-26T21:33:49.506+0000] {spark_submit.py:645} INFO - (spark.kerberos.principal,***)
[2025-03-26T21:33:49.507+0000] {spark_submit.py:645} INFO - (spark.master,spark://spark-master:7077)
[2025-03-26T21:33:49.507+0000] {spark_submit.py:645} INFO - (spark.repl.local.jars,file:///opt/spark_job/jars/aws-java-sdk-bundle-1.12.262.jar,file:///opt/spark_job/jars/hadoop-aws-3.3.4.jar)
[2025-03-26T21:33:49.507+0000] {spark_submit.py:645} INFO - (spark.submit.deployMode,client)
[2025-03-26T21:33:49.508+0000] {spark_submit.py:645} INFO - (spark.submit.pyFiles,)
[2025-03-26T21:33:49.508+0000] {spark_submit.py:645} INFO - Classpath elements:
[2025-03-26T21:33:49.508+0000] {spark_submit.py:645} INFO - file:///opt/spark_job/jars/aws-java-sdk-bundle-1.12.262.jar
[2025-03-26T21:33:49.509+0000] {spark_submit.py:645} INFO - file:///opt/spark_job/jars/hadoop-aws-3.3.4.jar
[2025-03-26T21:33:49.509+0000] {spark_submit.py:645} INFO - 
[2025-03-26T21:33:49.510+0000] {spark_submit.py:645} INFO - 
[2025-03-26T21:33:50.717+0000] {spark_submit.py:645} INFO - 2025-03-26 21:33:50,717 - INFO - Iniciando a configuração da Spark Session
[2025-03-26T21:33:51.434+0000] {spark_submit.py:645} INFO - 25/03/26 21:33:51 INFO SparkContext: Running Spark version 3.5.5
[2025-03-26T21:33:51.435+0000] {spark_submit.py:645} INFO - 25/03/26 21:33:51 INFO SparkContext: OS info Linux, 5.15.153.1-microsoft-standard-WSL2, amd64
[2025-03-26T21:33:51.436+0000] {spark_submit.py:645} INFO - 25/03/26 21:33:51 INFO SparkContext: Java version 17.0.14
[2025-03-26T21:33:51.478+0000] {spark_submit.py:645} INFO - 25/03/26 21:33:51 INFO ResourceUtils: ==============================================================
[2025-03-26T21:33:51.479+0000] {spark_submit.py:645} INFO - 25/03/26 21:33:51 INFO ResourceUtils: No custom resources configured for spark.driver.
[2025-03-26T21:33:51.479+0000] {spark_submit.py:645} INFO - 25/03/26 21:33:51 INFO ResourceUtils: ==============================================================
[2025-03-26T21:33:51.481+0000] {spark_submit.py:645} INFO - 25/03/26 21:33:51 INFO SparkContext: Submitted application: Minio Integration with PySpark
[2025-03-26T21:33:51.511+0000] {spark_submit.py:645} INFO - 25/03/26 21:33:51 INFO ResourceProfile: Default ResourceProfile created, executor resources: Map(cores -> name: cores, amount: 1, script: , vendor: , memory -> name: memory, amount: 512, script: , vendor: , offHeap -> name: offHeap, amount: 0, script: , vendor: ), task resources: Map(cpus -> name: cpus, amount: 1.0)
[2025-03-26T21:33:51.525+0000] {spark_submit.py:645} INFO - 25/03/26 21:33:51 INFO ResourceProfile: Limiting resource is cpus at 1 tasks per executor
[2025-03-26T21:33:51.528+0000] {spark_submit.py:645} INFO - 25/03/26 21:33:51 INFO ResourceProfileManager: Added ResourceProfile id: 0
[2025-03-26T21:33:51.589+0000] {spark_submit.py:645} INFO - 25/03/26 21:33:51 INFO SecurityManager: Changing view acls to: ***
[2025-03-26T21:33:51.592+0000] {spark_submit.py:645} INFO - 25/03/26 21:33:51 INFO SecurityManager: Changing modify acls to: ***
[2025-03-26T21:33:51.595+0000] {spark_submit.py:645} INFO - 25/03/26 21:33:51 INFO SecurityManager: Changing view acls groups to:
[2025-03-26T21:33:51.597+0000] {spark_submit.py:645} INFO - 25/03/26 21:33:51 INFO SecurityManager: Changing modify acls groups to:
[2025-03-26T21:33:51.598+0000] {spark_submit.py:645} INFO - 25/03/26 21:33:51 INFO SecurityManager: SecurityManager: authentication disabled; ui acls disabled; users with view permissions: ***; groups with view permissions: EMPTY; users with modify permissions: ***; groups with modify permissions: EMPTY
[2025-03-26T21:33:51.884+0000] {spark_submit.py:645} INFO - 25/03/26 21:33:51 INFO Utils: Successfully started service 'sparkDriver' on port 39349.
[2025-03-26T21:33:51.945+0000] {spark_submit.py:645} INFO - 25/03/26 21:33:51 INFO SparkEnv: Registering MapOutputTracker
[2025-03-26T21:33:51.989+0000] {spark_submit.py:645} INFO - 25/03/26 21:33:51 INFO SparkEnv: Registering BlockManagerMaster
[2025-03-26T21:33:52.010+0000] {spark_submit.py:645} INFO - 25/03/26 21:33:52 INFO BlockManagerMasterEndpoint: Using org.apache.spark.storage.DefaultTopologyMapper for getting topology information
[2025-03-26T21:33:52.011+0000] {spark_submit.py:645} INFO - 25/03/26 21:33:52 INFO BlockManagerMasterEndpoint: BlockManagerMasterEndpoint up
[2025-03-26T21:33:52.015+0000] {spark_submit.py:645} INFO - 25/03/26 21:33:52 INFO SparkEnv: Registering BlockManagerMasterHeartbeat
[2025-03-26T21:33:52.037+0000] {spark_submit.py:645} INFO - 25/03/26 21:33:52 INFO DiskBlockManager: Created local directory at /tmp/blockmgr-c927f1cf-71c8-4a04-9be0-b1a565018227
[2025-03-26T21:33:52.050+0000] {spark_submit.py:645} INFO - 25/03/26 21:33:52 INFO MemoryStore: MemoryStore started with capacity 434.4 MiB
[2025-03-26T21:33:52.066+0000] {spark_submit.py:645} INFO - 25/03/26 21:33:52 INFO SparkEnv: Registering OutputCommitCoordinator
[2025-03-26T21:33:52.198+0000] {spark_submit.py:645} INFO - 25/03/26 21:33:52 INFO JettyUtils: Start Jetty 0.0.0.0:4040 for SparkUI
[2025-03-26T21:33:52.304+0000] {spark_submit.py:645} INFO - 25/03/26 21:33:52 INFO Utils: Successfully started service 'SparkUI' on port 4040.
[2025-03-26T21:33:52.345+0000] {spark_submit.py:645} INFO - 25/03/26 21:33:52 INFO SparkContext: Added JAR file:///opt/spark_job/jars/aws-java-sdk-bundle-1.12.262.jar at spark://d77e0d0606fb:39349/jars/aws-java-sdk-bundle-1.12.262.jar with timestamp 1743024831424
[2025-03-26T21:33:52.346+0000] {spark_submit.py:645} INFO - 25/03/26 21:33:52 INFO SparkContext: Added JAR file:///opt/spark_job/jars/hadoop-aws-3.3.4.jar at spark://d77e0d0606fb:39349/jars/hadoop-aws-3.3.4.jar with timestamp 1743024831424
[2025-03-26T21:33:52.433+0000] {spark_submit.py:645} INFO - 25/03/26 21:33:52 INFO StandaloneAppClient$ClientEndpoint: Connecting to master spark://spark-master:7077...
[2025-03-26T21:33:52.485+0000] {spark_submit.py:645} INFO - 25/03/26 21:33:52 INFO TransportClientFactory: Successfully created connection to spark-master/172.18.0.5:7077 after 28 ms (0 ms spent in bootstraps)
[2025-03-26T21:33:52.582+0000] {spark_submit.py:645} INFO - 25/03/26 21:33:52 INFO StandaloneSchedulerBackend: Connected to Spark cluster with app ID app-20250326213352-0001
[2025-03-26T21:33:52.596+0000] {spark_submit.py:645} INFO - 25/03/26 21:33:52 INFO Utils: Successfully started service 'org.apache.spark.network.netty.NettyBlockTransferService' on port 36281.
[2025-03-26T21:33:52.598+0000] {spark_submit.py:645} INFO - 25/03/26 21:33:52 INFO NettyBlockTransferService: Server created on d77e0d0606fb:36281
[2025-03-26T21:33:52.612+0000] {spark_submit.py:645} INFO - 25/03/26 21:33:52 INFO BlockManager: Using org.apache.spark.storage.RandomBlockReplicationPolicy for block replication policy
[2025-03-26T21:33:52.613+0000] {spark_submit.py:645} INFO - 25/03/26 21:33:52 INFO StandaloneAppClient$ClientEndpoint: Executor added: app-20250326213352-0001/0 on worker-20250326210238-172.18.0.3-34983 (172.18.0.3:34983) with 1 core(s)
[2025-03-26T21:33:52.613+0000] {spark_submit.py:645} INFO - 25/03/26 21:33:52 INFO StandaloneSchedulerBackend: Granted executor ID app-20250326213352-0001/0 on hostPort 172.18.0.3:34983 with 1 core(s), 512.0 MiB RAM
[2025-03-26T21:33:52.617+0000] {spark_submit.py:645} INFO - 25/03/26 21:33:52 INFO StandaloneAppClient$ClientEndpoint: Executor added: app-20250326213352-0001/1 on worker-20250326210238-172.18.0.3-34983 (172.18.0.3:34983) with 1 core(s)
[2025-03-26T21:33:52.618+0000] {spark_submit.py:645} INFO - 25/03/26 21:33:52 INFO StandaloneSchedulerBackend: Granted executor ID app-20250326213352-0001/1 on hostPort 172.18.0.3:34983 with 1 core(s), 512.0 MiB RAM
[2025-03-26T21:33:52.624+0000] {spark_submit.py:645} INFO - 25/03/26 21:33:52 INFO StandaloneAppClient$ClientEndpoint: Executor added: app-20250326213352-0001/2 on worker-20250326210238-172.18.0.4-46125 (172.18.0.4:46125) with 1 core(s)
[2025-03-26T21:33:52.625+0000] {spark_submit.py:645} INFO - 25/03/26 21:33:52 INFO StandaloneSchedulerBackend: Granted executor ID app-20250326213352-0001/2 on hostPort 172.18.0.4:46125 with 1 core(s), 512.0 MiB RAM
[2025-03-26T21:33:52.631+0000] {spark_submit.py:645} INFO - 25/03/26 21:33:52 INFO StandaloneAppClient$ClientEndpoint: Executor added: app-20250326213352-0001/3 on worker-20250326210238-172.18.0.4-46125 (172.18.0.4:46125) with 1 core(s)
[2025-03-26T21:33:52.633+0000] {spark_submit.py:645} INFO - 25/03/26 21:33:52 INFO StandaloneSchedulerBackend: Granted executor ID app-20250326213352-0001/3 on hostPort 172.18.0.4:46125 with 1 core(s), 512.0 MiB RAM
[2025-03-26T21:33:52.662+0000] {spark_submit.py:645} INFO - 25/03/26 21:33:52 INFO BlockManagerMaster: Registering BlockManager BlockManagerId(driver, d77e0d0606fb, 36281, None)
[2025-03-26T21:33:52.674+0000] {spark_submit.py:645} INFO - 25/03/26 21:33:52 INFO BlockManagerMasterEndpoint: Registering block manager d77e0d0606fb:36281 with 434.4 MiB RAM, BlockManagerId(driver, d77e0d0606fb, 36281, None)
[2025-03-26T21:33:52.686+0000] {spark_submit.py:645} INFO - 25/03/26 21:33:52 INFO BlockManagerMaster: Registered BlockManager BlockManagerId(driver, d77e0d0606fb, 36281, None)
[2025-03-26T21:33:52.687+0000] {spark_submit.py:645} INFO - 25/03/26 21:33:52 INFO BlockManager: Initialized BlockManager: BlockManagerId(driver, d77e0d0606fb, 36281, None)
[2025-03-26T21:33:52.724+0000] {spark_submit.py:645} INFO - 25/03/26 21:33:52 INFO StandaloneAppClient$ClientEndpoint: Executor updated: app-20250326213352-0001/0 is now RUNNING
[2025-03-26T21:33:52.747+0000] {spark_submit.py:645} INFO - 25/03/26 21:33:52 INFO StandaloneAppClient$ClientEndpoint: Executor updated: app-20250326213352-0001/3 is now RUNNING
[2025-03-26T21:33:52.749+0000] {spark_submit.py:645} INFO - 25/03/26 21:33:52 INFO StandaloneAppClient$ClientEndpoint: Executor updated: app-20250326213352-0001/1 is now RUNNING
[2025-03-26T21:33:52.786+0000] {spark_submit.py:645} INFO - 25/03/26 21:33:52 INFO StandaloneAppClient$ClientEndpoint: Executor updated: app-20250326213352-0001/2 is now RUNNING
[2025-03-26T21:33:53.237+0000] {spark_submit.py:645} INFO - 25/03/26 21:33:53 INFO StandaloneSchedulerBackend: SchedulerBackend is ready for scheduling beginning after reached minRegisteredResourcesRatio: 0.0
[2025-03-26T21:33:53.800+0000] {spark_submit.py:645} INFO - 2025-03-26 21:33:53,799 - INFO - Spark Session criada com sucesso
[2025-03-26T21:33:53.846+0000] {spark_submit.py:645} INFO - 25/03/26 21:33:53 INFO SharedState: Setting hive.metastore.warehouse.dir ('null') to the value of spark.sql.warehouse.dir.
[2025-03-26T21:33:53.851+0000] {spark_submit.py:645} INFO - 25/03/26 21:33:53 INFO SharedState: Warehouse path is 'file:/opt/spark-warehouse'.
[2025-03-26T21:33:55.956+0000] {spark_submit.py:645} INFO - 25/03/26 21:33:55 WARN MetricsConfig: Cannot locate configuration: tried hadoop-metrics2-s3a-file-system.properties,hadoop-metrics2.properties
[2025-03-26T21:33:56.041+0000] {spark_submit.py:645} INFO - 25/03/26 21:33:56 INFO MetricsSystemImpl: Scheduled Metric snapshot period at 10 second(s).
[2025-03-26T21:33:56.041+0000] {spark_submit.py:645} INFO - 25/03/26 21:33:56 INFO MetricsSystemImpl: s3a-file-system metrics system started
[2025-03-26T21:33:59.866+0000] {spark_submit.py:645} INFO - 25/03/26 21:33:59 INFO InMemoryFileIndex: It took 136 ms to list leaf files for 1 paths.
[2025-03-26T21:34:00.312+0000] {spark_submit.py:645} INFO - 25/03/26 21:34:00 INFO MemoryStore: Block broadcast_0 stored as values in memory (estimated size 209.2 KiB, free 434.2 MiB)
[2025-03-26T21:34:00.590+0000] {spark_submit.py:645} INFO - 25/03/26 21:34:00 INFO MemoryStore: Block broadcast_0_piece0 stored as bytes in memory (estimated size 35.5 KiB, free 434.2 MiB)
[2025-03-26T21:34:00.596+0000] {spark_submit.py:645} INFO - 25/03/26 21:34:00 INFO BlockManagerInfo: Added broadcast_0_piece0 in memory on d77e0d0606fb:36281 (size: 35.5 KiB, free: 434.4 MiB)
[2025-03-26T21:34:00.606+0000] {spark_submit.py:645} INFO - 25/03/26 21:34:00 INFO SparkContext: Created broadcast 0 from json at NativeMethodAccessorImpl.java:0
[2025-03-26T21:34:01.523+0000] {spark_submit.py:645} INFO - 25/03/26 21:34:01 INFO FileInputFormat: Total input files to process : 1
[2025-03-26T21:34:01.546+0000] {spark_submit.py:645} INFO - 25/03/26 21:34:01 INFO FileInputFormat: Total input files to process : 1
[2025-03-26T21:34:01.575+0000] {spark_submit.py:645} INFO - 25/03/26 21:34:01 INFO SparkContext: Starting job: json at NativeMethodAccessorImpl.java:0
[2025-03-26T21:34:01.646+0000] {spark_submit.py:645} INFO - 25/03/26 21:34:01 INFO DAGScheduler: Got job 0 (json at NativeMethodAccessorImpl.java:0) with 1 output partitions
[2025-03-26T21:34:01.651+0000] {spark_submit.py:645} INFO - 25/03/26 21:34:01 INFO DAGScheduler: Final stage: ResultStage 0 (json at NativeMethodAccessorImpl.java:0)
[2025-03-26T21:34:01.654+0000] {spark_submit.py:645} INFO - 25/03/26 21:34:01 INFO DAGScheduler: Parents of final stage: List()
[2025-03-26T21:34:01.655+0000] {spark_submit.py:645} INFO - 25/03/26 21:34:01 INFO DAGScheduler: Missing parents: List()
[2025-03-26T21:34:01.671+0000] {spark_submit.py:645} INFO - 25/03/26 21:34:01 INFO DAGScheduler: Submitting ResultStage 0 (MapPartitionsRDD[2] at json at NativeMethodAccessorImpl.java:0), which has no missing parents
[2025-03-26T21:34:01.790+0000] {spark_submit.py:645} INFO - 25/03/26 21:34:01 INFO MemoryStore: Block broadcast_1 stored as values in memory (estimated size 9.3 KiB, free 434.2 MiB)
[2025-03-26T21:34:01.855+0000] {spark_submit.py:645} INFO - 25/03/26 21:34:01 INFO MemoryStore: Block broadcast_1_piece0 stored as bytes in memory (estimated size 5.0 KiB, free 434.1 MiB)
[2025-03-26T21:34:01.859+0000] {spark_submit.py:645} INFO - 25/03/26 21:34:01 INFO BlockManagerInfo: Added broadcast_1_piece0 in memory on d77e0d0606fb:36281 (size: 5.0 KiB, free: 434.4 MiB)
[2025-03-26T21:34:01.860+0000] {spark_submit.py:645} INFO - 25/03/26 21:34:01 INFO SparkContext: Created broadcast 1 from broadcast at DAGScheduler.scala:1585
[2025-03-26T21:34:01.906+0000] {spark_submit.py:645} INFO - 25/03/26 21:34:01 INFO DAGScheduler: Submitting 1 missing tasks from ResultStage 0 (MapPartitionsRDD[2] at json at NativeMethodAccessorImpl.java:0) (first 15 tasks are for partitions Vector(0))
[2025-03-26T21:34:02.041+0000] {spark_submit.py:645} INFO - 25/03/26 21:34:01 INFO TaskSchedulerImpl: Adding task set 0.0 with 1 tasks resource profile 0
[2025-03-26T21:34:02.445+0000] {spark_submit.py:645} INFO - 25/03/26 21:34:02 INFO StandaloneSchedulerBackend$StandaloneDriverEndpoint: Registered executor NettyRpcEndpointRef(spark-client://Executor) (172.18.0.3:42164) with ID 1,  ResourceProfileId 0
[2025-03-26T21:34:02.568+0000] {spark_submit.py:645} INFO - 25/03/26 21:34:02 INFO StandaloneSchedulerBackend$StandaloneDriverEndpoint: Registered executor NettyRpcEndpointRef(spark-client://Executor) (172.18.0.4:44822) with ID 2,  ResourceProfileId 0
[2025-03-26T21:34:02.690+0000] {spark_submit.py:645} INFO - 25/03/26 21:34:02 INFO BlockManagerMasterEndpoint: Registering block manager 172.18.0.3:35613 with 127.2 MiB RAM, BlockManagerId(1, 172.18.0.3, 35613, None)
[2025-03-26T21:34:02.743+0000] {spark_submit.py:645} INFO - 25/03/26 21:34:02 INFO StandaloneSchedulerBackend$StandaloneDriverEndpoint: Registered executor NettyRpcEndpointRef(spark-client://Executor) (172.18.0.3:42152) with ID 0,  ResourceProfileId 0
[2025-03-26T21:34:02.760+0000] {spark_submit.py:645} INFO - 25/03/26 21:34:02 INFO BlockManagerMasterEndpoint: Registering block manager 172.18.0.4:34321 with 127.2 MiB RAM, BlockManagerId(2, 172.18.0.4, 34321, None)
[2025-03-26T21:34:03.026+0000] {spark_submit.py:645} INFO - 25/03/26 21:34:03 INFO BlockManagerMasterEndpoint: Registering block manager 172.18.0.3:35447 with 127.2 MiB RAM, BlockManagerId(0, 172.18.0.3, 35447, None)
[2025-03-26T21:34:03.326+0000] {spark_submit.py:645} INFO - 25/03/26 21:34:03 INFO StandaloneSchedulerBackend$StandaloneDriverEndpoint: Registered executor NettyRpcEndpointRef(spark-client://Executor) (172.18.0.4:44832) with ID 3,  ResourceProfileId 0
[2025-03-26T21:34:03.798+0000] {spark_submit.py:645} INFO - 25/03/26 21:34:03 INFO BlockManagerMasterEndpoint: Registering block manager 172.18.0.4:43497 with 127.2 MiB RAM, BlockManagerId(3, 172.18.0.4, 43497, None)
[2025-03-26T21:34:20.842+0000] {spark_submit.py:645} INFO - 25/03/26 21:34:20 INFO TaskSetManager: Starting task 0.0 in stage 0.0 (TID 0) (172.18.0.4, executor 2, partition 0, PROCESS_LOCAL, 9420 bytes)
[2025-03-26T21:34:22.066+0000] {spark_submit.py:645} INFO - 25/03/26 21:34:22 INFO BlockManagerInfo: Added broadcast_1_piece0 in memory on 172.18.0.4:34321 (size: 5.0 KiB, free: 127.2 MiB)
[2025-03-26T21:34:22.891+0000] {spark_submit.py:645} INFO - 25/03/26 21:34:22 INFO BlockManagerInfo: Added broadcast_0_piece0 in memory on 172.18.0.4:34321 (size: 35.5 KiB, free: 127.2 MiB)
[2025-03-26T21:34:49.756+0000] {spark_submit.py:645} INFO - 25/03/26 21:34:49 INFO TaskSetManager: Finished task 0.0 in stage 0.0 (TID 0) in 29004 ms on 172.18.0.4 (executor 2) (1/1)
[2025-03-26T21:34:49.758+0000] {spark_submit.py:645} INFO - 25/03/26 21:34:49 INFO TaskSchedulerImpl: Removed TaskSet 0.0, whose tasks have all completed, from pool
[2025-03-26T21:34:49.762+0000] {spark_submit.py:645} INFO - 25/03/26 21:34:49 INFO DAGScheduler: ResultStage 0 (json at NativeMethodAccessorImpl.java:0) finished in 48.034 s
[2025-03-26T21:34:49.765+0000] {spark_submit.py:645} INFO - 25/03/26 21:34:49 INFO DAGScheduler: Job 0 is finished. Cancelling potential speculative or zombie tasks for this job
[2025-03-26T21:34:49.766+0000] {spark_submit.py:645} INFO - 25/03/26 21:34:49 INFO TaskSchedulerImpl: Killing all running tasks in stage 0: Stage finished
[2025-03-26T21:34:49.771+0000] {spark_submit.py:645} INFO - 25/03/26 21:34:49 INFO DAGScheduler: Job 0 finished: json at NativeMethodAccessorImpl.java:0, took 48.197453 s
[2025-03-26T21:34:50.745+0000] {spark_submit.py:645} INFO - 25/03/26 21:34:50 INFO BlockManagerInfo: Removed broadcast_1_piece0 on d77e0d0606fb:36281 in memory (size: 5.0 KiB, free: 434.4 MiB)
[2025-03-26T21:34:50.768+0000] {spark_submit.py:645} INFO - 25/03/26 21:34:50 INFO BlockManagerInfo: Removed broadcast_1_piece0 on 172.18.0.4:34321 in memory (size: 5.0 KiB, free: 127.2 MiB)
[2025-03-26T21:34:52.682+0000] {spark_submit.py:645} INFO - 25/03/26 21:34:52 WARN FileSystem: Failed to initialize fileystem s3a://processed_bucket/albums: java.lang.IllegalArgumentException: bucket is null/empty
[2025-03-26T21:34:52.706+0000] {spark_submit.py:645} INFO - 2025-03-26 21:34:52,705 - ERROR - Error writing the data to s3a://processed_bucket/albums: bucket is null/empty
[2025-03-26T21:34:52.718+0000] {spark_submit.py:645} INFO - Traceback (most recent call last):
[2025-03-26T21:34:52.719+0000] {spark_submit.py:645} INFO - File "/opt/spark_job/code/parquet_writer.py", line 19, in dataframe_writer
[2025-03-26T21:34:52.724+0000] {spark_submit.py:645} INFO - .parquet(file_path)
[2025-03-26T21:34:52.724+0000] {spark_submit.py:645} INFO - ^^^^^^^^^^^^^^^^^^
[2025-03-26T21:34:52.724+0000] {spark_submit.py:645} INFO - File "/home/***/.local/lib/python3.11/site-packages/pyspark/python/lib/pyspark.zip/pyspark/sql/readwriter.py", line 1721, in parquet
[2025-03-26T21:34:52.725+0000] {spark_submit.py:645} INFO - self._jwrite.parquet(path)
[2025-03-26T21:34:52.725+0000] {spark_submit.py:645} INFO - File "/home/***/.local/lib/python3.11/site-packages/pyspark/python/lib/py4j-0.10.9.7-src.zip/py4j/java_gateway.py", line 1322, in __call__
[2025-03-26T21:34:52.726+0000] {spark_submit.py:645} INFO - return_value = get_return_value(
[2025-03-26T21:34:52.726+0000] {spark_submit.py:645} INFO - ^^^^^^^^^^^^^^^^^
[2025-03-26T21:34:52.727+0000] {spark_submit.py:645} INFO - File "/home/***/.local/lib/python3.11/site-packages/pyspark/python/lib/pyspark.zip/pyspark/errors/exceptions/captured.py", line 185, in deco
[2025-03-26T21:34:52.727+0000] {spark_submit.py:645} INFO - raise converted from None
[2025-03-26T21:34:52.728+0000] {spark_submit.py:645} INFO - pyspark.errors.exceptions.captured.IllegalArgumentException: bucket is null/empty
[2025-03-26T21:34:52.729+0000] {spark_submit.py:645} INFO - 
[2025-03-26T21:34:52.729+0000] {spark_submit.py:645} INFO - Traceback (most recent call last):
[2025-03-26T21:34:52.730+0000] {spark_submit.py:645} INFO - File "/opt/spark_job/data_transformation.py", line 37, in <module>
[2025-03-26T21:34:52.730+0000] {spark_submit.py:645} INFO - data_transformation(spark, file_path, processed_bucket, writer)
[2025-03-26T21:34:52.730+0000] {spark_submit.py:645} INFO - File "/opt/spark_job/data_transformation.py", line 22, in data_transformation
[2025-03-26T21:34:52.731+0000] {spark_submit.py:645} INFO - writer.dataframe_writer(album, bucket_path, "albums")
[2025-03-26T21:34:52.731+0000] {spark_submit.py:645} INFO - File "/opt/spark_job/code/parquet_writer.py", line 25, in dataframe_writer
[2025-03-26T21:34:52.732+0000] {spark_submit.py:645} INFO - raise e
[2025-03-26T21:34:52.732+0000] {spark_submit.py:645} INFO - File "/opt/spark_job/code/parquet_writer.py", line 19, in dataframe_writer
[2025-03-26T21:34:52.734+0000] {spark_submit.py:645} INFO - .parquet(file_path)
[2025-03-26T21:34:52.735+0000] {spark_submit.py:645} INFO - ^^^^^^^^^^^^^^^^^^
[2025-03-26T21:34:52.735+0000] {spark_submit.py:645} INFO - File "/home/***/.local/lib/python3.11/site-packages/pyspark/python/lib/pyspark.zip/pyspark/sql/readwriter.py", line 1721, in parquet
[2025-03-26T21:34:52.736+0000] {spark_submit.py:645} INFO - File "/home/***/.local/lib/python3.11/site-packages/pyspark/python/lib/py4j-0.10.9.7-src.zip/py4j/java_gateway.py", line 1322, in __call__
[2025-03-26T21:34:52.736+0000] {spark_submit.py:645} INFO - File "/home/***/.local/lib/python3.11/site-packages/pyspark/python/lib/pyspark.zip/pyspark/errors/exceptions/captured.py", line 185, in deco
[2025-03-26T21:34:52.739+0000] {spark_submit.py:645} INFO - pyspark.errors.exceptions.captured.IllegalArgumentException: bucket is null/empty
[2025-03-26T21:34:52.740+0000] {spark_submit.py:645} INFO - 2025-03-26 21:34:52,739 - INFO - Closing down clientserver connection
[2025-03-26T21:34:52.804+0000] {spark_submit.py:645} INFO - 25/03/26 21:34:52 INFO SparkContext: Invoking stop() from shutdown hook
[2025-03-26T21:34:52.804+0000] {spark_submit.py:645} INFO - 25/03/26 21:34:52 INFO SparkContext: SparkContext is stopping with exitCode 0.
[2025-03-26T21:34:52.814+0000] {spark_submit.py:645} INFO - 25/03/26 21:34:52 INFO SparkUI: Stopped Spark web UI at http://d77e0d0606fb:4040
[2025-03-26T21:34:52.818+0000] {spark_submit.py:645} INFO - 25/03/26 21:34:52 INFO StandaloneSchedulerBackend: Shutting down all executors
[2025-03-26T21:34:52.819+0000] {spark_submit.py:645} INFO - 25/03/26 21:34:52 INFO StandaloneSchedulerBackend$StandaloneDriverEndpoint: Asking each executor to shut down
[2025-03-26T21:34:52.899+0000] {spark_submit.py:645} INFO - 25/03/26 21:34:52 INFO MapOutputTrackerMasterEndpoint: MapOutputTrackerMasterEndpoint stopped!
[2025-03-26T21:34:56.239+0000] {spark_submit.py:645} INFO - 25/03/26 21:34:56 INFO MemoryStore: MemoryStore cleared
[2025-03-26T21:34:56.241+0000] {spark_submit.py:645} INFO - 25/03/26 21:34:56 INFO BlockManager: BlockManager stopped
[2025-03-26T21:34:56.262+0000] {spark_submit.py:645} INFO - 25/03/26 21:34:56 INFO BlockManagerMaster: BlockManagerMaster stopped
[2025-03-26T21:34:56.276+0000] {spark_submit.py:645} INFO - 25/03/26 21:34:56 INFO OutputCommitCoordinator$OutputCommitCoordinatorEndpoint: OutputCommitCoordinator stopped!
[2025-03-26T21:34:56.281+0000] {spark_submit.py:645} INFO - 25/03/26 21:34:56 WARN Dispatcher: Message RemoteProcessDisconnected(172.18.0.4:44832) dropped. Could not find OutputCommitCoordinator.
[2025-03-26T21:34:56.282+0000] {spark_submit.py:645} INFO - 25/03/26 21:34:56 WARN Dispatcher: Message RemoteProcessDisconnected(172.18.0.4:44822) dropped. Could not find OutputCommitCoordinator.
[2025-03-26T21:34:56.313+0000] {spark_submit.py:645} INFO - 25/03/26 21:34:56 INFO SparkContext: Successfully stopped SparkContext
[2025-03-26T21:34:56.314+0000] {spark_submit.py:645} INFO - 25/03/26 21:34:56 INFO ShutdownHookManager: Shutdown hook called
[2025-03-26T21:34:56.315+0000] {spark_submit.py:645} INFO - 25/03/26 21:34:56 INFO ShutdownHookManager: Deleting directory /tmp/spark-6069b449-329a-4058-9656-e8d911fa9837/pyspark-d145cc3a-f23f-4146-9585-b18e0a285f7c
[2025-03-26T21:34:56.323+0000] {spark_submit.py:645} INFO - 25/03/26 21:34:56 INFO ShutdownHookManager: Deleting directory /tmp/spark-33aaef44-da9c-40e7-be4b-67266e645e68
[2025-03-26T21:34:56.328+0000] {spark_submit.py:645} INFO - 25/03/26 21:34:56 INFO ShutdownHookManager: Deleting directory /tmp/spark-6069b449-329a-4058-9656-e8d911fa9837
[2025-03-26T21:34:56.363+0000] {spark_submit.py:645} INFO - 25/03/26 21:34:56 INFO MetricsSystemImpl: Stopping s3a-file-system metrics system...
[2025-03-26T21:34:56.364+0000] {spark_submit.py:645} INFO - 25/03/26 21:34:56 INFO MetricsSystemImpl: s3a-file-system metrics system stopped.
[2025-03-26T21:34:56.365+0000] {spark_submit.py:645} INFO - 25/03/26 21:34:56 INFO MetricsSystemImpl: s3a-file-system metrics system shutdown complete.
[2025-03-26T21:34:56.421+0000] {taskinstance.py:441} INFO - ::group::Post task execution logs
[2025-03-26T21:34:56.436+0000] {taskinstance.py:2905} ERROR - Task failed with exception
Traceback (most recent call last):
  File "/home/airflow/.local/lib/python3.11/site-packages/airflow/models/taskinstance.py", line 465, in _execute_task
    result = _execute_callable(context=context, **execute_callable_kwargs)
             ^^^^^^^^^^^^^^^^^^^^^^^^^^^^^^^^^^^^^^^^^^^^^^^^^^^^^^^^^^^^^
  File "/home/airflow/.local/lib/python3.11/site-packages/airflow/models/taskinstance.py", line 432, in _execute_callable
    return execute_callable(context=context, **execute_callable_kwargs)
           ^^^^^^^^^^^^^^^^^^^^^^^^^^^^^^^^^^^^^^^^^^^^^^^^^^^^^^^^^^^^
  File "/home/airflow/.local/lib/python3.11/site-packages/airflow/models/baseoperator.py", line 401, in wrapper
    return func(self, *args, **kwargs)
           ^^^^^^^^^^^^^^^^^^^^^^^^^^^
  File "/home/airflow/.local/lib/python3.11/site-packages/airflow/operators/python.py", line 235, in execute
    return_value = self.execute_callable()
                   ^^^^^^^^^^^^^^^^^^^^^^^
  File "/home/airflow/.local/lib/python3.11/site-packages/airflow/operators/python.py", line 252, in execute_callable
    return self.python_callable(*self.op_args, **self.op_kwargs)
           ^^^^^^^^^^^^^^^^^^^^^^^^^^^^^^^^^^^^^^^^^^^^^^^^^^^^^
  File "/opt/airflow/dags/etl_pipeline.py", line 97, in spark_dtransformation
    ).execute(kwargs)
      ^^^^^^^^^^^^^^^
  File "/home/airflow/.local/lib/python3.11/site-packages/airflow/models/baseoperator.py", line 401, in wrapper
    return func(self, *args, **kwargs)
           ^^^^^^^^^^^^^^^^^^^^^^^^^^^
  File "/home/airflow/.local/lib/python3.11/site-packages/airflow/providers/apache/spark/operators/spark_submit.py", line 177, in execute
    self._hook.submit(self.application)
  File "/home/airflow/.local/lib/python3.11/site-packages/airflow/providers/apache/spark/hooks/spark_submit.py", line 567, in submit
    raise AirflowException(
airflow.exceptions.AirflowException: Cannot execute: spark-submit --master spark://spark-master:7077 --conf spark.executor.memory=512m --conf spark.executor.cores=1 --conf spark.jars=/opt/spark_job/jars/aws-java-sdk-bundle-1.12.262.jar,/opt/spark_job/jars/hadoop-aws-3.3.4.jar --conf spark.hadoop.fs.s3a.endpoint=http://minio:9000 --conf spark.hadoop.fs.s3a.access.key=admin --conf spark.hadoop.fs.s3a.secret.key=****** --conf spark.hadoop.fs.s3a.impl=org.apache.hadoop.fs.s3a.S3AFileSystem --conf spark.hadoop.fs.s3a.path.style.access=true --principal *** --name arrow-spark --verbose --deploy-mode client /opt/spark_job/data_transformation.py s3://raw/playlist_20250326_210653.json processed. Error code is: 1.
[2025-03-26T21:34:56.446+0000] {taskinstance.py:1206} INFO - Marking task as UP_FOR_RETRY. dag_id=etl_pipeline, task_id=transformation, run_id=manual__2025-03-26T13:33:39.761724+00:00, execution_date=20250326T133339, start_date=20250326T213346, end_date=20250326T213456
[2025-03-26T21:34:59.498+0000] {standard_task_runner.py:110} ERROR - Failed to execute job 48 for task transformation (Cannot execute: spark-submit --master spark://spark-master:7077 --conf spark.executor.memory=512m --conf spark.executor.cores=1 --conf spark.jars=/opt/spark_job/jars/aws-java-sdk-bundle-1.12.262.jar,/opt/spark_job/jars/hadoop-aws-3.3.4.jar --conf spark.hadoop.fs.s3a.endpoint=http://minio:9000 --conf spark.hadoop.fs.s3a.access.key=admin --conf spark.hadoop.fs.s3a.secret.key=****** --conf spark.hadoop.fs.s3a.impl=org.apache.hadoop.fs.s3a.S3AFileSystem --conf spark.hadoop.fs.s3a.path.style.access=true --principal *** --name arrow-spark --verbose --deploy-mode client /opt/spark_job/data_transformation.py s3://raw/playlist_20250326_210653.json processed. Error code is: 1.; 672)
[2025-03-26T21:34:59.522+0000] {local_task_job_runner.py:240} INFO - Task exited with return code 1
[2025-03-26T21:34:59.571+0000] {taskinstance.py:3503} INFO - 0 downstream tasks scheduled from follow-on schedule check
[2025-03-26T21:35:00.444+0000] {local_task_job_runner.py:222} INFO - ::endgroup::
