[2025-03-26T13:38:56.537+0000] {local_task_job_runner.py:120} INFO - ::group::Pre task execution logs
[2025-03-26T13:38:56.577+0000] {taskinstance.py:2076} INFO - Dependencies all met for dep_context=non-requeueable deps ti=<TaskInstance: etl_pipeline.transformation manual__2025-03-26T13:33:39.761724+00:00 [queued]>
[2025-03-26T13:38:56.586+0000] {taskinstance.py:2076} INFO - Dependencies all met for dep_context=requeueable deps ti=<TaskInstance: etl_pipeline.transformation manual__2025-03-26T13:33:39.761724+00:00 [queued]>
[2025-03-26T13:38:56.587+0000] {taskinstance.py:2306} INFO - Starting attempt 2 of 3
[2025-03-26T13:38:56.699+0000] {taskinstance.py:2330} INFO - Executing <Task(PythonOperator): transformation> on 2025-03-26 13:33:39.761724+00:00
[2025-03-26T13:38:56.706+0000] {standard_task_runner.py:63} INFO - Started process 519 to run task
[2025-03-26T13:38:56.710+0000] {standard_task_runner.py:90} INFO - Running: ['***', 'tasks', 'run', 'etl_pipeline', 'transformation', 'manual__2025-03-26T13:33:39.761724+00:00', '--job-id', '5', '--raw', '--subdir', 'DAGS_FOLDER/etl_pipeline.py', '--cfg-path', '/tmp/tmp3esv90cc']
[2025-03-26T13:38:56.713+0000] {standard_task_runner.py:91} INFO - Job 5: Subtask transformation
[2025-03-26T13:38:56.810+0000] {task_command.py:426} INFO - Running <TaskInstance: etl_pipeline.transformation manual__2025-03-26T13:33:39.761724+00:00 [running]> on host 9d8a997eda77
[2025-03-26T13:38:57.048+0000] {taskinstance.py:2648} INFO - Exporting env vars: AIRFLOW_CTX_DAG_OWNER='lobobranco' AIRFLOW_CTX_DAG_ID='etl_pipeline' AIRFLOW_CTX_TASK_ID='transformation' AIRFLOW_CTX_EXECUTION_DATE='2025-03-26T13:33:39.761724+00:00' AIRFLOW_CTX_TRY_NUMBER='2' AIRFLOW_CTX_DAG_RUN_ID='manual__2025-03-26T13:33:39.761724+00:00'
[2025-03-26T13:38:57.049+0000] {taskinstance.py:430} INFO - ::endgroup::
[2025-03-26T13:38:57.078+0000] {etl_pipeline.py:76} INFO - Transforming data from file: s3://raw/playlist_20250326_133348.json
[2025-03-26T13:38:57.079+0000] {baseoperator.py:400} WARNING - SparkSubmitOperator.execute cannot be called outside TaskInstance!
[2025-03-26T13:38:57.091+0000] {base.py:84} INFO - Using connection ID 'spark_default' for task execution.
[2025-03-26T13:38:57.092+0000] {spark_submit.py:328} ERROR - Failed to decode base64 keytab: Incorrect padding
[2025-03-26T13:38:57.093+0000] {spark_submit.py:305} INFO - Could not load connection string spark_default, defaulting to spark://spark-master:7077:7077
[2025-03-26T13:38:57.095+0000] {spark_submit.py:474} INFO - Spark-Submit cmd: spark-submit --master spark://spark-master:7077:7077 --conf spark.executor.memory=2g --conf spark.executor.cores=2 --conf spark.jars=/opt/spark_job/aws-java-sdk-bundle-1.12.262.jar,/opt/spark_job/jars/hadoop-aws-3.3.4.jar --conf spark.hadoop.fs.s3a.endpoint=http://minio:9000 --conf spark.hadoop.fs.s3a.access.key=admin --conf spark.hadoop.fs.s3a.secret.key=****** --conf spark.hadoop.fs.s3a.impl=org.apache.hadoop.fs.s3a.S3AFileSystem --conf spark.hadoop.fs.s3a.path.style.access=true --name arrow-spark --verbose --deploy-mode client /spark_job/data_transformation.py s3://raw/playlist_20250326_133348.json
[2025-03-26T13:38:57.235+0000] {spark_submit.py:645} INFO - /home/***/.local/lib/python3.11/site-packages/pyspark/bin/load-spark-env.sh: line 68: ps: command not found
[2025-03-26T13:39:00.036+0000] {spark_submit.py:645} INFO - Using properties file: null
[2025-03-26T13:39:00.268+0000] {spark_submit.py:645} INFO - Parsed arguments:
[2025-03-26T13:39:00.269+0000] {spark_submit.py:645} INFO - master                  spark://spark-master:7077:7077
[2025-03-26T13:39:00.269+0000] {spark_submit.py:645} INFO - remote                  null
[2025-03-26T13:39:00.270+0000] {spark_submit.py:645} INFO - deployMode              client
[2025-03-26T13:39:00.272+0000] {spark_submit.py:645} INFO - executorMemory          2g
[2025-03-26T13:39:00.272+0000] {spark_submit.py:645} INFO - executorCores           2
[2025-03-26T13:39:00.273+0000] {spark_submit.py:645} INFO - totalExecutorCores      null
[2025-03-26T13:39:00.274+0000] {spark_submit.py:645} INFO - propertiesFile          null
[2025-03-26T13:39:00.274+0000] {spark_submit.py:645} INFO - driverMemory            null
[2025-03-26T13:39:00.275+0000] {spark_submit.py:645} INFO - driverCores             null
[2025-03-26T13:39:00.276+0000] {spark_submit.py:645} INFO - driverExtraClassPath    null
[2025-03-26T13:39:00.276+0000] {spark_submit.py:645} INFO - driverExtraLibraryPath  null
[2025-03-26T13:39:00.277+0000] {spark_submit.py:645} INFO - driverExtraJavaOptions  null
[2025-03-26T13:39:00.277+0000] {spark_submit.py:645} INFO - supervise               false
[2025-03-26T13:39:00.278+0000] {spark_submit.py:645} INFO - queue                   null
[2025-03-26T13:39:00.279+0000] {spark_submit.py:645} INFO - numExecutors            null
[2025-03-26T13:39:00.280+0000] {spark_submit.py:645} INFO - files                   null
[2025-03-26T13:39:00.281+0000] {spark_submit.py:645} INFO - pyFiles                 null
[2025-03-26T13:39:00.282+0000] {spark_submit.py:645} INFO - archives                null
[2025-03-26T13:39:00.283+0000] {spark_submit.py:645} INFO - mainClass               null
[2025-03-26T13:39:00.284+0000] {spark_submit.py:645} INFO - primaryResource         file:/spark_job/data_transformation.py
[2025-03-26T13:39:00.285+0000] {spark_submit.py:645} INFO - name                    arrow-spark
[2025-03-26T13:39:00.285+0000] {spark_submit.py:645} INFO - childArgs               [s3://raw/playlist_20250326_133348.json]
[2025-03-26T13:39:00.286+0000] {spark_submit.py:645} INFO - jars                    /opt/spark_job/aws-java-sdk-bundle-1.12.262.jar,/opt/spark_job/jars/hadoop-aws-3.3.4.jar
[2025-03-26T13:39:00.287+0000] {spark_submit.py:645} INFO - packages                null
[2025-03-26T13:39:00.287+0000] {spark_submit.py:645} INFO - packagesExclusions      null
[2025-03-26T13:39:00.288+0000] {spark_submit.py:645} INFO - repositories            null
[2025-03-26T13:39:00.288+0000] {spark_submit.py:645} INFO - verbose                 true
[2025-03-26T13:39:00.288+0000] {spark_submit.py:645} INFO - 
[2025-03-26T13:39:00.289+0000] {spark_submit.py:645} INFO - Spark properties used, including those specified through
[2025-03-26T13:39:00.289+0000] {spark_submit.py:645} INFO - --conf and those from the properties file null:
[2025-03-26T13:39:00.289+0000] {spark_submit.py:645} INFO - (spark.executor.cores,2)
[2025-03-26T13:39:00.290+0000] {spark_submit.py:645} INFO - (spark.executor.memory,2g)
[2025-03-26T13:39:00.290+0000] {spark_submit.py:645} INFO - (spark.hadoop.fs.s3a.access.key,*********(redacted))
[2025-03-26T13:39:00.291+0000] {spark_submit.py:645} INFO - (spark.hadoop.fs.s3a.endpoint,http://minio:9000)
[2025-03-26T13:39:00.291+0000] {spark_submit.py:645} INFO - (spark.hadoop.fs.s3a.impl,org.apache.hadoop.fs.s3a.S3AFileSystem)
[2025-03-26T13:39:00.292+0000] {spark_submit.py:645} INFO - (spark.hadoop.fs.s3a.path.style.access,true)
[2025-03-26T13:39:00.292+0000] {spark_submit.py:645} INFO - (spark.hadoop.fs.s3a.secret.key,*********(redacted))
[2025-03-26T13:39:00.293+0000] {spark_submit.py:645} INFO - (spark.jars,/opt/spark_job/aws-java-sdk-bundle-1.12.262.jar,/opt/spark_job/jars/hadoop-aws-3.3.4.jar)
[2025-03-26T13:39:00.293+0000] {spark_submit.py:645} INFO - 
[2025-03-26T13:39:00.294+0000] {spark_submit.py:645} INFO - 
[2025-03-26T13:39:00.743+0000] {spark_submit.py:645} INFO - 25/03/26 13:39:00 WARN NativeCodeLoader: Unable to load native-hadoop library for your platform... using builtin-java classes where applicable
[2025-03-26T13:39:01.059+0000] {spark_submit.py:645} INFO - Main class:
[2025-03-26T13:39:01.061+0000] {spark_submit.py:645} INFO - org.apache.spark.deploy.PythonRunner
[2025-03-26T13:39:01.062+0000] {spark_submit.py:645} INFO - Arguments:
[2025-03-26T13:39:01.065+0000] {spark_submit.py:645} INFO - file:/spark_job/data_transformation.py
[2025-03-26T13:39:01.066+0000] {spark_submit.py:645} INFO - null
[2025-03-26T13:39:01.067+0000] {spark_submit.py:645} INFO - s3://raw/playlist_20250326_133348.json
[2025-03-26T13:39:01.067+0000] {spark_submit.py:645} INFO - Spark config:
[2025-03-26T13:39:01.068+0000] {spark_submit.py:645} INFO - (spark.app.name,arrow-spark)
[2025-03-26T13:39:01.069+0000] {spark_submit.py:645} INFO - (spark.app.submitTime,1742996341007)
[2025-03-26T13:39:01.069+0000] {spark_submit.py:645} INFO - (spark.executor.cores,2)
[2025-03-26T13:39:01.070+0000] {spark_submit.py:645} INFO - (spark.executor.memory,2g)
[2025-03-26T13:39:01.071+0000] {spark_submit.py:645} INFO - (spark.hadoop.fs.s3a.access.key,*********(redacted))
[2025-03-26T13:39:01.072+0000] {spark_submit.py:645} INFO - (spark.hadoop.fs.s3a.endpoint,http://minio:9000)
[2025-03-26T13:39:01.073+0000] {spark_submit.py:645} INFO - (spark.hadoop.fs.s3a.impl,org.apache.hadoop.fs.s3a.S3AFileSystem)
[2025-03-26T13:39:01.073+0000] {spark_submit.py:645} INFO - (spark.hadoop.fs.s3a.path.style.access,true)
[2025-03-26T13:39:01.075+0000] {spark_submit.py:645} INFO - (spark.hadoop.fs.s3a.secret.key,*********(redacted))
[2025-03-26T13:39:01.077+0000] {spark_submit.py:645} INFO - (spark.jars,file:/opt/spark_job/aws-java-sdk-bundle-1.12.262.jar,file:/opt/spark_job/jars/hadoop-aws-3.3.4.jar)
[2025-03-26T13:39:01.079+0000] {spark_submit.py:645} INFO - (spark.master,spark://spark-master:7077:7077)
[2025-03-26T13:39:01.079+0000] {spark_submit.py:645} INFO - (spark.repl.local.jars,file:/opt/spark_job/aws-java-sdk-bundle-1.12.262.jar,file:/opt/spark_job/jars/hadoop-aws-3.3.4.jar)
[2025-03-26T13:39:01.081+0000] {spark_submit.py:645} INFO - (spark.submit.deployMode,client)
[2025-03-26T13:39:01.082+0000] {spark_submit.py:645} INFO - (spark.submit.pyFiles,)
[2025-03-26T13:39:01.083+0000] {spark_submit.py:645} INFO - Classpath elements:
[2025-03-26T13:39:01.083+0000] {spark_submit.py:645} INFO - file:/opt/spark_job/aws-java-sdk-bundle-1.12.262.jar
[2025-03-26T13:39:01.084+0000] {spark_submit.py:645} INFO - file:/opt/spark_job/jars/hadoop-aws-3.3.4.jar
[2025-03-26T13:39:01.085+0000] {spark_submit.py:645} INFO - 
[2025-03-26T13:39:01.085+0000] {spark_submit.py:645} INFO - 
[2025-03-26T13:39:01.086+0000] {spark_submit.py:645} INFO - 25/03/26 13:39:01 WARN DependencyUtils: Local jar /opt/spark_job/aws-java-sdk-bundle-1.12.262.jar does not exist, skipping.
[2025-03-26T13:39:01.087+0000] {spark_submit.py:645} INFO - 25/03/26 13:39:01 WARN DependencyUtils: Local jar /opt/spark_job/jars/hadoop-aws-3.3.4.jar does not exist, skipping.
[2025-03-26T13:39:02.935+0000] {spark_submit.py:645} INFO - 25/03/26 13:39:02 INFO SparkContext: Running Spark version 3.5.5
[2025-03-26T13:39:02.936+0000] {spark_submit.py:645} INFO - 25/03/26 13:39:02 INFO SparkContext: OS info Linux, 5.15.153.1-microsoft-standard-WSL2, amd64
[2025-03-26T13:39:02.937+0000] {spark_submit.py:645} INFO - 25/03/26 13:39:02 INFO SparkContext: Java version 17.0.14
[2025-03-26T13:39:02.973+0000] {spark_submit.py:645} INFO - 25/03/26 13:39:02 INFO ResourceUtils: ==============================================================
[2025-03-26T13:39:02.974+0000] {spark_submit.py:645} INFO - 25/03/26 13:39:02 INFO ResourceUtils: No custom resources configured for spark.driver.
[2025-03-26T13:39:02.975+0000] {spark_submit.py:645} INFO - 25/03/26 13:39:02 INFO ResourceUtils: ==============================================================
[2025-03-26T13:39:02.975+0000] {spark_submit.py:645} INFO - 25/03/26 13:39:02 INFO SparkContext: Submitted application: Minio Integration with PySpark
[2025-03-26T13:39:03.001+0000] {spark_submit.py:645} INFO - 25/03/26 13:39:03 INFO ResourceProfile: Default ResourceProfile created, executor resources: Map(cores -> name: cores, amount: 2, script: , vendor: , memory -> name: memory, amount: 2048, script: , vendor: , offHeap -> name: offHeap, amount: 0, script: , vendor: ), task resources: Map(cpus -> name: cpus, amount: 1.0)
[2025-03-26T13:39:03.012+0000] {spark_submit.py:645} INFO - 25/03/26 13:39:03 INFO ResourceProfile: Limiting resource is cpus at 2 tasks per executor
[2025-03-26T13:39:03.015+0000] {spark_submit.py:645} INFO - 25/03/26 13:39:03 INFO ResourceProfileManager: Added ResourceProfile id: 0
[2025-03-26T13:39:03.074+0000] {spark_submit.py:645} INFO - 25/03/26 13:39:03 INFO SecurityManager: Changing view acls to: ***
[2025-03-26T13:39:03.076+0000] {spark_submit.py:645} INFO - 25/03/26 13:39:03 INFO SecurityManager: Changing modify acls to: ***
[2025-03-26T13:39:03.076+0000] {spark_submit.py:645} INFO - 25/03/26 13:39:03 INFO SecurityManager: Changing view acls groups to:
[2025-03-26T13:39:03.077+0000] {spark_submit.py:645} INFO - 25/03/26 13:39:03 INFO SecurityManager: Changing modify acls groups to:
[2025-03-26T13:39:03.078+0000] {spark_submit.py:645} INFO - 25/03/26 13:39:03 INFO SecurityManager: SecurityManager: authentication disabled; ui acls disabled; users with view permissions: ***; groups with view permissions: EMPTY; users with modify permissions: ***; groups with modify permissions: EMPTY
[2025-03-26T13:39:03.531+0000] {spark_submit.py:645} INFO - 25/03/26 13:39:03 INFO Utils: Successfully started service 'sparkDriver' on port 40047.
[2025-03-26T13:39:03.603+0000] {spark_submit.py:645} INFO - 25/03/26 13:39:03 INFO SparkEnv: Registering MapOutputTracker
[2025-03-26T13:39:03.669+0000] {spark_submit.py:645} INFO - 25/03/26 13:39:03 INFO SparkEnv: Registering BlockManagerMaster
[2025-03-26T13:39:03.695+0000] {spark_submit.py:645} INFO - 25/03/26 13:39:03 INFO BlockManagerMasterEndpoint: Using org.apache.spark.storage.DefaultTopologyMapper for getting topology information
[2025-03-26T13:39:03.695+0000] {spark_submit.py:645} INFO - 25/03/26 13:39:03 INFO BlockManagerMasterEndpoint: BlockManagerMasterEndpoint up
[2025-03-26T13:39:03.700+0000] {spark_submit.py:645} INFO - 25/03/26 13:39:03 INFO SparkEnv: Registering BlockManagerMasterHeartbeat
[2025-03-26T13:39:03.743+0000] {spark_submit.py:645} INFO - 25/03/26 13:39:03 INFO DiskBlockManager: Created local directory at /tmp/blockmgr-9696dab7-5caf-4ed8-ab63-0cfca16ee579
[2025-03-26T13:39:03.778+0000] {spark_submit.py:645} INFO - 25/03/26 13:39:03 INFO MemoryStore: MemoryStore started with capacity 434.4 MiB
[2025-03-26T13:39:03.811+0000] {spark_submit.py:645} INFO - 25/03/26 13:39:03 INFO SparkEnv: Registering OutputCommitCoordinator
[2025-03-26T13:39:04.025+0000] {spark_submit.py:645} INFO - 25/03/26 13:39:04 INFO JettyUtils: Start Jetty 0.0.0.0:4040 for SparkUI
[2025-03-26T13:39:04.185+0000] {spark_submit.py:645} INFO - 25/03/26 13:39:04 INFO Utils: Successfully started service 'SparkUI' on port 4040.
[2025-03-26T13:39:04.234+0000] {spark_submit.py:645} INFO - 25/03/26 13:39:04 ERROR SparkContext: Failed to add file:/opt/spark_job/aws-java-sdk-bundle-1.12.262.jar to Spark environment
[2025-03-26T13:39:04.235+0000] {spark_submit.py:645} INFO - java.io.FileNotFoundException: Jar /opt/spark_job/aws-java-sdk-bundle-1.12.262.jar not found
[2025-03-26T13:39:04.235+0000] {spark_submit.py:645} INFO - at org.apache.spark.SparkContext.addLocalJarFile$1(SparkContext.scala:2095)
[2025-03-26T13:39:04.235+0000] {spark_submit.py:645} INFO - at org.apache.spark.SparkContext.addJar(SparkContext.scala:2151)
[2025-03-26T13:39:04.236+0000] {spark_submit.py:645} INFO - at org.apache.spark.SparkContext.$anonfun$new$15(SparkContext.scala:521)
[2025-03-26T13:39:04.236+0000] {spark_submit.py:645} INFO - at org.apache.spark.SparkContext.$anonfun$new$15$adapted(SparkContext.scala:521)
[2025-03-26T13:39:04.236+0000] {spark_submit.py:645} INFO - at scala.collection.mutable.ResizableArray.foreach(ResizableArray.scala:62)
[2025-03-26T13:39:04.237+0000] {spark_submit.py:645} INFO - at scala.collection.mutable.ResizableArray.foreach$(ResizableArray.scala:55)
[2025-03-26T13:39:04.237+0000] {spark_submit.py:645} INFO - at scala.collection.mutable.ArrayBuffer.foreach(ArrayBuffer.scala:49)
[2025-03-26T13:39:04.237+0000] {spark_submit.py:645} INFO - at org.apache.spark.SparkContext.<init>(SparkContext.scala:521)
[2025-03-26T13:39:04.237+0000] {spark_submit.py:645} INFO - at org.apache.spark.api.java.JavaSparkContext.<init>(JavaSparkContext.scala:58)
[2025-03-26T13:39:04.238+0000] {spark_submit.py:645} INFO - at java.base/jdk.internal.reflect.NativeConstructorAccessorImpl.newInstance0(Native Method)
[2025-03-26T13:39:04.238+0000] {spark_submit.py:645} INFO - at java.base/jdk.internal.reflect.NativeConstructorAccessorImpl.newInstance(NativeConstructorAccessorImpl.java:77)
[2025-03-26T13:39:04.238+0000] {spark_submit.py:645} INFO - at java.base/jdk.internal.reflect.DelegatingConstructorAccessorImpl.newInstance(DelegatingConstructorAccessorImpl.java:45)
[2025-03-26T13:39:04.239+0000] {spark_submit.py:645} INFO - at java.base/java.lang.reflect.Constructor.newInstanceWithCaller(Constructor.java:500)
[2025-03-26T13:39:04.239+0000] {spark_submit.py:645} INFO - at java.base/java.lang.reflect.Constructor.newInstance(Constructor.java:481)
[2025-03-26T13:39:04.239+0000] {spark_submit.py:645} INFO - at py4j.reflection.MethodInvoker.invoke(MethodInvoker.java:247)
[2025-03-26T13:39:04.240+0000] {spark_submit.py:645} INFO - at py4j.reflection.ReflectionEngine.invoke(ReflectionEngine.java:374)
[2025-03-26T13:39:04.240+0000] {spark_submit.py:645} INFO - at py4j.Gateway.invoke(Gateway.java:238)
[2025-03-26T13:39:04.240+0000] {spark_submit.py:645} INFO - at py4j.commands.ConstructorCommand.invokeConstructor(ConstructorCommand.java:80)
[2025-03-26T13:39:04.240+0000] {spark_submit.py:645} INFO - at py4j.commands.ConstructorCommand.execute(ConstructorCommand.java:69)
[2025-03-26T13:39:04.241+0000] {spark_submit.py:645} INFO - at py4j.ClientServerConnection.waitForCommands(ClientServerConnection.java:182)
[2025-03-26T13:39:04.241+0000] {spark_submit.py:645} INFO - at py4j.ClientServerConnection.run(ClientServerConnection.java:106)
[2025-03-26T13:39:04.241+0000] {spark_submit.py:645} INFO - at java.base/java.lang.Thread.run(Thread.java:840)
[2025-03-26T13:39:04.242+0000] {spark_submit.py:645} INFO - 25/03/26 13:39:04 ERROR SparkContext: Failed to add file:/opt/spark_job/jars/hadoop-aws-3.3.4.jar to Spark environment
[2025-03-26T13:39:04.242+0000] {spark_submit.py:645} INFO - java.io.FileNotFoundException: Jar /opt/spark_job/jars/hadoop-aws-3.3.4.jar not found
[2025-03-26T13:39:04.242+0000] {spark_submit.py:645} INFO - at org.apache.spark.SparkContext.addLocalJarFile$1(SparkContext.scala:2095)
[2025-03-26T13:39:04.242+0000] {spark_submit.py:645} INFO - at org.apache.spark.SparkContext.addJar(SparkContext.scala:2151)
[2025-03-26T13:39:04.243+0000] {spark_submit.py:645} INFO - at org.apache.spark.SparkContext.$anonfun$new$15(SparkContext.scala:521)
[2025-03-26T13:39:04.243+0000] {spark_submit.py:645} INFO - at org.apache.spark.SparkContext.$anonfun$new$15$adapted(SparkContext.scala:521)
[2025-03-26T13:39:04.243+0000] {spark_submit.py:645} INFO - at scala.collection.mutable.ResizableArray.foreach(ResizableArray.scala:62)
[2025-03-26T13:39:04.243+0000] {spark_submit.py:645} INFO - at scala.collection.mutable.ResizableArray.foreach$(ResizableArray.scala:55)
[2025-03-26T13:39:04.244+0000] {spark_submit.py:645} INFO - at scala.collection.mutable.ArrayBuffer.foreach(ArrayBuffer.scala:49)
[2025-03-26T13:39:04.244+0000] {spark_submit.py:645} INFO - at org.apache.spark.SparkContext.<init>(SparkContext.scala:521)
[2025-03-26T13:39:04.244+0000] {spark_submit.py:645} INFO - at org.apache.spark.api.java.JavaSparkContext.<init>(JavaSparkContext.scala:58)
[2025-03-26T13:39:04.245+0000] {spark_submit.py:645} INFO - at java.base/jdk.internal.reflect.NativeConstructorAccessorImpl.newInstance0(Native Method)
[2025-03-26T13:39:04.245+0000] {spark_submit.py:645} INFO - at java.base/jdk.internal.reflect.NativeConstructorAccessorImpl.newInstance(NativeConstructorAccessorImpl.java:77)
[2025-03-26T13:39:04.245+0000] {spark_submit.py:645} INFO - at java.base/jdk.internal.reflect.DelegatingConstructorAccessorImpl.newInstance(DelegatingConstructorAccessorImpl.java:45)
[2025-03-26T13:39:04.246+0000] {spark_submit.py:645} INFO - at java.base/java.lang.reflect.Constructor.newInstanceWithCaller(Constructor.java:500)
[2025-03-26T13:39:04.246+0000] {spark_submit.py:645} INFO - at java.base/java.lang.reflect.Constructor.newInstance(Constructor.java:481)
[2025-03-26T13:39:04.246+0000] {spark_submit.py:645} INFO - at py4j.reflection.MethodInvoker.invoke(MethodInvoker.java:247)
[2025-03-26T13:39:04.246+0000] {spark_submit.py:645} INFO - at py4j.reflection.ReflectionEngine.invoke(ReflectionEngine.java:374)
[2025-03-26T13:39:04.247+0000] {spark_submit.py:645} INFO - at py4j.Gateway.invoke(Gateway.java:238)
[2025-03-26T13:39:04.247+0000] {spark_submit.py:645} INFO - at py4j.commands.ConstructorCommand.invokeConstructor(ConstructorCommand.java:80)
[2025-03-26T13:39:04.247+0000] {spark_submit.py:645} INFO - at py4j.commands.ConstructorCommand.execute(ConstructorCommand.java:69)
[2025-03-26T13:39:04.248+0000] {spark_submit.py:645} INFO - at py4j.ClientServerConnection.waitForCommands(ClientServerConnection.java:182)
[2025-03-26T13:39:04.248+0000] {spark_submit.py:645} INFO - at py4j.ClientServerConnection.run(ClientServerConnection.java:106)
[2025-03-26T13:39:04.248+0000] {spark_submit.py:645} INFO - at java.base/java.lang.Thread.run(Thread.java:840)
[2025-03-26T13:39:04.427+0000] {spark_submit.py:645} INFO - 25/03/26 13:39:04 ERROR SparkContext: Error initializing SparkContext.
[2025-03-26T13:39:04.443+0000] {spark_submit.py:645} INFO - org.apache.spark.SparkException: Invalid master URL: spark://spark-master:7077:7077
[2025-03-26T13:39:04.445+0000] {spark_submit.py:645} INFO - at org.apache.spark.util.Utils$.extractHostPortFromSparkUrl(Utils.scala:2401)
[2025-03-26T13:39:04.446+0000] {spark_submit.py:645} INFO - at org.apache.spark.rpc.RpcAddress$.fromSparkURL(RpcAddress.scala:54)
[2025-03-26T13:39:04.446+0000] {spark_submit.py:645} INFO - at org.apache.spark.deploy.client.StandaloneAppClient.$anonfun$masterRpcAddresses$1(StandaloneAppClient.scala:54)
[2025-03-26T13:39:04.447+0000] {spark_submit.py:645} INFO - at scala.collection.TraversableLike.$anonfun$map$1(TraversableLike.scala:286)
[2025-03-26T13:39:04.448+0000] {spark_submit.py:645} INFO - at scala.collection.IndexedSeqOptimized.foreach(IndexedSeqOptimized.scala:36)
[2025-03-26T13:39:04.449+0000] {spark_submit.py:645} INFO - at scala.collection.IndexedSeqOptimized.foreach$(IndexedSeqOptimized.scala:33)
[2025-03-26T13:39:04.450+0000] {spark_submit.py:645} INFO - at scala.collection.mutable.ArrayOps$ofRef.foreach(ArrayOps.scala:198)
[2025-03-26T13:39:04.451+0000] {spark_submit.py:645} INFO - at scala.collection.TraversableLike.map(TraversableLike.scala:286)
[2025-03-26T13:39:04.452+0000] {spark_submit.py:645} INFO - at scala.collection.TraversableLike.map$(TraversableLike.scala:279)
[2025-03-26T13:39:04.452+0000] {spark_submit.py:645} INFO - at scala.collection.mutable.ArrayOps$ofRef.map(ArrayOps.scala:198)
[2025-03-26T13:39:04.454+0000] {spark_submit.py:645} INFO - at org.apache.spark.deploy.client.StandaloneAppClient.<init>(StandaloneAppClient.scala:54)
[2025-03-26T13:39:04.455+0000] {spark_submit.py:645} INFO - at org.apache.spark.scheduler.cluster.StandaloneSchedulerBackend.start(StandaloneSchedulerBackend.scala:134)
[2025-03-26T13:39:04.456+0000] {spark_submit.py:645} INFO - at org.apache.spark.scheduler.TaskSchedulerImpl.start(TaskSchedulerImpl.scala:235)
[2025-03-26T13:39:04.456+0000] {spark_submit.py:645} INFO - at org.apache.spark.SparkContext.<init>(SparkContext.scala:599)
[2025-03-26T13:39:04.457+0000] {spark_submit.py:645} INFO - at org.apache.spark.api.java.JavaSparkContext.<init>(JavaSparkContext.scala:58)
[2025-03-26T13:39:04.457+0000] {spark_submit.py:645} INFO - at java.base/jdk.internal.reflect.NativeConstructorAccessorImpl.newInstance0(Native Method)
[2025-03-26T13:39:04.458+0000] {spark_submit.py:645} INFO - at java.base/jdk.internal.reflect.NativeConstructorAccessorImpl.newInstance(NativeConstructorAccessorImpl.java:77)
[2025-03-26T13:39:04.458+0000] {spark_submit.py:645} INFO - at java.base/jdk.internal.reflect.DelegatingConstructorAccessorImpl.newInstance(DelegatingConstructorAccessorImpl.java:45)
[2025-03-26T13:39:04.459+0000] {spark_submit.py:645} INFO - at java.base/java.lang.reflect.Constructor.newInstanceWithCaller(Constructor.java:500)
[2025-03-26T13:39:04.459+0000] {spark_submit.py:645} INFO - at java.base/java.lang.reflect.Constructor.newInstance(Constructor.java:481)
[2025-03-26T13:39:04.460+0000] {spark_submit.py:645} INFO - at py4j.reflection.MethodInvoker.invoke(MethodInvoker.java:247)
[2025-03-26T13:39:04.460+0000] {spark_submit.py:645} INFO - at py4j.reflection.ReflectionEngine.invoke(ReflectionEngine.java:374)
[2025-03-26T13:39:04.461+0000] {spark_submit.py:645} INFO - at py4j.Gateway.invoke(Gateway.java:238)
[2025-03-26T13:39:04.461+0000] {spark_submit.py:645} INFO - at py4j.commands.ConstructorCommand.invokeConstructor(ConstructorCommand.java:80)
[2025-03-26T13:39:04.462+0000] {spark_submit.py:645} INFO - at py4j.commands.ConstructorCommand.execute(ConstructorCommand.java:69)
[2025-03-26T13:39:04.462+0000] {spark_submit.py:645} INFO - at py4j.ClientServerConnection.waitForCommands(ClientServerConnection.java:182)
[2025-03-26T13:39:04.463+0000] {spark_submit.py:645} INFO - at py4j.ClientServerConnection.run(ClientServerConnection.java:106)
[2025-03-26T13:39:04.463+0000] {spark_submit.py:645} INFO - at java.base/java.lang.Thread.run(Thread.java:840)
[2025-03-26T13:39:04.464+0000] {spark_submit.py:645} INFO - 25/03/26 13:39:04 INFO SparkContext: SparkContext is stopping with exitCode 0.
[2025-03-26T13:39:04.481+0000] {spark_submit.py:645} INFO - 25/03/26 13:39:04 INFO SparkUI: Stopped Spark web UI at http://9d8a997eda77:4040
[2025-03-26T13:39:04.499+0000] {spark_submit.py:645} INFO - 25/03/26 13:39:04 INFO StandaloneSchedulerBackend: Shutting down all executors
[2025-03-26T13:39:04.521+0000] {spark_submit.py:645} INFO - 25/03/26 13:39:04 INFO StandaloneSchedulerBackend$StandaloneDriverEndpoint: Asking each executor to shut down
[2025-03-26T13:39:04.610+0000] {spark_submit.py:645} INFO - 25/03/26 13:39:04 INFO MapOutputTrackerMasterEndpoint: MapOutputTrackerMasterEndpoint stopped!
[2025-03-26T13:39:04.652+0000] {spark_submit.py:645} INFO - 25/03/26 13:39:04 INFO MemoryStore: MemoryStore cleared
[2025-03-26T13:39:04.663+0000] {spark_submit.py:645} INFO - 25/03/26 13:39:04 INFO BlockManager: BlockManager stopped
[2025-03-26T13:39:04.678+0000] {spark_submit.py:645} INFO - 25/03/26 13:39:04 INFO BlockManagerMaster: BlockManagerMaster stopped
[2025-03-26T13:39:04.680+0000] {spark_submit.py:645} INFO - 25/03/26 13:39:04 WARN MetricsSystem: Stopping a MetricsSystem that is not running
[2025-03-26T13:39:04.687+0000] {spark_submit.py:645} INFO - 25/03/26 13:39:04 INFO OutputCommitCoordinator$OutputCommitCoordinatorEndpoint: OutputCommitCoordinator stopped!
[2025-03-26T13:39:04.704+0000] {spark_submit.py:645} INFO - 25/03/26 13:39:04 INFO SparkContext: Successfully stopped SparkContext
[2025-03-26T13:39:04.708+0000] {spark_submit.py:645} INFO - Traceback (most recent call last):
[2025-03-26T13:39:04.709+0000] {spark_submit.py:645} INFO - File "/spark_job/data_transformation.py", line 37, in <module>
[2025-03-26T13:39:04.712+0000] {spark_submit.py:645} INFO - spark = create_spark_session()
[2025-03-26T13:39:04.715+0000] {spark_submit.py:645} INFO - ^^^^^^^^^^^^^^^^^^^^^^
[2025-03-26T13:39:04.718+0000] {spark_submit.py:645} INFO - File "/spark_job/data_transformation.py", line 13, in create_spark_session
[2025-03-26T13:39:04.731+0000] {spark_submit.py:645} INFO - .getOrCreate()
[2025-03-26T13:39:04.732+0000] {spark_submit.py:645} INFO - ^^^^^^^^^^^^^
[2025-03-26T13:39:04.733+0000] {spark_submit.py:645} INFO - File "/home/***/.local/lib/python3.11/site-packages/pyspark/python/lib/pyspark.zip/pyspark/sql/session.py", line 497, in getOrCreate
[2025-03-26T13:39:04.744+0000] {spark_submit.py:645} INFO - File "/home/***/.local/lib/python3.11/site-packages/pyspark/python/lib/pyspark.zip/pyspark/context.py", line 515, in getOrCreate
[2025-03-26T13:39:04.745+0000] {spark_submit.py:645} INFO - File "/home/***/.local/lib/python3.11/site-packages/pyspark/python/lib/pyspark.zip/pyspark/context.py", line 203, in __init__
[2025-03-26T13:39:04.746+0000] {spark_submit.py:645} INFO - File "/home/***/.local/lib/python3.11/site-packages/pyspark/python/lib/pyspark.zip/pyspark/context.py", line 296, in _do_init
[2025-03-26T13:39:04.746+0000] {spark_submit.py:645} INFO - File "/home/***/.local/lib/python3.11/site-packages/pyspark/python/lib/pyspark.zip/pyspark/context.py", line 421, in _initialize_context
[2025-03-26T13:39:04.747+0000] {spark_submit.py:645} INFO - File "/home/***/.local/lib/python3.11/site-packages/pyspark/python/lib/py4j-0.10.9.7-src.zip/py4j/java_gateway.py", line 1587, in __call__
[2025-03-26T13:39:04.748+0000] {spark_submit.py:645} INFO - File "/home/***/.local/lib/python3.11/site-packages/pyspark/python/lib/py4j-0.10.9.7-src.zip/py4j/protocol.py", line 326, in get_return_value
[2025-03-26T13:39:04.749+0000] {spark_submit.py:645} INFO - py4j.protocol.Py4JJavaError: An error occurred while calling None.org.apache.spark.api.java.JavaSparkContext.
[2025-03-26T13:39:04.752+0000] {spark_submit.py:645} INFO - : org.apache.spark.SparkException: Invalid master URL: spark://spark-master:7077:7077
[2025-03-26T13:39:04.753+0000] {spark_submit.py:645} INFO - at org.apache.spark.util.Utils$.extractHostPortFromSparkUrl(Utils.scala:2401)
[2025-03-26T13:39:04.754+0000] {spark_submit.py:645} INFO - at org.apache.spark.rpc.RpcAddress$.fromSparkURL(RpcAddress.scala:54)
[2025-03-26T13:39:04.755+0000] {spark_submit.py:645} INFO - at org.apache.spark.deploy.client.StandaloneAppClient.$anonfun$masterRpcAddresses$1(StandaloneAppClient.scala:54)
[2025-03-26T13:39:04.756+0000] {spark_submit.py:645} INFO - at scala.collection.TraversableLike.$anonfun$map$1(TraversableLike.scala:286)
[2025-03-26T13:39:04.757+0000] {spark_submit.py:645} INFO - at scala.collection.IndexedSeqOptimized.foreach(IndexedSeqOptimized.scala:36)
[2025-03-26T13:39:04.757+0000] {spark_submit.py:645} INFO - at scala.collection.IndexedSeqOptimized.foreach$(IndexedSeqOptimized.scala:33)
[2025-03-26T13:39:04.758+0000] {spark_submit.py:645} INFO - at scala.collection.mutable.ArrayOps$ofRef.foreach(ArrayOps.scala:198)
[2025-03-26T13:39:04.758+0000] {spark_submit.py:645} INFO - at scala.collection.TraversableLike.map(TraversableLike.scala:286)
[2025-03-26T13:39:04.759+0000] {spark_submit.py:645} INFO - at scala.collection.TraversableLike.map$(TraversableLike.scala:279)
[2025-03-26T13:39:04.759+0000] {spark_submit.py:645} INFO - at scala.collection.mutable.ArrayOps$ofRef.map(ArrayOps.scala:198)
[2025-03-26T13:39:04.760+0000] {spark_submit.py:645} INFO - at org.apache.spark.deploy.client.StandaloneAppClient.<init>(StandaloneAppClient.scala:54)
[2025-03-26T13:39:04.760+0000] {spark_submit.py:645} INFO - at org.apache.spark.scheduler.cluster.StandaloneSchedulerBackend.start(StandaloneSchedulerBackend.scala:134)
[2025-03-26T13:39:04.760+0000] {spark_submit.py:645} INFO - at org.apache.spark.scheduler.TaskSchedulerImpl.start(TaskSchedulerImpl.scala:235)
[2025-03-26T13:39:04.761+0000] {spark_submit.py:645} INFO - at org.apache.spark.SparkContext.<init>(SparkContext.scala:599)
[2025-03-26T13:39:04.761+0000] {spark_submit.py:645} INFO - at org.apache.spark.api.java.JavaSparkContext.<init>(JavaSparkContext.scala:58)
[2025-03-26T13:39:04.762+0000] {spark_submit.py:645} INFO - at java.base/jdk.internal.reflect.NativeConstructorAccessorImpl.newInstance0(Native Method)
[2025-03-26T13:39:04.762+0000] {spark_submit.py:645} INFO - at java.base/jdk.internal.reflect.NativeConstructorAccessorImpl.newInstance(NativeConstructorAccessorImpl.java:77)
[2025-03-26T13:39:04.762+0000] {spark_submit.py:645} INFO - at java.base/jdk.internal.reflect.DelegatingConstructorAccessorImpl.newInstance(DelegatingConstructorAccessorImpl.java:45)
[2025-03-26T13:39:04.763+0000] {spark_submit.py:645} INFO - at java.base/java.lang.reflect.Constructor.newInstanceWithCaller(Constructor.java:500)
[2025-03-26T13:39:04.763+0000] {spark_submit.py:645} INFO - at java.base/java.lang.reflect.Constructor.newInstance(Constructor.java:481)
[2025-03-26T13:39:04.764+0000] {spark_submit.py:645} INFO - at py4j.reflection.MethodInvoker.invoke(MethodInvoker.java:247)
[2025-03-26T13:39:04.764+0000] {spark_submit.py:645} INFO - at py4j.reflection.ReflectionEngine.invoke(ReflectionEngine.java:374)
[2025-03-26T13:39:04.765+0000] {spark_submit.py:645} INFO - at py4j.Gateway.invoke(Gateway.java:238)
[2025-03-26T13:39:04.765+0000] {spark_submit.py:645} INFO - at py4j.commands.ConstructorCommand.invokeConstructor(ConstructorCommand.java:80)
[2025-03-26T13:39:04.766+0000] {spark_submit.py:645} INFO - at py4j.commands.ConstructorCommand.execute(ConstructorCommand.java:69)
[2025-03-26T13:39:04.768+0000] {spark_submit.py:645} INFO - at py4j.ClientServerConnection.waitForCommands(ClientServerConnection.java:182)
[2025-03-26T13:39:04.770+0000] {spark_submit.py:645} INFO - at py4j.ClientServerConnection.run(ClientServerConnection.java:106)
[2025-03-26T13:39:04.771+0000] {spark_submit.py:645} INFO - at java.base/java.lang.Thread.run(Thread.java:840)
[2025-03-26T13:39:04.772+0000] {spark_submit.py:645} INFO - 
[2025-03-26T13:39:04.898+0000] {spark_submit.py:645} INFO - 25/03/26 13:39:04 INFO ShutdownHookManager: Shutdown hook called
[2025-03-26T13:39:04.899+0000] {spark_submit.py:645} INFO - 25/03/26 13:39:04 INFO ShutdownHookManager: Deleting directory /tmp/spark-883a0158-7523-4169-bc82-b504937e0666
[2025-03-26T13:39:04.906+0000] {spark_submit.py:645} INFO - 25/03/26 13:39:04 INFO ShutdownHookManager: Deleting directory /tmp/spark-ba82676a-c18c-49d7-ad4e-a53f9ffe8bed
[2025-03-26T13:39:04.959+0000] {taskinstance.py:441} INFO - ::group::Post task execution logs
[2025-03-26T13:39:04.974+0000] {taskinstance.py:2905} ERROR - Task failed with exception
Traceback (most recent call last):
  File "/home/airflow/.local/lib/python3.11/site-packages/airflow/models/taskinstance.py", line 465, in _execute_task
    result = _execute_callable(context=context, **execute_callable_kwargs)
             ^^^^^^^^^^^^^^^^^^^^^^^^^^^^^^^^^^^^^^^^^^^^^^^^^^^^^^^^^^^^^
  File "/home/airflow/.local/lib/python3.11/site-packages/airflow/models/taskinstance.py", line 432, in _execute_callable
    return execute_callable(context=context, **execute_callable_kwargs)
           ^^^^^^^^^^^^^^^^^^^^^^^^^^^^^^^^^^^^^^^^^^^^^^^^^^^^^^^^^^^^
  File "/home/airflow/.local/lib/python3.11/site-packages/airflow/models/baseoperator.py", line 401, in wrapper
    return func(self, *args, **kwargs)
           ^^^^^^^^^^^^^^^^^^^^^^^^^^^
  File "/home/airflow/.local/lib/python3.11/site-packages/airflow/operators/python.py", line 235, in execute
    return_value = self.execute_callable()
                   ^^^^^^^^^^^^^^^^^^^^^^^
  File "/home/airflow/.local/lib/python3.11/site-packages/airflow/operators/python.py", line 252, in execute_callable
    return self.python_callable(*self.op_args, **self.op_kwargs)
           ^^^^^^^^^^^^^^^^^^^^^^^^^^^^^^^^^^^^^^^^^^^^^^^^^^^^^
  File "/opt/airflow/dags/etl_pipeline.py", line 95, in spark_dtransformation
    ).execute(kwargs)
      ^^^^^^^^^^^^^^^
  File "/home/airflow/.local/lib/python3.11/site-packages/airflow/models/baseoperator.py", line 401, in wrapper
    return func(self, *args, **kwargs)
           ^^^^^^^^^^^^^^^^^^^^^^^^^^^
  File "/home/airflow/.local/lib/python3.11/site-packages/airflow/providers/apache/spark/operators/spark_submit.py", line 177, in execute
    self._hook.submit(self.application)
  File "/home/airflow/.local/lib/python3.11/site-packages/airflow/providers/apache/spark/hooks/spark_submit.py", line 567, in submit
    raise AirflowException(
airflow.exceptions.AirflowException: Cannot execute: spark-submit --master spark://spark-master:7077:7077 --conf spark.executor.memory=2g --conf spark.executor.cores=2 --conf spark.jars=/opt/spark_job/aws-java-sdk-bundle-1.12.262.jar,/opt/spark_job/jars/hadoop-aws-3.3.4.jar --conf spark.hadoop.fs.s3a.endpoint=http://minio:9000 --conf spark.hadoop.fs.s3a.access.key=admin --conf spark.hadoop.fs.s3a.secret.key=****** --conf spark.hadoop.fs.s3a.impl=org.apache.hadoop.fs.s3a.S3AFileSystem --conf spark.hadoop.fs.s3a.path.style.access=true --name arrow-spark --verbose --deploy-mode client /spark_job/data_transformation.py s3://raw/playlist_20250326_133348.json. Error code is: 1.
[2025-03-26T13:39:05.110+0000] {taskinstance.py:1206} INFO - Marking task as UP_FOR_RETRY. dag_id=etl_pipeline, task_id=transformation, run_id=manual__2025-03-26T13:33:39.761724+00:00, execution_date=20250326T133339, start_date=20250326T133856, end_date=20250326T133905
[2025-03-26T13:39:05.167+0000] {standard_task_runner.py:110} ERROR - Failed to execute job 5 for task transformation (Cannot execute: spark-submit --master spark://spark-master:7077:7077 --conf spark.executor.memory=2g --conf spark.executor.cores=2 --conf spark.jars=/opt/spark_job/aws-java-sdk-bundle-1.12.262.jar,/opt/spark_job/jars/hadoop-aws-3.3.4.jar --conf spark.hadoop.fs.s3a.endpoint=http://minio:9000 --conf spark.hadoop.fs.s3a.access.key=admin --conf spark.hadoop.fs.s3a.secret.key=****** --conf spark.hadoop.fs.s3a.impl=org.apache.hadoop.fs.s3a.S3AFileSystem --conf spark.hadoop.fs.s3a.path.style.access=true --name arrow-spark --verbose --deploy-mode client /spark_job/data_transformation.py s3://raw/playlist_20250326_133348.json. Error code is: 1.; 519)
[2025-03-26T13:39:05.187+0000] {local_task_job_runner.py:240} INFO - Task exited with return code 1
[2025-03-26T13:39:05.224+0000] {taskinstance.py:3503} INFO - 0 downstream tasks scheduled from follow-on schedule check
[2025-03-26T13:39:05.263+0000] {local_task_job_runner.py:222} INFO - ::endgroup::
