[2025-03-26T13:33:50.369+0000] {local_task_job_runner.py:120} INFO - ::group::Pre task execution logs
[2025-03-26T13:33:50.402+0000] {taskinstance.py:2076} INFO - Dependencies all met for dep_context=non-requeueable deps ti=<TaskInstance: etl_pipeline.transformation manual__2025-03-26T13:33:39.761724+00:00 [queued]>
[2025-03-26T13:33:50.411+0000] {taskinstance.py:2076} INFO - Dependencies all met for dep_context=requeueable deps ti=<TaskInstance: etl_pipeline.transformation manual__2025-03-26T13:33:39.761724+00:00 [queued]>
[2025-03-26T13:33:50.412+0000] {taskinstance.py:2306} INFO - Starting attempt 1 of 2
[2025-03-26T13:33:50.450+0000] {taskinstance.py:2330} INFO - Executing <Task(PythonOperator): transformation> on 2025-03-26 13:33:39.761724+00:00
[2025-03-26T13:33:50.456+0000] {standard_task_runner.py:63} INFO - Started process 352 to run task
[2025-03-26T13:33:50.458+0000] {standard_task_runner.py:90} INFO - Running: ['***', 'tasks', 'run', 'etl_pipeline', 'transformation', 'manual__2025-03-26T13:33:39.761724+00:00', '--job-id', '4', '--raw', '--subdir', 'DAGS_FOLDER/etl_pipeline.py', '--cfg-path', '/tmp/tmp_r6gat3i']
[2025-03-26T13:33:50.461+0000] {standard_task_runner.py:91} INFO - Job 4: Subtask transformation
[2025-03-26T13:33:50.535+0000] {task_command.py:426} INFO - Running <TaskInstance: etl_pipeline.transformation manual__2025-03-26T13:33:39.761724+00:00 [running]> on host 9d8a997eda77
[2025-03-26T13:33:50.687+0000] {taskinstance.py:2648} INFO - Exporting env vars: AIRFLOW_CTX_DAG_OWNER='lobobranco' AIRFLOW_CTX_DAG_ID='etl_pipeline' AIRFLOW_CTX_TASK_ID='transformation' AIRFLOW_CTX_EXECUTION_DATE='2025-03-26T13:33:39.761724+00:00' AIRFLOW_CTX_TRY_NUMBER='1' AIRFLOW_CTX_DAG_RUN_ID='manual__2025-03-26T13:33:39.761724+00:00'
[2025-03-26T13:33:50.688+0000] {taskinstance.py:430} INFO - ::endgroup::
[2025-03-26T13:33:50.721+0000] {etl_pipeline.py:76} INFO - Transforming data from file: s3://raw/playlist_20250326_133348.json
[2025-03-26T13:33:50.722+0000] {baseoperator.py:400} WARNING - SparkSubmitOperator.execute cannot be called outside TaskInstance!
[2025-03-26T13:33:50.736+0000] {base.py:84} INFO - Using connection ID 'spark_default' for task execution.
[2025-03-26T13:33:50.737+0000] {spark_submit.py:328} ERROR - Failed to decode base64 keytab: Incorrect padding
[2025-03-26T13:33:50.738+0000] {spark_submit.py:305} INFO - Could not load connection string spark_default, defaulting to spark://spark-master:7077:7077
[2025-03-26T13:33:50.739+0000] {spark_submit.py:474} INFO - Spark-Submit cmd: spark-submit --master spark://spark-master:7077:7077 --conf spark.executor.memory=2g --conf spark.executor.cores=2 --conf spark.jars=/opt/spark_job/aws-java-sdk-bundle-1.12.262.jar,/opt/spark_job/jars/hadoop-aws-3.3.4.jar --conf spark.hadoop.fs.s3a.endpoint=http://minio:9000 --conf spark.hadoop.fs.s3a.access.key=admin --conf spark.hadoop.fs.s3a.secret.key=****** --conf spark.hadoop.fs.s3a.impl=org.apache.hadoop.fs.s3a.S3AFileSystem --conf spark.hadoop.fs.s3a.path.style.access=true --name arrow-spark --verbose --deploy-mode client /spark_job/data_transformation.py s3://raw/playlist_20250326_133348.json
[2025-03-26T13:33:50.948+0000] {spark_submit.py:645} INFO - /home/***/.local/lib/python3.11/site-packages/pyspark/bin/load-spark-env.sh: line 68: ps: command not found
[2025-03-26T13:34:02.856+0000] {spark_submit.py:645} INFO - Using properties file: null
[2025-03-26T13:34:03.065+0000] {spark_submit.py:645} INFO - Parsed arguments:
[2025-03-26T13:34:03.066+0000] {spark_submit.py:645} INFO - master                  spark://spark-master:7077:7077
[2025-03-26T13:34:03.067+0000] {spark_submit.py:645} INFO - remote                  null
[2025-03-26T13:34:03.067+0000] {spark_submit.py:645} INFO - deployMode              client
[2025-03-26T13:34:03.068+0000] {spark_submit.py:645} INFO - executorMemory          2g
[2025-03-26T13:34:03.068+0000] {spark_submit.py:645} INFO - executorCores           2
[2025-03-26T13:34:03.069+0000] {spark_submit.py:645} INFO - totalExecutorCores      null
[2025-03-26T13:34:03.069+0000] {spark_submit.py:645} INFO - propertiesFile          null
[2025-03-26T13:34:03.070+0000] {spark_submit.py:645} INFO - driverMemory            null
[2025-03-26T13:34:03.070+0000] {spark_submit.py:645} INFO - driverCores             null
[2025-03-26T13:34:03.071+0000] {spark_submit.py:645} INFO - driverExtraClassPath    null
[2025-03-26T13:34:03.071+0000] {spark_submit.py:645} INFO - driverExtraLibraryPath  null
[2025-03-26T13:34:03.072+0000] {spark_submit.py:645} INFO - driverExtraJavaOptions  null
[2025-03-26T13:34:03.072+0000] {spark_submit.py:645} INFO - supervise               false
[2025-03-26T13:34:03.073+0000] {spark_submit.py:645} INFO - queue                   null
[2025-03-26T13:34:03.073+0000] {spark_submit.py:645} INFO - numExecutors            null
[2025-03-26T13:34:03.074+0000] {spark_submit.py:645} INFO - files                   null
[2025-03-26T13:34:03.075+0000] {spark_submit.py:645} INFO - pyFiles                 null
[2025-03-26T13:34:03.076+0000] {spark_submit.py:645} INFO - archives                null
[2025-03-26T13:34:03.076+0000] {spark_submit.py:645} INFO - mainClass               null
[2025-03-26T13:34:03.077+0000] {spark_submit.py:645} INFO - primaryResource         file:/spark_job/data_transformation.py
[2025-03-26T13:34:03.077+0000] {spark_submit.py:645} INFO - name                    arrow-spark
[2025-03-26T13:34:03.078+0000] {spark_submit.py:645} INFO - childArgs               [s3://raw/playlist_20250326_133348.json]
[2025-03-26T13:34:03.078+0000] {spark_submit.py:645} INFO - jars                    /opt/spark_job/aws-java-sdk-bundle-1.12.262.jar,/opt/spark_job/jars/hadoop-aws-3.3.4.jar
[2025-03-26T13:34:03.079+0000] {spark_submit.py:645} INFO - packages                null
[2025-03-26T13:34:03.079+0000] {spark_submit.py:645} INFO - packagesExclusions      null
[2025-03-26T13:34:03.080+0000] {spark_submit.py:645} INFO - repositories            null
[2025-03-26T13:34:03.080+0000] {spark_submit.py:645} INFO - verbose                 true
[2025-03-26T13:34:03.081+0000] {spark_submit.py:645} INFO - 
[2025-03-26T13:34:03.082+0000] {spark_submit.py:645} INFO - Spark properties used, including those specified through
[2025-03-26T13:34:03.082+0000] {spark_submit.py:645} INFO - --conf and those from the properties file null:
[2025-03-26T13:34:03.083+0000] {spark_submit.py:645} INFO - (spark.executor.cores,2)
[2025-03-26T13:34:03.084+0000] {spark_submit.py:645} INFO - (spark.executor.memory,2g)
[2025-03-26T13:34:03.084+0000] {spark_submit.py:645} INFO - (spark.hadoop.fs.s3a.access.key,*********(redacted))
[2025-03-26T13:34:03.085+0000] {spark_submit.py:645} INFO - (spark.hadoop.fs.s3a.endpoint,http://minio:9000)
[2025-03-26T13:34:03.085+0000] {spark_submit.py:645} INFO - (spark.hadoop.fs.s3a.impl,org.apache.hadoop.fs.s3a.S3AFileSystem)
[2025-03-26T13:34:03.085+0000] {spark_submit.py:645} INFO - (spark.hadoop.fs.s3a.path.style.access,true)
[2025-03-26T13:34:03.086+0000] {spark_submit.py:645} INFO - (spark.hadoop.fs.s3a.secret.key,*********(redacted))
[2025-03-26T13:34:03.087+0000] {spark_submit.py:645} INFO - (spark.jars,/opt/spark_job/aws-java-sdk-bundle-1.12.262.jar,/opt/spark_job/jars/hadoop-aws-3.3.4.jar)
[2025-03-26T13:34:03.087+0000] {spark_submit.py:645} INFO - 
[2025-03-26T13:34:03.088+0000] {spark_submit.py:645} INFO - 
[2025-03-26T13:34:04.267+0000] {spark_submit.py:645} INFO - 25/03/26 13:34:04 WARN NativeCodeLoader: Unable to load native-hadoop library for your platform... using builtin-java classes where applicable
[2025-03-26T13:34:04.944+0000] {spark_submit.py:645} INFO - Main class:
[2025-03-26T13:34:04.945+0000] {spark_submit.py:645} INFO - org.apache.spark.deploy.PythonRunner
[2025-03-26T13:34:04.946+0000] {spark_submit.py:645} INFO - Arguments:
[2025-03-26T13:34:04.946+0000] {spark_submit.py:645} INFO - file:/spark_job/data_transformation.py
[2025-03-26T13:34:04.947+0000] {spark_submit.py:645} INFO - null
[2025-03-26T13:34:04.947+0000] {spark_submit.py:645} INFO - s3://raw/playlist_20250326_133348.json
[2025-03-26T13:34:04.949+0000] {spark_submit.py:645} INFO - Spark config:
[2025-03-26T13:34:04.949+0000] {spark_submit.py:645} INFO - (spark.app.name,arrow-spark)
[2025-03-26T13:34:04.950+0000] {spark_submit.py:645} INFO - (spark.app.submitTime,1742996044916)
[2025-03-26T13:34:04.951+0000] {spark_submit.py:645} INFO - (spark.executor.cores,2)
[2025-03-26T13:34:04.951+0000] {spark_submit.py:645} INFO - (spark.executor.memory,2g)
[2025-03-26T13:34:04.952+0000] {spark_submit.py:645} INFO - (spark.hadoop.fs.s3a.access.key,*********(redacted))
[2025-03-26T13:34:04.952+0000] {spark_submit.py:645} INFO - (spark.hadoop.fs.s3a.endpoint,http://minio:9000)
[2025-03-26T13:34:04.952+0000] {spark_submit.py:645} INFO - (spark.hadoop.fs.s3a.impl,org.apache.hadoop.fs.s3a.S3AFileSystem)
[2025-03-26T13:34:04.953+0000] {spark_submit.py:645} INFO - (spark.hadoop.fs.s3a.path.style.access,true)
[2025-03-26T13:34:04.954+0000] {spark_submit.py:645} INFO - (spark.hadoop.fs.s3a.secret.key,*********(redacted))
[2025-03-26T13:34:04.955+0000] {spark_submit.py:645} INFO - (spark.jars,file:/opt/spark_job/aws-java-sdk-bundle-1.12.262.jar,file:/opt/spark_job/jars/hadoop-aws-3.3.4.jar)
[2025-03-26T13:34:04.955+0000] {spark_submit.py:645} INFO - (spark.master,spark://spark-master:7077:7077)
[2025-03-26T13:34:04.956+0000] {spark_submit.py:645} INFO - (spark.repl.local.jars,file:/opt/spark_job/aws-java-sdk-bundle-1.12.262.jar,file:/opt/spark_job/jars/hadoop-aws-3.3.4.jar)
[2025-03-26T13:34:04.956+0000] {spark_submit.py:645} INFO - (spark.submit.deployMode,client)
[2025-03-26T13:34:04.957+0000] {spark_submit.py:645} INFO - (spark.submit.pyFiles,)
[2025-03-26T13:34:04.957+0000] {spark_submit.py:645} INFO - Classpath elements:
[2025-03-26T13:34:04.958+0000] {spark_submit.py:645} INFO - file:/opt/spark_job/aws-java-sdk-bundle-1.12.262.jar
[2025-03-26T13:34:04.959+0000] {spark_submit.py:645} INFO - file:/opt/spark_job/jars/hadoop-aws-3.3.4.jar
[2025-03-26T13:34:04.959+0000] {spark_submit.py:645} INFO - 
[2025-03-26T13:34:04.960+0000] {spark_submit.py:645} INFO - 
[2025-03-26T13:34:04.961+0000] {spark_submit.py:645} INFO - 25/03/26 13:34:04 WARN DependencyUtils: Local jar /opt/spark_job/aws-java-sdk-bundle-1.12.262.jar does not exist, skipping.
[2025-03-26T13:34:04.961+0000] {spark_submit.py:645} INFO - 25/03/26 13:34:04 WARN DependencyUtils: Local jar /opt/spark_job/jars/hadoop-aws-3.3.4.jar does not exist, skipping.
[2025-03-26T13:34:07.068+0000] {spark_submit.py:645} INFO - 25/03/26 13:34:07 INFO SparkContext: Running Spark version 3.5.5
[2025-03-26T13:34:07.069+0000] {spark_submit.py:645} INFO - 25/03/26 13:34:07 INFO SparkContext: OS info Linux, 5.15.153.1-microsoft-standard-WSL2, amd64
[2025-03-26T13:34:07.069+0000] {spark_submit.py:645} INFO - 25/03/26 13:34:07 INFO SparkContext: Java version 17.0.14
[2025-03-26T13:34:07.115+0000] {spark_submit.py:645} INFO - 25/03/26 13:34:07 INFO ResourceUtils: ==============================================================
[2025-03-26T13:34:07.116+0000] {spark_submit.py:645} INFO - 25/03/26 13:34:07 INFO ResourceUtils: No custom resources configured for spark.driver.
[2025-03-26T13:34:07.117+0000] {spark_submit.py:645} INFO - 25/03/26 13:34:07 INFO ResourceUtils: ==============================================================
[2025-03-26T13:34:07.117+0000] {spark_submit.py:645} INFO - 25/03/26 13:34:07 INFO SparkContext: Submitted application: Minio Integration with PySpark
[2025-03-26T13:34:07.150+0000] {spark_submit.py:645} INFO - 25/03/26 13:34:07 INFO ResourceProfile: Default ResourceProfile created, executor resources: Map(cores -> name: cores, amount: 2, script: , vendor: , memory -> name: memory, amount: 2048, script: , vendor: , offHeap -> name: offHeap, amount: 0, script: , vendor: ), task resources: Map(cpus -> name: cpus, amount: 1.0)
[2025-03-26T13:34:07.161+0000] {spark_submit.py:645} INFO - 25/03/26 13:34:07 INFO ResourceProfile: Limiting resource is cpus at 2 tasks per executor
[2025-03-26T13:34:07.163+0000] {spark_submit.py:645} INFO - 25/03/26 13:34:07 INFO ResourceProfileManager: Added ResourceProfile id: 0
[2025-03-26T13:34:07.522+0000] {spark_submit.py:645} INFO - 25/03/26 13:34:07 INFO SecurityManager: Changing view acls to: ***
[2025-03-26T13:34:07.523+0000] {spark_submit.py:645} INFO - 25/03/26 13:34:07 INFO SecurityManager: Changing modify acls to: ***
[2025-03-26T13:34:07.524+0000] {spark_submit.py:645} INFO - 25/03/26 13:34:07 INFO SecurityManager: Changing view acls groups to:
[2025-03-26T13:34:07.524+0000] {spark_submit.py:645} INFO - 25/03/26 13:34:07 INFO SecurityManager: Changing modify acls groups to:
[2025-03-26T13:34:07.525+0000] {spark_submit.py:645} INFO - 25/03/26 13:34:07 INFO SecurityManager: SecurityManager: authentication disabled; ui acls disabled; users with view permissions: ***; groups with view permissions: EMPTY; users with modify permissions: ***; groups with modify permissions: EMPTY
[2025-03-26T13:34:08.323+0000] {spark_submit.py:645} INFO - 25/03/26 13:34:08 INFO Utils: Successfully started service 'sparkDriver' on port 33291.
[2025-03-26T13:34:08.455+0000] {spark_submit.py:645} INFO - 25/03/26 13:34:08 INFO SparkEnv: Registering MapOutputTracker
[2025-03-26T13:34:08.528+0000] {spark_submit.py:645} INFO - 25/03/26 13:34:08 INFO SparkEnv: Registering BlockManagerMaster
[2025-03-26T13:34:08.568+0000] {spark_submit.py:645} INFO - 25/03/26 13:34:08 INFO BlockManagerMasterEndpoint: Using org.apache.spark.storage.DefaultTopologyMapper for getting topology information
[2025-03-26T13:34:08.569+0000] {spark_submit.py:645} INFO - 25/03/26 13:34:08 INFO BlockManagerMasterEndpoint: BlockManagerMasterEndpoint up
[2025-03-26T13:34:08.593+0000] {spark_submit.py:645} INFO - 25/03/26 13:34:08 INFO SparkEnv: Registering BlockManagerMasterHeartbeat
[2025-03-26T13:34:08.757+0000] {spark_submit.py:645} INFO - 25/03/26 13:34:08 INFO DiskBlockManager: Created local directory at /tmp/blockmgr-20f6bf22-de99-4fee-b8e4-b51348e637ab
[2025-03-26T13:34:08.791+0000] {spark_submit.py:645} INFO - 25/03/26 13:34:08 INFO MemoryStore: MemoryStore started with capacity 434.4 MiB
[2025-03-26T13:34:08.808+0000] {spark_submit.py:645} INFO - 25/03/26 13:34:08 INFO SparkEnv: Registering OutputCommitCoordinator
[2025-03-26T13:34:09.391+0000] {spark_submit.py:645} INFO - 25/03/26 13:34:09 INFO JettyUtils: Start Jetty 0.0.0.0:4040 for SparkUI
[2025-03-26T13:34:09.549+0000] {spark_submit.py:645} INFO - 25/03/26 13:34:09 INFO Utils: Successfully started service 'SparkUI' on port 4040.
[2025-03-26T13:34:09.599+0000] {spark_submit.py:645} INFO - 25/03/26 13:34:09 ERROR SparkContext: Failed to add file:/opt/spark_job/aws-java-sdk-bundle-1.12.262.jar to Spark environment
[2025-03-26T13:34:09.600+0000] {spark_submit.py:645} INFO - java.io.FileNotFoundException: Jar /opt/spark_job/aws-java-sdk-bundle-1.12.262.jar not found
[2025-03-26T13:34:09.601+0000] {spark_submit.py:645} INFO - at org.apache.spark.SparkContext.addLocalJarFile$1(SparkContext.scala:2095)
[2025-03-26T13:34:09.602+0000] {spark_submit.py:645} INFO - at org.apache.spark.SparkContext.addJar(SparkContext.scala:2151)
[2025-03-26T13:34:09.602+0000] {spark_submit.py:645} INFO - at org.apache.spark.SparkContext.$anonfun$new$15(SparkContext.scala:521)
[2025-03-26T13:34:09.603+0000] {spark_submit.py:645} INFO - at org.apache.spark.SparkContext.$anonfun$new$15$adapted(SparkContext.scala:521)
[2025-03-26T13:34:09.603+0000] {spark_submit.py:645} INFO - at scala.collection.mutable.ResizableArray.foreach(ResizableArray.scala:62)
[2025-03-26T13:34:09.604+0000] {spark_submit.py:645} INFO - at scala.collection.mutable.ResizableArray.foreach$(ResizableArray.scala:55)
[2025-03-26T13:34:09.604+0000] {spark_submit.py:645} INFO - at scala.collection.mutable.ArrayBuffer.foreach(ArrayBuffer.scala:49)
[2025-03-26T13:34:09.605+0000] {spark_submit.py:645} INFO - at org.apache.spark.SparkContext.<init>(SparkContext.scala:521)
[2025-03-26T13:34:09.605+0000] {spark_submit.py:645} INFO - at org.apache.spark.api.java.JavaSparkContext.<init>(JavaSparkContext.scala:58)
[2025-03-26T13:34:09.606+0000] {spark_submit.py:645} INFO - at java.base/jdk.internal.reflect.NativeConstructorAccessorImpl.newInstance0(Native Method)
[2025-03-26T13:34:09.607+0000] {spark_submit.py:645} INFO - at java.base/jdk.internal.reflect.NativeConstructorAccessorImpl.newInstance(NativeConstructorAccessorImpl.java:77)
[2025-03-26T13:34:09.607+0000] {spark_submit.py:645} INFO - at java.base/jdk.internal.reflect.DelegatingConstructorAccessorImpl.newInstance(DelegatingConstructorAccessorImpl.java:45)
[2025-03-26T13:34:09.608+0000] {spark_submit.py:645} INFO - at java.base/java.lang.reflect.Constructor.newInstanceWithCaller(Constructor.java:500)
[2025-03-26T13:34:09.608+0000] {spark_submit.py:645} INFO - at java.base/java.lang.reflect.Constructor.newInstance(Constructor.java:481)
[2025-03-26T13:34:09.609+0000] {spark_submit.py:645} INFO - at py4j.reflection.MethodInvoker.invoke(MethodInvoker.java:247)
[2025-03-26T13:34:09.609+0000] {spark_submit.py:645} INFO - at py4j.reflection.ReflectionEngine.invoke(ReflectionEngine.java:374)
[2025-03-26T13:34:09.610+0000] {spark_submit.py:645} INFO - at py4j.Gateway.invoke(Gateway.java:238)
[2025-03-26T13:34:09.610+0000] {spark_submit.py:645} INFO - at py4j.commands.ConstructorCommand.invokeConstructor(ConstructorCommand.java:80)
[2025-03-26T13:34:09.611+0000] {spark_submit.py:645} INFO - at py4j.commands.ConstructorCommand.execute(ConstructorCommand.java:69)
[2025-03-26T13:34:09.611+0000] {spark_submit.py:645} INFO - at py4j.ClientServerConnection.waitForCommands(ClientServerConnection.java:182)
[2025-03-26T13:34:09.612+0000] {spark_submit.py:645} INFO - at py4j.ClientServerConnection.run(ClientServerConnection.java:106)
[2025-03-26T13:34:09.612+0000] {spark_submit.py:645} INFO - at java.base/java.lang.Thread.run(Thread.java:840)
[2025-03-26T13:34:09.613+0000] {spark_submit.py:645} INFO - 25/03/26 13:34:09 ERROR SparkContext: Failed to add file:/opt/spark_job/jars/hadoop-aws-3.3.4.jar to Spark environment
[2025-03-26T13:34:09.614+0000] {spark_submit.py:645} INFO - java.io.FileNotFoundException: Jar /opt/spark_job/jars/hadoop-aws-3.3.4.jar not found
[2025-03-26T13:34:09.614+0000] {spark_submit.py:645} INFO - at org.apache.spark.SparkContext.addLocalJarFile$1(SparkContext.scala:2095)
[2025-03-26T13:34:09.614+0000] {spark_submit.py:645} INFO - at org.apache.spark.SparkContext.addJar(SparkContext.scala:2151)
[2025-03-26T13:34:09.615+0000] {spark_submit.py:645} INFO - at org.apache.spark.SparkContext.$anonfun$new$15(SparkContext.scala:521)
[2025-03-26T13:34:09.615+0000] {spark_submit.py:645} INFO - at org.apache.spark.SparkContext.$anonfun$new$15$adapted(SparkContext.scala:521)
[2025-03-26T13:34:09.615+0000] {spark_submit.py:645} INFO - at scala.collection.mutable.ResizableArray.foreach(ResizableArray.scala:62)
[2025-03-26T13:34:09.616+0000] {spark_submit.py:645} INFO - at scala.collection.mutable.ResizableArray.foreach$(ResizableArray.scala:55)
[2025-03-26T13:34:09.616+0000] {spark_submit.py:645} INFO - at scala.collection.mutable.ArrayBuffer.foreach(ArrayBuffer.scala:49)
[2025-03-26T13:34:09.617+0000] {spark_submit.py:645} INFO - at org.apache.spark.SparkContext.<init>(SparkContext.scala:521)
[2025-03-26T13:34:09.618+0000] {spark_submit.py:645} INFO - at org.apache.spark.api.java.JavaSparkContext.<init>(JavaSparkContext.scala:58)
[2025-03-26T13:34:09.618+0000] {spark_submit.py:645} INFO - at java.base/jdk.internal.reflect.NativeConstructorAccessorImpl.newInstance0(Native Method)
[2025-03-26T13:34:09.618+0000] {spark_submit.py:645} INFO - at java.base/jdk.internal.reflect.NativeConstructorAccessorImpl.newInstance(NativeConstructorAccessorImpl.java:77)
[2025-03-26T13:34:09.619+0000] {spark_submit.py:645} INFO - at java.base/jdk.internal.reflect.DelegatingConstructorAccessorImpl.newInstance(DelegatingConstructorAccessorImpl.java:45)
[2025-03-26T13:34:09.619+0000] {spark_submit.py:645} INFO - at java.base/java.lang.reflect.Constructor.newInstanceWithCaller(Constructor.java:500)
[2025-03-26T13:34:09.620+0000] {spark_submit.py:645} INFO - at java.base/java.lang.reflect.Constructor.newInstance(Constructor.java:481)
[2025-03-26T13:34:09.620+0000] {spark_submit.py:645} INFO - at py4j.reflection.MethodInvoker.invoke(MethodInvoker.java:247)
[2025-03-26T13:34:09.621+0000] {spark_submit.py:645} INFO - at py4j.reflection.ReflectionEngine.invoke(ReflectionEngine.java:374)
[2025-03-26T13:34:09.621+0000] {spark_submit.py:645} INFO - at py4j.Gateway.invoke(Gateway.java:238)
[2025-03-26T13:34:09.621+0000] {spark_submit.py:645} INFO - at py4j.commands.ConstructorCommand.invokeConstructor(ConstructorCommand.java:80)
[2025-03-26T13:34:09.622+0000] {spark_submit.py:645} INFO - at py4j.commands.ConstructorCommand.execute(ConstructorCommand.java:69)
[2025-03-26T13:34:09.622+0000] {spark_submit.py:645} INFO - at py4j.ClientServerConnection.waitForCommands(ClientServerConnection.java:182)
[2025-03-26T13:34:09.623+0000] {spark_submit.py:645} INFO - at py4j.ClientServerConnection.run(ClientServerConnection.java:106)
[2025-03-26T13:34:09.623+0000] {spark_submit.py:645} INFO - at java.base/java.lang.Thread.run(Thread.java:840)
[2025-03-26T13:34:09.806+0000] {spark_submit.py:645} INFO - 25/03/26 13:34:09 ERROR SparkContext: Error initializing SparkContext.
[2025-03-26T13:34:09.806+0000] {spark_submit.py:645} INFO - org.apache.spark.SparkException: Invalid master URL: spark://spark-master:7077:7077
[2025-03-26T13:34:09.807+0000] {spark_submit.py:645} INFO - at org.apache.spark.util.Utils$.extractHostPortFromSparkUrl(Utils.scala:2401)
[2025-03-26T13:34:09.807+0000] {spark_submit.py:645} INFO - at org.apache.spark.rpc.RpcAddress$.fromSparkURL(RpcAddress.scala:54)
[2025-03-26T13:34:09.807+0000] {spark_submit.py:645} INFO - at org.apache.spark.deploy.client.StandaloneAppClient.$anonfun$masterRpcAddresses$1(StandaloneAppClient.scala:54)
[2025-03-26T13:34:09.808+0000] {spark_submit.py:645} INFO - at scala.collection.TraversableLike.$anonfun$map$1(TraversableLike.scala:286)
[2025-03-26T13:34:09.808+0000] {spark_submit.py:645} INFO - at scala.collection.IndexedSeqOptimized.foreach(IndexedSeqOptimized.scala:36)
[2025-03-26T13:34:09.808+0000] {spark_submit.py:645} INFO - at scala.collection.IndexedSeqOptimized.foreach$(IndexedSeqOptimized.scala:33)
[2025-03-26T13:34:09.809+0000] {spark_submit.py:645} INFO - at scala.collection.mutable.ArrayOps$ofRef.foreach(ArrayOps.scala:198)
[2025-03-26T13:34:09.809+0000] {spark_submit.py:645} INFO - at scala.collection.TraversableLike.map(TraversableLike.scala:286)
[2025-03-26T13:34:09.809+0000] {spark_submit.py:645} INFO - at scala.collection.TraversableLike.map$(TraversableLike.scala:279)
[2025-03-26T13:34:09.810+0000] {spark_submit.py:645} INFO - at scala.collection.mutable.ArrayOps$ofRef.map(ArrayOps.scala:198)
[2025-03-26T13:34:09.810+0000] {spark_submit.py:645} INFO - at org.apache.spark.deploy.client.StandaloneAppClient.<init>(StandaloneAppClient.scala:54)
[2025-03-26T13:34:09.810+0000] {spark_submit.py:645} INFO - at org.apache.spark.scheduler.cluster.StandaloneSchedulerBackend.start(StandaloneSchedulerBackend.scala:134)
[2025-03-26T13:34:09.811+0000] {spark_submit.py:645} INFO - at org.apache.spark.scheduler.TaskSchedulerImpl.start(TaskSchedulerImpl.scala:235)
[2025-03-26T13:34:09.811+0000] {spark_submit.py:645} INFO - at org.apache.spark.SparkContext.<init>(SparkContext.scala:599)
[2025-03-26T13:34:09.811+0000] {spark_submit.py:645} INFO - at org.apache.spark.api.java.JavaSparkContext.<init>(JavaSparkContext.scala:58)
[2025-03-26T13:34:09.811+0000] {spark_submit.py:645} INFO - at java.base/jdk.internal.reflect.NativeConstructorAccessorImpl.newInstance0(Native Method)
[2025-03-26T13:34:09.812+0000] {spark_submit.py:645} INFO - at java.base/jdk.internal.reflect.NativeConstructorAccessorImpl.newInstance(NativeConstructorAccessorImpl.java:77)
[2025-03-26T13:34:09.812+0000] {spark_submit.py:645} INFO - at java.base/jdk.internal.reflect.DelegatingConstructorAccessorImpl.newInstance(DelegatingConstructorAccessorImpl.java:45)
[2025-03-26T13:34:09.813+0000] {spark_submit.py:645} INFO - at java.base/java.lang.reflect.Constructor.newInstanceWithCaller(Constructor.java:500)
[2025-03-26T13:34:09.813+0000] {spark_submit.py:645} INFO - at java.base/java.lang.reflect.Constructor.newInstance(Constructor.java:481)
[2025-03-26T13:34:09.813+0000] {spark_submit.py:645} INFO - at py4j.reflection.MethodInvoker.invoke(MethodInvoker.java:247)
[2025-03-26T13:34:09.814+0000] {spark_submit.py:645} INFO - at py4j.reflection.ReflectionEngine.invoke(ReflectionEngine.java:374)
[2025-03-26T13:34:09.814+0000] {spark_submit.py:645} INFO - at py4j.Gateway.invoke(Gateway.java:238)
[2025-03-26T13:34:09.814+0000] {spark_submit.py:645} INFO - at py4j.commands.ConstructorCommand.invokeConstructor(ConstructorCommand.java:80)
[2025-03-26T13:34:09.815+0000] {spark_submit.py:645} INFO - at py4j.commands.ConstructorCommand.execute(ConstructorCommand.java:69)
[2025-03-26T13:34:09.815+0000] {spark_submit.py:645} INFO - at py4j.ClientServerConnection.waitForCommands(ClientServerConnection.java:182)
[2025-03-26T13:34:09.815+0000] {spark_submit.py:645} INFO - at py4j.ClientServerConnection.run(ClientServerConnection.java:106)
[2025-03-26T13:34:09.816+0000] {spark_submit.py:645} INFO - at java.base/java.lang.Thread.run(Thread.java:840)
[2025-03-26T13:34:09.816+0000] {spark_submit.py:645} INFO - 25/03/26 13:34:09 INFO SparkContext: SparkContext is stopping with exitCode 0.
[2025-03-26T13:34:09.838+0000] {spark_submit.py:645} INFO - 25/03/26 13:34:09 INFO SparkUI: Stopped Spark web UI at http://9d8a997eda77:4040
[2025-03-26T13:34:09.846+0000] {spark_submit.py:645} INFO - 25/03/26 13:34:09 INFO StandaloneSchedulerBackend: Shutting down all executors
[2025-03-26T13:34:09.850+0000] {spark_submit.py:645} INFO - 25/03/26 13:34:09 INFO StandaloneSchedulerBackend$StandaloneDriverEndpoint: Asking each executor to shut down
[2025-03-26T13:34:09.976+0000] {spark_submit.py:645} INFO - 25/03/26 13:34:09 INFO MapOutputTrackerMasterEndpoint: MapOutputTrackerMasterEndpoint stopped!
[2025-03-26T13:34:10.004+0000] {spark_submit.py:645} INFO - 25/03/26 13:34:10 INFO MemoryStore: MemoryStore cleared
[2025-03-26T13:34:10.005+0000] {spark_submit.py:645} INFO - 25/03/26 13:34:10 INFO BlockManager: BlockManager stopped
[2025-03-26T13:34:10.012+0000] {spark_submit.py:645} INFO - 25/03/26 13:34:10 INFO BlockManagerMaster: BlockManagerMaster stopped
[2025-03-26T13:34:10.013+0000] {spark_submit.py:645} INFO - 25/03/26 13:34:10 WARN MetricsSystem: Stopping a MetricsSystem that is not running
[2025-03-26T13:34:10.015+0000] {spark_submit.py:645} INFO - 25/03/26 13:34:10 INFO OutputCommitCoordinator$OutputCommitCoordinatorEndpoint: OutputCommitCoordinator stopped!
[2025-03-26T13:34:10.023+0000] {spark_submit.py:645} INFO - 25/03/26 13:34:10 INFO SparkContext: Successfully stopped SparkContext
[2025-03-26T13:34:10.024+0000] {spark_submit.py:645} INFO - Traceback (most recent call last):
[2025-03-26T13:34:10.024+0000] {spark_submit.py:645} INFO - File "/spark_job/data_transformation.py", line 34, in <module>
[2025-03-26T13:34:10.026+0000] {spark_submit.py:645} INFO - spark = spark_session()
[2025-03-26T13:34:10.027+0000] {spark_submit.py:645} INFO - ^^^^^^^^^^^^^^^
[2025-03-26T13:34:10.027+0000] {spark_submit.py:645} INFO - File "/spark_job/code/spark_session.py", line 27, in spark_session
[2025-03-26T13:34:10.029+0000] {spark_submit.py:645} INFO - .getOrCreate()
[2025-03-26T13:34:10.029+0000] {spark_submit.py:645} INFO - ^^^^^^^^^^^^^
[2025-03-26T13:34:10.030+0000] {spark_submit.py:645} INFO - File "/home/***/.local/lib/python3.11/site-packages/pyspark/python/lib/pyspark.zip/pyspark/sql/session.py", line 497, in getOrCreate
[2025-03-26T13:34:10.031+0000] {spark_submit.py:645} INFO - File "/home/***/.local/lib/python3.11/site-packages/pyspark/python/lib/pyspark.zip/pyspark/context.py", line 515, in getOrCreate
[2025-03-26T13:34:10.031+0000] {spark_submit.py:645} INFO - File "/home/***/.local/lib/python3.11/site-packages/pyspark/python/lib/pyspark.zip/pyspark/context.py", line 203, in __init__
[2025-03-26T13:34:10.031+0000] {spark_submit.py:645} INFO - File "/home/***/.local/lib/python3.11/site-packages/pyspark/python/lib/pyspark.zip/pyspark/context.py", line 296, in _do_init
[2025-03-26T13:34:10.032+0000] {spark_submit.py:645} INFO - File "/home/***/.local/lib/python3.11/site-packages/pyspark/python/lib/pyspark.zip/pyspark/context.py", line 421, in _initialize_context
[2025-03-26T13:34:10.032+0000] {spark_submit.py:645} INFO - File "/home/***/.local/lib/python3.11/site-packages/pyspark/python/lib/py4j-0.10.9.7-src.zip/py4j/java_gateway.py", line 1587, in __call__
[2025-03-26T13:34:10.033+0000] {spark_submit.py:645} INFO - File "/home/***/.local/lib/python3.11/site-packages/pyspark/python/lib/py4j-0.10.9.7-src.zip/py4j/protocol.py", line 326, in get_return_value
[2025-03-26T13:34:10.033+0000] {spark_submit.py:645} INFO - py4j.protocol.Py4JJavaError: An error occurred while calling None.org.apache.spark.api.java.JavaSparkContext.
[2025-03-26T13:34:10.033+0000] {spark_submit.py:645} INFO - : org.apache.spark.SparkException: Invalid master URL: spark://spark-master:7077:7077
[2025-03-26T13:34:10.034+0000] {spark_submit.py:645} INFO - at org.apache.spark.util.Utils$.extractHostPortFromSparkUrl(Utils.scala:2401)
[2025-03-26T13:34:10.034+0000] {spark_submit.py:645} INFO - at org.apache.spark.rpc.RpcAddress$.fromSparkURL(RpcAddress.scala:54)
[2025-03-26T13:34:10.035+0000] {spark_submit.py:645} INFO - at org.apache.spark.deploy.client.StandaloneAppClient.$anonfun$masterRpcAddresses$1(StandaloneAppClient.scala:54)
[2025-03-26T13:34:10.035+0000] {spark_submit.py:645} INFO - at scala.collection.TraversableLike.$anonfun$map$1(TraversableLike.scala:286)
[2025-03-26T13:34:10.035+0000] {spark_submit.py:645} INFO - at scala.collection.IndexedSeqOptimized.foreach(IndexedSeqOptimized.scala:36)
[2025-03-26T13:34:10.036+0000] {spark_submit.py:645} INFO - at scala.collection.IndexedSeqOptimized.foreach$(IndexedSeqOptimized.scala:33)
[2025-03-26T13:34:10.036+0000] {spark_submit.py:645} INFO - at scala.collection.mutable.ArrayOps$ofRef.foreach(ArrayOps.scala:198)
[2025-03-26T13:34:10.036+0000] {spark_submit.py:645} INFO - at scala.collection.TraversableLike.map(TraversableLike.scala:286)
[2025-03-26T13:34:10.037+0000] {spark_submit.py:645} INFO - at scala.collection.TraversableLike.map$(TraversableLike.scala:279)
[2025-03-26T13:34:10.037+0000] {spark_submit.py:645} INFO - at scala.collection.mutable.ArrayOps$ofRef.map(ArrayOps.scala:198)
[2025-03-26T13:34:10.038+0000] {spark_submit.py:645} INFO - at org.apache.spark.deploy.client.StandaloneAppClient.<init>(StandaloneAppClient.scala:54)
[2025-03-26T13:34:10.038+0000] {spark_submit.py:645} INFO - at org.apache.spark.scheduler.cluster.StandaloneSchedulerBackend.start(StandaloneSchedulerBackend.scala:134)
[2025-03-26T13:34:10.038+0000] {spark_submit.py:645} INFO - at org.apache.spark.scheduler.TaskSchedulerImpl.start(TaskSchedulerImpl.scala:235)
[2025-03-26T13:34:10.039+0000] {spark_submit.py:645} INFO - at org.apache.spark.SparkContext.<init>(SparkContext.scala:599)
[2025-03-26T13:34:10.039+0000] {spark_submit.py:645} INFO - at org.apache.spark.api.java.JavaSparkContext.<init>(JavaSparkContext.scala:58)
[2025-03-26T13:34:10.039+0000] {spark_submit.py:645} INFO - at java.base/jdk.internal.reflect.NativeConstructorAccessorImpl.newInstance0(Native Method)
[2025-03-26T13:34:10.040+0000] {spark_submit.py:645} INFO - at java.base/jdk.internal.reflect.NativeConstructorAccessorImpl.newInstance(NativeConstructorAccessorImpl.java:77)
[2025-03-26T13:34:10.040+0000] {spark_submit.py:645} INFO - at java.base/jdk.internal.reflect.DelegatingConstructorAccessorImpl.newInstance(DelegatingConstructorAccessorImpl.java:45)
[2025-03-26T13:34:10.040+0000] {spark_submit.py:645} INFO - at java.base/java.lang.reflect.Constructor.newInstanceWithCaller(Constructor.java:500)
[2025-03-26T13:34:10.041+0000] {spark_submit.py:645} INFO - at java.base/java.lang.reflect.Constructor.newInstance(Constructor.java:481)
[2025-03-26T13:34:10.041+0000] {spark_submit.py:645} INFO - at py4j.reflection.MethodInvoker.invoke(MethodInvoker.java:247)
[2025-03-26T13:34:10.042+0000] {spark_submit.py:645} INFO - at py4j.reflection.ReflectionEngine.invoke(ReflectionEngine.java:374)
[2025-03-26T13:34:10.042+0000] {spark_submit.py:645} INFO - at py4j.Gateway.invoke(Gateway.java:238)
[2025-03-26T13:34:10.042+0000] {spark_submit.py:645} INFO - at py4j.commands.ConstructorCommand.invokeConstructor(ConstructorCommand.java:80)
[2025-03-26T13:34:10.043+0000] {spark_submit.py:645} INFO - at py4j.commands.ConstructorCommand.execute(ConstructorCommand.java:69)
[2025-03-26T13:34:10.043+0000] {spark_submit.py:645} INFO - at py4j.ClientServerConnection.waitForCommands(ClientServerConnection.java:182)
[2025-03-26T13:34:10.043+0000] {spark_submit.py:645} INFO - at py4j.ClientServerConnection.run(ClientServerConnection.java:106)
[2025-03-26T13:34:10.044+0000] {spark_submit.py:645} INFO - at java.base/java.lang.Thread.run(Thread.java:840)
[2025-03-26T13:34:10.044+0000] {spark_submit.py:645} INFO - 
[2025-03-26T13:34:10.087+0000] {spark_submit.py:645} INFO - 25/03/26 13:34:10 INFO ShutdownHookManager: Shutdown hook called
[2025-03-26T13:34:10.088+0000] {spark_submit.py:645} INFO - 25/03/26 13:34:10 INFO ShutdownHookManager: Deleting directory /tmp/spark-09c4a4fd-ba1f-49a5-986f-a892b8135fa5
[2025-03-26T13:34:10.093+0000] {spark_submit.py:645} INFO - 25/03/26 13:34:10 INFO ShutdownHookManager: Deleting directory /tmp/spark-68eea561-5645-4d19-9cc6-2f60d166f18c
[2025-03-26T13:34:10.127+0000] {taskinstance.py:441} INFO - ::group::Post task execution logs
[2025-03-26T13:34:10.139+0000] {taskinstance.py:2905} ERROR - Task failed with exception
Traceback (most recent call last):
  File "/home/airflow/.local/lib/python3.11/site-packages/airflow/models/taskinstance.py", line 465, in _execute_task
    result = _execute_callable(context=context, **execute_callable_kwargs)
             ^^^^^^^^^^^^^^^^^^^^^^^^^^^^^^^^^^^^^^^^^^^^^^^^^^^^^^^^^^^^^
  File "/home/airflow/.local/lib/python3.11/site-packages/airflow/models/taskinstance.py", line 432, in _execute_callable
    return execute_callable(context=context, **execute_callable_kwargs)
           ^^^^^^^^^^^^^^^^^^^^^^^^^^^^^^^^^^^^^^^^^^^^^^^^^^^^^^^^^^^^
  File "/home/airflow/.local/lib/python3.11/site-packages/airflow/models/baseoperator.py", line 401, in wrapper
    return func(self, *args, **kwargs)
           ^^^^^^^^^^^^^^^^^^^^^^^^^^^
  File "/home/airflow/.local/lib/python3.11/site-packages/airflow/operators/python.py", line 235, in execute
    return_value = self.execute_callable()
                   ^^^^^^^^^^^^^^^^^^^^^^^
  File "/home/airflow/.local/lib/python3.11/site-packages/airflow/operators/python.py", line 252, in execute_callable
    return self.python_callable(*self.op_args, **self.op_kwargs)
           ^^^^^^^^^^^^^^^^^^^^^^^^^^^^^^^^^^^^^^^^^^^^^^^^^^^^^
  File "/opt/airflow/dags/etl_pipeline.py", line 95, in spark_dtransformation
    ).execute(kwargs)
      ^^^^^^^^^^^^^^^
  File "/home/airflow/.local/lib/python3.11/site-packages/airflow/models/baseoperator.py", line 401, in wrapper
    return func(self, *args, **kwargs)
           ^^^^^^^^^^^^^^^^^^^^^^^^^^^
  File "/home/airflow/.local/lib/python3.11/site-packages/airflow/providers/apache/spark/operators/spark_submit.py", line 177, in execute
    self._hook.submit(self.application)
  File "/home/airflow/.local/lib/python3.11/site-packages/airflow/providers/apache/spark/hooks/spark_submit.py", line 567, in submit
    raise AirflowException(
airflow.exceptions.AirflowException: Cannot execute: spark-submit --master spark://spark-master:7077:7077 --conf spark.executor.memory=2g --conf spark.executor.cores=2 --conf spark.jars=/opt/spark_job/aws-java-sdk-bundle-1.12.262.jar,/opt/spark_job/jars/hadoop-aws-3.3.4.jar --conf spark.hadoop.fs.s3a.endpoint=http://minio:9000 --conf spark.hadoop.fs.s3a.access.key=admin --conf spark.hadoop.fs.s3a.secret.key=****** --conf spark.hadoop.fs.s3a.impl=org.apache.hadoop.fs.s3a.S3AFileSystem --conf spark.hadoop.fs.s3a.path.style.access=true --name arrow-spark --verbose --deploy-mode client /spark_job/data_transformation.py s3://raw/playlist_20250326_133348.json. Error code is: 1.
[2025-03-26T13:34:10.176+0000] {taskinstance.py:1206} INFO - Marking task as UP_FOR_RETRY. dag_id=etl_pipeline, task_id=transformation, run_id=manual__2025-03-26T13:33:39.761724+00:00, execution_date=20250326T133339, start_date=20250326T133350, end_date=20250326T133410
[2025-03-26T13:34:10.233+0000] {standard_task_runner.py:110} ERROR - Failed to execute job 4 for task transformation (Cannot execute: spark-submit --master spark://spark-master:7077:7077 --conf spark.executor.memory=2g --conf spark.executor.cores=2 --conf spark.jars=/opt/spark_job/aws-java-sdk-bundle-1.12.262.jar,/opt/spark_job/jars/hadoop-aws-3.3.4.jar --conf spark.hadoop.fs.s3a.endpoint=http://minio:9000 --conf spark.hadoop.fs.s3a.access.key=admin --conf spark.hadoop.fs.s3a.secret.key=****** --conf spark.hadoop.fs.s3a.impl=org.apache.hadoop.fs.s3a.S3AFileSystem --conf spark.hadoop.fs.s3a.path.style.access=true --name arrow-spark --verbose --deploy-mode client /spark_job/data_transformation.py s3://raw/playlist_20250326_133348.json. Error code is: 1.; 352)
[2025-03-26T13:34:10.271+0000] {local_task_job_runner.py:240} INFO - Task exited with return code 1
[2025-03-26T13:34:10.294+0000] {taskinstance.py:3503} INFO - 0 downstream tasks scheduled from follow-on schedule check
[2025-03-26T13:34:10.314+0000] {local_task_job_runner.py:222} INFO - ::endgroup::
