[2025-03-30T18:38:09.703+0000] {local_task_job_runner.py:120} INFO - ::group::Pre task execution logs
[2025-03-30T18:38:09.776+0000] {taskinstance.py:2076} INFO - Dependencies all met for dep_context=non-requeueable deps ti=<TaskInstance: etl_pipeline.transformation manual__2025-03-26T13:33:39.761724+00:00 [queued]>
[2025-03-30T18:38:09.786+0000] {taskinstance.py:2076} INFO - Dependencies all met for dep_context=requeueable deps ti=<TaskInstance: etl_pipeline.transformation manual__2025-03-26T13:33:39.761724+00:00 [queued]>
[2025-03-30T18:38:09.787+0000] {taskinstance.py:2306} INFO - Starting attempt 76 of 77
[2025-03-30T18:38:09.844+0000] {taskinstance.py:2330} INFO - Executing <Task(PythonOperator): transformation> on 2025-03-26 13:33:39.761724+00:00
[2025-03-30T18:38:09.855+0000] {standard_task_runner.py:90} INFO - Running: ['***', 'tasks', 'run', 'etl_pipeline', 'transformation', 'manual__2025-03-26T13:33:39.761724+00:00', '--job-id', '126', '--raw', '--subdir', 'DAGS_FOLDER/etl_pipeline.py', '--cfg-path', '/tmp/tmp7qztffoh']
[2025-03-30T18:38:09.871+0000] {standard_task_runner.py:91} INFO - Job 126: Subtask transformation
[2025-03-30T18:38:09.851+0000] {standard_task_runner.py:63} INFO - Started process 2278 to run task
[2025-03-30T18:38:09.967+0000] {task_command.py:426} INFO - Running <TaskInstance: etl_pipeline.transformation manual__2025-03-26T13:33:39.761724+00:00 [running]> on host 4962f173392a
[2025-03-30T18:38:10.100+0000] {taskinstance.py:2648} INFO - Exporting env vars: AIRFLOW_CTX_DAG_OWNER='lobobranco' AIRFLOW_CTX_DAG_ID='etl_pipeline' AIRFLOW_CTX_TASK_ID='transformation' AIRFLOW_CTX_EXECUTION_DATE='2025-03-26T13:33:39.761724+00:00' AIRFLOW_CTX_TRY_NUMBER='76' AIRFLOW_CTX_DAG_RUN_ID='manual__2025-03-26T13:33:39.761724+00:00'
[2025-03-30T18:38:10.101+0000] {taskinstance.py:430} INFO - ::endgroup::
[2025-03-30T18:38:10.218+0000] {etl_pipeline.py:76} INFO - Transforming data from file: s3://raw/playlist_20250329_132856.json
[2025-03-30T18:38:10.219+0000] {logging_mixin.py:188} INFO - File Path: s3://raw/playlist_20250329_132856.json
[2025-03-30T18:38:10.220+0000] {logging_mixin.py:188} INFO - Processed Bucket: processed
[2025-03-30T18:38:10.221+0000] {baseoperator.py:400} WARNING - SparkSubmitOperator.execute cannot be called outside TaskInstance!
[2025-03-30T18:38:10.233+0000] {base.py:84} INFO - Using connection ID 'spark_default' for task execution.
[2025-03-30T18:38:10.234+0000] {spark_submit.py:328} ERROR - Failed to decode base64 keytab: Incorrect padding
[2025-03-30T18:38:10.235+0000] {spark_submit.py:305} INFO - Could not load connection string spark_default, defaulting to spark://spark-master:7077
[2025-03-30T18:38:10.236+0000] {spark_submit.py:474} INFO - Spark-Submit cmd: spark-submit --master spark://spark-master:7077 --conf spark.executor.memory=512m --conf spark.executor.cores=1 --conf spark.jars=/opt/spark_job/jars/aws-java-sdk-bundle-1.12.262.jar,/opt/spark_job/jars/hadoop-aws-3.3.4.jar --conf spark.hadoop.fs.s3a.endpoint=http://minio:9000 --conf spark.hadoop.fs.s3a.access.key=admin --conf spark.hadoop.fs.s3a.secret.key=****** --conf spark.hadoop.fs.s3a.impl=org.apache.hadoop.fs.s3a.S3AFileSystem --conf spark.hadoop.fs.s3a.path.style.access=true --principal *** --name arrow-spark --verbose --deploy-mode client /opt/spark_job/data_transformation.py s3://raw/playlist_20250329_132856.json processed
[2025-03-30T18:38:10.275+0000] {spark_submit.py:645} INFO - /home/***/.local/lib/python3.11/site-packages/pyspark/bin/load-spark-env.sh: line 68: ps: command not found
[2025-03-30T18:38:12.039+0000] {spark_submit.py:645} INFO - Using properties file: null
[2025-03-30T18:38:12.174+0000] {spark_submit.py:645} INFO - Parsed arguments:
[2025-03-30T18:38:12.175+0000] {spark_submit.py:645} INFO - master                  spark://spark-master:7077
[2025-03-30T18:38:12.176+0000] {spark_submit.py:645} INFO - remote                  null
[2025-03-30T18:38:12.176+0000] {spark_submit.py:645} INFO - deployMode              client
[2025-03-30T18:38:12.177+0000] {spark_submit.py:645} INFO - executorMemory          512m
[2025-03-30T18:38:12.177+0000] {spark_submit.py:645} INFO - executorCores           1
[2025-03-30T18:38:12.178+0000] {spark_submit.py:645} INFO - totalExecutorCores      null
[2025-03-30T18:38:12.178+0000] {spark_submit.py:645} INFO - propertiesFile          null
[2025-03-30T18:38:12.179+0000] {spark_submit.py:645} INFO - driverMemory            null
[2025-03-30T18:38:12.179+0000] {spark_submit.py:645} INFO - driverCores             null
[2025-03-30T18:38:12.180+0000] {spark_submit.py:645} INFO - driverExtraClassPath    null
[2025-03-30T18:38:12.180+0000] {spark_submit.py:645} INFO - driverExtraLibraryPath  null
[2025-03-30T18:38:12.180+0000] {spark_submit.py:645} INFO - driverExtraJavaOptions  null
[2025-03-30T18:38:12.181+0000] {spark_submit.py:645} INFO - supervise               false
[2025-03-30T18:38:12.181+0000] {spark_submit.py:645} INFO - queue                   null
[2025-03-30T18:38:12.182+0000] {spark_submit.py:645} INFO - numExecutors            null
[2025-03-30T18:38:12.182+0000] {spark_submit.py:645} INFO - files                   null
[2025-03-30T18:38:12.183+0000] {spark_submit.py:645} INFO - pyFiles                 null
[2025-03-30T18:38:12.184+0000] {spark_submit.py:645} INFO - archives                null
[2025-03-30T18:38:12.184+0000] {spark_submit.py:645} INFO - mainClass               null
[2025-03-30T18:38:12.185+0000] {spark_submit.py:645} INFO - primaryResource         file:/opt/spark_job/data_transformation.py
[2025-03-30T18:38:12.186+0000] {spark_submit.py:645} INFO - name                    arrow-spark
[2025-03-30T18:38:12.186+0000] {spark_submit.py:645} INFO - childArgs               [s3://raw/playlist_20250329_132856.json processed]
[2025-03-30T18:38:12.186+0000] {spark_submit.py:645} INFO - jars                    /opt/spark_job/jars/aws-java-sdk-bundle-1.12.262.jar,/opt/spark_job/jars/hadoop-aws-3.3.4.jar
[2025-03-30T18:38:12.187+0000] {spark_submit.py:645} INFO - packages                null
[2025-03-30T18:38:12.187+0000] {spark_submit.py:645} INFO - packagesExclusions      null
[2025-03-30T18:38:12.188+0000] {spark_submit.py:645} INFO - repositories            null
[2025-03-30T18:38:12.189+0000] {spark_submit.py:645} INFO - verbose                 true
[2025-03-30T18:38:12.190+0000] {spark_submit.py:645} INFO - 
[2025-03-30T18:38:12.190+0000] {spark_submit.py:645} INFO - Spark properties used, including those specified through
[2025-03-30T18:38:12.191+0000] {spark_submit.py:645} INFO - --conf and those from the properties file null:
[2025-03-30T18:38:12.191+0000] {spark_submit.py:645} INFO - (spark.executor.cores,1)
[2025-03-30T18:38:12.192+0000] {spark_submit.py:645} INFO - (spark.executor.memory,512m)
[2025-03-30T18:38:12.192+0000] {spark_submit.py:645} INFO - (spark.hadoop.fs.s3a.access.key,*********(redacted))
[2025-03-30T18:38:12.192+0000] {spark_submit.py:645} INFO - (spark.hadoop.fs.s3a.endpoint,http://minio:9000)
[2025-03-30T18:38:12.193+0000] {spark_submit.py:645} INFO - (spark.hadoop.fs.s3a.impl,org.apache.hadoop.fs.s3a.S3AFileSystem)
[2025-03-30T18:38:12.193+0000] {spark_submit.py:645} INFO - (spark.hadoop.fs.s3a.path.style.access,true)
[2025-03-30T18:38:12.193+0000] {spark_submit.py:645} INFO - (spark.hadoop.fs.s3a.secret.key,*********(redacted))
[2025-03-30T18:38:12.193+0000] {spark_submit.py:645} INFO - (spark.jars,/opt/spark_job/jars/aws-java-sdk-bundle-1.12.262.jar,/opt/spark_job/jars/hadoop-aws-3.3.4.jar)
[2025-03-30T18:38:12.196+0000] {spark_submit.py:645} INFO - 
[2025-03-30T18:38:12.196+0000] {spark_submit.py:645} INFO - 
[2025-03-30T18:38:12.575+0000] {spark_submit.py:645} INFO - 25/03/30 18:38:12 WARN NativeCodeLoader: Unable to load native-hadoop library for your platform... using builtin-java classes where applicable
[2025-03-30T18:38:12.771+0000] {spark_submit.py:645} INFO - Main class:
[2025-03-30T18:38:12.771+0000] {spark_submit.py:645} INFO - org.apache.spark.deploy.PythonRunner
[2025-03-30T18:38:12.772+0000] {spark_submit.py:645} INFO - Arguments:
[2025-03-30T18:38:12.772+0000] {spark_submit.py:645} INFO - file:/opt/spark_job/data_transformation.py
[2025-03-30T18:38:12.773+0000] {spark_submit.py:645} INFO - null
[2025-03-30T18:38:12.773+0000] {spark_submit.py:645} INFO - s3://raw/playlist_20250329_132856.json
[2025-03-30T18:38:12.773+0000] {spark_submit.py:645} INFO - processed
[2025-03-30T18:38:12.775+0000] {spark_submit.py:645} INFO - Spark config:
[2025-03-30T18:38:12.776+0000] {spark_submit.py:645} INFO - (spark.app.name,arrow-spark)
[2025-03-30T18:38:12.776+0000] {spark_submit.py:645} INFO - (spark.app.submitTime,1743359892750)
[2025-03-30T18:38:12.777+0000] {spark_submit.py:645} INFO - (spark.executor.cores,1)
[2025-03-30T18:38:12.777+0000] {spark_submit.py:645} INFO - (spark.executor.memory,512m)
[2025-03-30T18:38:12.777+0000] {spark_submit.py:645} INFO - (spark.hadoop.fs.s3a.access.key,*********(redacted))
[2025-03-30T18:38:12.778+0000] {spark_submit.py:645} INFO - (spark.hadoop.fs.s3a.endpoint,http://minio:9000)
[2025-03-30T18:38:12.778+0000] {spark_submit.py:645} INFO - (spark.hadoop.fs.s3a.impl,org.apache.hadoop.fs.s3a.S3AFileSystem)
[2025-03-30T18:38:12.778+0000] {spark_submit.py:645} INFO - (spark.hadoop.fs.s3a.path.style.access,true)
[2025-03-30T18:38:12.779+0000] {spark_submit.py:645} INFO - (spark.hadoop.fs.s3a.secret.key,*********(redacted))
[2025-03-30T18:38:12.779+0000] {spark_submit.py:645} INFO - (spark.jars,file:///opt/spark_job/jars/aws-java-sdk-bundle-1.12.262.jar,file:///opt/spark_job/jars/hadoop-aws-3.3.4.jar)
[2025-03-30T18:38:12.780+0000] {spark_submit.py:645} INFO - (spark.kerberos.principal,***)
[2025-03-30T18:38:12.780+0000] {spark_submit.py:645} INFO - (spark.master,spark://spark-master:7077)
[2025-03-30T18:38:12.781+0000] {spark_submit.py:645} INFO - (spark.repl.local.jars,file:///opt/spark_job/jars/aws-java-sdk-bundle-1.12.262.jar,file:///opt/spark_job/jars/hadoop-aws-3.3.4.jar)
[2025-03-30T18:38:12.781+0000] {spark_submit.py:645} INFO - (spark.submit.deployMode,client)
[2025-03-30T18:38:12.781+0000] {spark_submit.py:645} INFO - (spark.submit.pyFiles,)
[2025-03-30T18:38:12.782+0000] {spark_submit.py:645} INFO - Classpath elements:
[2025-03-30T18:38:12.782+0000] {spark_submit.py:645} INFO - file:///opt/spark_job/jars/aws-java-sdk-bundle-1.12.262.jar
[2025-03-30T18:38:12.783+0000] {spark_submit.py:645} INFO - file:///opt/spark_job/jars/hadoop-aws-3.3.4.jar
[2025-03-30T18:38:12.784+0000] {spark_submit.py:645} INFO - 
[2025-03-30T18:38:12.785+0000] {spark_submit.py:645} INFO - 
[2025-03-30T18:38:13.500+0000] {spark_submit.py:645} INFO - 2025-03-30 18:38:13,500 - INFO - Iniciando a configuração da Spark Session
[2025-03-30T18:38:13.976+0000] {spark_submit.py:645} INFO - 25/03/30 18:38:13 INFO SparkContext: Running Spark version 3.5.3
[2025-03-30T18:38:13.977+0000] {spark_submit.py:645} INFO - 25/03/30 18:38:13 INFO SparkContext: OS info Linux, 5.15.153.1-microsoft-standard-WSL2, amd64
[2025-03-30T18:38:13.977+0000] {spark_submit.py:645} INFO - 25/03/30 18:38:13 INFO SparkContext: Java version 17.0.14
[2025-03-30T18:38:14.008+0000] {spark_submit.py:645} INFO - 25/03/30 18:38:14 INFO ResourceUtils: ==============================================================
[2025-03-30T18:38:14.009+0000] {spark_submit.py:645} INFO - 25/03/30 18:38:14 INFO ResourceUtils: No custom resources configured for spark.driver.
[2025-03-30T18:38:14.009+0000] {spark_submit.py:645} INFO - 25/03/30 18:38:14 INFO ResourceUtils: ==============================================================
[2025-03-30T18:38:14.010+0000] {spark_submit.py:645} INFO - 25/03/30 18:38:14 INFO SparkContext: Submitted application: Minio Integration with PySpark
[2025-03-30T18:38:14.030+0000] {spark_submit.py:645} INFO - 25/03/30 18:38:14 INFO ResourceProfile: Default ResourceProfile created, executor resources: Map(cores -> name: cores, amount: 1, script: , vendor: , memory -> name: memory, amount: 512, script: , vendor: , offHeap -> name: offHeap, amount: 0, script: , vendor: ), task resources: Map(cpus -> name: cpus, amount: 1.0)
[2025-03-30T18:38:14.042+0000] {spark_submit.py:645} INFO - 25/03/30 18:38:14 INFO ResourceProfile: Limiting resource is cpus at 1 tasks per executor
[2025-03-30T18:38:14.044+0000] {spark_submit.py:645} INFO - 25/03/30 18:38:14 INFO ResourceProfileManager: Added ResourceProfile id: 0
[2025-03-30T18:38:14.092+0000] {spark_submit.py:645} INFO - 25/03/30 18:38:14 INFO SecurityManager: Changing view acls to: ***
[2025-03-30T18:38:14.093+0000] {spark_submit.py:645} INFO - 25/03/30 18:38:14 INFO SecurityManager: Changing modify acls to: ***
[2025-03-30T18:38:14.093+0000] {spark_submit.py:645} INFO - 25/03/30 18:38:14 INFO SecurityManager: Changing view acls groups to:
[2025-03-30T18:38:14.094+0000] {spark_submit.py:645} INFO - 25/03/30 18:38:14 INFO SecurityManager: Changing modify acls groups to:
[2025-03-30T18:38:14.094+0000] {spark_submit.py:645} INFO - 25/03/30 18:38:14 INFO SecurityManager: SecurityManager: authentication disabled; ui acls disabled; users with view permissions: ***; groups with view permissions: EMPTY; users with modify permissions: ***; groups with modify permissions: EMPTY
[2025-03-30T18:38:14.334+0000] {spark_submit.py:645} INFO - 25/03/30 18:38:14 INFO Utils: Successfully started service 'sparkDriver' on port 35909.
[2025-03-30T18:38:14.372+0000] {spark_submit.py:645} INFO - 25/03/30 18:38:14 INFO SparkEnv: Registering MapOutputTracker
[2025-03-30T18:38:14.405+0000] {spark_submit.py:645} INFO - 25/03/30 18:38:14 INFO SparkEnv: Registering BlockManagerMaster
[2025-03-30T18:38:14.422+0000] {spark_submit.py:645} INFO - 25/03/30 18:38:14 INFO BlockManagerMasterEndpoint: Using org.apache.spark.storage.DefaultTopologyMapper for getting topology information
[2025-03-30T18:38:14.423+0000] {spark_submit.py:645} INFO - 25/03/30 18:38:14 INFO BlockManagerMasterEndpoint: BlockManagerMasterEndpoint up
[2025-03-30T18:38:14.427+0000] {spark_submit.py:645} INFO - 25/03/30 18:38:14 INFO SparkEnv: Registering BlockManagerMasterHeartbeat
[2025-03-30T18:38:14.448+0000] {spark_submit.py:645} INFO - 25/03/30 18:38:14 INFO DiskBlockManager: Created local directory at /tmp/blockmgr-f9d189d3-b0ca-4317-91be-75201fa3f284
[2025-03-30T18:38:14.460+0000] {spark_submit.py:645} INFO - 25/03/30 18:38:14 INFO MemoryStore: MemoryStore started with capacity 434.4 MiB
[2025-03-30T18:38:14.475+0000] {spark_submit.py:645} INFO - 25/03/30 18:38:14 INFO SparkEnv: Registering OutputCommitCoordinator
[2025-03-30T18:38:14.610+0000] {spark_submit.py:645} INFO - 25/03/30 18:38:14 INFO JettyUtils: Start Jetty 0.0.0.0:4040 for SparkUI
[2025-03-30T18:38:14.706+0000] {spark_submit.py:645} INFO - 25/03/30 18:38:14 INFO Utils: Successfully started service 'SparkUI' on port 4040.
[2025-03-30T18:38:14.746+0000] {spark_submit.py:645} INFO - 25/03/30 18:38:14 INFO SparkContext: Added JAR file:///opt/spark_job/jars/aws-java-sdk-bundle-1.12.262.jar at spark://4962f173392a:35909/jars/aws-java-sdk-bundle-1.12.262.jar with timestamp 1743359893969
[2025-03-30T18:38:14.747+0000] {spark_submit.py:645} INFO - 25/03/30 18:38:14 INFO SparkContext: Added JAR file:///opt/spark_job/jars/hadoop-aws-3.3.4.jar at spark://4962f173392a:35909/jars/hadoop-aws-3.3.4.jar with timestamp 1743359893969
[2025-03-30T18:38:14.840+0000] {spark_submit.py:645} INFO - 25/03/30 18:38:14 INFO StandaloneAppClient$ClientEndpoint: Connecting to master spark://spark-master:7077...
[2025-03-30T18:38:14.896+0000] {spark_submit.py:645} INFO - 25/03/30 18:38:14 INFO TransportClientFactory: Successfully created connection to spark-master/172.18.0.6:7077 after 29 ms (0 ms spent in bootstraps)
[2025-03-30T18:38:15.088+0000] {spark_submit.py:645} INFO - 25/03/30 18:38:15 INFO StandaloneSchedulerBackend: Connected to Spark cluster with app ID app-20250330183815-0009
[2025-03-30T18:38:15.103+0000] {spark_submit.py:645} INFO - 25/03/30 18:38:15 INFO StandaloneAppClient$ClientEndpoint: Executor added: app-20250330183815-0009/0 on worker-20250330171833-172.18.0.5-45767 (172.18.0.5:45767) with 1 core(s)
[2025-03-30T18:38:15.115+0000] {spark_submit.py:645} INFO - 25/03/30 18:38:15 INFO StandaloneSchedulerBackend: Granted executor ID app-20250330183815-0009/0 on hostPort 172.18.0.5:45767 with 1 core(s), 512.0 MiB RAM
[2025-03-30T18:38:15.116+0000] {spark_submit.py:645} INFO - 25/03/30 18:38:15 INFO StandaloneAppClient$ClientEndpoint: Executor added: app-20250330183815-0009/1 on worker-20250330171833-172.18.0.5-45767 (172.18.0.5:45767) with 1 core(s)
[2025-03-30T18:38:15.117+0000] {spark_submit.py:645} INFO - 25/03/30 18:38:15 INFO StandaloneSchedulerBackend: Granted executor ID app-20250330183815-0009/1 on hostPort 172.18.0.5:45767 with 1 core(s), 512.0 MiB RAM
[2025-03-30T18:38:15.118+0000] {spark_submit.py:645} INFO - 25/03/30 18:38:15 INFO StandaloneAppClient$ClientEndpoint: Executor added: app-20250330183815-0009/2 on worker-20250330171833-172.18.0.7-40325 (172.18.0.7:40325) with 1 core(s)
[2025-03-30T18:38:15.119+0000] {spark_submit.py:645} INFO - 25/03/30 18:38:15 INFO StandaloneSchedulerBackend: Granted executor ID app-20250330183815-0009/2 on hostPort 172.18.0.7:40325 with 1 core(s), 512.0 MiB RAM
[2025-03-30T18:38:15.120+0000] {spark_submit.py:645} INFO - 25/03/30 18:38:15 INFO StandaloneAppClient$ClientEndpoint: Executor added: app-20250330183815-0009/3 on worker-20250330171833-172.18.0.7-40325 (172.18.0.7:40325) with 1 core(s)
[2025-03-30T18:38:15.121+0000] {spark_submit.py:645} INFO - 25/03/30 18:38:15 INFO StandaloneSchedulerBackend: Granted executor ID app-20250330183815-0009/3 on hostPort 172.18.0.7:40325 with 1 core(s), 512.0 MiB RAM
[2025-03-30T18:38:15.121+0000] {spark_submit.py:645} INFO - 25/03/30 18:38:15 INFO Utils: Successfully started service 'org.apache.spark.network.netty.NettyBlockTransferService' on port 33853.
[2025-03-30T18:38:15.122+0000] {spark_submit.py:645} INFO - 25/03/30 18:38:15 INFO NettyBlockTransferService: Server created on 4962f173392a:33853
[2025-03-30T18:38:15.123+0000] {spark_submit.py:645} INFO - 25/03/30 18:38:15 INFO BlockManager: Using org.apache.spark.storage.RandomBlockReplicationPolicy for block replication policy
[2025-03-30T18:38:15.144+0000] {spark_submit.py:645} INFO - 25/03/30 18:38:15 INFO BlockManagerMaster: Registering BlockManager BlockManagerId(driver, 4962f173392a, 33853, None)
[2025-03-30T18:38:15.150+0000] {spark_submit.py:645} INFO - 25/03/30 18:38:15 INFO BlockManagerMasterEndpoint: Registering block manager 4962f173392a:33853 with 434.4 MiB RAM, BlockManagerId(driver, 4962f173392a, 33853, None)
[2025-03-30T18:38:15.188+0000] {spark_submit.py:645} INFO - 25/03/30 18:38:15 INFO BlockManagerMaster: Registered BlockManager BlockManagerId(driver, 4962f173392a, 33853, None)
[2025-03-30T18:38:15.189+0000] {spark_submit.py:645} INFO - 25/03/30 18:38:15 INFO BlockManager: Initialized BlockManager: BlockManagerId(driver, 4962f173392a, 33853, None)
[2025-03-30T18:38:15.556+0000] {spark_submit.py:645} INFO - 25/03/30 18:38:15 INFO StandaloneAppClient$ClientEndpoint: Executor updated: app-20250330183815-0009/3 is now RUNNING
[2025-03-30T18:38:15.573+0000] {spark_submit.py:645} INFO - 25/03/30 18:38:15 INFO StandaloneAppClient$ClientEndpoint: Executor updated: app-20250330183815-0009/2 is now RUNNING
[2025-03-30T18:38:15.642+0000] {spark_submit.py:645} INFO - 25/03/30 18:38:15 INFO StandaloneAppClient$ClientEndpoint: Executor updated: app-20250330183815-0009/0 is now RUNNING
[2025-03-30T18:38:15.643+0000] {spark_submit.py:645} INFO - 25/03/30 18:38:15 INFO StandaloneAppClient$ClientEndpoint: Executor updated: app-20250330183815-0009/1 is now RUNNING
[2025-03-30T18:38:16.092+0000] {spark_submit.py:645} INFO - 25/03/30 18:38:16 INFO StandaloneSchedulerBackend: SchedulerBackend is ready for scheduling beginning after reached minRegisteredResourcesRatio: 0.0
[2025-03-30T18:38:16.791+0000] {spark_submit.py:645} INFO - 2025-03-30 18:38:16,784 - INFO - Spark Session criada com sucesso
[2025-03-30T18:38:16.797+0000] {spark_submit.py:645} INFO - 3.5.3
[2025-03-30T18:38:16.800+0000] {spark_submit.py:645} INFO - 2025-03-30 18:38:16,784 - INFO - Leitura iniciada !!!!!!.
[2025-03-30T18:38:16.809+0000] {spark_submit.py:645} INFO - 25/03/30 18:38:16 INFO SharedState: Setting hive.metastore.warehouse.dir ('null') to the value of spark.sql.warehouse.dir.
[2025-03-30T18:38:16.840+0000] {spark_submit.py:645} INFO - 25/03/30 18:38:16 INFO SharedState: Warehouse path is 'file:/opt/spark-warehouse'.
[2025-03-30T18:38:18.900+0000] {spark_submit.py:645} INFO - 25/03/30 18:38:18 WARN MetricsConfig: Cannot locate configuration: tried hadoop-metrics2-s3a-file-system.properties,hadoop-metrics2.properties
[2025-03-30T18:38:18.951+0000] {spark_submit.py:645} INFO - 25/03/30 18:38:18 INFO MetricsSystemImpl: Scheduled Metric snapshot period at 10 second(s).
[2025-03-30T18:38:18.952+0000] {spark_submit.py:645} INFO - 25/03/30 18:38:18 INFO MetricsSystemImpl: s3a-file-system metrics system started
[2025-03-30T18:38:23.578+0000] {spark_submit.py:645} INFO - 25/03/30 18:38:23 INFO InMemoryFileIndex: It took 262 ms to list leaf files for 1 paths.
[2025-03-30T18:38:24.004+0000] {spark_submit.py:645} INFO - 25/03/30 18:38:24 INFO MemoryStore: Block broadcast_0 stored as values in memory (estimated size 209.2 KiB, free 434.2 MiB)
[2025-03-30T18:38:24.258+0000] {spark_submit.py:645} INFO - 25/03/30 18:38:24 INFO MemoryStore: Block broadcast_0_piece0 stored as bytes in memory (estimated size 35.4 KiB, free 434.2 MiB)
[2025-03-30T18:38:24.271+0000] {spark_submit.py:645} INFO - 25/03/30 18:38:24 INFO BlockManagerInfo: Added broadcast_0_piece0 in memory on 4962f173392a:33853 (size: 35.4 KiB, free: 434.4 MiB)
[2025-03-30T18:38:24.276+0000] {spark_submit.py:645} INFO - 25/03/30 18:38:24 INFO SparkContext: Created broadcast 0 from json at NativeMethodAccessorImpl.java:0
[2025-03-30T18:38:25.330+0000] {spark_submit.py:645} INFO - 25/03/30 18:38:25 INFO FileInputFormat: Total input files to process : 1
[2025-03-30T18:38:25.348+0000] {spark_submit.py:645} INFO - 25/03/30 18:38:25 INFO FileInputFormat: Total input files to process : 1
[2025-03-30T18:38:25.390+0000] {spark_submit.py:645} INFO - 25/03/30 18:38:25 INFO SparkContext: Starting job: json at NativeMethodAccessorImpl.java:0
[2025-03-30T18:38:25.461+0000] {spark_submit.py:645} INFO - 25/03/30 18:38:25 INFO DAGScheduler: Got job 0 (json at NativeMethodAccessorImpl.java:0) with 1 output partitions
[2025-03-30T18:38:25.462+0000] {spark_submit.py:645} INFO - 25/03/30 18:38:25 INFO DAGScheduler: Final stage: ResultStage 0 (json at NativeMethodAccessorImpl.java:0)
[2025-03-30T18:38:25.462+0000] {spark_submit.py:645} INFO - 25/03/30 18:38:25 INFO DAGScheduler: Parents of final stage: List()
[2025-03-30T18:38:25.469+0000] {spark_submit.py:645} INFO - 25/03/30 18:38:25 INFO DAGScheduler: Missing parents: List()
[2025-03-30T18:38:25.470+0000] {spark_submit.py:645} INFO - 25/03/30 18:38:25 INFO DAGScheduler: Submitting ResultStage 0 (MapPartitionsRDD[2] at json at NativeMethodAccessorImpl.java:0), which has no missing parents
[2025-03-30T18:38:25.611+0000] {spark_submit.py:645} INFO - 25/03/30 18:38:25 INFO StandaloneSchedulerBackend$StandaloneDriverEndpoint: Registered executor NettyRpcEndpointRef(spark-client://Executor) (172.18.0.7:34532) with ID 3,  ResourceProfileId 0
[2025-03-30T18:38:25.671+0000] {spark_submit.py:645} INFO - 25/03/30 18:38:25 INFO MemoryStore: Block broadcast_1 stored as values in memory (estimated size 9.3 KiB, free 434.2 MiB)
[2025-03-30T18:38:25.810+0000] {spark_submit.py:645} INFO - 25/03/30 18:38:25 INFO MemoryStore: Block broadcast_1_piece0 stored as bytes in memory (estimated size 5.0 KiB, free 434.1 MiB)
[2025-03-30T18:38:25.819+0000] {spark_submit.py:645} INFO - 25/03/30 18:38:25 INFO BlockManagerInfo: Added broadcast_1_piece0 in memory on 4962f173392a:33853 (size: 5.0 KiB, free: 434.4 MiB)
[2025-03-30T18:38:25.823+0000] {spark_submit.py:645} INFO - 25/03/30 18:38:25 INFO SparkContext: Created broadcast 1 from broadcast at DAGScheduler.scala:1585
[2025-03-30T18:38:25.865+0000] {spark_submit.py:645} INFO - 25/03/30 18:38:25 INFO DAGScheduler: Submitting 1 missing tasks from ResultStage 0 (MapPartitionsRDD[2] at json at NativeMethodAccessorImpl.java:0) (first 15 tasks are for partitions Vector(0))
[2025-03-30T18:38:25.868+0000] {spark_submit.py:645} INFO - 25/03/30 18:38:25 INFO TaskSchedulerImpl: Adding task set 0.0 with 1 tasks resource profile 0
[2025-03-30T18:38:25.974+0000] {spark_submit.py:645} INFO - 25/03/30 18:38:25 INFO BlockManagerMasterEndpoint: Registering block manager 172.18.0.7:38867 with 127.2 MiB RAM, BlockManagerId(3, 172.18.0.7, 38867, None)
[2025-03-30T18:38:25.984+0000] {spark_submit.py:645} INFO - 25/03/30 18:38:25 INFO StandaloneSchedulerBackend$StandaloneDriverEndpoint: Registered executor NettyRpcEndpointRef(spark-client://Executor) (172.18.0.7:34534) with ID 2,  ResourceProfileId 0
[2025-03-30T18:38:26.308+0000] {spark_submit.py:645} INFO - 25/03/30 18:38:26 INFO BlockManagerMasterEndpoint: Registering block manager 172.18.0.7:45453 with 127.2 MiB RAM, BlockManagerId(2, 172.18.0.7, 45453, None)
[2025-03-30T18:38:26.454+0000] {spark_submit.py:645} INFO - 25/03/30 18:38:26 INFO StandaloneSchedulerBackend$StandaloneDriverEndpoint: Registered executor NettyRpcEndpointRef(spark-client://Executor) (172.18.0.5:60980) with ID 1,  ResourceProfileId 0
[2025-03-30T18:38:27.131+0000] {spark_submit.py:645} INFO - 25/03/30 18:38:27 INFO BlockManagerMasterEndpoint: Registering block manager 172.18.0.5:34747 with 127.2 MiB RAM, BlockManagerId(1, 172.18.0.5, 34747, None)
[2025-03-30T18:38:27.206+0000] {spark_submit.py:645} INFO - 25/03/30 18:38:27 INFO StandaloneSchedulerBackend$StandaloneDriverEndpoint: Registered executor NettyRpcEndpointRef(spark-client://Executor) (172.18.0.5:60982) with ID 0,  ResourceProfileId 0
[2025-03-30T18:38:27.666+0000] {spark_submit.py:645} INFO - 25/03/30 18:38:27 INFO BlockManagerMasterEndpoint: Registering block manager 172.18.0.5:37625 with 127.2 MiB RAM, BlockManagerId(0, 172.18.0.5, 37625, None)
[2025-03-30T18:40:42.430+0000] {spark_submit.py:645} INFO - 25/03/30 18:40:42 ERROR TransportRequestHandler: Error sending result StreamResponse[streamId=/jars/aws-java-sdk-bundle-1.12.262.jar,byteCount=280645251,body=FileSegmentManagedBuffer[file=/opt/spark_job/jars/aws-java-sdk-bundle-1.12.262.jar,offset=0,length=280645251]] to /172.18.0.5:32768; closing connection
[2025-03-30T18:40:42.436+0000] {spark_submit.py:645} INFO - java.io.IOException: Broken pipe
[2025-03-30T18:40:42.476+0000] {spark_submit.py:645} INFO - at java.base/sun.nio.ch.FileChannelImpl.transferTo0(Native Method)
[2025-03-30T18:40:42.477+0000] {spark_submit.py:645} INFO - at java.base/sun.nio.ch.FileChannelImpl.transferToDirectlyInternal(FileChannelImpl.java:508)
[2025-03-30T18:40:42.477+0000] {spark_submit.py:645} INFO - at java.base/sun.nio.ch.FileChannelImpl.transferToDirectly(FileChannelImpl.java:573)
[2025-03-30T18:40:42.478+0000] {spark_submit.py:645} INFO - at java.base/sun.nio.ch.FileChannelImpl.transferTo(FileChannelImpl.java:695)
[2025-03-30T18:40:42.478+0000] {spark_submit.py:645} INFO - at io.netty.channel.DefaultFileRegion.transferTo(DefaultFileRegion.java:130)
[2025-03-30T18:40:42.479+0000] {spark_submit.py:645} INFO - at org.apache.spark.network.protocol.MessageWithHeader.transferTo(MessageWithHeader.java:121)
[2025-03-30T18:40:42.482+0000] {spark_submit.py:645} INFO - at io.netty.channel.socket.nio.NioSocketChannel.doWriteFileRegion(NioSocketChannel.java:369)
[2025-03-30T18:40:42.482+0000] {spark_submit.py:645} INFO - at io.netty.channel.nio.AbstractNioByteChannel.doWriteInternal(AbstractNioByteChannel.java:238)
[2025-03-30T18:40:42.483+0000] {spark_submit.py:645} INFO - at io.netty.channel.nio.AbstractNioByteChannel.doWrite0(AbstractNioByteChannel.java:212)
[2025-03-30T18:40:42.483+0000] {spark_submit.py:645} INFO - at io.netty.channel.socket.nio.NioSocketChannel.doWrite(NioSocketChannel.java:407)
[2025-03-30T18:40:42.483+0000] {spark_submit.py:645} INFO - at io.netty.channel.AbstractChannel$AbstractUnsafe.flush0(AbstractChannel.java:931)
[2025-03-30T18:40:42.484+0000] {spark_submit.py:645} INFO - at io.netty.channel.nio.AbstractNioChannel$AbstractNioUnsafe.forceFlush(AbstractNioChannel.java:361)
[2025-03-30T18:40:42.486+0000] {spark_submit.py:645} INFO - at io.netty.channel.nio.NioEventLoop.processSelectedKey(NioEventLoop.java:782)
[2025-03-30T18:40:42.524+0000] {spark_submit.py:645} INFO - at io.netty.channel.nio.NioEventLoop.processSelectedKeysOptimized(NioEventLoop.java:724)
[2025-03-30T18:40:42.525+0000] {spark_submit.py:645} INFO - at io.netty.channel.nio.NioEventLoop.processSelectedKeys(NioEventLoop.java:650)
[2025-03-30T18:40:42.526+0000] {spark_submit.py:645} INFO - at io.netty.channel.nio.NioEventLoop.run(NioEventLoop.java:562)
[2025-03-30T18:40:42.526+0000] {spark_submit.py:645} INFO - at io.netty.util.concurrent.SingleThreadEventExecutor$4.run(SingleThreadEventExecutor.java:997)
[2025-03-30T18:40:42.527+0000] {spark_submit.py:645} INFO - at io.netty.util.internal.ThreadExecutorMap$2.run(ThreadExecutorMap.java:74)
[2025-03-30T18:40:42.527+0000] {spark_submit.py:645} INFO - at io.netty.util.concurrent.FastThreadLocalRunnable.run(FastThreadLocalRunnable.java:30)
[2025-03-30T18:40:42.528+0000] {spark_submit.py:645} INFO - at java.base/java.lang.Thread.run(Thread.java:840)
[2025-03-30T18:40:43.397+0000] {spark_submit.py:645} INFO - 25/03/30 18:40:43 ERROR TaskSchedulerImpl: Lost executor 0 on 172.18.0.5: Unable to create executor due to null
[2025-03-30T18:40:43.431+0000] {spark_submit.py:645} INFO - 25/03/30 18:40:43 INFO DAGScheduler: Executor lost: 0 (epoch 0)
[2025-03-30T18:40:43.633+0000] {spark_submit.py:645} INFO - 25/03/30 18:40:43 INFO BlockManagerMasterEndpoint: Trying to remove executor 0 from BlockManagerMaster.
[2025-03-30T18:40:43.665+0000] {spark_submit.py:645} INFO - 25/03/30 18:40:43 INFO BlockManagerMasterEndpoint: Removing block manager BlockManagerId(0, 172.18.0.5, 37625, None)
[2025-03-30T18:40:43.679+0000] {spark_submit.py:645} INFO - 25/03/30 18:40:43 INFO BlockManagerMaster: Removed 0 successfully in removeExecutor
[2025-03-30T18:40:43.702+0000] {spark_submit.py:645} INFO - 25/03/30 18:40:43 INFO DAGScheduler: Shuffle files lost for executor: 0 (epoch 0)
[2025-03-30T18:40:46.801+0000] {spark_submit.py:645} INFO - 25/03/30 18:40:46 INFO StandaloneAppClient$ClientEndpoint: Executor updated: app-20250330183815-0009/0 is now EXITED (Command exited with code 1)
[2025-03-30T18:40:46.888+0000] {spark_submit.py:645} INFO - 25/03/30 18:40:46 INFO StandaloneSchedulerBackend: Executor app-20250330183815-0009/0 removed: Command exited with code 1
[2025-03-30T18:40:46.926+0000] {spark_submit.py:645} INFO - 25/03/30 18:40:46 INFO BlockManagerMaster: Removal of executor 0 requested
[2025-03-30T18:40:47.039+0000] {spark_submit.py:645} INFO - 25/03/30 18:40:46 INFO StandaloneSchedulerBackend$StandaloneDriverEndpoint: Asked to remove non-existent executor 0
[2025-03-30T18:40:47.182+0000] {spark_submit.py:645} INFO - 25/03/30 18:40:46 INFO BlockManagerMasterEndpoint: Trying to remove executor 0 from BlockManagerMaster.
[2025-03-30T18:40:47.378+0000] {spark_submit.py:645} INFO - 25/03/30 18:40:47 INFO StandaloneAppClient$ClientEndpoint: Executor added: app-20250330183815-0009/4 on worker-20250330171833-172.18.0.5-45767 (172.18.0.5:45767) with 1 core(s)
[2025-03-30T18:40:47.418+0000] {spark_submit.py:645} INFO - 25/03/30 18:40:47 INFO StandaloneSchedulerBackend: Granted executor ID app-20250330183815-0009/4 on hostPort 172.18.0.5:45767 with 1 core(s), 512.0 MiB RAM
[2025-03-30T18:40:49.001+0000] {spark_submit.py:645} INFO - 25/03/30 18:40:48 INFO StandaloneAppClient$ClientEndpoint: Executor updated: app-20250330183815-0009/4 is now RUNNING
[2025-03-30T18:40:58.631+0000] {spark_submit.py:645} INFO - 25/03/30 18:40:58 INFO TaskSetManager: Starting task 0.0 in stage 0.0 (TID 0) (172.18.0.7, executor 3, partition 0, PROCESS_LOCAL, 9420 bytes)
[2025-03-30T18:41:00.862+0000] {spark_submit.py:645} INFO - 25/03/30 18:41:00 INFO BlockManagerInfo: Added broadcast_1_piece0 in memory on 172.18.0.7:38867 (size: 5.0 KiB, free: 127.2 MiB)
[2025-03-30T18:41:03.527+0000] {spark_submit.py:645} INFO - 25/03/30 18:41:03 INFO BlockManagerInfo: Added broadcast_0_piece0 in memory on 172.18.0.7:38867 (size: 35.4 KiB, free: 127.2 MiB)
[2025-03-30T18:41:25.935+0000] {spark_submit.py:645} INFO - 25/03/30 18:41:25 INFO AsyncEventQueue: Process of event SparkListenerExecutorMetricsUpdate(driver,WrappedArray(),Map((-1,-1) -> org.apache.spark.executor.ExecutorMetrics@1753b657)) by listener AppStatusListener took 1.104785359s.
[2025-03-30T18:41:47.895+0000] {spark_submit.py:645} INFO - 25/03/30 18:41:47 INFO TaskSetManager: Finished task 0.0 in stage 0.0 (TID 0) in 49858 ms on 172.18.0.7 (executor 3) (1/1)
[2025-03-30T18:41:47.908+0000] {spark_submit.py:645} INFO - 25/03/30 18:41:47 INFO TaskSchedulerImpl: Removed TaskSet 0.0, whose tasks have all completed, from pool
[2025-03-30T18:41:47.931+0000] {spark_submit.py:645} INFO - 25/03/30 18:41:47 INFO DAGScheduler: ResultStage 0 (json at NativeMethodAccessorImpl.java:0) finished in 202.392 s
[2025-03-30T18:41:47.938+0000] {spark_submit.py:645} INFO - 25/03/30 18:41:47 INFO DAGScheduler: Job 0 is finished. Cancelling potential speculative or zombie tasks for this job
[2025-03-30T18:41:47.940+0000] {spark_submit.py:645} INFO - 25/03/30 18:41:47 INFO TaskSchedulerImpl: Killing all running tasks in stage 0: Stage finished
[2025-03-30T18:41:47.965+0000] {spark_submit.py:645} INFO - 25/03/30 18:41:47 INFO DAGScheduler: Job 0 finished: json at NativeMethodAccessorImpl.java:0, took 203.713220 s
[2025-03-30T18:42:05.731+0000] {spark_submit.py:645} INFO - 25/03/30 18:42:05 INFO BlockManagerInfo: Removed broadcast_0_piece0 on 4962f173392a:33853 in memory (size: 35.4 KiB, free: 434.4 MiB)
[2025-03-30T18:42:05.754+0000] {spark_submit.py:645} INFO - 25/03/30 18:42:05 INFO BlockManagerInfo: Removed broadcast_0_piece0 on 172.18.0.7:38867 in memory (size: 35.4 KiB, free: 127.2 MiB)
[2025-03-30T18:42:05.892+0000] {spark_submit.py:645} INFO - 2025-03-30 18:42:05,886 - INFO - Leitura finalizada !!!!!!!.
[2025-03-30T18:42:06.180+0000] {spark_submit.py:645} INFO - 2025-03-30 18:42:05,886 - INFO - Processo de transformação iniciada.
[2025-03-30T18:42:06.919+0000] {spark_submit.py:645} INFO - 25/03/30 18:42:06 INFO BlockManagerInfo: Removed broadcast_1_piece0 on 4962f173392a:33853 in memory (size: 5.0 KiB, free: 434.4 MiB)
[2025-03-30T18:42:08.352+0000] {spark_submit.py:645} INFO - 25/03/30 18:42:08 INFO BlockManagerInfo: Removed broadcast_1_piece0 on 172.18.0.7:38867 in memory (size: 5.0 KiB, free: 127.2 MiB)
[2025-03-30T18:42:10.945+0000] {spark_submit.py:645} INFO - 2025-03-30 18:42:10,888 - INFO - Processo de transformação iniciada.
[2025-03-30T18:42:11.285+0000] {spark_submit.py:645} INFO - 2025-03-30 18:42:10,889 - INFO - Carregando dados ao bucket de arquivos tratados.
[2025-03-30T18:42:12.038+0000] {spark_submit.py:645} INFO - 25/03/30 18:42:12 INFO StandaloneSchedulerBackend$StandaloneDriverEndpoint: Registered executor NettyRpcEndpointRef(spark-client://Executor) (172.18.0.5:44498) with ID 4,  ResourceProfileId 0
[2025-03-30T18:42:12.373+0000] {spark_submit.py:645} INFO - 25/03/30 18:42:12 INFO BlockManagerMasterEndpoint: Registering block manager 172.18.0.5:34019 with 127.2 MiB RAM, BlockManagerId(4, 172.18.0.5, 34019, None)
[2025-03-30T18:42:28.447+0000] {spark_submit.py:645} INFO - 25/03/30 18:42:28 INFO FileSourceStrategy: Pushed Filters:
[2025-03-30T18:42:28.448+0000] {spark_submit.py:645} INFO - 25/03/30 18:42:28 INFO FileSourceStrategy: Post-Scan Filters: (size(items#0.track.artists, true) > 0),isnotnull(items#0.track.artists)
[2025-03-30T18:42:34.747+0000] {spark_submit.py:645} INFO - 25/03/30 18:42:34 INFO CodeGenerator: Code generated in 3783.227846 ms
[2025-03-30T18:42:34.754+0000] {spark_submit.py:645} INFO - 25/03/30 18:42:34 INFO MemoryStore: Block broadcast_2 stored as values in memory (estimated size 208.7 KiB, free 434.2 MiB)
[2025-03-30T18:42:34.775+0000] {spark_submit.py:645} INFO - 25/03/30 18:42:34 INFO MemoryStore: Block broadcast_2_piece0 stored as bytes in memory (estimated size 35.4 KiB, free 434.2 MiB)
[2025-03-30T18:42:34.807+0000] {spark_submit.py:645} INFO - 25/03/30 18:42:34 INFO BlockManagerInfo: Added broadcast_2_piece0 in memory on 4962f173392a:33853 (size: 35.4 KiB, free: 434.4 MiB)
[2025-03-30T18:42:34.809+0000] {spark_submit.py:645} INFO - 25/03/30 18:42:34 INFO SparkContext: Created broadcast 2 from parquet at NativeMethodAccessorImpl.java:0
[2025-03-30T18:42:34.939+0000] {spark_submit.py:645} INFO - 25/03/30 18:42:34 INFO FileSourceScanExec: Planning scan with bin packing, max size: 4194304 bytes, open cost is considered as scanning 4194304 bytes.
[2025-03-30T18:42:36.593+0000] {spark_submit.py:645} INFO - 25/03/30 18:42:36 INFO DAGScheduler: Registering RDD 7 (parquet at NativeMethodAccessorImpl.java:0) as input to shuffle 0
[2025-03-30T18:42:36.735+0000] {spark_submit.py:645} INFO - 25/03/30 18:42:36 INFO DAGScheduler: Got map stage job 1 (parquet at NativeMethodAccessorImpl.java:0) with 1 output partitions
[2025-03-30T18:42:36.736+0000] {spark_submit.py:645} INFO - 25/03/30 18:42:36 INFO DAGScheduler: Final stage: ShuffleMapStage 1 (parquet at NativeMethodAccessorImpl.java:0)
[2025-03-30T18:42:36.737+0000] {spark_submit.py:645} INFO - 25/03/30 18:42:36 INFO DAGScheduler: Parents of final stage: List()
[2025-03-30T18:42:36.738+0000] {spark_submit.py:645} INFO - 25/03/30 18:42:36 INFO DAGScheduler: Missing parents: List()
[2025-03-30T18:42:36.741+0000] {spark_submit.py:645} INFO - 25/03/30 18:42:36 INFO DAGScheduler: Submitting ShuffleMapStage 1 (MapPartitionsRDD[7] at parquet at NativeMethodAccessorImpl.java:0), which has no missing parents
[2025-03-30T18:42:36.811+0000] {spark_submit.py:645} INFO - 25/03/30 18:42:36 INFO MemoryStore: Block broadcast_3 stored as values in memory (estimated size 90.9 KiB, free 434.1 MiB)
[2025-03-30T18:42:36.841+0000] {spark_submit.py:645} INFO - 25/03/30 18:42:36 INFO MemoryStore: Block broadcast_3_piece0 stored as bytes in memory (estimated size 30.6 KiB, free 434.0 MiB)
[2025-03-30T18:42:36.842+0000] {spark_submit.py:645} INFO - 25/03/30 18:42:36 INFO BlockManagerInfo: Added broadcast_3_piece0 in memory on 4962f173392a:33853 (size: 30.6 KiB, free: 434.3 MiB)
[2025-03-30T18:42:36.845+0000] {spark_submit.py:645} INFO - 25/03/30 18:42:36 INFO SparkContext: Created broadcast 3 from broadcast at DAGScheduler.scala:1585
[2025-03-30T18:42:36.847+0000] {spark_submit.py:645} INFO - 25/03/30 18:42:36 INFO DAGScheduler: Submitting 1 missing tasks from ShuffleMapStage 1 (MapPartitionsRDD[7] at parquet at NativeMethodAccessorImpl.java:0) (first 15 tasks are for partitions Vector(0))
[2025-03-30T18:42:36.847+0000] {spark_submit.py:645} INFO - 25/03/30 18:42:36 INFO TaskSchedulerImpl: Adding task set 1.0 with 1 tasks resource profile 0
[2025-03-30T18:42:36.853+0000] {spark_submit.py:645} INFO - 25/03/30 18:42:36 INFO TaskSetManager: Starting task 0.0 in stage 1.0 (TID 1) (172.18.0.7, executor 3, partition 0, PROCESS_LOCAL, 9880 bytes)
[2025-03-30T18:42:39.472+0000] {spark_submit.py:645} INFO - 25/03/30 18:42:39 INFO BlockManagerInfo: Added broadcast_3_piece0 in memory on 172.18.0.7:38867 (size: 30.6 KiB, free: 127.2 MiB)
[2025-03-30T18:43:29.031+0000] {spark_submit.py:645} INFO - 25/03/30 18:43:29 INFO BlockManagerInfo: Added broadcast_2_piece0 in memory on 172.18.0.7:38867 (size: 35.4 KiB, free: 127.1 MiB)
[2025-03-30T18:44:05.620+0000] {spark_submit.py:645} INFO - 25/03/30 18:44:05 INFO TaskSetManager: Finished task 0.0 in stage 1.0 (TID 1) in 88770 ms on 172.18.0.7 (executor 3) (1/1)
[2025-03-30T18:44:05.662+0000] {spark_submit.py:645} INFO - 25/03/30 18:44:05 INFO TaskSchedulerImpl: Removed TaskSet 1.0, whose tasks have all completed, from pool
[2025-03-30T18:44:05.667+0000] {spark_submit.py:645} INFO - 25/03/30 18:44:05 INFO DAGScheduler: ShuffleMapStage 1 (parquet at NativeMethodAccessorImpl.java:0) finished in 88.881 s
[2025-03-30T18:44:05.698+0000] {spark_submit.py:645} INFO - 25/03/30 18:44:05 INFO DAGScheduler: looking for newly runnable stages
[2025-03-30T18:44:05.699+0000] {spark_submit.py:645} INFO - 25/03/30 18:44:05 INFO DAGScheduler: running: Set()
[2025-03-30T18:44:05.699+0000] {spark_submit.py:645} INFO - 25/03/30 18:44:05 INFO DAGScheduler: waiting: Set()
[2025-03-30T18:44:05.700+0000] {spark_submit.py:645} INFO - 25/03/30 18:44:05 INFO DAGScheduler: failed: Set()
[2025-03-30T18:44:06.109+0000] {spark_submit.py:645} INFO - 25/03/30 18:44:06 INFO ShufflePartitionsUtil: For shuffle(0), advisory target size: 67108864, actual target size 1048576, minimum partition size: 1048576
[2025-03-30T18:44:21.780+0000] {spark_submit.py:645} INFO - 25/03/30 18:44:21 INFO ParquetUtils: Using default output committer for Parquet: org.apache.parquet.hadoop.ParquetOutputCommitter
[2025-03-30T18:44:23.279+0000] {spark_submit.py:645} INFO - 25/03/30 18:44:23 INFO FileOutputCommitter: File Output Committer Algorithm version is 1
[2025-03-30T18:44:23.330+0000] {spark_submit.py:645} INFO - 25/03/30 18:44:23 INFO FileOutputCommitter: FileOutputCommitter skip cleanup _temporary folders under output directory:false, ignore cleanup failures: false
[2025-03-30T18:44:23.331+0000] {spark_submit.py:645} INFO - 25/03/30 18:44:23 INFO SQLHadoopMapReduceCommitProtocol: Using user defined output committer class org.apache.parquet.hadoop.ParquetOutputCommitter
[2025-03-30T18:44:23.331+0000] {spark_submit.py:645} INFO - 25/03/30 18:44:23 INFO FileOutputCommitter: File Output Committer Algorithm version is 1
[2025-03-30T18:44:23.332+0000] {spark_submit.py:645} INFO - 25/03/30 18:44:23 INFO FileOutputCommitter: FileOutputCommitter skip cleanup _temporary folders under output directory:false, ignore cleanup failures: false
[2025-03-30T18:44:23.428+0000] {spark_submit.py:645} INFO - 25/03/30 18:44:23 INFO SQLHadoopMapReduceCommitProtocol: Using output committer class org.apache.parquet.hadoop.ParquetOutputCommitter
[2025-03-30T18:44:32.039+0000] {spark_submit.py:645} INFO - 25/03/30 18:44:32 INFO CodeGenerator: Code generated in 13.794153 ms
[2025-03-30T18:44:32.286+0000] {spark_submit.py:645} INFO - 25/03/30 18:44:32 INFO SparkContext: Starting job: parquet at NativeMethodAccessorImpl.java:0
[2025-03-30T18:44:32.289+0000] {spark_submit.py:645} INFO - 25/03/30 18:44:32 INFO DAGScheduler: Got job 2 (parquet at NativeMethodAccessorImpl.java:0) with 1 output partitions
[2025-03-30T18:44:32.290+0000] {spark_submit.py:645} INFO - 25/03/30 18:44:32 INFO DAGScheduler: Final stage: ResultStage 3 (parquet at NativeMethodAccessorImpl.java:0)
[2025-03-30T18:44:32.290+0000] {spark_submit.py:645} INFO - 25/03/30 18:44:32 INFO DAGScheduler: Parents of final stage: List(ShuffleMapStage 2)
[2025-03-30T18:44:32.291+0000] {spark_submit.py:645} INFO - 25/03/30 18:44:32 INFO DAGScheduler: Missing parents: List()
[2025-03-30T18:44:32.291+0000] {spark_submit.py:645} INFO - 25/03/30 18:44:32 INFO DAGScheduler: Submitting ResultStage 3 (MapPartitionsRDD[11] at parquet at NativeMethodAccessorImpl.java:0), which has no missing parents
[2025-03-30T18:44:32.523+0000] {spark_submit.py:645} INFO - 25/03/30 18:44:32 INFO MemoryStore: Block broadcast_4 stored as values in memory (estimated size 251.1 KiB, free 433.8 MiB)
[2025-03-30T18:44:32.587+0000] {spark_submit.py:645} INFO - 25/03/30 18:44:32 INFO BlockManagerInfo: Removed broadcast_3_piece0 on 172.18.0.7:38867 in memory (size: 30.6 KiB, free: 127.2 MiB)
[2025-03-30T18:44:32.616+0000] {spark_submit.py:645} INFO - 25/03/30 18:44:32 INFO MemoryStore: Block broadcast_4_piece0 stored as bytes in memory (estimated size 94.1 KiB, free 433.7 MiB)
[2025-03-30T18:44:32.620+0000] {spark_submit.py:645} INFO - 25/03/30 18:44:32 INFO BlockManagerInfo: Removed broadcast_3_piece0 on 4962f173392a:33853 in memory (size: 30.6 KiB, free: 434.4 MiB)
[2025-03-30T18:44:32.634+0000] {spark_submit.py:645} INFO - 25/03/30 18:44:32 INFO BlockManagerInfo: Added broadcast_4_piece0 in memory on 4962f173392a:33853 (size: 94.1 KiB, free: 434.3 MiB)
[2025-03-30T18:44:32.707+0000] {spark_submit.py:645} INFO - 25/03/30 18:44:32 INFO SparkContext: Created broadcast 4 from broadcast at DAGScheduler.scala:1585
[2025-03-30T18:44:32.708+0000] {spark_submit.py:645} INFO - 25/03/30 18:44:32 INFO DAGScheduler: Submitting 1 missing tasks from ResultStage 3 (MapPartitionsRDD[11] at parquet at NativeMethodAccessorImpl.java:0) (first 15 tasks are for partitions Vector(0))
[2025-03-30T18:44:32.830+0000] {spark_submit.py:645} INFO - 25/03/30 18:44:32 INFO TaskSchedulerImpl: Adding task set 3.0 with 1 tasks resource profile 0
[2025-03-30T18:44:32.904+0000] {spark_submit.py:645} INFO - 25/03/30 18:44:32 INFO TaskSetManager: Starting task 0.0 in stage 3.0 (TID 2) (172.18.0.7, executor 3, partition 0, NODE_LOCAL, 9289 bytes)
[2025-03-30T18:44:33.745+0000] {spark_submit.py:645} INFO - 25/03/30 18:44:33 INFO BlockManagerInfo: Added broadcast_4_piece0 in memory on 172.18.0.7:38867 (size: 94.1 KiB, free: 127.1 MiB)
[2025-03-30T18:44:41.419+0000] {spark_submit.py:645} INFO - 25/03/30 18:44:41 INFO MapOutputTrackerMasterEndpoint: Asked to send map output locations for shuffle 0 to 172.18.0.7:34532
[2025-03-30T18:45:22.165+0000] {spark_submit.py:645} INFO - 25/03/30 18:45:22 INFO TaskSetManager: Finished task 0.0 in stage 3.0 (TID 2) in 49533 ms on 172.18.0.7 (executor 3) (1/1)
[2025-03-30T18:45:22.166+0000] {spark_submit.py:645} INFO - 25/03/30 18:45:22 INFO TaskSchedulerImpl: Removed TaskSet 3.0, whose tasks have all completed, from pool
[2025-03-30T18:45:22.167+0000] {spark_submit.py:645} INFO - 25/03/30 18:45:22 INFO DAGScheduler: ResultStage 3 (parquet at NativeMethodAccessorImpl.java:0) finished in 49.853 s
[2025-03-30T18:45:22.168+0000] {spark_submit.py:645} INFO - 25/03/30 18:45:22 INFO DAGScheduler: Job 2 is finished. Cancelling potential speculative or zombie tasks for this job
[2025-03-30T18:45:22.169+0000] {spark_submit.py:645} INFO - 25/03/30 18:45:22 INFO TaskSchedulerImpl: Killing all running tasks in stage 3: Stage finished
[2025-03-30T18:45:22.170+0000] {spark_submit.py:645} INFO - 25/03/30 18:45:22 INFO DAGScheduler: Job 2 finished: parquet at NativeMethodAccessorImpl.java:0, took 49.889060 s
[2025-03-30T18:45:22.173+0000] {spark_submit.py:645} INFO - 25/03/30 18:45:22 INFO FileFormatWriter: Start to commit write Job 0ddbb5f5-e9d6-4ea3-8dda-0e7abe24fb99.
[2025-03-30T18:45:24.146+0000] {spark_submit.py:645} INFO - 25/03/30 18:45:24 INFO FileFormatWriter: Write Job 0ddbb5f5-e9d6-4ea3-8dda-0e7abe24fb99 committed. Elapsed time: 1971 ms.
[2025-03-30T18:45:24.150+0000] {spark_submit.py:645} INFO - 25/03/30 18:45:24 INFO FileFormatWriter: Finished processing stats for write job 0ddbb5f5-e9d6-4ea3-8dda-0e7abe24fb99.
[2025-03-30T18:45:24.156+0000] {spark_submit.py:645} INFO - 2025-03-30 18:45:24,155 - INFO - Data written successfully to s3a://processed/artists.parquet
[2025-03-30T18:45:24.288+0000] {spark_submit.py:645} INFO - 25/03/30 18:45:24 INFO FileSourceStrategy: Pushed Filters: IsNotNull(items)
[2025-03-30T18:45:24.289+0000] {spark_submit.py:645} INFO - 25/03/30 18:45:24 INFO FileSourceStrategy: Post-Scan Filters: (size(items#0, true) > 0),isnotnull(items#0)
[2025-03-30T18:45:24.516+0000] {spark_submit.py:645} INFO - 25/03/30 18:45:24 INFO BlockManagerInfo: Removed broadcast_4_piece0 on 4962f173392a:33853 in memory (size: 94.1 KiB, free: 434.4 MiB)
[2025-03-30T18:45:24.517+0000] {spark_submit.py:645} INFO - 25/03/30 18:45:24 INFO BlockManagerInfo: Removed broadcast_4_piece0 on 172.18.0.7:38867 in memory (size: 94.1 KiB, free: 127.2 MiB)
[2025-03-30T18:45:24.591+0000] {spark_submit.py:645} INFO - 25/03/30 18:45:24 INFO CodeGenerator: Code generated in 219.435201 ms
[2025-03-30T18:45:24.597+0000] {spark_submit.py:645} INFO - 25/03/30 18:45:24 INFO MemoryStore: Block broadcast_5 stored as values in memory (estimated size 208.7 KiB, free 434.0 MiB)
[2025-03-30T18:45:24.616+0000] {spark_submit.py:645} INFO - 25/03/30 18:45:24 INFO MemoryStore: Block broadcast_5_piece0 stored as bytes in memory (estimated size 35.4 KiB, free 433.9 MiB)
[2025-03-30T18:45:24.632+0000] {spark_submit.py:645} INFO - 25/03/30 18:45:24 INFO BlockManagerInfo: Added broadcast_5_piece0 in memory on 4962f173392a:33853 (size: 35.4 KiB, free: 434.3 MiB)
[2025-03-30T18:45:24.634+0000] {spark_submit.py:645} INFO - 25/03/30 18:45:24 INFO SparkContext: Created broadcast 5 from parquet at NativeMethodAccessorImpl.java:0
[2025-03-30T18:45:24.637+0000] {spark_submit.py:645} INFO - 25/03/30 18:45:24 INFO FileSourceScanExec: Planning scan with bin packing, max size: 4194304 bytes, open cost is considered as scanning 4194304 bytes.
[2025-03-30T18:45:24.709+0000] {spark_submit.py:645} INFO - 25/03/30 18:45:24 INFO DAGScheduler: Registering RDD 16 (parquet at NativeMethodAccessorImpl.java:0) as input to shuffle 1
[2025-03-30T18:45:24.711+0000] {spark_submit.py:645} INFO - 25/03/30 18:45:24 INFO DAGScheduler: Got map stage job 3 (parquet at NativeMethodAccessorImpl.java:0) with 1 output partitions
[2025-03-30T18:45:24.711+0000] {spark_submit.py:645} INFO - 25/03/30 18:45:24 INFO DAGScheduler: Final stage: ShuffleMapStage 4 (parquet at NativeMethodAccessorImpl.java:0)
[2025-03-30T18:45:24.712+0000] {spark_submit.py:645} INFO - 25/03/30 18:45:24 INFO DAGScheduler: Parents of final stage: List()
[2025-03-30T18:45:24.712+0000] {spark_submit.py:645} INFO - 25/03/30 18:45:24 INFO DAGScheduler: Missing parents: List()
[2025-03-30T18:45:24.713+0000] {spark_submit.py:645} INFO - 25/03/30 18:45:24 INFO DAGScheduler: Submitting ShuffleMapStage 4 (MapPartitionsRDD[16] at parquet at NativeMethodAccessorImpl.java:0), which has no missing parents
[2025-03-30T18:45:24.713+0000] {spark_submit.py:645} INFO - 25/03/30 18:45:24 INFO MemoryStore: Block broadcast_6 stored as values in memory (estimated size 148.9 KiB, free 433.8 MiB)
[2025-03-30T18:45:24.775+0000] {spark_submit.py:645} INFO - 25/03/30 18:45:24 INFO MemoryStore: Block broadcast_6_piece0 stored as bytes in memory (estimated size 42.8 KiB, free 433.7 MiB)
[2025-03-30T18:45:24.806+0000] {spark_submit.py:645} INFO - 25/03/30 18:45:24 INFO BlockManagerInfo: Added broadcast_6_piece0 in memory on 4962f173392a:33853 (size: 42.8 KiB, free: 434.3 MiB)
[2025-03-30T18:45:24.815+0000] {spark_submit.py:645} INFO - 25/03/30 18:45:24 INFO SparkContext: Created broadcast 6 from broadcast at DAGScheduler.scala:1585
[2025-03-30T18:45:24.817+0000] {spark_submit.py:645} INFO - 25/03/30 18:45:24 INFO DAGScheduler: Submitting 1 missing tasks from ShuffleMapStage 4 (MapPartitionsRDD[16] at parquet at NativeMethodAccessorImpl.java:0) (first 15 tasks are for partitions Vector(0))
[2025-03-30T18:45:24.818+0000] {spark_submit.py:645} INFO - 25/03/30 18:45:24 INFO TaskSchedulerImpl: Adding task set 4.0 with 1 tasks resource profile 0
[2025-03-30T18:45:24.819+0000] {spark_submit.py:645} INFO - 25/03/30 18:45:24 INFO TaskSetManager: Starting task 0.0 in stage 4.0 (TID 3) (172.18.0.7, executor 3, partition 0, PROCESS_LOCAL, 9880 bytes)
[2025-03-30T18:45:24.843+0000] {spark_submit.py:645} INFO - 25/03/30 18:45:24 INFO BlockManagerInfo: Added broadcast_6_piece0 in memory on 172.18.0.7:38867 (size: 42.8 KiB, free: 127.1 MiB)
[2025-03-30T18:45:24.902+0000] {spark_submit.py:645} INFO - 25/03/30 18:45:24 INFO BlockManagerInfo: Removed broadcast_2_piece0 on 4962f173392a:33853 in memory (size: 35.4 KiB, free: 434.3 MiB)
[2025-03-30T18:45:24.914+0000] {spark_submit.py:645} INFO - 25/03/30 18:45:24 INFO BlockManagerInfo: Removed broadcast_2_piece0 on 172.18.0.7:38867 in memory (size: 35.4 KiB, free: 127.2 MiB)
[2025-03-30T18:45:25.803+0000] {spark_submit.py:645} INFO - 25/03/30 18:45:25 INFO BlockManagerInfo: Added broadcast_5_piece0 in memory on 172.18.0.7:38867 (size: 35.4 KiB, free: 127.1 MiB)
[2025-03-30T18:45:26.988+0000] {spark_submit.py:645} INFO - 25/03/30 18:45:26 INFO TaskSetManager: Finished task 0.0 in stage 4.0 (TID 3) in 2176 ms on 172.18.0.7 (executor 3) (1/1)
[2025-03-30T18:45:26.989+0000] {spark_submit.py:645} INFO - 25/03/30 18:45:26 INFO TaskSchedulerImpl: Removed TaskSet 4.0, whose tasks have all completed, from pool
[2025-03-30T18:45:26.989+0000] {spark_submit.py:645} INFO - 25/03/30 18:45:26 INFO DAGScheduler: ShuffleMapStage 4 (parquet at NativeMethodAccessorImpl.java:0) finished in 2.282 s
[2025-03-30T18:45:26.990+0000] {spark_submit.py:645} INFO - 25/03/30 18:45:26 INFO DAGScheduler: looking for newly runnable stages
[2025-03-30T18:45:26.990+0000] {spark_submit.py:645} INFO - 25/03/30 18:45:26 INFO DAGScheduler: running: Set()
[2025-03-30T18:45:26.991+0000] {spark_submit.py:645} INFO - 25/03/30 18:45:26 INFO DAGScheduler: waiting: Set()
[2025-03-30T18:45:26.992+0000] {spark_submit.py:645} INFO - 25/03/30 18:45:26 INFO DAGScheduler: failed: Set()
[2025-03-30T18:45:26.995+0000] {spark_submit.py:645} INFO - 25/03/30 18:45:26 INFO ShufflePartitionsUtil: For shuffle(1), advisory target size: 67108864, actual target size 1048576, minimum partition size: 1048576
[2025-03-30T18:45:27.106+0000] {spark_submit.py:645} INFO - 25/03/30 18:45:27 INFO ParquetUtils: Using default output committer for Parquet: org.apache.parquet.hadoop.ParquetOutputCommitter
[2025-03-30T18:45:27.108+0000] {spark_submit.py:645} INFO - 25/03/30 18:45:27 INFO FileOutputCommitter: File Output Committer Algorithm version is 1
[2025-03-30T18:45:27.109+0000] {spark_submit.py:645} INFO - 25/03/30 18:45:27 INFO FileOutputCommitter: FileOutputCommitter skip cleanup _temporary folders under output directory:false, ignore cleanup failures: false
[2025-03-30T18:45:27.109+0000] {spark_submit.py:645} INFO - 25/03/30 18:45:27 INFO SQLHadoopMapReduceCommitProtocol: Using user defined output committer class org.apache.parquet.hadoop.ParquetOutputCommitter
[2025-03-30T18:45:27.110+0000] {spark_submit.py:645} INFO - 25/03/30 18:45:27 INFO FileOutputCommitter: File Output Committer Algorithm version is 1
[2025-03-30T18:45:27.110+0000] {spark_submit.py:645} INFO - 25/03/30 18:45:27 INFO FileOutputCommitter: FileOutputCommitter skip cleanup _temporary folders under output directory:false, ignore cleanup failures: false
[2025-03-30T18:45:27.110+0000] {spark_submit.py:645} INFO - 25/03/30 18:45:27 INFO SQLHadoopMapReduceCommitProtocol: Using output committer class org.apache.parquet.hadoop.ParquetOutputCommitter
[2025-03-30T18:45:27.495+0000] {spark_submit.py:645} INFO - 25/03/30 18:45:27 INFO SparkContext: Starting job: parquet at NativeMethodAccessorImpl.java:0
[2025-03-30T18:45:27.497+0000] {spark_submit.py:645} INFO - 25/03/30 18:45:27 INFO DAGScheduler: Got job 4 (parquet at NativeMethodAccessorImpl.java:0) with 1 output partitions
[2025-03-30T18:45:27.497+0000] {spark_submit.py:645} INFO - 25/03/30 18:45:27 INFO DAGScheduler: Final stage: ResultStage 6 (parquet at NativeMethodAccessorImpl.java:0)
[2025-03-30T18:45:27.498+0000] {spark_submit.py:645} INFO - 25/03/30 18:45:27 INFO DAGScheduler: Parents of final stage: List(ShuffleMapStage 5)
[2025-03-30T18:45:27.498+0000] {spark_submit.py:645} INFO - 25/03/30 18:45:27 INFO DAGScheduler: Missing parents: List()
[2025-03-30T18:45:27.499+0000] {spark_submit.py:645} INFO - 25/03/30 18:45:27 INFO DAGScheduler: Submitting ResultStage 6 (MapPartitionsRDD[20] at parquet at NativeMethodAccessorImpl.java:0), which has no missing parents
[2025-03-30T18:45:27.541+0000] {spark_submit.py:645} INFO - 25/03/30 18:45:27 INFO MemoryStore: Block broadcast_7 stored as values in memory (estimated size 254.6 KiB, free 433.7 MiB)
[2025-03-30T18:45:27.560+0000] {spark_submit.py:645} INFO - 25/03/30 18:45:27 INFO MemoryStore: Block broadcast_7_piece0 stored as bytes in memory (estimated size 94.8 KiB, free 433.6 MiB)
[2025-03-30T18:45:27.591+0000] {spark_submit.py:645} INFO - 25/03/30 18:45:27 INFO BlockManagerInfo: Removed broadcast_6_piece0 on 4962f173392a:33853 in memory (size: 42.8 KiB, free: 434.4 MiB)
[2025-03-30T18:45:27.592+0000] {spark_submit.py:645} INFO - 25/03/30 18:45:27 INFO BlockManagerInfo: Removed broadcast_6_piece0 on 172.18.0.7:38867 in memory (size: 42.8 KiB, free: 127.2 MiB)
[2025-03-30T18:45:27.593+0000] {spark_submit.py:645} INFO - 25/03/30 18:45:27 INFO BlockManagerInfo: Added broadcast_7_piece0 in memory on 4962f173392a:33853 (size: 94.8 KiB, free: 434.3 MiB)
[2025-03-30T18:45:27.594+0000] {spark_submit.py:645} INFO - 25/03/30 18:45:27 INFO SparkContext: Created broadcast 7 from broadcast at DAGScheduler.scala:1585
[2025-03-30T18:45:27.595+0000] {spark_submit.py:645} INFO - 25/03/30 18:45:27 INFO DAGScheduler: Submitting 1 missing tasks from ResultStage 6 (MapPartitionsRDD[20] at parquet at NativeMethodAccessorImpl.java:0) (first 15 tasks are for partitions Vector(0))
[2025-03-30T18:45:27.596+0000] {spark_submit.py:645} INFO - 25/03/30 18:45:27 INFO TaskSchedulerImpl: Adding task set 6.0 with 1 tasks resource profile 0
[2025-03-30T18:45:27.597+0000] {spark_submit.py:645} INFO - 25/03/30 18:45:27 INFO TaskSetManager: Starting task 0.0 in stage 6.0 (TID 4) (172.18.0.7, executor 2, partition 0, NODE_LOCAL, 9289 bytes)
[2025-03-30T18:45:30.557+0000] {spark_submit.py:645} INFO - 25/03/30 18:45:30 INFO BlockManagerInfo: Added broadcast_7_piece0 in memory on 172.18.0.7:45453 (size: 94.8 KiB, free: 127.1 MiB)
[2025-03-30T18:45:31.919+0000] {spark_submit.py:645} INFO - 25/03/30 18:45:31 INFO MapOutputTrackerMasterEndpoint: Asked to send map output locations for shuffle 1 to 172.18.0.7:34534
[2025-03-30T18:46:02.311+0000] {spark_submit.py:645} INFO - 25/03/30 18:46:02 INFO TaskSetManager: Finished task 0.0 in stage 6.0 (TID 4) in 34713 ms on 172.18.0.7 (executor 2) (1/1)
[2025-03-30T18:46:02.312+0000] {spark_submit.py:645} INFO - 25/03/30 18:46:02 INFO TaskSchedulerImpl: Removed TaskSet 6.0, whose tasks have all completed, from pool
[2025-03-30T18:46:02.321+0000] {spark_submit.py:645} INFO - 25/03/30 18:46:02 INFO DAGScheduler: ResultStage 6 (parquet at NativeMethodAccessorImpl.java:0) finished in 34.798 s
[2025-03-30T18:46:02.326+0000] {spark_submit.py:645} INFO - 25/03/30 18:46:02 INFO DAGScheduler: Job 4 is finished. Cancelling potential speculative or zombie tasks for this job
[2025-03-30T18:46:02.327+0000] {spark_submit.py:645} INFO - 25/03/30 18:46:02 INFO TaskSchedulerImpl: Killing all running tasks in stage 6: Stage finished
[2025-03-30T18:46:02.327+0000] {spark_submit.py:645} INFO - 25/03/30 18:46:02 INFO DAGScheduler: Job 4 finished: parquet at NativeMethodAccessorImpl.java:0, took 34.825248 s
[2025-03-30T18:46:02.328+0000] {spark_submit.py:645} INFO - 25/03/30 18:46:02 INFO FileFormatWriter: Start to commit write Job e139a623-2394-4d26-bae5-54f44b98bc37.
[2025-03-30T18:46:05.804+0000] {spark_submit.py:645} INFO - 25/03/30 18:46:05 INFO FileFormatWriter: Write Job e139a623-2394-4d26-bae5-54f44b98bc37 committed. Elapsed time: 3489 ms.
[2025-03-30T18:46:05.808+0000] {spark_submit.py:645} INFO - 25/03/30 18:46:05 INFO FileFormatWriter: Finished processing stats for write job e139a623-2394-4d26-bae5-54f44b98bc37.
[2025-03-30T18:46:05.810+0000] {spark_submit.py:645} INFO - 2025-03-30 18:46:05,809 - INFO - Data written successfully to s3a://processed/albums.parquet
[2025-03-30T18:46:06.112+0000] {spark_submit.py:645} INFO - 25/03/30 18:46:06 INFO FileSourceStrategy: Pushed Filters: IsNotNull(items)
[2025-03-30T18:46:06.113+0000] {spark_submit.py:645} INFO - 25/03/30 18:46:06 INFO FileSourceStrategy: Post-Scan Filters: (size(items#0, true) > 0),isnotnull(items#0)
[2025-03-30T18:46:06.341+0000] {spark_submit.py:645} INFO - 25/03/30 18:46:06 INFO BlockManagerInfo: Removed broadcast_7_piece0 on 4962f173392a:33853 in memory (size: 94.8 KiB, free: 434.4 MiB)
[2025-03-30T18:46:06.347+0000] {spark_submit.py:645} INFO - 25/03/30 18:46:06 INFO BlockManagerInfo: Removed broadcast_7_piece0 on 172.18.0.7:45453 in memory (size: 94.8 KiB, free: 127.2 MiB)
[2025-03-30T18:46:06.402+0000] {spark_submit.py:645} INFO - 25/03/30 18:46:06 INFO CodeGenerator: Code generated in 210.266601 ms
[2025-03-30T18:46:06.409+0000] {spark_submit.py:645} INFO - 25/03/30 18:46:06 INFO MemoryStore: Block broadcast_8 stored as values in memory (estimated size 208.7 KiB, free 434.0 MiB)
[2025-03-30T18:46:06.479+0000] {spark_submit.py:645} INFO - 25/03/30 18:46:06 INFO MemoryStore: Block broadcast_8_piece0 stored as bytes in memory (estimated size 35.4 KiB, free 433.9 MiB)
[2025-03-30T18:46:06.509+0000] {spark_submit.py:645} INFO - 25/03/30 18:46:06 INFO BlockManagerInfo: Added broadcast_8_piece0 in memory on 4962f173392a:33853 (size: 35.4 KiB, free: 434.3 MiB)
[2025-03-30T18:46:06.511+0000] {spark_submit.py:645} INFO - 25/03/30 18:46:06 INFO SparkContext: Created broadcast 8 from parquet at NativeMethodAccessorImpl.java:0
[2025-03-30T18:46:06.514+0000] {spark_submit.py:645} INFO - 25/03/30 18:46:06 INFO FileSourceScanExec: Planning scan with bin packing, max size: 4194304 bytes, open cost is considered as scanning 4194304 bytes.
[2025-03-30T18:46:06.536+0000] {spark_submit.py:645} INFO - 25/03/30 18:46:06 INFO DAGScheduler: Registering RDD 25 (parquet at NativeMethodAccessorImpl.java:0) as input to shuffle 2
[2025-03-30T18:46:06.539+0000] {spark_submit.py:645} INFO - 25/03/30 18:46:06 INFO DAGScheduler: Got map stage job 5 (parquet at NativeMethodAccessorImpl.java:0) with 1 output partitions
[2025-03-30T18:46:06.540+0000] {spark_submit.py:645} INFO - 25/03/30 18:46:06 INFO DAGScheduler: Final stage: ShuffleMapStage 7 (parquet at NativeMethodAccessorImpl.java:0)
[2025-03-30T18:46:06.540+0000] {spark_submit.py:645} INFO - 25/03/30 18:46:06 INFO DAGScheduler: Parents of final stage: List()
[2025-03-30T18:46:06.541+0000] {spark_submit.py:645} INFO - 25/03/30 18:46:06 INFO DAGScheduler: Missing parents: List()
[2025-03-30T18:46:06.542+0000] {spark_submit.py:645} INFO - 25/03/30 18:46:06 INFO DAGScheduler: Submitting ShuffleMapStage 7 (MapPartitionsRDD[25] at parquet at NativeMethodAccessorImpl.java:0), which has no missing parents
[2025-03-30T18:46:06.551+0000] {spark_submit.py:645} INFO - 25/03/30 18:46:06 INFO MemoryStore: Block broadcast_9 stored as values in memory (estimated size 180.5 KiB, free 433.7 MiB)
[2025-03-30T18:46:06.598+0000] {spark_submit.py:645} INFO - 25/03/30 18:46:06 INFO MemoryStore: Block broadcast_9_piece0 stored as bytes in memory (estimated size 50.5 KiB, free 433.7 MiB)
[2025-03-30T18:46:06.704+0000] {spark_submit.py:645} INFO - 25/03/30 18:46:06 INFO BlockManagerInfo: Added broadcast_9_piece0 in memory on 4962f173392a:33853 (size: 50.5 KiB, free: 434.3 MiB)
[2025-03-30T18:46:06.731+0000] {spark_submit.py:645} INFO - 25/03/30 18:46:06 INFO SparkContext: Created broadcast 9 from broadcast at DAGScheduler.scala:1585
[2025-03-30T18:46:06.731+0000] {spark_submit.py:645} INFO - 25/03/30 18:46:06 INFO DAGScheduler: Submitting 1 missing tasks from ShuffleMapStage 7 (MapPartitionsRDD[25] at parquet at NativeMethodAccessorImpl.java:0) (first 15 tasks are for partitions Vector(0))
[2025-03-30T18:46:06.732+0000] {spark_submit.py:645} INFO - 25/03/30 18:46:06 INFO TaskSchedulerImpl: Adding task set 7.0 with 1 tasks resource profile 0
[2025-03-30T18:46:06.733+0000] {spark_submit.py:645} INFO - 25/03/30 18:46:06 INFO TaskSetManager: Starting task 0.0 in stage 7.0 (TID 5) (172.18.0.5, executor 1, partition 0, PROCESS_LOCAL, 9880 bytes)
[2025-03-30T18:46:06.735+0000] {spark_submit.py:645} INFO - 25/03/30 18:46:06 INFO BlockManagerInfo: Removed broadcast_5_piece0 on 4962f173392a:33853 in memory (size: 35.4 KiB, free: 434.3 MiB)
[2025-03-30T18:46:06.740+0000] {spark_submit.py:645} INFO - 25/03/30 18:46:06 INFO BlockManagerInfo: Removed broadcast_5_piece0 on 172.18.0.7:38867 in memory (size: 35.4 KiB, free: 127.2 MiB)
[2025-03-30T18:46:12.384+0000] {spark_submit.py:645} INFO - 25/03/30 18:46:12 INFO BlockManagerInfo: Added broadcast_9_piece0 in memory on 172.18.0.5:34747 (size: 50.5 KiB, free: 127.2 MiB)
[2025-03-30T18:46:28.108+0000] {spark_submit.py:645} INFO - 25/03/30 18:46:28 INFO BlockManagerInfo: Added broadcast_8_piece0 in memory on 172.18.0.5:34747 (size: 35.4 KiB, free: 127.1 MiB)
[2025-03-30T18:46:38.231+0000] {spark_submit.py:645} INFO - 25/03/30 18:46:38 INFO TaskSetManager: Finished task 0.0 in stage 7.0 (TID 5) in 31489 ms on 172.18.0.5 (executor 1) (1/1)
[2025-03-30T18:46:38.242+0000] {spark_submit.py:645} INFO - 25/03/30 18:46:38 INFO TaskSchedulerImpl: Removed TaskSet 7.0, whose tasks have all completed, from pool
[2025-03-30T18:46:38.249+0000] {spark_submit.py:645} INFO - 25/03/30 18:46:38 INFO DAGScheduler: ShuffleMapStage 7 (parquet at NativeMethodAccessorImpl.java:0) finished in 31.677 s
[2025-03-30T18:46:38.250+0000] {spark_submit.py:645} INFO - 25/03/30 18:46:38 INFO DAGScheduler: looking for newly runnable stages
[2025-03-30T18:46:38.251+0000] {spark_submit.py:645} INFO - 25/03/30 18:46:38 INFO DAGScheduler: running: Set()
[2025-03-30T18:46:38.252+0000] {spark_submit.py:645} INFO - 25/03/30 18:46:38 INFO DAGScheduler: waiting: Set()
[2025-03-30T18:46:38.253+0000] {spark_submit.py:645} INFO - 25/03/30 18:46:38 INFO DAGScheduler: failed: Set()
[2025-03-30T18:46:38.280+0000] {spark_submit.py:645} INFO - 25/03/30 18:46:38 INFO ShufflePartitionsUtil: For shuffle(2), advisory target size: 67108864, actual target size 1048576, minimum partition size: 1048576
[2025-03-30T18:46:39.021+0000] {spark_submit.py:645} INFO - 25/03/30 18:46:39 INFO ParquetUtils: Using default output committer for Parquet: org.apache.parquet.hadoop.ParquetOutputCommitter
[2025-03-30T18:46:39.057+0000] {spark_submit.py:645} INFO - 25/03/30 18:46:39 INFO FileOutputCommitter: File Output Committer Algorithm version is 1
[2025-03-30T18:46:39.058+0000] {spark_submit.py:645} INFO - 25/03/30 18:46:39 INFO FileOutputCommitter: FileOutputCommitter skip cleanup _temporary folders under output directory:false, ignore cleanup failures: false
[2025-03-30T18:46:39.058+0000] {spark_submit.py:645} INFO - 25/03/30 18:46:39 INFO SQLHadoopMapReduceCommitProtocol: Using user defined output committer class org.apache.parquet.hadoop.ParquetOutputCommitter
[2025-03-30T18:46:39.058+0000] {spark_submit.py:645} INFO - 25/03/30 18:46:39 INFO FileOutputCommitter: File Output Committer Algorithm version is 1
[2025-03-30T18:46:39.059+0000] {spark_submit.py:645} INFO - 25/03/30 18:46:39 INFO FileOutputCommitter: FileOutputCommitter skip cleanup _temporary folders under output directory:false, ignore cleanup failures: false
[2025-03-30T18:46:39.059+0000] {spark_submit.py:645} INFO - 25/03/30 18:46:39 INFO SQLHadoopMapReduceCommitProtocol: Using output committer class org.apache.parquet.hadoop.ParquetOutputCommitter
[2025-03-30T18:46:39.564+0000] {spark_submit.py:645} INFO - 25/03/30 18:46:39 INFO SparkContext: Starting job: parquet at NativeMethodAccessorImpl.java:0
[2025-03-30T18:46:39.566+0000] {spark_submit.py:645} INFO - 25/03/30 18:46:39 INFO DAGScheduler: Got job 6 (parquet at NativeMethodAccessorImpl.java:0) with 1 output partitions
[2025-03-30T18:46:39.566+0000] {spark_submit.py:645} INFO - 25/03/30 18:46:39 INFO DAGScheduler: Final stage: ResultStage 9 (parquet at NativeMethodAccessorImpl.java:0)
[2025-03-30T18:46:39.567+0000] {spark_submit.py:645} INFO - 25/03/30 18:46:39 INFO DAGScheduler: Parents of final stage: List(ShuffleMapStage 8)
[2025-03-30T18:46:39.568+0000] {spark_submit.py:645} INFO - 25/03/30 18:46:39 INFO DAGScheduler: Missing parents: List()
[2025-03-30T18:46:39.568+0000] {spark_submit.py:645} INFO - 25/03/30 18:46:39 INFO DAGScheduler: Submitting ResultStage 9 (MapPartitionsRDD[29] at parquet at NativeMethodAccessorImpl.java:0), which has no missing parents
[2025-03-30T18:46:39.605+0000] {spark_submit.py:645} INFO - 25/03/30 18:46:39 INFO MemoryStore: Block broadcast_10 stored as values in memory (estimated size 260.6 KiB, free 433.7 MiB)
[2025-03-30T18:46:39.655+0000] {spark_submit.py:645} INFO - 25/03/30 18:46:39 INFO MemoryStore: Block broadcast_10_piece0 stored as bytes in memory (estimated size 96.7 KiB, free 433.6 MiB)
[2025-03-30T18:46:39.742+0000] {spark_submit.py:645} INFO - 25/03/30 18:46:39 INFO BlockManagerInfo: Added broadcast_10_piece0 in memory on 4962f173392a:33853 (size: 96.7 KiB, free: 434.2 MiB)
[2025-03-30T18:46:39.743+0000] {spark_submit.py:645} INFO - 25/03/30 18:46:39 INFO SparkContext: Created broadcast 10 from broadcast at DAGScheduler.scala:1585
[2025-03-30T18:46:39.744+0000] {spark_submit.py:645} INFO - 25/03/30 18:46:39 INFO DAGScheduler: Submitting 1 missing tasks from ResultStage 9 (MapPartitionsRDD[29] at parquet at NativeMethodAccessorImpl.java:0) (first 15 tasks are for partitions Vector(0))
[2025-03-30T18:46:39.745+0000] {spark_submit.py:645} INFO - 25/03/30 18:46:39 INFO TaskSchedulerImpl: Adding task set 9.0 with 1 tasks resource profile 0
[2025-03-30T18:46:39.746+0000] {spark_submit.py:645} INFO - 25/03/30 18:46:39 INFO TaskSetManager: Starting task 0.0 in stage 9.0 (TID 6) (172.18.0.5, executor 4, partition 0, NODE_LOCAL, 9289 bytes)
[2025-03-30T18:46:41.223+0000] {spark_submit.py:645} INFO - 25/03/30 18:46:41 INFO BlockManagerInfo: Added broadcast_10_piece0 in memory on 172.18.0.5:34019 (size: 96.7 KiB, free: 127.1 MiB)
[2025-03-30T18:46:43.807+0000] {spark_submit.py:645} INFO - 25/03/30 18:46:43 INFO MapOutputTrackerMasterEndpoint: Asked to send map output locations for shuffle 2 to 172.18.0.5:44498
[2025-03-30T18:47:08.471+0000] {spark_submit.py:645} INFO - 25/03/30 18:47:08 INFO TaskSetManager: Finished task 0.0 in stage 9.0 (TID 6) in 28725 ms on 172.18.0.5 (executor 4) (1/1)
[2025-03-30T18:47:08.472+0000] {spark_submit.py:645} INFO - 25/03/30 18:47:08 INFO TaskSchedulerImpl: Removed TaskSet 9.0, whose tasks have all completed, from pool
[2025-03-30T18:47:08.473+0000] {spark_submit.py:645} INFO - 25/03/30 18:47:08 INFO DAGScheduler: ResultStage 9 (parquet at NativeMethodAccessorImpl.java:0) finished in 28.899 s
[2025-03-30T18:47:08.474+0000] {spark_submit.py:645} INFO - 25/03/30 18:47:08 INFO DAGScheduler: Job 6 is finished. Cancelling potential speculative or zombie tasks for this job
[2025-03-30T18:47:08.476+0000] {spark_submit.py:645} INFO - 25/03/30 18:47:08 INFO TaskSchedulerImpl: Killing all running tasks in stage 9: Stage finished
[2025-03-30T18:47:08.477+0000] {spark_submit.py:645} INFO - 25/03/30 18:47:08 INFO DAGScheduler: Job 6 finished: parquet at NativeMethodAccessorImpl.java:0, took 28.911698 s
[2025-03-30T18:47:08.477+0000] {spark_submit.py:645} INFO - 25/03/30 18:47:08 INFO FileFormatWriter: Start to commit write Job 7797524b-e6b9-4316-939a-40cbc01d960e.
[2025-03-30T18:47:11.464+0000] {spark_submit.py:645} INFO - 25/03/30 18:47:11 INFO FileFormatWriter: Write Job 7797524b-e6b9-4316-939a-40cbc01d960e committed. Elapsed time: 2986 ms.
[2025-03-30T18:47:11.465+0000] {spark_submit.py:645} INFO - 25/03/30 18:47:11 INFO FileFormatWriter: Finished processing stats for write job 7797524b-e6b9-4316-939a-40cbc01d960e.
[2025-03-30T18:47:11.465+0000] {spark_submit.py:645} INFO - 2025-03-30 18:47:11,465 - INFO - Data written successfully to s3a://processed/songs.parquet
[2025-03-30T18:47:11.466+0000] {spark_submit.py:645} INFO - 2025-03-30 18:47:11,465 - INFO - Processo finalizado.
[2025-03-30T18:47:11.467+0000] {spark_submit.py:645} INFO - 25/03/30 18:47:11 INFO SparkContext: SparkContext is stopping with exitCode 0.
[2025-03-30T18:47:11.514+0000] {spark_submit.py:645} INFO - 25/03/30 18:47:11 INFO SparkUI: Stopped Spark web UI at http://4962f173392a:4040
[2025-03-30T18:47:11.519+0000] {spark_submit.py:645} INFO - 25/03/30 18:47:11 INFO StandaloneSchedulerBackend: Shutting down all executors
[2025-03-30T18:47:11.520+0000] {spark_submit.py:645} INFO - 25/03/30 18:47:11 INFO StandaloneSchedulerBackend$StandaloneDriverEndpoint: Asking each executor to shut down
[2025-03-30T18:47:11.626+0000] {spark_submit.py:645} INFO - 25/03/30 18:47:11 INFO MapOutputTrackerMasterEndpoint: MapOutputTrackerMasterEndpoint stopped!
[2025-03-30T18:47:12.025+0000] {spark_submit.py:645} INFO - 25/03/30 18:47:12 INFO MemoryStore: MemoryStore cleared
[2025-03-30T18:47:12.027+0000] {spark_submit.py:645} INFO - 25/03/30 18:47:12 INFO BlockManager: BlockManager stopped
[2025-03-30T18:47:12.059+0000] {spark_submit.py:645} INFO - 25/03/30 18:47:12 INFO BlockManagerMaster: BlockManagerMaster stopped
[2025-03-30T18:47:12.072+0000] {spark_submit.py:645} INFO - 25/03/30 18:47:12 INFO OutputCommitCoordinator$OutputCommitCoordinatorEndpoint: OutputCommitCoordinator stopped!
[2025-03-30T18:47:12.226+0000] {spark_submit.py:645} INFO - 25/03/30 18:47:12 INFO SparkContext: Successfully stopped SparkContext
[2025-03-30T18:47:12.604+0000] {spark_submit.py:645} INFO - 2025-03-30 18:47:12,596 - INFO - Closing down clientserver connection
[2025-03-30T18:47:12.714+0000] {spark_submit.py:645} INFO - 25/03/30 18:47:12 INFO ShutdownHookManager: Shutdown hook called
[2025-03-30T18:47:12.714+0000] {spark_submit.py:645} INFO - 25/03/30 18:47:12 INFO ShutdownHookManager: Deleting directory /tmp/spark-3f0b3ed7-ea3a-4ffc-af0d-70edfb254147/pyspark-43f0f4b5-712f-4ce9-bfb0-57b672d741dd
[2025-03-30T18:47:12.772+0000] {spark_submit.py:645} INFO - 25/03/30 18:47:12 INFO ShutdownHookManager: Deleting directory /tmp/spark-3f0b3ed7-ea3a-4ffc-af0d-70edfb254147
[2025-03-30T18:47:12.846+0000] {spark_submit.py:645} INFO - 25/03/30 18:47:12 INFO ShutdownHookManager: Deleting directory /tmp/spark-da49ebad-63c2-49a2-969a-632731b84735
[2025-03-30T18:47:12.865+0000] {spark_submit.py:645} INFO - 25/03/30 18:47:12 INFO MetricsSystemImpl: Stopping s3a-file-system metrics system...
[2025-03-30T18:47:12.865+0000] {spark_submit.py:645} INFO - 25/03/30 18:47:12 INFO MetricsSystemImpl: s3a-file-system metrics system stopped.
[2025-03-30T18:47:12.867+0000] {spark_submit.py:645} INFO - 25/03/30 18:47:12 INFO MetricsSystemImpl: s3a-file-system metrics system shutdown complete.
[2025-03-30T18:47:12.977+0000] {python.py:237} INFO - Done. Returned value was: None
[2025-03-30T18:47:12.978+0000] {taskinstance.py:441} INFO - ::group::Post task execution logs
[2025-03-30T18:47:13.047+0000] {taskinstance.py:1206} INFO - Marking task as SUCCESS. dag_id=etl_pipeline, task_id=transformation, run_id=manual__2025-03-26T13:33:39.761724+00:00, execution_date=20250326T133339, start_date=20250330T183809, end_date=20250330T184713
[2025-03-30T18:47:13.155+0000] {local_task_job_runner.py:240} INFO - Task exited with return code 0
[2025-03-30T18:47:13.174+0000] {taskinstance.py:3503} INFO - 0 downstream tasks scheduled from follow-on schedule check
[2025-03-30T18:47:13.220+0000] {local_task_job_runner.py:222} INFO - ::endgroup::
