[2025-03-30T16:15:52.389+0000] {local_task_job_runner.py:120} INFO - ::group::Pre task execution logs
[2025-03-30T16:15:52.428+0000] {taskinstance.py:2076} INFO - Dependencies all met for dep_context=non-requeueable deps ti=<TaskInstance: etl_pipeline.transformation manual__2025-03-26T13:33:39.761724+00:00 [queued]>
[2025-03-30T16:15:52.437+0000] {taskinstance.py:2076} INFO - Dependencies all met for dep_context=requeueable deps ti=<TaskInstance: etl_pipeline.transformation manual__2025-03-26T13:33:39.761724+00:00 [queued]>
[2025-03-30T16:15:52.438+0000] {taskinstance.py:2306} INFO - Starting attempt 57 of 58
[2025-03-30T16:15:52.469+0000] {taskinstance.py:2330} INFO - Executing <Task(PythonOperator): transformation> on 2025-03-26 13:33:39.761724+00:00
[2025-03-30T16:15:52.476+0000] {standard_task_runner.py:63} INFO - Started process 399 to run task
[2025-03-30T16:15:52.479+0000] {standard_task_runner.py:90} INFO - Running: ['***', 'tasks', 'run', 'etl_pipeline', 'transformation', 'manual__2025-03-26T13:33:39.761724+00:00', '--job-id', '105', '--raw', '--subdir', 'DAGS_FOLDER/etl_pipeline.py', '--cfg-path', '/tmp/tmp4yyek30n']
[2025-03-30T16:15:52.481+0000] {standard_task_runner.py:91} INFO - Job 105: Subtask transformation
[2025-03-30T16:15:52.563+0000] {task_command.py:426} INFO - Running <TaskInstance: etl_pipeline.transformation manual__2025-03-26T13:33:39.761724+00:00 [running]> on host 0078b745cbba
[2025-03-30T16:15:52.802+0000] {taskinstance.py:2648} INFO - Exporting env vars: AIRFLOW_CTX_DAG_OWNER='lobobranco' AIRFLOW_CTX_DAG_ID='etl_pipeline' AIRFLOW_CTX_TASK_ID='transformation' AIRFLOW_CTX_EXECUTION_DATE='2025-03-26T13:33:39.761724+00:00' AIRFLOW_CTX_TRY_NUMBER='57' AIRFLOW_CTX_DAG_RUN_ID='manual__2025-03-26T13:33:39.761724+00:00'
[2025-03-30T16:15:52.803+0000] {taskinstance.py:430} INFO - ::endgroup::
[2025-03-30T16:15:52.833+0000] {etl_pipeline.py:76} INFO - Transforming data from file: s3://raw/playlist_20250329_132856.json
[2025-03-30T16:15:52.834+0000] {logging_mixin.py:188} INFO - File Path: s3://raw/playlist_20250329_132856.json
[2025-03-30T16:15:52.835+0000] {logging_mixin.py:188} INFO - Processed Bucket: processed
[2025-03-30T16:15:52.836+0000] {baseoperator.py:400} WARNING - SparkSubmitOperator.execute cannot be called outside TaskInstance!
[2025-03-30T16:15:52.851+0000] {base.py:84} INFO - Using connection ID 'spark_default' for task execution.
[2025-03-30T16:15:52.852+0000] {spark_submit.py:328} ERROR - Failed to decode base64 keytab: Incorrect padding
[2025-03-30T16:15:52.853+0000] {spark_submit.py:305} INFO - Could not load connection string spark_default, defaulting to spark://spark-master:7077
[2025-03-30T16:15:52.855+0000] {spark_submit.py:474} INFO - Spark-Submit cmd: spark-submit --master spark://spark-master:7077 --conf spark.executor.memory=512m --conf spark.executor.cores=1 --conf spark.jars=/opt/spark_job/jars/aws-java-sdk-bundle-1.12.262.jar,/opt/spark_job/jars/hadoop-aws-3.3.4.jar --conf spark.hadoop.fs.s3a.endpoint=http://minio:9000 --conf spark.hadoop.fs.s3a.access.key=admin --conf spark.hadoop.fs.s3a.secret.key=****** --conf spark.hadoop.fs.s3a.impl=org.apache.hadoop.fs.s3a.S3AFileSystem --conf spark.hadoop.fs.s3a.path.style.access=true --principal *** --name arrow-spark --verbose --deploy-mode client /opt/spark_job/data_transformation.py s3://raw/playlist_20250329_132856.json processed
[2025-03-30T16:15:52.898+0000] {spark_submit.py:645} INFO - /home/***/.local/lib/python3.11/site-packages/pyspark/bin/load-spark-env.sh: line 68: ps: command not found
[2025-03-30T16:15:54.765+0000] {spark_submit.py:645} INFO - Using properties file: null
[2025-03-30T16:15:54.956+0000] {spark_submit.py:645} INFO - Parsed arguments:
[2025-03-30T16:15:54.957+0000] {spark_submit.py:645} INFO - master                  spark://spark-master:7077
[2025-03-30T16:15:54.958+0000] {spark_submit.py:645} INFO - remote                  null
[2025-03-30T16:15:54.959+0000] {spark_submit.py:645} INFO - deployMode              client
[2025-03-30T16:15:54.959+0000] {spark_submit.py:645} INFO - executorMemory          512m
[2025-03-30T16:15:54.960+0000] {spark_submit.py:645} INFO - executorCores           1
[2025-03-30T16:15:54.960+0000] {spark_submit.py:645} INFO - totalExecutorCores      null
[2025-03-30T16:15:54.961+0000] {spark_submit.py:645} INFO - propertiesFile          null
[2025-03-30T16:15:54.962+0000] {spark_submit.py:645} INFO - driverMemory            null
[2025-03-30T16:15:54.963+0000] {spark_submit.py:645} INFO - driverCores             null
[2025-03-30T16:15:54.964+0000] {spark_submit.py:645} INFO - driverExtraClassPath    null
[2025-03-30T16:15:54.965+0000] {spark_submit.py:645} INFO - driverExtraLibraryPath  null
[2025-03-30T16:15:54.966+0000] {spark_submit.py:645} INFO - driverExtraJavaOptions  null
[2025-03-30T16:15:54.966+0000] {spark_submit.py:645} INFO - supervise               false
[2025-03-30T16:15:54.967+0000] {spark_submit.py:645} INFO - queue                   null
[2025-03-30T16:15:54.967+0000] {spark_submit.py:645} INFO - numExecutors            null
[2025-03-30T16:15:54.968+0000] {spark_submit.py:645} INFO - files                   null
[2025-03-30T16:15:54.969+0000] {spark_submit.py:645} INFO - pyFiles                 null
[2025-03-30T16:15:54.969+0000] {spark_submit.py:645} INFO - archives                null
[2025-03-30T16:15:54.969+0000] {spark_submit.py:645} INFO - mainClass               null
[2025-03-30T16:15:54.970+0000] {spark_submit.py:645} INFO - primaryResource         file:/opt/spark_job/data_transformation.py
[2025-03-30T16:15:54.970+0000] {spark_submit.py:645} INFO - name                    arrow-spark
[2025-03-30T16:15:54.971+0000] {spark_submit.py:645} INFO - childArgs               [s3://raw/playlist_20250329_132856.json processed]
[2025-03-30T16:15:54.971+0000] {spark_submit.py:645} INFO - jars                    /opt/spark_job/jars/aws-java-sdk-bundle-1.12.262.jar,/opt/spark_job/jars/hadoop-aws-3.3.4.jar
[2025-03-30T16:15:54.972+0000] {spark_submit.py:645} INFO - packages                null
[2025-03-30T16:15:54.972+0000] {spark_submit.py:645} INFO - packagesExclusions      null
[2025-03-30T16:15:54.973+0000] {spark_submit.py:645} INFO - repositories            null
[2025-03-30T16:15:54.974+0000] {spark_submit.py:645} INFO - verbose                 true
[2025-03-30T16:15:54.978+0000] {spark_submit.py:645} INFO - 
[2025-03-30T16:15:54.982+0000] {spark_submit.py:645} INFO - Spark properties used, including those specified through
[2025-03-30T16:15:54.982+0000] {spark_submit.py:645} INFO - --conf and those from the properties file null:
[2025-03-30T16:15:54.982+0000] {spark_submit.py:645} INFO - (spark.executor.cores,1)
[2025-03-30T16:15:54.983+0000] {spark_submit.py:645} INFO - (spark.executor.memory,512m)
[2025-03-30T16:15:54.984+0000] {spark_submit.py:645} INFO - (spark.hadoop.fs.s3a.access.key,*********(redacted))
[2025-03-30T16:15:54.985+0000] {spark_submit.py:645} INFO - (spark.hadoop.fs.s3a.endpoint,http://minio:9000)
[2025-03-30T16:15:54.986+0000] {spark_submit.py:645} INFO - (spark.hadoop.fs.s3a.impl,org.apache.hadoop.fs.s3a.S3AFileSystem)
[2025-03-30T16:15:54.986+0000] {spark_submit.py:645} INFO - (spark.hadoop.fs.s3a.path.style.access,true)
[2025-03-30T16:15:54.993+0000] {spark_submit.py:645} INFO - (spark.hadoop.fs.s3a.secret.key,*********(redacted))
[2025-03-30T16:15:54.994+0000] {spark_submit.py:645} INFO - (spark.jars,/opt/spark_job/jars/aws-java-sdk-bundle-1.12.262.jar,/opt/spark_job/jars/hadoop-aws-3.3.4.jar)
[2025-03-30T16:15:54.994+0000] {spark_submit.py:645} INFO - 
[2025-03-30T16:15:54.995+0000] {spark_submit.py:645} INFO - 
[2025-03-30T16:15:55.331+0000] {spark_submit.py:645} INFO - 25/03/30 16:15:55 WARN NativeCodeLoader: Unable to load native-hadoop library for your platform... using builtin-java classes where applicable
[2025-03-30T16:15:55.605+0000] {spark_submit.py:645} INFO - Main class:
[2025-03-30T16:15:55.606+0000] {spark_submit.py:645} INFO - org.apache.spark.deploy.PythonRunner
[2025-03-30T16:15:55.607+0000] {spark_submit.py:645} INFO - Arguments:
[2025-03-30T16:15:55.607+0000] {spark_submit.py:645} INFO - file:/opt/spark_job/data_transformation.py
[2025-03-30T16:15:55.608+0000] {spark_submit.py:645} INFO - null
[2025-03-30T16:15:55.608+0000] {spark_submit.py:645} INFO - s3://raw/playlist_20250329_132856.json
[2025-03-30T16:15:55.609+0000] {spark_submit.py:645} INFO - processed
[2025-03-30T16:15:55.610+0000] {spark_submit.py:645} INFO - Spark config:
[2025-03-30T16:15:55.610+0000] {spark_submit.py:645} INFO - (spark.app.name,arrow-spark)
[2025-03-30T16:15:55.611+0000] {spark_submit.py:645} INFO - (spark.app.submitTime,1743351355587)
[2025-03-30T16:15:55.611+0000] {spark_submit.py:645} INFO - (spark.executor.cores,1)
[2025-03-30T16:15:55.612+0000] {spark_submit.py:645} INFO - (spark.executor.memory,512m)
[2025-03-30T16:15:55.613+0000] {spark_submit.py:645} INFO - (spark.hadoop.fs.s3a.access.key,*********(redacted))
[2025-03-30T16:15:55.613+0000] {spark_submit.py:645} INFO - (spark.hadoop.fs.s3a.endpoint,http://minio:9000)
[2025-03-30T16:15:55.614+0000] {spark_submit.py:645} INFO - (spark.hadoop.fs.s3a.impl,org.apache.hadoop.fs.s3a.S3AFileSystem)
[2025-03-30T16:15:55.614+0000] {spark_submit.py:645} INFO - (spark.hadoop.fs.s3a.path.style.access,true)
[2025-03-30T16:15:55.614+0000] {spark_submit.py:645} INFO - (spark.hadoop.fs.s3a.secret.key,*********(redacted))
[2025-03-30T16:15:55.615+0000] {spark_submit.py:645} INFO - (spark.jars,file:///opt/spark_job/jars/aws-java-sdk-bundle-1.12.262.jar,file:///opt/spark_job/jars/hadoop-aws-3.3.4.jar)
[2025-03-30T16:15:55.615+0000] {spark_submit.py:645} INFO - (spark.kerberos.principal,***)
[2025-03-30T16:15:55.616+0000] {spark_submit.py:645} INFO - (spark.master,spark://spark-master:7077)
[2025-03-30T16:15:55.616+0000] {spark_submit.py:645} INFO - (spark.repl.local.jars,file:///opt/spark_job/jars/aws-java-sdk-bundle-1.12.262.jar,file:///opt/spark_job/jars/hadoop-aws-3.3.4.jar)
[2025-03-30T16:15:55.617+0000] {spark_submit.py:645} INFO - (spark.submit.deployMode,client)
[2025-03-30T16:15:55.617+0000] {spark_submit.py:645} INFO - (spark.submit.pyFiles,)
[2025-03-30T16:15:55.618+0000] {spark_submit.py:645} INFO - Classpath elements:
[2025-03-30T16:15:55.618+0000] {spark_submit.py:645} INFO - file:///opt/spark_job/jars/aws-java-sdk-bundle-1.12.262.jar
[2025-03-30T16:15:55.618+0000] {spark_submit.py:645} INFO - file:///opt/spark_job/jars/hadoop-aws-3.3.4.jar
[2025-03-30T16:15:55.619+0000] {spark_submit.py:645} INFO - 
[2025-03-30T16:15:55.619+0000] {spark_submit.py:645} INFO - 
[2025-03-30T16:15:56.499+0000] {spark_submit.py:645} INFO - 2025-03-30 16:15:56,498 - INFO - Iniciando a configuração da Spark Session
[2025-03-30T16:15:57.394+0000] {spark_submit.py:645} INFO - 25/03/30 16:15:57 INFO SparkContext: Running Spark version 3.5.5
[2025-03-30T16:15:57.395+0000] {spark_submit.py:645} INFO - 25/03/30 16:15:57 INFO SparkContext: OS info Linux, 5.15.153.1-microsoft-standard-WSL2, amd64
[2025-03-30T16:15:57.395+0000] {spark_submit.py:645} INFO - 25/03/30 16:15:57 INFO SparkContext: Java version 17.0.14
[2025-03-30T16:15:57.426+0000] {spark_submit.py:645} INFO - 25/03/30 16:15:57 INFO ResourceUtils: ==============================================================
[2025-03-30T16:15:57.427+0000] {spark_submit.py:645} INFO - 25/03/30 16:15:57 INFO ResourceUtils: No custom resources configured for spark.driver.
[2025-03-30T16:15:57.428+0000] {spark_submit.py:645} INFO - 25/03/30 16:15:57 INFO ResourceUtils: ==============================================================
[2025-03-30T16:15:57.429+0000] {spark_submit.py:645} INFO - 25/03/30 16:15:57 INFO SparkContext: Submitted application: Minio Integration with PySpark
[2025-03-30T16:15:57.453+0000] {spark_submit.py:645} INFO - 25/03/30 16:15:57 INFO ResourceProfile: Default ResourceProfile created, executor resources: Map(cores -> name: cores, amount: 1, script: , vendor: , memory -> name: memory, amount: 512, script: , vendor: , offHeap -> name: offHeap, amount: 0, script: , vendor: ), task resources: Map(cpus -> name: cpus, amount: 1.0)
[2025-03-30T16:15:57.467+0000] {spark_submit.py:645} INFO - 25/03/30 16:15:57 INFO ResourceProfile: Limiting resource is cpus at 1 tasks per executor
[2025-03-30T16:15:57.470+0000] {spark_submit.py:645} INFO - 25/03/30 16:15:57 INFO ResourceProfileManager: Added ResourceProfile id: 0
[2025-03-30T16:15:57.547+0000] {spark_submit.py:645} INFO - 25/03/30 16:15:57 INFO SecurityManager: Changing view acls to: ***
[2025-03-30T16:15:57.548+0000] {spark_submit.py:645} INFO - 25/03/30 16:15:57 INFO SecurityManager: Changing modify acls to: ***
[2025-03-30T16:15:57.550+0000] {spark_submit.py:645} INFO - 25/03/30 16:15:57 INFO SecurityManager: Changing view acls groups to:
[2025-03-30T16:15:57.552+0000] {spark_submit.py:645} INFO - 25/03/30 16:15:57 INFO SecurityManager: Changing modify acls groups to:
[2025-03-30T16:15:57.554+0000] {spark_submit.py:645} INFO - 25/03/30 16:15:57 INFO SecurityManager: SecurityManager: authentication disabled; ui acls disabled; users with view permissions: ***; groups with view permissions: EMPTY; users with modify permissions: ***; groups with modify permissions: EMPTY
[2025-03-30T16:15:57.787+0000] {spark_submit.py:645} INFO - 25/03/30 16:15:57 INFO Utils: Successfully started service 'sparkDriver' on port 41331.
[2025-03-30T16:15:57.828+0000] {spark_submit.py:645} INFO - 25/03/30 16:15:57 INFO SparkEnv: Registering MapOutputTracker
[2025-03-30T16:15:57.870+0000] {spark_submit.py:645} INFO - 25/03/30 16:15:57 INFO SparkEnv: Registering BlockManagerMaster
[2025-03-30T16:15:57.890+0000] {spark_submit.py:645} INFO - 25/03/30 16:15:57 INFO BlockManagerMasterEndpoint: Using org.apache.spark.storage.DefaultTopologyMapper for getting topology information
[2025-03-30T16:15:57.891+0000] {spark_submit.py:645} INFO - 25/03/30 16:15:57 INFO BlockManagerMasterEndpoint: BlockManagerMasterEndpoint up
[2025-03-30T16:15:57.895+0000] {spark_submit.py:645} INFO - 25/03/30 16:15:57 INFO SparkEnv: Registering BlockManagerMasterHeartbeat
[2025-03-30T16:15:57.915+0000] {spark_submit.py:645} INFO - 25/03/30 16:15:57 INFO DiskBlockManager: Created local directory at /tmp/blockmgr-7d11f713-b88e-4989-8748-8c4bc2f70789
[2025-03-30T16:15:57.927+0000] {spark_submit.py:645} INFO - 25/03/30 16:15:57 INFO MemoryStore: MemoryStore started with capacity 434.4 MiB
[2025-03-30T16:15:57.940+0000] {spark_submit.py:645} INFO - 25/03/30 16:15:57 INFO SparkEnv: Registering OutputCommitCoordinator
[2025-03-30T16:15:58.100+0000] {spark_submit.py:645} INFO - 25/03/30 16:15:58 INFO JettyUtils: Start Jetty 0.0.0.0:4040 for SparkUI
[2025-03-30T16:15:58.240+0000] {spark_submit.py:645} INFO - 25/03/30 16:15:58 INFO Utils: Successfully started service 'SparkUI' on port 4040.
[2025-03-30T16:15:58.317+0000] {spark_submit.py:645} INFO - 25/03/30 16:15:58 INFO SparkContext: Added JAR file:///opt/spark_job/jars/aws-java-sdk-bundle-1.12.262.jar at spark://0078b745cbba:41331/jars/aws-java-sdk-bundle-1.12.262.jar with timestamp 1743351357385
[2025-03-30T16:15:58.318+0000] {spark_submit.py:645} INFO - 25/03/30 16:15:58 INFO SparkContext: Added JAR file:///opt/spark_job/jars/hadoop-aws-3.3.4.jar at spark://0078b745cbba:41331/jars/hadoop-aws-3.3.4.jar with timestamp 1743351357385
[2025-03-30T16:15:58.408+0000] {spark_submit.py:645} INFO - 25/03/30 16:15:58 INFO StandaloneAppClient$ClientEndpoint: Connecting to master spark://spark-master:7077...
[2025-03-30T16:15:58.455+0000] {spark_submit.py:645} INFO - 25/03/30 16:15:58 INFO TransportClientFactory: Successfully created connection to spark-master/172.18.0.7:7077 after 28 ms (0 ms spent in bootstraps)
[2025-03-30T16:15:58.569+0000] {spark_submit.py:645} INFO - 25/03/30 16:15:58 INFO StandaloneSchedulerBackend: Connected to Spark cluster with app ID app-20250330161558-0001
[2025-03-30T16:15:58.570+0000] {spark_submit.py:645} INFO - 25/03/30 16:15:58 INFO StandaloneAppClient$ClientEndpoint: Executor added: app-20250330161558-0001/0 on worker-20250330161211-172.18.0.5-39215 (172.18.0.5:39215) with 1 core(s)
[2025-03-30T16:15:58.572+0000] {spark_submit.py:645} INFO - 25/03/30 16:15:58 INFO StandaloneSchedulerBackend: Granted executor ID app-20250330161558-0001/0 on hostPort 172.18.0.5:39215 with 1 core(s), 512.0 MiB RAM
[2025-03-30T16:15:58.573+0000] {spark_submit.py:645} INFO - 25/03/30 16:15:58 INFO StandaloneAppClient$ClientEndpoint: Executor added: app-20250330161558-0001/1 on worker-20250330161211-172.18.0.5-39215 (172.18.0.5:39215) with 1 core(s)
[2025-03-30T16:15:58.577+0000] {spark_submit.py:645} INFO - 25/03/30 16:15:58 INFO StandaloneSchedulerBackend: Granted executor ID app-20250330161558-0001/1 on hostPort 172.18.0.5:39215 with 1 core(s), 512.0 MiB RAM
[2025-03-30T16:15:58.587+0000] {spark_submit.py:645} INFO - 25/03/30 16:15:58 INFO StandaloneAppClient$ClientEndpoint: Executor added: app-20250330161558-0001/2 on worker-20250330161211-172.18.0.6-45483 (172.18.0.6:45483) with 1 core(s)
[2025-03-30T16:15:58.588+0000] {spark_submit.py:645} INFO - 25/03/30 16:15:58 INFO StandaloneSchedulerBackend: Granted executor ID app-20250330161558-0001/2 on hostPort 172.18.0.6:45483 with 1 core(s), 512.0 MiB RAM
[2025-03-30T16:15:58.627+0000] {spark_submit.py:645} INFO - 25/03/30 16:15:58 INFO Utils: Successfully started service 'org.apache.spark.network.netty.NettyBlockTransferService' on port 42619.
[2025-03-30T16:15:58.628+0000] {spark_submit.py:645} INFO - 25/03/30 16:15:58 INFO NettyBlockTransferService: Server created on 0078b745cbba:42619
[2025-03-30T16:15:58.631+0000] {spark_submit.py:645} INFO - 25/03/30 16:15:58 INFO BlockManager: Using org.apache.spark.storage.RandomBlockReplicationPolicy for block replication policy
[2025-03-30T16:15:58.640+0000] {spark_submit.py:645} INFO - 25/03/30 16:15:58 INFO StandaloneAppClient$ClientEndpoint: Executor added: app-20250330161558-0001/3 on worker-20250330161211-172.18.0.6-45483 (172.18.0.6:45483) with 1 core(s)
[2025-03-30T16:15:58.642+0000] {spark_submit.py:645} INFO - 25/03/30 16:15:58 INFO StandaloneSchedulerBackend: Granted executor ID app-20250330161558-0001/3 on hostPort 172.18.0.6:45483 with 1 core(s), 512.0 MiB RAM
[2025-03-30T16:15:58.645+0000] {spark_submit.py:645} INFO - 25/03/30 16:15:58 INFO BlockManagerMaster: Registering BlockManager BlockManagerId(driver, 0078b745cbba, 42619, None)
[2025-03-30T16:15:58.655+0000] {spark_submit.py:645} INFO - 25/03/30 16:15:58 INFO BlockManagerMasterEndpoint: Registering block manager 0078b745cbba:42619 with 434.4 MiB RAM, BlockManagerId(driver, 0078b745cbba, 42619, None)
[2025-03-30T16:15:58.663+0000] {spark_submit.py:645} INFO - 25/03/30 16:15:58 INFO BlockManagerMaster: Registered BlockManager BlockManagerId(driver, 0078b745cbba, 42619, None)
[2025-03-30T16:15:58.664+0000] {spark_submit.py:645} INFO - 25/03/30 16:15:58 INFO BlockManager: Initialized BlockManager: BlockManagerId(driver, 0078b745cbba, 42619, None)
[2025-03-30T16:15:58.733+0000] {spark_submit.py:645} INFO - 25/03/30 16:15:58 INFO StandaloneAppClient$ClientEndpoint: Executor updated: app-20250330161558-0001/1 is now RUNNING
[2025-03-30T16:15:58.762+0000] {spark_submit.py:645} INFO - 25/03/30 16:15:58 INFO StandaloneAppClient$ClientEndpoint: Executor updated: app-20250330161558-0001/0 is now RUNNING
[2025-03-30T16:15:58.764+0000] {spark_submit.py:645} INFO - 25/03/30 16:15:58 INFO StandaloneAppClient$ClientEndpoint: Executor updated: app-20250330161558-0001/2 is now RUNNING
[2025-03-30T16:15:58.786+0000] {spark_submit.py:645} INFO - 25/03/30 16:15:58 INFO StandaloneAppClient$ClientEndpoint: Executor updated: app-20250330161558-0001/3 is now RUNNING
[2025-03-30T16:15:59.380+0000] {spark_submit.py:645} INFO - 25/03/30 16:15:59 INFO StandaloneSchedulerBackend: SchedulerBackend is ready for scheduling beginning after reached minRegisteredResourcesRatio: 0.0
[2025-03-30T16:15:59.857+0000] {spark_submit.py:645} INFO - 2025-03-30 16:15:59,850 - INFO - Spark Session criada com sucesso
[2025-03-30T16:15:59.862+0000] {spark_submit.py:645} INFO - 2025-03-30 16:15:59,850 - INFO - Leitura iniciada !!!!!!.
[2025-03-30T16:15:59.918+0000] {spark_submit.py:645} INFO - 25/03/30 16:15:59 INFO SharedState: Setting hive.metastore.warehouse.dir ('null') to the value of spark.sql.warehouse.dir.
[2025-03-30T16:15:59.932+0000] {spark_submit.py:645} INFO - 25/03/30 16:15:59 INFO SharedState: Warehouse path is 'file:/opt/spark-warehouse'.
[2025-03-30T16:16:04.394+0000] {spark_submit.py:645} INFO - 25/03/30 16:16:04 WARN MetricsConfig: Cannot locate configuration: tried hadoop-metrics2-s3a-file-system.properties,hadoop-metrics2.properties
[2025-03-30T16:16:04.429+0000] {spark_submit.py:645} INFO - 25/03/30 16:16:04 INFO MetricsSystemImpl: Scheduled Metric snapshot period at 10 second(s).
[2025-03-30T16:16:04.434+0000] {spark_submit.py:645} INFO - 25/03/30 16:16:04 INFO MetricsSystemImpl: s3a-file-system metrics system started
[2025-03-30T16:16:12.424+0000] {spark_submit.py:645} INFO - 25/03/30 16:16:12 INFO InMemoryFileIndex: It took 496 ms to list leaf files for 1 paths.
[2025-03-30T16:16:12.425+0000] {spark_submit.py:645} INFO - 25/03/30 16:16:12 INFO StandaloneSchedulerBackend$StandaloneDriverEndpoint: Registered executor NettyRpcEndpointRef(spark-client://Executor) (172.18.0.5:43464) with ID 1,  ResourceProfileId 0
[2025-03-30T16:16:12.445+0000] {spark_submit.py:645} INFO - 25/03/30 16:16:12 INFO StandaloneSchedulerBackend$StandaloneDriverEndpoint: Registered executor NettyRpcEndpointRef(spark-client://Executor) (172.18.0.6:58052) with ID 3,  ResourceProfileId 0
[2025-03-30T16:16:12.452+0000] {spark_submit.py:645} INFO - 25/03/30 16:16:12 INFO StandaloneSchedulerBackend$StandaloneDriverEndpoint: Registered executor NettyRpcEndpointRef(spark-client://Executor) (172.18.0.6:58062) with ID 2,  ResourceProfileId 0
[2025-03-30T16:16:12.460+0000] {spark_submit.py:645} INFO - 25/03/30 16:16:12 INFO StandaloneSchedulerBackend$StandaloneDriverEndpoint: Registered executor NettyRpcEndpointRef(spark-client://Executor) (172.18.0.5:43472) with ID 0,  ResourceProfileId 0
[2025-03-30T16:16:13.071+0000] {spark_submit.py:645} INFO - 25/03/30 16:16:13 INFO BlockManagerMasterEndpoint: Registering block manager 172.18.0.6:37453 with 127.2 MiB RAM, BlockManagerId(3, 172.18.0.6, 37453, None)
[2025-03-30T16:16:13.080+0000] {spark_submit.py:645} INFO - 25/03/30 16:16:13 INFO BlockManagerMasterEndpoint: Registering block manager 172.18.0.5:34583 with 127.2 MiB RAM, BlockManagerId(0, 172.18.0.5, 34583, None)
[2025-03-30T16:16:13.082+0000] {spark_submit.py:645} INFO - 25/03/30 16:16:13 INFO BlockManagerMasterEndpoint: Registering block manager 172.18.0.6:40229 with 127.2 MiB RAM, BlockManagerId(2, 172.18.0.6, 40229, None)
[2025-03-30T16:16:13.101+0000] {spark_submit.py:645} INFO - 25/03/30 16:16:13 INFO BlockManagerMasterEndpoint: Registering block manager 172.18.0.5:35133 with 127.2 MiB RAM, BlockManagerId(1, 172.18.0.5, 35133, None)
[2025-03-30T16:16:15.272+0000] {spark_submit.py:645} INFO - 25/03/30 16:16:15 INFO MemoryStore: Block broadcast_0 stored as values in memory (estimated size 209.2 KiB, free 434.2 MiB)
[2025-03-30T16:16:17.141+0000] {spark_submit.py:645} INFO - 25/03/30 16:16:17 INFO MemoryStore: Block broadcast_0_piece0 stored as bytes in memory (estimated size 35.4 KiB, free 434.2 MiB)
[2025-03-30T16:16:17.150+0000] {spark_submit.py:645} INFO - 25/03/30 16:16:17 INFO BlockManagerInfo: Added broadcast_0_piece0 in memory on 0078b745cbba:42619 (size: 35.4 KiB, free: 434.4 MiB)
[2025-03-30T16:16:17.182+0000] {spark_submit.py:645} INFO - 25/03/30 16:16:17 INFO SparkContext: Created broadcast 0 from json at NativeMethodAccessorImpl.java:0
[2025-03-30T16:16:47.808+0000] {spark_submit.py:645} INFO - 25/03/30 16:16:47 INFO FileInputFormat: Total input files to process : 1
[2025-03-30T16:16:47.853+0000] {spark_submit.py:645} INFO - 25/03/30 16:16:47 INFO FileInputFormat: Total input files to process : 1
[2025-03-30T16:16:48.127+0000] {spark_submit.py:645} INFO - 25/03/30 16:16:48 INFO SparkContext: Starting job: json at NativeMethodAccessorImpl.java:0
[2025-03-30T16:16:48.128+0000] {spark_submit.py:645} INFO - 25/03/30 16:16:48 INFO DAGScheduler: Got job 0 (json at NativeMethodAccessorImpl.java:0) with 1 output partitions
[2025-03-30T16:16:48.129+0000] {spark_submit.py:645} INFO - 25/03/30 16:16:48 INFO DAGScheduler: Final stage: ResultStage 0 (json at NativeMethodAccessorImpl.java:0)
[2025-03-30T16:16:48.129+0000] {spark_submit.py:645} INFO - 25/03/30 16:16:48 INFO DAGScheduler: Parents of final stage: List()
[2025-03-30T16:16:48.129+0000] {spark_submit.py:645} INFO - 25/03/30 16:16:48 INFO DAGScheduler: Missing parents: List()
[2025-03-30T16:16:48.130+0000] {spark_submit.py:645} INFO - 25/03/30 16:16:48 INFO DAGScheduler: Submitting ResultStage 0 (MapPartitionsRDD[2] at json at NativeMethodAccessorImpl.java:0), which has no missing parents
[2025-03-30T16:16:48.383+0000] {spark_submit.py:645} INFO - 25/03/30 16:16:48 INFO MemoryStore: Block broadcast_1 stored as values in memory (estimated size 9.3 KiB, free 434.2 MiB)
[2025-03-30T16:16:48.402+0000] {spark_submit.py:645} INFO - 25/03/30 16:16:48 INFO MemoryStore: Block broadcast_1_piece0 stored as bytes in memory (estimated size 5.0 KiB, free 434.1 MiB)
[2025-03-30T16:16:48.404+0000] {spark_submit.py:645} INFO - 25/03/30 16:16:48 INFO BlockManagerInfo: Added broadcast_1_piece0 in memory on 0078b745cbba:42619 (size: 5.0 KiB, free: 434.4 MiB)
[2025-03-30T16:16:48.407+0000] {spark_submit.py:645} INFO - 25/03/30 16:16:48 INFO SparkContext: Created broadcast 1 from broadcast at DAGScheduler.scala:1585
[2025-03-30T16:16:48.505+0000] {spark_submit.py:645} INFO - 25/03/30 16:16:48 INFO DAGScheduler: Submitting 1 missing tasks from ResultStage 0 (MapPartitionsRDD[2] at json at NativeMethodAccessorImpl.java:0) (first 15 tasks are for partitions Vector(0))
[2025-03-30T16:16:48.508+0000] {spark_submit.py:645} INFO - 25/03/30 16:16:48 INFO TaskSchedulerImpl: Adding task set 0.0 with 1 tasks resource profile 0
[2025-03-30T16:16:48.591+0000] {spark_submit.py:645} INFO - 25/03/30 16:16:48 INFO TaskSetManager: Starting task 0.0 in stage 0.0 (TID 0) (172.18.0.5, executor 1, partition 0, PROCESS_LOCAL, 9420 bytes)
[2025-03-30T16:16:49.709+0000] {spark_submit.py:645} INFO - 25/03/30 16:16:49 INFO BlockManagerInfo: Added broadcast_1_piece0 in memory on 172.18.0.5:35133 (size: 5.0 KiB, free: 127.2 MiB)
[2025-03-30T16:16:51.632+0000] {spark_submit.py:645} INFO - 25/03/30 16:16:51 INFO BlockManagerInfo: Added broadcast_0_piece0 in memory on 172.18.0.5:35133 (size: 35.4 KiB, free: 127.2 MiB)
[2025-03-30T16:16:57.831+0000] {spark_submit.py:645} INFO - 25/03/30 16:16:57 INFO TaskSetManager: Finished task 0.0 in stage 0.0 (TID 0) in 9291 ms on 172.18.0.5 (executor 1) (1/1)
[2025-03-30T16:16:57.833+0000] {spark_submit.py:645} INFO - 25/03/30 16:16:57 INFO TaskSchedulerImpl: Removed TaskSet 0.0, whose tasks have all completed, from pool
[2025-03-30T16:16:57.839+0000] {spark_submit.py:645} INFO - 25/03/30 16:16:57 INFO DAGScheduler: ResultStage 0 (json at NativeMethodAccessorImpl.java:0) finished in 9.541 s
[2025-03-30T16:16:57.839+0000] {spark_submit.py:645} INFO - 25/03/30 16:16:57 INFO DAGScheduler: Job 0 is finished. Cancelling potential speculative or zombie tasks for this job
[2025-03-30T16:16:57.840+0000] {spark_submit.py:645} INFO - 25/03/30 16:16:57 INFO TaskSchedulerImpl: Killing all running tasks in stage 0: Stage finished
[2025-03-30T16:16:57.877+0000] {spark_submit.py:645} INFO - 25/03/30 16:16:57 INFO DAGScheduler: Job 0 finished: json at NativeMethodAccessorImpl.java:0, took 9.813263 s
[2025-03-30T16:16:59.005+0000] {spark_submit.py:645} INFO - 25/03/30 16:16:59 INFO BlockManagerInfo: Removed broadcast_1_piece0 on 0078b745cbba:42619 in memory (size: 5.0 KiB, free: 434.4 MiB)
[2025-03-30T16:16:59.006+0000] {spark_submit.py:645} INFO - 25/03/30 16:16:59 INFO BlockManagerInfo: Removed broadcast_1_piece0 on 172.18.0.5:35133 in memory (size: 5.0 KiB, free: 127.2 MiB)
[2025-03-30T16:17:00.814+0000] {spark_submit.py:645} INFO - 25/03/30 16:17:00 INFO FileSourceStrategy: Pushed Filters:
[2025-03-30T16:17:00.816+0000] {spark_submit.py:645} INFO - 25/03/30 16:17:00 INFO FileSourceStrategy: Post-Scan Filters:
[2025-03-30T16:17:01.962+0000] {spark_submit.py:645} INFO - 25/03/30 16:17:01 INFO CodeGenerator: Code generated in 600.239112 ms
[2025-03-30T16:17:01.969+0000] {spark_submit.py:645} INFO - 25/03/30 16:17:01 INFO MemoryStore: Block broadcast_2 stored as values in memory (estimated size 208.7 KiB, free 434.0 MiB)
[2025-03-30T16:17:01.989+0000] {spark_submit.py:645} INFO - 25/03/30 16:17:01 INFO MemoryStore: Block broadcast_2_piece0 stored as bytes in memory (estimated size 35.4 KiB, free 433.9 MiB)
[2025-03-30T16:17:02.003+0000] {spark_submit.py:645} INFO - 25/03/30 16:17:02 INFO BlockManagerInfo: Added broadcast_2_piece0 in memory on 0078b745cbba:42619 (size: 35.4 KiB, free: 434.3 MiB)
[2025-03-30T16:17:02.005+0000] {spark_submit.py:645} INFO - 25/03/30 16:17:02 INFO SparkContext: Created broadcast 2 from showString at NativeMethodAccessorImpl.java:0
[2025-03-30T16:17:02.016+0000] {spark_submit.py:645} INFO - 25/03/30 16:17:02 INFO FileSourceScanExec: Planning scan with bin packing, max size: 4194304 bytes, open cost is considered as scanning 4194304 bytes.
[2025-03-30T16:17:02.072+0000] {spark_submit.py:645} INFO - 25/03/30 16:17:02 INFO BlockManagerInfo: Removed broadcast_0_piece0 on 172.18.0.5:35133 in memory (size: 35.4 KiB, free: 127.2 MiB)
[2025-03-30T16:17:02.077+0000] {spark_submit.py:645} INFO - 25/03/30 16:17:02 INFO BlockManagerInfo: Removed broadcast_0_piece0 on 0078b745cbba:42619 in memory (size: 35.4 KiB, free: 434.4 MiB)
[2025-03-30T16:17:02.099+0000] {spark_submit.py:645} INFO - 25/03/30 16:17:02 INFO SparkContext: Starting job: showString at NativeMethodAccessorImpl.java:0
[2025-03-30T16:17:02.112+0000] {spark_submit.py:645} INFO - 25/03/30 16:17:02 INFO DAGScheduler: Got job 1 (showString at NativeMethodAccessorImpl.java:0) with 1 output partitions
[2025-03-30T16:17:02.112+0000] {spark_submit.py:645} INFO - 25/03/30 16:17:02 INFO DAGScheduler: Final stage: ResultStage 1 (showString at NativeMethodAccessorImpl.java:0)
[2025-03-30T16:17:02.114+0000] {spark_submit.py:645} INFO - 25/03/30 16:17:02 INFO DAGScheduler: Parents of final stage: List()
[2025-03-30T16:17:02.114+0000] {spark_submit.py:645} INFO - 25/03/30 16:17:02 INFO DAGScheduler: Missing parents: List()
[2025-03-30T16:17:02.115+0000] {spark_submit.py:645} INFO - 25/03/30 16:17:02 INFO DAGScheduler: Submitting ResultStage 1 (MapPartitionsRDD[6] at showString at NativeMethodAccessorImpl.java:0), which has no missing parents
[2025-03-30T16:17:02.143+0000] {spark_submit.py:645} INFO - 25/03/30 16:17:02 INFO MemoryStore: Block broadcast_3 stored as values in memory (estimated size 52.3 KiB, free 434.1 MiB)
[2025-03-30T16:17:02.221+0000] {spark_submit.py:645} INFO - 25/03/30 16:17:02 INFO MemoryStore: Block broadcast_3_piece0 stored as bytes in memory (estimated size 16.3 KiB, free 434.1 MiB)
[2025-03-30T16:17:02.235+0000] {spark_submit.py:645} INFO - 25/03/30 16:17:02 INFO BlockManagerInfo: Added broadcast_3_piece0 in memory on 0078b745cbba:42619 (size: 16.3 KiB, free: 434.3 MiB)
[2025-03-30T16:17:02.242+0000] {spark_submit.py:645} INFO - 25/03/30 16:17:02 INFO SparkContext: Created broadcast 3 from broadcast at DAGScheduler.scala:1585
[2025-03-30T16:17:02.243+0000] {spark_submit.py:645} INFO - 25/03/30 16:17:02 INFO DAGScheduler: Submitting 1 missing tasks from ResultStage 1 (MapPartitionsRDD[6] at showString at NativeMethodAccessorImpl.java:0) (first 15 tasks are for partitions Vector(0))
[2025-03-30T16:17:02.243+0000] {spark_submit.py:645} INFO - 25/03/30 16:17:02 INFO TaskSchedulerImpl: Adding task set 1.0 with 1 tasks resource profile 0
[2025-03-30T16:17:02.243+0000] {spark_submit.py:645} INFO - 25/03/30 16:17:02 INFO TaskSetManager: Starting task 0.0 in stage 1.0 (TID 1) (172.18.0.5, executor 1, partition 0, PROCESS_LOCAL, 9891 bytes)
[2025-03-30T16:17:02.525+0000] {spark_submit.py:645} INFO - 25/03/30 16:17:02 INFO BlockManagerInfo: Added broadcast_3_piece0 in memory on 172.18.0.5:35133 (size: 16.3 KiB, free: 127.2 MiB)
[2025-03-30T16:17:13.667+0000] {spark_submit.py:645} INFO - 25/03/30 16:17:13 INFO BlockManagerInfo: Added broadcast_2_piece0 in memory on 172.18.0.5:35133 (size: 35.4 KiB, free: 127.1 MiB)
[2025-03-30T16:17:14.858+0000] {spark_submit.py:645} INFO - 25/03/30 16:17:14 INFO TaskSetManager: Finished task 0.0 in stage 1.0 (TID 1) in 12621 ms on 172.18.0.5 (executor 1) (1/1)
[2025-03-30T16:17:14.864+0000] {spark_submit.py:645} INFO - 25/03/30 16:17:14 INFO TaskSchedulerImpl: Removed TaskSet 1.0, whose tasks have all completed, from pool
[2025-03-30T16:17:14.867+0000] {spark_submit.py:645} INFO - 25/03/30 16:17:14 INFO DAGScheduler: ResultStage 1 (showString at NativeMethodAccessorImpl.java:0) finished in 12.762 s
[2025-03-30T16:17:14.868+0000] {spark_submit.py:645} INFO - 25/03/30 16:17:14 INFO DAGScheduler: Job 1 is finished. Cancelling potential speculative or zombie tasks for this job
[2025-03-30T16:17:14.869+0000] {spark_submit.py:645} INFO - 25/03/30 16:17:14 INFO TaskSchedulerImpl: Killing all running tasks in stage 1: Stage finished
[2025-03-30T16:17:14.869+0000] {spark_submit.py:645} INFO - 25/03/30 16:17:14 INFO DAGScheduler: Job 1 finished: showString at NativeMethodAccessorImpl.java:0, took 12.772755 s
[2025-03-30T16:17:14.909+0000] {spark_submit.py:645} INFO - 25/03/30 16:17:14 INFO BlockManagerInfo: Removed broadcast_3_piece0 on 172.18.0.5:35133 in memory (size: 16.3 KiB, free: 127.2 MiB)
[2025-03-30T16:17:14.911+0000] {spark_submit.py:645} INFO - 25/03/30 16:17:14 INFO BlockManagerInfo: Removed broadcast_3_piece0 on 0078b745cbba:42619 in memory (size: 16.3 KiB, free: 434.4 MiB)
[2025-03-30T16:17:16.313+0000] {spark_submit.py:645} INFO - 25/03/30 16:17:16 INFO CodeGenerator: Code generated in 24.754932 ms
[2025-03-30T16:17:16.450+0000] {spark_submit.py:645} INFO - +--------------------+
[2025-03-30T16:17:16.451+0000] {spark_submit.py:645} INFO - |               items|
[2025-03-30T16:17:16.451+0000] {spark_submit.py:645} INFO - +--------------------+
[2025-03-30T16:17:16.452+0000] {spark_submit.py:645} INFO - |[{2023-04-14T16:3...|
[2025-03-30T16:17:16.452+0000] {spark_submit.py:645} INFO - +--------------------+
[2025-03-30T16:17:16.453+0000] {spark_submit.py:645} INFO - 
[2025-03-30T16:17:16.453+0000] {spark_submit.py:645} INFO - 2025-03-30 16:17:16,450 - INFO - Leitura finalizada !!!!!!!.
[2025-03-30T16:17:16.745+0000] {spark_submit.py:645} INFO - 25/03/30 16:17:16 INFO FileSourceStrategy: Pushed Filters:
[2025-03-30T16:17:16.746+0000] {spark_submit.py:645} INFO - 25/03/30 16:17:16 INFO FileSourceStrategy: Post-Scan Filters:
[2025-03-30T16:17:16.938+0000] {spark_submit.py:645} INFO - 25/03/30 16:17:16 INFO ParquetUtils: Using default output committer for Parquet: org.apache.parquet.hadoop.ParquetOutputCommitter
[2025-03-30T16:17:17.054+0000] {spark_submit.py:645} INFO - 25/03/30 16:17:17 INFO FileOutputCommitter: File Output Committer Algorithm version is 1
[2025-03-30T16:17:17.055+0000] {spark_submit.py:645} INFO - 25/03/30 16:17:17 INFO FileOutputCommitter: FileOutputCommitter skip cleanup _temporary folders under output directory:false, ignore cleanup failures: false
[2025-03-30T16:17:17.057+0000] {spark_submit.py:645} INFO - 25/03/30 16:17:17 INFO SQLHadoopMapReduceCommitProtocol: Using user defined output committer class org.apache.parquet.hadoop.ParquetOutputCommitter
[2025-03-30T16:17:17.058+0000] {spark_submit.py:645} INFO - 25/03/30 16:17:17 INFO FileOutputCommitter: File Output Committer Algorithm version is 1
[2025-03-30T16:17:17.058+0000] {spark_submit.py:645} INFO - 25/03/30 16:17:17 INFO FileOutputCommitter: FileOutputCommitter skip cleanup _temporary folders under output directory:false, ignore cleanup failures: false
[2025-03-30T16:17:17.059+0000] {spark_submit.py:645} INFO - 25/03/30 16:17:17 INFO SQLHadoopMapReduceCommitProtocol: Using output committer class org.apache.parquet.hadoop.ParquetOutputCommitter
[2025-03-30T16:17:17.649+0000] {spark_submit.py:645} INFO - 25/03/30 16:17:17 INFO MemoryStore: Block broadcast_4 stored as values in memory (estimated size 208.7 KiB, free 434.0 MiB)
[2025-03-30T16:17:17.714+0000] {spark_submit.py:645} INFO - 25/03/30 16:17:17 INFO MemoryStore: Block broadcast_4_piece0 stored as bytes in memory (estimated size 35.4 KiB, free 433.9 MiB)
[2025-03-30T16:17:17.722+0000] {spark_submit.py:645} INFO - 25/03/30 16:17:17 INFO BlockManagerInfo: Added broadcast_4_piece0 in memory on 0078b745cbba:42619 (size: 35.4 KiB, free: 434.3 MiB)
[2025-03-30T16:17:17.724+0000] {spark_submit.py:645} INFO - 25/03/30 16:17:17 INFO SparkContext: Created broadcast 4 from parquet at NativeMethodAccessorImpl.java:0
[2025-03-30T16:17:17.725+0000] {spark_submit.py:645} INFO - 25/03/30 16:17:17 INFO FileSourceScanExec: Planning scan with bin packing, max size: 4194304 bytes, open cost is considered as scanning 4194304 bytes.
[2025-03-30T16:17:17.736+0000] {spark_submit.py:645} INFO - 25/03/30 16:17:17 INFO SparkContext: Starting job: parquet at NativeMethodAccessorImpl.java:0
[2025-03-30T16:17:17.745+0000] {spark_submit.py:645} INFO - 25/03/30 16:17:17 INFO DAGScheduler: Got job 2 (parquet at NativeMethodAccessorImpl.java:0) with 1 output partitions
[2025-03-30T16:17:17.746+0000] {spark_submit.py:645} INFO - 25/03/30 16:17:17 INFO DAGScheduler: Final stage: ResultStage 2 (parquet at NativeMethodAccessorImpl.java:0)
[2025-03-30T16:17:17.746+0000] {spark_submit.py:645} INFO - 25/03/30 16:17:17 INFO DAGScheduler: Parents of final stage: List()
[2025-03-30T16:17:17.747+0000] {spark_submit.py:645} INFO - 25/03/30 16:17:17 INFO DAGScheduler: Missing parents: List()
[2025-03-30T16:17:17.747+0000] {spark_submit.py:645} INFO - 25/03/30 16:17:17 INFO DAGScheduler: Submitting ResultStage 2 (MapPartitionsRDD[9] at parquet at NativeMethodAccessorImpl.java:0), which has no missing parents
[2025-03-30T16:17:17.773+0000] {spark_submit.py:645} INFO - 25/03/30 16:17:17 INFO MemoryStore: Block broadcast_5 stored as values in memory (estimated size 222.2 KiB, free 433.7 MiB)
[2025-03-30T16:17:17.790+0000] {spark_submit.py:645} INFO - 25/03/30 16:17:17 INFO MemoryStore: Block broadcast_5_piece0 stored as bytes in memory (estimated size 79.9 KiB, free 433.6 MiB)
[2025-03-30T16:17:17.799+0000] {spark_submit.py:645} INFO - 25/03/30 16:17:17 INFO BlockManagerInfo: Removed broadcast_2_piece0 on 0078b745cbba:42619 in memory (size: 35.4 KiB, free: 434.4 MiB)
[2025-03-30T16:17:17.803+0000] {spark_submit.py:645} INFO - 25/03/30 16:17:17 INFO BlockManagerInfo: Added broadcast_5_piece0 in memory on 0078b745cbba:42619 (size: 79.9 KiB, free: 434.3 MiB)
[2025-03-30T16:17:17.804+0000] {spark_submit.py:645} INFO - 25/03/30 16:17:17 INFO SparkContext: Created broadcast 5 from broadcast at DAGScheduler.scala:1585
[2025-03-30T16:17:17.808+0000] {spark_submit.py:645} INFO - 25/03/30 16:17:17 INFO BlockManagerInfo: Removed broadcast_2_piece0 on 172.18.0.5:35133 in memory (size: 35.4 KiB, free: 127.2 MiB)
[2025-03-30T16:17:17.811+0000] {spark_submit.py:645} INFO - 25/03/30 16:17:17 INFO DAGScheduler: Submitting 1 missing tasks from ResultStage 2 (MapPartitionsRDD[9] at parquet at NativeMethodAccessorImpl.java:0) (first 15 tasks are for partitions Vector(0))
[2025-03-30T16:17:17.812+0000] {spark_submit.py:645} INFO - 25/03/30 16:17:17 INFO TaskSchedulerImpl: Adding task set 2.0 with 1 tasks resource profile 0
[2025-03-30T16:17:17.819+0000] {spark_submit.py:645} INFO - 25/03/30 16:17:17 INFO TaskSetManager: Starting task 0.0 in stage 2.0 (TID 2) (172.18.0.5, executor 1, partition 0, PROCESS_LOCAL, 9891 bytes)
[2025-03-30T16:17:17.847+0000] {spark_submit.py:645} INFO - 25/03/30 16:17:17 INFO BlockManagerInfo: Added broadcast_5_piece0 in memory on 172.18.0.5:35133 (size: 79.9 KiB, free: 127.1 MiB)
[2025-03-30T16:17:19.473+0000] {spark_submit.py:645} INFO - 25/03/30 16:17:19 INFO BlockManagerInfo: Added broadcast_4_piece0 in memory on 172.18.0.5:35133 (size: 35.4 KiB, free: 127.1 MiB)
[2025-03-30T16:17:21.895+0000] {spark_submit.py:645} INFO - 25/03/30 16:17:21 INFO TaskSetManager: Finished task 0.0 in stage 2.0 (TID 2) in 4079 ms on 172.18.0.5 (executor 1) (1/1)
[2025-03-30T16:17:21.897+0000] {spark_submit.py:645} INFO - 25/03/30 16:17:21 INFO TaskSchedulerImpl: Removed TaskSet 2.0, whose tasks have all completed, from pool
[2025-03-30T16:17:21.898+0000] {spark_submit.py:645} INFO - 25/03/30 16:17:21 INFO DAGScheduler: ResultStage 2 (parquet at NativeMethodAccessorImpl.java:0) finished in 4.157 s
[2025-03-30T16:17:21.898+0000] {spark_submit.py:645} INFO - 25/03/30 16:17:21 INFO DAGScheduler: Job 2 is finished. Cancelling potential speculative or zombie tasks for this job
[2025-03-30T16:17:21.899+0000] {spark_submit.py:645} INFO - 25/03/30 16:17:21 INFO TaskSchedulerImpl: Killing all running tasks in stage 2: Stage finished
[2025-03-30T16:17:21.900+0000] {spark_submit.py:645} INFO - 25/03/30 16:17:21 INFO DAGScheduler: Job 2 finished: parquet at NativeMethodAccessorImpl.java:0, took 4.162678 s
[2025-03-30T16:17:21.902+0000] {spark_submit.py:645} INFO - 25/03/30 16:17:21 INFO FileFormatWriter: Start to commit write Job 076a0149-52f7-457a-aa3e-048071ad2e72.
[2025-03-30T16:17:23.030+0000] {spark_submit.py:645} INFO - 25/03/30 16:17:23 INFO FileFormatWriter: Write Job 076a0149-52f7-457a-aa3e-048071ad2e72 committed. Elapsed time: 1126 ms.
[2025-03-30T16:17:23.033+0000] {spark_submit.py:645} INFO - 25/03/30 16:17:23 INFO FileFormatWriter: Finished processing stats for write job 076a0149-52f7-457a-aa3e-048071ad2e72.
[2025-03-30T16:17:23.037+0000] {spark_submit.py:645} INFO - 2025-03-30 16:17:23,037 - INFO - Data written successfully to s3a://processed/dfrawteste.parquet
[2025-03-30T16:17:23.038+0000] {spark_submit.py:645} INFO - 2025-03-30 16:17:23,037 - INFO - Carregando dados ao bucket de arquivos tratados.
[2025-03-30T16:17:23.039+0000] {spark_submit.py:645} INFO - 2025-03-30 16:17:23,037 - INFO - Processo finalizado.
[2025-03-30T16:17:23.039+0000] {spark_submit.py:645} INFO - 25/03/30 16:17:23 INFO SparkContext: SparkContext is stopping with exitCode 0.
[2025-03-30T16:17:23.051+0000] {spark_submit.py:645} INFO - 25/03/30 16:17:23 INFO SparkUI: Stopped Spark web UI at http://0078b745cbba:4040
[2025-03-30T16:17:23.055+0000] {spark_submit.py:645} INFO - 25/03/30 16:17:23 INFO StandaloneSchedulerBackend: Shutting down all executors
[2025-03-30T16:17:23.056+0000] {spark_submit.py:645} INFO - 25/03/30 16:17:23 INFO StandaloneSchedulerBackend$StandaloneDriverEndpoint: Asking each executor to shut down
[2025-03-30T16:17:23.117+0000] {spark_submit.py:645} INFO - 25/03/30 16:17:23 INFO MapOutputTrackerMasterEndpoint: MapOutputTrackerMasterEndpoint stopped!
[2025-03-30T16:17:23.185+0000] {spark_submit.py:645} INFO - 25/03/30 16:17:23 INFO MemoryStore: MemoryStore cleared
[2025-03-30T16:17:23.187+0000] {spark_submit.py:645} INFO - 25/03/30 16:17:23 INFO BlockManager: BlockManager stopped
[2025-03-30T16:17:23.229+0000] {spark_submit.py:645} INFO - 25/03/30 16:17:23 INFO BlockManagerMaster: BlockManagerMaster stopped
[2025-03-30T16:17:23.232+0000] {spark_submit.py:645} INFO - 25/03/30 16:17:23 INFO OutputCommitCoordinator$OutputCommitCoordinatorEndpoint: OutputCommitCoordinator stopped!
[2025-03-30T16:17:23.298+0000] {spark_submit.py:645} INFO - 25/03/30 16:17:23 INFO SparkContext: Successfully stopped SparkContext
[2025-03-30T16:17:23.409+0000] {spark_submit.py:645} INFO - 2025-03-30 16:17:23,408 - INFO - Closing down clientserver connection
[2025-03-30T16:17:23.539+0000] {spark_submit.py:645} INFO - 25/03/30 16:17:23 INFO ShutdownHookManager: Shutdown hook called
[2025-03-30T16:17:23.541+0000] {spark_submit.py:645} INFO - 25/03/30 16:17:23 INFO ShutdownHookManager: Deleting directory /tmp/spark-60311032-a88d-44fd-9625-4cc9e94a0c1e
[2025-03-30T16:17:23.551+0000] {spark_submit.py:645} INFO - 25/03/30 16:17:23 INFO ShutdownHookManager: Deleting directory /tmp/spark-c6f37624-ac92-4075-b73e-a8884f977540
[2025-03-30T16:17:23.557+0000] {spark_submit.py:645} INFO - 25/03/30 16:17:23 INFO ShutdownHookManager: Deleting directory /tmp/spark-c6f37624-ac92-4075-b73e-a8884f977540/pyspark-78a266ac-5e67-431f-a4e4-de3aedd71007
[2025-03-30T16:17:23.567+0000] {spark_submit.py:645} INFO - 25/03/30 16:17:23 INFO MetricsSystemImpl: Stopping s3a-file-system metrics system...
[2025-03-30T16:17:23.568+0000] {spark_submit.py:645} INFO - 25/03/30 16:17:23 INFO MetricsSystemImpl: s3a-file-system metrics system stopped.
[2025-03-30T16:17:23.568+0000] {spark_submit.py:645} INFO - 25/03/30 16:17:23 INFO MetricsSystemImpl: s3a-file-system metrics system shutdown complete.
[2025-03-30T16:17:23.635+0000] {python.py:237} INFO - Done. Returned value was: None
[2025-03-30T16:17:23.636+0000] {taskinstance.py:441} INFO - ::group::Post task execution logs
[2025-03-30T16:17:23.650+0000] {taskinstance.py:1206} INFO - Marking task as SUCCESS. dag_id=etl_pipeline, task_id=transformation, run_id=manual__2025-03-26T13:33:39.761724+00:00, execution_date=20250326T133339, start_date=20250330T161552, end_date=20250330T161723
[2025-03-30T16:17:23.718+0000] {local_task_job_runner.py:240} INFO - Task exited with return code 0
[2025-03-30T16:17:23.741+0000] {taskinstance.py:3503} INFO - 0 downstream tasks scheduled from follow-on schedule check
[2025-03-30T16:17:23.761+0000] {local_task_job_runner.py:222} INFO - ::endgroup::
