[2025-03-28T23:52:30.348+0000] {local_task_job_runner.py:120} INFO - ::group::Pre task execution logs
[2025-03-28T23:52:30.390+0000] {taskinstance.py:2076} INFO - Dependencies all met for dep_context=non-requeueable deps ti=<TaskInstance: etl_pipeline.fetch_data manual__2025-03-26T13:33:39.761724+00:00 [queued]>
[2025-03-28T23:52:30.399+0000] {taskinstance.py:2076} INFO - Dependencies all met for dep_context=requeueable deps ti=<TaskInstance: etl_pipeline.fetch_data manual__2025-03-26T13:33:39.761724+00:00 [queued]>
[2025-03-28T23:52:30.400+0000] {taskinstance.py:2306} INFO - Starting attempt 4 of 5
[2025-03-28T23:52:30.494+0000] {taskinstance.py:2330} INFO - Executing <Task(PythonOperator): fetch_data> on 2025-03-26 13:33:39.761724+00:00
[2025-03-28T23:52:30.500+0000] {standard_task_runner.py:63} INFO - Started process 270 to run task
[2025-03-28T23:52:30.503+0000] {standard_task_runner.py:90} INFO - Running: ['***', 'tasks', 'run', 'etl_pipeline', 'fetch_data', 'manual__2025-03-26T13:33:39.761724+00:00', '--job-id', '53', '--raw', '--subdir', 'DAGS_FOLDER/etl_pipeline.py', '--cfg-path', '/tmp/tmpkleqdijo']
[2025-03-28T23:52:30.510+0000] {standard_task_runner.py:91} INFO - Job 53: Subtask fetch_data
[2025-03-28T23:52:30.636+0000] {task_command.py:426} INFO - Running <TaskInstance: etl_pipeline.fetch_data manual__2025-03-26T13:33:39.761724+00:00 [running]> on host 9a51e41eb88a
[2025-03-28T23:52:30.948+0000] {taskinstance.py:2648} INFO - Exporting env vars: AIRFLOW_CTX_DAG_OWNER='lobobranco' AIRFLOW_CTX_DAG_ID='etl_pipeline' AIRFLOW_CTX_TASK_ID='fetch_data' AIRFLOW_CTX_EXECUTION_DATE='2025-03-26T13:33:39.761724+00:00' AIRFLOW_CTX_TRY_NUMBER='4' AIRFLOW_CTX_DAG_RUN_ID='manual__2025-03-26T13:33:39.761724+00:00'
[2025-03-28T23:52:30.949+0000] {taskinstance.py:430} INFO - ::endgroup::
[2025-03-28T23:52:31.045+0000] {etl_pipeline.py:58} INFO - Iniciando ingestão de dados do Spotify
[2025-03-28T23:52:31.046+0000] {fetch_spotify_data.py:32} INFO - Spotify client iniciou com sucesso.
[2025-03-28T23:52:31.047+0000] {fetch_spotify_data.py:53} INFO - Buscando dados da playlist para URI: 5GNK6UZpTVUMuO4L1H7ums
[2025-03-28T23:52:31.258+0000] {cache_handler.py:100} WARNING - Couldn't write token to cache at: .cache
[2025-03-28T23:52:32.102+0000] {cache_handler.py:100} WARNING - Couldn't write token to cache at: .cache
[2025-03-28T23:52:32.867+0000] {cache_handler.py:100} WARNING - Couldn't write token to cache at: .cache
[2025-03-28T23:52:33.651+0000] {cache_handler.py:100} WARNING - Couldn't write token to cache at: .cache
[2025-03-28T23:52:34.188+0000] {fetch_spotify_data.py:65} INFO - Playlist data fetched successfully.
[2025-03-28T23:52:34.294+0000] {fetch_spotify_data.py:79} INFO - JSON salvo no MinIO: s3://raw/playlist_20250328_235234.json
[2025-03-28T23:52:34.298+0000] {python.py:237} INFO - Done. Returned value was: s3://raw/playlist_20250328_235234.json
[2025-03-28T23:52:34.299+0000] {taskinstance.py:441} INFO - ::group::Post task execution logs
[2025-03-28T23:52:34.385+0000] {taskinstance.py:1206} INFO - Marking task as SUCCESS. dag_id=etl_pipeline, task_id=fetch_data, run_id=manual__2025-03-26T13:33:39.761724+00:00, execution_date=20250326T133339, start_date=20250328T235230, end_date=20250328T235234
[2025-03-28T23:52:34.495+0000] {local_task_job_runner.py:240} INFO - Task exited with return code 0
[2025-03-28T23:52:34.521+0000] {taskinstance.py:3503} INFO - 1 downstream tasks scheduled from follow-on schedule check
[2025-03-28T23:52:34.550+0000] {local_task_job_runner.py:222} INFO - ::endgroup::
