[2025-03-22T04:13:32.402+0000] {processor.py:161} INFO - Started process (PID=164) to work on /opt/airflow/dags/data_pipeline_dag.py
[2025-03-22T04:13:32.404+0000] {processor.py:830} INFO - Processing file /opt/airflow/dags/data_pipeline_dag.py for tasks to queue
[2025-03-22T04:13:32.408+0000] {logging_mixin.py:188} INFO - [2025-03-22T04:13:32.407+0000] {dagbag.py:545} INFO - Filling up the DagBag from /opt/airflow/dags/data_pipeline_dag.py
[2025-03-22T04:13:33.529+0000] {processor.py:840} INFO - DAG(s) 'spotify_etl_pipeline' retrieved from /opt/airflow/dags/data_pipeline_dag.py
[2025-03-22T04:13:33.894+0000] {logging_mixin.py:188} INFO - [2025-03-22T04:13:33.893+0000] {override.py:1912} INFO - Created Permission View: can delete on DAG:spotify_etl_pipeline
[2025-03-22T04:13:33.952+0000] {logging_mixin.py:188} INFO - [2025-03-22T04:13:33.951+0000] {override.py:1912} INFO - Created Permission View: can edit on DAG:spotify_etl_pipeline
[2025-03-22T04:13:34.018+0000] {logging_mixin.py:188} INFO - [2025-03-22T04:13:34.018+0000] {override.py:1912} INFO - Created Permission View: can read on DAG:spotify_etl_pipeline
[2025-03-22T04:13:34.019+0000] {logging_mixin.py:188} INFO - [2025-03-22T04:13:34.019+0000] {dag.py:3096} INFO - Sync 1 DAGs
[2025-03-22T04:13:34.029+0000] {logging_mixin.py:188} INFO - [2025-03-22T04:13:34.029+0000] {dag.py:3118} INFO - Creating ORM DAG for spotify_etl_pipeline
[2025-03-22T04:13:34.039+0000] {logging_mixin.py:188} INFO - [2025-03-22T04:13:34.039+0000] {dag.py:3954} INFO - Setting next_dagrun for spotify_etl_pipeline to 2025-03-22 00:00:00+00:00, run_after=2025-03-23 00:00:00+00:00
[2025-03-22T04:13:34.085+0000] {processor.py:183} INFO - Processing /opt/airflow/dags/data_pipeline_dag.py took 1.689 seconds
[2025-03-22T04:14:04.290+0000] {processor.py:161} INFO - Started process (PID=169) to work on /opt/airflow/dags/data_pipeline_dag.py
[2025-03-22T04:14:04.291+0000] {processor.py:830} INFO - Processing file /opt/airflow/dags/data_pipeline_dag.py for tasks to queue
[2025-03-22T04:14:04.294+0000] {logging_mixin.py:188} INFO - [2025-03-22T04:14:04.293+0000] {dagbag.py:545} INFO - Filling up the DagBag from /opt/airflow/dags/data_pipeline_dag.py
[2025-03-22T04:14:04.773+0000] {processor.py:840} INFO - DAG(s) 'spotify_etl_pipeline' retrieved from /opt/airflow/dags/data_pipeline_dag.py
[2025-03-22T04:14:04.798+0000] {logging_mixin.py:188} INFO - [2025-03-22T04:14:04.798+0000] {dag.py:3096} INFO - Sync 1 DAGs
[2025-03-22T04:14:04.820+0000] {logging_mixin.py:188} INFO - [2025-03-22T04:14:04.820+0000] {dag.py:3954} INFO - Setting next_dagrun for spotify_etl_pipeline to 2025-03-22 00:00:00+00:00, run_after=2025-03-23 00:00:00+00:00
[2025-03-22T04:14:04.869+0000] {processor.py:183} INFO - Processing /opt/airflow/dags/data_pipeline_dag.py took 0.587 seconds
[2025-03-22T04:14:35.070+0000] {processor.py:161} INFO - Started process (PID=176) to work on /opt/airflow/dags/data_pipeline_dag.py
[2025-03-22T04:14:35.072+0000] {processor.py:830} INFO - Processing file /opt/airflow/dags/data_pipeline_dag.py for tasks to queue
[2025-03-22T04:14:35.074+0000] {logging_mixin.py:188} INFO - [2025-03-22T04:14:35.073+0000] {dagbag.py:545} INFO - Filling up the DagBag from /opt/airflow/dags/data_pipeline_dag.py
[2025-03-22T04:14:35.579+0000] {processor.py:840} INFO - DAG(s) 'spotify_etl_pipeline' retrieved from /opt/airflow/dags/data_pipeline_dag.py
[2025-03-22T04:14:35.603+0000] {logging_mixin.py:188} INFO - [2025-03-22T04:14:35.602+0000] {dag.py:3096} INFO - Sync 1 DAGs
[2025-03-22T04:14:35.624+0000] {logging_mixin.py:188} INFO - [2025-03-22T04:14:35.624+0000] {dag.py:3954} INFO - Setting next_dagrun for spotify_etl_pipeline to 2025-03-22 00:00:00+00:00, run_after=2025-03-23 00:00:00+00:00
[2025-03-22T04:14:35.662+0000] {processor.py:183} INFO - Processing /opt/airflow/dags/data_pipeline_dag.py took 0.598 seconds
[2025-03-22T04:15:05.909+0000] {processor.py:161} INFO - Started process (PID=181) to work on /opt/airflow/dags/data_pipeline_dag.py
[2025-03-22T04:15:05.910+0000] {processor.py:830} INFO - Processing file /opt/airflow/dags/data_pipeline_dag.py for tasks to queue
[2025-03-22T04:15:05.912+0000] {logging_mixin.py:188} INFO - [2025-03-22T04:15:05.912+0000] {dagbag.py:545} INFO - Filling up the DagBag from /opt/airflow/dags/data_pipeline_dag.py
[2025-03-22T04:15:06.463+0000] {processor.py:840} INFO - DAG(s) 'spotify_etl_pipeline' retrieved from /opt/airflow/dags/data_pipeline_dag.py
[2025-03-22T04:15:06.489+0000] {logging_mixin.py:188} INFO - [2025-03-22T04:15:06.489+0000] {dag.py:3096} INFO - Sync 1 DAGs
[2025-03-22T04:15:06.509+0000] {logging_mixin.py:188} INFO - [2025-03-22T04:15:06.509+0000] {dag.py:3954} INFO - Setting next_dagrun for spotify_etl_pipeline to 2025-03-22 00:00:00+00:00, run_after=2025-03-23 00:00:00+00:00
[2025-03-22T04:15:06.558+0000] {processor.py:183} INFO - Processing /opt/airflow/dags/data_pipeline_dag.py took 0.655 seconds
[2025-03-22T04:15:36.812+0000] {processor.py:161} INFO - Started process (PID=188) to work on /opt/airflow/dags/data_pipeline_dag.py
[2025-03-22T04:15:36.813+0000] {processor.py:830} INFO - Processing file /opt/airflow/dags/data_pipeline_dag.py for tasks to queue
[2025-03-22T04:15:36.815+0000] {logging_mixin.py:188} INFO - [2025-03-22T04:15:36.815+0000] {dagbag.py:545} INFO - Filling up the DagBag from /opt/airflow/dags/data_pipeline_dag.py
[2025-03-22T04:15:37.292+0000] {processor.py:840} INFO - DAG(s) 'spotify_etl_pipeline' retrieved from /opt/airflow/dags/data_pipeline_dag.py
[2025-03-22T04:15:37.318+0000] {logging_mixin.py:188} INFO - [2025-03-22T04:15:37.318+0000] {dag.py:3096} INFO - Sync 1 DAGs
[2025-03-22T04:15:37.359+0000] {logging_mixin.py:188} INFO - [2025-03-22T04:15:37.358+0000] {dag.py:3954} INFO - Setting next_dagrun for spotify_etl_pipeline to 2025-03-22 00:00:00+00:00, run_after=2025-03-23 00:00:00+00:00
[2025-03-22T04:15:37.430+0000] {processor.py:183} INFO - Processing /opt/airflow/dags/data_pipeline_dag.py took 0.624 seconds
[2025-03-22T04:16:07.605+0000] {processor.py:161} INFO - Started process (PID=195) to work on /opt/airflow/dags/data_pipeline_dag.py
[2025-03-22T04:16:07.606+0000] {processor.py:830} INFO - Processing file /opt/airflow/dags/data_pipeline_dag.py for tasks to queue
[2025-03-22T04:16:07.609+0000] {logging_mixin.py:188} INFO - [2025-03-22T04:16:07.609+0000] {dagbag.py:545} INFO - Filling up the DagBag from /opt/airflow/dags/data_pipeline_dag.py
[2025-03-22T04:16:07.902+0000] {processor.py:840} INFO - DAG(s) 'spotify_etl_pipeline' retrieved from /opt/airflow/dags/data_pipeline_dag.py
[2025-03-22T04:16:07.930+0000] {logging_mixin.py:188} INFO - [2025-03-22T04:16:07.930+0000] {dag.py:3096} INFO - Sync 1 DAGs
[2025-03-22T04:16:07.953+0000] {logging_mixin.py:188} INFO - [2025-03-22T04:16:07.953+0000] {dag.py:3954} INFO - Setting next_dagrun for spotify_etl_pipeline to 2025-03-22 00:00:00+00:00, run_after=2025-03-23 00:00:00+00:00
[2025-03-22T04:16:07.997+0000] {processor.py:183} INFO - Processing /opt/airflow/dags/data_pipeline_dag.py took 0.399 seconds
[2025-03-22T04:16:38.179+0000] {processor.py:161} INFO - Started process (PID=200) to work on /opt/airflow/dags/data_pipeline_dag.py
[2025-03-22T04:16:38.180+0000] {processor.py:830} INFO - Processing file /opt/airflow/dags/data_pipeline_dag.py for tasks to queue
[2025-03-22T04:16:38.182+0000] {logging_mixin.py:188} INFO - [2025-03-22T04:16:38.182+0000] {dagbag.py:545} INFO - Filling up the DagBag from /opt/airflow/dags/data_pipeline_dag.py
[2025-03-22T04:16:38.521+0000] {processor.py:840} INFO - DAG(s) 'spotify_etl_pipeline' retrieved from /opt/airflow/dags/data_pipeline_dag.py
[2025-03-22T04:16:38.551+0000] {logging_mixin.py:188} INFO - [2025-03-22T04:16:38.550+0000] {dag.py:3096} INFO - Sync 1 DAGs
[2025-03-22T04:16:38.575+0000] {logging_mixin.py:188} INFO - [2025-03-22T04:16:38.574+0000] {dag.py:3954} INFO - Setting next_dagrun for spotify_etl_pipeline to 2025-03-22 00:00:00+00:00, run_after=2025-03-23 00:00:00+00:00
[2025-03-22T04:16:38.644+0000] {processor.py:183} INFO - Processing /opt/airflow/dags/data_pipeline_dag.py took 0.474 seconds
[2025-03-22T04:17:09.020+0000] {processor.py:161} INFO - Started process (PID=205) to work on /opt/airflow/dags/data_pipeline_dag.py
[2025-03-22T04:17:09.022+0000] {processor.py:830} INFO - Processing file /opt/airflow/dags/data_pipeline_dag.py for tasks to queue
[2025-03-22T04:17:09.024+0000] {logging_mixin.py:188} INFO - [2025-03-22T04:17:09.023+0000] {dagbag.py:545} INFO - Filling up the DagBag from /opt/airflow/dags/data_pipeline_dag.py
[2025-03-22T04:17:09.347+0000] {processor.py:840} INFO - DAG(s) 'spotify_etl_pipeline' retrieved from /opt/airflow/dags/data_pipeline_dag.py
[2025-03-22T04:17:09.384+0000] {logging_mixin.py:188} INFO - [2025-03-22T04:17:09.384+0000] {dag.py:3096} INFO - Sync 1 DAGs
[2025-03-22T04:17:09.412+0000] {logging_mixin.py:188} INFO - [2025-03-22T04:17:09.412+0000] {dag.py:3954} INFO - Setting next_dagrun for spotify_etl_pipeline to 2025-03-22 00:00:00+00:00, run_after=2025-03-23 00:00:00+00:00
[2025-03-22T04:17:09.480+0000] {processor.py:183} INFO - Processing /opt/airflow/dags/data_pipeline_dag.py took 0.467 seconds
[2025-03-22T04:17:39.677+0000] {processor.py:161} INFO - Started process (PID=212) to work on /opt/airflow/dags/data_pipeline_dag.py
[2025-03-22T04:17:39.679+0000] {processor.py:830} INFO - Processing file /opt/airflow/dags/data_pipeline_dag.py for tasks to queue
[2025-03-22T04:17:39.681+0000] {logging_mixin.py:188} INFO - [2025-03-22T04:17:39.681+0000] {dagbag.py:545} INFO - Filling up the DagBag from /opt/airflow/dags/data_pipeline_dag.py
[2025-03-22T04:17:39.995+0000] {processor.py:840} INFO - DAG(s) 'spotify_etl_pipeline' retrieved from /opt/airflow/dags/data_pipeline_dag.py
[2025-03-22T04:17:40.023+0000] {logging_mixin.py:188} INFO - [2025-03-22T04:17:40.022+0000] {dag.py:3096} INFO - Sync 1 DAGs
[2025-03-22T04:17:40.047+0000] {logging_mixin.py:188} INFO - [2025-03-22T04:17:40.047+0000] {dag.py:3954} INFO - Setting next_dagrun for spotify_etl_pipeline to 2025-03-22 00:00:00+00:00, run_after=2025-03-23 00:00:00+00:00
[2025-03-22T04:17:40.117+0000] {processor.py:183} INFO - Processing /opt/airflow/dags/data_pipeline_dag.py took 0.446 seconds
[2025-03-22T04:18:10.335+0000] {processor.py:161} INFO - Started process (PID=217) to work on /opt/airflow/dags/data_pipeline_dag.py
[2025-03-22T04:18:10.336+0000] {processor.py:830} INFO - Processing file /opt/airflow/dags/data_pipeline_dag.py for tasks to queue
[2025-03-22T04:18:10.338+0000] {logging_mixin.py:188} INFO - [2025-03-22T04:18:10.338+0000] {dagbag.py:545} INFO - Filling up the DagBag from /opt/airflow/dags/data_pipeline_dag.py
[2025-03-22T04:18:10.642+0000] {processor.py:840} INFO - DAG(s) 'spotify_etl_pipeline' retrieved from /opt/airflow/dags/data_pipeline_dag.py
[2025-03-22T04:18:10.672+0000] {logging_mixin.py:188} INFO - [2025-03-22T04:18:10.671+0000] {dag.py:3096} INFO - Sync 1 DAGs
[2025-03-22T04:18:10.696+0000] {logging_mixin.py:188} INFO - [2025-03-22T04:18:10.696+0000] {dag.py:3954} INFO - Setting next_dagrun for spotify_etl_pipeline to 2025-03-22 00:00:00+00:00, run_after=2025-03-23 00:00:00+00:00
[2025-03-22T04:18:10.751+0000] {processor.py:183} INFO - Processing /opt/airflow/dags/data_pipeline_dag.py took 0.422 seconds
[2025-03-22T04:18:34.635+0000] {processor.py:161} INFO - Started process (PID=222) to work on /opt/airflow/dags/data_pipeline_dag.py
[2025-03-22T04:18:34.636+0000] {processor.py:830} INFO - Processing file /opt/airflow/dags/data_pipeline_dag.py for tasks to queue
[2025-03-22T04:18:34.640+0000] {logging_mixin.py:188} INFO - [2025-03-22T04:18:34.639+0000] {dagbag.py:545} INFO - Filling up the DagBag from /opt/airflow/dags/data_pipeline_dag.py
[2025-03-22T04:18:34.977+0000] {processor.py:840} INFO - DAG(s) 'spotify_etl_pipeline' retrieved from /opt/airflow/dags/data_pipeline_dag.py
[2025-03-22T04:18:35.006+0000] {logging_mixin.py:188} INFO - [2025-03-22T04:18:35.006+0000] {dag.py:3096} INFO - Sync 1 DAGs
[2025-03-22T04:18:35.030+0000] {logging_mixin.py:188} INFO - [2025-03-22T04:18:35.029+0000] {dag.py:3954} INFO - Setting next_dagrun for spotify_etl_pipeline to 2025-03-22 00:00:00+00:00, run_after=2025-03-23 00:00:00+00:00
[2025-03-22T04:18:35.082+0000] {processor.py:183} INFO - Processing /opt/airflow/dags/data_pipeline_dag.py took 0.456 seconds
[2025-03-22T04:19:05.270+0000] {processor.py:161} INFO - Started process (PID=227) to work on /opt/airflow/dags/data_pipeline_dag.py
[2025-03-22T04:19:05.271+0000] {processor.py:830} INFO - Processing file /opt/airflow/dags/data_pipeline_dag.py for tasks to queue
[2025-03-22T04:19:05.273+0000] {logging_mixin.py:188} INFO - [2025-03-22T04:19:05.273+0000] {dagbag.py:545} INFO - Filling up the DagBag from /opt/airflow/dags/data_pipeline_dag.py
[2025-03-22T04:19:05.643+0000] {processor.py:840} INFO - DAG(s) 'spotify_etl_pipeline' retrieved from /opt/airflow/dags/data_pipeline_dag.py
[2025-03-22T04:19:05.677+0000] {logging_mixin.py:188} INFO - [2025-03-22T04:19:05.677+0000] {dag.py:3096} INFO - Sync 1 DAGs
[2025-03-22T04:19:05.701+0000] {logging_mixin.py:188} INFO - [2025-03-22T04:19:05.701+0000] {dag.py:3954} INFO - Setting next_dagrun for spotify_etl_pipeline to 2025-03-22 00:00:00+00:00, run_after=2025-03-23 00:00:00+00:00
[2025-03-22T04:19:05.757+0000] {processor.py:183} INFO - Processing /opt/airflow/dags/data_pipeline_dag.py took 0.495 seconds
[2025-03-22T04:19:35.981+0000] {processor.py:161} INFO - Started process (PID=232) to work on /opt/airflow/dags/data_pipeline_dag.py
[2025-03-22T04:19:35.982+0000] {processor.py:830} INFO - Processing file /opt/airflow/dags/data_pipeline_dag.py for tasks to queue
[2025-03-22T04:19:35.984+0000] {logging_mixin.py:188} INFO - [2025-03-22T04:19:35.984+0000] {dagbag.py:545} INFO - Filling up the DagBag from /opt/airflow/dags/data_pipeline_dag.py
[2025-03-22T04:19:36.280+0000] {processor.py:840} INFO - DAG(s) 'spotify_etl_pipeline' retrieved from /opt/airflow/dags/data_pipeline_dag.py
[2025-03-22T04:19:36.315+0000] {logging_mixin.py:188} INFO - [2025-03-22T04:19:36.315+0000] {dag.py:3096} INFO - Sync 1 DAGs
[2025-03-22T04:19:36.343+0000] {logging_mixin.py:188} INFO - [2025-03-22T04:19:36.343+0000] {dag.py:3954} INFO - Setting next_dagrun for spotify_etl_pipeline to 2025-03-22 00:00:00+00:00, run_after=2025-03-23 00:00:00+00:00
[2025-03-22T04:19:36.415+0000] {processor.py:183} INFO - Processing /opt/airflow/dags/data_pipeline_dag.py took 0.440 seconds
[2025-03-22T04:20:06.615+0000] {processor.py:161} INFO - Started process (PID=237) to work on /opt/airflow/dags/data_pipeline_dag.py
[2025-03-22T04:20:06.616+0000] {processor.py:830} INFO - Processing file /opt/airflow/dags/data_pipeline_dag.py for tasks to queue
[2025-03-22T04:20:06.618+0000] {logging_mixin.py:188} INFO - [2025-03-22T04:20:06.618+0000] {dagbag.py:545} INFO - Filling up the DagBag from /opt/airflow/dags/data_pipeline_dag.py
[2025-03-22T04:20:07.064+0000] {processor.py:840} INFO - DAG(s) 'spotify_etl_pipeline' retrieved from /opt/airflow/dags/data_pipeline_dag.py
[2025-03-22T04:20:07.097+0000] {logging_mixin.py:188} INFO - [2025-03-22T04:20:07.097+0000] {dag.py:3096} INFO - Sync 1 DAGs
[2025-03-22T04:20:07.146+0000] {logging_mixin.py:188} INFO - [2025-03-22T04:20:07.145+0000] {dag.py:3954} INFO - Setting next_dagrun for spotify_etl_pipeline to 2025-03-22 00:00:00+00:00, run_after=2025-03-23 00:00:00+00:00
[2025-03-22T04:20:07.211+0000] {processor.py:183} INFO - Processing /opt/airflow/dags/data_pipeline_dag.py took 0.601 seconds
[2025-03-22T04:20:37.427+0000] {processor.py:161} INFO - Started process (PID=242) to work on /opt/airflow/dags/data_pipeline_dag.py
[2025-03-22T04:20:37.428+0000] {processor.py:830} INFO - Processing file /opt/airflow/dags/data_pipeline_dag.py for tasks to queue
[2025-03-22T04:20:37.429+0000] {logging_mixin.py:188} INFO - [2025-03-22T04:20:37.429+0000] {dagbag.py:545} INFO - Filling up the DagBag from /opt/airflow/dags/data_pipeline_dag.py
[2025-03-22T04:20:37.906+0000] {processor.py:840} INFO - DAG(s) 'spotify_etl_pipeline' retrieved from /opt/airflow/dags/data_pipeline_dag.py
[2025-03-22T04:20:37.939+0000] {logging_mixin.py:188} INFO - [2025-03-22T04:20:37.939+0000] {dag.py:3096} INFO - Sync 1 DAGs
[2025-03-22T04:20:37.966+0000] {logging_mixin.py:188} INFO - [2025-03-22T04:20:37.966+0000] {dag.py:3954} INFO - Setting next_dagrun for spotify_etl_pipeline to 2025-03-22 00:00:00+00:00, run_after=2025-03-23 00:00:00+00:00
[2025-03-22T04:20:38.021+0000] {processor.py:183} INFO - Processing /opt/airflow/dags/data_pipeline_dag.py took 0.601 seconds
[2025-03-22T04:21:08.251+0000] {processor.py:161} INFO - Started process (PID=247) to work on /opt/airflow/dags/data_pipeline_dag.py
[2025-03-22T04:21:08.252+0000] {processor.py:830} INFO - Processing file /opt/airflow/dags/data_pipeline_dag.py for tasks to queue
[2025-03-22T04:21:08.254+0000] {logging_mixin.py:188} INFO - [2025-03-22T04:21:08.254+0000] {dagbag.py:545} INFO - Filling up the DagBag from /opt/airflow/dags/data_pipeline_dag.py
[2025-03-22T04:21:08.551+0000] {processor.py:840} INFO - DAG(s) 'spotify_etl_pipeline' retrieved from /opt/airflow/dags/data_pipeline_dag.py
[2025-03-22T04:21:08.579+0000] {logging_mixin.py:188} INFO - [2025-03-22T04:21:08.579+0000] {dag.py:3096} INFO - Sync 1 DAGs
[2025-03-22T04:21:08.601+0000] {logging_mixin.py:188} INFO - [2025-03-22T04:21:08.600+0000] {dag.py:3954} INFO - Setting next_dagrun for spotify_etl_pipeline to 2025-03-22 00:00:00+00:00, run_after=2025-03-23 00:00:00+00:00
[2025-03-22T04:21:08.651+0000] {processor.py:183} INFO - Processing /opt/airflow/dags/data_pipeline_dag.py took 0.407 seconds
[2025-03-22T04:21:38.856+0000] {processor.py:161} INFO - Started process (PID=252) to work on /opt/airflow/dags/data_pipeline_dag.py
[2025-03-22T04:21:38.857+0000] {processor.py:830} INFO - Processing file /opt/airflow/dags/data_pipeline_dag.py for tasks to queue
[2025-03-22T04:21:38.859+0000] {logging_mixin.py:188} INFO - [2025-03-22T04:21:38.858+0000] {dagbag.py:545} INFO - Filling up the DagBag from /opt/airflow/dags/data_pipeline_dag.py
[2025-03-22T04:21:39.151+0000] {processor.py:840} INFO - DAG(s) 'spotify_etl_pipeline' retrieved from /opt/airflow/dags/data_pipeline_dag.py
[2025-03-22T04:21:39.179+0000] {logging_mixin.py:188} INFO - [2025-03-22T04:21:39.179+0000] {dag.py:3096} INFO - Sync 1 DAGs
[2025-03-22T04:21:39.201+0000] {logging_mixin.py:188} INFO - [2025-03-22T04:21:39.200+0000] {dag.py:3954} INFO - Setting next_dagrun for spotify_etl_pipeline to 2025-03-22 00:00:00+00:00, run_after=2025-03-23 00:00:00+00:00
[2025-03-22T04:21:39.239+0000] {processor.py:183} INFO - Processing /opt/airflow/dags/data_pipeline_dag.py took 0.389 seconds
[2025-03-22T04:22:09.429+0000] {processor.py:161} INFO - Started process (PID=257) to work on /opt/airflow/dags/data_pipeline_dag.py
[2025-03-22T04:22:09.431+0000] {processor.py:830} INFO - Processing file /opt/airflow/dags/data_pipeline_dag.py for tasks to queue
[2025-03-22T04:22:09.433+0000] {logging_mixin.py:188} INFO - [2025-03-22T04:22:09.433+0000] {dagbag.py:545} INFO - Filling up the DagBag from /opt/airflow/dags/data_pipeline_dag.py
[2025-03-22T04:22:09.743+0000] {processor.py:840} INFO - DAG(s) 'spotify_etl_pipeline' retrieved from /opt/airflow/dags/data_pipeline_dag.py
[2025-03-22T04:22:09.771+0000] {logging_mixin.py:188} INFO - [2025-03-22T04:22:09.770+0000] {dag.py:3096} INFO - Sync 1 DAGs
[2025-03-22T04:22:09.793+0000] {logging_mixin.py:188} INFO - [2025-03-22T04:22:09.792+0000] {dag.py:3954} INFO - Setting next_dagrun for spotify_etl_pipeline to 2025-03-22 00:00:00+00:00, run_after=2025-03-23 00:00:00+00:00
[2025-03-22T04:22:09.894+0000] {processor.py:183} INFO - Processing /opt/airflow/dags/data_pipeline_dag.py took 0.471 seconds
[2025-03-22T04:22:40.095+0000] {processor.py:161} INFO - Started process (PID=262) to work on /opt/airflow/dags/data_pipeline_dag.py
[2025-03-22T04:22:40.096+0000] {processor.py:830} INFO - Processing file /opt/airflow/dags/data_pipeline_dag.py for tasks to queue
[2025-03-22T04:22:40.097+0000] {logging_mixin.py:188} INFO - [2025-03-22T04:22:40.097+0000] {dagbag.py:545} INFO - Filling up the DagBag from /opt/airflow/dags/data_pipeline_dag.py
[2025-03-22T04:22:40.380+0000] {processor.py:840} INFO - DAG(s) 'spotify_etl_pipeline' retrieved from /opt/airflow/dags/data_pipeline_dag.py
[2025-03-22T04:22:40.407+0000] {logging_mixin.py:188} INFO - [2025-03-22T04:22:40.407+0000] {dag.py:3096} INFO - Sync 1 DAGs
[2025-03-22T04:22:40.429+0000] {logging_mixin.py:188} INFO - [2025-03-22T04:22:40.429+0000] {dag.py:3954} INFO - Setting next_dagrun for spotify_etl_pipeline to 2025-03-22 00:00:00+00:00, run_after=2025-03-23 00:00:00+00:00
[2025-03-22T04:22:40.519+0000] {processor.py:183} INFO - Processing /opt/airflow/dags/data_pipeline_dag.py took 0.431 seconds
[2025-03-22T04:23:10.727+0000] {processor.py:161} INFO - Started process (PID=269) to work on /opt/airflow/dags/data_pipeline_dag.py
[2025-03-22T04:23:10.728+0000] {processor.py:830} INFO - Processing file /opt/airflow/dags/data_pipeline_dag.py for tasks to queue
[2025-03-22T04:23:10.730+0000] {logging_mixin.py:188} INFO - [2025-03-22T04:23:10.730+0000] {dagbag.py:545} INFO - Filling up the DagBag from /opt/airflow/dags/data_pipeline_dag.py
[2025-03-22T04:23:11.034+0000] {processor.py:840} INFO - DAG(s) 'spotify_etl_pipeline' retrieved from /opt/airflow/dags/data_pipeline_dag.py
[2025-03-22T04:23:11.062+0000] {logging_mixin.py:188} INFO - [2025-03-22T04:23:11.062+0000] {dag.py:3096} INFO - Sync 1 DAGs
[2025-03-22T04:23:11.086+0000] {logging_mixin.py:188} INFO - [2025-03-22T04:23:11.086+0000] {dag.py:3954} INFO - Setting next_dagrun for spotify_etl_pipeline to 2025-03-22 00:00:00+00:00, run_after=2025-03-23 00:00:00+00:00
[2025-03-22T04:23:11.163+0000] {processor.py:183} INFO - Processing /opt/airflow/dags/data_pipeline_dag.py took 0.442 seconds
[2025-03-22T04:23:41.397+0000] {processor.py:161} INFO - Started process (PID=274) to work on /opt/airflow/dags/data_pipeline_dag.py
[2025-03-22T04:23:41.398+0000] {processor.py:830} INFO - Processing file /opt/airflow/dags/data_pipeline_dag.py for tasks to queue
[2025-03-22T04:23:41.401+0000] {logging_mixin.py:188} INFO - [2025-03-22T04:23:41.401+0000] {dagbag.py:545} INFO - Filling up the DagBag from /opt/airflow/dags/data_pipeline_dag.py
[2025-03-22T04:23:41.726+0000] {processor.py:840} INFO - DAG(s) 'spotify_etl_pipeline' retrieved from /opt/airflow/dags/data_pipeline_dag.py
[2025-03-22T04:23:41.753+0000] {logging_mixin.py:188} INFO - [2025-03-22T04:23:41.753+0000] {dag.py:3096} INFO - Sync 1 DAGs
[2025-03-22T04:23:41.775+0000] {logging_mixin.py:188} INFO - [2025-03-22T04:23:41.775+0000] {dag.py:3954} INFO - Setting next_dagrun for spotify_etl_pipeline to 2025-03-22 00:00:00+00:00, run_after=2025-03-23 00:00:00+00:00
[2025-03-22T04:23:41.810+0000] {processor.py:183} INFO - Processing /opt/airflow/dags/data_pipeline_dag.py took 0.420 seconds
[2025-03-22T04:24:12.011+0000] {processor.py:161} INFO - Started process (PID=279) to work on /opt/airflow/dags/data_pipeline_dag.py
[2025-03-22T04:24:12.012+0000] {processor.py:830} INFO - Processing file /opt/airflow/dags/data_pipeline_dag.py for tasks to queue
[2025-03-22T04:24:12.014+0000] {logging_mixin.py:188} INFO - [2025-03-22T04:24:12.014+0000] {dagbag.py:545} INFO - Filling up the DagBag from /opt/airflow/dags/data_pipeline_dag.py
[2025-03-22T04:24:12.312+0000] {processor.py:840} INFO - DAG(s) 'spotify_etl_pipeline' retrieved from /opt/airflow/dags/data_pipeline_dag.py
[2025-03-22T04:24:12.341+0000] {logging_mixin.py:188} INFO - [2025-03-22T04:24:12.340+0000] {dag.py:3096} INFO - Sync 1 DAGs
[2025-03-22T04:24:12.364+0000] {logging_mixin.py:188} INFO - [2025-03-22T04:24:12.364+0000] {dag.py:3954} INFO - Setting next_dagrun for spotify_etl_pipeline to 2025-03-22 00:00:00+00:00, run_after=2025-03-23 00:00:00+00:00
[2025-03-22T04:24:12.457+0000] {processor.py:183} INFO - Processing /opt/airflow/dags/data_pipeline_dag.py took 0.453 seconds
[2025-03-22T04:24:42.675+0000] {processor.py:161} INFO - Started process (PID=284) to work on /opt/airflow/dags/data_pipeline_dag.py
[2025-03-22T04:24:42.676+0000] {processor.py:830} INFO - Processing file /opt/airflow/dags/data_pipeline_dag.py for tasks to queue
[2025-03-22T04:24:42.678+0000] {logging_mixin.py:188} INFO - [2025-03-22T04:24:42.678+0000] {dagbag.py:545} INFO - Filling up the DagBag from /opt/airflow/dags/data_pipeline_dag.py
[2025-03-22T04:24:42.979+0000] {processor.py:840} INFO - DAG(s) 'spotify_etl_pipeline' retrieved from /opt/airflow/dags/data_pipeline_dag.py
[2025-03-22T04:24:43.010+0000] {logging_mixin.py:188} INFO - [2025-03-22T04:24:43.010+0000] {dag.py:3096} INFO - Sync 1 DAGs
[2025-03-22T04:24:43.033+0000] {logging_mixin.py:188} INFO - [2025-03-22T04:24:43.033+0000] {dag.py:3954} INFO - Setting next_dagrun for spotify_etl_pipeline to 2025-03-22 00:00:00+00:00, run_after=2025-03-23 00:00:00+00:00
[2025-03-22T04:24:43.073+0000] {processor.py:183} INFO - Processing /opt/airflow/dags/data_pipeline_dag.py took 0.407 seconds
[2025-03-22T04:25:13.265+0000] {processor.py:161} INFO - Started process (PID=289) to work on /opt/airflow/dags/data_pipeline_dag.py
[2025-03-22T04:25:13.267+0000] {processor.py:830} INFO - Processing file /opt/airflow/dags/data_pipeline_dag.py for tasks to queue
[2025-03-22T04:25:13.270+0000] {logging_mixin.py:188} INFO - [2025-03-22T04:25:13.269+0000] {dagbag.py:545} INFO - Filling up the DagBag from /opt/airflow/dags/data_pipeline_dag.py
[2025-03-22T04:25:13.591+0000] {processor.py:840} INFO - DAG(s) 'spotify_etl_pipeline' retrieved from /opt/airflow/dags/data_pipeline_dag.py
[2025-03-22T04:25:13.618+0000] {logging_mixin.py:188} INFO - [2025-03-22T04:25:13.618+0000] {dag.py:3096} INFO - Sync 1 DAGs
[2025-03-22T04:25:13.641+0000] {logging_mixin.py:188} INFO - [2025-03-22T04:25:13.640+0000] {dag.py:3954} INFO - Setting next_dagrun for spotify_etl_pipeline to 2025-03-22 00:00:00+00:00, run_after=2025-03-23 00:00:00+00:00
[2025-03-22T04:25:13.686+0000] {processor.py:183} INFO - Processing /opt/airflow/dags/data_pipeline_dag.py took 0.426 seconds
[2025-03-22T04:25:43.893+0000] {processor.py:161} INFO - Started process (PID=294) to work on /opt/airflow/dags/data_pipeline_dag.py
[2025-03-22T04:25:43.894+0000] {processor.py:830} INFO - Processing file /opt/airflow/dags/data_pipeline_dag.py for tasks to queue
[2025-03-22T04:25:43.897+0000] {logging_mixin.py:188} INFO - [2025-03-22T04:25:43.897+0000] {dagbag.py:545} INFO - Filling up the DagBag from /opt/airflow/dags/data_pipeline_dag.py
[2025-03-22T04:25:44.193+0000] {processor.py:840} INFO - DAG(s) 'spotify_etl_pipeline' retrieved from /opt/airflow/dags/data_pipeline_dag.py
[2025-03-22T04:25:44.223+0000] {logging_mixin.py:188} INFO - [2025-03-22T04:25:44.223+0000] {dag.py:3096} INFO - Sync 1 DAGs
[2025-03-22T04:25:44.249+0000] {logging_mixin.py:188} INFO - [2025-03-22T04:25:44.248+0000] {dag.py:3954} INFO - Setting next_dagrun for spotify_etl_pipeline to 2025-03-22 00:00:00+00:00, run_after=2025-03-23 00:00:00+00:00
[2025-03-22T04:25:44.300+0000] {processor.py:183} INFO - Processing /opt/airflow/dags/data_pipeline_dag.py took 0.414 seconds
[2025-03-22T04:26:14.487+0000] {processor.py:161} INFO - Started process (PID=299) to work on /opt/airflow/dags/data_pipeline_dag.py
[2025-03-22T04:26:14.488+0000] {processor.py:830} INFO - Processing file /opt/airflow/dags/data_pipeline_dag.py for tasks to queue
[2025-03-22T04:26:14.491+0000] {logging_mixin.py:188} INFO - [2025-03-22T04:26:14.490+0000] {dagbag.py:545} INFO - Filling up the DagBag from /opt/airflow/dags/data_pipeline_dag.py
[2025-03-22T04:26:14.790+0000] {processor.py:840} INFO - DAG(s) 'spotify_etl_pipeline' retrieved from /opt/airflow/dags/data_pipeline_dag.py
[2025-03-22T04:26:14.829+0000] {logging_mixin.py:188} INFO - [2025-03-22T04:26:14.828+0000] {dag.py:3096} INFO - Sync 1 DAGs
[2025-03-22T04:26:14.858+0000] {logging_mixin.py:188} INFO - [2025-03-22T04:26:14.857+0000] {dag.py:3954} INFO - Setting next_dagrun for spotify_etl_pipeline to 2025-03-22 00:00:00+00:00, run_after=2025-03-23 00:00:00+00:00
[2025-03-22T04:26:14.905+0000] {processor.py:183} INFO - Processing /opt/airflow/dags/data_pipeline_dag.py took 0.424 seconds
[2025-03-22T04:26:45.124+0000] {processor.py:161} INFO - Started process (PID=304) to work on /opt/airflow/dags/data_pipeline_dag.py
[2025-03-22T04:26:45.126+0000] {processor.py:830} INFO - Processing file /opt/airflow/dags/data_pipeline_dag.py for tasks to queue
[2025-03-22T04:26:45.128+0000] {logging_mixin.py:188} INFO - [2025-03-22T04:26:45.127+0000] {dagbag.py:545} INFO - Filling up the DagBag from /opt/airflow/dags/data_pipeline_dag.py
[2025-03-22T04:26:45.523+0000] {processor.py:840} INFO - DAG(s) 'spotify_etl_pipeline' retrieved from /opt/airflow/dags/data_pipeline_dag.py
[2025-03-22T04:26:45.556+0000] {logging_mixin.py:188} INFO - [2025-03-22T04:26:45.556+0000] {dag.py:3096} INFO - Sync 1 DAGs
[2025-03-22T04:26:45.619+0000] {logging_mixin.py:188} INFO - [2025-03-22T04:26:45.618+0000] {dag.py:3954} INFO - Setting next_dagrun for spotify_etl_pipeline to 2025-03-22 00:00:00+00:00, run_after=2025-03-23 00:00:00+00:00
[2025-03-22T04:26:45.731+0000] {processor.py:183} INFO - Processing /opt/airflow/dags/data_pipeline_dag.py took 0.613 seconds
[2025-03-22T04:27:15.830+0000] {processor.py:161} INFO - Started process (PID=309) to work on /opt/airflow/dags/data_pipeline_dag.py
[2025-03-22T04:27:15.831+0000] {processor.py:830} INFO - Processing file /opt/airflow/dags/data_pipeline_dag.py for tasks to queue
[2025-03-22T04:27:15.832+0000] {logging_mixin.py:188} INFO - [2025-03-22T04:27:15.832+0000] {dagbag.py:545} INFO - Filling up the DagBag from /opt/airflow/dags/data_pipeline_dag.py
[2025-03-22T04:27:16.143+0000] {processor.py:840} INFO - DAG(s) 'spotify_etl_pipeline' retrieved from /opt/airflow/dags/data_pipeline_dag.py
[2025-03-22T04:27:16.176+0000] {logging_mixin.py:188} INFO - [2025-03-22T04:27:16.176+0000] {dag.py:3096} INFO - Sync 1 DAGs
[2025-03-22T04:27:16.199+0000] {logging_mixin.py:188} INFO - [2025-03-22T04:27:16.199+0000] {dag.py:3954} INFO - Setting next_dagrun for spotify_etl_pipeline to 2025-03-22 00:00:00+00:00, run_after=2025-03-23 00:00:00+00:00
[2025-03-22T04:27:16.255+0000] {processor.py:183} INFO - Processing /opt/airflow/dags/data_pipeline_dag.py took 0.432 seconds
[2025-03-22T04:27:46.456+0000] {processor.py:161} INFO - Started process (PID=314) to work on /opt/airflow/dags/data_pipeline_dag.py
[2025-03-22T04:27:46.457+0000] {processor.py:830} INFO - Processing file /opt/airflow/dags/data_pipeline_dag.py for tasks to queue
[2025-03-22T04:27:46.460+0000] {logging_mixin.py:188} INFO - [2025-03-22T04:27:46.459+0000] {dagbag.py:545} INFO - Filling up the DagBag from /opt/airflow/dags/data_pipeline_dag.py
[2025-03-22T04:27:46.784+0000] {processor.py:840} INFO - DAG(s) 'spotify_etl_pipeline' retrieved from /opt/airflow/dags/data_pipeline_dag.py
[2025-03-22T04:27:46.813+0000] {logging_mixin.py:188} INFO - [2025-03-22T04:27:46.813+0000] {dag.py:3096} INFO - Sync 1 DAGs
[2025-03-22T04:27:46.836+0000] {logging_mixin.py:188} INFO - [2025-03-22T04:27:46.835+0000] {dag.py:3954} INFO - Setting next_dagrun for spotify_etl_pipeline to 2025-03-22 00:00:00+00:00, run_after=2025-03-23 00:00:00+00:00
[2025-03-22T04:27:46.883+0000] {processor.py:183} INFO - Processing /opt/airflow/dags/data_pipeline_dag.py took 0.437 seconds
[2025-03-22T04:28:17.087+0000] {processor.py:161} INFO - Started process (PID=321) to work on /opt/airflow/dags/data_pipeline_dag.py
[2025-03-22T04:28:17.088+0000] {processor.py:830} INFO - Processing file /opt/airflow/dags/data_pipeline_dag.py for tasks to queue
[2025-03-22T04:28:17.090+0000] {logging_mixin.py:188} INFO - [2025-03-22T04:28:17.090+0000] {dagbag.py:545} INFO - Filling up the DagBag from /opt/airflow/dags/data_pipeline_dag.py
[2025-03-22T04:28:17.401+0000] {processor.py:840} INFO - DAG(s) 'spotify_etl_pipeline' retrieved from /opt/airflow/dags/data_pipeline_dag.py
[2025-03-22T04:28:17.431+0000] {logging_mixin.py:188} INFO - [2025-03-22T04:28:17.431+0000] {dag.py:3096} INFO - Sync 1 DAGs
[2025-03-22T04:28:17.454+0000] {logging_mixin.py:188} INFO - [2025-03-22T04:28:17.454+0000] {dag.py:3954} INFO - Setting next_dagrun for spotify_etl_pipeline to 2025-03-22 00:00:00+00:00, run_after=2025-03-23 00:00:00+00:00
[2025-03-22T04:28:17.504+0000] {processor.py:183} INFO - Processing /opt/airflow/dags/data_pipeline_dag.py took 0.424 seconds
[2025-03-22T04:28:30.625+0000] {processor.py:161} INFO - Started process (PID=326) to work on /opt/airflow/dags/data_pipeline_dag.py
[2025-03-22T04:28:30.627+0000] {processor.py:830} INFO - Processing file /opt/airflow/dags/data_pipeline_dag.py for tasks to queue
[2025-03-22T04:28:30.629+0000] {logging_mixin.py:188} INFO - [2025-03-22T04:28:30.629+0000] {dagbag.py:545} INFO - Filling up the DagBag from /opt/airflow/dags/data_pipeline_dag.py
[2025-03-22T04:28:30.938+0000] {processor.py:840} INFO - DAG(s) 'spotify_etl_pipeline' retrieved from /opt/airflow/dags/data_pipeline_dag.py
[2025-03-22T04:28:30.969+0000] {logging_mixin.py:188} INFO - [2025-03-22T04:28:30.969+0000] {dag.py:3096} INFO - Sync 1 DAGs
[2025-03-22T04:28:30.991+0000] {logging_mixin.py:188} INFO - [2025-03-22T04:28:30.990+0000] {dag.py:3954} INFO - Setting next_dagrun for spotify_etl_pipeline to 2025-03-22 00:00:00+00:00, run_after=2025-03-23 00:00:00+00:00
[2025-03-22T04:28:31.032+0000] {processor.py:183} INFO - Processing /opt/airflow/dags/data_pipeline_dag.py took 0.413 seconds
[2025-03-22T04:29:01.369+0000] {processor.py:161} INFO - Started process (PID=333) to work on /opt/airflow/dags/data_pipeline_dag.py
[2025-03-22T04:29:01.370+0000] {processor.py:830} INFO - Processing file /opt/airflow/dags/data_pipeline_dag.py for tasks to queue
[2025-03-22T04:29:01.373+0000] {logging_mixin.py:188} INFO - [2025-03-22T04:29:01.372+0000] {dagbag.py:545} INFO - Filling up the DagBag from /opt/airflow/dags/data_pipeline_dag.py
[2025-03-22T04:29:01.669+0000] {processor.py:840} INFO - DAG(s) 'spotify_etl_pipeline' retrieved from /opt/airflow/dags/data_pipeline_dag.py
[2025-03-22T04:29:01.696+0000] {logging_mixin.py:188} INFO - [2025-03-22T04:29:01.695+0000] {dag.py:3096} INFO - Sync 1 DAGs
[2025-03-22T04:29:01.718+0000] {logging_mixin.py:188} INFO - [2025-03-22T04:29:01.717+0000] {dag.py:3954} INFO - Setting next_dagrun for spotify_etl_pipeline to 2025-03-22 00:00:00+00:00, run_after=2025-03-23 00:00:00+00:00
[2025-03-22T04:29:01.772+0000] {processor.py:183} INFO - Processing /opt/airflow/dags/data_pipeline_dag.py took 0.413 seconds
[2025-03-22T04:29:31.985+0000] {processor.py:161} INFO - Started process (PID=338) to work on /opt/airflow/dags/data_pipeline_dag.py
[2025-03-22T04:29:31.987+0000] {processor.py:830} INFO - Processing file /opt/airflow/dags/data_pipeline_dag.py for tasks to queue
[2025-03-22T04:29:31.990+0000] {logging_mixin.py:188} INFO - [2025-03-22T04:29:31.989+0000] {dagbag.py:545} INFO - Filling up the DagBag from /opt/airflow/dags/data_pipeline_dag.py
[2025-03-22T04:29:32.375+0000] {processor.py:840} INFO - DAG(s) 'spotify_etl_pipeline' retrieved from /opt/airflow/dags/data_pipeline_dag.py
[2025-03-22T04:29:32.405+0000] {logging_mixin.py:188} INFO - [2025-03-22T04:29:32.405+0000] {dag.py:3096} INFO - Sync 1 DAGs
[2025-03-22T04:29:32.429+0000] {logging_mixin.py:188} INFO - [2025-03-22T04:29:32.429+0000] {dag.py:3954} INFO - Setting next_dagrun for spotify_etl_pipeline to 2025-03-22 00:00:00+00:00, run_after=2025-03-23 00:00:00+00:00
[2025-03-22T04:29:32.504+0000] {processor.py:183} INFO - Processing /opt/airflow/dags/data_pipeline_dag.py took 0.531 seconds
[2025-03-22T04:30:02.721+0000] {processor.py:161} INFO - Started process (PID=343) to work on /opt/airflow/dags/data_pipeline_dag.py
[2025-03-22T04:30:02.722+0000] {processor.py:830} INFO - Processing file /opt/airflow/dags/data_pipeline_dag.py for tasks to queue
[2025-03-22T04:30:02.724+0000] {logging_mixin.py:188} INFO - [2025-03-22T04:30:02.724+0000] {dagbag.py:545} INFO - Filling up the DagBag from /opt/airflow/dags/data_pipeline_dag.py
[2025-03-22T04:30:03.006+0000] {processor.py:840} INFO - DAG(s) 'spotify_etl_pipeline' retrieved from /opt/airflow/dags/data_pipeline_dag.py
[2025-03-22T04:30:03.033+0000] {logging_mixin.py:188} INFO - [2025-03-22T04:30:03.032+0000] {dag.py:3096} INFO - Sync 1 DAGs
[2025-03-22T04:30:03.058+0000] {logging_mixin.py:188} INFO - [2025-03-22T04:30:03.058+0000] {dag.py:3954} INFO - Setting next_dagrun for spotify_etl_pipeline to 2025-03-22 00:00:00+00:00, run_after=2025-03-23 00:00:00+00:00
[2025-03-22T04:30:03.103+0000] {processor.py:183} INFO - Processing /opt/airflow/dags/data_pipeline_dag.py took 0.390 seconds
[2025-03-22T04:30:33.292+0000] {processor.py:161} INFO - Started process (PID=348) to work on /opt/airflow/dags/data_pipeline_dag.py
[2025-03-22T04:30:33.293+0000] {processor.py:830} INFO - Processing file /opt/airflow/dags/data_pipeline_dag.py for tasks to queue
[2025-03-22T04:30:33.295+0000] {logging_mixin.py:188} INFO - [2025-03-22T04:30:33.295+0000] {dagbag.py:545} INFO - Filling up the DagBag from /opt/airflow/dags/data_pipeline_dag.py
[2025-03-22T04:30:33.592+0000] {processor.py:840} INFO - DAG(s) 'spotify_etl_pipeline' retrieved from /opt/airflow/dags/data_pipeline_dag.py
[2025-03-22T04:30:33.620+0000] {logging_mixin.py:188} INFO - [2025-03-22T04:30:33.620+0000] {dag.py:3096} INFO - Sync 1 DAGs
[2025-03-22T04:30:33.642+0000] {logging_mixin.py:188} INFO - [2025-03-22T04:30:33.642+0000] {dag.py:3954} INFO - Setting next_dagrun for spotify_etl_pipeline to 2025-03-22 00:00:00+00:00, run_after=2025-03-23 00:00:00+00:00
[2025-03-22T04:30:33.731+0000] {processor.py:183} INFO - Processing /opt/airflow/dags/data_pipeline_dag.py took 0.446 seconds
[2025-03-22T04:31:03.926+0000] {processor.py:161} INFO - Started process (PID=353) to work on /opt/airflow/dags/data_pipeline_dag.py
[2025-03-22T04:31:03.927+0000] {processor.py:830} INFO - Processing file /opt/airflow/dags/data_pipeline_dag.py for tasks to queue
[2025-03-22T04:31:03.930+0000] {logging_mixin.py:188} INFO - [2025-03-22T04:31:03.930+0000] {dagbag.py:545} INFO - Filling up the DagBag from /opt/airflow/dags/data_pipeline_dag.py
[2025-03-22T04:31:04.283+0000] {processor.py:840} INFO - DAG(s) 'spotify_etl_pipeline' retrieved from /opt/airflow/dags/data_pipeline_dag.py
[2025-03-22T04:31:04.312+0000] {logging_mixin.py:188} INFO - [2025-03-22T04:31:04.312+0000] {dag.py:3096} INFO - Sync 1 DAGs
[2025-03-22T04:31:04.335+0000] {logging_mixin.py:188} INFO - [2025-03-22T04:31:04.335+0000] {dag.py:3954} INFO - Setting next_dagrun for spotify_etl_pipeline to 2025-03-22 00:00:00+00:00, run_after=2025-03-23 00:00:00+00:00
[2025-03-22T04:31:04.377+0000] {processor.py:183} INFO - Processing /opt/airflow/dags/data_pipeline_dag.py took 0.457 seconds
[2025-03-22T04:31:34.572+0000] {processor.py:161} INFO - Started process (PID=358) to work on /opt/airflow/dags/data_pipeline_dag.py
[2025-03-22T04:31:34.573+0000] {processor.py:830} INFO - Processing file /opt/airflow/dags/data_pipeline_dag.py for tasks to queue
[2025-03-22T04:31:34.575+0000] {logging_mixin.py:188} INFO - [2025-03-22T04:31:34.575+0000] {dagbag.py:545} INFO - Filling up the DagBag from /opt/airflow/dags/data_pipeline_dag.py
[2025-03-22T04:31:34.871+0000] {processor.py:840} INFO - DAG(s) 'spotify_etl_pipeline' retrieved from /opt/airflow/dags/data_pipeline_dag.py
[2025-03-22T04:31:34.898+0000] {logging_mixin.py:188} INFO - [2025-03-22T04:31:34.898+0000] {dag.py:3096} INFO - Sync 1 DAGs
[2025-03-22T04:31:34.920+0000] {logging_mixin.py:188} INFO - [2025-03-22T04:31:34.920+0000] {dag.py:3954} INFO - Setting next_dagrun for spotify_etl_pipeline to 2025-03-22 00:00:00+00:00, run_after=2025-03-23 00:00:00+00:00
[2025-03-22T04:31:34.976+0000] {processor.py:183} INFO - Processing /opt/airflow/dags/data_pipeline_dag.py took 0.411 seconds
