[2025-03-22T04:13:32.208+0000] {manager.py:470} INFO - Processing files using up to 2 processes at a time 
[2025-03-22T04:13:32.213+0000] {manager.py:471} INFO - Process each file at most once every 30 seconds
[2025-03-22T04:13:32.215+0000] {manager.py:472} INFO - Checking for new files in /opt/airflow/dags every 300 seconds
[2025-03-22T04:13:32.217+0000] {manager.py:737} INFO - Searching for files in /opt/airflow/dags
[2025-03-22T04:13:32.299+0000] {manager.py:740} INFO - There are 1 files in /opt/airflow/dags
[2025-03-22T04:13:32.427+0000] {manager.py:878} INFO - 
================================================================================
DAG File Processing Stats

File Path                                 PID  Runtime      # DAGs    # Errors  Last Runtime    Last Run
--------------------------------------  -----  ---------  --------  ----------  --------------  ----------
/opt/airflow/dags/data_pipeline_dag.py    164  0.05s             0           0
================================================================================
[2025-03-22T04:14:02.571+0000] {manager.py:878} INFO - 
================================================================================
DAG File Processing Stats

File Path                               PID    Runtime      # DAGs    # Errors  Last Runtime    Last Run
--------------------------------------  -----  ---------  --------  ----------  --------------  -------------------
/opt/airflow/dags/data_pipeline_dag.py                           1           0  1.73s           2025-03-22T04:13:34
================================================================================
[2025-03-22T04:14:32.722+0000] {manager.py:878} INFO - 
================================================================================
DAG File Processing Stats

File Path                               PID    Runtime      # DAGs    # Errors  Last Runtime    Last Run
--------------------------------------  -----  ---------  --------  ----------  --------------  -------------------
/opt/airflow/dags/data_pipeline_dag.py                           1           0  0.63s           2025-03-22T04:14:04
================================================================================
[2025-03-22T04:15:02.855+0000] {manager.py:878} INFO - 
================================================================================
DAG File Processing Stats

File Path                               PID    Runtime      # DAGs    # Errors  Last Runtime    Last Run
--------------------------------------  -----  ---------  --------  ----------  --------------  -------------------
/opt/airflow/dags/data_pipeline_dag.py                           1           0  0.64s           2025-03-22T04:14:35
================================================================================
[2025-03-22T04:15:33.396+0000] {manager.py:878} INFO - 
================================================================================
DAG File Processing Stats

File Path                               PID    Runtime      # DAGs    # Errors  Last Runtime    Last Run
--------------------------------------  -----  ---------  --------  ----------  --------------  -------------------
/opt/airflow/dags/data_pipeline_dag.py                           1           0  0.69s           2025-03-22T04:15:06
================================================================================
[2025-03-22T04:16:03.553+0000] {manager.py:878} INFO - 
================================================================================
DAG File Processing Stats

File Path                               PID    Runtime      # DAGs    # Errors  Last Runtime    Last Run
--------------------------------------  -----  ---------  --------  ----------  --------------  -------------------
/opt/airflow/dags/data_pipeline_dag.py                           1           0  0.67s           2025-03-22T04:15:37
================================================================================
[2025-03-22T04:16:33.863+0000] {manager.py:878} INFO - 
================================================================================
DAG File Processing Stats

File Path                               PID    Runtime      # DAGs    # Errors  Last Runtime    Last Run
--------------------------------------  -----  ---------  --------  ----------  --------------  -------------------
/opt/airflow/dags/data_pipeline_dag.py                           1           0  0.43s           2025-03-22T04:16:08
================================================================================
[2025-03-22T04:17:03.960+0000] {manager.py:878} INFO - 
================================================================================
DAG File Processing Stats

File Path                               PID    Runtime      # DAGs    # Errors  Last Runtime    Last Run
--------------------------------------  -----  ---------  --------  ----------  --------------  -------------------
/opt/airflow/dags/data_pipeline_dag.py                           1           0  0.51s           2025-03-22T04:16:38
================================================================================
[2025-03-22T04:17:34.464+0000] {manager.py:878} INFO - 
================================================================================
DAG File Processing Stats

File Path                               PID    Runtime      # DAGs    # Errors  Last Runtime    Last Run
--------------------------------------  -----  ---------  --------  ----------  --------------  -------------------
/opt/airflow/dags/data_pipeline_dag.py                           1           0  0.51s           2025-03-22T04:17:09
================================================================================
[2025-03-22T04:18:04.772+0000] {manager.py:878} INFO - 
================================================================================
DAG File Processing Stats

File Path                               PID    Runtime      # DAGs    # Errors  Last Runtime    Last Run
--------------------------------------  -----  ---------  --------  ----------  --------------  -------------------
/opt/airflow/dags/data_pipeline_dag.py                           1           0  0.48s           2025-03-22T04:17:40
================================================================================
[2025-03-22T04:18:32.427+0000] {manager.py:737} INFO - Searching for files in /opt/airflow/dags
[2025-03-22T04:18:32.568+0000] {manager.py:740} INFO - There are 1 files in /opt/airflow/dags
[2025-03-22T04:18:34.885+0000] {manager.py:878} INFO - 
================================================================================
DAG File Processing Stats

File Path                                 PID  Runtime      # DAGs    # Errors  Last Runtime    Last Run
--------------------------------------  -----  ---------  --------  ----------  --------------  -------------------
/opt/airflow/dags/data_pipeline_dag.py    222  0.28s             1           0  0.46s           2025-03-22T04:18:10
================================================================================
[2025-03-22T04:19:05.058+0000] {manager.py:878} INFO - 
================================================================================
DAG File Processing Stats

File Path                               PID    Runtime      # DAGs    # Errors  Last Runtime    Last Run
--------------------------------------  -----  ---------  --------  ----------  --------------  -------------------
/opt/airflow/dags/data_pipeline_dag.py                           1           0  0.50s           2025-03-22T04:18:35
================================================================================
[2025-03-22T04:19:35.421+0000] {manager.py:878} INFO - 
================================================================================
DAG File Processing Stats

File Path                               PID    Runtime      # DAGs    # Errors  Last Runtime    Last Run
--------------------------------------  -----  ---------  --------  ----------  --------------  -------------------
/opt/airflow/dags/data_pipeline_dag.py                           1           0  0.53s           2025-03-22T04:19:05
================================================================================
[2025-03-22T04:20:05.575+0000] {manager.py:878} INFO - 
================================================================================
DAG File Processing Stats

File Path                               PID    Runtime      # DAGs    # Errors  Last Runtime    Last Run
--------------------------------------  -----  ---------  --------  ----------  --------------  -------------------
/opt/airflow/dags/data_pipeline_dag.py                           1           0  0.48s           2025-03-22T04:19:36
================================================================================
[2025-03-22T04:20:35.726+0000] {manager.py:878} INFO - 
================================================================================
DAG File Processing Stats

File Path                               PID    Runtime      # DAGs    # Errors  Last Runtime    Last Run
--------------------------------------  -----  ---------  --------  ----------  --------------  -------------------
/opt/airflow/dags/data_pipeline_dag.py                           1           0  0.64s           2025-03-22T04:20:07
================================================================================
[2025-03-22T04:21:05.889+0000] {manager.py:878} INFO - 
================================================================================
DAG File Processing Stats

File Path                               PID    Runtime      # DAGs    # Errors  Last Runtime    Last Run
--------------------------------------  -----  ---------  --------  ----------  --------------  -------------------
/opt/airflow/dags/data_pipeline_dag.py                           1           0  0.64s           2025-03-22T04:20:38
================================================================================
[2025-03-22T04:21:36.362+0000] {manager.py:878} INFO - 
================================================================================
DAG File Processing Stats

File Path                               PID    Runtime      # DAGs    # Errors  Last Runtime    Last Run
--------------------------------------  -----  ---------  --------  ----------  --------------  -------------------
/opt/airflow/dags/data_pipeline_dag.py                           1           0  0.44s           2025-03-22T04:21:08
================================================================================
[2025-03-22T04:22:06.378+0000] {manager.py:878} INFO - 
================================================================================
DAG File Processing Stats

File Path                               PID    Runtime      # DAGs    # Errors  Last Runtime    Last Run
--------------------------------------  -----  ---------  --------  ----------  --------------  -------------------
/opt/airflow/dags/data_pipeline_dag.py                           1           0  0.42s           2025-03-22T04:21:39
================================================================================
[2025-03-22T04:22:36.554+0000] {manager.py:878} INFO - 
================================================================================
DAG File Processing Stats

File Path                               PID    Runtime      # DAGs    # Errors  Last Runtime    Last Run
--------------------------------------  -----  ---------  --------  ----------  --------------  -------------------
/opt/airflow/dags/data_pipeline_dag.py                           1           0  0.51s           2025-03-22T04:22:09
================================================================================
[2025-03-22T04:23:06.677+0000] {manager.py:878} INFO - 
================================================================================
DAG File Processing Stats

File Path                               PID    Runtime      # DAGs    # Errors  Last Runtime    Last Run
--------------------------------------  -----  ---------  --------  ----------  --------------  -------------------
/opt/airflow/dags/data_pipeline_dag.py                           1           0  0.47s           2025-03-22T04:22:40
================================================================================
[2025-03-22T04:23:32.819+0000] {manager.py:737} INFO - Searching for files in /opt/airflow/dags
[2025-03-22T04:23:32.934+0000] {manager.py:740} INFO - There are 1 files in /opt/airflow/dags
[2025-03-22T04:23:36.968+0000] {manager.py:878} INFO - 
================================================================================
DAG File Processing Stats

File Path                               PID    Runtime      # DAGs    # Errors  Last Runtime    Last Run
--------------------------------------  -----  ---------  --------  ----------  --------------  -------------------
/opt/airflow/dags/data_pipeline_dag.py                           1           0  0.48s           2025-03-22T04:23:11
================================================================================
[2025-03-22T04:24:07.509+0000] {manager.py:878} INFO - 
================================================================================
DAG File Processing Stats

File Path                               PID    Runtime      # DAGs    # Errors  Last Runtime    Last Run
--------------------------------------  -----  ---------  --------  ----------  --------------  -------------------
/opt/airflow/dags/data_pipeline_dag.py                           1           0  0.46s           2025-03-22T04:23:41
================================================================================
[2025-03-22T04:24:37.616+0000] {manager.py:878} INFO - 
================================================================================
DAG File Processing Stats

File Path                               PID    Runtime      # DAGs    # Errors  Last Runtime    Last Run
--------------------------------------  -----  ---------  --------  ----------  --------------  -------------------
/opt/airflow/dags/data_pipeline_dag.py                           1           0  0.49s           2025-03-22T04:24:12
================================================================================
[2025-03-22T04:25:07.772+0000] {manager.py:878} INFO - 
================================================================================
DAG File Processing Stats

File Path                               PID    Runtime      # DAGs    # Errors  Last Runtime    Last Run
--------------------------------------  -----  ---------  --------  ----------  --------------  -------------------
/opt/airflow/dags/data_pipeline_dag.py                           1           0  0.44s           2025-03-22T04:24:43
================================================================================
[2025-03-22T04:25:37.828+0000] {manager.py:878} INFO - 
================================================================================
DAG File Processing Stats

File Path                               PID    Runtime      # DAGs    # Errors  Last Runtime    Last Run
--------------------------------------  -----  ---------  --------  ----------  --------------  -------------------
/opt/airflow/dags/data_pipeline_dag.py                           1           0  0.46s           2025-03-22T04:25:13
================================================================================
[2025-03-22T04:26:07.982+0000] {manager.py:878} INFO - 
================================================================================
DAG File Processing Stats

File Path                               PID    Runtime      # DAGs    # Errors  Last Runtime    Last Run
--------------------------------------  -----  ---------  --------  ----------  --------------  -------------------
/opt/airflow/dags/data_pipeline_dag.py                           1           0  0.45s           2025-03-22T04:25:44
================================================================================
[2025-03-22T04:26:38.052+0000] {manager.py:878} INFO - 
================================================================================
DAG File Processing Stats

File Path                               PID    Runtime      # DAGs    # Errors  Last Runtime    Last Run
--------------------------------------  -----  ---------  --------  ----------  --------------  -------------------
/opt/airflow/dags/data_pipeline_dag.py                           1           0  0.46s           2025-03-22T04:26:14
================================================================================
[2025-03-22T04:27:08.743+0000] {manager.py:878} INFO - 
================================================================================
DAG File Processing Stats

File Path                               PID    Runtime      # DAGs    # Errors  Last Runtime    Last Run
--------------------------------------  -----  ---------  --------  ----------  --------------  -------------------
/opt/airflow/dags/data_pipeline_dag.py                           1           0  0.65s           2025-03-22T04:26:45
================================================================================
[2025-03-22T04:27:39.063+0000] {manager.py:878} INFO - 
================================================================================
DAG File Processing Stats

File Path                               PID    Runtime      # DAGs    # Errors  Last Runtime    Last Run
--------------------------------------  -----  ---------  --------  ----------  --------------  -------------------
/opt/airflow/dags/data_pipeline_dag.py                           1           0  0.47s           2025-03-22T04:27:16
================================================================================
[2025-03-22T04:28:09.545+0000] {manager.py:878} INFO - 
================================================================================
DAG File Processing Stats

File Path                               PID    Runtime      # DAGs    # Errors  Last Runtime    Last Run
--------------------------------------  -----  ---------  --------  ----------  --------------  -------------------
/opt/airflow/dags/data_pipeline_dag.py                           1           0  0.49s           2025-03-22T04:27:46
================================================================================
[2025-03-22T04:28:33.059+0000] {manager.py:737} INFO - Searching for files in /opt/airflow/dags
[2025-03-22T04:28:33.182+0000] {manager.py:740} INFO - There are 1 files in /opt/airflow/dags
[2025-03-22T04:28:39.643+0000] {manager.py:878} INFO - 
================================================================================
DAG File Processing Stats

File Path                               PID    Runtime      # DAGs    # Errors  Last Runtime    Last Run
--------------------------------------  -----  ---------  --------  ----------  --------------  -------------------
/opt/airflow/dags/data_pipeline_dag.py                           1           0  0.45s           2025-03-22T04:28:31
================================================================================
[2025-03-22T04:29:09.804+0000] {manager.py:878} INFO - 
================================================================================
DAG File Processing Stats

File Path                               PID    Runtime      # DAGs    # Errors  Last Runtime    Last Run
--------------------------------------  -----  ---------  --------  ----------  --------------  -------------------
/opt/airflow/dags/data_pipeline_dag.py                           1           0  0.45s           2025-03-22T04:29:01
================================================================================
[2025-03-22T04:29:39.993+0000] {manager.py:878} INFO - 
================================================================================
DAG File Processing Stats

File Path                               PID    Runtime      # DAGs    # Errors  Last Runtime    Last Run
--------------------------------------  -----  ---------  --------  ----------  --------------  -------------------
/opt/airflow/dags/data_pipeline_dag.py                           1           0  0.59s           2025-03-22T04:29:32
================================================================================
[2025-03-22T04:30:10.139+0000] {manager.py:878} INFO - 
================================================================================
DAG File Processing Stats

File Path                               PID    Runtime      # DAGs    # Errors  Last Runtime    Last Run
--------------------------------------  -----  ---------  --------  ----------  --------------  -------------------
/opt/airflow/dags/data_pipeline_dag.py                           1           0  0.44s           2025-03-22T04:30:03
================================================================================
[2025-03-22T04:30:40.306+0000] {manager.py:878} INFO - 
================================================================================
DAG File Processing Stats

File Path                               PID    Runtime      # DAGs    # Errors  Last Runtime    Last Run
--------------------------------------  -----  ---------  --------  ----------  --------------  -------------------
/opt/airflow/dags/data_pipeline_dag.py                           1           0  0.48s           2025-03-22T04:30:33
================================================================================
[2025-03-22T04:31:10.427+0000] {manager.py:878} INFO - 
================================================================================
DAG File Processing Stats

File Path                               PID    Runtime      # DAGs    # Errors  Last Runtime    Last Run
--------------------------------------  -----  ---------  --------  ----------  --------------  -------------------
/opt/airflow/dags/data_pipeline_dag.py                           1           0  0.49s           2025-03-22T04:31:04
================================================================================
