[2025-04-03T22:15:59.257+0000] {local_task_job_runner.py:120} INFO - ::group::Pre task execution logs
[2025-04-03T22:15:59.294+0000] {taskinstance.py:2076} INFO - Dependencies all met for dep_context=non-requeueable deps ti=<TaskInstance: etl_pipeline.minio_to_postgres_task manual__2025-03-26T13:33:39.761724+00:00 [queued]>
[2025-04-03T22:15:59.304+0000] {taskinstance.py:2076} INFO - Dependencies all met for dep_context=requeueable deps ti=<TaskInstance: etl_pipeline.minio_to_postgres_task manual__2025-03-26T13:33:39.761724+00:00 [queued]>
[2025-04-03T22:15:59.305+0000] {taskinstance.py:2306} INFO - Starting attempt 3 of 4
[2025-04-03T22:15:59.337+0000] {taskinstance.py:2330} INFO - Executing <Task(SparkSubmitOperator): minio_to_postgres_task> on 2025-03-26 13:33:39.761724+00:00
[2025-04-03T22:15:59.344+0000] {standard_task_runner.py:63} INFO - Started process 484 to run task
[2025-04-03T22:15:59.348+0000] {standard_task_runner.py:90} INFO - Running: ['***', 'tasks', 'run', 'etl_pipeline', 'minio_to_postgres_task', 'manual__2025-03-26T13:33:39.761724+00:00', '--job-id', '142', '--raw', '--subdir', 'DAGS_FOLDER/etl_pipeline.py', '--cfg-path', '/tmp/tmpmob42oa0']
[2025-04-03T22:15:59.350+0000] {standard_task_runner.py:91} INFO - Job 142: Subtask minio_to_postgres_task
[2025-04-03T22:15:59.426+0000] {task_command.py:426} INFO - Running <TaskInstance: etl_pipeline.minio_to_postgres_task manual__2025-03-26T13:33:39.761724+00:00 [running]> on host 368b3be21c0d
[2025-04-03T22:15:59.534+0000] {taskinstance.py:2648} INFO - Exporting env vars: AIRFLOW_CTX_DAG_OWNER='lobobranco' AIRFLOW_CTX_DAG_ID='etl_pipeline' AIRFLOW_CTX_TASK_ID='minio_to_postgres_task' AIRFLOW_CTX_EXECUTION_DATE='2025-03-26T13:33:39.761724+00:00' AIRFLOW_CTX_TRY_NUMBER='3' AIRFLOW_CTX_DAG_RUN_ID='manual__2025-03-26T13:33:39.761724+00:00'
[2025-04-03T22:15:59.535+0000] {taskinstance.py:430} INFO - ::endgroup::
[2025-04-03T22:15:59.564+0000] {base.py:84} INFO - Using connection ID 'spark_default' for task execution.
[2025-04-03T22:15:59.565+0000] {spark_submit.py:328} ERROR - Failed to decode base64 keytab: Incorrect padding
[2025-04-03T22:15:59.566+0000] {spark_submit.py:305} INFO - Could not load connection string spark_default, defaulting to spark://spark-master:7077
[2025-04-03T22:15:59.567+0000] {spark_submit.py:474} INFO - Spark-Submit cmd: spark-submit --master spark://spark-master:7077 --conf spark.executor.memory=512m --conf spark.executor.cores=1 --conf spark.jars=/opt/spark_job/jars/aws-java-sdk-bundle-1.12.262.jar,/opt/spark_job/jars/hadoop-aws-3.3.4.jar --conf spark.hadoop.fs.s3a.endpoint=http://minio:9000 --conf spark.hadoop.fs.s3a.access.key=admin --conf spark.hadoop.fs.s3a.secret.key=****** --conf spark.hadoop.fs.s3a.impl=org.apache.hadoop.fs.s3a.S3AFileSystem --conf spark.hadoop.fs.s3a.path.style.access=true --principal *** --name arrow-spark --verbose --deploy-mode client /opt/spark_job/minio_to_postgres.py
[2025-04-03T22:15:59.621+0000] {spark_submit.py:645} INFO - /home/***/.local/lib/python3.11/site-packages/pyspark/bin/load-spark-env.sh: line 68: ps: command not found
[2025-04-03T22:16:01.382+0000] {spark_submit.py:645} INFO - Using properties file: null
[2025-04-03T22:16:01.513+0000] {spark_submit.py:645} INFO - Parsed arguments:
[2025-04-03T22:16:01.514+0000] {spark_submit.py:645} INFO - master                  spark://spark-master:7077
[2025-04-03T22:16:01.515+0000] {spark_submit.py:645} INFO - remote                  null
[2025-04-03T22:16:01.515+0000] {spark_submit.py:645} INFO - deployMode              client
[2025-04-03T22:16:01.516+0000] {spark_submit.py:645} INFO - executorMemory          512m
[2025-04-03T22:16:01.517+0000] {spark_submit.py:645} INFO - executorCores           1
[2025-04-03T22:16:01.518+0000] {spark_submit.py:645} INFO - totalExecutorCores      null
[2025-04-03T22:16:01.518+0000] {spark_submit.py:645} INFO - propertiesFile          null
[2025-04-03T22:16:01.519+0000] {spark_submit.py:645} INFO - driverMemory            null
[2025-04-03T22:16:01.519+0000] {spark_submit.py:645} INFO - driverCores             null
[2025-04-03T22:16:01.519+0000] {spark_submit.py:645} INFO - driverExtraClassPath    null
[2025-04-03T22:16:01.520+0000] {spark_submit.py:645} INFO - driverExtraLibraryPath  null
[2025-04-03T22:16:01.520+0000] {spark_submit.py:645} INFO - driverExtraJavaOptions  null
[2025-04-03T22:16:01.520+0000] {spark_submit.py:645} INFO - supervise               false
[2025-04-03T22:16:01.521+0000] {spark_submit.py:645} INFO - queue                   null
[2025-04-03T22:16:01.521+0000] {spark_submit.py:645} INFO - numExecutors            null
[2025-04-03T22:16:01.521+0000] {spark_submit.py:645} INFO - files                   null
[2025-04-03T22:16:01.522+0000] {spark_submit.py:645} INFO - pyFiles                 null
[2025-04-03T22:16:01.522+0000] {spark_submit.py:645} INFO - archives                null
[2025-04-03T22:16:01.522+0000] {spark_submit.py:645} INFO - mainClass               null
[2025-04-03T22:16:01.523+0000] {spark_submit.py:645} INFO - primaryResource         file:/opt/spark_job/minio_to_postgres.py
[2025-04-03T22:16:01.523+0000] {spark_submit.py:645} INFO - name                    arrow-spark
[2025-04-03T22:16:01.524+0000] {spark_submit.py:645} INFO - childArgs               []
[2025-04-03T22:16:01.524+0000] {spark_submit.py:645} INFO - jars                    /opt/spark_job/jars/aws-java-sdk-bundle-1.12.262.jar,/opt/spark_job/jars/hadoop-aws-3.3.4.jar
[2025-04-03T22:16:01.524+0000] {spark_submit.py:645} INFO - packages                null
[2025-04-03T22:16:01.525+0000] {spark_submit.py:645} INFO - packagesExclusions      null
[2025-04-03T22:16:01.525+0000] {spark_submit.py:645} INFO - repositories            null
[2025-04-03T22:16:01.525+0000] {spark_submit.py:645} INFO - verbose                 true
[2025-04-03T22:16:01.526+0000] {spark_submit.py:645} INFO - 
[2025-04-03T22:16:01.526+0000] {spark_submit.py:645} INFO - Spark properties used, including those specified through
[2025-04-03T22:16:01.526+0000] {spark_submit.py:645} INFO - --conf and those from the properties file null:
[2025-04-03T22:16:01.526+0000] {spark_submit.py:645} INFO - (spark.executor.cores,1)
[2025-04-03T22:16:01.527+0000] {spark_submit.py:645} INFO - (spark.executor.memory,512m)
[2025-04-03T22:16:01.527+0000] {spark_submit.py:645} INFO - (spark.hadoop.fs.s3a.access.key,*********(redacted))
[2025-04-03T22:16:01.527+0000] {spark_submit.py:645} INFO - (spark.hadoop.fs.s3a.endpoint,http://minio:9000)
[2025-04-03T22:16:01.528+0000] {spark_submit.py:645} INFO - (spark.hadoop.fs.s3a.impl,org.apache.hadoop.fs.s3a.S3AFileSystem)
[2025-04-03T22:16:01.528+0000] {spark_submit.py:645} INFO - (spark.hadoop.fs.s3a.path.style.access,true)
[2025-04-03T22:16:01.529+0000] {spark_submit.py:645} INFO - (spark.hadoop.fs.s3a.secret.key,*********(redacted))
[2025-04-03T22:16:01.529+0000] {spark_submit.py:645} INFO - (spark.jars,/opt/spark_job/jars/aws-java-sdk-bundle-1.12.262.jar,/opt/spark_job/jars/hadoop-aws-3.3.4.jar)
[2025-04-03T22:16:01.529+0000] {spark_submit.py:645} INFO - 
[2025-04-03T22:16:01.530+0000] {spark_submit.py:645} INFO - 
[2025-04-03T22:16:01.824+0000] {spark_submit.py:645} INFO - 25/04/03 22:16:01 WARN NativeCodeLoader: Unable to load native-hadoop library for your platform... using builtin-java classes where applicable
[2025-04-03T22:16:02.016+0000] {spark_submit.py:645} INFO - Main class:
[2025-04-03T22:16:02.017+0000] {spark_submit.py:645} INFO - org.apache.spark.deploy.PythonRunner
[2025-04-03T22:16:02.017+0000] {spark_submit.py:645} INFO - Arguments:
[2025-04-03T22:16:02.018+0000] {spark_submit.py:645} INFO - file:/opt/spark_job/minio_to_postgres.py
[2025-04-03T22:16:02.019+0000] {spark_submit.py:645} INFO - null
[2025-04-03T22:16:02.019+0000] {spark_submit.py:645} INFO - Spark config:
[2025-04-03T22:16:02.020+0000] {spark_submit.py:645} INFO - (spark.app.name,arrow-spark)
[2025-04-03T22:16:02.020+0000] {spark_submit.py:645} INFO - (spark.app.submitTime,1743718561997)
[2025-04-03T22:16:02.021+0000] {spark_submit.py:645} INFO - (spark.executor.cores,1)
[2025-04-03T22:16:02.021+0000] {spark_submit.py:645} INFO - (spark.executor.memory,512m)
[2025-04-03T22:16:02.021+0000] {spark_submit.py:645} INFO - (spark.hadoop.fs.s3a.access.key,*********(redacted))
[2025-04-03T22:16:02.022+0000] {spark_submit.py:645} INFO - (spark.hadoop.fs.s3a.endpoint,http://minio:9000)
[2025-04-03T22:16:02.022+0000] {spark_submit.py:645} INFO - (spark.hadoop.fs.s3a.impl,org.apache.hadoop.fs.s3a.S3AFileSystem)
[2025-04-03T22:16:02.023+0000] {spark_submit.py:645} INFO - (spark.hadoop.fs.s3a.path.style.access,true)
[2025-04-03T22:16:02.023+0000] {spark_submit.py:645} INFO - (spark.hadoop.fs.s3a.secret.key,*********(redacted))
[2025-04-03T22:16:02.024+0000] {spark_submit.py:645} INFO - (spark.jars,file:///opt/spark_job/jars/aws-java-sdk-bundle-1.12.262.jar,file:///opt/spark_job/jars/hadoop-aws-3.3.4.jar)
[2025-04-03T22:16:02.024+0000] {spark_submit.py:645} INFO - (spark.kerberos.principal,***)
[2025-04-03T22:16:02.025+0000] {spark_submit.py:645} INFO - (spark.master,spark://spark-master:7077)
[2025-04-03T22:16:02.025+0000] {spark_submit.py:645} INFO - (spark.repl.local.jars,file:///opt/spark_job/jars/aws-java-sdk-bundle-1.12.262.jar,file:///opt/spark_job/jars/hadoop-aws-3.3.4.jar)
[2025-04-03T22:16:02.026+0000] {spark_submit.py:645} INFO - (spark.submit.deployMode,client)
[2025-04-03T22:16:02.026+0000] {spark_submit.py:645} INFO - (spark.submit.pyFiles,)
[2025-04-03T22:16:02.026+0000] {spark_submit.py:645} INFO - Classpath elements:
[2025-04-03T22:16:02.027+0000] {spark_submit.py:645} INFO - file:///opt/spark_job/jars/aws-java-sdk-bundle-1.12.262.jar
[2025-04-03T22:16:02.027+0000] {spark_submit.py:645} INFO - file:///opt/spark_job/jars/hadoop-aws-3.3.4.jar
[2025-04-03T22:16:02.028+0000] {spark_submit.py:645} INFO - 
[2025-04-03T22:16:02.028+0000] {spark_submit.py:645} INFO - 
[2025-04-03T22:16:02.890+0000] {spark_submit.py:645} INFO - 2025-04-03 22:16:02,889 - INFO - Iniciando a configuração da Spark Session
[2025-04-03T22:16:03.688+0000] {spark_submit.py:645} INFO - 25/04/03 22:16:03 INFO SparkContext: Running Spark version 3.5.3
[2025-04-03T22:16:03.689+0000] {spark_submit.py:645} INFO - 25/04/03 22:16:03 INFO SparkContext: OS info Linux, 5.15.153.1-microsoft-standard-WSL2, amd64
[2025-04-03T22:16:03.691+0000] {spark_submit.py:645} INFO - 25/04/03 22:16:03 INFO SparkContext: Java version 17.0.14
[2025-04-03T22:16:03.724+0000] {spark_submit.py:645} INFO - 25/04/03 22:16:03 INFO ResourceUtils: ==============================================================
[2025-04-03T22:16:03.725+0000] {spark_submit.py:645} INFO - 25/04/03 22:16:03 INFO ResourceUtils: No custom resources configured for spark.driver.
[2025-04-03T22:16:03.725+0000] {spark_submit.py:645} INFO - 25/04/03 22:16:03 INFO ResourceUtils: ==============================================================
[2025-04-03T22:16:03.726+0000] {spark_submit.py:645} INFO - 25/04/03 22:16:03 INFO SparkContext: Submitted application: Minio Integration with PySpark
[2025-04-03T22:16:03.749+0000] {spark_submit.py:645} INFO - 25/04/03 22:16:03 INFO ResourceProfile: Default ResourceProfile created, executor resources: Map(cores -> name: cores, amount: 1, script: , vendor: , memory -> name: memory, amount: 512, script: , vendor: , offHeap -> name: offHeap, amount: 0, script: , vendor: ), task resources: Map(cpus -> name: cpus, amount: 1.0)
[2025-04-03T22:16:03.763+0000] {spark_submit.py:645} INFO - 25/04/03 22:16:03 INFO ResourceProfile: Limiting resource is cpus at 1 tasks per executor
[2025-04-03T22:16:03.765+0000] {spark_submit.py:645} INFO - 25/04/03 22:16:03 INFO ResourceProfileManager: Added ResourceProfile id: 0
[2025-04-03T22:16:03.831+0000] {spark_submit.py:645} INFO - 25/04/03 22:16:03 INFO SecurityManager: Changing view acls to: ***
[2025-04-03T22:16:03.832+0000] {spark_submit.py:645} INFO - 25/04/03 22:16:03 INFO SecurityManager: Changing modify acls to: ***
[2025-04-03T22:16:03.833+0000] {spark_submit.py:645} INFO - 25/04/03 22:16:03 INFO SecurityManager: Changing view acls groups to:
[2025-04-03T22:16:03.833+0000] {spark_submit.py:645} INFO - 25/04/03 22:16:03 INFO SecurityManager: Changing modify acls groups to:
[2025-04-03T22:16:03.834+0000] {spark_submit.py:645} INFO - 25/04/03 22:16:03 INFO SecurityManager: SecurityManager: authentication disabled; ui acls disabled; users with view permissions: ***; groups with view permissions: EMPTY; users with modify permissions: ***; groups with modify permissions: EMPTY
[2025-04-03T22:16:04.076+0000] {spark_submit.py:645} INFO - 25/04/03 22:16:04 INFO Utils: Successfully started service 'sparkDriver' on port 37863.
[2025-04-03T22:16:04.118+0000] {spark_submit.py:645} INFO - 25/04/03 22:16:04 INFO SparkEnv: Registering MapOutputTracker
[2025-04-03T22:16:04.160+0000] {spark_submit.py:645} INFO - 25/04/03 22:16:04 INFO SparkEnv: Registering BlockManagerMaster
[2025-04-03T22:16:04.178+0000] {spark_submit.py:645} INFO - 25/04/03 22:16:04 INFO BlockManagerMasterEndpoint: Using org.apache.spark.storage.DefaultTopologyMapper for getting topology information
[2025-04-03T22:16:04.178+0000] {spark_submit.py:645} INFO - 25/04/03 22:16:04 INFO BlockManagerMasterEndpoint: BlockManagerMasterEndpoint up
[2025-04-03T22:16:04.184+0000] {spark_submit.py:645} INFO - 25/04/03 22:16:04 INFO SparkEnv: Registering BlockManagerMasterHeartbeat
[2025-04-03T22:16:04.207+0000] {spark_submit.py:645} INFO - 25/04/03 22:16:04 INFO DiskBlockManager: Created local directory at /tmp/blockmgr-b9b6c885-b4a6-436c-8ff6-e6ba108c0d86
[2025-04-03T22:16:04.222+0000] {spark_submit.py:645} INFO - 25/04/03 22:16:04 INFO MemoryStore: MemoryStore started with capacity 434.4 MiB
[2025-04-03T22:16:04.240+0000] {spark_submit.py:645} INFO - 25/04/03 22:16:04 INFO SparkEnv: Registering OutputCommitCoordinator
[2025-04-03T22:16:04.370+0000] {spark_submit.py:645} INFO - 25/04/03 22:16:04 INFO JettyUtils: Start Jetty 0.0.0.0:4040 for SparkUI
[2025-04-03T22:16:04.445+0000] {spark_submit.py:645} INFO - 25/04/03 22:16:04 INFO Utils: Successfully started service 'SparkUI' on port 4040.
[2025-04-03T22:16:04.480+0000] {spark_submit.py:645} INFO - 25/04/03 22:16:04 INFO SparkContext: Added JAR file:///opt/spark_job/jars/aws-java-sdk-bundle-1.12.262.jar at spark://368b3be21c0d:37863/jars/aws-java-sdk-bundle-1.12.262.jar with timestamp 1743718563678
[2025-04-03T22:16:04.481+0000] {spark_submit.py:645} INFO - 25/04/03 22:16:04 INFO SparkContext: Added JAR file:///opt/spark_job/jars/hadoop-aws-3.3.4.jar at spark://368b3be21c0d:37863/jars/hadoop-aws-3.3.4.jar with timestamp 1743718563678
[2025-04-03T22:16:04.588+0000] {spark_submit.py:645} INFO - 25/04/03 22:16:04 INFO StandaloneAppClient$ClientEndpoint: Connecting to master spark://spark-master:7077...
[2025-04-03T22:16:04.690+0000] {spark_submit.py:645} INFO - 25/04/03 22:16:04 INFO TransportClientFactory: Successfully created connection to spark-master/172.18.0.6:7077 after 66 ms (0 ms spent in bootstraps)
[2025-04-03T22:16:04.847+0000] {spark_submit.py:645} INFO - 25/04/03 22:16:04 INFO StandaloneSchedulerBackend: Connected to Spark cluster with app ID app-20250403221604-0001
[2025-04-03T22:16:04.866+0000] {spark_submit.py:645} INFO - 25/04/03 22:16:04 INFO StandaloneAppClient$ClientEndpoint: Executor added: app-20250403221604-0001/0 on worker-20250403220308-172.18.0.4-34433 (172.18.0.4:34433) with 1 core(s)
[2025-04-03T22:16:04.867+0000] {spark_submit.py:645} INFO - 25/04/03 22:16:04 INFO StandaloneSchedulerBackend: Granted executor ID app-20250403221604-0001/0 on hostPort 172.18.0.4:34433 with 1 core(s), 512.0 MiB RAM
[2025-04-03T22:16:04.869+0000] {spark_submit.py:645} INFO - 25/04/03 22:16:04 INFO StandaloneAppClient$ClientEndpoint: Executor added: app-20250403221604-0001/1 on worker-20250403220308-172.18.0.4-34433 (172.18.0.4:34433) with 1 core(s)
[2025-04-03T22:16:04.872+0000] {spark_submit.py:645} INFO - 25/04/03 22:16:04 INFO StandaloneSchedulerBackend: Granted executor ID app-20250403221604-0001/1 on hostPort 172.18.0.4:34433 with 1 core(s), 512.0 MiB RAM
[2025-04-03T22:16:04.878+0000] {spark_submit.py:645} INFO - 25/04/03 22:16:04 INFO StandaloneAppClient$ClientEndpoint: Executor added: app-20250403221604-0001/2 on worker-20250403220308-172.18.0.5-33891 (172.18.0.5:33891) with 1 core(s)
[2025-04-03T22:16:04.879+0000] {spark_submit.py:645} INFO - 25/04/03 22:16:04 INFO StandaloneSchedulerBackend: Granted executor ID app-20250403221604-0001/2 on hostPort 172.18.0.5:33891 with 1 core(s), 512.0 MiB RAM
[2025-04-03T22:16:04.879+0000] {spark_submit.py:645} INFO - 25/04/03 22:16:04 INFO Utils: Successfully started service 'org.apache.spark.network.netty.NettyBlockTransferService' on port 36023.
[2025-04-03T22:16:04.881+0000] {spark_submit.py:645} INFO - 25/04/03 22:16:04 INFO NettyBlockTransferService: Server created on 368b3be21c0d:36023
[2025-04-03T22:16:04.883+0000] {spark_submit.py:645} INFO - 25/04/03 22:16:04 INFO BlockManager: Using org.apache.spark.storage.RandomBlockReplicationPolicy for block replication policy
[2025-04-03T22:16:04.889+0000] {spark_submit.py:645} INFO - 25/04/03 22:16:04 INFO StandaloneAppClient$ClientEndpoint: Executor added: app-20250403221604-0001/3 on worker-20250403220308-172.18.0.5-33891 (172.18.0.5:33891) with 1 core(s)
[2025-04-03T22:16:04.891+0000] {spark_submit.py:645} INFO - 25/04/03 22:16:04 INFO StandaloneSchedulerBackend: Granted executor ID app-20250403221604-0001/3 on hostPort 172.18.0.5:33891 with 1 core(s), 512.0 MiB RAM
[2025-04-03T22:16:04.940+0000] {spark_submit.py:645} INFO - 25/04/03 22:16:04 INFO BlockManagerMaster: Registering BlockManager BlockManagerId(driver, 368b3be21c0d, 36023, None)
[2025-04-03T22:16:04.947+0000] {spark_submit.py:645} INFO - 25/04/03 22:16:04 INFO BlockManagerMasterEndpoint: Registering block manager 368b3be21c0d:36023 with 434.4 MiB RAM, BlockManagerId(driver, 368b3be21c0d, 36023, None)
[2025-04-03T22:16:04.948+0000] {spark_submit.py:645} INFO - 25/04/03 22:16:04 INFO BlockManagerMaster: Registered BlockManager BlockManagerId(driver, 368b3be21c0d, 36023, None)
[2025-04-03T22:16:04.948+0000] {spark_submit.py:645} INFO - 25/04/03 22:16:04 INFO BlockManager: Initialized BlockManager: BlockManagerId(driver, 368b3be21c0d, 36023, None)
[2025-04-03T22:16:05.030+0000] {spark_submit.py:645} INFO - 25/04/03 22:16:05 INFO StandaloneAppClient$ClientEndpoint: Executor updated: app-20250403221604-0001/1 is now RUNNING
[2025-04-03T22:16:05.047+0000] {spark_submit.py:645} INFO - 25/04/03 22:16:05 INFO StandaloneAppClient$ClientEndpoint: Executor updated: app-20250403221604-0001/0 is now RUNNING
[2025-04-03T22:16:05.058+0000] {spark_submit.py:645} INFO - 25/04/03 22:16:05 INFO StandaloneAppClient$ClientEndpoint: Executor updated: app-20250403221604-0001/3 is now RUNNING
[2025-04-03T22:16:05.097+0000] {spark_submit.py:645} INFO - 25/04/03 22:16:05 INFO StandaloneAppClient$ClientEndpoint: Executor updated: app-20250403221604-0001/2 is now RUNNING
[2025-04-03T22:16:05.463+0000] {spark_submit.py:645} INFO - 25/04/03 22:16:05 INFO StandaloneSchedulerBackend: SchedulerBackend is ready for scheduling beginning after reached minRegisteredResourcesRatio: 0.0
[2025-04-03T22:16:05.980+0000] {spark_submit.py:645} INFO - 2025-04-03 22:16:05,978 - INFO - Spark Session criada com sucesso
[2025-04-03T22:16:05.984+0000] {spark_submit.py:645} INFO - 25/04/03 22:16:05 INFO SharedState: Setting hive.metastore.warehouse.dir ('null') to the value of spark.sql.warehouse.dir.
[2025-04-03T22:16:05.991+0000] {spark_submit.py:645} INFO - 25/04/03 22:16:05 INFO SharedState: Warehouse path is 'file:/opt/spark-warehouse'.
[2025-04-03T22:16:08.344+0000] {spark_submit.py:645} INFO - 25/04/03 22:16:08 WARN MetricsConfig: Cannot locate configuration: tried hadoop-metrics2-s3a-file-system.properties,hadoop-metrics2.properties
[2025-04-03T22:16:08.365+0000] {spark_submit.py:645} INFO - 25/04/03 22:16:08 INFO MetricsSystemImpl: Scheduled Metric snapshot period at 10 second(s).
[2025-04-03T22:16:08.366+0000] {spark_submit.py:645} INFO - 25/04/03 22:16:08 INFO MetricsSystemImpl: s3a-file-system metrics system started
[2025-04-03T22:16:12.227+0000] {spark_submit.py:645} INFO - 25/04/03 22:16:12 INFO InMemoryFileIndex: It took 195 ms to list leaf files for 1 paths.
[2025-04-03T22:16:13.320+0000] {spark_submit.py:645} INFO - 25/04/03 22:16:13 INFO SparkContext: Starting job: parquet at NativeMethodAccessorImpl.java:0
[2025-04-03T22:16:13.381+0000] {spark_submit.py:645} INFO - 25/04/03 22:16:13 INFO DAGScheduler: Got job 0 (parquet at NativeMethodAccessorImpl.java:0) with 1 output partitions
[2025-04-03T22:16:13.387+0000] {spark_submit.py:645} INFO - 25/04/03 22:16:13 INFO DAGScheduler: Final stage: ResultStage 0 (parquet at NativeMethodAccessorImpl.java:0)
[2025-04-03T22:16:13.394+0000] {spark_submit.py:645} INFO - 25/04/03 22:16:13 INFO DAGScheduler: Parents of final stage: List()
[2025-04-03T22:16:13.395+0000] {spark_submit.py:645} INFO - 25/04/03 22:16:13 INFO DAGScheduler: Missing parents: List()
[2025-04-03T22:16:13.408+0000] {spark_submit.py:645} INFO - 25/04/03 22:16:13 INFO DAGScheduler: Submitting ResultStage 0 (MapPartitionsRDD[1] at parquet at NativeMethodAccessorImpl.java:0), which has no missing parents
[2025-04-03T22:16:13.712+0000] {spark_submit.py:645} INFO - 25/04/03 22:16:13 INFO MemoryStore: Block broadcast_0 stored as values in memory (estimated size 105.2 KiB, free 434.3 MiB)
[2025-04-03T22:16:13.906+0000] {spark_submit.py:645} INFO - 25/04/03 22:16:13 INFO MemoryStore: Block broadcast_0_piece0 stored as bytes in memory (estimated size 38.2 KiB, free 434.3 MiB)
[2025-04-03T22:16:13.925+0000] {spark_submit.py:645} INFO - 25/04/03 22:16:13 INFO BlockManagerInfo: Added broadcast_0_piece0 in memory on 368b3be21c0d:36023 (size: 38.2 KiB, free: 434.4 MiB)
[2025-04-03T22:16:13.928+0000] {spark_submit.py:645} INFO - 25/04/03 22:16:13 INFO SparkContext: Created broadcast 0 from broadcast at DAGScheduler.scala:1585
[2025-04-03T22:16:14.024+0000] {spark_submit.py:645} INFO - 25/04/03 22:16:14 INFO DAGScheduler: Submitting 1 missing tasks from ResultStage 0 (MapPartitionsRDD[1] at parquet at NativeMethodAccessorImpl.java:0) (first 15 tasks are for partitions Vector(0))
[2025-04-03T22:16:14.026+0000] {spark_submit.py:645} INFO - 25/04/03 22:16:14 INFO TaskSchedulerImpl: Adding task set 0.0 with 1 tasks resource profile 0
[2025-04-03T22:16:15.289+0000] {spark_submit.py:645} INFO - 25/04/03 22:16:15 INFO StandaloneSchedulerBackend$StandaloneDriverEndpoint: Registered executor NettyRpcEndpointRef(spark-client://Executor) (172.18.0.5:54622) with ID 2,  ResourceProfileId 0
[2025-04-03T22:16:15.398+0000] {spark_submit.py:645} INFO - 25/04/03 22:16:15 INFO StandaloneSchedulerBackend$StandaloneDriverEndpoint: Registered executor NettyRpcEndpointRef(spark-client://Executor) (172.18.0.4:52482) with ID 1,  ResourceProfileId 0
[2025-04-03T22:16:15.558+0000] {spark_submit.py:645} INFO - 25/04/03 22:16:15 INFO BlockManagerMasterEndpoint: Registering block manager 172.18.0.5:33833 with 127.2 MiB RAM, BlockManagerId(2, 172.18.0.5, 33833, None)
[2025-04-03T22:16:15.691+0000] {spark_submit.py:645} INFO - 25/04/03 22:16:15 INFO BlockManagerMasterEndpoint: Registering block manager 172.18.0.4:41895 with 127.2 MiB RAM, BlockManagerId(1, 172.18.0.4, 41895, None)
[2025-04-03T22:16:15.773+0000] {spark_submit.py:645} INFO - 25/04/03 22:16:15 INFO StandaloneSchedulerBackend$StandaloneDriverEndpoint: Registered executor NettyRpcEndpointRef(spark-client://Executor) (172.18.0.4:52484) with ID 0,  ResourceProfileId 0
[2025-04-03T22:16:15.914+0000] {spark_submit.py:645} INFO - 25/04/03 22:16:15 INFO StandaloneSchedulerBackend$StandaloneDriverEndpoint: Registered executor NettyRpcEndpointRef(spark-client://Executor) (172.18.0.5:54638) with ID 3,  ResourceProfileId 0
[2025-04-03T22:16:16.080+0000] {spark_submit.py:645} INFO - 25/04/03 22:16:16 INFO BlockManagerMasterEndpoint: Registering block manager 172.18.0.4:40057 with 127.2 MiB RAM, BlockManagerId(0, 172.18.0.4, 40057, None)
[2025-04-03T22:16:16.333+0000] {spark_submit.py:645} INFO - 25/04/03 22:16:16 INFO BlockManagerMasterEndpoint: Registering block manager 172.18.0.5:42151 with 127.2 MiB RAM, BlockManagerId(3, 172.18.0.5, 42151, None)
[2025-04-03T22:16:28.412+0000] {spark_submit.py:645} INFO - 25/04/03 22:16:28 INFO TaskSetManager: Starting task 0.0 in stage 0.0 (TID 0) (172.18.0.4, executor 0, partition 0, PROCESS_LOCAL, 9446 bytes)
[2025-04-03T22:16:29.870+0000] {spark_submit.py:645} INFO - 25/04/03 22:16:29 INFO BlockManagerInfo: Added broadcast_0_piece0 in memory on 172.18.0.4:40057 (size: 38.2 KiB, free: 127.2 MiB)
[2025-04-03T22:16:36.970+0000] {spark_submit.py:645} INFO - 25/04/03 22:16:36 INFO TaskSetManager: Finished task 0.0 in stage 0.0 (TID 0) in 8591 ms on 172.18.0.4 (executor 0) (1/1)
[2025-04-03T22:16:36.978+0000] {spark_submit.py:645} INFO - 25/04/03 22:16:36 INFO TaskSchedulerImpl: Removed TaskSet 0.0, whose tasks have all completed, from pool
[2025-04-03T22:16:36.981+0000] {spark_submit.py:645} INFO - 25/04/03 22:16:36 INFO DAGScheduler: ResultStage 0 (parquet at NativeMethodAccessorImpl.java:0) finished in 23.466 s
[2025-04-03T22:16:36.985+0000] {spark_submit.py:645} INFO - 25/04/03 22:16:36 INFO DAGScheduler: Job 0 is finished. Cancelling potential speculative or zombie tasks for this job
[2025-04-03T22:16:36.995+0000] {spark_submit.py:645} INFO - 25/04/03 22:16:36 INFO TaskSchedulerImpl: Killing all running tasks in stage 0: Stage finished
[2025-04-03T22:16:37.004+0000] {spark_submit.py:645} INFO - 25/04/03 22:16:36 INFO DAGScheduler: Job 0 finished: parquet at NativeMethodAccessorImpl.java:0, took 23.677431 s
[2025-04-03T22:16:37.783+0000] {spark_submit.py:645} INFO - 25/04/03 22:16:37 INFO BlockManagerInfo: Removed broadcast_0_piece0 on 368b3be21c0d:36023 in memory (size: 38.2 KiB, free: 434.4 MiB)
[2025-04-03T22:16:37.808+0000] {spark_submit.py:645} INFO - 25/04/03 22:16:37 INFO BlockManagerInfo: Removed broadcast_0_piece0 on 172.18.0.4:40057 in memory (size: 38.2 KiB, free: 127.2 MiB)
[2025-04-03T22:16:49.487+0000] {spark_submit.py:645} INFO - 25/04/03 22:16:49 INFO InMemoryFileIndex: It took 140 ms to list leaf files for 1 paths.
[2025-04-03T22:16:49.569+0000] {spark_submit.py:645} INFO - 25/04/03 22:16:49 INFO SparkContext: Starting job: parquet at NativeMethodAccessorImpl.java:0
[2025-04-03T22:16:49.571+0000] {spark_submit.py:645} INFO - 25/04/03 22:16:49 INFO DAGScheduler: Got job 1 (parquet at NativeMethodAccessorImpl.java:0) with 1 output partitions
[2025-04-03T22:16:49.572+0000] {spark_submit.py:645} INFO - 25/04/03 22:16:49 INFO DAGScheduler: Final stage: ResultStage 1 (parquet at NativeMethodAccessorImpl.java:0)
[2025-04-03T22:16:49.573+0000] {spark_submit.py:645} INFO - 25/04/03 22:16:49 INFO DAGScheduler: Parents of final stage: List()
[2025-04-03T22:16:49.573+0000] {spark_submit.py:645} INFO - 25/04/03 22:16:49 INFO DAGScheduler: Missing parents: List()
[2025-04-03T22:16:49.574+0000] {spark_submit.py:645} INFO - 25/04/03 22:16:49 INFO DAGScheduler: Submitting ResultStage 1 (MapPartitionsRDD[3] at parquet at NativeMethodAccessorImpl.java:0), which has no missing parents
[2025-04-03T22:16:49.590+0000] {spark_submit.py:645} INFO - 25/04/03 22:16:49 INFO MemoryStore: Block broadcast_1 stored as values in memory (estimated size 105.2 KiB, free 434.3 MiB)
[2025-04-03T22:16:49.602+0000] {spark_submit.py:645} INFO - 25/04/03 22:16:49 INFO MemoryStore: Block broadcast_1_piece0 stored as bytes in memory (estimated size 38.2 KiB, free 434.3 MiB)
[2025-04-03T22:16:49.603+0000] {spark_submit.py:645} INFO - 25/04/03 22:16:49 INFO BlockManagerInfo: Added broadcast_1_piece0 in memory on 368b3be21c0d:36023 (size: 38.2 KiB, free: 434.4 MiB)
[2025-04-03T22:16:49.605+0000] {spark_submit.py:645} INFO - 25/04/03 22:16:49 INFO SparkContext: Created broadcast 1 from broadcast at DAGScheduler.scala:1585
[2025-04-03T22:16:49.607+0000] {spark_submit.py:645} INFO - 25/04/03 22:16:49 INFO DAGScheduler: Submitting 1 missing tasks from ResultStage 1 (MapPartitionsRDD[3] at parquet at NativeMethodAccessorImpl.java:0) (first 15 tasks are for partitions Vector(0))
[2025-04-03T22:16:49.608+0000] {spark_submit.py:645} INFO - 25/04/03 22:16:49 INFO TaskSchedulerImpl: Adding task set 1.0 with 1 tasks resource profile 0
[2025-04-03T22:16:49.611+0000] {spark_submit.py:645} INFO - 25/04/03 22:16:49 INFO TaskSetManager: Starting task 0.0 in stage 1.0 (TID 1) (172.18.0.4, executor 0, partition 0, PROCESS_LOCAL, 9445 bytes)
[2025-04-03T22:16:49.665+0000] {spark_submit.py:645} INFO - 25/04/03 22:16:49 INFO BlockManagerInfo: Added broadcast_1_piece0 in memory on 172.18.0.4:40057 (size: 38.2 KiB, free: 127.2 MiB)
[2025-04-03T22:16:50.437+0000] {spark_submit.py:645} INFO - 25/04/03 22:16:50 INFO TaskSetManager: Finished task 0.0 in stage 1.0 (TID 1) in 827 ms on 172.18.0.4 (executor 0) (1/1)
[2025-04-03T22:16:50.438+0000] {spark_submit.py:645} INFO - 25/04/03 22:16:50 INFO TaskSchedulerImpl: Removed TaskSet 1.0, whose tasks have all completed, from pool
[2025-04-03T22:16:50.439+0000] {spark_submit.py:645} INFO - 25/04/03 22:16:50 INFO DAGScheduler: ResultStage 1 (parquet at NativeMethodAccessorImpl.java:0) finished in 0.863 s
[2025-04-03T22:16:50.440+0000] {spark_submit.py:645} INFO - 25/04/03 22:16:50 INFO DAGScheduler: Job 1 is finished. Cancelling potential speculative or zombie tasks for this job
[2025-04-03T22:16:50.441+0000] {spark_submit.py:645} INFO - 25/04/03 22:16:50 INFO TaskSchedulerImpl: Killing all running tasks in stage 1: Stage finished
[2025-04-03T22:16:50.441+0000] {spark_submit.py:645} INFO - 25/04/03 22:16:50 INFO DAGScheduler: Job 1 finished: parquet at NativeMethodAccessorImpl.java:0, took 0.871082 s
[2025-04-03T22:16:53.554+0000] {spark_submit.py:645} INFO - 25/04/03 22:16:53 INFO InMemoryFileIndex: It took 111 ms to list leaf files for 1 paths.
[2025-04-03T22:16:53.612+0000] {spark_submit.py:645} INFO - 25/04/03 22:16:53 INFO SparkContext: Starting job: parquet at NativeMethodAccessorImpl.java:0
[2025-04-03T22:16:53.614+0000] {spark_submit.py:645} INFO - 25/04/03 22:16:53 INFO DAGScheduler: Got job 2 (parquet at NativeMethodAccessorImpl.java:0) with 1 output partitions
[2025-04-03T22:16:53.615+0000] {spark_submit.py:645} INFO - 25/04/03 22:16:53 INFO DAGScheduler: Final stage: ResultStage 2 (parquet at NativeMethodAccessorImpl.java:0)
[2025-04-03T22:16:53.616+0000] {spark_submit.py:645} INFO - 25/04/03 22:16:53 INFO DAGScheduler: Parents of final stage: List()
[2025-04-03T22:16:53.617+0000] {spark_submit.py:645} INFO - 25/04/03 22:16:53 INFO DAGScheduler: Missing parents: List()
[2025-04-03T22:16:53.620+0000] {spark_submit.py:645} INFO - 25/04/03 22:16:53 INFO DAGScheduler: Submitting ResultStage 2 (MapPartitionsRDD[5] at parquet at NativeMethodAccessorImpl.java:0), which has no missing parents
[2025-04-03T22:16:53.637+0000] {spark_submit.py:645} INFO - 25/04/03 22:16:53 INFO MemoryStore: Block broadcast_2 stored as values in memory (estimated size 105.2 KiB, free 434.2 MiB)
[2025-04-03T22:16:53.771+0000] {spark_submit.py:645} INFO - 25/04/03 22:16:53 INFO MemoryStore: Block broadcast_2_piece0 stored as bytes in memory (estimated size 38.2 KiB, free 434.1 MiB)
[2025-04-03T22:16:53.862+0000] {spark_submit.py:645} INFO - 25/04/03 22:16:53 INFO BlockManagerInfo: Added broadcast_2_piece0 in memory on 368b3be21c0d:36023 (size: 38.2 KiB, free: 434.3 MiB)
[2025-04-03T22:16:53.863+0000] {spark_submit.py:645} INFO - 25/04/03 22:16:53 INFO BlockManagerInfo: Removed broadcast_1_piece0 on 368b3be21c0d:36023 in memory (size: 38.2 KiB, free: 434.4 MiB)
[2025-04-03T22:16:53.864+0000] {spark_submit.py:645} INFO - 25/04/03 22:16:53 INFO SparkContext: Created broadcast 2 from broadcast at DAGScheduler.scala:1585
[2025-04-03T22:16:53.865+0000] {spark_submit.py:645} INFO - 25/04/03 22:16:53 INFO DAGScheduler: Submitting 1 missing tasks from ResultStage 2 (MapPartitionsRDD[5] at parquet at NativeMethodAccessorImpl.java:0) (first 15 tasks are for partitions Vector(0))
[2025-04-03T22:16:53.866+0000] {spark_submit.py:645} INFO - 25/04/03 22:16:53 INFO TaskSchedulerImpl: Adding task set 2.0 with 1 tasks resource profile 0
[2025-04-03T22:16:53.869+0000] {spark_submit.py:645} INFO - 25/04/03 22:16:53 INFO TaskSetManager: Starting task 0.0 in stage 2.0 (TID 2) (172.18.0.4, executor 1, partition 0, PROCESS_LOCAL, 9444 bytes)
[2025-04-03T22:16:53.898+0000] {spark_submit.py:645} INFO - 25/04/03 22:16:53 INFO BlockManagerInfo: Removed broadcast_1_piece0 on 172.18.0.4:40057 in memory (size: 38.2 KiB, free: 127.2 MiB)
[2025-04-03T22:16:54.585+0000] {spark_submit.py:645} INFO - 25/04/03 22:16:54 INFO BlockManagerInfo: Added broadcast_2_piece0 in memory on 172.18.0.4:41895 (size: 38.2 KiB, free: 127.2 MiB)
[2025-04-03T22:16:57.409+0000] {spark_submit.py:645} INFO - 25/04/03 22:16:57 INFO TaskSetManager: Finished task 0.0 in stage 2.0 (TID 2) in 3541 ms on 172.18.0.4 (executor 1) (1/1)
[2025-04-03T22:16:57.410+0000] {spark_submit.py:645} INFO - 25/04/03 22:16:57 INFO TaskSchedulerImpl: Removed TaskSet 2.0, whose tasks have all completed, from pool
[2025-04-03T22:16:57.413+0000] {spark_submit.py:645} INFO - 25/04/03 22:16:57 INFO DAGScheduler: ResultStage 2 (parquet at NativeMethodAccessorImpl.java:0) finished in 3.788 s
[2025-04-03T22:16:57.414+0000] {spark_submit.py:645} INFO - 25/04/03 22:16:57 INFO DAGScheduler: Job 2 is finished. Cancelling potential speculative or zombie tasks for this job
[2025-04-03T22:16:57.415+0000] {spark_submit.py:645} INFO - 25/04/03 22:16:57 INFO TaskSchedulerImpl: Killing all running tasks in stage 2: Stage finished
[2025-04-03T22:16:57.415+0000] {spark_submit.py:645} INFO - 25/04/03 22:16:57 INFO DAGScheduler: Job 2 finished: parquet at NativeMethodAccessorImpl.java:0, took 3.799823 s
[2025-04-03T22:16:57.435+0000] {spark_submit.py:645} INFO - 2025-04-03 22:16:57,435 - INFO - Arquivos Parquet lidos com sucesso!
[2025-04-03T22:16:57.853+0000] {spark_submit.py:645} INFO - 2025-04-03 22:16:57,849 - ERROR - Erro durante o processo de ingestão: An error occurred while calling o49.jdbc.
[2025-04-03T22:16:57.853+0000] {spark_submit.py:645} INFO - : java.lang.ClassNotFoundException: org.postgresql.Driver
[2025-04-03T22:16:57.854+0000] {spark_submit.py:645} INFO - at java.base/java.net.URLClassLoader.findClass(URLClassLoader.java:445)
[2025-04-03T22:16:57.854+0000] {spark_submit.py:645} INFO - at java.base/java.lang.ClassLoader.loadClass(ClassLoader.java:592)
[2025-04-03T22:16:57.855+0000] {spark_submit.py:645} INFO - at java.base/java.lang.ClassLoader.loadClass(ClassLoader.java:525)
[2025-04-03T22:16:57.855+0000] {spark_submit.py:645} INFO - at org.apache.spark.sql.execution.datasources.jdbc.DriverRegistry$.register(DriverRegistry.scala:46)
[2025-04-03T22:16:57.856+0000] {spark_submit.py:645} INFO - at org.apache.spark.sql.execution.datasources.jdbc.JDBCOptions.$anonfun$driverClass$1(JDBCOptions.scala:103)
[2025-04-03T22:16:57.856+0000] {spark_submit.py:645} INFO - at org.apache.spark.sql.execution.datasources.jdbc.JDBCOptions.$anonfun$driverClass$1$adapted(JDBCOptions.scala:103)
[2025-04-03T22:16:57.856+0000] {spark_submit.py:645} INFO - at scala.Option.foreach(Option.scala:407)
[2025-04-03T22:16:57.857+0000] {spark_submit.py:645} INFO - at org.apache.spark.sql.execution.datasources.jdbc.JDBCOptions.<init>(JDBCOptions.scala:103)
[2025-04-03T22:16:57.857+0000] {spark_submit.py:645} INFO - at org.apache.spark.sql.execution.datasources.jdbc.JdbcOptionsInWrite.<init>(JDBCOptions.scala:254)
[2025-04-03T22:16:57.857+0000] {spark_submit.py:645} INFO - at org.apache.spark.sql.execution.datasources.jdbc.JdbcOptionsInWrite.<init>(JDBCOptions.scala:258)
[2025-04-03T22:16:57.858+0000] {spark_submit.py:645} INFO - at org.apache.spark.sql.execution.datasources.jdbc.JdbcRelationProvider.createRelation(JdbcRelationProvider.scala:47)
[2025-04-03T22:16:57.858+0000] {spark_submit.py:645} INFO - at org.apache.spark.sql.execution.datasources.SaveIntoDataSourceCommand.run(SaveIntoDataSourceCommand.scala:48)
[2025-04-03T22:16:57.858+0000] {spark_submit.py:645} INFO - at org.apache.spark.sql.execution.command.ExecutedCommandExec.sideEffectResult$lzycompute(commands.scala:75)
[2025-04-03T22:16:57.859+0000] {spark_submit.py:645} INFO - at org.apache.spark.sql.execution.command.ExecutedCommandExec.sideEffectResult(commands.scala:73)
[2025-04-03T22:16:57.859+0000] {spark_submit.py:645} INFO - at org.apache.spark.sql.execution.command.ExecutedCommandExec.executeCollect(commands.scala:84)
[2025-04-03T22:16:57.859+0000] {spark_submit.py:645} INFO - at org.apache.spark.sql.execution.QueryExecution$$anonfun$eagerlyExecuteCommands$1.$anonfun$applyOrElse$1(QueryExecution.scala:107)
[2025-04-03T22:16:57.860+0000] {spark_submit.py:645} INFO - at org.apache.spark.sql.execution.SQLExecution$.$anonfun$withNewExecutionId$6(SQLExecution.scala:125)
[2025-04-03T22:16:57.860+0000] {spark_submit.py:645} INFO - at org.apache.spark.sql.execution.SQLExecution$.withSQLConfPropagated(SQLExecution.scala:201)
[2025-04-03T22:16:57.860+0000] {spark_submit.py:645} INFO - at org.apache.spark.sql.execution.SQLExecution$.$anonfun$withNewExecutionId$1(SQLExecution.scala:108)
[2025-04-03T22:16:57.861+0000] {spark_submit.py:645} INFO - at org.apache.spark.sql.SparkSession.withActive(SparkSession.scala:900)
[2025-04-03T22:16:57.861+0000] {spark_submit.py:645} INFO - at org.apache.spark.sql.execution.SQLExecution$.withNewExecutionId(SQLExecution.scala:66)
[2025-04-03T22:16:57.862+0000] {spark_submit.py:645} INFO - at org.apache.spark.sql.execution.QueryExecution$$anonfun$eagerlyExecuteCommands$1.applyOrElse(QueryExecution.scala:107)
[2025-04-03T22:16:57.862+0000] {spark_submit.py:645} INFO - at org.apache.spark.sql.execution.QueryExecution$$anonfun$eagerlyExecuteCommands$1.applyOrElse(QueryExecution.scala:98)
[2025-04-03T22:16:57.863+0000] {spark_submit.py:645} INFO - at org.apache.spark.sql.catalyst.trees.TreeNode.$anonfun$transformDownWithPruning$1(TreeNode.scala:461)
[2025-04-03T22:16:57.863+0000] {spark_submit.py:645} INFO - at org.apache.spark.sql.catalyst.trees.CurrentOrigin$.withOrigin(origin.scala:76)
[2025-04-03T22:16:57.864+0000] {spark_submit.py:645} INFO - at org.apache.spark.sql.catalyst.trees.TreeNode.transformDownWithPruning(TreeNode.scala:461)
[2025-04-03T22:16:57.864+0000] {spark_submit.py:645} INFO - at org.apache.spark.sql.catalyst.plans.logical.LogicalPlan.org$apache$spark$sql$catalyst$plans$logical$AnalysisHelper$$super$transformDownWithPruning(LogicalPlan.scala:32)
[2025-04-03T22:16:57.865+0000] {spark_submit.py:645} INFO - at org.apache.spark.sql.catalyst.plans.logical.AnalysisHelper.transformDownWithPruning(AnalysisHelper.scala:267)
[2025-04-03T22:16:57.865+0000] {spark_submit.py:645} INFO - at org.apache.spark.sql.catalyst.plans.logical.AnalysisHelper.transformDownWithPruning$(AnalysisHelper.scala:263)
[2025-04-03T22:16:57.865+0000] {spark_submit.py:645} INFO - at org.apache.spark.sql.catalyst.plans.logical.LogicalPlan.transformDownWithPruning(LogicalPlan.scala:32)
[2025-04-03T22:16:57.866+0000] {spark_submit.py:645} INFO - at org.apache.spark.sql.catalyst.plans.logical.LogicalPlan.transformDownWithPruning(LogicalPlan.scala:32)
[2025-04-03T22:16:57.866+0000] {spark_submit.py:645} INFO - at org.apache.spark.sql.catalyst.trees.TreeNode.transformDown(TreeNode.scala:437)
[2025-04-03T22:16:57.867+0000] {spark_submit.py:645} INFO - at org.apache.spark.sql.execution.QueryExecution.eagerlyExecuteCommands(QueryExecution.scala:98)
[2025-04-03T22:16:57.867+0000] {spark_submit.py:645} INFO - at org.apache.spark.sql.execution.QueryExecution.commandExecuted$lzycompute(QueryExecution.scala:85)
[2025-04-03T22:16:57.867+0000] {spark_submit.py:645} INFO - at org.apache.spark.sql.execution.QueryExecution.commandExecuted(QueryExecution.scala:83)
[2025-04-03T22:16:57.868+0000] {spark_submit.py:645} INFO - at org.apache.spark.sql.execution.QueryExecution.assertCommandExecuted(QueryExecution.scala:142)
[2025-04-03T22:16:57.880+0000] {spark_submit.py:645} INFO - at org.apache.spark.sql.DataFrameWriter.runCommand(DataFrameWriter.scala:869)
[2025-04-03T22:16:57.883+0000] {spark_submit.py:645} INFO - at org.apache.spark.sql.DataFrameWriter.saveToV1Source(DataFrameWriter.scala:391)
[2025-04-03T22:16:57.891+0000] {spark_submit.py:645} INFO - at org.apache.spark.sql.DataFrameWriter.saveInternal(DataFrameWriter.scala:364)
[2025-04-03T22:16:57.893+0000] {spark_submit.py:645} INFO - at org.apache.spark.sql.DataFrameWriter.save(DataFrameWriter.scala:251)
[2025-04-03T22:16:57.894+0000] {spark_submit.py:645} INFO - at org.apache.spark.sql.DataFrameWriter.jdbc(DataFrameWriter.scala:766)
[2025-04-03T22:16:57.894+0000] {spark_submit.py:645} INFO - at java.base/jdk.internal.reflect.NativeMethodAccessorImpl.invoke0(Native Method)
[2025-04-03T22:16:57.894+0000] {spark_submit.py:645} INFO - at java.base/jdk.internal.reflect.NativeMethodAccessorImpl.invoke(NativeMethodAccessorImpl.java:77)
[2025-04-03T22:16:57.896+0000] {spark_submit.py:645} INFO - at java.base/jdk.internal.reflect.DelegatingMethodAccessorImpl.invoke(DelegatingMethodAccessorImpl.java:43)
[2025-04-03T22:16:57.896+0000] {spark_submit.py:645} INFO - at java.base/java.lang.reflect.Method.invoke(Method.java:569)
[2025-04-03T22:16:57.897+0000] {spark_submit.py:645} INFO - at py4j.reflection.MethodInvoker.invoke(MethodInvoker.java:244)
[2025-04-03T22:16:57.897+0000] {spark_submit.py:645} INFO - at py4j.reflection.ReflectionEngine.invoke(ReflectionEngine.java:374)
[2025-04-03T22:16:57.897+0000] {spark_submit.py:645} INFO - at py4j.Gateway.invoke(Gateway.java:282)
[2025-04-03T22:16:57.898+0000] {spark_submit.py:645} INFO - at py4j.commands.AbstractCommand.invokeMethod(AbstractCommand.java:132)
[2025-04-03T22:16:57.898+0000] {spark_submit.py:645} INFO - at py4j.commands.CallCommand.execute(CallCommand.java:79)
[2025-04-03T22:16:57.899+0000] {spark_submit.py:645} INFO - at py4j.ClientServerConnection.waitForCommands(ClientServerConnection.java:182)
[2025-04-03T22:16:57.899+0000] {spark_submit.py:645} INFO - at py4j.ClientServerConnection.run(ClientServerConnection.java:106)
[2025-04-03T22:16:57.899+0000] {spark_submit.py:645} INFO - at java.base/java.lang.Thread.run(Thread.java:840)
[2025-04-03T22:16:57.900+0000] {spark_submit.py:645} INFO - Traceback (most recent call last):
[2025-04-03T22:16:57.900+0000] {spark_submit.py:645} INFO - File "/opt/spark_job/minio_to_postgres.py", line 32, in minio_postgres
[2025-04-03T22:16:57.900+0000] {spark_submit.py:645} INFO - artists_df.write.jdbc(
[2025-04-03T22:16:57.901+0000] {spark_submit.py:645} INFO - File "/home/***/.local/lib/python3.11/site-packages/pyspark/python/lib/pyspark.zip/pyspark/sql/readwriter.py", line 1984, in jdbc
[2025-04-03T22:16:57.901+0000] {spark_submit.py:645} INFO - self.mode(mode)._jwrite.jdbc(url, table, jprop)
[2025-04-03T22:16:57.902+0000] {spark_submit.py:645} INFO - File "/home/***/.local/lib/python3.11/site-packages/pyspark/python/lib/py4j-0.10.9.7-src.zip/py4j/java_gateway.py", line 1322, in __call__
[2025-04-03T22:16:57.902+0000] {spark_submit.py:645} INFO - return_value = get_return_value(
[2025-04-03T22:16:57.902+0000] {spark_submit.py:645} INFO - ^^^^^^^^^^^^^^^^^
[2025-04-03T22:16:57.903+0000] {spark_submit.py:645} INFO - File "/home/***/.local/lib/python3.11/site-packages/pyspark/python/lib/pyspark.zip/pyspark/errors/exceptions/captured.py", line 179, in deco
[2025-04-03T22:16:57.903+0000] {spark_submit.py:645} INFO - return f(*a, **kw)
[2025-04-03T22:16:57.904+0000] {spark_submit.py:645} INFO - ^^^^^^^^^^^
[2025-04-03T22:16:57.907+0000] {spark_submit.py:645} INFO - File "/home/***/.local/lib/python3.11/site-packages/pyspark/python/lib/py4j-0.10.9.7-src.zip/py4j/protocol.py", line 326, in get_return_value
[2025-04-03T22:16:57.907+0000] {spark_submit.py:645} INFO - raise Py4JJavaError(
[2025-04-03T22:16:57.908+0000] {spark_submit.py:645} INFO - py4j.protocol.Py4JJavaError: An error occurred while calling o49.jdbc.
[2025-04-03T22:16:57.908+0000] {spark_submit.py:645} INFO - : java.lang.ClassNotFoundException: org.postgresql.Driver
[2025-04-03T22:16:57.908+0000] {spark_submit.py:645} INFO - at java.base/java.net.URLClassLoader.findClass(URLClassLoader.java:445)
[2025-04-03T22:16:57.909+0000] {spark_submit.py:645} INFO - at java.base/java.lang.ClassLoader.loadClass(ClassLoader.java:592)
[2025-04-03T22:16:57.909+0000] {spark_submit.py:645} INFO - at java.base/java.lang.ClassLoader.loadClass(ClassLoader.java:525)
[2025-04-03T22:16:57.909+0000] {spark_submit.py:645} INFO - at org.apache.spark.sql.execution.datasources.jdbc.DriverRegistry$.register(DriverRegistry.scala:46)
[2025-04-03T22:16:57.910+0000] {spark_submit.py:645} INFO - at org.apache.spark.sql.execution.datasources.jdbc.JDBCOptions.$anonfun$driverClass$1(JDBCOptions.scala:103)
[2025-04-03T22:16:57.910+0000] {spark_submit.py:645} INFO - at org.apache.spark.sql.execution.datasources.jdbc.JDBCOptions.$anonfun$driverClass$1$adapted(JDBCOptions.scala:103)
[2025-04-03T22:16:57.911+0000] {spark_submit.py:645} INFO - at scala.Option.foreach(Option.scala:407)
[2025-04-03T22:16:57.911+0000] {spark_submit.py:645} INFO - at org.apache.spark.sql.execution.datasources.jdbc.JDBCOptions.<init>(JDBCOptions.scala:103)
[2025-04-03T22:16:57.911+0000] {spark_submit.py:645} INFO - at org.apache.spark.sql.execution.datasources.jdbc.JdbcOptionsInWrite.<init>(JDBCOptions.scala:254)
[2025-04-03T22:16:57.912+0000] {spark_submit.py:645} INFO - at org.apache.spark.sql.execution.datasources.jdbc.JdbcOptionsInWrite.<init>(JDBCOptions.scala:258)
[2025-04-03T22:16:57.912+0000] {spark_submit.py:645} INFO - at org.apache.spark.sql.execution.datasources.jdbc.JdbcRelationProvider.createRelation(JdbcRelationProvider.scala:47)
[2025-04-03T22:16:57.912+0000] {spark_submit.py:645} INFO - at org.apache.spark.sql.execution.datasources.SaveIntoDataSourceCommand.run(SaveIntoDataSourceCommand.scala:48)
[2025-04-03T22:16:57.913+0000] {spark_submit.py:645} INFO - at org.apache.spark.sql.execution.command.ExecutedCommandExec.sideEffectResult$lzycompute(commands.scala:75)
[2025-04-03T22:16:57.913+0000] {spark_submit.py:645} INFO - at org.apache.spark.sql.execution.command.ExecutedCommandExec.sideEffectResult(commands.scala:73)
[2025-04-03T22:16:57.919+0000] {spark_submit.py:645} INFO - at org.apache.spark.sql.execution.command.ExecutedCommandExec.executeCollect(commands.scala:84)
[2025-04-03T22:16:57.920+0000] {spark_submit.py:645} INFO - at org.apache.spark.sql.execution.QueryExecution$$anonfun$eagerlyExecuteCommands$1.$anonfun$applyOrElse$1(QueryExecution.scala:107)
[2025-04-03T22:16:57.920+0000] {spark_submit.py:645} INFO - at org.apache.spark.sql.execution.SQLExecution$.$anonfun$withNewExecutionId$6(SQLExecution.scala:125)
[2025-04-03T22:16:57.921+0000] {spark_submit.py:645} INFO - at org.apache.spark.sql.execution.SQLExecution$.withSQLConfPropagated(SQLExecution.scala:201)
[2025-04-03T22:16:57.921+0000] {spark_submit.py:645} INFO - at org.apache.spark.sql.execution.SQLExecution$.$anonfun$withNewExecutionId$1(SQLExecution.scala:108)
[2025-04-03T22:16:57.922+0000] {spark_submit.py:645} INFO - at org.apache.spark.sql.SparkSession.withActive(SparkSession.scala:900)
[2025-04-03T22:16:57.922+0000] {spark_submit.py:645} INFO - at org.apache.spark.sql.execution.SQLExecution$.withNewExecutionId(SQLExecution.scala:66)
[2025-04-03T22:16:57.922+0000] {spark_submit.py:645} INFO - at org.apache.spark.sql.execution.QueryExecution$$anonfun$eagerlyExecuteCommands$1.applyOrElse(QueryExecution.scala:107)
[2025-04-03T22:16:57.923+0000] {spark_submit.py:645} INFO - at org.apache.spark.sql.execution.QueryExecution$$anonfun$eagerlyExecuteCommands$1.applyOrElse(QueryExecution.scala:98)
[2025-04-03T22:16:57.923+0000] {spark_submit.py:645} INFO - at org.apache.spark.sql.catalyst.trees.TreeNode.$anonfun$transformDownWithPruning$1(TreeNode.scala:461)
[2025-04-03T22:16:57.927+0000] {spark_submit.py:645} INFO - at org.apache.spark.sql.catalyst.trees.CurrentOrigin$.withOrigin(origin.scala:76)
[2025-04-03T22:16:58.024+0000] {spark_submit.py:645} INFO - at org.apache.spark.sql.catalyst.trees.TreeNode.transformDownWithPruning(TreeNode.scala:461)
[2025-04-03T22:16:58.043+0000] {spark_submit.py:645} INFO - at org.apache.spark.sql.catalyst.plans.logical.LogicalPlan.org$apache$spark$sql$catalyst$plans$logical$AnalysisHelper$$super$transformDownWithPruning(LogicalPlan.scala:32)
[2025-04-03T22:16:58.256+0000] {spark_submit.py:645} INFO - at org.apache.spark.sql.catalyst.plans.logical.AnalysisHelper.transformDownWithPruning(AnalysisHelper.scala:267)
[2025-04-03T22:16:58.258+0000] {spark_submit.py:645} INFO - at org.apache.spark.sql.catalyst.plans.logical.AnalysisHelper.transformDownWithPruning$(AnalysisHelper.scala:263)
[2025-04-03T22:16:58.262+0000] {spark_submit.py:645} INFO - at org.apache.spark.sql.catalyst.plans.logical.LogicalPlan.transformDownWithPruning(LogicalPlan.scala:32)
[2025-04-03T22:16:58.268+0000] {spark_submit.py:645} INFO - at org.apache.spark.sql.catalyst.plans.logical.LogicalPlan.transformDownWithPruning(LogicalPlan.scala:32)
[2025-04-03T22:16:58.292+0000] {spark_submit.py:645} INFO - at org.apache.spark.sql.catalyst.trees.TreeNode.transformDown(TreeNode.scala:437)
[2025-04-03T22:16:58.297+0000] {spark_submit.py:645} INFO - at org.apache.spark.sql.execution.QueryExecution.eagerlyExecuteCommands(QueryExecution.scala:98)
[2025-04-03T22:16:58.297+0000] {spark_submit.py:645} INFO - at org.apache.spark.sql.execution.QueryExecution.commandExecuted$lzycompute(QueryExecution.scala:85)
[2025-04-03T22:16:58.298+0000] {spark_submit.py:645} INFO - at org.apache.spark.sql.execution.QueryExecution.commandExecuted(QueryExecution.scala:83)
[2025-04-03T22:16:58.298+0000] {spark_submit.py:645} INFO - at org.apache.spark.sql.execution.QueryExecution.assertCommandExecuted(QueryExecution.scala:142)
[2025-04-03T22:16:58.298+0000] {spark_submit.py:645} INFO - at org.apache.spark.sql.DataFrameWriter.runCommand(DataFrameWriter.scala:869)
[2025-04-03T22:16:58.299+0000] {spark_submit.py:645} INFO - at org.apache.spark.sql.DataFrameWriter.saveToV1Source(DataFrameWriter.scala:391)
[2025-04-03T22:16:58.299+0000] {spark_submit.py:645} INFO - at org.apache.spark.sql.DataFrameWriter.saveInternal(DataFrameWriter.scala:364)
[2025-04-03T22:16:58.300+0000] {spark_submit.py:645} INFO - at org.apache.spark.sql.DataFrameWriter.save(DataFrameWriter.scala:251)
[2025-04-03T22:16:58.490+0000] {spark_submit.py:645} INFO - at org.apache.spark.sql.DataFrameWriter.jdbc(DataFrameWriter.scala:766)
[2025-04-03T22:16:58.512+0000] {spark_submit.py:645} INFO - at java.base/jdk.internal.reflect.NativeMethodAccessorImpl.invoke0(Native Method)
[2025-04-03T22:16:58.523+0000] {spark_submit.py:645} INFO - at java.base/jdk.internal.reflect.NativeMethodAccessorImpl.invoke(NativeMethodAccessorImpl.java:77)
[2025-04-03T22:16:58.540+0000] {spark_submit.py:645} INFO - at java.base/jdk.internal.reflect.DelegatingMethodAccessorImpl.invoke(DelegatingMethodAccessorImpl.java:43)
[2025-04-03T22:16:58.540+0000] {spark_submit.py:645} INFO - at java.base/java.lang.reflect.Method.invoke(Method.java:569)
[2025-04-03T22:16:58.541+0000] {spark_submit.py:645} INFO - at py4j.reflection.MethodInvoker.invoke(MethodInvoker.java:244)
[2025-04-03T22:16:58.564+0000] {spark_submit.py:645} INFO - at py4j.reflection.ReflectionEngine.invoke(ReflectionEngine.java:374)
[2025-04-03T22:16:58.566+0000] {spark_submit.py:645} INFO - at py4j.Gateway.invoke(Gateway.java:282)
[2025-04-03T22:16:58.567+0000] {spark_submit.py:645} INFO - at py4j.commands.AbstractCommand.invokeMethod(AbstractCommand.java:132)
[2025-04-03T22:16:58.568+0000] {spark_submit.py:645} INFO - at py4j.commands.CallCommand.execute(CallCommand.java:79)
[2025-04-03T22:16:58.568+0000] {spark_submit.py:645} INFO - at py4j.ClientServerConnection.waitForCommands(ClientServerConnection.java:182)
[2025-04-03T22:16:58.569+0000] {spark_submit.py:645} INFO - at py4j.ClientServerConnection.run(ClientServerConnection.java:106)
[2025-04-03T22:16:58.569+0000] {spark_submit.py:645} INFO - at java.base/java.lang.Thread.run(Thread.java:840)
[2025-04-03T22:16:58.570+0000] {spark_submit.py:645} INFO - 
[2025-04-03T22:16:58.570+0000] {spark_submit.py:645} INFO - 25/04/03 22:16:57 INFO SparkContext: SparkContext is stopping with exitCode 0.
[2025-04-03T22:16:58.571+0000] {spark_submit.py:645} INFO - 25/04/03 22:16:57 INFO SparkUI: Stopped Spark web UI at http://368b3be21c0d:4040
[2025-04-03T22:16:58.571+0000] {spark_submit.py:645} INFO - 25/04/03 22:16:57 INFO StandaloneSchedulerBackend: Shutting down all executors
[2025-04-03T22:16:58.572+0000] {spark_submit.py:645} INFO - 25/04/03 22:16:57 INFO StandaloneSchedulerBackend$StandaloneDriverEndpoint: Asking each executor to shut down
[2025-04-03T22:16:58.573+0000] {spark_submit.py:645} INFO - 25/04/03 22:16:58 INFO MapOutputTrackerMasterEndpoint: MapOutputTrackerMasterEndpoint stopped!
[2025-04-03T22:16:58.573+0000] {spark_submit.py:645} INFO - 25/04/03 22:16:58 INFO MemoryStore: MemoryStore cleared
[2025-04-03T22:16:58.574+0000] {spark_submit.py:645} INFO - 25/04/03 22:16:58 INFO BlockManager: BlockManager stopped
[2025-04-03T22:16:58.574+0000] {spark_submit.py:645} INFO - 25/04/03 22:16:58 INFO BlockManagerMaster: BlockManagerMaster stopped
[2025-04-03T22:16:58.574+0000] {spark_submit.py:645} INFO - 25/04/03 22:16:58 INFO OutputCommitCoordinator$OutputCommitCoordinatorEndpoint: OutputCommitCoordinator stopped!
[2025-04-03T22:16:59.665+0000] {spark_submit.py:645} INFO - 25/04/03 22:16:59 INFO SparkContext: Successfully stopped SparkContext
[2025-04-03T22:17:00.001+0000] {spark_submit.py:645} INFO - 2025-04-03 22:17:00,001 - INFO - Closing down clientserver connection
[2025-04-03T22:17:00.095+0000] {spark_submit.py:645} INFO - 25/04/03 22:17:00 INFO ShutdownHookManager: Shutdown hook called
[2025-04-03T22:17:00.096+0000] {spark_submit.py:645} INFO - 25/04/03 22:17:00 INFO ShutdownHookManager: Deleting directory /tmp/spark-0650802c-90a3-45db-9fcd-3b812cdbea62
[2025-04-03T22:17:00.193+0000] {spark_submit.py:645} INFO - 25/04/03 22:17:00 INFO ShutdownHookManager: Deleting directory /tmp/spark-0650802c-90a3-45db-9fcd-3b812cdbea62/pyspark-33810a14-bf60-464f-82f3-9d780ec74d61
[2025-04-03T22:17:00.424+0000] {spark_submit.py:645} INFO - 25/04/03 22:17:00 INFO ShutdownHookManager: Deleting directory /tmp/spark-079511da-164f-4ed8-ba35-2af0f686dba0
[2025-04-03T22:17:00.947+0000] {spark_submit.py:645} INFO - 25/04/03 22:17:00 INFO MetricsSystemImpl: Stopping s3a-file-system metrics system...
[2025-04-03T22:17:00.947+0000] {spark_submit.py:645} INFO - 25/04/03 22:17:00 INFO MetricsSystemImpl: s3a-file-system metrics system stopped.
[2025-04-03T22:17:00.948+0000] {spark_submit.py:645} INFO - 25/04/03 22:17:00 INFO MetricsSystemImpl: s3a-file-system metrics system shutdown complete.
[2025-04-03T22:17:00.992+0000] {taskinstance.py:441} INFO - ::group::Post task execution logs
[2025-04-03T22:17:01.003+0000] {taskinstance.py:1206} INFO - Marking task as SUCCESS. dag_id=etl_pipeline, task_id=minio_to_postgres_task, run_id=manual__2025-03-26T13:33:39.761724+00:00, execution_date=20250326T133339, start_date=20250403T221559, end_date=20250403T221701
[2025-04-03T22:17:01.122+0000] {local_task_job_runner.py:240} INFO - Task exited with return code 0
[2025-04-03T22:17:01.140+0000] {taskinstance.py:3503} INFO - 0 downstream tasks scheduled from follow-on schedule check
[2025-04-03T22:17:01.279+0000] {local_task_job_runner.py:222} INFO - ::endgroup::
