[2025-04-03T22:09:21.069+0000] {local_task_job_runner.py:120} INFO - ::group::Pre task execution logs
[2025-04-03T22:09:21.105+0000] {taskinstance.py:2076} INFO - Dependencies all met for dep_context=non-requeueable deps ti=<TaskInstance: etl_pipeline.minio_to_postgres_task manual__2025-03-26T13:33:39.761724+00:00 [queued]>
[2025-04-03T22:09:21.116+0000] {taskinstance.py:2076} INFO - Dependencies all met for dep_context=requeueable deps ti=<TaskInstance: etl_pipeline.minio_to_postgres_task manual__2025-03-26T13:33:39.761724+00:00 [queued]>
[2025-04-03T22:09:21.117+0000] {taskinstance.py:2306} INFO - Starting attempt 2 of 3
[2025-04-03T22:09:21.154+0000] {taskinstance.py:2330} INFO - Executing <Task(SparkSubmitOperator): minio_to_postgres_task> on 2025-03-26 13:33:39.761724+00:00
[2025-04-03T22:09:21.159+0000] {standard_task_runner.py:63} INFO - Started process 226 to run task
[2025-04-03T22:09:21.162+0000] {standard_task_runner.py:90} INFO - Running: ['***', 'tasks', 'run', 'etl_pipeline', 'minio_to_postgres_task', 'manual__2025-03-26T13:33:39.761724+00:00', '--job-id', '141', '--raw', '--subdir', 'DAGS_FOLDER/etl_pipeline.py', '--cfg-path', '/tmp/tmp1fux3x23']
[2025-04-03T22:09:21.165+0000] {standard_task_runner.py:91} INFO - Job 141: Subtask minio_to_postgres_task
[2025-04-03T22:09:21.245+0000] {task_command.py:426} INFO - Running <TaskInstance: etl_pipeline.minio_to_postgres_task manual__2025-03-26T13:33:39.761724+00:00 [running]> on host 368b3be21c0d
[2025-04-03T22:09:21.356+0000] {taskinstance.py:2648} INFO - Exporting env vars: AIRFLOW_CTX_DAG_OWNER='lobobranco' AIRFLOW_CTX_DAG_ID='etl_pipeline' AIRFLOW_CTX_TASK_ID='minio_to_postgres_task' AIRFLOW_CTX_EXECUTION_DATE='2025-03-26T13:33:39.761724+00:00' AIRFLOW_CTX_TRY_NUMBER='2' AIRFLOW_CTX_DAG_RUN_ID='manual__2025-03-26T13:33:39.761724+00:00'
[2025-04-03T22:09:21.357+0000] {taskinstance.py:430} INFO - ::endgroup::
[2025-04-03T22:09:21.381+0000] {base.py:84} INFO - Using connection ID 'spark_default' for task execution.
[2025-04-03T22:09:21.382+0000] {spark_submit.py:328} ERROR - Failed to decode base64 keytab: Incorrect padding
[2025-04-03T22:09:21.383+0000] {spark_submit.py:305} INFO - Could not load connection string spark_default, defaulting to spark://spark-master:7077
[2025-04-03T22:09:21.384+0000] {spark_submit.py:474} INFO - Spark-Submit cmd: spark-submit --master spark://spark-master:7077 --conf spark.executor.memory=512m --conf spark.executor.cores=1 --conf spark.jars=/opt/spark_job/jars/aws-java-sdk-bundle-1.12.262.jar,/opt/spark_job/jars/hadoop-aws-3.3.4.jar --conf spark.hadoop.fs.s3a.endpoint=http://minio:9000 --conf spark.hadoop.fs.s3a.access.key=admin --conf spark.hadoop.fs.s3a.secret.key=****** --conf spark.hadoop.fs.s3a.impl=org.apache.hadoop.fs.s3a.S3AFileSystem --conf spark.hadoop.fs.s3a.path.style.access=true --principal *** --name arrow-spark --verbose --deploy-mode client /opt/spark_job/minio_to_postgres.py
[2025-04-03T22:09:22.224+0000] {spark_submit.py:645} INFO - /home/***/.local/lib/python3.11/site-packages/pyspark/bin/load-spark-env.sh: line 68: ps: command not found
[2025-04-03T22:09:35.390+0000] {spark_submit.py:645} INFO - Using properties file: null
[2025-04-03T22:09:35.622+0000] {spark_submit.py:645} INFO - Parsed arguments:
[2025-04-03T22:09:35.623+0000] {spark_submit.py:645} INFO - master                  spark://spark-master:7077
[2025-04-03T22:09:35.623+0000] {spark_submit.py:645} INFO - remote                  null
[2025-04-03T22:09:35.624+0000] {spark_submit.py:645} INFO - deployMode              client
[2025-04-03T22:09:35.624+0000] {spark_submit.py:645} INFO - executorMemory          512m
[2025-04-03T22:09:35.624+0000] {spark_submit.py:645} INFO - executorCores           1
[2025-04-03T22:09:35.625+0000] {spark_submit.py:645} INFO - totalExecutorCores      null
[2025-04-03T22:09:35.625+0000] {spark_submit.py:645} INFO - propertiesFile          null
[2025-04-03T22:09:35.625+0000] {spark_submit.py:645} INFO - driverMemory            null
[2025-04-03T22:09:35.626+0000] {spark_submit.py:645} INFO - driverCores             null
[2025-04-03T22:09:35.626+0000] {spark_submit.py:645} INFO - driverExtraClassPath    null
[2025-04-03T22:09:35.626+0000] {spark_submit.py:645} INFO - driverExtraLibraryPath  null
[2025-04-03T22:09:35.627+0000] {spark_submit.py:645} INFO - driverExtraJavaOptions  null
[2025-04-03T22:09:35.627+0000] {spark_submit.py:645} INFO - supervise               false
[2025-04-03T22:09:35.627+0000] {spark_submit.py:645} INFO - queue                   null
[2025-04-03T22:09:35.628+0000] {spark_submit.py:645} INFO - numExecutors            null
[2025-04-03T22:09:35.628+0000] {spark_submit.py:645} INFO - files                   null
[2025-04-03T22:09:35.628+0000] {spark_submit.py:645} INFO - pyFiles                 null
[2025-04-03T22:09:35.629+0000] {spark_submit.py:645} INFO - archives                null
[2025-04-03T22:09:35.629+0000] {spark_submit.py:645} INFO - mainClass               null
[2025-04-03T22:09:35.629+0000] {spark_submit.py:645} INFO - primaryResource         file:/opt/spark_job/minio_to_postgres.py
[2025-04-03T22:09:35.630+0000] {spark_submit.py:645} INFO - name                    arrow-spark
[2025-04-03T22:09:35.630+0000] {spark_submit.py:645} INFO - childArgs               []
[2025-04-03T22:09:35.631+0000] {spark_submit.py:645} INFO - jars                    /opt/spark_job/jars/aws-java-sdk-bundle-1.12.262.jar,/opt/spark_job/jars/hadoop-aws-3.3.4.jar
[2025-04-03T22:09:35.631+0000] {spark_submit.py:645} INFO - packages                null
[2025-04-03T22:09:35.631+0000] {spark_submit.py:645} INFO - packagesExclusions      null
[2025-04-03T22:09:35.631+0000] {spark_submit.py:645} INFO - repositories            null
[2025-04-03T22:09:35.632+0000] {spark_submit.py:645} INFO - verbose                 true
[2025-04-03T22:09:35.632+0000] {spark_submit.py:645} INFO - 
[2025-04-03T22:09:35.633+0000] {spark_submit.py:645} INFO - Spark properties used, including those specified through
[2025-04-03T22:09:35.633+0000] {spark_submit.py:645} INFO - --conf and those from the properties file null:
[2025-04-03T22:09:35.633+0000] {spark_submit.py:645} INFO - (spark.executor.cores,1)
[2025-04-03T22:09:35.633+0000] {spark_submit.py:645} INFO - (spark.executor.memory,512m)
[2025-04-03T22:09:35.634+0000] {spark_submit.py:645} INFO - (spark.hadoop.fs.s3a.access.key,*********(redacted))
[2025-04-03T22:09:35.634+0000] {spark_submit.py:645} INFO - (spark.hadoop.fs.s3a.endpoint,http://minio:9000)
[2025-04-03T22:09:35.634+0000] {spark_submit.py:645} INFO - (spark.hadoop.fs.s3a.impl,org.apache.hadoop.fs.s3a.S3AFileSystem)
[2025-04-03T22:09:35.635+0000] {spark_submit.py:645} INFO - (spark.hadoop.fs.s3a.path.style.access,true)
[2025-04-03T22:09:35.635+0000] {spark_submit.py:645} INFO - (spark.hadoop.fs.s3a.secret.key,*********(redacted))
[2025-04-03T22:09:35.635+0000] {spark_submit.py:645} INFO - (spark.jars,/opt/spark_job/jars/aws-java-sdk-bundle-1.12.262.jar,/opt/spark_job/jars/hadoop-aws-3.3.4.jar)
[2025-04-03T22:09:35.636+0000] {spark_submit.py:645} INFO - 
[2025-04-03T22:09:35.636+0000] {spark_submit.py:645} INFO - 
[2025-04-03T22:09:36.644+0000] {spark_submit.py:645} INFO - 25/04/03 22:09:36 WARN NativeCodeLoader: Unable to load native-hadoop library for your platform... using builtin-java classes where applicable
[2025-04-03T22:09:37.259+0000] {spark_submit.py:645} INFO - Main class:
[2025-04-03T22:09:37.260+0000] {spark_submit.py:645} INFO - org.apache.spark.deploy.PythonRunner
[2025-04-03T22:09:37.261+0000] {spark_submit.py:645} INFO - Arguments:
[2025-04-03T22:09:37.267+0000] {spark_submit.py:645} INFO - file:/opt/spark_job/minio_to_postgres.py
[2025-04-03T22:09:37.267+0000] {spark_submit.py:645} INFO - null
[2025-04-03T22:09:37.271+0000] {spark_submit.py:645} INFO - Spark config:
[2025-04-03T22:09:37.272+0000] {spark_submit.py:645} INFO - (spark.app.name,arrow-spark)
[2025-04-03T22:09:37.275+0000] {spark_submit.py:645} INFO - (spark.app.submitTime,1743718177221)
[2025-04-03T22:09:37.275+0000] {spark_submit.py:645} INFO - (spark.executor.cores,1)
[2025-04-03T22:09:37.276+0000] {spark_submit.py:645} INFO - (spark.executor.memory,512m)
[2025-04-03T22:09:37.277+0000] {spark_submit.py:645} INFO - (spark.hadoop.fs.s3a.access.key,*********(redacted))
[2025-04-03T22:09:37.279+0000] {spark_submit.py:645} INFO - (spark.hadoop.fs.s3a.endpoint,http://minio:9000)
[2025-04-03T22:09:37.283+0000] {spark_submit.py:645} INFO - (spark.hadoop.fs.s3a.impl,org.apache.hadoop.fs.s3a.S3AFileSystem)
[2025-04-03T22:09:37.286+0000] {spark_submit.py:645} INFO - (spark.hadoop.fs.s3a.path.style.access,true)
[2025-04-03T22:09:37.289+0000] {spark_submit.py:645} INFO - (spark.hadoop.fs.s3a.secret.key,*********(redacted))
[2025-04-03T22:09:37.290+0000] {spark_submit.py:645} INFO - (spark.jars,file:///opt/spark_job/jars/aws-java-sdk-bundle-1.12.262.jar,file:///opt/spark_job/jars/hadoop-aws-3.3.4.jar)
[2025-04-03T22:09:37.291+0000] {spark_submit.py:645} INFO - (spark.kerberos.principal,***)
[2025-04-03T22:09:37.292+0000] {spark_submit.py:645} INFO - (spark.master,spark://spark-master:7077)
[2025-04-03T22:09:37.293+0000] {spark_submit.py:645} INFO - (spark.repl.local.jars,file:///opt/spark_job/jars/aws-java-sdk-bundle-1.12.262.jar,file:///opt/spark_job/jars/hadoop-aws-3.3.4.jar)
[2025-04-03T22:09:37.294+0000] {spark_submit.py:645} INFO - (spark.submit.deployMode,client)
[2025-04-03T22:09:37.303+0000] {spark_submit.py:645} INFO - (spark.submit.pyFiles,)
[2025-04-03T22:09:37.304+0000] {spark_submit.py:645} INFO - Classpath elements:
[2025-04-03T22:09:37.304+0000] {spark_submit.py:645} INFO - file:///opt/spark_job/jars/aws-java-sdk-bundle-1.12.262.jar
[2025-04-03T22:09:37.305+0000] {spark_submit.py:645} INFO - file:///opt/spark_job/jars/hadoop-aws-3.3.4.jar
[2025-04-03T22:09:37.306+0000] {spark_submit.py:645} INFO - 
[2025-04-03T22:09:37.307+0000] {spark_submit.py:645} INFO - 
[2025-04-03T22:09:39.900+0000] {spark_submit.py:645} INFO - 2025-04-03 22:09:39,899 - INFO - Iniciando a configuração da Spark Session
[2025-04-03T22:09:40.830+0000] {spark_submit.py:645} INFO - 25/04/03 22:09:40 INFO SparkContext: Running Spark version 3.5.3
[2025-04-03T22:09:40.831+0000] {spark_submit.py:645} INFO - 25/04/03 22:09:40 INFO SparkContext: OS info Linux, 5.15.153.1-microsoft-standard-WSL2, amd64
[2025-04-03T22:09:40.831+0000] {spark_submit.py:645} INFO - 25/04/03 22:09:40 INFO SparkContext: Java version 17.0.14
[2025-04-03T22:09:40.939+0000] {spark_submit.py:645} INFO - 25/04/03 22:09:40 INFO ResourceUtils: ==============================================================
[2025-04-03T22:09:40.939+0000] {spark_submit.py:645} INFO - 25/04/03 22:09:40 INFO ResourceUtils: No custom resources configured for spark.driver.
[2025-04-03T22:09:40.940+0000] {spark_submit.py:645} INFO - 25/04/03 22:09:40 INFO ResourceUtils: ==============================================================
[2025-04-03T22:09:40.940+0000] {spark_submit.py:645} INFO - 25/04/03 22:09:40 INFO SparkContext: Submitted application: Minio Integration with PySpark
[2025-04-03T22:09:41.032+0000] {spark_submit.py:645} INFO - 25/04/03 22:09:41 INFO ResourceProfile: Default ResourceProfile created, executor resources: Map(cores -> name: cores, amount: 1, script: , vendor: , memory -> name: memory, amount: 512, script: , vendor: , offHeap -> name: offHeap, amount: 0, script: , vendor: ), task resources: Map(cpus -> name: cpus, amount: 1.0)
[2025-04-03T22:09:41.045+0000] {spark_submit.py:645} INFO - 25/04/03 22:09:41 INFO ResourceProfile: Limiting resource is cpus at 1 tasks per executor
[2025-04-03T22:09:41.048+0000] {spark_submit.py:645} INFO - 25/04/03 22:09:41 INFO ResourceProfileManager: Added ResourceProfile id: 0
[2025-04-03T22:09:41.541+0000] {spark_submit.py:645} INFO - 25/04/03 22:09:41 INFO SecurityManager: Changing view acls to: ***
[2025-04-03T22:09:41.542+0000] {spark_submit.py:645} INFO - 25/04/03 22:09:41 INFO SecurityManager: Changing modify acls to: ***
[2025-04-03T22:09:41.543+0000] {spark_submit.py:645} INFO - 25/04/03 22:09:41 INFO SecurityManager: Changing view acls groups to:
[2025-04-03T22:09:41.544+0000] {spark_submit.py:645} INFO - 25/04/03 22:09:41 INFO SecurityManager: Changing modify acls groups to:
[2025-04-03T22:09:41.545+0000] {spark_submit.py:645} INFO - 25/04/03 22:09:41 INFO SecurityManager: SecurityManager: authentication disabled; ui acls disabled; users with view permissions: ***; groups with view permissions: EMPTY; users with modify permissions: ***; groups with modify permissions: EMPTY
[2025-04-03T22:09:42.411+0000] {spark_submit.py:645} INFO - 25/04/03 22:09:42 INFO Utils: Successfully started service 'sparkDriver' on port 37879.
[2025-04-03T22:09:42.825+0000] {spark_submit.py:645} INFO - 25/04/03 22:09:42 INFO SparkEnv: Registering MapOutputTracker
[2025-04-03T22:09:43.275+0000] {spark_submit.py:645} INFO - 25/04/03 22:09:43 INFO SparkEnv: Registering BlockManagerMaster
[2025-04-03T22:09:43.393+0000] {spark_submit.py:645} INFO - 25/04/03 22:09:43 INFO BlockManagerMasterEndpoint: Using org.apache.spark.storage.DefaultTopologyMapper for getting topology information
[2025-04-03T22:09:43.394+0000] {spark_submit.py:645} INFO - 25/04/03 22:09:43 INFO BlockManagerMasterEndpoint: BlockManagerMasterEndpoint up
[2025-04-03T22:09:43.430+0000] {spark_submit.py:645} INFO - 25/04/03 22:09:43 INFO SparkEnv: Registering BlockManagerMasterHeartbeat
[2025-04-03T22:09:43.517+0000] {spark_submit.py:645} INFO - 25/04/03 22:09:43 INFO DiskBlockManager: Created local directory at /tmp/blockmgr-a1400eaa-af8a-4110-8fc9-6f0f6295b063
[2025-04-03T22:09:43.554+0000] {spark_submit.py:645} INFO - 25/04/03 22:09:43 INFO MemoryStore: MemoryStore started with capacity 434.4 MiB
[2025-04-03T22:09:43.616+0000] {spark_submit.py:645} INFO - 25/04/03 22:09:43 INFO SparkEnv: Registering OutputCommitCoordinator
[2025-04-03T22:09:44.239+0000] {spark_submit.py:645} INFO - 25/04/03 22:09:44 INFO JettyUtils: Start Jetty 0.0.0.0:4040 for SparkUI
[2025-04-03T22:09:44.441+0000] {spark_submit.py:645} INFO - 25/04/03 22:09:44 INFO Utils: Successfully started service 'SparkUI' on port 4040.
[2025-04-03T22:09:44.548+0000] {spark_submit.py:645} INFO - 25/04/03 22:09:44 INFO SparkContext: Added JAR file:///opt/spark_job/jars/aws-java-sdk-bundle-1.12.262.jar at spark://368b3be21c0d:37879/jars/aws-java-sdk-bundle-1.12.262.jar with timestamp 1743718180773
[2025-04-03T22:09:44.549+0000] {spark_submit.py:645} INFO - 25/04/03 22:09:44 INFO SparkContext: Added JAR file:///opt/spark_job/jars/hadoop-aws-3.3.4.jar at spark://368b3be21c0d:37879/jars/hadoop-aws-3.3.4.jar with timestamp 1743718180773
[2025-04-03T22:09:44.832+0000] {spark_submit.py:645} INFO - 25/04/03 22:09:44 INFO StandaloneAppClient$ClientEndpoint: Connecting to master spark://spark-master:7077...
[2025-04-03T22:09:45.052+0000] {spark_submit.py:645} INFO - 25/04/03 22:09:45 INFO TransportClientFactory: Successfully created connection to spark-master/172.18.0.6:7077 after 147 ms (0 ms spent in bootstraps)
[2025-04-03T22:09:45.343+0000] {spark_submit.py:645} INFO - 25/04/03 22:09:45 INFO StandaloneSchedulerBackend: Connected to Spark cluster with app ID app-20250403220945-0000
[2025-04-03T22:09:45.394+0000] {spark_submit.py:645} INFO - 25/04/03 22:09:45 INFO StandaloneAppClient$ClientEndpoint: Executor added: app-20250403220945-0000/0 on worker-20250403220308-172.18.0.4-34433 (172.18.0.4:34433) with 1 core(s)
[2025-04-03T22:09:45.395+0000] {spark_submit.py:645} INFO - 25/04/03 22:09:45 INFO StandaloneSchedulerBackend: Granted executor ID app-20250403220945-0000/0 on hostPort 172.18.0.4:34433 with 1 core(s), 512.0 MiB RAM
[2025-04-03T22:09:45.395+0000] {spark_submit.py:645} INFO - 25/04/03 22:09:45 INFO StandaloneAppClient$ClientEndpoint: Executor added: app-20250403220945-0000/1 on worker-20250403220308-172.18.0.4-34433 (172.18.0.4:34433) with 1 core(s)
[2025-04-03T22:09:45.395+0000] {spark_submit.py:645} INFO - 25/04/03 22:09:45 INFO Utils: Successfully started service 'org.apache.spark.network.netty.NettyBlockTransferService' on port 42023.
[2025-04-03T22:09:45.396+0000] {spark_submit.py:645} INFO - 25/04/03 22:09:45 INFO StandaloneSchedulerBackend: Granted executor ID app-20250403220945-0000/1 on hostPort 172.18.0.4:34433 with 1 core(s), 512.0 MiB RAM
[2025-04-03T22:09:45.396+0000] {spark_submit.py:645} INFO - 25/04/03 22:09:45 INFO NettyBlockTransferService: Server created on 368b3be21c0d:42023
[2025-04-03T22:09:45.397+0000] {spark_submit.py:645} INFO - 25/04/03 22:09:45 INFO StandaloneAppClient$ClientEndpoint: Executor added: app-20250403220945-0000/2 on worker-20250403220308-172.18.0.5-33891 (172.18.0.5:33891) with 1 core(s)
[2025-04-03T22:09:45.397+0000] {spark_submit.py:645} INFO - 25/04/03 22:09:45 INFO StandaloneSchedulerBackend: Granted executor ID app-20250403220945-0000/2 on hostPort 172.18.0.5:33891 with 1 core(s), 512.0 MiB RAM
[2025-04-03T22:09:45.397+0000] {spark_submit.py:645} INFO - 25/04/03 22:09:45 INFO StandaloneAppClient$ClientEndpoint: Executor added: app-20250403220945-0000/3 on worker-20250403220308-172.18.0.5-33891 (172.18.0.5:33891) with 1 core(s)
[2025-04-03T22:09:45.398+0000] {spark_submit.py:645} INFO - 25/04/03 22:09:45 INFO StandaloneSchedulerBackend: Granted executor ID app-20250403220945-0000/3 on hostPort 172.18.0.5:33891 with 1 core(s), 512.0 MiB RAM
[2025-04-03T22:09:45.414+0000] {spark_submit.py:645} INFO - 25/04/03 22:09:45 INFO BlockManager: Using org.apache.spark.storage.RandomBlockReplicationPolicy for block replication policy
[2025-04-03T22:09:45.458+0000] {spark_submit.py:645} INFO - 25/04/03 22:09:45 INFO BlockManagerMaster: Registering BlockManager BlockManagerId(driver, 368b3be21c0d, 42023, None)
[2025-04-03T22:09:45.471+0000] {spark_submit.py:645} INFO - 25/04/03 22:09:45 INFO BlockManagerMasterEndpoint: Registering block manager 368b3be21c0d:42023 with 434.4 MiB RAM, BlockManagerId(driver, 368b3be21c0d, 42023, None)
[2025-04-03T22:09:45.475+0000] {spark_submit.py:645} INFO - 25/04/03 22:09:45 INFO BlockManagerMaster: Registered BlockManager BlockManagerId(driver, 368b3be21c0d, 42023, None)
[2025-04-03T22:09:45.477+0000] {spark_submit.py:645} INFO - 25/04/03 22:09:45 INFO BlockManager: Initialized BlockManager: BlockManagerId(driver, 368b3be21c0d, 42023, None)
[2025-04-03T22:09:46.021+0000] {spark_submit.py:645} INFO - 25/04/03 22:09:46 INFO StandaloneAppClient$ClientEndpoint: Executor updated: app-20250403220945-0000/3 is now RUNNING
[2025-04-03T22:09:46.033+0000] {spark_submit.py:645} INFO - 25/04/03 22:09:46 INFO StandaloneAppClient$ClientEndpoint: Executor updated: app-20250403220945-0000/1 is now RUNNING
[2025-04-03T22:09:46.044+0000] {spark_submit.py:645} INFO - 25/04/03 22:09:46 INFO StandaloneAppClient$ClientEndpoint: Executor updated: app-20250403220945-0000/2 is now RUNNING
[2025-04-03T22:09:46.061+0000] {spark_submit.py:645} INFO - 25/04/03 22:09:46 INFO StandaloneAppClient$ClientEndpoint: Executor updated: app-20250403220945-0000/0 is now RUNNING
[2025-04-03T22:09:46.425+0000] {spark_submit.py:645} INFO - 25/04/03 22:09:46 INFO StandaloneSchedulerBackend: SchedulerBackend is ready for scheduling beginning after reached minRegisteredResourcesRatio: 0.0
[2025-04-03T22:09:47.674+0000] {spark_submit.py:645} INFO - 2025-04-03 22:09:47,674 - INFO - Spark Session criada com sucesso
[2025-04-03T22:09:47.727+0000] {spark_submit.py:645} INFO - 25/04/03 22:09:47 INFO SharedState: Setting hive.metastore.warehouse.dir ('null') to the value of spark.sql.warehouse.dir.
[2025-04-03T22:09:47.737+0000] {spark_submit.py:645} INFO - 25/04/03 22:09:47 INFO SharedState: Warehouse path is 'file:/opt/spark-warehouse'.
[2025-04-03T22:09:54.007+0000] {spark_submit.py:645} INFO - 25/04/03 22:09:54 WARN MetricsConfig: Cannot locate configuration: tried hadoop-metrics2-s3a-file-system.properties,hadoop-metrics2.properties
[2025-04-03T22:09:54.062+0000] {spark_submit.py:645} INFO - 25/04/03 22:09:54 INFO MetricsSystemImpl: Scheduled Metric snapshot period at 10 second(s).
[2025-04-03T22:09:54.063+0000] {spark_submit.py:645} INFO - 25/04/03 22:09:54 INFO MetricsSystemImpl: s3a-file-system metrics system started
[2025-04-03T22:10:01.273+0000] {spark_submit.py:645} INFO - 25/04/03 22:10:01 INFO StandaloneSchedulerBackend$StandaloneDriverEndpoint: Registered executor NettyRpcEndpointRef(spark-client://Executor) (172.18.0.5:36154) with ID 2,  ResourceProfileId 0
[2025-04-03T22:10:01.526+0000] {spark_submit.py:645} INFO - 25/04/03 22:10:01 INFO StandaloneSchedulerBackend$StandaloneDriverEndpoint: Registered executor NettyRpcEndpointRef(spark-client://Executor) (172.18.0.4:52854) with ID 0,  ResourceProfileId 0
[2025-04-03T22:10:01.530+0000] {spark_submit.py:645} INFO - 25/04/03 22:10:01 INFO StandaloneSchedulerBackend$StandaloneDriverEndpoint: Registered executor NettyRpcEndpointRef(spark-client://Executor) (172.18.0.5:36164) with ID 3,  ResourceProfileId 0
[2025-04-03T22:10:01.535+0000] {spark_submit.py:645} INFO - 25/04/03 22:10:01 INFO StandaloneSchedulerBackend$StandaloneDriverEndpoint: Registered executor NettyRpcEndpointRef(spark-client://Executor) (172.18.0.4:52852) with ID 1,  ResourceProfileId 0
[2025-04-03T22:10:02.463+0000] {spark_submit.py:645} INFO - 25/04/03 22:10:02 INFO BlockManagerMasterEndpoint: Registering block manager 172.18.0.4:45961 with 127.2 MiB RAM, BlockManagerId(1, 172.18.0.4, 45961, None)
[2025-04-03T22:10:02.473+0000] {spark_submit.py:645} INFO - 25/04/03 22:10:02 INFO BlockManagerMasterEndpoint: Registering block manager 172.18.0.5:35253 with 127.2 MiB RAM, BlockManagerId(3, 172.18.0.5, 35253, None)
[2025-04-03T22:10:02.511+0000] {spark_submit.py:645} INFO - 25/04/03 22:10:02 INFO BlockManagerMasterEndpoint: Registering block manager 172.18.0.4:40093 with 127.2 MiB RAM, BlockManagerId(0, 172.18.0.4, 40093, None)
[2025-04-03T22:10:02.520+0000] {spark_submit.py:645} INFO - 25/04/03 22:10:02 INFO BlockManagerMasterEndpoint: Registering block manager 172.18.0.5:37477 with 127.2 MiB RAM, BlockManagerId(2, 172.18.0.5, 37477, None)
[2025-04-03T22:10:44.141+0000] {spark_submit.py:645} INFO - 25/04/03 22:10:44 INFO InMemoryFileIndex: It took 1248 ms to list leaf files for 1 paths.
[2025-04-03T22:10:48.185+0000] {spark_submit.py:645} INFO - 25/04/03 22:10:48 INFO SparkContext: Starting job: parquet at NativeMethodAccessorImpl.java:0
[2025-04-03T22:10:48.201+0000] {spark_submit.py:645} INFO - 25/04/03 22:10:48 INFO DAGScheduler: Got job 0 (parquet at NativeMethodAccessorImpl.java:0) with 1 output partitions
[2025-04-03T22:10:48.202+0000] {spark_submit.py:645} INFO - 25/04/03 22:10:48 INFO DAGScheduler: Final stage: ResultStage 0 (parquet at NativeMethodAccessorImpl.java:0)
[2025-04-03T22:10:48.202+0000] {spark_submit.py:645} INFO - 25/04/03 22:10:48 INFO DAGScheduler: Parents of final stage: List()
[2025-04-03T22:10:48.203+0000] {spark_submit.py:645} INFO - 25/04/03 22:10:48 INFO DAGScheduler: Missing parents: List()
[2025-04-03T22:10:48.208+0000] {spark_submit.py:645} INFO - 25/04/03 22:10:48 INFO DAGScheduler: Submitting ResultStage 0 (MapPartitionsRDD[1] at parquet at NativeMethodAccessorImpl.java:0), which has no missing parents
[2025-04-03T22:10:48.414+0000] {spark_submit.py:645} INFO - 25/04/03 22:10:48 INFO MemoryStore: Block broadcast_0 stored as values in memory (estimated size 105.2 KiB, free 434.3 MiB)
[2025-04-03T22:10:48.481+0000] {spark_submit.py:645} INFO - 25/04/03 22:10:48 INFO MemoryStore: Block broadcast_0_piece0 stored as bytes in memory (estimated size 38.2 KiB, free 434.3 MiB)
[2025-04-03T22:10:48.485+0000] {spark_submit.py:645} INFO - 25/04/03 22:10:48 INFO BlockManagerInfo: Added broadcast_0_piece0 in memory on 368b3be21c0d:42023 (size: 38.2 KiB, free: 434.4 MiB)
[2025-04-03T22:10:48.490+0000] {spark_submit.py:645} INFO - 25/04/03 22:10:48 INFO SparkContext: Created broadcast 0 from broadcast at DAGScheduler.scala:1585
[2025-04-03T22:10:48.526+0000] {spark_submit.py:645} INFO - 25/04/03 22:10:48 INFO DAGScheduler: Submitting 1 missing tasks from ResultStage 0 (MapPartitionsRDD[1] at parquet at NativeMethodAccessorImpl.java:0) (first 15 tasks are for partitions Vector(0))
[2025-04-03T22:10:48.529+0000] {spark_submit.py:645} INFO - 25/04/03 22:10:48 INFO TaskSchedulerImpl: Adding task set 0.0 with 1 tasks resource profile 0
[2025-04-03T22:10:48.567+0000] {spark_submit.py:645} INFO - 25/04/03 22:10:48 INFO TaskSetManager: Starting task 0.0 in stage 0.0 (TID 0) (172.18.0.5, executor 2, partition 0, PROCESS_LOCAL, 9446 bytes)
[2025-04-03T22:10:49.881+0000] {spark_submit.py:645} INFO - 25/04/03 22:10:49 INFO BlockManagerInfo: Added broadcast_0_piece0 in memory on 172.18.0.5:37477 (size: 38.2 KiB, free: 127.2 MiB)
[2025-04-03T22:11:07.547+0000] {spark_submit.py:645} INFO - 25/04/03 22:11:07 INFO TaskSetManager: Finished task 0.0 in stage 0.0 (TID 0) in 18999 ms on 172.18.0.5 (executor 2) (1/1)
[2025-04-03T22:11:07.549+0000] {spark_submit.py:645} INFO - 25/04/03 22:11:07 INFO TaskSchedulerImpl: Removed TaskSet 0.0, whose tasks have all completed, from pool
[2025-04-03T22:11:07.552+0000] {spark_submit.py:645} INFO - 25/04/03 22:11:07 INFO DAGScheduler: ResultStage 0 (parquet at NativeMethodAccessorImpl.java:0) finished in 19.229 s
[2025-04-03T22:11:07.556+0000] {spark_submit.py:645} INFO - 25/04/03 22:11:07 INFO DAGScheduler: Job 0 is finished. Cancelling potential speculative or zombie tasks for this job
[2025-04-03T22:11:07.556+0000] {spark_submit.py:645} INFO - 25/04/03 22:11:07 INFO TaskSchedulerImpl: Killing all running tasks in stage 0: Stage finished
[2025-04-03T22:11:07.565+0000] {spark_submit.py:645} INFO - 25/04/03 22:11:07 INFO DAGScheduler: Job 0 finished: parquet at NativeMethodAccessorImpl.java:0, took 19.380764 s
[2025-04-03T22:11:08.297+0000] {spark_submit.py:645} INFO - 25/04/03 22:11:08 INFO BlockManagerInfo: Removed broadcast_0_piece0 on 172.18.0.5:37477 in memory (size: 38.2 KiB, free: 127.2 MiB)
[2025-04-03T22:11:08.333+0000] {spark_submit.py:645} INFO - 25/04/03 22:11:08 INFO BlockManagerInfo: Removed broadcast_0_piece0 on 368b3be21c0d:42023 in memory (size: 38.2 KiB, free: 434.4 MiB)
[2025-04-03T22:11:10.899+0000] {spark_submit.py:645} INFO - 25/04/03 22:11:10 INFO InMemoryFileIndex: It took 29 ms to list leaf files for 1 paths.
[2025-04-03T22:11:10.966+0000] {spark_submit.py:645} INFO - 25/04/03 22:11:10 INFO SparkContext: Starting job: parquet at NativeMethodAccessorImpl.java:0
[2025-04-03T22:11:10.969+0000] {spark_submit.py:645} INFO - 25/04/03 22:11:10 INFO DAGScheduler: Got job 1 (parquet at NativeMethodAccessorImpl.java:0) with 1 output partitions
[2025-04-03T22:11:10.969+0000] {spark_submit.py:645} INFO - 25/04/03 22:11:10 INFO DAGScheduler: Final stage: ResultStage 1 (parquet at NativeMethodAccessorImpl.java:0)
[2025-04-03T22:11:10.971+0000] {spark_submit.py:645} INFO - 25/04/03 22:11:10 INFO DAGScheduler: Parents of final stage: List()
[2025-04-03T22:11:10.972+0000] {spark_submit.py:645} INFO - 25/04/03 22:11:10 INFO DAGScheduler: Missing parents: List()
[2025-04-03T22:11:10.972+0000] {spark_submit.py:645} INFO - 25/04/03 22:11:10 INFO DAGScheduler: Submitting ResultStage 1 (MapPartitionsRDD[3] at parquet at NativeMethodAccessorImpl.java:0), which has no missing parents
[2025-04-03T22:11:10.996+0000] {spark_submit.py:645} INFO - 25/04/03 22:11:10 INFO MemoryStore: Block broadcast_1 stored as values in memory (estimated size 105.2 KiB, free 434.3 MiB)
[2025-04-03T22:11:11.002+0000] {spark_submit.py:645} INFO - 25/04/03 22:11:11 INFO MemoryStore: Block broadcast_1_piece0 stored as bytes in memory (estimated size 38.2 KiB, free 434.3 MiB)
[2025-04-03T22:11:11.003+0000] {spark_submit.py:645} INFO - 25/04/03 22:11:11 INFO BlockManagerInfo: Added broadcast_1_piece0 in memory on 368b3be21c0d:42023 (size: 38.2 KiB, free: 434.4 MiB)
[2025-04-03T22:11:11.009+0000] {spark_submit.py:645} INFO - 25/04/03 22:11:11 INFO SparkContext: Created broadcast 1 from broadcast at DAGScheduler.scala:1585
[2025-04-03T22:11:11.012+0000] {spark_submit.py:645} INFO - 25/04/03 22:11:11 INFO DAGScheduler: Submitting 1 missing tasks from ResultStage 1 (MapPartitionsRDD[3] at parquet at NativeMethodAccessorImpl.java:0) (first 15 tasks are for partitions Vector(0))
[2025-04-03T22:11:11.014+0000] {spark_submit.py:645} INFO - 25/04/03 22:11:11 INFO TaskSchedulerImpl: Adding task set 1.0 with 1 tasks resource profile 0
[2025-04-03T22:11:11.018+0000] {spark_submit.py:645} INFO - 25/04/03 22:11:11 INFO TaskSetManager: Starting task 0.0 in stage 1.0 (TID 1) (172.18.0.5, executor 3, partition 0, PROCESS_LOCAL, 9445 bytes)
[2025-04-03T22:11:11.259+0000] {spark_submit.py:645} INFO - 25/04/03 22:11:11 INFO BlockManagerInfo: Added broadcast_1_piece0 in memory on 172.18.0.5:35253 (size: 38.2 KiB, free: 127.2 MiB)
[2025-04-03T22:11:13.613+0000] {spark_submit.py:645} INFO - 25/04/03 22:11:13 INFO TaskSetManager: Finished task 0.0 in stage 1.0 (TID 1) in 2595 ms on 172.18.0.5 (executor 3) (1/1)
[2025-04-03T22:11:13.613+0000] {spark_submit.py:645} INFO - 25/04/03 22:11:13 INFO TaskSchedulerImpl: Removed TaskSet 1.0, whose tasks have all completed, from pool
[2025-04-03T22:11:13.614+0000] {spark_submit.py:645} INFO - 25/04/03 22:11:13 INFO DAGScheduler: ResultStage 1 (parquet at NativeMethodAccessorImpl.java:0) finished in 2.644 s
[2025-04-03T22:11:13.615+0000] {spark_submit.py:645} INFO - 25/04/03 22:11:13 INFO DAGScheduler: Job 1 is finished. Cancelling potential speculative or zombie tasks for this job
[2025-04-03T22:11:13.617+0000] {spark_submit.py:645} INFO - 25/04/03 22:11:13 INFO TaskSchedulerImpl: Killing all running tasks in stage 1: Stage finished
[2025-04-03T22:11:13.621+0000] {spark_submit.py:645} INFO - 25/04/03 22:11:13 INFO DAGScheduler: Job 1 finished: parquet at NativeMethodAccessorImpl.java:0, took 2.650447 s
[2025-04-03T22:11:13.787+0000] {spark_submit.py:645} INFO - 25/04/03 22:11:13 INFO InMemoryFileIndex: It took 26 ms to list leaf files for 1 paths.
[2025-04-03T22:11:13.827+0000] {spark_submit.py:645} INFO - 25/04/03 22:11:13 INFO SparkContext: Starting job: parquet at NativeMethodAccessorImpl.java:0
[2025-04-03T22:11:13.829+0000] {spark_submit.py:645} INFO - 25/04/03 22:11:13 INFO DAGScheduler: Got job 2 (parquet at NativeMethodAccessorImpl.java:0) with 1 output partitions
[2025-04-03T22:11:13.829+0000] {spark_submit.py:645} INFO - 25/04/03 22:11:13 INFO DAGScheduler: Final stage: ResultStage 2 (parquet at NativeMethodAccessorImpl.java:0)
[2025-04-03T22:11:13.830+0000] {spark_submit.py:645} INFO - 25/04/03 22:11:13 INFO DAGScheduler: Parents of final stage: List()
[2025-04-03T22:11:13.830+0000] {spark_submit.py:645} INFO - 25/04/03 22:11:13 INFO DAGScheduler: Missing parents: List()
[2025-04-03T22:11:13.831+0000] {spark_submit.py:645} INFO - 25/04/03 22:11:13 INFO DAGScheduler: Submitting ResultStage 2 (MapPartitionsRDD[5] at parquet at NativeMethodAccessorImpl.java:0), which has no missing parents
[2025-04-03T22:11:13.847+0000] {spark_submit.py:645} INFO - 25/04/03 22:11:13 INFO MemoryStore: Block broadcast_2 stored as values in memory (estimated size 105.2 KiB, free 434.2 MiB)
[2025-04-03T22:11:13.862+0000] {spark_submit.py:645} INFO - 25/04/03 22:11:13 INFO MemoryStore: Block broadcast_2_piece0 stored as bytes in memory (estimated size 38.2 KiB, free 434.1 MiB)
[2025-04-03T22:11:13.879+0000] {spark_submit.py:645} INFO - 25/04/03 22:11:13 INFO BlockManagerInfo: Added broadcast_2_piece0 in memory on 368b3be21c0d:42023 (size: 38.2 KiB, free: 434.3 MiB)
[2025-04-03T22:11:13.883+0000] {spark_submit.py:645} INFO - 25/04/03 22:11:13 INFO SparkContext: Created broadcast 2 from broadcast at DAGScheduler.scala:1585
[2025-04-03T22:11:13.883+0000] {spark_submit.py:645} INFO - 25/04/03 22:11:13 INFO DAGScheduler: Submitting 1 missing tasks from ResultStage 2 (MapPartitionsRDD[5] at parquet at NativeMethodAccessorImpl.java:0) (first 15 tasks are for partitions Vector(0))
[2025-04-03T22:11:13.884+0000] {spark_submit.py:645} INFO - 25/04/03 22:11:13 INFO TaskSchedulerImpl: Adding task set 2.0 with 1 tasks resource profile 0
[2025-04-03T22:11:13.888+0000] {spark_submit.py:645} INFO - 25/04/03 22:11:13 INFO TaskSetManager: Starting task 0.0 in stage 2.0 (TID 2) (172.18.0.4, executor 1, partition 0, PROCESS_LOCAL, 9444 bytes)
[2025-04-03T22:11:13.900+0000] {spark_submit.py:645} INFO - 25/04/03 22:11:13 INFO BlockManagerInfo: Removed broadcast_1_piece0 on 172.18.0.5:35253 in memory (size: 38.2 KiB, free: 127.2 MiB)
[2025-04-03T22:11:13.902+0000] {spark_submit.py:645} INFO - 25/04/03 22:11:13 INFO BlockManagerInfo: Removed broadcast_1_piece0 on 368b3be21c0d:42023 in memory (size: 38.2 KiB, free: 434.4 MiB)
[2025-04-03T22:11:14.197+0000] {spark_submit.py:645} INFO - 25/04/03 22:11:14 INFO BlockManagerInfo: Added broadcast_2_piece0 in memory on 172.18.0.4:45961 (size: 38.2 KiB, free: 127.2 MiB)
[2025-04-03T22:11:16.230+0000] {spark_submit.py:645} INFO - 25/04/03 22:11:16 INFO TaskSetManager: Finished task 0.0 in stage 2.0 (TID 2) in 2345 ms on 172.18.0.4 (executor 1) (1/1)
[2025-04-03T22:11:16.230+0000] {spark_submit.py:645} INFO - 25/04/03 22:11:16 INFO TaskSchedulerImpl: Removed TaskSet 2.0, whose tasks have all completed, from pool
[2025-04-03T22:11:16.232+0000] {spark_submit.py:645} INFO - 25/04/03 22:11:16 INFO DAGScheduler: ResultStage 2 (parquet at NativeMethodAccessorImpl.java:0) finished in 2.399 s
[2025-04-03T22:11:16.237+0000] {spark_submit.py:645} INFO - 25/04/03 22:11:16 INFO DAGScheduler: Job 2 is finished. Cancelling potential speculative or zombie tasks for this job
[2025-04-03T22:11:16.240+0000] {spark_submit.py:645} INFO - 25/04/03 22:11:16 INFO TaskSchedulerImpl: Killing all running tasks in stage 2: Stage finished
[2025-04-03T22:11:16.241+0000] {spark_submit.py:645} INFO - 25/04/03 22:11:16 INFO DAGScheduler: Job 2 finished: parquet at NativeMethodAccessorImpl.java:0, took 2.404668 s
[2025-04-03T22:11:16.264+0000] {spark_submit.py:645} INFO - 2025-04-03 22:11:16,264 - INFO - Arquivos Parquet lidos com sucesso!
[2025-04-03T22:11:20.885+0000] {spark_submit.py:645} INFO - 2025-04-03 22:11:20,880 - ERROR - Erro durante o processo de ingestão: An error occurred while calling o49.jdbc.
[2025-04-03T22:11:20.885+0000] {spark_submit.py:645} INFO - : java.lang.ClassNotFoundException: org.postgresql.Driver
[2025-04-03T22:11:20.886+0000] {spark_submit.py:645} INFO - at java.base/java.net.URLClassLoader.findClass(URLClassLoader.java:445)
[2025-04-03T22:11:20.886+0000] {spark_submit.py:645} INFO - at java.base/java.lang.ClassLoader.loadClass(ClassLoader.java:592)
[2025-04-03T22:11:20.886+0000] {spark_submit.py:645} INFO - at java.base/java.lang.ClassLoader.loadClass(ClassLoader.java:525)
[2025-04-03T22:11:20.887+0000] {spark_submit.py:645} INFO - at org.apache.spark.sql.execution.datasources.jdbc.DriverRegistry$.register(DriverRegistry.scala:46)
[2025-04-03T22:11:20.887+0000] {spark_submit.py:645} INFO - at org.apache.spark.sql.execution.datasources.jdbc.JDBCOptions.$anonfun$driverClass$1(JDBCOptions.scala:103)
[2025-04-03T22:11:20.888+0000] {spark_submit.py:645} INFO - at org.apache.spark.sql.execution.datasources.jdbc.JDBCOptions.$anonfun$driverClass$1$adapted(JDBCOptions.scala:103)
[2025-04-03T22:11:20.888+0000] {spark_submit.py:645} INFO - at scala.Option.foreach(Option.scala:407)
[2025-04-03T22:11:20.888+0000] {spark_submit.py:645} INFO - at org.apache.spark.sql.execution.datasources.jdbc.JDBCOptions.<init>(JDBCOptions.scala:103)
[2025-04-03T22:11:20.889+0000] {spark_submit.py:645} INFO - at org.apache.spark.sql.execution.datasources.jdbc.JdbcOptionsInWrite.<init>(JDBCOptions.scala:254)
[2025-04-03T22:11:20.889+0000] {spark_submit.py:645} INFO - at org.apache.spark.sql.execution.datasources.jdbc.JdbcOptionsInWrite.<init>(JDBCOptions.scala:258)
[2025-04-03T22:11:20.889+0000] {spark_submit.py:645} INFO - at org.apache.spark.sql.execution.datasources.jdbc.JdbcRelationProvider.createRelation(JdbcRelationProvider.scala:47)
[2025-04-03T22:11:20.890+0000] {spark_submit.py:645} INFO - at org.apache.spark.sql.execution.datasources.SaveIntoDataSourceCommand.run(SaveIntoDataSourceCommand.scala:48)
[2025-04-03T22:11:20.890+0000] {spark_submit.py:645} INFO - at org.apache.spark.sql.execution.command.ExecutedCommandExec.sideEffectResult$lzycompute(commands.scala:75)
[2025-04-03T22:11:20.890+0000] {spark_submit.py:645} INFO - at org.apache.spark.sql.execution.command.ExecutedCommandExec.sideEffectResult(commands.scala:73)
[2025-04-03T22:11:20.891+0000] {spark_submit.py:645} INFO - at org.apache.spark.sql.execution.command.ExecutedCommandExec.executeCollect(commands.scala:84)
[2025-04-03T22:11:20.891+0000] {spark_submit.py:645} INFO - at org.apache.spark.sql.execution.QueryExecution$$anonfun$eagerlyExecuteCommands$1.$anonfun$applyOrElse$1(QueryExecution.scala:107)
[2025-04-03T22:11:20.892+0000] {spark_submit.py:645} INFO - at org.apache.spark.sql.execution.SQLExecution$.$anonfun$withNewExecutionId$6(SQLExecution.scala:125)
[2025-04-03T22:11:20.892+0000] {spark_submit.py:645} INFO - at org.apache.spark.sql.execution.SQLExecution$.withSQLConfPropagated(SQLExecution.scala:201)
[2025-04-03T22:11:20.892+0000] {spark_submit.py:645} INFO - at org.apache.spark.sql.execution.SQLExecution$.$anonfun$withNewExecutionId$1(SQLExecution.scala:108)
[2025-04-03T22:11:20.893+0000] {spark_submit.py:645} INFO - at org.apache.spark.sql.SparkSession.withActive(SparkSession.scala:900)
[2025-04-03T22:11:20.893+0000] {spark_submit.py:645} INFO - at org.apache.spark.sql.execution.SQLExecution$.withNewExecutionId(SQLExecution.scala:66)
[2025-04-03T22:11:20.893+0000] {spark_submit.py:645} INFO - at org.apache.spark.sql.execution.QueryExecution$$anonfun$eagerlyExecuteCommands$1.applyOrElse(QueryExecution.scala:107)
[2025-04-03T22:11:20.894+0000] {spark_submit.py:645} INFO - at org.apache.spark.sql.execution.QueryExecution$$anonfun$eagerlyExecuteCommands$1.applyOrElse(QueryExecution.scala:98)
[2025-04-03T22:11:20.894+0000] {spark_submit.py:645} INFO - at org.apache.spark.sql.catalyst.trees.TreeNode.$anonfun$transformDownWithPruning$1(TreeNode.scala:461)
[2025-04-03T22:11:20.894+0000] {spark_submit.py:645} INFO - at org.apache.spark.sql.catalyst.trees.CurrentOrigin$.withOrigin(origin.scala:76)
[2025-04-03T22:11:20.894+0000] {spark_submit.py:645} INFO - at org.apache.spark.sql.catalyst.trees.TreeNode.transformDownWithPruning(TreeNode.scala:461)
[2025-04-03T22:11:20.895+0000] {spark_submit.py:645} INFO - at org.apache.spark.sql.catalyst.plans.logical.LogicalPlan.org$apache$spark$sql$catalyst$plans$logical$AnalysisHelper$$super$transformDownWithPruning(LogicalPlan.scala:32)
[2025-04-03T22:11:20.895+0000] {spark_submit.py:645} INFO - at org.apache.spark.sql.catalyst.plans.logical.AnalysisHelper.transformDownWithPruning(AnalysisHelper.scala:267)
[2025-04-03T22:11:20.896+0000] {spark_submit.py:645} INFO - at org.apache.spark.sql.catalyst.plans.logical.AnalysisHelper.transformDownWithPruning$(AnalysisHelper.scala:263)
[2025-04-03T22:11:20.896+0000] {spark_submit.py:645} INFO - at org.apache.spark.sql.catalyst.plans.logical.LogicalPlan.transformDownWithPruning(LogicalPlan.scala:32)
[2025-04-03T22:11:20.896+0000] {spark_submit.py:645} INFO - at org.apache.spark.sql.catalyst.plans.logical.LogicalPlan.transformDownWithPruning(LogicalPlan.scala:32)
[2025-04-03T22:11:20.897+0000] {spark_submit.py:645} INFO - at org.apache.spark.sql.catalyst.trees.TreeNode.transformDown(TreeNode.scala:437)
[2025-04-03T22:11:20.897+0000] {spark_submit.py:645} INFO - at org.apache.spark.sql.execution.QueryExecution.eagerlyExecuteCommands(QueryExecution.scala:98)
[2025-04-03T22:11:20.897+0000] {spark_submit.py:645} INFO - at org.apache.spark.sql.execution.QueryExecution.commandExecuted$lzycompute(QueryExecution.scala:85)
[2025-04-03T22:11:20.897+0000] {spark_submit.py:645} INFO - at org.apache.spark.sql.execution.QueryExecution.commandExecuted(QueryExecution.scala:83)
[2025-04-03T22:11:20.898+0000] {spark_submit.py:645} INFO - at org.apache.spark.sql.execution.QueryExecution.assertCommandExecuted(QueryExecution.scala:142)
[2025-04-03T22:11:20.898+0000] {spark_submit.py:645} INFO - at org.apache.spark.sql.DataFrameWriter.runCommand(DataFrameWriter.scala:869)
[2025-04-03T22:11:20.898+0000] {spark_submit.py:645} INFO - at org.apache.spark.sql.DataFrameWriter.saveToV1Source(DataFrameWriter.scala:391)
[2025-04-03T22:11:20.899+0000] {spark_submit.py:645} INFO - at org.apache.spark.sql.DataFrameWriter.saveInternal(DataFrameWriter.scala:364)
[2025-04-03T22:11:20.899+0000] {spark_submit.py:645} INFO - at org.apache.spark.sql.DataFrameWriter.save(DataFrameWriter.scala:251)
[2025-04-03T22:11:20.899+0000] {spark_submit.py:645} INFO - at org.apache.spark.sql.DataFrameWriter.jdbc(DataFrameWriter.scala:766)
[2025-04-03T22:11:20.900+0000] {spark_submit.py:645} INFO - at java.base/jdk.internal.reflect.NativeMethodAccessorImpl.invoke0(Native Method)
[2025-04-03T22:11:20.900+0000] {spark_submit.py:645} INFO - at java.base/jdk.internal.reflect.NativeMethodAccessorImpl.invoke(NativeMethodAccessorImpl.java:77)
[2025-04-03T22:11:20.900+0000] {spark_submit.py:645} INFO - at java.base/jdk.internal.reflect.DelegatingMethodAccessorImpl.invoke(DelegatingMethodAccessorImpl.java:43)
[2025-04-03T22:11:20.900+0000] {spark_submit.py:645} INFO - at java.base/java.lang.reflect.Method.invoke(Method.java:569)
[2025-04-03T22:11:20.901+0000] {spark_submit.py:645} INFO - at py4j.reflection.MethodInvoker.invoke(MethodInvoker.java:244)
[2025-04-03T22:11:20.901+0000] {spark_submit.py:645} INFO - at py4j.reflection.ReflectionEngine.invoke(ReflectionEngine.java:374)
[2025-04-03T22:11:20.901+0000] {spark_submit.py:645} INFO - at py4j.Gateway.invoke(Gateway.java:282)
[2025-04-03T22:11:20.902+0000] {spark_submit.py:645} INFO - at py4j.commands.AbstractCommand.invokeMethod(AbstractCommand.java:132)
[2025-04-03T22:11:20.902+0000] {spark_submit.py:645} INFO - at py4j.commands.CallCommand.execute(CallCommand.java:79)
[2025-04-03T22:11:20.902+0000] {spark_submit.py:645} INFO - at py4j.ClientServerConnection.waitForCommands(ClientServerConnection.java:182)
[2025-04-03T22:11:20.903+0000] {spark_submit.py:645} INFO - at py4j.ClientServerConnection.run(ClientServerConnection.java:106)
[2025-04-03T22:11:20.903+0000] {spark_submit.py:645} INFO - at java.base/java.lang.Thread.run(Thread.java:840)
[2025-04-03T22:11:20.903+0000] {spark_submit.py:645} INFO - Traceback (most recent call last):
[2025-04-03T22:11:20.904+0000] {spark_submit.py:645} INFO - File "/opt/spark_job/minio_to_postgres.py", line 31, in minio_postgres
[2025-04-03T22:11:20.904+0000] {spark_submit.py:645} INFO - artists_df.write.jdbc(url=postgres_url, table="spotify.artist", mode="append", properties=postgres_properties)
[2025-04-03T22:11:20.904+0000] {spark_submit.py:645} INFO - File "/home/***/.local/lib/python3.11/site-packages/pyspark/python/lib/pyspark.zip/pyspark/sql/readwriter.py", line 1984, in jdbc
[2025-04-03T22:11:20.905+0000] {spark_submit.py:645} INFO - self.mode(mode)._jwrite.jdbc(url, table, jprop)
[2025-04-03T22:11:20.905+0000] {spark_submit.py:645} INFO - File "/home/***/.local/lib/python3.11/site-packages/pyspark/python/lib/py4j-0.10.9.7-src.zip/py4j/java_gateway.py", line 1322, in __call__
[2025-04-03T22:11:20.905+0000] {spark_submit.py:645} INFO - return_value = get_return_value(
[2025-04-03T22:11:20.906+0000] {spark_submit.py:645} INFO - ^^^^^^^^^^^^^^^^^
[2025-04-03T22:11:20.906+0000] {spark_submit.py:645} INFO - File "/home/***/.local/lib/python3.11/site-packages/pyspark/python/lib/pyspark.zip/pyspark/errors/exceptions/captured.py", line 179, in deco
[2025-04-03T22:11:20.906+0000] {spark_submit.py:645} INFO - return f(*a, **kw)
[2025-04-03T22:11:20.907+0000] {spark_submit.py:645} INFO - ^^^^^^^^^^^
[2025-04-03T22:11:20.907+0000] {spark_submit.py:645} INFO - File "/home/***/.local/lib/python3.11/site-packages/pyspark/python/lib/py4j-0.10.9.7-src.zip/py4j/protocol.py", line 326, in get_return_value
[2025-04-03T22:11:20.908+0000] {spark_submit.py:645} INFO - raise Py4JJavaError(
[2025-04-03T22:11:20.908+0000] {spark_submit.py:645} INFO - py4j.protocol.Py4JJavaError: An error occurred while calling o49.jdbc.
[2025-04-03T22:11:20.909+0000] {spark_submit.py:645} INFO - : java.lang.ClassNotFoundException: org.postgresql.Driver
[2025-04-03T22:11:20.909+0000] {spark_submit.py:645} INFO - at java.base/java.net.URLClassLoader.findClass(URLClassLoader.java:445)
[2025-04-03T22:11:20.909+0000] {spark_submit.py:645} INFO - at java.base/java.lang.ClassLoader.loadClass(ClassLoader.java:592)
[2025-04-03T22:11:20.910+0000] {spark_submit.py:645} INFO - at java.base/java.lang.ClassLoader.loadClass(ClassLoader.java:525)
[2025-04-03T22:11:20.910+0000] {spark_submit.py:645} INFO - at org.apache.spark.sql.execution.datasources.jdbc.DriverRegistry$.register(DriverRegistry.scala:46)
[2025-04-03T22:11:20.910+0000] {spark_submit.py:645} INFO - at org.apache.spark.sql.execution.datasources.jdbc.JDBCOptions.$anonfun$driverClass$1(JDBCOptions.scala:103)
[2025-04-03T22:11:20.910+0000] {spark_submit.py:645} INFO - at org.apache.spark.sql.execution.datasources.jdbc.JDBCOptions.$anonfun$driverClass$1$adapted(JDBCOptions.scala:103)
[2025-04-03T22:11:20.911+0000] {spark_submit.py:645} INFO - at scala.Option.foreach(Option.scala:407)
[2025-04-03T22:11:20.911+0000] {spark_submit.py:645} INFO - at org.apache.spark.sql.execution.datasources.jdbc.JDBCOptions.<init>(JDBCOptions.scala:103)
[2025-04-03T22:11:20.911+0000] {spark_submit.py:645} INFO - at org.apache.spark.sql.execution.datasources.jdbc.JdbcOptionsInWrite.<init>(JDBCOptions.scala:254)
[2025-04-03T22:11:20.912+0000] {spark_submit.py:645} INFO - at org.apache.spark.sql.execution.datasources.jdbc.JdbcOptionsInWrite.<init>(JDBCOptions.scala:258)
[2025-04-03T22:11:20.912+0000] {spark_submit.py:645} INFO - at org.apache.spark.sql.execution.datasources.jdbc.JdbcRelationProvider.createRelation(JdbcRelationProvider.scala:47)
[2025-04-03T22:11:20.912+0000] {spark_submit.py:645} INFO - at org.apache.spark.sql.execution.datasources.SaveIntoDataSourceCommand.run(SaveIntoDataSourceCommand.scala:48)
[2025-04-03T22:11:20.913+0000] {spark_submit.py:645} INFO - at org.apache.spark.sql.execution.command.ExecutedCommandExec.sideEffectResult$lzycompute(commands.scala:75)
[2025-04-03T22:11:20.913+0000] {spark_submit.py:645} INFO - at org.apache.spark.sql.execution.command.ExecutedCommandExec.sideEffectResult(commands.scala:73)
[2025-04-03T22:11:20.913+0000] {spark_submit.py:645} INFO - at org.apache.spark.sql.execution.command.ExecutedCommandExec.executeCollect(commands.scala:84)
[2025-04-03T22:11:20.914+0000] {spark_submit.py:645} INFO - at org.apache.spark.sql.execution.QueryExecution$$anonfun$eagerlyExecuteCommands$1.$anonfun$applyOrElse$1(QueryExecution.scala:107)
[2025-04-03T22:11:20.914+0000] {spark_submit.py:645} INFO - at org.apache.spark.sql.execution.SQLExecution$.$anonfun$withNewExecutionId$6(SQLExecution.scala:125)
[2025-04-03T22:11:20.914+0000] {spark_submit.py:645} INFO - at org.apache.spark.sql.execution.SQLExecution$.withSQLConfPropagated(SQLExecution.scala:201)
[2025-04-03T22:11:20.914+0000] {spark_submit.py:645} INFO - at org.apache.spark.sql.execution.SQLExecution$.$anonfun$withNewExecutionId$1(SQLExecution.scala:108)
[2025-04-03T22:11:20.915+0000] {spark_submit.py:645} INFO - at org.apache.spark.sql.SparkSession.withActive(SparkSession.scala:900)
[2025-04-03T22:11:20.915+0000] {spark_submit.py:645} INFO - at org.apache.spark.sql.execution.SQLExecution$.withNewExecutionId(SQLExecution.scala:66)
[2025-04-03T22:11:20.915+0000] {spark_submit.py:645} INFO - at org.apache.spark.sql.execution.QueryExecution$$anonfun$eagerlyExecuteCommands$1.applyOrElse(QueryExecution.scala:107)
[2025-04-03T22:11:20.916+0000] {spark_submit.py:645} INFO - at org.apache.spark.sql.execution.QueryExecution$$anonfun$eagerlyExecuteCommands$1.applyOrElse(QueryExecution.scala:98)
[2025-04-03T22:11:20.916+0000] {spark_submit.py:645} INFO - at org.apache.spark.sql.catalyst.trees.TreeNode.$anonfun$transformDownWithPruning$1(TreeNode.scala:461)
[2025-04-03T22:11:20.916+0000] {spark_submit.py:645} INFO - at org.apache.spark.sql.catalyst.trees.CurrentOrigin$.withOrigin(origin.scala:76)
[2025-04-03T22:11:20.917+0000] {spark_submit.py:645} INFO - at org.apache.spark.sql.catalyst.trees.TreeNode.transformDownWithPruning(TreeNode.scala:461)
[2025-04-03T22:11:20.917+0000] {spark_submit.py:645} INFO - at org.apache.spark.sql.catalyst.plans.logical.LogicalPlan.org$apache$spark$sql$catalyst$plans$logical$AnalysisHelper$$super$transformDownWithPruning(LogicalPlan.scala:32)
[2025-04-03T22:11:20.917+0000] {spark_submit.py:645} INFO - at org.apache.spark.sql.catalyst.plans.logical.AnalysisHelper.transformDownWithPruning(AnalysisHelper.scala:267)
[2025-04-03T22:11:20.918+0000] {spark_submit.py:645} INFO - at org.apache.spark.sql.catalyst.plans.logical.AnalysisHelper.transformDownWithPruning$(AnalysisHelper.scala:263)
[2025-04-03T22:11:20.918+0000] {spark_submit.py:645} INFO - at org.apache.spark.sql.catalyst.plans.logical.LogicalPlan.transformDownWithPruning(LogicalPlan.scala:32)
[2025-04-03T22:11:20.918+0000] {spark_submit.py:645} INFO - at org.apache.spark.sql.catalyst.plans.logical.LogicalPlan.transformDownWithPruning(LogicalPlan.scala:32)
[2025-04-03T22:11:20.919+0000] {spark_submit.py:645} INFO - at org.apache.spark.sql.catalyst.trees.TreeNode.transformDown(TreeNode.scala:437)
[2025-04-03T22:11:20.919+0000] {spark_submit.py:645} INFO - at org.apache.spark.sql.execution.QueryExecution.eagerlyExecuteCommands(QueryExecution.scala:98)
[2025-04-03T22:11:20.919+0000] {spark_submit.py:645} INFO - at org.apache.spark.sql.execution.QueryExecution.commandExecuted$lzycompute(QueryExecution.scala:85)
[2025-04-03T22:11:20.920+0000] {spark_submit.py:645} INFO - at org.apache.spark.sql.execution.QueryExecution.commandExecuted(QueryExecution.scala:83)
[2025-04-03T22:11:20.920+0000] {spark_submit.py:645} INFO - at org.apache.spark.sql.execution.QueryExecution.assertCommandExecuted(QueryExecution.scala:142)
[2025-04-03T22:11:20.920+0000] {spark_submit.py:645} INFO - at org.apache.spark.sql.DataFrameWriter.runCommand(DataFrameWriter.scala:869)
[2025-04-03T22:11:20.921+0000] {spark_submit.py:645} INFO - at org.apache.spark.sql.DataFrameWriter.saveToV1Source(DataFrameWriter.scala:391)
[2025-04-03T22:11:20.921+0000] {spark_submit.py:645} INFO - at org.apache.spark.sql.DataFrameWriter.saveInternal(DataFrameWriter.scala:364)
[2025-04-03T22:11:20.921+0000] {spark_submit.py:645} INFO - at org.apache.spark.sql.DataFrameWriter.save(DataFrameWriter.scala:251)
[2025-04-03T22:11:20.922+0000] {spark_submit.py:645} INFO - at org.apache.spark.sql.DataFrameWriter.jdbc(DataFrameWriter.scala:766)
[2025-04-03T22:11:20.922+0000] {spark_submit.py:645} INFO - at java.base/jdk.internal.reflect.NativeMethodAccessorImpl.invoke0(Native Method)
[2025-04-03T22:11:20.922+0000] {spark_submit.py:645} INFO - at java.base/jdk.internal.reflect.NativeMethodAccessorImpl.invoke(NativeMethodAccessorImpl.java:77)
[2025-04-03T22:11:20.922+0000] {spark_submit.py:645} INFO - at java.base/jdk.internal.reflect.DelegatingMethodAccessorImpl.invoke(DelegatingMethodAccessorImpl.java:43)
[2025-04-03T22:11:20.923+0000] {spark_submit.py:645} INFO - at java.base/java.lang.reflect.Method.invoke(Method.java:569)
[2025-04-03T22:11:20.923+0000] {spark_submit.py:645} INFO - at py4j.reflection.MethodInvoker.invoke(MethodInvoker.java:244)
[2025-04-03T22:11:20.924+0000] {spark_submit.py:645} INFO - at py4j.reflection.ReflectionEngine.invoke(ReflectionEngine.java:374)
[2025-04-03T22:11:20.924+0000] {spark_submit.py:645} INFO - at py4j.Gateway.invoke(Gateway.java:282)
[2025-04-03T22:11:20.924+0000] {spark_submit.py:645} INFO - at py4j.commands.AbstractCommand.invokeMethod(AbstractCommand.java:132)
[2025-04-03T22:11:20.925+0000] {spark_submit.py:645} INFO - at py4j.commands.CallCommand.execute(CallCommand.java:79)
[2025-04-03T22:11:20.925+0000] {spark_submit.py:645} INFO - at py4j.ClientServerConnection.waitForCommands(ClientServerConnection.java:182)
[2025-04-03T22:11:20.925+0000] {spark_submit.py:645} INFO - at py4j.ClientServerConnection.run(ClientServerConnection.java:106)
[2025-04-03T22:11:20.926+0000] {spark_submit.py:645} INFO - at java.base/java.lang.Thread.run(Thread.java:840)
[2025-04-03T22:11:20.926+0000] {spark_submit.py:645} INFO - 
[2025-04-03T22:11:20.926+0000] {spark_submit.py:645} INFO - 25/04/03 22:11:20 INFO SparkContext: SparkContext is stopping with exitCode 0.
[2025-04-03T22:11:21.187+0000] {spark_submit.py:645} INFO - 25/04/03 22:11:21 INFO SparkUI: Stopped Spark web UI at http://368b3be21c0d:4040
[2025-04-03T22:11:21.192+0000] {spark_submit.py:645} INFO - 25/04/03 22:11:21 INFO StandaloneSchedulerBackend: Shutting down all executors
[2025-04-03T22:11:21.193+0000] {spark_submit.py:645} INFO - 25/04/03 22:11:21 INFO StandaloneSchedulerBackend$StandaloneDriverEndpoint: Asking each executor to shut down
[2025-04-03T22:11:21.322+0000] {spark_submit.py:645} INFO - 25/04/03 22:11:21 INFO MapOutputTrackerMasterEndpoint: MapOutputTrackerMasterEndpoint stopped!
[2025-04-03T22:11:21.912+0000] {spark_submit.py:645} INFO - 25/04/03 22:11:21 INFO MemoryStore: MemoryStore cleared
[2025-04-03T22:11:21.929+0000] {spark_submit.py:645} INFO - 25/04/03 22:11:21 INFO BlockManager: BlockManager stopped
[2025-04-03T22:11:21.992+0000] {spark_submit.py:645} INFO - 25/04/03 22:11:21 INFO BlockManagerMaster: BlockManagerMaster stopped
[2025-04-03T22:11:21.992+0000] {spark_submit.py:645} INFO - 25/04/03 22:11:21 INFO OutputCommitCoordinator$OutputCommitCoordinatorEndpoint: OutputCommitCoordinator stopped!
[2025-04-03T22:11:22.273+0000] {spark_submit.py:645} INFO - 25/04/03 22:11:22 INFO SparkContext: Successfully stopped SparkContext
[2025-04-03T22:11:22.284+0000] {spark_submit.py:645} INFO - 2025-04-03 22:11:22,284 - INFO - Closing down clientserver connection
[2025-04-03T22:11:22.613+0000] {spark_submit.py:645} INFO - 25/04/03 22:11:22 INFO ShutdownHookManager: Shutdown hook called
[2025-04-03T22:11:22.616+0000] {spark_submit.py:645} INFO - 25/04/03 22:11:22 INFO ShutdownHookManager: Deleting directory /tmp/spark-963ecbb0-7cd0-466a-a031-a442ebc2935d/pyspark-524a65d5-5048-40b6-86de-f8d5544c3332
[2025-04-03T22:11:22.644+0000] {spark_submit.py:645} INFO - 25/04/03 22:11:22 INFO ShutdownHookManager: Deleting directory /tmp/spark-963ecbb0-7cd0-466a-a031-a442ebc2935d
[2025-04-03T22:11:22.701+0000] {spark_submit.py:645} INFO - 25/04/03 22:11:22 INFO ShutdownHookManager: Deleting directory /tmp/spark-a663ce6e-b05d-43ce-9b31-1555df6aedb2
[2025-04-03T22:11:22.741+0000] {spark_submit.py:645} INFO - 25/04/03 22:11:22 INFO MetricsSystemImpl: Stopping s3a-file-system metrics system...
[2025-04-03T22:11:22.743+0000] {spark_submit.py:645} INFO - 25/04/03 22:11:22 INFO MetricsSystemImpl: s3a-file-system metrics system stopped.
[2025-04-03T22:11:22.744+0000] {spark_submit.py:645} INFO - 25/04/03 22:11:22 INFO MetricsSystemImpl: s3a-file-system metrics system shutdown complete.
[2025-04-03T22:11:22.802+0000] {taskinstance.py:441} INFO - ::group::Post task execution logs
[2025-04-03T22:11:22.843+0000] {taskinstance.py:1206} INFO - Marking task as SUCCESS. dag_id=etl_pipeline, task_id=minio_to_postgres_task, run_id=manual__2025-03-26T13:33:39.761724+00:00, execution_date=20250326T133339, start_date=20250403T220921, end_date=20250403T221122
[2025-04-03T22:11:23.962+0000] {local_task_job_runner.py:240} INFO - Task exited with return code 0
[2025-04-03T22:11:24.282+0000] {local_task_job_runner.py:222} INFO - ::endgroup::
