[2025-04-03T22:23:50.127+0000] {local_task_job_runner.py:120} INFO - ::group::Pre task execution logs
[2025-04-03T22:23:50.164+0000] {taskinstance.py:2076} INFO - Dependencies all met for dep_context=non-requeueable deps ti=<TaskInstance: etl_pipeline.minio_to_postgres_task manual__2025-03-26T13:33:39.761724+00:00 [queued]>
[2025-04-03T22:23:50.173+0000] {taskinstance.py:2076} INFO - Dependencies all met for dep_context=requeueable deps ti=<TaskInstance: etl_pipeline.minio_to_postgres_task manual__2025-03-26T13:33:39.761724+00:00 [queued]>
[2025-04-03T22:23:50.173+0000] {taskinstance.py:2306} INFO - Starting attempt 4 of 5
[2025-04-03T22:23:50.237+0000] {taskinstance.py:2330} INFO - Executing <Task(SparkSubmitOperator): minio_to_postgres_task> on 2025-03-26 13:33:39.761724+00:00
[2025-04-03T22:23:50.244+0000] {standard_task_runner.py:63} INFO - Started process 763 to run task
[2025-04-03T22:23:50.285+0000] {standard_task_runner.py:90} INFO - Running: ['***', 'tasks', 'run', 'etl_pipeline', 'minio_to_postgres_task', 'manual__2025-03-26T13:33:39.761724+00:00', '--job-id', '143', '--raw', '--subdir', 'DAGS_FOLDER/etl_pipeline.py', '--cfg-path', '/tmp/tmpiwvckjb3']
[2025-04-03T22:23:50.318+0000] {standard_task_runner.py:91} INFO - Job 143: Subtask minio_to_postgres_task
[2025-04-03T22:23:50.460+0000] {task_command.py:426} INFO - Running <TaskInstance: etl_pipeline.minio_to_postgres_task manual__2025-03-26T13:33:39.761724+00:00 [running]> on host 368b3be21c0d
[2025-04-03T22:23:50.694+0000] {taskinstance.py:2648} INFO - Exporting env vars: AIRFLOW_CTX_DAG_OWNER='lobobranco' AIRFLOW_CTX_DAG_ID='etl_pipeline' AIRFLOW_CTX_TASK_ID='minio_to_postgres_task' AIRFLOW_CTX_EXECUTION_DATE='2025-03-26T13:33:39.761724+00:00' AIRFLOW_CTX_TRY_NUMBER='4' AIRFLOW_CTX_DAG_RUN_ID='manual__2025-03-26T13:33:39.761724+00:00'
[2025-04-03T22:23:50.696+0000] {taskinstance.py:430} INFO - ::endgroup::
[2025-04-03T22:23:50.740+0000] {base.py:84} INFO - Using connection ID 'spark_default' for task execution.
[2025-04-03T22:23:50.741+0000] {spark_submit.py:328} ERROR - Failed to decode base64 keytab: Incorrect padding
[2025-04-03T22:23:50.742+0000] {spark_submit.py:305} INFO - Could not load connection string spark_default, defaulting to spark://spark-master:7077
[2025-04-03T22:23:50.744+0000] {spark_submit.py:474} INFO - Spark-Submit cmd: spark-submit --master spark://spark-master:7077 --conf spark.executor.memory=512m --conf spark.executor.cores=1 --conf spark.jars=/opt/spark_job/jars/aws-java-sdk-bundle-1.12.262.jar,/opt/spark_job/jars/hadoop-aws-3.3.4.jar,/opt/spark_job/jars/postgresql-42.7.5.jar, --conf spark.hadoop.fs.s3a.endpoint=http://minio:9000 --conf spark.hadoop.fs.s3a.access.key=admin --conf spark.hadoop.fs.s3a.secret.key=****** --conf spark.hadoop.fs.s3a.impl=org.apache.hadoop.fs.s3a.S3AFileSystem --conf spark.hadoop.fs.s3a.path.style.access=true --principal *** --name arrow-spark --verbose --deploy-mode client /opt/spark_job/minio_to_postgres.py
[2025-04-03T22:23:50.801+0000] {spark_submit.py:645} INFO - /home/***/.local/lib/python3.11/site-packages/pyspark/bin/load-spark-env.sh: line 68: ps: command not found
[2025-04-03T22:23:52.597+0000] {spark_submit.py:645} INFO - Using properties file: null
[2025-04-03T22:23:52.743+0000] {spark_submit.py:645} INFO - Parsed arguments:
[2025-04-03T22:23:52.744+0000] {spark_submit.py:645} INFO - master                  spark://spark-master:7077
[2025-04-03T22:23:52.745+0000] {spark_submit.py:645} INFO - remote                  null
[2025-04-03T22:23:52.745+0000] {spark_submit.py:645} INFO - deployMode              client
[2025-04-03T22:23:52.745+0000] {spark_submit.py:645} INFO - executorMemory          512m
[2025-04-03T22:23:52.746+0000] {spark_submit.py:645} INFO - executorCores           1
[2025-04-03T22:23:52.746+0000] {spark_submit.py:645} INFO - totalExecutorCores      null
[2025-04-03T22:23:52.747+0000] {spark_submit.py:645} INFO - propertiesFile          null
[2025-04-03T22:23:52.747+0000] {spark_submit.py:645} INFO - driverMemory            null
[2025-04-03T22:23:52.747+0000] {spark_submit.py:645} INFO - driverCores             null
[2025-04-03T22:23:52.748+0000] {spark_submit.py:645} INFO - driverExtraClassPath    null
[2025-04-03T22:23:52.748+0000] {spark_submit.py:645} INFO - driverExtraLibraryPath  null
[2025-04-03T22:23:52.748+0000] {spark_submit.py:645} INFO - driverExtraJavaOptions  null
[2025-04-03T22:23:52.749+0000] {spark_submit.py:645} INFO - supervise               false
[2025-04-03T22:23:52.750+0000] {spark_submit.py:645} INFO - queue                   null
[2025-04-03T22:23:52.750+0000] {spark_submit.py:645} INFO - numExecutors            null
[2025-04-03T22:23:52.750+0000] {spark_submit.py:645} INFO - files                   null
[2025-04-03T22:23:52.751+0000] {spark_submit.py:645} INFO - pyFiles                 null
[2025-04-03T22:23:52.751+0000] {spark_submit.py:645} INFO - archives                null
[2025-04-03T22:23:52.752+0000] {spark_submit.py:645} INFO - mainClass               null
[2025-04-03T22:23:52.752+0000] {spark_submit.py:645} INFO - primaryResource         file:/opt/spark_job/minio_to_postgres.py
[2025-04-03T22:23:52.753+0000] {spark_submit.py:645} INFO - name                    arrow-spark
[2025-04-03T22:23:52.753+0000] {spark_submit.py:645} INFO - childArgs               []
[2025-04-03T22:23:52.753+0000] {spark_submit.py:645} INFO - jars                    /opt/spark_job/jars/aws-java-sdk-bundle-1.12.262.jar,/opt/spark_job/jars/hadoop-aws-3.3.4.jar,/opt/spark_job/jars/postgresql-42.7.5.jar,
[2025-04-03T22:23:52.754+0000] {spark_submit.py:645} INFO - packages                null
[2025-04-03T22:23:52.754+0000] {spark_submit.py:645} INFO - packagesExclusions      null
[2025-04-03T22:23:52.755+0000] {spark_submit.py:645} INFO - repositories            null
[2025-04-03T22:23:52.755+0000] {spark_submit.py:645} INFO - verbose                 true
[2025-04-03T22:23:52.755+0000] {spark_submit.py:645} INFO - 
[2025-04-03T22:23:52.756+0000] {spark_submit.py:645} INFO - Spark properties used, including those specified through
[2025-04-03T22:23:52.757+0000] {spark_submit.py:645} INFO - --conf and those from the properties file null:
[2025-04-03T22:23:52.757+0000] {spark_submit.py:645} INFO - (spark.executor.cores,1)
[2025-04-03T22:23:52.758+0000] {spark_submit.py:645} INFO - (spark.executor.memory,512m)
[2025-04-03T22:23:52.758+0000] {spark_submit.py:645} INFO - (spark.hadoop.fs.s3a.access.key,*********(redacted))
[2025-04-03T22:23:52.758+0000] {spark_submit.py:645} INFO - (spark.hadoop.fs.s3a.endpoint,http://minio:9000)
[2025-04-03T22:23:52.759+0000] {spark_submit.py:645} INFO - (spark.hadoop.fs.s3a.impl,org.apache.hadoop.fs.s3a.S3AFileSystem)
[2025-04-03T22:23:52.759+0000] {spark_submit.py:645} INFO - (spark.hadoop.fs.s3a.path.style.access,true)
[2025-04-03T22:23:52.759+0000] {spark_submit.py:645} INFO - (spark.hadoop.fs.s3a.secret.key,*********(redacted))
[2025-04-03T22:23:52.761+0000] {spark_submit.py:645} INFO - (spark.jars,/opt/spark_job/jars/aws-java-sdk-bundle-1.12.262.jar,/opt/spark_job/jars/hadoop-aws-3.3.4.jar,/opt/spark_job/jars/postgresql-42.7.5.jar,)
[2025-04-03T22:23:52.761+0000] {spark_submit.py:645} INFO - 
[2025-04-03T22:23:52.762+0000] {spark_submit.py:645} INFO - 
[2025-04-03T22:23:53.169+0000] {spark_submit.py:645} INFO - 25/04/03 22:23:53 WARN NativeCodeLoader: Unable to load native-hadoop library for your platform... using builtin-java classes where applicable
[2025-04-03T22:23:53.389+0000] {spark_submit.py:645} INFO - Main class:
[2025-04-03T22:23:53.390+0000] {spark_submit.py:645} INFO - org.apache.spark.deploy.PythonRunner
[2025-04-03T22:23:53.390+0000] {spark_submit.py:645} INFO - Arguments:
[2025-04-03T22:23:53.391+0000] {spark_submit.py:645} INFO - file:/opt/spark_job/minio_to_postgres.py
[2025-04-03T22:23:53.391+0000] {spark_submit.py:645} INFO - null
[2025-04-03T22:23:53.393+0000] {spark_submit.py:645} INFO - Spark config:
[2025-04-03T22:23:53.394+0000] {spark_submit.py:645} INFO - (spark.app.name,arrow-spark)
[2025-04-03T22:23:53.394+0000] {spark_submit.py:645} INFO - (spark.app.submitTime,1743719033371)
[2025-04-03T22:23:53.395+0000] {spark_submit.py:645} INFO - (spark.executor.cores,1)
[2025-04-03T22:23:53.395+0000] {spark_submit.py:645} INFO - (spark.executor.memory,512m)
[2025-04-03T22:23:53.396+0000] {spark_submit.py:645} INFO - (spark.hadoop.fs.s3a.access.key,*********(redacted))
[2025-04-03T22:23:53.396+0000] {spark_submit.py:645} INFO - (spark.hadoop.fs.s3a.endpoint,http://minio:9000)
[2025-04-03T22:23:53.396+0000] {spark_submit.py:645} INFO - (spark.hadoop.fs.s3a.impl,org.apache.hadoop.fs.s3a.S3AFileSystem)
[2025-04-03T22:23:53.397+0000] {spark_submit.py:645} INFO - (spark.hadoop.fs.s3a.path.style.access,true)
[2025-04-03T22:23:53.397+0000] {spark_submit.py:645} INFO - (spark.hadoop.fs.s3a.secret.key,*********(redacted))
[2025-04-03T22:23:53.397+0000] {spark_submit.py:645} INFO - (spark.jars,file:///opt/spark_job/jars/aws-java-sdk-bundle-1.12.262.jar,file:///opt/spark_job/jars/hadoop-aws-3.3.4.jar,file:///opt/spark_job/jars/postgresql-42.7.5.jar)
[2025-04-03T22:23:53.398+0000] {spark_submit.py:645} INFO - (spark.kerberos.principal,***)
[2025-04-03T22:23:53.398+0000] {spark_submit.py:645} INFO - (spark.master,spark://spark-master:7077)
[2025-04-03T22:23:53.398+0000] {spark_submit.py:645} INFO - (spark.repl.local.jars,file:///opt/spark_job/jars/aws-java-sdk-bundle-1.12.262.jar,file:///opt/spark_job/jars/hadoop-aws-3.3.4.jar,file:///opt/spark_job/jars/postgresql-42.7.5.jar)
[2025-04-03T22:23:53.399+0000] {spark_submit.py:645} INFO - (spark.submit.deployMode,client)
[2025-04-03T22:23:53.399+0000] {spark_submit.py:645} INFO - (spark.submit.pyFiles,)
[2025-04-03T22:23:53.399+0000] {spark_submit.py:645} INFO - Classpath elements:
[2025-04-03T22:23:53.400+0000] {spark_submit.py:645} INFO - file:///opt/spark_job/jars/aws-java-sdk-bundle-1.12.262.jar
[2025-04-03T22:23:53.400+0000] {spark_submit.py:645} INFO - file:///opt/spark_job/jars/hadoop-aws-3.3.4.jar
[2025-04-03T22:23:53.400+0000] {spark_submit.py:645} INFO - file:///opt/spark_job/jars/postgresql-42.7.5.jar
[2025-04-03T22:23:53.401+0000] {spark_submit.py:645} INFO - 
[2025-04-03T22:23:53.401+0000] {spark_submit.py:645} INFO - 
[2025-04-03T22:23:54.208+0000] {spark_submit.py:645} INFO - 2025-04-03 22:23:54,205 - INFO - Iniciando a configuração da Spark Session
[2025-04-03T22:23:54.835+0000] {spark_submit.py:645} INFO - 25/04/03 22:23:54 INFO SparkContext: Running Spark version 3.5.3
[2025-04-03T22:23:54.836+0000] {spark_submit.py:645} INFO - 25/04/03 22:23:54 INFO SparkContext: OS info Linux, 5.15.153.1-microsoft-standard-WSL2, amd64
[2025-04-03T22:23:54.836+0000] {spark_submit.py:645} INFO - 25/04/03 22:23:54 INFO SparkContext: Java version 17.0.14
[2025-04-03T22:23:54.868+0000] {spark_submit.py:645} INFO - 25/04/03 22:23:54 INFO ResourceUtils: ==============================================================
[2025-04-03T22:23:54.868+0000] {spark_submit.py:645} INFO - 25/04/03 22:23:54 INFO ResourceUtils: No custom resources configured for spark.driver.
[2025-04-03T22:23:54.869+0000] {spark_submit.py:645} INFO - 25/04/03 22:23:54 INFO ResourceUtils: ==============================================================
[2025-04-03T22:23:54.869+0000] {spark_submit.py:645} INFO - 25/04/03 22:23:54 INFO SparkContext: Submitted application: Minio Integration with PySpark
[2025-04-03T22:23:54.895+0000] {spark_submit.py:645} INFO - 25/04/03 22:23:54 INFO ResourceProfile: Default ResourceProfile created, executor resources: Map(cores -> name: cores, amount: 1, script: , vendor: , memory -> name: memory, amount: 512, script: , vendor: , offHeap -> name: offHeap, amount: 0, script: , vendor: ), task resources: Map(cpus -> name: cpus, amount: 1.0)
[2025-04-03T22:23:54.912+0000] {spark_submit.py:645} INFO - 25/04/03 22:23:54 INFO ResourceProfile: Limiting resource is cpus at 1 tasks per executor
[2025-04-03T22:23:54.915+0000] {spark_submit.py:645} INFO - 25/04/03 22:23:54 INFO ResourceProfileManager: Added ResourceProfile id: 0
[2025-04-03T22:23:54.980+0000] {spark_submit.py:645} INFO - 25/04/03 22:23:54 INFO SecurityManager: Changing view acls to: ***
[2025-04-03T22:23:54.987+0000] {spark_submit.py:645} INFO - 25/04/03 22:23:54 INFO SecurityManager: Changing modify acls to: ***
[2025-04-03T22:23:54.991+0000] {spark_submit.py:645} INFO - 25/04/03 22:23:54 INFO SecurityManager: Changing view acls groups to:
[2025-04-03T22:23:55.003+0000] {spark_submit.py:645} INFO - 25/04/03 22:23:55 INFO SecurityManager: Changing modify acls groups to:
[2025-04-03T22:23:55.004+0000] {spark_submit.py:645} INFO - 25/04/03 22:23:55 INFO SecurityManager: SecurityManager: authentication disabled; ui acls disabled; users with view permissions: ***; groups with view permissions: EMPTY; users with modify permissions: ***; groups with modify permissions: EMPTY
[2025-04-03T22:23:55.290+0000] {spark_submit.py:645} INFO - 25/04/03 22:23:55 INFO Utils: Successfully started service 'sparkDriver' on port 37425.
[2025-04-03T22:23:55.328+0000] {spark_submit.py:645} INFO - 25/04/03 22:23:55 INFO SparkEnv: Registering MapOutputTracker
[2025-04-03T22:23:55.368+0000] {spark_submit.py:645} INFO - 25/04/03 22:23:55 INFO SparkEnv: Registering BlockManagerMaster
[2025-04-03T22:23:55.387+0000] {spark_submit.py:645} INFO - 25/04/03 22:23:55 INFO BlockManagerMasterEndpoint: Using org.apache.spark.storage.DefaultTopologyMapper for getting topology information
[2025-04-03T22:23:55.389+0000] {spark_submit.py:645} INFO - 25/04/03 22:23:55 INFO BlockManagerMasterEndpoint: BlockManagerMasterEndpoint up
[2025-04-03T22:23:55.395+0000] {spark_submit.py:645} INFO - 25/04/03 22:23:55 INFO SparkEnv: Registering BlockManagerMasterHeartbeat
[2025-04-03T22:23:55.427+0000] {spark_submit.py:645} INFO - 25/04/03 22:23:55 INFO DiskBlockManager: Created local directory at /tmp/blockmgr-db9d328d-8a6e-4c64-8d47-fd3b11efe566
[2025-04-03T22:23:55.440+0000] {spark_submit.py:645} INFO - 25/04/03 22:23:55 INFO MemoryStore: MemoryStore started with capacity 434.4 MiB
[2025-04-03T22:23:55.455+0000] {spark_submit.py:645} INFO - 25/04/03 22:23:55 INFO SparkEnv: Registering OutputCommitCoordinator
[2025-04-03T22:23:55.577+0000] {spark_submit.py:645} INFO - 25/04/03 22:23:55 INFO JettyUtils: Start Jetty 0.0.0.0:4040 for SparkUI
[2025-04-03T22:23:55.664+0000] {spark_submit.py:645} INFO - 25/04/03 22:23:55 INFO Utils: Successfully started service 'SparkUI' on port 4040.
[2025-04-03T22:23:55.703+0000] {spark_submit.py:645} INFO - 25/04/03 22:23:55 INFO SparkContext: Added JAR file:///opt/spark_job/jars/aws-java-sdk-bundle-1.12.262.jar at spark://368b3be21c0d:37425/jars/aws-java-sdk-bundle-1.12.262.jar with timestamp 1743719034828
[2025-04-03T22:23:55.704+0000] {spark_submit.py:645} INFO - 25/04/03 22:23:55 INFO SparkContext: Added JAR file:///opt/spark_job/jars/hadoop-aws-3.3.4.jar at spark://368b3be21c0d:37425/jars/hadoop-aws-3.3.4.jar with timestamp 1743719034828
[2025-04-03T22:23:55.705+0000] {spark_submit.py:645} INFO - 25/04/03 22:23:55 INFO SparkContext: Added JAR file:///opt/spark_job/jars/postgresql-42.7.5.jar at spark://368b3be21c0d:37425/jars/postgresql-42.7.5.jar with timestamp 1743719034828
[2025-04-03T22:23:55.807+0000] {spark_submit.py:645} INFO - 25/04/03 22:23:55 INFO StandaloneAppClient$ClientEndpoint: Connecting to master spark://spark-master:7077...
[2025-04-03T22:23:55.878+0000] {spark_submit.py:645} INFO - 25/04/03 22:23:55 INFO TransportClientFactory: Successfully created connection to spark-master/172.18.0.6:7077 after 30 ms (0 ms spent in bootstraps)
[2025-04-03T22:23:55.989+0000] {spark_submit.py:645} INFO - 25/04/03 22:23:55 INFO StandaloneSchedulerBackend: Connected to Spark cluster with app ID app-20250403222355-0002
[2025-04-03T22:23:55.997+0000] {spark_submit.py:645} INFO - 25/04/03 22:23:55 INFO Utils: Successfully started service 'org.apache.spark.network.netty.NettyBlockTransferService' on port 41591.
[2025-04-03T22:23:55.998+0000] {spark_submit.py:645} INFO - 25/04/03 22:23:55 INFO NettyBlockTransferService: Server created on 368b3be21c0d:41591
[2025-04-03T22:23:56.003+0000] {spark_submit.py:645} INFO - 25/04/03 22:23:55 INFO BlockManager: Using org.apache.spark.storage.RandomBlockReplicationPolicy for block replication policy
[2025-04-03T22:23:56.005+0000] {spark_submit.py:645} INFO - 25/04/03 22:23:56 INFO BlockManagerMaster: Registering BlockManager BlockManagerId(driver, 368b3be21c0d, 41591, None)
[2025-04-03T22:23:56.063+0000] {spark_submit.py:645} INFO - 25/04/03 22:23:56 INFO BlockManagerMasterEndpoint: Registering block manager 368b3be21c0d:41591 with 434.4 MiB RAM, BlockManagerId(driver, 368b3be21c0d, 41591, None)
[2025-04-03T22:23:56.066+0000] {spark_submit.py:645} INFO - 25/04/03 22:23:56 INFO StandaloneAppClient$ClientEndpoint: Executor added: app-20250403222355-0002/0 on worker-20250403220308-172.18.0.4-34433 (172.18.0.4:34433) with 1 core(s)
[2025-04-03T22:23:56.067+0000] {spark_submit.py:645} INFO - 25/04/03 22:23:56 INFO StandaloneSchedulerBackend: Granted executor ID app-20250403222355-0002/0 on hostPort 172.18.0.4:34433 with 1 core(s), 512.0 MiB RAM
[2025-04-03T22:23:56.068+0000] {spark_submit.py:645} INFO - 25/04/03 22:23:56 INFO BlockManagerMaster: Registered BlockManager BlockManagerId(driver, 368b3be21c0d, 41591, None)
[2025-04-03T22:23:56.068+0000] {spark_submit.py:645} INFO - 25/04/03 22:23:56 INFO BlockManager: Initialized BlockManager: BlockManagerId(driver, 368b3be21c0d, 41591, None)
[2025-04-03T22:23:56.069+0000] {spark_submit.py:645} INFO - 25/04/03 22:23:56 INFO StandaloneAppClient$ClientEndpoint: Executor added: app-20250403222355-0002/1 on worker-20250403220308-172.18.0.4-34433 (172.18.0.4:34433) with 1 core(s)
[2025-04-03T22:23:56.069+0000] {spark_submit.py:645} INFO - 25/04/03 22:23:56 INFO StandaloneSchedulerBackend: Granted executor ID app-20250403222355-0002/1 on hostPort 172.18.0.4:34433 with 1 core(s), 512.0 MiB RAM
[2025-04-03T22:23:56.070+0000] {spark_submit.py:645} INFO - 25/04/03 22:23:56 INFO StandaloneAppClient$ClientEndpoint: Executor added: app-20250403222355-0002/2 on worker-20250403220308-172.18.0.5-33891 (172.18.0.5:33891) with 1 core(s)
[2025-04-03T22:23:56.070+0000] {spark_submit.py:645} INFO - 25/04/03 22:23:56 INFO StandaloneSchedulerBackend: Granted executor ID app-20250403222355-0002/2 on hostPort 172.18.0.5:33891 with 1 core(s), 512.0 MiB RAM
[2025-04-03T22:23:56.070+0000] {spark_submit.py:645} INFO - 25/04/03 22:23:56 INFO StandaloneAppClient$ClientEndpoint: Executor added: app-20250403222355-0002/3 on worker-20250403220308-172.18.0.5-33891 (172.18.0.5:33891) with 1 core(s)
[2025-04-03T22:23:56.071+0000] {spark_submit.py:645} INFO - 25/04/03 22:23:56 INFO StandaloneSchedulerBackend: Granted executor ID app-20250403222355-0002/3 on hostPort 172.18.0.5:33891 with 1 core(s), 512.0 MiB RAM
[2025-04-03T22:23:56.731+0000] {spark_submit.py:645} INFO - 25/04/03 22:23:56 INFO StandaloneSchedulerBackend: SchedulerBackend is ready for scheduling beginning after reached minRegisteredResourcesRatio: 0.0
[2025-04-03T22:23:57.052+0000] {spark_submit.py:645} INFO - 25/04/03 22:23:57 INFO StandaloneAppClient$ClientEndpoint: Executor updated: app-20250403222355-0002/3 is now RUNNING
[2025-04-03T22:23:57.074+0000] {spark_submit.py:645} INFO - 25/04/03 22:23:57 INFO StandaloneAppClient$ClientEndpoint: Executor updated: app-20250403222355-0002/2 is now RUNNING
[2025-04-03T22:23:57.087+0000] {spark_submit.py:645} INFO - 25/04/03 22:23:57 INFO StandaloneAppClient$ClientEndpoint: Executor updated: app-20250403222355-0002/0 is now RUNNING
[2025-04-03T22:23:57.116+0000] {spark_submit.py:645} INFO - 25/04/03 22:23:57 INFO StandaloneAppClient$ClientEndpoint: Executor updated: app-20250403222355-0002/1 is now RUNNING
[2025-04-03T22:23:57.235+0000] {spark_submit.py:645} INFO - 2025-04-03 22:23:57,230 - INFO - Spark Session criada com sucesso
[2025-04-03T22:23:57.244+0000] {spark_submit.py:645} INFO - 25/04/03 22:23:57 INFO SharedState: Setting hive.metastore.warehouse.dir ('null') to the value of spark.sql.warehouse.dir.
[2025-04-03T22:23:57.267+0000] {spark_submit.py:645} INFO - 25/04/03 22:23:57 INFO SharedState: Warehouse path is 'file:/opt/spark-warehouse'.
[2025-04-03T22:23:59.320+0000] {spark_submit.py:645} INFO - 25/04/03 22:23:59 WARN MetricsConfig: Cannot locate configuration: tried hadoop-metrics2-s3a-file-system.properties,hadoop-metrics2.properties
[2025-04-03T22:23:59.391+0000] {spark_submit.py:645} INFO - 25/04/03 22:23:59 INFO MetricsSystemImpl: Scheduled Metric snapshot period at 10 second(s).
[2025-04-03T22:23:59.392+0000] {spark_submit.py:645} INFO - 25/04/03 22:23:59 INFO MetricsSystemImpl: s3a-file-system metrics system started
[2025-04-03T22:24:04.844+0000] {spark_submit.py:645} INFO - 25/04/03 22:24:04 INFO InMemoryFileIndex: It took 259 ms to list leaf files for 1 paths.
[2025-04-03T22:24:06.077+0000] {spark_submit.py:645} INFO - 25/04/03 22:24:06 INFO SparkContext: Starting job: parquet at NativeMethodAccessorImpl.java:0
[2025-04-03T22:24:06.114+0000] {spark_submit.py:645} INFO - 25/04/03 22:24:06 INFO DAGScheduler: Got job 0 (parquet at NativeMethodAccessorImpl.java:0) with 1 output partitions
[2025-04-03T22:24:06.115+0000] {spark_submit.py:645} INFO - 25/04/03 22:24:06 INFO DAGScheduler: Final stage: ResultStage 0 (parquet at NativeMethodAccessorImpl.java:0)
[2025-04-03T22:24:06.115+0000] {spark_submit.py:645} INFO - 25/04/03 22:24:06 INFO DAGScheduler: Parents of final stage: List()
[2025-04-03T22:24:06.125+0000] {spark_submit.py:645} INFO - 25/04/03 22:24:06 INFO DAGScheduler: Missing parents: List()
[2025-04-03T22:24:06.235+0000] {spark_submit.py:645} INFO - 25/04/03 22:24:06 INFO DAGScheduler: Submitting ResultStage 0 (MapPartitionsRDD[1] at parquet at NativeMethodAccessorImpl.java:0), which has no missing parents
[2025-04-03T22:24:06.418+0000] {spark_submit.py:645} INFO - 25/04/03 22:24:06 INFO MemoryStore: Block broadcast_0 stored as values in memory (estimated size 105.3 KiB, free 434.3 MiB)
[2025-04-03T22:24:06.546+0000] {spark_submit.py:645} INFO - 25/04/03 22:24:06 INFO MemoryStore: Block broadcast_0_piece0 stored as bytes in memory (estimated size 38.2 KiB, free 434.3 MiB)
[2025-04-03T22:24:06.562+0000] {spark_submit.py:645} INFO - 25/04/03 22:24:06 INFO BlockManagerInfo: Added broadcast_0_piece0 in memory on 368b3be21c0d:41591 (size: 38.2 KiB, free: 434.4 MiB)
[2025-04-03T22:24:06.579+0000] {spark_submit.py:645} INFO - 25/04/03 22:24:06 INFO SparkContext: Created broadcast 0 from broadcast at DAGScheduler.scala:1585
[2025-04-03T22:24:06.688+0000] {spark_submit.py:645} INFO - 25/04/03 22:24:06 INFO DAGScheduler: Submitting 1 missing tasks from ResultStage 0 (MapPartitionsRDD[1] at parquet at NativeMethodAccessorImpl.java:0) (first 15 tasks are for partitions Vector(0))
[2025-04-03T22:24:06.699+0000] {spark_submit.py:645} INFO - 25/04/03 22:24:06 INFO TaskSchedulerImpl: Adding task set 0.0 with 1 tasks resource profile 0
[2025-04-03T22:24:06.778+0000] {spark_submit.py:645} INFO - 25/04/03 22:24:06 INFO StandaloneSchedulerBackend$StandaloneDriverEndpoint: Registered executor NettyRpcEndpointRef(spark-client://Executor) (172.18.0.4:40758) with ID 0,  ResourceProfileId 0
[2025-04-03T22:24:07.030+0000] {spark_submit.py:645} INFO - 25/04/03 22:24:07 INFO StandaloneSchedulerBackend$StandaloneDriverEndpoint: Registered executor NettyRpcEndpointRef(spark-client://Executor) (172.18.0.5:49460) with ID 2,  ResourceProfileId 0
[2025-04-03T22:24:07.046+0000] {spark_submit.py:645} INFO - 25/04/03 22:24:07 INFO BlockManagerMasterEndpoint: Registering block manager 172.18.0.4:40827 with 127.2 MiB RAM, BlockManagerId(0, 172.18.0.4, 40827, None)
[2025-04-03T22:24:07.048+0000] {spark_submit.py:645} INFO - 25/04/03 22:24:07 INFO StandaloneSchedulerBackend$StandaloneDriverEndpoint: Registered executor NettyRpcEndpointRef(spark-client://Executor) (172.18.0.5:49466) with ID 3,  ResourceProfileId 0
[2025-04-03T22:24:07.218+0000] {spark_submit.py:645} INFO - 25/04/03 22:24:07 INFO StandaloneSchedulerBackend$StandaloneDriverEndpoint: Registered executor NettyRpcEndpointRef(spark-client://Executor) (172.18.0.4:40762) with ID 1,  ResourceProfileId 0
[2025-04-03T22:24:07.292+0000] {spark_submit.py:645} INFO - 25/04/03 22:24:07 INFO BlockManagerMasterEndpoint: Registering block manager 172.18.0.5:38463 with 127.2 MiB RAM, BlockManagerId(3, 172.18.0.5, 38463, None)
[2025-04-03T22:24:07.386+0000] {spark_submit.py:645} INFO - 25/04/03 22:24:07 INFO BlockManagerMasterEndpoint: Registering block manager 172.18.0.5:43435 with 127.2 MiB RAM, BlockManagerId(2, 172.18.0.5, 43435, None)
[2025-04-03T22:24:07.442+0000] {spark_submit.py:645} INFO - 25/04/03 22:24:07 INFO BlockManagerMasterEndpoint: Registering block manager 172.18.0.4:42447 with 127.2 MiB RAM, BlockManagerId(1, 172.18.0.4, 42447, None)
[2025-04-03T22:24:35.252+0000] {spark_submit.py:645} INFO - 25/04/03 22:24:35 INFO TaskSetManager: Starting task 0.0 in stage 0.0 (TID 0) (172.18.0.4, executor 0, partition 0, PROCESS_LOCAL, 9542 bytes)
[2025-04-03T22:24:57.989+0000] {spark_submit.py:645} INFO - 25/04/03 22:24:57 INFO BlockManagerInfo: Added broadcast_0_piece0 in memory on 172.18.0.4:40827 (size: 38.2 KiB, free: 127.2 MiB)
[2025-04-03T22:25:57.153+0000] {spark_submit.py:645} INFO - 25/04/03 22:25:57 INFO TaskSetManager: Finished task 0.0 in stage 0.0 (TID 0) in 82050 ms on 172.18.0.4 (executor 0) (1/1)
[2025-04-03T22:25:57.180+0000] {spark_submit.py:645} INFO - 25/04/03 22:25:57 INFO TaskSchedulerImpl: Removed TaskSet 0.0, whose tasks have all completed, from pool
[2025-04-03T22:25:57.199+0000] {spark_submit.py:645} INFO - 25/04/03 22:25:57 INFO DAGScheduler: ResultStage 0 (parquet at NativeMethodAccessorImpl.java:0) finished in 110.918 s
[2025-04-03T22:25:57.205+0000] {spark_submit.py:645} INFO - 25/04/03 22:25:57 INFO DAGScheduler: Job 0 is finished. Cancelling potential speculative or zombie tasks for this job
[2025-04-03T22:25:57.206+0000] {spark_submit.py:645} INFO - 25/04/03 22:25:57 INFO TaskSchedulerImpl: Killing all running tasks in stage 0: Stage finished
[2025-04-03T22:25:57.207+0000] {spark_submit.py:645} INFO - 25/04/03 22:25:57 INFO DAGScheduler: Job 0 finished: parquet at NativeMethodAccessorImpl.java:0, took 111.193199 s
[2025-04-03T22:25:59.133+0000] {spark_submit.py:645} INFO - 25/04/03 22:25:59 INFO BlockManagerInfo: Removed broadcast_0_piece0 on 172.18.0.4:40827 in memory (size: 38.2 KiB, free: 127.2 MiB)
[2025-04-03T22:25:59.160+0000] {spark_submit.py:645} INFO - 25/04/03 22:25:59 INFO InMemoryFileIndex: It took 190 ms to list leaf files for 1 paths.
[2025-04-03T22:25:59.205+0000] {spark_submit.py:645} INFO - 25/04/03 22:25:59 INFO SparkContext: Starting job: parquet at NativeMethodAccessorImpl.java:0
[2025-04-03T22:25:59.218+0000] {spark_submit.py:645} INFO - 25/04/03 22:25:59 INFO DAGScheduler: Got job 1 (parquet at NativeMethodAccessorImpl.java:0) with 1 output partitions
[2025-04-03T22:25:59.219+0000] {spark_submit.py:645} INFO - 25/04/03 22:25:59 INFO DAGScheduler: Final stage: ResultStage 1 (parquet at NativeMethodAccessorImpl.java:0)
[2025-04-03T22:25:59.220+0000] {spark_submit.py:645} INFO - 25/04/03 22:25:59 INFO DAGScheduler: Parents of final stage: List()
[2025-04-03T22:25:59.221+0000] {spark_submit.py:645} INFO - 25/04/03 22:25:59 INFO DAGScheduler: Missing parents: List()
[2025-04-03T22:25:59.221+0000] {spark_submit.py:645} INFO - 25/04/03 22:25:59 INFO DAGScheduler: Submitting ResultStage 1 (MapPartitionsRDD[3] at parquet at NativeMethodAccessorImpl.java:0), which has no missing parents
[2025-04-03T22:25:59.227+0000] {spark_submit.py:645} INFO - 25/04/03 22:25:59 INFO MemoryStore: Block broadcast_1 stored as values in memory (estimated size 105.3 KiB, free 434.2 MiB)
[2025-04-03T22:25:59.249+0000] {spark_submit.py:645} INFO - 25/04/03 22:25:59 INFO MemoryStore: Block broadcast_1_piece0 stored as bytes in memory (estimated size 38.2 KiB, free 434.2 MiB)
[2025-04-03T22:25:59.250+0000] {spark_submit.py:645} INFO - 25/04/03 22:25:59 INFO BlockManagerInfo: Removed broadcast_0_piece0 on 368b3be21c0d:41591 in memory (size: 38.2 KiB, free: 434.4 MiB)
[2025-04-03T22:25:59.252+0000] {spark_submit.py:645} INFO - 25/04/03 22:25:59 INFO BlockManagerInfo: Added broadcast_1_piece0 in memory on 368b3be21c0d:41591 (size: 38.2 KiB, free: 434.4 MiB)
[2025-04-03T22:25:59.256+0000] {spark_submit.py:645} INFO - 25/04/03 22:25:59 INFO SparkContext: Created broadcast 1 from broadcast at DAGScheduler.scala:1585
[2025-04-03T22:25:59.257+0000] {spark_submit.py:645} INFO - 25/04/03 22:25:59 INFO DAGScheduler: Submitting 1 missing tasks from ResultStage 1 (MapPartitionsRDD[3] at parquet at NativeMethodAccessorImpl.java:0) (first 15 tasks are for partitions Vector(0))
[2025-04-03T22:25:59.257+0000] {spark_submit.py:645} INFO - 25/04/03 22:25:59 INFO TaskSchedulerImpl: Adding task set 1.0 with 1 tasks resource profile 0
[2025-04-03T22:25:59.261+0000] {spark_submit.py:645} INFO - 25/04/03 22:25:59 INFO TaskSetManager: Starting task 0.0 in stage 1.0 (TID 1) (172.18.0.4, executor 0, partition 0, PROCESS_LOCAL, 9541 bytes)
[2025-04-03T22:25:59.385+0000] {spark_submit.py:645} INFO - 25/04/03 22:25:59 INFO BlockManagerInfo: Added broadcast_1_piece0 in memory on 172.18.0.4:40827 (size: 38.2 KiB, free: 127.2 MiB)
[2025-04-03T22:25:59.570+0000] {spark_submit.py:645} INFO - 25/04/03 22:25:59 INFO TaskSetManager: Finished task 0.0 in stage 1.0 (TID 1) in 311 ms on 172.18.0.4 (executor 0) (1/1)
[2025-04-03T22:25:59.571+0000] {spark_submit.py:645} INFO - 25/04/03 22:25:59 INFO TaskSchedulerImpl: Removed TaskSet 1.0, whose tasks have all completed, from pool
[2025-04-03T22:25:59.572+0000] {spark_submit.py:645} INFO - 25/04/03 22:25:59 INFO DAGScheduler: ResultStage 1 (parquet at NativeMethodAccessorImpl.java:0) finished in 0.364 s
[2025-04-03T22:25:59.573+0000] {spark_submit.py:645} INFO - 25/04/03 22:25:59 INFO DAGScheduler: Job 1 is finished. Cancelling potential speculative or zombie tasks for this job
[2025-04-03T22:25:59.574+0000] {spark_submit.py:645} INFO - 25/04/03 22:25:59 INFO TaskSchedulerImpl: Killing all running tasks in stage 1: Stage finished
[2025-04-03T22:25:59.574+0000] {spark_submit.py:645} INFO - 25/04/03 22:25:59 INFO DAGScheduler: Job 1 finished: parquet at NativeMethodAccessorImpl.java:0, took 0.367210 s
[2025-04-03T22:25:59.751+0000] {spark_submit.py:645} INFO - 25/04/03 22:25:59 INFO InMemoryFileIndex: It took 30 ms to list leaf files for 1 paths.
[2025-04-03T22:25:59.802+0000] {spark_submit.py:645} INFO - 25/04/03 22:25:59 INFO SparkContext: Starting job: parquet at NativeMethodAccessorImpl.java:0
[2025-04-03T22:25:59.805+0000] {spark_submit.py:645} INFO - 25/04/03 22:25:59 INFO DAGScheduler: Got job 2 (parquet at NativeMethodAccessorImpl.java:0) with 1 output partitions
[2025-04-03T22:25:59.812+0000] {spark_submit.py:645} INFO - 25/04/03 22:25:59 INFO DAGScheduler: Final stage: ResultStage 2 (parquet at NativeMethodAccessorImpl.java:0)
[2025-04-03T22:25:59.813+0000] {spark_submit.py:645} INFO - 25/04/03 22:25:59 INFO DAGScheduler: Parents of final stage: List()
[2025-04-03T22:25:59.813+0000] {spark_submit.py:645} INFO - 25/04/03 22:25:59 INFO DAGScheduler: Missing parents: List()
[2025-04-03T22:25:59.814+0000] {spark_submit.py:645} INFO - 25/04/03 22:25:59 INFO DAGScheduler: Submitting ResultStage 2 (MapPartitionsRDD[5] at parquet at NativeMethodAccessorImpl.java:0), which has no missing parents
[2025-04-03T22:25:59.825+0000] {spark_submit.py:645} INFO - 25/04/03 22:25:59 INFO MemoryStore: Block broadcast_2 stored as values in memory (estimated size 105.3 KiB, free 434.2 MiB)
[2025-04-03T22:25:59.857+0000] {spark_submit.py:645} INFO - 25/04/03 22:25:59 INFO MemoryStore: Block broadcast_2_piece0 stored as bytes in memory (estimated size 38.2 KiB, free 434.1 MiB)
[2025-04-03T22:26:00.007+0000] {spark_submit.py:645} INFO - 25/04/03 22:26:00 INFO BlockManagerInfo: Added broadcast_2_piece0 in memory on 368b3be21c0d:41591 (size: 38.2 KiB, free: 434.3 MiB)
[2025-04-03T22:26:00.008+0000] {spark_submit.py:645} INFO - 25/04/03 22:26:00 INFO SparkContext: Created broadcast 2 from broadcast at DAGScheduler.scala:1585
[2025-04-03T22:26:00.009+0000] {spark_submit.py:645} INFO - 25/04/03 22:26:00 INFO DAGScheduler: Submitting 1 missing tasks from ResultStage 2 (MapPartitionsRDD[5] at parquet at NativeMethodAccessorImpl.java:0) (first 15 tasks are for partitions Vector(0))
[2025-04-03T22:26:00.009+0000] {spark_submit.py:645} INFO - 25/04/03 22:26:00 INFO TaskSchedulerImpl: Adding task set 2.0 with 1 tasks resource profile 0
[2025-04-03T22:26:00.010+0000] {spark_submit.py:645} INFO - 25/04/03 22:26:00 INFO TaskSetManager: Starting task 0.0 in stage 2.0 (TID 2) (172.18.0.5, executor 2, partition 0, PROCESS_LOCAL, 9540 bytes)
[2025-04-03T22:26:01.037+0000] {spark_submit.py:645} INFO - 25/04/03 22:26:01 INFO BlockManagerInfo: Added broadcast_2_piece0 in memory on 172.18.0.5:43435 (size: 38.2 KiB, free: 127.2 MiB)
[2025-04-03T22:26:17.584+0000] {spark_submit.py:645} INFO - 25/04/03 22:26:17 INFO TaskSetManager: Finished task 0.0 in stage 2.0 (TID 2) in 17574 ms on 172.18.0.5 (executor 2) (1/1)
[2025-04-03T22:26:17.585+0000] {spark_submit.py:645} INFO - 25/04/03 22:26:17 INFO TaskSchedulerImpl: Removed TaskSet 2.0, whose tasks have all completed, from pool
[2025-04-03T22:26:17.591+0000] {spark_submit.py:645} INFO - 25/04/03 22:26:17 INFO DAGScheduler: ResultStage 2 (parquet at NativeMethodAccessorImpl.java:0) finished in 17.775 s
[2025-04-03T22:26:17.592+0000] {spark_submit.py:645} INFO - 25/04/03 22:26:17 INFO DAGScheduler: Job 2 is finished. Cancelling potential speculative or zombie tasks for this job
[2025-04-03T22:26:17.593+0000] {spark_submit.py:645} INFO - 25/04/03 22:26:17 INFO TaskSchedulerImpl: Killing all running tasks in stage 2: Stage finished
[2025-04-03T22:26:17.593+0000] {spark_submit.py:645} INFO - 25/04/03 22:26:17 INFO DAGScheduler: Job 2 finished: parquet at NativeMethodAccessorImpl.java:0, took 17.726516 s
[2025-04-03T22:26:17.643+0000] {spark_submit.py:645} INFO - 2025-04-03 22:26:17,633 - INFO - Arquivos Parquet lidos com sucesso!
[2025-04-03T22:26:17.644+0000] {spark_submit.py:645} INFO - 2025-04-03 22:26:17,634 - INFO - Escrevendo artists_df no Postgres!
[2025-04-03T22:26:20.283+0000] {spark_submit.py:645} INFO - 25/04/03 22:26:20 INFO BlockManagerInfo: Removed broadcast_1_piece0 on 368b3be21c0d:41591 in memory (size: 38.2 KiB, free: 434.4 MiB)
[2025-04-03T22:26:20.287+0000] {spark_submit.py:645} INFO - 25/04/03 22:26:20 INFO BlockManagerInfo: Removed broadcast_1_piece0 on 172.18.0.4:40827 in memory (size: 38.2 KiB, free: 127.2 MiB)
[2025-04-03T22:26:20.319+0000] {spark_submit.py:645} INFO - 25/04/03 22:26:20 INFO BlockManagerInfo: Removed broadcast_2_piece0 on 368b3be21c0d:41591 in memory (size: 38.2 KiB, free: 434.4 MiB)
[2025-04-03T22:26:20.327+0000] {spark_submit.py:645} INFO - 25/04/03 22:26:20 INFO BlockManagerInfo: Removed broadcast_2_piece0 on 172.18.0.5:43435 in memory (size: 38.2 KiB, free: 127.2 MiB)
[2025-04-03T22:26:21.106+0000] {spark_submit.py:645} INFO - 25/04/03 22:26:21 INFO FileSourceStrategy: Pushed Filters:
[2025-04-03T22:26:21.112+0000] {spark_submit.py:645} INFO - 25/04/03 22:26:21 INFO FileSourceStrategy: Post-Scan Filters:
[2025-04-03T22:26:23.471+0000] {spark_submit.py:645} INFO - 25/04/03 22:26:23 INFO CodeGenerator: Code generated in 1045.413122 ms
[2025-04-03T22:26:24.078+0000] {spark_submit.py:645} INFO - 25/04/03 22:26:24 INFO MemoryStore: Block broadcast_3 stored as values in memory (estimated size 210.7 KiB, free 434.2 MiB)
[2025-04-03T22:26:24.186+0000] {spark_submit.py:645} INFO - 25/04/03 22:26:24 INFO MemoryStore: Block broadcast_3_piece0 stored as bytes in memory (estimated size 36.2 KiB, free 434.2 MiB)
[2025-04-03T22:26:24.188+0000] {spark_submit.py:645} INFO - 25/04/03 22:26:24 INFO BlockManagerInfo: Added broadcast_3_piece0 in memory on 368b3be21c0d:41591 (size: 36.2 KiB, free: 434.4 MiB)
[2025-04-03T22:26:24.191+0000] {spark_submit.py:645} INFO - 25/04/03 22:26:24 INFO SparkContext: Created broadcast 3 from jdbc at NativeMethodAccessorImpl.java:0
[2025-04-03T22:26:24.207+0000] {spark_submit.py:645} INFO - 25/04/03 22:26:24 INFO FileSourceScanExec: Planning scan with bin packing, max size: 4194304 bytes, open cost is considered as scanning 4194304 bytes.
[2025-04-03T22:26:24.808+0000] {spark_submit.py:645} INFO - 25/04/03 22:26:24 INFO SparkContext: Starting job: jdbc at NativeMethodAccessorImpl.java:0
[2025-04-03T22:26:24.811+0000] {spark_submit.py:645} INFO - 25/04/03 22:26:24 INFO DAGScheduler: Got job 3 (jdbc at NativeMethodAccessorImpl.java:0) with 1 output partitions
[2025-04-03T22:26:24.812+0000] {spark_submit.py:645} INFO - 25/04/03 22:26:24 INFO DAGScheduler: Final stage: ResultStage 3 (jdbc at NativeMethodAccessorImpl.java:0)
[2025-04-03T22:26:24.812+0000] {spark_submit.py:645} INFO - 25/04/03 22:26:24 INFO DAGScheduler: Parents of final stage: List()
[2025-04-03T22:26:24.813+0000] {spark_submit.py:645} INFO - 25/04/03 22:26:24 INFO DAGScheduler: Missing parents: List()
[2025-04-03T22:26:24.814+0000] {spark_submit.py:645} INFO - 25/04/03 22:26:24 INFO DAGScheduler: Submitting ResultStage 3 (MapPartitionsRDD[11] at jdbc at NativeMethodAccessorImpl.java:0), which has no missing parents
[2025-04-03T22:26:25.128+0000] {spark_submit.py:645} INFO - 25/04/03 22:26:25 INFO MemoryStore: Block broadcast_4 stored as values in memory (estimated size 33.0 KiB, free 434.1 MiB)
[2025-04-03T22:26:25.210+0000] {spark_submit.py:645} INFO - 25/04/03 22:26:25 INFO MemoryStore: Block broadcast_4_piece0 stored as bytes in memory (estimated size 14.7 KiB, free 434.1 MiB)
[2025-04-03T22:26:25.213+0000] {spark_submit.py:645} INFO - 25/04/03 22:26:25 INFO BlockManagerInfo: Added broadcast_4_piece0 in memory on 368b3be21c0d:41591 (size: 14.7 KiB, free: 434.4 MiB)
[2025-04-03T22:26:25.213+0000] {spark_submit.py:645} INFO - 25/04/03 22:26:25 INFO SparkContext: Created broadcast 4 from broadcast at DAGScheduler.scala:1585
[2025-04-03T22:26:25.214+0000] {spark_submit.py:645} INFO - 25/04/03 22:26:25 INFO DAGScheduler: Submitting 1 missing tasks from ResultStage 3 (MapPartitionsRDD[11] at jdbc at NativeMethodAccessorImpl.java:0) (first 15 tasks are for partitions Vector(0))
[2025-04-03T22:26:25.215+0000] {spark_submit.py:645} INFO - 25/04/03 22:26:25 INFO TaskSchedulerImpl: Adding task set 3.0 with 1 tasks resource profile 0
[2025-04-03T22:26:25.228+0000] {spark_submit.py:645} INFO - 25/04/03 22:26:25 INFO TaskSetManager: Starting task 0.0 in stage 3.0 (TID 3) (172.18.0.5, executor 2, partition 0, PROCESS_LOCAL, 10047 bytes)
[2025-04-03T22:26:25.989+0000] {spark_submit.py:645} INFO - 25/04/03 22:26:25 INFO BlockManagerInfo: Added broadcast_4_piece0 in memory on 172.18.0.5:43435 (size: 14.7 KiB, free: 127.2 MiB)
[2025-04-03T22:26:42.410+0000] {spark_submit.py:645} INFO - 25/04/03 22:26:42 INFO BlockManagerInfo: Added broadcast_3_piece0 in memory on 172.18.0.5:43435 (size: 36.2 KiB, free: 127.2 MiB)
[2025-04-03T22:26:47.495+0000] {spark_submit.py:645} INFO - 25/04/03 22:26:47 INFO TaskSetManager: Finished task 0.0 in stage 3.0 (TID 3) in 22279 ms on 172.18.0.5 (executor 2) (1/1)
[2025-04-03T22:26:47.497+0000] {spark_submit.py:645} INFO - 25/04/03 22:26:47 INFO TaskSchedulerImpl: Removed TaskSet 3.0, whose tasks have all completed, from pool
[2025-04-03T22:26:47.512+0000] {spark_submit.py:645} INFO - 25/04/03 22:26:47 INFO DAGScheduler: ResultStage 3 (jdbc at NativeMethodAccessorImpl.java:0) finished in 22.692 s
[2025-04-03T22:26:47.512+0000] {spark_submit.py:645} INFO - 25/04/03 22:26:47 INFO DAGScheduler: Job 3 is finished. Cancelling potential speculative or zombie tasks for this job
[2025-04-03T22:26:47.514+0000] {spark_submit.py:645} INFO - 25/04/03 22:26:47 INFO TaskSchedulerImpl: Killing all running tasks in stage 3: Stage finished
[2025-04-03T22:26:47.547+0000] {spark_submit.py:645} INFO - 25/04/03 22:26:47 INFO DAGScheduler: Job 3 finished: jdbc at NativeMethodAccessorImpl.java:0, took 22.705115 s
[2025-04-03T22:26:47.660+0000] {spark_submit.py:645} INFO - 2025-04-03 22:26:47,652 - INFO - Escrevendo albums_df no Postgres!
[2025-04-03T22:26:47.902+0000] {spark_submit.py:645} INFO - 25/04/03 22:26:47 INFO FileSourceStrategy: Pushed Filters:
[2025-04-03T22:26:47.903+0000] {spark_submit.py:645} INFO - 25/04/03 22:26:47 INFO FileSourceStrategy: Post-Scan Filters:
[2025-04-03T22:26:47.938+0000] {spark_submit.py:645} INFO - 25/04/03 22:26:47 INFO CodeGenerator: Code generated in 23.675874 ms
[2025-04-03T22:26:47.946+0000] {spark_submit.py:645} INFO - 25/04/03 22:26:47 INFO MemoryStore: Block broadcast_5 stored as values in memory (estimated size 211.0 KiB, free 433.9 MiB)
[2025-04-03T22:26:47.991+0000] {spark_submit.py:645} INFO - 25/04/03 22:26:47 INFO BlockManagerInfo: Removed broadcast_3_piece0 on 368b3be21c0d:41591 in memory (size: 36.2 KiB, free: 434.4 MiB)
[2025-04-03T22:26:47.999+0000] {spark_submit.py:645} INFO - 25/04/03 22:26:47 INFO MemoryStore: Block broadcast_5_piece0 stored as bytes in memory (estimated size 36.3 KiB, free 434.1 MiB)
[2025-04-03T22:26:48.009+0000] {spark_submit.py:645} INFO - 25/04/03 22:26:47 INFO BlockManagerInfo: Removed broadcast_3_piece0 on 172.18.0.5:43435 in memory (size: 36.2 KiB, free: 127.2 MiB)
[2025-04-03T22:26:48.010+0000] {spark_submit.py:645} INFO - 25/04/03 22:26:48 INFO BlockManagerInfo: Added broadcast_5_piece0 in memory on 368b3be21c0d:41591 (size: 36.3 KiB, free: 434.4 MiB)
[2025-04-03T22:26:48.011+0000] {spark_submit.py:645} INFO - 25/04/03 22:26:48 INFO SparkContext: Created broadcast 5 from jdbc at NativeMethodAccessorImpl.java:0
[2025-04-03T22:26:48.028+0000] {spark_submit.py:645} INFO - 25/04/03 22:26:48 INFO FileSourceScanExec: Planning scan with bin packing, max size: 4194304 bytes, open cost is considered as scanning 4194304 bytes.
[2025-04-03T22:26:48.043+0000] {spark_submit.py:645} INFO - 25/04/03 22:26:48 INFO SparkContext: Starting job: jdbc at NativeMethodAccessorImpl.java:0
[2025-04-03T22:26:48.063+0000] {spark_submit.py:645} INFO - 25/04/03 22:26:48 INFO DAGScheduler: Got job 4 (jdbc at NativeMethodAccessorImpl.java:0) with 1 output partitions
[2025-04-03T22:26:48.064+0000] {spark_submit.py:645} INFO - 25/04/03 22:26:48 INFO DAGScheduler: Final stage: ResultStage 4 (jdbc at NativeMethodAccessorImpl.java:0)
[2025-04-03T22:26:48.065+0000] {spark_submit.py:645} INFO - 25/04/03 22:26:48 INFO DAGScheduler: Parents of final stage: List()
[2025-04-03T22:26:48.065+0000] {spark_submit.py:645} INFO - 25/04/03 22:26:48 INFO DAGScheduler: Missing parents: List()
[2025-04-03T22:26:48.065+0000] {spark_submit.py:645} INFO - 25/04/03 22:26:48 INFO DAGScheduler: Submitting ResultStage 4 (MapPartitionsRDD[17] at jdbc at NativeMethodAccessorImpl.java:0), which has no missing parents
[2025-04-03T22:26:48.075+0000] {spark_submit.py:645} INFO - 25/04/03 22:26:48 INFO MemoryStore: Block broadcast_6 stored as values in memory (estimated size 35.5 KiB, free 434.1 MiB)
[2025-04-03T22:26:48.076+0000] {spark_submit.py:645} INFO - 25/04/03 22:26:48 INFO MemoryStore: Block broadcast_6_piece0 stored as bytes in memory (estimated size 15.6 KiB, free 434.1 MiB)
[2025-04-03T22:26:48.106+0000] {spark_submit.py:645} INFO - 25/04/03 22:26:48 INFO BlockManagerInfo: Added broadcast_6_piece0 in memory on 368b3be21c0d:41591 (size: 15.6 KiB, free: 434.3 MiB)
[2025-04-03T22:26:48.107+0000] {spark_submit.py:645} INFO - 25/04/03 22:26:48 INFO BlockManagerInfo: Removed broadcast_4_piece0 on 368b3be21c0d:41591 in memory (size: 14.7 KiB, free: 434.3 MiB)
[2025-04-03T22:26:48.108+0000] {spark_submit.py:645} INFO - 25/04/03 22:26:48 INFO BlockManagerInfo: Removed broadcast_4_piece0 on 172.18.0.5:43435 in memory (size: 14.7 KiB, free: 127.2 MiB)
[2025-04-03T22:26:48.113+0000] {spark_submit.py:645} INFO - 25/04/03 22:26:48 INFO SparkContext: Created broadcast 6 from broadcast at DAGScheduler.scala:1585
[2025-04-03T22:26:48.115+0000] {spark_submit.py:645} INFO - 25/04/03 22:26:48 INFO DAGScheduler: Submitting 1 missing tasks from ResultStage 4 (MapPartitionsRDD[17] at jdbc at NativeMethodAccessorImpl.java:0) (first 15 tasks are for partitions Vector(0))
[2025-04-03T22:26:48.118+0000] {spark_submit.py:645} INFO - 25/04/03 22:26:48 INFO TaskSchedulerImpl: Adding task set 4.0 with 1 tasks resource profile 0
[2025-04-03T22:26:48.118+0000] {spark_submit.py:645} INFO - 25/04/03 22:26:48 INFO TaskSetManager: Starting task 0.0 in stage 4.0 (TID 4) (172.18.0.4, executor 0, partition 0, PROCESS_LOCAL, 10046 bytes)
[2025-04-03T22:26:48.184+0000] {spark_submit.py:645} INFO - 25/04/03 22:26:48 INFO BlockManagerInfo: Added broadcast_6_piece0 in memory on 172.18.0.4:40827 (size: 15.6 KiB, free: 127.2 MiB)
[2025-04-03T22:26:53.400+0000] {spark_submit.py:645} INFO - 25/04/03 22:26:53 INFO BlockManagerInfo: Added broadcast_5_piece0 in memory on 172.18.0.4:40827 (size: 36.3 KiB, free: 127.1 MiB)
[2025-04-03T22:26:57.904+0000] {spark_submit.py:645} INFO - 25/04/03 22:26:57 INFO TaskSetManager: Finished task 0.0 in stage 4.0 (TID 4) in 9787 ms on 172.18.0.4 (executor 0) (1/1)
[2025-04-03T22:26:57.908+0000] {spark_submit.py:645} INFO - 25/04/03 22:26:57 INFO TaskSchedulerImpl: Removed TaskSet 4.0, whose tasks have all completed, from pool
[2025-04-03T22:26:57.908+0000] {spark_submit.py:645} INFO - 25/04/03 22:26:57 INFO DAGScheduler: ResultStage 4 (jdbc at NativeMethodAccessorImpl.java:0) finished in 9.862 s
[2025-04-03T22:26:57.911+0000] {spark_submit.py:645} INFO - 25/04/03 22:26:57 INFO DAGScheduler: Job 4 is finished. Cancelling potential speculative or zombie tasks for this job
[2025-04-03T22:26:57.912+0000] {spark_submit.py:645} INFO - 25/04/03 22:26:57 INFO TaskSchedulerImpl: Killing all running tasks in stage 4: Stage finished
[2025-04-03T22:26:57.913+0000] {spark_submit.py:645} INFO - 25/04/03 22:26:57 INFO DAGScheduler: Job 4 finished: jdbc at NativeMethodAccessorImpl.java:0, took 9.868974 s
[2025-04-03T22:26:57.930+0000] {spark_submit.py:645} INFO - 2025-04-03 22:26:57,930 - INFO - Escrevendo songs_df no Postgres!
[2025-04-03T22:26:58.014+0000] {spark_submit.py:645} INFO - 25/04/03 22:26:58 INFO FileSourceStrategy: Pushed Filters:
[2025-04-03T22:26:58.015+0000] {spark_submit.py:645} INFO - 25/04/03 22:26:58 INFO FileSourceStrategy: Post-Scan Filters:
[2025-04-03T22:26:58.065+0000] {spark_submit.py:645} INFO - 25/04/03 22:26:58 INFO CodeGenerator: Code generated in 32.290013 ms
[2025-04-03T22:26:58.071+0000] {spark_submit.py:645} INFO - 25/04/03 22:26:58 INFO MemoryStore: Block broadcast_7 stored as values in memory (estimated size 211.3 KiB, free 433.9 MiB)
[2025-04-03T22:26:58.161+0000] {spark_submit.py:645} INFO - 25/04/03 22:26:58 INFO MemoryStore: Block broadcast_7_piece0 stored as bytes in memory (estimated size 36.3 KiB, free 433.9 MiB)
[2025-04-03T22:26:58.163+0000] {spark_submit.py:645} INFO - 25/04/03 22:26:58 INFO BlockManagerInfo: Removed broadcast_5_piece0 on 172.18.0.4:40827 in memory (size: 36.3 KiB, free: 127.2 MiB)
[2025-04-03T22:26:58.164+0000] {spark_submit.py:645} INFO - 25/04/03 22:26:58 INFO BlockManagerInfo: Added broadcast_7_piece0 in memory on 368b3be21c0d:41591 (size: 36.3 KiB, free: 434.3 MiB)
[2025-04-03T22:26:58.165+0000] {spark_submit.py:645} INFO - 25/04/03 22:26:58 INFO SparkContext: Created broadcast 7 from jdbc at NativeMethodAccessorImpl.java:0
[2025-04-03T22:26:58.166+0000] {spark_submit.py:645} INFO - 25/04/03 22:26:58 INFO BlockManagerInfo: Removed broadcast_5_piece0 on 368b3be21c0d:41591 in memory (size: 36.3 KiB, free: 434.3 MiB)
[2025-04-03T22:26:58.167+0000] {spark_submit.py:645} INFO - 25/04/03 22:26:58 INFO FileSourceScanExec: Planning scan with bin packing, max size: 4194304 bytes, open cost is considered as scanning 4194304 bytes.
[2025-04-03T22:26:58.191+0000] {spark_submit.py:645} INFO - 25/04/03 22:26:58 INFO BlockManagerInfo: Removed broadcast_6_piece0 on 368b3be21c0d:41591 in memory (size: 15.6 KiB, free: 434.4 MiB)
[2025-04-03T22:26:58.193+0000] {spark_submit.py:645} INFO - 25/04/03 22:26:58 INFO BlockManagerInfo: Removed broadcast_6_piece0 on 172.18.0.4:40827 in memory (size: 15.6 KiB, free: 127.2 MiB)
[2025-04-03T22:26:58.204+0000] {spark_submit.py:645} INFO - 25/04/03 22:26:58 INFO SparkContext: Starting job: jdbc at NativeMethodAccessorImpl.java:0
[2025-04-03T22:26:58.206+0000] {spark_submit.py:645} INFO - 25/04/03 22:26:58 INFO DAGScheduler: Got job 5 (jdbc at NativeMethodAccessorImpl.java:0) with 1 output partitions
[2025-04-03T22:26:58.207+0000] {spark_submit.py:645} INFO - 25/04/03 22:26:58 INFO DAGScheduler: Final stage: ResultStage 5 (jdbc at NativeMethodAccessorImpl.java:0)
[2025-04-03T22:26:58.207+0000] {spark_submit.py:645} INFO - 25/04/03 22:26:58 INFO DAGScheduler: Parents of final stage: List()
[2025-04-03T22:26:58.207+0000] {spark_submit.py:645} INFO - 25/04/03 22:26:58 INFO DAGScheduler: Missing parents: List()
[2025-04-03T22:26:58.208+0000] {spark_submit.py:645} INFO - 25/04/03 22:26:58 INFO DAGScheduler: Submitting ResultStage 5 (MapPartitionsRDD[23] at jdbc at NativeMethodAccessorImpl.java:0), which has no missing parents
[2025-04-03T22:26:58.222+0000] {spark_submit.py:645} INFO - 25/04/03 22:26:58 INFO MemoryStore: Block broadcast_8 stored as values in memory (estimated size 38.0 KiB, free 434.1 MiB)
[2025-04-03T22:26:58.232+0000] {spark_submit.py:645} INFO - 25/04/03 22:26:58 INFO MemoryStore: Block broadcast_8_piece0 stored as bytes in memory (estimated size 16.5 KiB, free 434.1 MiB)
[2025-04-03T22:26:58.235+0000] {spark_submit.py:645} INFO - 25/04/03 22:26:58 INFO BlockManagerInfo: Added broadcast_8_piece0 in memory on 368b3be21c0d:41591 (size: 16.5 KiB, free: 434.3 MiB)
[2025-04-03T22:26:58.236+0000] {spark_submit.py:645} INFO - 25/04/03 22:26:58 INFO SparkContext: Created broadcast 8 from broadcast at DAGScheduler.scala:1585
[2025-04-03T22:26:58.237+0000] {spark_submit.py:645} INFO - 25/04/03 22:26:58 INFO DAGScheduler: Submitting 1 missing tasks from ResultStage 5 (MapPartitionsRDD[23] at jdbc at NativeMethodAccessorImpl.java:0) (first 15 tasks are for partitions Vector(0))
[2025-04-03T22:26:58.237+0000] {spark_submit.py:645} INFO - 25/04/03 22:26:58 INFO TaskSchedulerImpl: Adding task set 5.0 with 1 tasks resource profile 0
[2025-04-03T22:26:58.239+0000] {spark_submit.py:645} INFO - 25/04/03 22:26:58 INFO TaskSetManager: Starting task 0.0 in stage 5.0 (TID 5) (172.18.0.4, executor 1, partition 0, PROCESS_LOCAL, 10045 bytes)
[2025-04-03T22:26:58.499+0000] {spark_submit.py:645} INFO - 25/04/03 22:26:58 INFO BlockManagerInfo: Added broadcast_8_piece0 in memory on 172.18.0.4:42447 (size: 16.5 KiB, free: 127.2 MiB)
[2025-04-03T22:27:04.841+0000] {spark_submit.py:645} INFO - 25/04/03 22:27:04 INFO BlockManagerInfo: Added broadcast_7_piece0 in memory on 172.18.0.4:42447 (size: 36.3 KiB, free: 127.1 MiB)
[2025-04-03T22:27:08.889+0000] {spark_submit.py:645} INFO - 25/04/03 22:27:08 INFO TaskSetManager: Finished task 0.0 in stage 5.0 (TID 5) in 10651 ms on 172.18.0.4 (executor 1) (1/1)
[2025-04-03T22:27:08.890+0000] {spark_submit.py:645} INFO - 25/04/03 22:27:08 INFO TaskSchedulerImpl: Removed TaskSet 5.0, whose tasks have all completed, from pool
[2025-04-03T22:27:08.891+0000] {spark_submit.py:645} INFO - 25/04/03 22:27:08 INFO DAGScheduler: ResultStage 5 (jdbc at NativeMethodAccessorImpl.java:0) finished in 10.681 s
[2025-04-03T22:27:08.891+0000] {spark_submit.py:645} INFO - 25/04/03 22:27:08 INFO DAGScheduler: Job 5 is finished. Cancelling potential speculative or zombie tasks for this job
[2025-04-03T22:27:08.891+0000] {spark_submit.py:645} INFO - 25/04/03 22:27:08 INFO TaskSchedulerImpl: Killing all running tasks in stage 5: Stage finished
[2025-04-03T22:27:08.891+0000] {spark_submit.py:645} INFO - 25/04/03 22:27:08 INFO DAGScheduler: Job 5 finished: jdbc at NativeMethodAccessorImpl.java:0, took 10.685837 s
[2025-04-03T22:27:08.991+0000] {spark_submit.py:645} INFO - 2025-04-03 22:27:08,990 - INFO - Dados inseridos no PostgreSQL com sucesso!
[2025-04-03T22:27:08.991+0000] {spark_submit.py:645} INFO - 25/04/03 22:27:08 INFO SparkContext: SparkContext is stopping with exitCode 0.
[2025-04-03T22:27:09.002+0000] {spark_submit.py:645} INFO - 25/04/03 22:27:09 INFO SparkUI: Stopped Spark web UI at http://368b3be21c0d:4040
[2025-04-03T22:27:09.006+0000] {spark_submit.py:645} INFO - 25/04/03 22:27:09 INFO StandaloneSchedulerBackend: Shutting down all executors
[2025-04-03T22:27:09.010+0000] {spark_submit.py:645} INFO - 25/04/03 22:27:09 INFO StandaloneSchedulerBackend$StandaloneDriverEndpoint: Asking each executor to shut down
[2025-04-03T22:27:09.194+0000] {spark_submit.py:645} INFO - 25/04/03 22:27:09 INFO MapOutputTrackerMasterEndpoint: MapOutputTrackerMasterEndpoint stopped!
[2025-04-03T22:27:09.581+0000] {spark_submit.py:645} INFO - 25/04/03 22:27:09 INFO MemoryStore: MemoryStore cleared
[2025-04-03T22:27:09.591+0000] {spark_submit.py:645} INFO - 25/04/03 22:27:09 INFO BlockManager: BlockManager stopped
[2025-04-03T22:27:09.601+0000] {spark_submit.py:645} INFO - 25/04/03 22:27:09 INFO BlockManagerMaster: BlockManagerMaster stopped
[2025-04-03T22:27:09.605+0000] {spark_submit.py:645} INFO - 25/04/03 22:27:09 INFO OutputCommitCoordinator$OutputCommitCoordinatorEndpoint: OutputCommitCoordinator stopped!
[2025-04-03T22:27:09.659+0000] {spark_submit.py:645} INFO - 25/04/03 22:27:09 INFO SparkContext: Successfully stopped SparkContext
[2025-04-03T22:27:10.154+0000] {spark_submit.py:645} INFO - 2025-04-03 22:27:10,153 - INFO - Closing down clientserver connection
[2025-04-03T22:27:10.218+0000] {spark_submit.py:645} INFO - 25/04/03 22:27:10 INFO ShutdownHookManager: Shutdown hook called
[2025-04-03T22:27:10.219+0000] {spark_submit.py:645} INFO - 25/04/03 22:27:10 INFO ShutdownHookManager: Deleting directory /tmp/spark-81136af7-6273-43fc-97dd-493ca4f40909
[2025-04-03T22:27:10.266+0000] {spark_submit.py:645} INFO - 25/04/03 22:27:10 INFO ShutdownHookManager: Deleting directory /tmp/spark-81136af7-6273-43fc-97dd-493ca4f40909/pyspark-243b205d-c625-40e5-9d10-26bafe989585
[2025-04-03T22:27:10.291+0000] {spark_submit.py:645} INFO - 25/04/03 22:27:10 INFO ShutdownHookManager: Deleting directory /tmp/spark-048a9ff8-a255-4c5f-9f0c-89fff08de8e8
[2025-04-03T22:27:10.299+0000] {spark_submit.py:645} INFO - 25/04/03 22:27:10 INFO MetricsSystemImpl: Stopping s3a-file-system metrics system...
[2025-04-03T22:27:10.300+0000] {spark_submit.py:645} INFO - 25/04/03 22:27:10 INFO MetricsSystemImpl: s3a-file-system metrics system stopped.
[2025-04-03T22:27:10.300+0000] {spark_submit.py:645} INFO - 25/04/03 22:27:10 INFO MetricsSystemImpl: s3a-file-system metrics system shutdown complete.
[2025-04-03T22:27:10.344+0000] {taskinstance.py:441} INFO - ::group::Post task execution logs
[2025-04-03T22:27:10.357+0000] {taskinstance.py:1206} INFO - Marking task as SUCCESS. dag_id=etl_pipeline, task_id=minio_to_postgres_task, run_id=manual__2025-03-26T13:33:39.761724+00:00, execution_date=20250326T133339, start_date=20250403T222350, end_date=20250403T222710
[2025-04-03T22:27:10.448+0000] {local_task_job_runner.py:240} INFO - Task exited with return code 0
[2025-04-03T22:27:10.468+0000] {taskinstance.py:3503} INFO - 0 downstream tasks scheduled from follow-on schedule check
[2025-04-03T22:27:10.514+0000] {local_task_job_runner.py:222} INFO - ::endgroup::
