[2025-03-22T04:28:37.939+0000] {local_task_job_runner.py:120} INFO - ::group::Pre task execution logs
[2025-03-22T04:28:37.975+0000] {taskinstance.py:2076} INFO - Dependencies all met for dep_context=non-requeueable deps ti=<TaskInstance: spotify_etl_pipeline.fetch_data manual__2025-03-22T04:14:29.154761+00:00 [queued]>
[2025-03-22T04:28:37.983+0000] {taskinstance.py:2076} INFO - Dependencies all met for dep_context=requeueable deps ti=<TaskInstance: spotify_etl_pipeline.fetch_data manual__2025-03-22T04:14:29.154761+00:00 [queued]>
[2025-03-22T04:28:37.984+0000] {taskinstance.py:2306} INFO - Starting attempt 7 of 8
[2025-03-22T04:28:38.027+0000] {taskinstance.py:2330} INFO - Executing <Task(PythonOperator): fetch_data> on 2025-03-22 04:14:29.154761+00:00
[2025-03-22T04:28:38.032+0000] {standard_task_runner.py:63} INFO - Started process 332 to run task
[2025-03-22T04:28:38.035+0000] {standard_task_runner.py:90} INFO - Running: ['***', 'tasks', 'run', 'spotify_etl_pipeline', 'fetch_data', 'manual__2025-03-22T04:14:29.154761+00:00', '--job-id', '8', '--raw', '--subdir', 'DAGS_FOLDER/data_pipeline_dag.py', '--cfg-path', '/tmp/tmpa74ffgh4']
[2025-03-22T04:28:38.038+0000] {standard_task_runner.py:91} INFO - Job 8: Subtask fetch_data
[2025-03-22T04:28:38.119+0000] {task_command.py:426} INFO - Running <TaskInstance: spotify_etl_pipeline.fetch_data manual__2025-03-22T04:14:29.154761+00:00 [running]> on host ffe4e0703eb1
[2025-03-22T04:28:38.300+0000] {taskinstance.py:2648} INFO - Exporting env vars: AIRFLOW_CTX_DAG_OWNER='lobobranco' AIRFLOW_CTX_DAG_ID='spotify_etl_pipeline' AIRFLOW_CTX_TASK_ID='fetch_data' AIRFLOW_CTX_EXECUTION_DATE='2025-03-22T04:14:29.154761+00:00' AIRFLOW_CTX_TRY_NUMBER='7' AIRFLOW_CTX_DAG_RUN_ID='manual__2025-03-22T04:14:29.154761+00:00'
[2025-03-22T04:28:38.301+0000] {taskinstance.py:430} INFO - ::endgroup::
[2025-03-22T04:28:38.313+0000] {data_pipeline_dag.py:59} INFO - Iniciando ingestão de dados do Spotify
[2025-03-22T04:28:38.315+0000] {fetch_spotify_data.py:32} INFO - Spotify client iniciou com sucesso.
[2025-03-22T04:28:38.315+0000] {fetch_spotify_data.py:53} INFO - Buscando dados da playlist para URI: 5GNK6UZpTVUMuO4L1H7ums
[2025-03-22T04:28:38.600+0000] {cache_handler.py:100} WARNING - Couldn't write token to cache at: .cache
[2025-03-22T04:28:39.623+0000] {cache_handler.py:100} WARNING - Couldn't write token to cache at: .cache
[2025-03-22T04:28:40.440+0000] {cache_handler.py:100} WARNING - Couldn't write token to cache at: .cache
[2025-03-22T04:28:41.201+0000] {cache_handler.py:100} WARNING - Couldn't write token to cache at: .cache
[2025-03-22T04:28:41.829+0000] {fetch_spotify_data.py:65} INFO - Playlist data fetched successfully.
[2025-03-22T04:28:42.261+0000] {fetch_spotify_data.py:82} INFO - JSON salvo no MinIO: s3://raw/playlist_20250322_042841.json
[2025-03-22T04:28:42.265+0000] {python.py:237} INFO - Done. Returned value was: None
[2025-03-22T04:28:42.267+0000] {taskinstance.py:441} INFO - ::group::Post task execution logs
[2025-03-22T04:28:42.278+0000] {taskinstance.py:1206} INFO - Marking task as SUCCESS. dag_id=spotify_etl_pipeline, task_id=fetch_data, run_id=manual__2025-03-22T04:14:29.154761+00:00, execution_date=20250322T041429, start_date=20250322T042837, end_date=20250322T042842
[2025-03-22T04:28:42.343+0000] {local_task_job_runner.py:240} INFO - Task exited with return code 0
[2025-03-22T04:28:42.364+0000] {taskinstance.py:3503} INFO - 0 downstream tasks scheduled from follow-on schedule check
[2025-03-22T04:28:42.392+0000] {local_task_job_runner.py:222} INFO - ::endgroup::
